slurmstepd: error: couldn't chdir to `/home/rogercc/'/scratch/rogercc/cleanrl'': No such file or directory: going to /tmp instead
slurmstepd: error: couldn't chdir to `/home/rogercc/'/scratch/rogercc/cleanrl'': No such file or directory: going to /tmp instead
sending incremental file list
auto-cleanrl.sif

sent 4,938,043,507 bytes  received 35 bytes  19,176,868.12 bytes/sec
total size is 4,945,334,272  speedup is 1.00
/usr/local/lib/python3.10/dist-packages/treevalue/tree/integration/torch.py:23: FutureWarning: `torch.utils._pytree._register_pytree_node` is deprecated. Please use `torch.utils._pytree.register_pytree_node` instead.
  register_for_torch(TreeValue)
/usr/local/lib/python3.10/dist-packages/treevalue/tree/integration/torch.py:24: FutureWarning: `torch.utils._pytree._register_pytree_node` is deprecated. Please use `torch.utils._pytree.register_pytree_node` instead.
  register_for_torch(FastTreeValue)
Gym has been unmaintained since 2022 and does not support NumPy 2.0 amongst other critical functionality.
Please upgrade to Gymnasium, the maintained drop-in replacement of Gym, or contact the authors of your software and request that they upgrade.
See the migration guide at https://gymnasium.farama.org/introduction/migration_guide/ for additional information.
/usr/local/lib/python3.10/dist-packages/tyro/_parsers.py:353: UserWarning: The field `wandb-entity` is annotated with type `<class 'str'>`, but the default value `None` has type `<class 'NoneType'>`. We'll try to handle this gracefully, but it may cause unexpected behavior.
  warnings.warn(message)
Traceback (most recent call last):
  File "/src/cleanrl/pqn_atari_envpool_lstm_v2.py", line 273, in <module>
    q_values, next_lstm_state = q_network(next_obs, next_lstm_state, next_done)
  File "/usr/local/lib/python3.10/dist-packages/torch/nn/modules/module.py", line 1553, in _wrapped_call_impl
    return self._call_impl(*args, **kwargs)
  File "/usr/local/lib/python3.10/dist-packages/torch/nn/modules/module.py", line 1562, in _call_impl
    return forward_call(*args, **kwargs)
  File "/src/cleanrl/pqn_atari_envpool_lstm_v2.py", line 173, in forward
    hidden, lstm_state = self.get_states(x, lstm_state, done)
  File "/src/cleanrl/pqn_atari_envpool_lstm_v2.py", line 153, in get_states
    hidden = self.network(x / 255.0)
  File "/usr/local/lib/python3.10/dist-packages/torch/nn/modules/module.py", line 1553, in _wrapped_call_impl
    return self._call_impl(*args, **kwargs)
  File "/usr/local/lib/python3.10/dist-packages/torch/nn/modules/module.py", line 1562, in _call_impl
    return forward_call(*args, **kwargs)
  File "/usr/local/lib/python3.10/dist-packages/torch/nn/modules/container.py", line 219, in forward
    input = module(input)
  File "/usr/local/lib/python3.10/dist-packages/torch/nn/modules/module.py", line 1553, in _wrapped_call_impl
    return self._call_impl(*args, **kwargs)
  File "/usr/local/lib/python3.10/dist-packages/torch/nn/modules/module.py", line 1562, in _call_impl
    return forward_call(*args, **kwargs)
  File "/usr/local/lib/python3.10/dist-packages/torch/nn/modules/conv.py", line 458, in forward
    return self._conv_forward(input, self.weight, self.bias)
  File "/usr/local/lib/python3.10/dist-packages/torch/nn/modules/conv.py", line 454, in _conv_forward
    return F.conv2d(input, weight, bias, self.stride,
RuntimeError: Given groups=1, weight of size [32, 1, 8, 8], expected input[128, 4, 84, 84] to have 1 channels, but got 4 channels instead
slurmstepd: error: run_script_as_user: couldn't change working dir to /home/rogercc/'/scratch/rogercc/cleanrl': No such file or directory
