slurmstepd: error: couldn't chdir to `/home/rogercc/'/scratch/rogercc/cleanrl'': No such file or directory: going to /tmp instead
slurmstepd: error: couldn't chdir to `/home/rogercc/'/scratch/rogercc/cleanrl'': No such file or directory: going to /tmp instead
sending incremental file list
auto-cleanrl.sif

sent 4,938,196,675 bytes  received 35 bytes  173,270,060.00 bytes/sec
total size is 4,945,575,936  speedup is 1.00
/usr/local/lib/python3.10/dist-packages/treevalue/tree/integration/torch.py:23: FutureWarning: `torch.utils._pytree._register_pytree_node` is deprecated. Please use `torch.utils._pytree.register_pytree_node` instead.
  register_for_torch(TreeValue)
/usr/local/lib/python3.10/dist-packages/treevalue/tree/integration/torch.py:24: FutureWarning: `torch.utils._pytree._register_pytree_node` is deprecated. Please use `torch.utils._pytree.register_pytree_node` instead.
  register_for_torch(FastTreeValue)
Gym has been unmaintained since 2022 and does not support NumPy 2.0 amongst other critical functionality.
Please upgrade to Gymnasium, the maintained drop-in replacement of Gym, or contact the authors of your software and request that they upgrade.
See the migration guide at https://gymnasium.farama.org/introduction/migration_guide/ for additional information.
/usr/local/lib/python3.10/dist-packages/tyro/_parsers.py:353: UserWarning: The field `wandb-entity` is annotated with type `<class 'str'>`, but the default value `None` has type `<class 'NoneType'>`. We'll try to handle this gracefully, but it may cause unexpected behavior.
  warnings.warn(message)
/usr/local/lib/python3.10/dist-packages/tyro/_parsers.py:353: UserWarning: The field `target-kl` is annotated with type `<class 'float'>`, but the default value `None` has type `<class 'NoneType'>`. We'll try to handle this gracefully, but it may cause unexpected behavior.
  warnings.warn(message)
SPS: 1665
SPS: 2495
SPS: 2856
SPS: 3105
SPS: 3334
SPS: 3517
SPS: 3606
SPS: 3747
SPS: 3826
SPS: 3911
SPS: 3975
SPS: 4022
SPS: 4068
SPS: 4105
SPS: 4134
SPS: 4161
SPS: 4183
SPS: 4216
SPS: 4225
SPS: 4230
SPS: 4232
SPS: 4221
SPS: 4220
SPS: 4204
SPS: 4211
SPS: 4208
SPS: 4211
SPS: 4218
SPS: 4227
SPS: 4230
SPS: 4231
SPS: 4237
SPS: 4238
SPS: 4248
SPS: 4258
SPS: 4259
SPS: 4245
SPS: 4236
SPS: 4239
SPS: 4250
SPS: 4258
SPS: 4262
SPS: 4267
SPS: 4268
SPS: 4263
SPS: 4260
SPS: 4255
SPS: 4255
SPS: 4261
SPS: 4264
SPS: 4262
SPS: 4257
SPS: 4254
SPS: 4251
SPS: 4247
SPS: 4238
SPS: 4236
SPS: 4238
global_step=240000, episodic_return=-16.0 (n=128)
SPS: 4237
SPS: 4232
SPS: 4226
SPS: 4221
SPS: 4223
SPS: 4220
SPS: 4220
SPS: 4222
SPS: 4221
SPS: 4222
SPS: 4225
SPS: 4226
SPS: 4227
SPS: 4224
SPS: 4229
SPS: 4228
SPS: 4230
SPS: 4231
SPS: 4234
SPS: 4235
SPS: 4232
SPS: 4233
SPS: 4234
SPS: 4238
SPS: 4241
SPS: 4243
SPS: 4247
SPS: 4253
SPS: 4257
SPS: 4261
SPS: 4264
SPS: 4267
SPS: 4271
SPS: 4274
SPS: 4275
SPS: 4277
SPS: 4281
SPS: 4284
SPS: 4285
SPS: 4288
SPS: 4289
SPS: 4295
SPS: 4300
SPS: 4301
SPS: 4302
SPS: 4301
SPS: 4301
SPS: 4300
SPS: 4298
SPS: 4301
SPS: 4303
SPS: 4307
SPS: 4308
SPS: 4309
SPS: 4308
SPS: 4309
SPS: 4309
SPS: 4314
SPS: 4316
SPS: 4318
SPS: 4317
SPS: 4316
SPS: 4313
SPS: 4309
SPS: 4306
global_step=506368, episodic_return=-18.0 (n=128)
SPS: 4306
SPS: 4305
SPS: 4303
SPS: 4302
SPS: 4301
SPS: 4297
SPS: 4292
SPS: 4293
SPS: 4288
SPS: 4289
SPS: 4291
SPS: 4293
SPS: 4296
SPS: 4299
SPS: 4302
SPS: 4301
SPS: 4301
SPS: 4301
SPS: 4302
SPS: 4306
SPS: 4307
SPS: 4309
SPS: 4308
SPS: 4309
SPS: 4309
SPS: 4312
SPS: 4313
SPS: 4316
SPS: 4315
SPS: 4315
SPS: 4313
SPS: 4313
SPS: 4314
SPS: 4312
SPS: 4310
SPS: 4311
SPS: 4313
SPS: 4314
SPS: 4317
SPS: 4314
SPS: 4314
SPS: 4312
SPS: 4310
SPS: 4308
SPS: 4305
SPS: 4302
SPS: 4303
global_step=696448, episodic_return=-20.0 (n=128)
SPS: 4300
SPS: 4299
SPS: 4297
SPS: 4296
SPS: 4297
SPS: 4298
SPS: 4299
SPS: 4302
SPS: 4303
SPS: 4305
SPS: 4307
SPS: 4308
SPS: 4311
SPS: 4312
SPS: 4311
SPS: 4312
SPS: 4311
SPS: 4312
SPS: 4314
SPS: 4314
SPS: 4314
SPS: 4315
SPS: 4315
SPS: 4315
SPS: 4314
SPS: 4314
SPS: 4314
SPS: 4315
SPS: 4314
SPS: 4315
SPS: 4314
SPS: 4313
SPS: 4313
SPS: 4315
SPS: 4315
SPS: 4316
SPS: 4317
SPS: 4317
SPS: 4316
SPS: 4316
SPS: 4316
SPS: 4316
SPS: 4315
SPS: 4315
SPS: 4316
SPS: 4316
SPS: 4317
global_step=890112, episodic_return=-20.0 (n=128)
SPS: 4318
SPS: 4318
SPS: 4317
SPS: 4316
SPS: 4315
SPS: 4316
SPS: 4317
SPS: 4318
SPS: 4321
SPS: 4323
SPS: 4324
SPS: 4325
SPS: 4326
SPS: 4327
SPS: 4328
SPS: 4329
SPS: 4331
SPS: 4333
SPS: 4332
SPS: 4332
SPS: 4332
SPS: 4332
SPS: 4332
SPS: 4333
SPS: 4335
SPS: 4336
SPS: 4337
SPS: 4338
SPS: 4340
SPS: 4341
SPS: 4341
SPS: 4342
SPS: 4343
SPS: 4344
SPS: 4346
SPS: 4346
SPS: 4347
SPS: 4348
SPS: 4349
SPS: 4351
SPS: 4352
SPS: 4354
SPS: 4355
SPS: 4355
SPS: 4355
SPS: 4357
SPS: 4357
SPS: 4358
SPS: 4359
SPS: 4360
SPS: 4360
SPS: 4360
SPS: 4361
SPS: 4360
SPS: 4359
SPS: 4358
SPS: 4359
SPS: 4361
SPS: 4360
SPS: 4359
SPS: 4359
SPS: 4359
SPS: 4359
SPS: 4359
SPS: 4359
SPS: 4359
SPS: 4360
global_step=1165568, episodic_return=-22.0 (n=128)
SPS: 4360
SPS: 4360
SPS: 4360
SPS: 4359
SPS: 4358
SPS: 4358
SPS: 4357
SPS: 4358
SPS: 4359
SPS: 4360
SPS: 4357
SPS: 4358
SPS: 4358
SPS: 4359
SPS: 4359
SPS: 4360
SPS: 4361
SPS: 4362
SPS: 4361
SPS: 4361
SPS: 4361
SPS: 4360
SPS: 4360
SPS: 4360
SPS: 4359
SPS: 4361
SPS: 4362
SPS: 4362
SPS: 4364
SPS: 4365
SPS: 4365
SPS: 4366
SPS: 4367
SPS: 4366
SPS: 4366
SPS: 4366
SPS: 4367
SPS: 4367
SPS: 4368
SPS: 4367
SPS: 4367
SPS: 4368
SPS: 4369
SPS: 4371
SPS: 4372
SPS: 4374
SPS: 4375
SPS: 4373
SPS: 4372
SPS: 4371
SPS: 4372
SPS: 4373
SPS: 4374
SPS: 4375
SPS: 4376
SPS: 4376
SPS: 4377
SPS: 4378
SPS: 4379
SPS: 4379
SPS: 4380
SPS: 4381
SPS: 4381
SPS: 4383
global_step=1425664, episodic_return=-18.0 (n=128)
SPS: 4383
SPS: 4384
SPS: 4385
SPS: 4385
SPS: 4386
SPS: 4387
SPS: 4387
SPS: 4387
SPS: 4387
SPS: 4387
SPS: 4387
SPS: 4387
SPS: 4386
SPS: 4386
SPS: 4387
SPS: 4389
SPS: 4390
SPS: 4390
SPS: 4391
SPS: 4393
SPS: 4394
SPS: 4394
SPS: 4395
SPS: 4395
SPS: 4395
SPS: 4396
SPS: 4397
SPS: 4398
SPS: 4398
SPS: 4398
SPS: 4399
SPS: 4400
SPS: 4401
SPS: 4401
SPS: 4402
SPS: 4402
SPS: 4401
SPS: 4402
SPS: 4402
SPS: 4400
SPS: 4399
SPS: 4398
SPS: 4397
SPS: 4396
SPS: 4395
SPS: 4394
SPS: 4393
global_step=1620096, episodic_return=-16.0 (n=128)
SPS: 4392
SPS: 4392
SPS: 4391
SPS: 4390
SPS: 4383
SPS: 4383
SPS: 4383
SPS: 4384
SPS: 4384
SPS: 4384
SPS: 4385
SPS: 4386
SPS: 4387
SPS: 4388
SPS: 4389
SPS: 4389
SPS: 4390
SPS: 4391
SPS: 4391
SPS: 4392
SPS: 4392
SPS: 4392
SPS: 4391
SPS: 4392
SPS: 4392
SPS: 4393
SPS: 4392
SPS: 4390
SPS: 4389
SPS: 4389
SPS: 4388
SPS: 4387
SPS: 4387
SPS: 4387
SPS: 4386
SPS: 4386
SPS: 4386
SPS: 4385
SPS: 4385
SPS: 4384
SPS: 4383
SPS: 4382
SPS: 4380
SPS: 4379
SPS: 4379
SPS: 4378
SPS: 4379
global_step=1812224, episodic_return=-20.0 (n=128)
SPS: 4379
SPS: 4379
SPS: 4379
SPS: 4380
SPS: 4381
SPS: 4381
SPS: 4382
SPS: 4381
SPS: 4381
SPS: 4382
SPS: 4381
SPS: 4381
SPS: 4380
SPS: 4381
SPS: 4381
SPS: 4381
SPS: 4382
SPS: 4382
SPS: 4382
SPS: 4383
SPS: 4383
SPS: 4382
SPS: 4383
SPS: 4383
SPS: 4383
SPS: 4383
SPS: 4382
SPS: 4382
SPS: 4382
SPS: 4383
SPS: 4383
SPS: 4383
SPS: 4384
SPS: 4384
SPS: 4384
SPS: 4384
SPS: 4384
SPS: 4384
SPS: 4384
SPS: 4384
SPS: 4384
SPS: 4383
SPS: 4383
SPS: 4382
SPS: 4381
SPS: 4381
SPS: 4382
SPS: 4382
SPS: 4382
SPS: 4381
SPS: 4382
SPS: 4381
SPS: 4381
SPS: 4381
SPS: 4380
SPS: 4380
SPS: 4380
SPS: 4381
SPS: 4381
global_step=2052736, episodic_return=-14.0 (n=128)
SPS: 4380
SPS: 4380
SPS: 4379
SPS: 4379
SPS: 4378
SPS: 4379
SPS: 4379
SPS: 4379
SPS: 4378
SPS: 4379
SPS: 4378
SPS: 4378
SPS: 4377
SPS: 4377
SPS: 4376
SPS: 4376
SPS: 4376
SPS: 4375
SPS: 4375
SPS: 4374
SPS: 4374
SPS: 4374
SPS: 4375
SPS: 4375
SPS: 4374
SPS: 4374
SPS: 4374
SPS: 4374
SPS: 4374
SPS: 4374
SPS: 4374
SPS: 4373
SPS: 4374
SPS: 4374
SPS: 4374
SPS: 4374
SPS: 4374
SPS: 4374
SPS: 4374
SPS: 4374
SPS: 4373
SPS: 4374
SPS: 4373
SPS: 4372
SPS: 4372
SPS: 4373
SPS: 4373
SPS: 4374
SPS: 4374
SPS: 4375
SPS: 4375
SPS: 4375
SPS: 4375
SPS: 4376
SPS: 4375
global_step=2277888, episodic_return=-18.0 (n=128)
SPS: 4375
SPS: 4374
SPS: 4374
SPS: 4374
SPS: 4374
SPS: 4373
SPS: 4372
SPS: 4372
SPS: 4372
SPS: 4372
SPS: 4372
SPS: 4370
SPS: 4371
SPS: 4370
SPS: 4370
SPS: 4370
SPS: 4370
SPS: 4370
SPS: 4370
SPS: 4370
SPS: 4370
SPS: 4369
SPS: 4368
SPS: 4368
SPS: 4368
SPS: 4369
SPS: 4369
SPS: 4370
SPS: 4370
SPS: 4370
SPS: 4370
SPS: 4370
SPS: 4369
SPS: 4369
SPS: 4368
SPS: 4368
SPS: 4368
SPS: 4368
SPS: 4368
SPS: 4368
SPS: 4368
SPS: 4368
SPS: 4368
SPS: 4368
SPS: 4368
SPS: 4367
SPS: 4367
SPS: 4366
SPS: 4365
SPS: 4366
global_step=2486272, episodic_return=-16.0 (n=128)
SPS: 4365
SPS: 4364
SPS: 4365
SPS: 4365
SPS: 4366
SPS: 4365
SPS: 4365
SPS: 4365
SPS: 4365
SPS: 4365
SPS: 4365
SPS: 4365
SPS: 4364
SPS: 4364
SPS: 4364
SPS: 4365
SPS: 4365
SPS: 4365
SPS: 4366
SPS: 4366
SPS: 4366
SPS: 4367
SPS: 4367
SPS: 4366
SPS: 4367
SPS: 4366
SPS: 4366
SPS: 4366
SPS: 4366
SPS: 4366
SPS: 4364
SPS: 4364
SPS: 4363
SPS: 4362
SPS: 4362
SPS: 4361
SPS: 4361
SPS: 4360
SPS: 4361
SPS: 4361
SPS: 4360
SPS: 4360
SPS: 4360
SPS: 4360
SPS: 4360
SPS: 4360
SPS: 4360
SPS: 4360
SPS: 4360
SPS: 4360
global_step=2689408, episodic_return=-18.0 (n=128)
SPS: 4359
SPS: 4358
SPS: 4358
SPS: 4357
SPS: 4357
SPS: 4357
SPS: 4358
SPS: 4358
SPS: 4358
SPS: 4358
SPS: 4359
SPS: 4360
SPS: 4359
SPS: 4359
SPS: 4358
SPS: 4358
SPS: 4357
SPS: 4357
SPS: 4357
SPS: 4357
SPS: 4357
SPS: 4356
SPS: 4355
SPS: 4355
SPS: 4355
SPS: 4354
SPS: 4354
SPS: 4354
SPS: 4353
SPS: 4353
SPS: 4352
SPS: 4352
SPS: 4352
SPS: 4352
SPS: 4352
SPS: 4352
SPS: 4352
SPS: 4352
SPS: 4352
SPS: 4352
SPS: 4353
SPS: 4353
SPS: 4354
SPS: 4354
SPS: 4354
SPS: 4354
SPS: 4354
SPS: 4354
SPS: 4355
SPS: 4355
SPS: 4355
SPS: 4355
SPS: 4355
SPS: 4356
SPS: 4356
SPS: 4355
SPS: 4355
SPS: 4355
SPS: 4355
SPS: 4355
SPS: 4355
SPS: 4356
SPS: 4356
SPS: 4356
SPS: 4357
SPS: 4357
SPS: 4357
SPS: 4358
global_step=2966272, episodic_return=-14.0 (n=128)
SPS: 4358
SPS: 4358
SPS: 4359
SPS: 4359
SPS: 4360
SPS: 4360
SPS: 4360
SPS: 4361
SPS: 4361
SPS: 4361
SPS: 4361
SPS: 4362
SPS: 4362
SPS: 4362
SPS: 4362
SPS: 4362
SPS: 4363
SPS: 4363
SPS: 4363
SPS: 4364
SPS: 4364
SPS: 4365
SPS: 4365
SPS: 4366
SPS: 4366
SPS: 4366
SPS: 4366
SPS: 4367
SPS: 4367
SPS: 4368
SPS: 4369
SPS: 4368
SPS: 4368
SPS: 4368
SPS: 4368
SPS: 4368
SPS: 4368
SPS: 4367
SPS: 4367
SPS: 4367
SPS: 4367
SPS: 4367
SPS: 4367
SPS: 4366
SPS: 4366
SPS: 4365
SPS: 4365
SPS: 4365
SPS: 4365
SPS: 4365
SPS: 4364
SPS: 4364
SPS: 4364
SPS: 4364
SPS: 4364
global_step=3191808, episodic_return=-16.0 (n=128)
SPS: 4364
SPS: 4365
SPS: 4365
SPS: 4366
SPS: 4367
SPS: 4367
SPS: 4368
SPS: 4368
SPS: 4369
SPS: 4368
SPS: 4367
SPS: 4368
SPS: 4369
SPS: 4369
SPS: 4369
SPS: 4370
SPS: 4369
SPS: 4370
SPS: 4370
SPS: 4371
SPS: 4371
SPS: 4372
SPS: 4372
SPS: 4373
SPS: 4373
SPS: 4373
SPS: 4374
SPS: 4374
SPS: 4374
SPS: 4374
SPS: 4374
SPS: 4373
SPS: 4374
SPS: 4374
SPS: 4374
SPS: 4374
SPS: 4374
SPS: 4374
SPS: 4374
SPS: 4374
SPS: 4374
SPS: 4374
SPS: 4374
SPS: 4374
SPS: 4374
SPS: 4374
SPS: 4374
SPS: 4374
SPS: 4375
SPS: 4375
SPS: 4375
SPS: 4376
SPS: 4376
SPS: 4377
SPS: 4377
SPS: 4377
SPS: 4377
SPS: 4378
SPS: 4379
SPS: 4379
SPS: 4379
SPS: 4380
SPS: 4380
global_step=3450752, episodic_return=-14.0 (n=128)
SPS: 4380
SPS: 4381
SPS: 4381
SPS: 4381
SPS: 4381
SPS: 4381
SPS: 4382
SPS: 4382
SPS: 4382
SPS: 4382
SPS: 4382
SPS: 4382
SPS: 4382
SPS: 4382
SPS: 4382
SPS: 4381
SPS: 4381
SPS: 4381
SPS: 4382
SPS: 4382
SPS: 4382
SPS: 4383
SPS: 4383
SPS: 4384
SPS: 4384
SPS: 4385
SPS: 4386
SPS: 4386
SPS: 4386
SPS: 4387
SPS: 4387
SPS: 4388
SPS: 4388
SPS: 4389
SPS: 4389
SPS: 4390
SPS: 4390
SPS: 4390
SPS: 4391
SPS: 4391
SPS: 4391
SPS: 4392
SPS: 4392
SPS: 4392
SPS: 4393
SPS: 4393
SPS: 4393
SPS: 4394
SPS: 4394
SPS: 4395
SPS: 4395
SPS: 4395
SPS: 4395
SPS: 4396
SPS: 4396
SPS: 4396
SPS: 4396
SPS: 4396
SPS: 4396
SPS: 4397
SPS: 4397
SPS: 4397
SPS: 4398
global_step=3710848, episodic_return=-18.0 (n=128)
SPS: 4398
SPS: 4397
SPS: 4397
SPS: 4397
SPS: 4397
SPS: 4396
SPS: 4396
SPS: 4396
SPS: 4396
SPS: 4396
SPS: 4396
SPS: 4396
SPS: 4395
SPS: 4395
SPS: 4395
SPS: 4395
SPS: 4395
SPS: 4395
SPS: 4395
SPS: 4395
SPS: 4394
SPS: 4393
SPS: 4393
SPS: 4393
SPS: 4393
SPS: 4393
SPS: 4393
SPS: 4392
SPS: 4393
SPS: 4392
SPS: 4393
SPS: 4393
SPS: 4393
SPS: 4393
SPS: 4394
SPS: 4393
SPS: 4393
SPS: 4393
SPS: 4393
SPS: 4393
SPS: 4393
SPS: 4393
SPS: 4393
SPS: 4393
SPS: 4393
SPS: 4393
SPS: 4393
SPS: 4393
SPS: 4392
SPS: 4392
SPS: 4392
SPS: 4392
SPS: 4392
SPS: 4392
SPS: 4392
SPS: 4392
SPS: 4392
SPS: 4392
SPS: 4392
SPS: 4392
SPS: 4391
SPS: 4392
SPS: 4392
SPS: 4392
SPS: 4391
SPS: 4392
global_step=3977472, episodic_return=-22.0 (n=128)
SPS: 4391
SPS: 4391
SPS: 4391
SPS: 4391
SPS: 4391
SPS: 4391
SPS: 4391
SPS: 4391
SPS: 4391
SPS: 4391
SPS: 4390
SPS: 4390
SPS: 4390
SPS: 4390
SPS: 4390
SPS: 4390
SPS: 4389
SPS: 4389
SPS: 4389
SPS: 4389
SPS: 4389
SPS: 4389
SPS: 4389
SPS: 4389
SPS: 4389
SPS: 4390
SPS: 4390
SPS: 4390
SPS: 4390
SPS: 4390
SPS: 4389
SPS: 4389
SPS: 4390
SPS: 4390
SPS: 4390
SPS: 4389
SPS: 4389
SPS: 4389
SPS: 4389
SPS: 4388
SPS: 4388
SPS: 4388
SPS: 4388
SPS: 4387
SPS: 4387
SPS: 4387
SPS: 4387
SPS: 4387
SPS: 4387
SPS: 4387
SPS: 4386
SPS: 4386
SPS: 4386
SPS: 4386
SPS: 4385
SPS: 4385
SPS: 4385
SPS: 4385
SPS: 4385
global_step=4219520, episodic_return=-20.0 (n=128)
SPS: 4385
SPS: 4385
SPS: 4384
SPS: 4384
SPS: 4384
SPS: 4383
SPS: 4383
SPS: 4382
SPS: 4382
SPS: 4382
SPS: 4381
SPS: 4381
SPS: 4381
SPS: 4381
SPS: 4381
SPS: 4382
SPS: 4382
SPS: 4382
SPS: 4382
SPS: 4383
SPS: 4383
SPS: 4383
SPS: 4383
SPS: 4384
SPS: 4384
SPS: 4384
SPS: 4385
SPS: 4385
SPS: 4385
SPS: 4385
SPS: 4385
SPS: 4386
SPS: 4386
SPS: 4385
SPS: 4385
SPS: 4384
SPS: 4384
SPS: 4385
SPS: 4385
SPS: 4385
SPS: 4385
SPS: 4386
SPS: 4386
SPS: 4386
SPS: 4387
SPS: 4387
SPS: 4387
SPS: 4387
SPS: 4388
SPS: 4388
SPS: 4388
SPS: 4388
SPS: 4388
SPS: 4388
SPS: 4388
SPS: 4388
SPS: 4388
global_step=4452864, episodic_return=-18.0 (n=128)
SPS: 4388
SPS: 4388
SPS: 4389
SPS: 4389
SPS: 4389
SPS: 4388
SPS: 4388
SPS: 4388
SPS: 4388
SPS: 4388
SPS: 4387
SPS: 4387
SPS: 4387
SPS: 4386
SPS: 4386
SPS: 4386
SPS: 4385
SPS: 4385
SPS: 4385
SPS: 4385
SPS: 4385
SPS: 4385
SPS: 4385
SPS: 4385
SPS: 4386
SPS: 4386
SPS: 4386
SPS: 4387
SPS: 4387
SPS: 4387
SPS: 4387
SPS: 4387
SPS: 4387
SPS: 4388
SPS: 4388
SPS: 4388
SPS: 4388
SPS: 4389
SPS: 4389
SPS: 4389
SPS: 4389
SPS: 4389
SPS: 4389
SPS: 4390
SPS: 4390
SPS: 4390
SPS: 4390
SPS: 4390
SPS: 4391
SPS: 4391
SPS: 4390
SPS: 4390
SPS: 4390
SPS: 4390
SPS: 4390
global_step=4679936, episodic_return=-18.0 (n=128)
SPS: 4390
SPS: 4389
SPS: 4390
SPS: 4390
SPS: 4390
SPS: 4390
SPS: 4389
SPS: 4390
SPS: 4390
SPS: 4390
SPS: 4390
SPS: 4390
SPS: 4391
SPS: 4391
SPS: 4391
SPS: 4391
SPS: 4392
SPS: 4392
SPS: 4392
SPS: 4392
SPS: 4392
SPS: 4393
SPS: 4393
SPS: 4393
SPS: 4393
SPS: 4393
SPS: 4394
SPS: 4394
SPS: 4394
SPS: 4394
SPS: 4394
SPS: 4395
SPS: 4395
SPS: 4395
SPS: 4395
SPS: 4395
SPS: 4395
SPS: 4395
SPS: 4396
SPS: 4396
SPS: 4396
SPS: 4396
SPS: 4396
SPS: 4397
SPS: 4397
SPS: 4397
SPS: 4397
SPS: 4397
SPS: 4398
SPS: 4398
SPS: 4398
SPS: 4399
SPS: 4399
SPS: 4399
global_step=4899584, episodic_return=-20.0 (n=128)
SPS: 4399
SPS: 4399
SPS: 4399
SPS: 4399
SPS: 4400
SPS: 4400
SPS: 4400
SPS: 4400
SPS: 4401
SPS: 4401
SPS: 4401
SPS: 4401
SPS: 4402
SPS: 4402
SPS: 4402
SPS: 4402
SPS: 4402
SPS: 4403
SPS: 4403
SPS: 4403
SPS: 4403
SPS: 4403
SPS: 4403
SPS: 4404
SPS: 4404
SPS: 4404
SPS: 4404
SPS: 4404
SPS: 4404
SPS: 4405
SPS: 4405
SPS: 4405
SPS: 4405
SPS: 4405
SPS: 4405
SPS: 4405
SPS: 4405
SPS: 4406
SPS: 4406
SPS: 4406
SPS: 4406
SPS: 4406
SPS: 4406
SPS: 4407
SPS: 4407
SPS: 4407
SPS: 4407
SPS: 4407
SPS: 4408
SPS: 4408
SPS: 4408
SPS: 4408
SPS: 4408
SPS: 4409
SPS: 4409
SPS: 4409
SPS: 4409
SPS: 4410
SPS: 4410
global_step=5141376, episodic_return=-20.0 (n=128)
SPS: 4410
SPS: 4410
SPS: 4410
SPS: 4410
SPS: 4411
SPS: 4411
SPS: 4411
SPS: 4412
SPS: 4412
SPS: 4412
SPS: 4412
SPS: 4412
SPS: 4412
SPS: 4413
SPS: 4413
SPS: 4413
SPS: 4413
SPS: 4413
SPS: 4413
SPS: 4413
SPS: 4414
SPS: 4414
SPS: 4414
SPS: 4414
SPS: 4414
SPS: 4414
SPS: 4415
SPS: 4415
SPS: 4415
SPS: 4415
SPS: 4415
SPS: 4416
SPS: 4416
SPS: 4416
SPS: 4416
SPS: 4417
SPS: 4417
SPS: 4417
SPS: 4417
SPS: 4417
SPS: 4417
SPS: 4418
SPS: 4418
SPS: 4418
SPS: 4418
SPS: 4418
SPS: 4418
SPS: 4417
SPS: 4417
SPS: 4417
SPS: 4417
SPS: 4417
SPS: 4417
SPS: 4416
SPS: 4416
SPS: 4416
SPS: 4416
SPS: 4416
SPS: 4416
SPS: 4416
SPS: 4416
SPS: 4416
SPS: 4416
global_step=5400704, episodic_return=-22.0 (n=128)
SPS: 4416
SPS: 4416
SPS: 4416
SPS: 4416
SPS: 4416
SPS: 4416
SPS: 4415
SPS: 4415
SPS: 4415
SPS: 4414
SPS: 4414
SPS: 4414
SPS: 4414
SPS: 4414
SPS: 4414
SPS: 4413
SPS: 4413
SPS: 4413
SPS: 4413
SPS: 4413
SPS: 4413
SPS: 4413
SPS: 4413
SPS: 4413
SPS: 4413
SPS: 4413
SPS: 4413
SPS: 4413
SPS: 4412
SPS: 4412
SPS: 4412
SPS: 4412
SPS: 4412
SPS: 4412
SPS: 4411
SPS: 4411
SPS: 4411
SPS: 4411
SPS: 4412
SPS: 4412
SPS: 4412
SPS: 4412
SPS: 4412
SPS: 4412
SPS: 4413
SPS: 4413
SPS: 4413
SPS: 4413
SPS: 4413
SPS: 4413
SPS: 4413
SPS: 4413
SPS: 4413
SPS: 4413
SPS: 4413
SPS: 4413
SPS: 4412
SPS: 4412
SPS: 4412
SPS: 4412
SPS: 4412
global_step=5652224, episodic_return=-22.0 (n=128)
SPS: 4412
SPS: 4412
SPS: 4412
SPS: 4412
SPS: 4412
SPS: 4412
SPS: 4412
SPS: 4412
SPS: 4411
SPS: 4411
SPS: 4411
SPS: 4411
SPS: 4411
SPS: 4411
SPS: 4411
SPS: 4411
SPS: 4411
SPS: 4411
SPS: 4410
SPS: 4410
SPS: 4410
SPS: 4410
SPS: 4410
SPS: 4410
SPS: 4410
SPS: 4409
SPS: 4409
SPS: 4409
SPS: 4409
SPS: 4409
SPS: 4408
SPS: 4408
SPS: 4408
SPS: 4408
SPS: 4408
SPS: 4408
SPS: 4407
SPS: 4407
SPS: 4407
SPS: 4407
SPS: 4407
SPS: 4407
SPS: 4407
SPS: 4407
SPS: 4407
SPS: 4407
SPS: 4406
SPS: 4406
SPS: 4406
SPS: 4406
SPS: 4406
global_step=5860224, episodic_return=-18.0 (n=128)
SPS: 4405
SPS: 4405
SPS: 4405
SPS: 4405
SPS: 4405
SPS: 4404
SPS: 4404
SPS: 4404
SPS: 4404
SPS: 4404
SPS: 4404
SPS: 4403
SPS: 4403
SPS: 4403
SPS: 4403
SPS: 4403
SPS: 4403
SPS: 4403
SPS: 4402
SPS: 4402
SPS: 4402
SPS: 4402
SPS: 4401
SPS: 4401
SPS: 4401
SPS: 4401
SPS: 4401
SPS: 4401
SPS: 4401
SPS: 4402
SPS: 4402
SPS: 4401
SPS: 4401
SPS: 4401
SPS: 4401
SPS: 4401
SPS: 4401
SPS: 4401
SPS: 4401
SPS: 4401
SPS: 4400
SPS: 4400
SPS: 4400
SPS: 4400
SPS: 4400
SPS: 4400
SPS: 4401
SPS: 4401
SPS: 4401
SPS: 4400
SPS: 4400
SPS: 4400
SPS: 4400
SPS: 4400
SPS: 4400
SPS: 4400
SPS: 4400
SPS: 4400
SPS: 4400
SPS: 4400
SPS: 4401
SPS: 4401
SPS: 4401
SPS: 4401
SPS: 4401
SPS: 4400
SPS: 4400
SPS: 4400
SPS: 4400
SPS: 4400
SPS: 4400
SPS: 4400
SPS: 4400
SPS: 4399
global_step=6160768, episodic_return=-18.0 (n=128)
SPS: 4399
SPS: 4399
SPS: 4399
SPS: 4399
SPS: 4399
SPS: 4399
SPS: 4399
SPS: 4399
SPS: 4400
SPS: 4399
SPS: 4399
SPS: 4399
SPS: 4400
SPS: 4400
SPS: 4400
SPS: 4400
SPS: 4400
SPS: 4400
SPS: 4400
SPS: 4400
SPS: 4400
SPS: 4399
SPS: 4399
SPS: 4399
SPS: 4399
SPS: 4399
SPS: 4398
SPS: 4398
SPS: 4398
SPS: 4398
SPS: 4398
SPS: 4398
SPS: 4398
SPS: 4398
SPS: 4399
SPS: 4399
SPS: 4399
SPS: 4399
SPS: 4399
SPS: 4399
SPS: 4400
SPS: 4400
SPS: 4400
SPS: 4400
SPS: 4400
SPS: 4400
SPS: 4400
SPS: 4400
SPS: 4400
SPS: 4400
SPS: 4401
SPS: 4401
SPS: 4401
SPS: 4401
SPS: 4401
SPS: 4401
SPS: 4401
SPS: 4401
SPS: 4401
SPS: 4401
SPS: 4401
SPS: 4401
SPS: 4400
SPS: 4400
SPS: 4400
SPS: 4400
SPS: 4400
SPS: 4400
SPS: 4400
SPS: 4400
SPS: 4400
SPS: 4401
SPS: 4401
SPS: 4401
SPS: 4401
SPS: 4401
SPS: 4401
SPS: 4401
SPS: 4401
SPS: 4402
SPS: 4402
global_step=6495488, episodic_return=-12.0 (n=128)
SPS: 4402
SPS: 4402
SPS: 4402
SPS: 4402
SPS: 4403
SPS: 4403
SPS: 4403
SPS: 4403
SPS: 4403
SPS: 4403
SPS: 4404
SPS: 4404
SPS: 4404
SPS: 4404
SPS: 4404
SPS: 4404
SPS: 4404
SPS: 4405
SPS: 4405
SPS: 4405
SPS: 4404
SPS: 4404
SPS: 4404
SPS: 4404
SPS: 4404
SPS: 4404
SPS: 4403
SPS: 4403
SPS: 4403
SPS: 4403
SPS: 4403
SPS: 4403
SPS: 4403
SPS: 4404
SPS: 4404
SPS: 4404
SPS: 4404
SPS: 4404
SPS: 4404
SPS: 4404
SPS: 4404
SPS: 4403
SPS: 4403
SPS: 4403
SPS: 4402
SPS: 4402
SPS: 4402
SPS: 4401
SPS: 4401
SPS: 4401
SPS: 4401
SPS: 4401
SPS: 4401
SPS: 4401
SPS: 4401
SPS: 4400
SPS: 4400
SPS: 4400
SPS: 4400
global_step=6737024, episodic_return=-20.0 (n=128)
SPS: 4400
SPS: 4400
SPS: 4400
SPS: 4400
SPS: 4401
SPS: 4401
SPS: 4401
SPS: 4401
SPS: 4401
SPS: 4401
SPS: 4401
SPS: 4401
SPS: 4401
SPS: 4401
SPS: 4401
SPS: 4401
SPS: 4401
SPS: 4401
SPS: 4401
SPS: 4401
SPS: 4402
SPS: 4402
SPS: 4402
SPS: 4402
SPS: 4402
SPS: 4402
SPS: 4402
SPS: 4402
SPS: 4403
SPS: 4403
SPS: 4403
SPS: 4403
SPS: 4403
SPS: 4403
SPS: 4403
SPS: 4403
SPS: 4403
SPS: 4403
SPS: 4403
SPS: 4403
SPS: 4403
SPS: 4403
SPS: 4403
SPS: 4403
SPS: 4402
SPS: 4402
SPS: 4402
SPS: 4401
SPS: 4401
SPS: 4401
SPS: 4400
SPS: 4400
SPS: 4400
SPS: 4400
SPS: 4399
SPS: 4399
SPS: 4399
SPS: 4398
SPS: 4398
SPS: 4398
SPS: 4398
SPS: 4397
SPS: 4397
SPS: 4397
SPS: 4397
SPS: 4397
SPS: 4397
SPS: 4397
SPS: 4397
global_step=7019136, episodic_return=-16.0 (n=128)
SPS: 4397
SPS: 4394
SPS: 4394
SPS: 4394
SPS: 4394
SPS: 4394
SPS: 4394
SPS: 4393
SPS: 4393
SPS: 4393
SPS: 4393
SPS: 4392
SPS: 4392
SPS: 4392
SPS: 4392
SPS: 4391
SPS: 4391
SPS: 4391
SPS: 4391
SPS: 4391
SPS: 4390
SPS: 4390
SPS: 4390
SPS: 4389
SPS: 4389
SPS: 4389
SPS: 4389
SPS: 4388
SPS: 4388
SPS: 4388
SPS: 4388
SPS: 4388
SPS: 4387
SPS: 4387
SPS: 4387
SPS: 4386
SPS: 4386
SPS: 4386
SPS: 4386
SPS: 4385
SPS: 4385
SPS: 4385
SPS: 4385
SPS: 4385
SPS: 4385
SPS: 4385
SPS: 4385
SPS: 4385
SPS: 4385
global_step=7220096, episodic_return=-20.0 (n=128)
SPS: 4385
SPS: 4385
SPS: 4385
SPS: 4385
SPS: 4385
SPS: 4385
SPS: 4385
SPS: 4385
SPS: 4385
SPS: 4385
SPS: 4385
SPS: 4385
SPS: 4384
SPS: 4384
SPS: 4384
SPS: 4384
SPS: 4383
SPS: 4383
SPS: 4383
SPS: 4382
SPS: 4382
SPS: 4382
SPS: 4381
SPS: 4381
SPS: 4381
SPS: 4381
SPS: 4381
SPS: 4381
SPS: 4381
SPS: 4381
SPS: 4381
SPS: 4380
SPS: 4380
SPS: 4380
SPS: 4380
SPS: 4380
SPS: 4379
SPS: 4379
SPS: 4379
SPS: 4379
SPS: 4378
SPS: 4378
SPS: 4378
SPS: 4378
SPS: 4378
SPS: 4377
SPS: 4377
SPS: 4377
SPS: 4376
SPS: 4376
global_step=7422208, episodic_return=-24.0 (n=128)
SPS: 4376
SPS: 4375
SPS: 4375
SPS: 4375
SPS: 4375
SPS: 4374
SPS: 4374
SPS: 4374
SPS: 4374
SPS: 4373
SPS: 4373
SPS: 4373
SPS: 4373
SPS: 4373
SPS: 4373
SPS: 4372
SPS: 4372
SPS: 4372
SPS: 4372
SPS: 4372
SPS: 4372
SPS: 4371
SPS: 4371
SPS: 4371
SPS: 4371
SPS: 4371
SPS: 4370
SPS: 4370
SPS: 4370
SPS: 4370
SPS: 4370
SPS: 4370
SPS: 4370
SPS: 4370
SPS: 4370
SPS: 4370
SPS: 4369
SPS: 4369
SPS: 4369
SPS: 4369
SPS: 4369
SPS: 4369
SPS: 4369
SPS: 4369
SPS: 4369
SPS: 4369
SPS: 4368
SPS: 4368
SPS: 4368
SPS: 4368
global_step=7630208, episodic_return=-24.0 (n=128)
SPS: 4368
SPS: 4368
SPS: 4368
SPS: 4368
SPS: 4368
SPS: 4368
SPS: 4368
SPS: 4368
SPS: 4368
SPS: 4369
SPS: 4369
SPS: 4369
SPS: 4369
SPS: 4369
SPS: 4369
SPS: 4370
SPS: 4370
SPS: 4370
SPS: 4370
SPS: 4370
SPS: 4370
SPS: 4371
SPS: 4371
SPS: 4371
SPS: 4371
SPS: 4371
SPS: 4372
SPS: 4372
SPS: 4372
SPS: 4372
SPS: 4372
SPS: 4373
SPS: 4373
SPS: 4373
SPS: 4373
SPS: 4373
SPS: 4373
SPS: 4374
SPS: 4372
SPS: 4373
SPS: 4373
SPS: 4373
SPS: 4373
SPS: 4373
SPS: 4373
SPS: 4373
SPS: 4374
SPS: 4374
SPS: 4374
SPS: 4374
SPS: 4374
SPS: 4374
SPS: 4374
SPS: 4374
SPS: 4374
SPS: 4374
SPS: 4374
SPS: 4375
SPS: 4375
SPS: 4375
SPS: 4375
SPS: 4375
SPS: 4375
SPS: 4375
global_step=7890048, episodic_return=-18.0 (n=128)
SPS: 4376
SPS: 4376
SPS: 4376
SPS: 4376
SPS: 4376
SPS: 4376
SPS: 4376
SPS: 4376
SPS: 4376
SPS: 4376
SPS: 4376
SPS: 4376
SPS: 4376
SPS: 4376
SPS: 4376
SPS: 4376
SPS: 4376
SPS: 4376
SPS: 4376
SPS: 4376
SPS: 4376
SPS: 4375
SPS: 4375
SPS: 4375
SPS: 4375
SPS: 4375
SPS: 4375
SPS: 4375
SPS: 4375
SPS: 4375
SPS: 4375
SPS: 4375
SPS: 4375
SPS: 4375
SPS: 4375
SPS: 4375
SPS: 4375
SPS: 4375
SPS: 4375
SPS: 4375
SPS: 4375
SPS: 4375
SPS: 4375
SPS: 4375
SPS: 4376
SPS: 4376
SPS: 4376
SPS: 4376
SPS: 4376
SPS: 4376
SPS: 4377
SPS: 4377
SPS: 4377
SPS: 4377
SPS: 4377
global_step=8116864, episodic_return=-18.0 (n=128)
SPS: 4377
SPS: 4377
SPS: 4378
SPS: 4378
SPS: 4378
SPS: 4378
SPS: 4378
SPS: 4379
SPS: 4379
SPS: 4379
SPS: 4379
SPS: 4379
SPS: 4379
SPS: 4379
SPS: 4379
SPS: 4380
SPS: 4380
SPS: 4380
SPS: 4380
SPS: 4380
SPS: 4381
SPS: 4381
SPS: 4381
SPS: 4381
SPS: 4381
SPS: 4382
SPS: 4382
SPS: 4382
SPS: 4382
SPS: 4382
SPS: 4382
SPS: 4382
SPS: 4383
SPS: 4382
SPS: 4382
SPS: 4383
SPS: 4383
SPS: 4383
SPS: 4383
SPS: 4383
SPS: 4384
SPS: 4384
SPS: 4384
SPS: 4384
SPS: 4384
SPS: 4385
SPS: 4385
SPS: 4385
SPS: 4385
SPS: 4385
SPS: 4385
SPS: 4385
SPS: 4385
SPS: 4385
SPS: 4385
SPS: 4385
SPS: 4385
SPS: 4385
SPS: 4386
SPS: 4386
SPS: 4386
SPS: 4386
SPS: 4386
SPS: 4386
SPS: 4386
SPS: 4386
SPS: 4386
SPS: 4387
SPS: 4387
SPS: 4387
SPS: 4387
SPS: 4387
SPS: 4387
SPS: 4387
SPS: 4387
global_step=8423808, episodic_return=-14.0 (n=128)
SPS: 4388
SPS: 4388
SPS: 4388
SPS: 4387
SPS: 4387
SPS: 4387
SPS: 4387
SPS: 4387
SPS: 4387
SPS: 4387
SPS: 4387
SPS: 4386
SPS: 4386
SPS: 4386
SPS: 4386
SPS: 4386
SPS: 4386
SPS: 4386
SPS: 4386
SPS: 4386
SPS: 4386
SPS: 4386
SPS: 4386
SPS: 4387
SPS: 4387
SPS: 4387
SPS: 4387
SPS: 4387
SPS: 4387
SPS: 4387
SPS: 4387
SPS: 4387
SPS: 4387
SPS: 4387
SPS: 4388
SPS: 4388
SPS: 4388
SPS: 4388
SPS: 4388
SPS: 4388
SPS: 4388
SPS: 4388
SPS: 4389
SPS: 4389
SPS: 4389
SPS: 4389
SPS: 4389
SPS: 4389
SPS: 4390
SPS: 4390
SPS: 4390
SPS: 4390
SPS: 4390
SPS: 4390
global_step=8646144, episodic_return=-18.0 (n=128)
SPS: 4391
SPS: 4391
SPS: 4391
SPS: 4390
SPS: 4390
SPS: 4390
SPS: 4390
SPS: 4390
SPS: 4390
SPS: 4390
SPS: 4389
SPS: 4389
SPS: 4389
SPS: 4389
SPS: 4389
SPS: 4389
SPS: 4389
SPS: 4389
SPS: 4389
SPS: 4389
SPS: 4388
SPS: 4388
SPS: 4388
SPS: 4388
SPS: 4388
SPS: 4388
SPS: 4388
SPS: 4388
SPS: 4388
SPS: 4387
SPS: 4387
SPS: 4387
SPS: 4387
SPS: 4387
SPS: 4387
SPS: 4387
SPS: 4387
SPS: 4387
SPS: 4387
SPS: 4387
SPS: 4387
SPS: 4387
SPS: 4387
SPS: 4387
SPS: 4387
SPS: 4388
SPS: 4388
SPS: 4388
SPS: 4387
SPS: 4388
SPS: 4388
SPS: 4388
SPS: 4387
SPS: 4387
SPS: 4387
SPS: 4388
SPS: 4388
SPS: 4388
SPS: 4388
SPS: 4388
SPS: 4388
SPS: 4388
SPS: 4389
SPS: 4389
SPS: 4389
SPS: 4389
SPS: 4389
SPS: 4389
SPS: 4389
SPS: 4390
SPS: 4390
SPS: 4390
SPS: 4389
SPS: 4389
SPS: 4389
SPS: 4389
SPS: 4389
SPS: 4388
SPS: 4388
SPS: 4388
SPS: 4388
SPS: 4388
SPS: 4388
SPS: 4387
SPS: 4387
SPS: 4387
SPS: 4387
SPS: 4387
SPS: 4387
SPS: 4387
SPS: 4387
global_step=9018112, episodic_return=-14.0 (n=128)
SPS: 4387
SPS: 4387
SPS: 4387
SPS: 4387
SPS: 4387
SPS: 4386
SPS: 4386
SPS: 4386
SPS: 4386
SPS: 4386
SPS: 4386
SPS: 4386
SPS: 4386
SPS: 4386
SPS: 4386
SPS: 4386
SPS: 4386
SPS: 4386
SPS: 4386
SPS: 4386
SPS: 4386
SPS: 4386
SPS: 4385
SPS: 4385
SPS: 4385
SPS: 4385
SPS: 4385
SPS: 4385
SPS: 4385
SPS: 4385
SPS: 4385
SPS: 4385
SPS: 4385
SPS: 4386
SPS: 4386
SPS: 4386
SPS: 4386
SPS: 4386
SPS: 4386
SPS: 4386
SPS: 4386
SPS: 4387
SPS: 4387
SPS: 4387
SPS: 4387
SPS: 4387
SPS: 4387
SPS: 4387
SPS: 4387
SPS: 4387
SPS: 4387
SPS: 4387
SPS: 4387
SPS: 4387
SPS: 4388
SPS: 4388
SPS: 4388
SPS: 4387
global_step=9253888, episodic_return=-18.0 (n=128)
SPS: 4387
SPS: 4387
SPS: 4387
SPS: 4387
SPS: 4387
SPS: 4387
SPS: 4386
SPS: 4386
SPS: 4386
SPS: 4386
SPS: 4386
SPS: 4386
SPS: 4386
SPS: 4385
SPS: 4386
SPS: 4386
SPS: 4386
SPS: 4385
SPS: 4385
SPS: 4385
SPS: 4385
SPS: 4385
SPS: 4385
SPS: 4384
SPS: 4384
SPS: 4384
SPS: 4384
SPS: 4383
SPS: 4383
SPS: 4383
SPS: 4383
SPS: 4383
SPS: 4383
SPS: 4383
SPS: 4383
SPS: 4382
SPS: 4383
SPS: 4382
SPS: 4382
SPS: 4382
SPS: 4382
SPS: 4382
SPS: 4382
SPS: 4382
SPS: 4382
SPS: 4381
SPS: 4381
SPS: 4381
SPS: 4381
SPS: 4381
SPS: 4381
SPS: 4381
SPS: 4381
SPS: 4381
SPS: 4381
SPS: 4381
SPS: 4381
SPS: 4381
SPS: 4381
SPS: 4381
SPS: 4379
SPS: 4379
SPS: 4379
SPS: 4379
SPS: 4379
SPS: 4379
SPS: 4379
global_step=9529216, episodic_return=-16.0 (n=128)
SPS: 4379
SPS: 4379
SPS: 4378
SPS: 4378
SPS: 4378
SPS: 4378
SPS: 4378
SPS: 4378
SPS: 4377
SPS: 4377
SPS: 4377
SPS: 4377
SPS: 4377
SPS: 4377
SPS: 4377
SPS: 4377
SPS: 4377
SPS: 4377
SPS: 4377
SPS: 4377
SPS: 4377
SPS: 4377
SPS: 4377
SPS: 4376
SPS: 4376
SPS: 4376
SPS: 4376
SPS: 4376
SPS: 4376
SPS: 4376
SPS: 4376
SPS: 4375
SPS: 4375
SPS: 4375
SPS: 4375
SPS: 4375
SPS: 4375
SPS: 4375
SPS: 4375
SPS: 4375
SPS: 4375
SPS: 4375
SPS: 4375
SPS: 4375
SPS: 4374
SPS: 4375
SPS: 4374
SPS: 4374
SPS: 4374
SPS: 4374
SPS: 4374
SPS: 4374
SPS: 4374
SPS: 4374
SPS: 4374
SPS: 4374
SPS: 4375
SPS: 4375
SPS: 4375
SPS: 4374
SPS: 4374
SPS: 4374
SPS: 4374
SPS: 4374
SPS: 4374
SPS: 4374
SPS: 4374
global_step=9802752, episodic_return=-24.0 (n=128)
SPS: 4374
SPS: 4374
SPS: 4374
SPS: 4374
SPS: 4374
SPS: 4374
SPS: 4374
SPS: 4375
SPS: 4375
SPS: 4375
SPS: 4375
SPS: 4375
SPS: 4375
SPS: 4375
SPS: 4375
SPS: 4375
SPS: 4375
SPS: 4375
SPS: 4375
SPS: 4375
SPS: 4375
SPS: 4375
SPS: 4375
SPS: 4375
SPS: 4375
SPS: 4374
SPS: 4374
SPS: 4374
SPS: 4374
SPS: 4374
SPS: 4374
SPS: 4374
SPS: 4374
SPS: 4374
SPS: 4374
SPS: 4374
SPS: 4373
SPS: 4373
SPS: 4373
SPS: 4373
SPS: 4373
SPS: 4373
SPS: 4373
SPS: 4373
SPS: 4373
SPS: 4373
SPS: 4372
SPS: 4372
Results saved to /runs/h001__h001-doubledunk-s3.csv
slurmstepd: error: run_script_as_user: couldn't change working dir to /home/rogercc/'/scratch/rogercc/cleanrl': No such file or directory
