sending incremental file list
auto-cleanrl.sif

sent 4,938,043,507 bytes  received 35 bytes  429,395,090.61 bytes/sec
total size is 4,945,334,272  speedup is 1.00
/usr/local/lib/python3.10/dist-packages/treevalue/tree/integration/torch.py:23: FutureWarning: `torch.utils._pytree._register_pytree_node` is deprecated. Please use `torch.utils._pytree.register_pytree_node` instead.
  register_for_torch(TreeValue)
/usr/local/lib/python3.10/dist-packages/treevalue/tree/integration/torch.py:24: FutureWarning: `torch.utils._pytree._register_pytree_node` is deprecated. Please use `torch.utils._pytree.register_pytree_node` instead.
  register_for_torch(FastTreeValue)
Gym has been unmaintained since 2022 and does not support NumPy 2.0 amongst other critical functionality.
Please upgrade to Gymnasium, the maintained drop-in replacement of Gym, or contact the authors of your software and request that they upgrade.
See the migration guide at https://gymnasium.farama.org/introduction/migration_guide/ for additional information.
/usr/local/lib/python3.10/dist-packages/tyro/_parsers.py:353: UserWarning: The field `wandb-entity` is annotated with type `<class 'str'>`, but the default value `None` has type `<class 'NoneType'>`. We'll try to handle this gracefully, but it may cause unexpected behavior.
  warnings.warn(message)
/usr/local/lib/python3.10/dist-packages/tyro/_parsers.py:353: UserWarning: The field `target-kl` is annotated with type `<class 'float'>`, but the default value `None` has type `<class 'NoneType'>`. We'll try to handle this gracefully, but it may cause unexpected behavior.
  warnings.warn(message)
Start to initialize observation normalization parameter.....
End to initialize...
SPS: 35
SPS: 69
global_step=48128, episodic_return=230.0 (n=128), curiosity_reward=0.0000
SPS: 103
SPS: 136
SPS: 168
global_step=97536, episodic_return=125.0 (n=128), curiosity_reward=0.0000
SPS: 200
SPS: 231
SPS: 261
SPS: 291
SPS: 321
SPS: 350
global_step=184064, episodic_return=275.0 (n=128), curiosity_reward=0.0000
SPS: 378
SPS: 405
SPS: 433
global_step=244480, episodic_return=50.0 (n=128), curiosity_reward=0.0000
SPS: 460
SPS: 486
SPS: 512
SPS: 537
global_step=301440, episodic_return=180.0 (n=128), curiosity_reward=0.0000
SPS: 562
SPS: 586
SPS: 610
SPS: 634
global_step=362624, episodic_return=95.0 (n=128), curiosity_reward=0.0000
SPS: 657
SPS: 680
SPS: 702
SPS: 724
global_step=427776, episodic_return=185.0 (n=128), curiosity_reward=0.0000
SPS: 746
SPS: 767
SPS: 788
SPS: 809
global_step=494464, episodic_return=180.0 (n=128), curiosity_reward=0.0000
SPS: 829
SPS: 849
SPS: 869
global_step=555648, episodic_return=135.0 (n=128), curiosity_reward=0.0000
SPS: 888
SPS: 908
SPS: 927
SPS: 945
SPS: 963
SPS: 981
global_step=649344, episodic_return=190.0 (n=128), curiosity_reward=0.0000
SPS: 997
SPS: 1014
SPS: 1030
SPS: 1047
SPS: 1063
global_step=721792, episodic_return=145.0 (n=128), curiosity_reward=0.0000
SPS: 1080
SPS: 1096
SPS: 1112
SPS: 1127
SPS: 1143
global_step=813056, episodic_return=345.0 (n=128), curiosity_reward=0.0000
SPS: 1158
SPS: 1173
SPS: 1188
SPS: 1203
global_step=870528, episodic_return=125.0 (n=128), curiosity_reward=0.0000
SPS: 1217
SPS: 1232
SPS: 1246
global_step=933760, episodic_return=120.0 (n=128), curiosity_reward=0.0000
SPS: 1260
SPS: 1273
SPS: 1287
global_step=981632, episodic_return=35.0 (n=128), curiosity_reward=0.0000
SPS: 1300
SPS: 1314
SPS: 1327
SPS: 1340
SPS: 1353
global_step=1064448, episodic_return=215.0 (n=128), curiosity_reward=0.0000
SPS: 1365
SPS: 1377
SPS: 1390
global_step=1113344, episodic_return=75.0 (n=128), curiosity_reward=0.0000
SPS: 1402
SPS: 1414
SPS: 1426
SPS: 1438
SPS: 1450
global_step=1187712, episodic_return=140.0 (n=128), curiosity_reward=0.0000
SPS: 1461
SPS: 1472
SPS: 1483
SPS: 1494
global_step=1260672, episodic_return=180.0 (n=128), curiosity_reward=0.0000
SPS: 1505
SPS: 1516
SPS: 1527
SPS: 1537
SPS: 1548
global_step=1335040, episodic_return=205.0 (n=128), curiosity_reward=0.0000
SPS: 1558
SPS: 1568
SPS: 1579
SPS: 1589
global_step=1406336, episodic_return=155.0 (n=128), curiosity_reward=0.0000
SPS: 1598
SPS: 1608
SPS: 1618
SPS: 1628
global_step=1472000, episodic_return=125.0 (n=128), curiosity_reward=0.0000
SPS: 1637
SPS: 1647
SPS: 1656
SPS: 1665
SPS: 1674
SPS: 1683
SPS: 1692
SPS: 1700
global_step=1601920, episodic_return=240.0 (n=128), curiosity_reward=0.0000
SPS: 1709
SPS: 1718
SPS: 1726
SPS: 1734
global_step=1663232, episodic_return=110.0 (n=128), curiosity_reward=0.0000
SPS: 1742
SPS: 1750
SPS: 1759
SPS: 1767
global_step=1723136, episodic_return=135.0 (n=128), curiosity_reward=0.0000
SPS: 1775
SPS: 1783
SPS: 1791
global_step=1779968, episodic_return=125.0 (n=128), curiosity_reward=0.0000
SPS: 1799
SPS: 1807
SPS: 1814
SPS: 1822
global_step=1850368, episodic_return=135.0 (n=128), curiosity_reward=0.0000
SPS: 1829
SPS: 1836
SPS: 1844
SPS: 1851
SPS: 1858
global_step=1932928, episodic_return=455.0 (n=128), curiosity_reward=0.0000
SPS: 1865
SPS: 1872
SPS: 1879
SPS: 1885
SPS: 1891
global_step=2001536, episodic_return=120.0 (n=128), curiosity_reward=0.0000
SPS: 1897
SPS: 1904
SPS: 1911
SPS: 1917
global_step=2077696, episodic_return=80.0 (n=128), curiosity_reward=0.0000
SPS: 1924
SPS: 1930
SPS: 1937
SPS: 1944
SPS: 1950
global_step=2155008, episodic_return=305.0 (n=128), curiosity_reward=0.0000
SPS: 1956
SPS: 1963
SPS: 1969
SPS: 1974
SPS: 1980
global_step=2236160, episodic_return=455.0 (n=128), curiosity_reward=0.0000
SPS: 1985
SPS: 1991
global_step=2273024, episodic_return=80.0 (n=128), curiosity_reward=0.0000
SPS: 1996
SPS: 2001
SPS: 2007
SPS: 2012
global_step=2338944, episodic_return=135.0 (n=128), curiosity_reward=0.0000
SPS: 2016
SPS: 2022
SPS: 2027
SPS: 2033
SPS: 2037
SPS: 2042
global_step=2440960, episodic_return=215.0 (n=128), curiosity_reward=0.0000
SPS: 2047
SPS: 2052
SPS: 2058
global_step=2478848, episodic_return=80.0 (n=128), curiosity_reward=0.0000
SPS: 2063
SPS: 2068
SPS: 2074
SPS: 2079
global_step=2540800, episodic_return=125.0 (n=128), curiosity_reward=0.0000
SPS: 2084
SPS: 2089
SPS: 2094
SPS: 2098
SPS: 2103
global_step=2629376, episodic_return=270.0 (n=128), curiosity_reward=0.0000
SPS: 2108
SPS: 2113
SPS: 2117
global_step=2678912, episodic_return=80.0 (n=128), curiosity_reward=0.0000
SPS: 2121
SPS: 2126
SPS: 2130
global_step=2731904, episodic_return=20.0 (n=128), curiosity_reward=0.0000
SPS: 2135
SPS: 2137
SPS: 2141
SPS: 2145
SPS: 2149
global_step=2807936, episodic_return=135.0 (n=128), curiosity_reward=0.0000
SPS: 2153
SPS: 2157
global_step=2844288, episodic_return=55.0 (n=128), curiosity_reward=0.0000
SPS: 2161
SPS: 2164
SPS: 2168
SPS: 2171
global_step=2900992, episodic_return=110.0 (n=128), curiosity_reward=0.0000
SPS: 2175
SPS: 2179
SPS: 2183
global_step=2958592, episodic_return=90.0 (n=128), curiosity_reward=0.0000
SPS: 2187
SPS: 2191
SPS: 2194
SPS: 2198
SPS: 2201
SPS: 2204
global_step=3057152, episodic_return=475.0 (n=128), curiosity_reward=0.0000
SPS: 2208
SPS: 2212
SPS: 2215
SPS: 2219
SPS: 2223
SPS: 2226
global_step=3153152, episodic_return=155.0 (n=128), curiosity_reward=0.0000
SPS: 2230
SPS: 2233
SPS: 2237
SPS: 2241
global_step=3212800, episodic_return=90.0 (n=128), curiosity_reward=0.0000
SPS: 2244
SPS: 2248
SPS: 2251
global_step=3273856, episodic_return=160.0 (n=128), curiosity_reward=0.0000
SPS: 2254
SPS: 2258
SPS: 2261
SPS: 2265
SPS: 2268
SPS: 2271
SPS: 2274
global_step=3377536, episodic_return=245.0 (n=128), curiosity_reward=0.0000
SPS: 2277
SPS: 2280
SPS: 2283
global_step=3429888, episodic_return=180.0 (n=128), curiosity_reward=0.0000
SPS: 2285
SPS: 2288
SPS: 2291
SPS: 2294
SPS: 2297
global_step=3517824, episodic_return=290.0 (n=128), curiosity_reward=0.0000
SPS: 2300
SPS: 2303
SPS: 2306
global_step=3567360, episodic_return=60.0 (n=128), curiosity_reward=0.0000
SPS: 2309
SPS: 2312
SPS: 2315
SPS: 2318
SPS: 2320
SPS: 2323
global_step=3664768, episodic_return=155.0 (n=128), curiosity_reward=0.0000
SPS: 2326
SPS: 2329
SPS: 2332
global_step=3704320, episodic_return=85.0 (n=128), curiosity_reward=0.0000
SPS: 2334
SPS: 2337
global_step=3742976, episodic_return=105.0 (n=128), curiosity_reward=0.0000
SPS: 2339
SPS: 2342
SPS: 2345
SPS: 2347
SPS: 2350
global_step=3827968, episodic_return=260.0 (n=128), curiosity_reward=0.0000
SPS: 2352
SPS: 2355
SPS: 2358
SPS: 2361
global_step=3894656, episodic_return=135.0 (n=128), curiosity_reward=0.0000
SPS: 2365
SPS: 2368
SPS: 2371
SPS: 2373
SPS: 2376
SPS: 2379
SPS: 2383
SPS: 2385
global_step=4027648, episodic_return=565.0 (n=128), curiosity_reward=0.0000
SPS: 2388
SPS: 2391
SPS: 2394
SPS: 2397
SPS: 2400
SPS: 2402
global_step=4116992, episodic_return=185.0 (n=128), curiosity_reward=0.0000
SPS: 2405
SPS: 2408
SPS: 2409
global_step=4171392, episodic_return=105.0 (n=128), curiosity_reward=0.0000
SPS: 2412
SPS: 2414
SPS: 2416
SPS: 2419
global_step=4239232, episodic_return=180.0 (n=128), curiosity_reward=0.0000
SPS: 2421
SPS: 2424
SPS: 2426
SPS: 2428
SPS: 2430
global_step=4314880, episodic_return=160.0 (n=128), curiosity_reward=0.0000
SPS: 2433
SPS: 2436
SPS: 2438
global_step=4363520, episodic_return=50.0 (n=128), curiosity_reward=0.0000
SPS: 2441
SPS: 2443
SPS: 2446
global_step=4414592, episodic_return=85.0 (n=128), curiosity_reward=0.0000
SPS: 2448
SPS: 2451
SPS: 2453
SPS: 2456
global_step=4475264, episodic_return=135.0 (n=128), curiosity_reward=0.0000
SPS: 2458
SPS: 2461
SPS: 2463
SPS: 2466
SPS: 2468
global_step=4560128, episodic_return=210.0 (n=128), curiosity_reward=0.0000
SPS: 2469
SPS: 2471
SPS: 2473
SPS: 2476
global_step=4621824, episodic_return=50.0 (n=128), curiosity_reward=0.0000
SPS: 2478
SPS: 2480
SPS: 2483
global_step=4680320, episodic_return=120.0 (n=128), curiosity_reward=0.0000
SPS: 2485
SPS: 2486
SPS: 2488
SPS: 2491
SPS: 2493
global_step=4761216, episodic_return=185.0 (n=128), curiosity_reward=0.0000
SPS: 2495
SPS: 2498
SPS: 2500
global_step=4801152, episodic_return=105.0 (n=128), curiosity_reward=0.0000
SPS: 2502
SPS: 2505
SPS: 2507
global_step=4852480, episodic_return=50.0 (n=128), curiosity_reward=0.0000
SPS: 2509
SPS: 2511
SPS: 2514
SPS: 2516
global_step=4924288, episodic_return=185.0 (n=128), curiosity_reward=0.0000
SPS: 2518
SPS: 2521
SPS: 2523
SPS: 2525
SPS: 2527
global_step=5001088, episodic_return=210.0 (n=128), curiosity_reward=0.0000
SPS: 2529
SPS: 2531
SPS: 2533
SPS: 2535
global_step=5078144, episodic_return=135.0 (n=128), curiosity_reward=0.0000
SPS: 2537
SPS: 2539
SPS: 2542
SPS: 2544
SPS: 2545
global_step=5147008, episodic_return=210.0 (n=128), curiosity_reward=0.0000
SPS: 2548
SPS: 2549
SPS: 2551
SPS: 2553
global_step=5223168, episodic_return=140.0 (n=128), curiosity_reward=0.0000
SPS: 2555
SPS: 2557
SPS: 2559
global_step=5271808, episodic_return=100.0 (n=128), curiosity_reward=0.0000
SPS: 2561
SPS: 2563
SPS: 2565
global_step=5324288, episodic_return=105.0 (n=128), curiosity_reward=0.0000
SPS: 2566
SPS: 2567
SPS: 2569
SPS: 2571
SPS: 2573
global_step=5398400, episodic_return=135.0 (n=128), curiosity_reward=0.0000
SPS: 2575
SPS: 2577
SPS: 2579
global_step=5455744, episodic_return=105.0 (n=128), curiosity_reward=0.0000
SPS: 2580
SPS: 2582
SPS: 2584
SPS: 2586
SPS: 2587
global_step=5523456, episodic_return=120.0 (n=128), curiosity_reward=0.0000
SPS: 2589
SPS: 2591
SPS: 2593
SPS: 2595
global_step=5587200, episodic_return=135.0 (n=128), curiosity_reward=0.0000
SPS: 2596
SPS: 2598
SPS: 2600
global_step=5637120, episodic_return=75.0 (n=128), curiosity_reward=0.0000
SPS: 2602
SPS: 2603
global_step=5679872, episodic_return=45.0 (n=128), curiosity_reward=0.0000
SPS: 2605
SPS: 2607
SPS: 2609
SPS: 2610
SPS: 2612
global_step=5752704, episodic_return=180.0 (n=128), curiosity_reward=0.0000
SPS: 2613
SPS: 2615
SPS: 2617
global_step=5803136, episodic_return=120.0 (n=128), curiosity_reward=0.0000
SPS: 2618
SPS: 2620
SPS: 2622
SPS: 2623
SPS: 2625
global_step=5890560, episodic_return=205.0 (n=128), curiosity_reward=0.0000
SPS: 2626
SPS: 2628
SPS: 2629
SPS: 2631
SPS: 2633
global_step=5967744, episodic_return=210.0 (n=128), curiosity_reward=0.0000
SPS: 2634
SPS: 2635
SPS: 2636
SPS: 2637
global_step=6033024, episodic_return=80.0 (n=128), curiosity_reward=0.0000
SPS: 2639
SPS: 2640
SPS: 2642
global_step=6091392, episodic_return=105.0 (n=128), curiosity_reward=0.0000
SPS: 2643
SPS: 2645
global_step=6126976, episodic_return=30.0 (n=128), curiosity_reward=0.0000
SPS: 2645
SPS: 2646
SPS: 2648
SPS: 2648
global_step=6190080, episodic_return=50.0 (n=128), curiosity_reward=0.0000
SPS: 2649
SPS: 2650
SPS: 2651
global_step=6228096, episodic_return=105.0 (n=128), curiosity_reward=0.0000
SPS: 2653
SPS: 2654
SPS: 2655
SPS: 2656
SPS: 2657
global_step=6318336, episodic_return=215.0 (n=128), curiosity_reward=0.0000
SPS: 2658
SPS: 2659
SPS: 2660
SPS: 2661
SPS: 2662
global_step=6394880, episodic_return=140.0 (n=128), curiosity_reward=0.0000
SPS: 2663
SPS: 2664
SPS: 2665
SPS: 2666
global_step=6457472, episodic_return=90.0 (n=128), curiosity_reward=0.0000
SPS: 2668
SPS: 2669
SPS: 2670
SPS: 2671
global_step=6526336, episodic_return=210.0 (n=128), curiosity_reward=0.0000
SPS: 2672
SPS: 2673
SPS: 2674
SPS: 2675
SPS: 2676
global_step=6611968, episodic_return=240.0 (n=128), curiosity_reward=0.0000
SPS: 2676
SPS: 2677
SPS: 2678
global_step=6666752, episodic_return=35.0 (n=128), curiosity_reward=0.0000
SPS: 2679
SPS: 2680
SPS: 2682
SPS: 2682
SPS: 2684
global_step=6734592, episodic_return=120.0 (n=128), curiosity_reward=0.0000
SPS: 2685
SPS: 2685
SPS: 2687
global_step=6797184, episodic_return=140.0 (n=128), curiosity_reward=0.0000
SPS: 2688
SPS: 2689
SPS: 2690
global_step=6834688, episodic_return=50.0 (n=128), curiosity_reward=0.0000
SPS: 2691
SPS: 2692
SPS: 2693
global_step=6896896, episodic_return=185.0 (n=128), curiosity_reward=0.0000
SPS: 2694
SPS: 2695
SPS: 2696
global_step=6935552, episodic_return=100.0 (n=128), curiosity_reward=0.0000
SPS: 2698
SPS: 2699
SPS: 2700
global_step=6994304, episodic_return=165.0 (n=128), curiosity_reward=0.0000
SPS: 2701
SPS: 2702
SPS: 2703
SPS: 2704
SPS: 2705
global_step=7067136, episodic_return=210.0 (n=128), curiosity_reward=0.0000
SPS: 2705
SPS: 2706
SPS: 2707
SPS: 2708
SPS: 2709
SPS: 2710
SPS: 2711
global_step=7188224, episodic_return=345.0 (n=128), curiosity_reward=0.0000
SPS: 2712
SPS: 2712
global_step=7224704, episodic_return=50.0 (n=128), curiosity_reward=0.0000
SPS: 2713
SPS: 2714
SPS: 2715
SPS: 2715
global_step=7275392, episodic_return=155.0 (n=128), curiosity_reward=0.0000
SPS: 2717
SPS: 2718
SPS: 2719
global_step=7324800, episodic_return=60.0 (n=128), curiosity_reward=0.0000
SPS: 2720
SPS: 2721
global_step=7361152, episodic_return=65.0 (n=128), curiosity_reward=0.0000
SPS: 2722
SPS: 2722
SPS: 2723
SPS: 2724
global_step=7432704, episodic_return=135.0 (n=128), curiosity_reward=0.0000
SPS: 2725
SPS: 2726
SPS: 2726
SPS: 2727
SPS: 2728
SPS: 2729
global_step=7526912, episodic_return=155.0 (n=128), curiosity_reward=0.0000
SPS: 2729
SPS: 2729
SPS: 2730
SPS: 2730
SPS: 2731
SPS: 2732
SPS: 2733
global_step=7646080, episodic_return=210.0 (n=128), curiosity_reward=0.0000
SPS: 2734
SPS: 2734
SPS: 2735
SPS: 2736
SPS: 2737
SPS: 2738
global_step=7734528, episodic_return=470.0 (n=128), curiosity_reward=0.0000
SPS: 2739
SPS: 2740
global_step=7770496, episodic_return=65.0 (n=128), curiosity_reward=0.0000
SPS: 2740
SPS: 2741
SPS: 2742
SPS: 2743
SPS: 2743
SPS: 2744
global_step=7874688, episodic_return=210.0 (n=128), curiosity_reward=0.0000
SPS: 2745
SPS: 2746
SPS: 2747
SPS: 2747
SPS: 2748
SPS: 2749
SPS: 2749
SPS: 2750
global_step=7996544, episodic_return=215.0 (n=128), curiosity_reward=0.0000
SPS: 2751
SPS: 2751
global_step=8031232, episodic_return=85.0 (n=128), curiosity_reward=0.0000
SPS: 2752
SPS: 2752
SPS: 2753
SPS: 2754
global_step=8098304, episodic_return=105.0 (n=128), curiosity_reward=0.0000
SPS: 2755
SPS: 2755
SPS: 2756
SPS: 2757
SPS: 2757
global_step=8187008, episodic_return=245.0 (n=128), curiosity_reward=0.0000
SPS: 2758
SPS: 2758
SPS: 2759
SPS: 2759
SPS: 2760
SPS: 2761
global_step=8279808, episodic_return=220.0 (n=128), curiosity_reward=0.0000
SPS: 2762
SPS: 2762
SPS: 2763
global_step=8337792, episodic_return=110.0 (n=128), curiosity_reward=0.0000
SPS: 2763
SPS: 2763
SPS: 2764
SPS: 2765
global_step=8401280, episodic_return=130.0 (n=128), curiosity_reward=0.0000
SPS: 2766
SPS: 2766
SPS: 2768
SPS: 2768
SPS: 2768
SPS: 2769
global_step=8498048, episodic_return=230.0 (n=128), curiosity_reward=0.0000
SPS: 2769
SPS: 2769
SPS: 2770
SPS: 2769
SPS: 2769
global_step=8575616, episodic_return=125.0 (n=128), curiosity_reward=0.0000
SPS: 2770
SPS: 2770
SPS: 2771
global_step=8633344, episodic_return=105.0 (n=128), curiosity_reward=0.0000
SPS: 2771
SPS: 2771
SPS: 2771
SPS: 2772
SPS: 2772
global_step=8705664, episodic_return=200.0 (n=128), curiosity_reward=0.0000
SPS: 2772
SPS: 2772
SPS: 2773
global_step=8755968, episodic_return=55.0 (n=128), curiosity_reward=0.0000
SPS: 2774
SPS: 2775
global_step=8793344, episodic_return=55.0 (n=128), curiosity_reward=0.0000
SPS: 2776
SPS: 2777
SPS: 2778
SPS: 2779
SPS: 2780
global_step=8880128, episodic_return=410.0 (n=128), curiosity_reward=0.0000
SPS: 2781
SPS: 2782
SPS: 2783
global_step=8922880, episodic_return=20.0 (n=128), curiosity_reward=0.0000
SPS: 2783
SPS: 2784
global_step=8958592, episodic_return=35.0 (n=128), curiosity_reward=0.0000
SPS: 2785
SPS: 2785
SPS: 2786
SPS: 2786
SPS: 2787
global_step=9030272, episodic_return=140.0 (n=128), curiosity_reward=0.0000
SPS: 2788
SPS: 2789
SPS: 2789
global_step=9091456, episodic_return=135.0 (n=128), curiosity_reward=0.0000
SPS: 2790
SPS: 2790
SPS: 2791
SPS: 2792
global_step=9152384, episodic_return=160.0 (n=128), curiosity_reward=0.0000
SPS: 2793
SPS: 2794
SPS: 2795
SPS: 2795
global_step=9210368, episodic_return=90.0 (n=128), curiosity_reward=0.0000
SPS: 2796
SPS: 2797
global_step=9250048, episodic_return=30.0 (n=128), curiosity_reward=0.0000
SPS: 2798
SPS: 2799
global_step=9282560, episodic_return=15.0 (n=128), curiosity_reward=0.0000
SPS: 2799
SPS: 2800
SPS: 2801
global_step=9332992, episodic_return=80.0 (n=128), curiosity_reward=0.0000
SPS: 2801
SPS: 2801
SPS: 2802
SPS: 2802
SPS: 2803
global_step=9404672, episodic_return=210.0 (n=128), curiosity_reward=0.0000
SPS: 2803
SPS: 2804
global_step=9451264, episodic_return=45.0 (n=128), curiosity_reward=0.0000
SPS: 2804
SPS: 2804
SPS: 2805
global_step=9489024, episodic_return=35.0 (n=128), curiosity_reward=0.0000
SPS: 2805
SPS: 2805
SPS: 2804
global_step=9540608, episodic_return=105.0 (n=128), curiosity_reward=0.0000
SPS: 2805
SPS: 2805
SPS: 2806
SPS: 2806
global_step=9604736, episodic_return=120.0 (n=128), curiosity_reward=0.0000
SPS: 2807
SPS: 2808
SPS: 2808
global_step=9663744, episodic_return=35.0 (n=128), curiosity_reward=0.0000
SPS: 2809
SPS: 2809
SPS: 2810
SPS: 2811
global_step=9731328, episodic_return=185.0 (n=128), curiosity_reward=0.0000
SPS: 2812
SPS: 2813
SPS: 2813
SPS: 2814
global_step=9788928, episodic_return=60.0 (n=128), curiosity_reward=0.0000
SPS: 2815
SPS: 2815
SPS: 2816
SPS: 2817
global_step=9852416, episodic_return=150.0 (n=128), curiosity_reward=0.0000
SPS: 2817
SPS: 2818
SPS: 2819
global_step=9903872, episodic_return=105.0 (n=128), curiosity_reward=0.0000
SPS: 2820
SPS: 2821
SPS: 2821
SPS: 2822
global_step=9961856, episodic_return=105.0 (n=128), curiosity_reward=0.0000
SPS: 2823
SPS: 2824
SPS: 2824
global_step=10013312, episodic_return=30.0 (n=128), curiosity_reward=0.0000
SPS: 2825
SPS: 2826
SPS: 2826
SPS: 2827
SPS: 2827
global_step=10100352, episodic_return=200.0 (n=128), curiosity_reward=0.0000
SPS: 2828
SPS: 2829
SPS: 2830
SPS: 2831
SPS: 2831
SPS: 2832
global_step=10192640, episodic_return=230.0 (n=128), curiosity_reward=0.0000
SPS: 2833
SPS: 2834
SPS: 2834
global_step=10244864, episodic_return=85.0 (n=128), curiosity_reward=0.0000
SPS: 2835
SPS: 2836
SPS: 2837
SPS: 2837
global_step=10308352, episodic_return=135.0 (n=128), curiosity_reward=0.0000
SPS: 2838
SPS: 2838
SPS: 2839
global_step=10356224, episodic_return=35.0 (n=128), curiosity_reward=0.0000
SPS: 2839
SPS: 2840
SPS: 2841
SPS: 2842
SPS: 2842
SPS: 2843
SPS: 2844
global_step=10479104, episodic_return=450.0 (n=128), curiosity_reward=0.0000
SPS: 2844
SPS: 2845
SPS: 2845
global_step=10518656, episodic_return=30.0 (n=128), curiosity_reward=0.0000
SPS: 2845
SPS: 2846
global_step=10557952, episodic_return=35.0 (n=128), curiosity_reward=0.0000
SPS: 2847
SPS: 2847
SPS: 2848
SPS: 2848
global_step=10624384, episodic_return=180.0 (n=128), curiosity_reward=0.0000
SPS: 2849
SPS: 2850
SPS: 2850
global_step=10676608, episodic_return=115.0 (n=128), curiosity_reward=0.0000
SPS: 2851
SPS: 2852
SPS: 2852
SPS: 2853
SPS: 2854
global_step=10762112, episodic_return=240.0 (n=128), curiosity_reward=0.0000
SPS: 2855
SPS: 2855
global_step=10796928, episodic_return=80.0 (n=128), curiosity_reward=0.0000
SPS: 2856
SPS: 2857
SPS: 2857
SPS: 2858
global_step=10856448, episodic_return=65.0 (n=128), curiosity_reward=0.0000
SPS: 2859
SPS: 2859
SPS: 2860
global_step=10908928, episodic_return=130.0 (n=128), curiosity_reward=0.0000
SPS: 2860
SPS: 2861
SPS: 2861
global_step=10949760, episodic_return=20.0 (n=128), curiosity_reward=0.0000
SPS: 2861
SPS: 2862
SPS: 2862
SPS: 2863
global_step=11012736, episodic_return=185.0 (n=128), curiosity_reward=0.0000
SPS: 2863
SPS: 2864
SPS: 2865
global_step=11067904, episodic_return=155.0 (n=128), curiosity_reward=0.0000
SPS: 2865
SPS: 2866
SPS: 2866
SPS: 2867
global_step=11136384, episodic_return=125.0 (n=128), curiosity_reward=0.0000
SPS: 2867
SPS: 2868
SPS: 2868
SPS: 2868
SPS: 2869
SPS: 2870
global_step=11229568, episodic_return=470.0 (n=128), curiosity_reward=0.0000
SPS: 2870
SPS: 2871
SPS: 2871
SPS: 2871
global_step=11290368, episodic_return=110.0 (n=128), curiosity_reward=0.0000
SPS: 2872
SPS: 2872
SPS: 2872
global_step=11340032, episodic_return=20.0 (n=128), curiosity_reward=0.0000
SPS: 2873
SPS: 2874
SPS: 2874
global_step=11398400, episodic_return=55.0 (n=128), curiosity_reward=0.0000
SPS: 2875
SPS: 2875
SPS: 2875
SPS: 2876
global_step=11468672, episodic_return=150.0 (n=128), curiosity_reward=0.0000
SPS: 2876
SPS: 2877
SPS: 2877
SPS: 2877
SPS: 2878
SPS: 2878
global_step=11550976, episodic_return=235.0 (n=128), curiosity_reward=0.0000
SPS: 2878
SPS: 2879
SPS: 2879
SPS: 2880
SPS: 2880
SPS: 2881
SPS: 2881
global_step=11678336, episodic_return=395.0 (n=128), curiosity_reward=0.0000
SPS: 2882
SPS: 2882
SPS: 2883
SPS: 2883
global_step=11735040, episodic_return=120.0 (n=128), curiosity_reward=0.0000
SPS: 2884
SPS: 2884
global_step=11768576, episodic_return=35.0 (n=128), curiosity_reward=0.0000
SPS: 2885
SPS: 2886
SPS: 2886
global_step=11817856, episodic_return=80.0 (n=128), curiosity_reward=0.0000
SPS: 2887
SPS: 2888
SPS: 2888
global_step=11870336, episodic_return=50.0 (n=128), curiosity_reward=0.0000
SPS: 2889
SPS: 2889
global_step=11909248, episodic_return=50.0 (n=128), curiosity_reward=0.0000
SPS: 2890
SPS: 2891
SPS: 2891
SPS: 2892
global_step=11963648, episodic_return=50.0 (n=128), curiosity_reward=0.0000
SPS: 2892
SPS: 2893
SPS: 2893
global_step=12024832, episodic_return=120.0 (n=128), curiosity_reward=0.0000
SPS: 2894
SPS: 2895
SPS: 2895
global_step=12070016, episodic_return=60.0 (n=128), curiosity_reward=0.0000
SPS: 2896
SPS: 2897
SPS: 2897
SPS: 2898
SPS: 2898
global_step=12150016, episodic_return=265.0 (n=128), curiosity_reward=0.0000
SPS: 2898
SPS: 2899
SPS: 2900
SPS: 2900
SPS: 2901
global_step=12226304, episodic_return=210.0 (n=128), curiosity_reward=0.0000
SPS: 2901
SPS: 2902
SPS: 2902
SPS: 2903
global_step=12302080, episodic_return=210.0 (n=128), curiosity_reward=0.0000
SPS: 2904
SPS: 2904
SPS: 2904
SPS: 2905
SPS: 2906
SPS: 2906
global_step=12399488, episodic_return=165.0 (n=128), curiosity_reward=0.0000
SPS: 2906
SPS: 2906
SPS: 2906
SPS: 2907
global_step=12458880, episodic_return=55.0 (n=128), curiosity_reward=0.0000
SPS: 2907
SPS: 2907
SPS: 2908
global_step=12502784, episodic_return=20.0 (n=128), curiosity_reward=0.0000
SPS: 2908
SPS: 2908
global_step=12541824, episodic_return=50.0 (n=128), curiosity_reward=0.0000
SPS: 2909
SPS: 2909
global_step=12578944, episodic_return=45.0 (n=128), curiosity_reward=0.0000
SPS: 2910
SPS: 2910
SPS: 2910
SPS: 2910
SPS: 2911
global_step=12651904, episodic_return=60.0 (n=128), curiosity_reward=0.0000
SPS: 2911
SPS: 2911
global_step=12691712, episodic_return=65.0 (n=128), curiosity_reward=0.0000
SPS: 2911
SPS: 2912
SPS: 2912
SPS: 2913
global_step=12754304, episodic_return=305.0 (n=128), curiosity_reward=0.0000
SPS: 2913
SPS: 2914
SPS: 2915
SPS: 2915
SPS: 2916
SPS: 2916
global_step=12846976, episodic_return=355.0 (n=128), curiosity_reward=0.0000
SPS: 2917
SPS: 2917
SPS: 2918
SPS: 2918
global_step=12915968, episodic_return=155.0 (n=128), curiosity_reward=0.0000
SPS: 2919
SPS: 2919
SPS: 2920
global_step=12963840, episodic_return=105.0 (n=128), curiosity_reward=0.0000
SPS: 2920
SPS: 2921
SPS: 2922
SPS: 2922
SPS: 2923
global_step=13057280, episodic_return=515.0 (n=128), curiosity_reward=0.0000
SPS: 2923
SPS: 2924
SPS: 2924
SPS: 2924
SPS: 2924
SPS: 2924
global_step=13147520, episodic_return=260.0 (n=128), curiosity_reward=0.0000
SPS: 2924
SPS: 2925
SPS: 2925
SPS: 2925
global_step=13214080, episodic_return=180.0 (n=128), curiosity_reward=0.0000
SPS: 2925
SPS: 2926
SPS: 2926
SPS: 2926
SPS: 2926
SPS: 2926
SPS: 2926
SPS: 2926
global_step=13341056, episodic_return=435.0 (n=128), curiosity_reward=0.0000
SPS: 2926
SPS: 2927
SPS: 2927
SPS: 2927
global_step=13402496, episodic_return=135.0 (n=128), curiosity_reward=0.0000
SPS: 2927
SPS: 2928
SPS: 2928
global_step=13454720, episodic_return=85.0 (n=128), curiosity_reward=0.0000
SPS: 2929
SPS: 2929
SPS: 2929
global_step=13516800, episodic_return=110.0 (n=128), curiosity_reward=0.0000
SPS: 2929
SPS: 2929
SPS: 2930
SPS: 2930
SPS: 2930
global_step=13589888, episodic_return=180.0 (n=128), curiosity_reward=0.0000
SPS: 2931
SPS: 2931
SPS: 2932
SPS: 2932
SPS: 2933
SPS: 2933
global_step=13686528, episodic_return=405.0 (n=128), curiosity_reward=0.0000
SPS: 2933
SPS: 2933
SPS: 2934
SPS: 2934
global_step=13748864, episodic_return=135.0 (n=128), curiosity_reward=0.0000
SPS: 2934
SPS: 2935
SPS: 2935
global_step=13798784, episodic_return=120.0 (n=128), curiosity_reward=0.0000
SPS: 2935
SPS: 2935
SPS: 2936
SPS: 2936
global_step=13867264, episodic_return=155.0 (n=128), curiosity_reward=0.0000
SPS: 2936
SPS: 2936
SPS: 2937
global_step=13920256, episodic_return=80.0 (n=128), curiosity_reward=0.0000
SPS: 2937
SPS: 2937
SPS: 2937
global_step=13974656, episodic_return=50.0 (n=128), curiosity_reward=0.0000
SPS: 2937
SPS: 2937
SPS: 2938
SPS: 2938
global_step=14039808, episodic_return=105.0 (n=128), curiosity_reward=0.0000
SPS: 2939
SPS: 2939
SPS: 2939
SPS: 2939
SPS: 2940
global_step=14107264, episodic_return=125.0 (n=128), curiosity_reward=0.0000
SPS: 2940
SPS: 2940
global_step=14153984, episodic_return=80.0 (n=128), curiosity_reward=0.0000
SPS: 2940
SPS: 2941
SPS: 2941
global_step=14204288, episodic_return=55.0 (n=128), curiosity_reward=0.0000
SPS: 2941
SPS: 2941
SPS: 2941
SPS: 2941
SPS: 2942
SPS: 2942
SPS: 2942
SPS: 2942
global_step=14320000, episodic_return=345.0 (n=128), curiosity_reward=0.0000
SPS: 2942
SPS: 2943
SPS: 2943
global_step=14382976, episodic_return=180.0 (n=128), curiosity_reward=0.0000
SPS: 2943
SPS: 2944
SPS: 2944
SPS: 2945
SPS: 2945
SPS: 2945
global_step=14469632, episodic_return=170.0 (n=128), curiosity_reward=0.0000
SPS: 2945
SPS: 2945
SPS: 2945
SPS: 2946
global_step=14538752, episodic_return=135.0 (n=128), curiosity_reward=0.0000
SPS: 2946
SPS: 2946
SPS: 2946
global_step=14582272, episodic_return=105.0 (n=128), curiosity_reward=0.0000
SPS: 2946
SPS: 2947
SPS: 2947
SPS: 2947
SPS: 2947
global_step=14674048, episodic_return=120.0 (n=128), curiosity_reward=0.0000
SPS: 2948
SPS: 2948
SPS: 2948
global_step=14724992, episodic_return=50.0 (n=128), curiosity_reward=0.0000
SPS: 2948
SPS: 2949
SPS: 2949
SPS: 2949
global_step=14793344, episodic_return=85.0 (n=128), curiosity_reward=0.0000
SPS: 2949
SPS: 2950
SPS: 2950
SPS: 2950
global_step=14857472, episodic_return=110.0 (n=128), curiosity_reward=0.0000
SPS: 2950
SPS: 2950
SPS: 2951
SPS: 2951
SPS: 2951
global_step=14936320, episodic_return=210.0 (n=128), curiosity_reward=0.0000
SPS: 2952
SPS: 2952
SPS: 2952
SPS: 2953
global_step=15001856, episodic_return=110.0 (n=128), curiosity_reward=0.0000
SPS: 2953
SPS: 2954
SPS: 2954
SPS: 2954
SPS: 2955
global_step=15086208, episodic_return=235.0 (n=128), curiosity_reward=0.0000
SPS: 2955
SPS: 2956
SPS: 2956
global_step=15125504, episodic_return=55.0 (n=128), curiosity_reward=0.0000
SPS: 2956
SPS: 2957
SPS: 2957
SPS: 2958
SPS: 2958
global_step=15205504, episodic_return=325.0 (n=128), curiosity_reward=0.0000
SPS: 2958
SPS: 2959
global_step=15244672, episodic_return=105.0 (n=128), curiosity_reward=0.0000
SPS: 2959
SPS: 2960
SPS: 2960
SPS: 2961
SPS: 2961
global_step=15330944, episodic_return=240.0 (n=128), curiosity_reward=0.0000
SPS: 2961
SPS: 2962
SPS: 2962
SPS: 2963
SPS: 2963
SPS: 2963
SPS: 2964
SPS: 2964
global_step=15460864, episodic_return=430.0 (n=128), curiosity_reward=0.0000
SPS: 2965
SPS: 2965
SPS: 2965
SPS: 2966
SPS: 2966
SPS: 2966
global_step=15552128, episodic_return=350.0 (n=128), curiosity_reward=0.0000
SPS: 2967
SPS: 2967
SPS: 2968
SPS: 2968
global_step=15621504, episodic_return=120.0 (n=128), curiosity_reward=0.0000
SPS: 2969
SPS: 2969
SPS: 2969
SPS: 2970
global_step=15692928, episodic_return=150.0 (n=128), curiosity_reward=0.0000
SPS: 2970
SPS: 2971
SPS: 2971
SPS: 2971
SPS: 2972
global_step=15762688, episodic_return=110.0 (n=128), curiosity_reward=0.0000
SPS: 2972
SPS: 2972
global_step=15809408, episodic_return=35.0 (n=128), curiosity_reward=0.0000
SPS: 2973
SPS: 2973
SPS: 2973
SPS: 2974
global_step=15869696, episodic_return=105.0 (n=128), curiosity_reward=0.0000
SPS: 2974
SPS: 2975
SPS: 2975
SPS: 2975
global_step=15933184, episodic_return=100.0 (n=128), curiosity_reward=0.0000
SPS: 2976
SPS: 2976
SPS: 2976
SPS: 2976
SPS: 2976
global_step=16023040, episodic_return=260.0 (n=128), curiosity_reward=0.0000
SPS: 2977
SPS: 2977
SPS: 2977
global_step=16067456, episodic_return=90.0 (n=128), curiosity_reward=0.0000
SPS: 2977
SPS: 2978
SPS: 2978
global_step=16119424, episodic_return=105.0 (n=128), curiosity_reward=0.0000
SPS: 2978
SPS: 2978
SPS: 2979
SPS: 2979
SPS: 2979
SPS: 2979
SPS: 2979
global_step=16226816, episodic_return=295.0 (n=128), curiosity_reward=0.0000
SPS: 2979
SPS: 2980
SPS: 2980
global_step=16277632, episodic_return=120.0 (n=128), curiosity_reward=0.0000
SPS: 2980
SPS: 2981
SPS: 2981
SPS: 2981
global_step=16339584, episodic_return=155.0 (n=128), curiosity_reward=0.0000
SPS: 2982
SPS: 2982
global_step=16377472, episodic_return=65.0 (n=128), curiosity_reward=0.0000
SPS: 2982
SPS: 2982
global_step=16414208, episodic_return=90.0 (n=128), curiosity_reward=0.0000
SPS: 2983
SPS: 2983
SPS: 2983
global_step=16451328, episodic_return=45.0 (n=128), curiosity_reward=0.0000
SPS: 2983
SPS: 2983
SPS: 2984
SPS: 2984
SPS: 2984
SPS: 2984
global_step=16556800, episodic_return=180.0 (n=128), curiosity_reward=0.0000
SPS: 2984
SPS: 2985
global_step=16595072, episodic_return=95.0 (n=128), curiosity_reward=0.0000
SPS: 2985
SPS: 2985
SPS: 2985
SPS: 2985
global_step=16661248, episodic_return=135.0 (n=128), curiosity_reward=0.0000
SPS: 2985
SPS: 2985
SPS: 2986
SPS: 2986
global_step=16722944, episodic_return=135.0 (n=128), curiosity_reward=0.0000
SPS: 2986
SPS: 2986
SPS: 2986
SPS: 2987
global_step=16786304, episodic_return=135.0 (n=128), curiosity_reward=0.0000
SPS: 2987
SPS: 2988
SPS: 2988
global_step=16831104, episodic_return=35.0 (n=128), curiosity_reward=0.0000
SPS: 2988
SPS: 2988
SPS: 2989
global_step=16877568, episodic_return=50.0 (n=128), curiosity_reward=0.0000
SPS: 2989
SPS: 2990
SPS: 2990
SPS: 2990
global_step=16949120, episodic_return=135.0 (n=128), curiosity_reward=0.0000
SPS: 2991
SPS: 2991
SPS: 2991
SPS: 2992
global_step=17022848, episodic_return=105.0 (n=128), curiosity_reward=0.0000
SPS: 2992
SPS: 2992
SPS: 2993
SPS: 2993
global_step=17080960, episodic_return=75.0 (n=128), curiosity_reward=0.0000
SPS: 2994
SPS: 2994
SPS: 2994
SPS: 2994
global_step=17149056, episodic_return=65.0 (n=128), curiosity_reward=0.0000
SPS: 2995
SPS: 2995
SPS: 2995
global_step=17201920, episodic_return=80.0 (n=128), curiosity_reward=0.0000
SPS: 2996
SPS: 2996
SPS: 2996
global_step=17239680, episodic_return=30.0 (n=128), curiosity_reward=0.0000
SPS: 2996
SPS: 2997
SPS: 2997
global_step=17300608, episodic_return=105.0 (n=128), curiosity_reward=0.0000
SPS: 2997
SPS: 2998
SPS: 2998
global_step=17344256, episodic_return=80.0 (n=128), curiosity_reward=0.0000
SPS: 2999
SPS: 2999
SPS: 2999
SPS: 3000
global_step=17405824, episodic_return=110.0 (n=128), curiosity_reward=0.0000
SPS: 3000
SPS: 3000
SPS: 3001
SPS: 3001
global_step=17467776, episodic_return=120.0 (n=128), curiosity_reward=0.0000
SPS: 3001
SPS: 3002
SPS: 3002
global_step=17520768, episodic_return=110.0 (n=128), curiosity_reward=0.0000
SPS: 3002
SPS: 3002
SPS: 3003
SPS: 3003
SPS: 3003
SPS: 3003
global_step=17614464, episodic_return=310.0 (n=128), curiosity_reward=0.0000
SPS: 3004
SPS: 3004
SPS: 3004
global_step=17675008, episodic_return=110.0 (n=128), curiosity_reward=0.0000
SPS: 3004
SPS: 3004
SPS: 3004
global_step=17723008, episodic_return=105.0 (n=128), curiosity_reward=0.0000
SPS: 3005
SPS: 3005
SPS: 3005
SPS: 3005
SPS: 3005
global_step=17799808, episodic_return=180.0 (n=128), curiosity_reward=0.0000
SPS: 3006
SPS: 3006
SPS: 3006
SPS: 3006
SPS: 3006
SPS: 3006
SPS: 3007
SPS: 3007
global_step=17934720, episodic_return=290.0 (n=128), curiosity_reward=0.0000
SPS: 3007
SPS: 3007
SPS: 3007
global_step=17973888, episodic_return=75.0 (n=128), curiosity_reward=0.0000
SPS: 3007
SPS: 3007
global_step=18012928, episodic_return=60.0 (n=128), curiosity_reward=0.0000
SPS: 3007
SPS: 3008
SPS: 3008
SPS: 3008
SPS: 3008
SPS: 3008
SPS: 3008
global_step=18136448, episodic_return=385.0 (n=128), curiosity_reward=0.0000
SPS: 3009
SPS: 3009
SPS: 3009
global_step=18186112, episodic_return=55.0 (n=128), curiosity_reward=0.0000
SPS: 3009
SPS: 3009
SPS: 3009
global_step=18228480, episodic_return=75.0 (n=128), curiosity_reward=0.0000
SPS: 3009
SPS: 3009
SPS: 3010
SPS: 3010
SPS: 3010
SPS: 3010
SPS: 3010
SPS: 3010
global_step=18354304, episodic_return=385.0 (n=128), curiosity_reward=0.0000
SPS: 3010
SPS: 3011
SPS: 3011
SPS: 3011
global_step=18420480, episodic_return=130.0 (n=128), curiosity_reward=0.0000
SPS: 3011
SPS: 3011
SPS: 3011
global_step=18469632, episodic_return=90.0 (n=128), curiosity_reward=0.0000
SPS: 3011
SPS: 3011
SPS: 3012
global_step=18517376, episodic_return=30.0 (n=128), curiosity_reward=0.0000
SPS: 3012
SPS: 3012
SPS: 3012
global_step=18577792, episodic_return=30.0 (n=128), curiosity_reward=0.0000
SPS: 3012
SPS: 3012
SPS: 3012
global_step=18621696, episodic_return=55.0 (n=128), curiosity_reward=0.0000
SPS: 3013
SPS: 3013
SPS: 3013
global_step=18671232, episodic_return=85.0 (n=128), curiosity_reward=0.0000
SPS: 3013
SPS: 3013
global_step=18710400, episodic_return=80.0 (n=128), curiosity_reward=0.0000
SPS: 3013
SPS: 3014
SPS: 3014
SPS: 3014
SPS: 3014
SPS: 3014
SPS: 3014
SPS: 3014
global_step=18840320, episodic_return=410.0 (n=128), curiosity_reward=0.0000
SPS: 3015
SPS: 3014
SPS: 3015
SPS: 3015
global_step=18899456, episodic_return=90.0 (n=128), curiosity_reward=0.0000
SPS: 3014
SPS: 3014
SPS: 3015
global_step=18952192, episodic_return=80.0 (n=128), curiosity_reward=0.0000
SPS: 3015
SPS: 3015
SPS: 3015
SPS: 3015
global_step=19013760, episodic_return=105.0 (n=128), curiosity_reward=0.0000
SPS: 3015
SPS: 3015
SPS: 3015
global_step=19064064, episodic_return=125.0 (n=128), curiosity_reward=0.0000
SPS: 3016
SPS: 3016
SPS: 3016
SPS: 3016
SPS: 3016
SPS: 3016
global_step=19160704, episodic_return=125.0 (n=128), curiosity_reward=0.0000
SPS: 3017
SPS: 3017
SPS: 3017
global_step=19217920, episodic_return=120.0 (n=128), curiosity_reward=0.0000
SPS: 3017
SPS: 3017
SPS: 3017
SPS: 3018
SPS: 3018
global_step=19294080, episodic_return=120.0 (n=128), curiosity_reward=0.0000
SPS: 3018
SPS: 3018
SPS: 3018
SPS: 3018
SPS: 3018
global_step=19369728, episodic_return=210.0 (n=128), curiosity_reward=0.0000
SPS: 3018
SPS: 3018
SPS: 3018
global_step=19421696, episodic_return=80.0 (n=128), curiosity_reward=0.0000
SPS: 3018
SPS: 3019
global_step=19457024, episodic_return=65.0 (n=128), curiosity_reward=0.0000
SPS: 3019
SPS: 3019
SPS: 3019
SPS: 3020
SPS: 3020
global_step=19530752, episodic_return=165.0 (n=128), curiosity_reward=0.0000
SPS: 3020
SPS: 3020
SPS: 3021
SPS: 3021
global_step=19606784, episodic_return=155.0 (n=128), curiosity_reward=0.0000
SPS: 3021
SPS: 3022
global_step=19644288, episodic_return=60.0 (n=128), curiosity_reward=0.0000
SPS: 3022
SPS: 3022
SPS: 3022
SPS: 3023
SPS: 3023
global_step=19718144, episodic_return=340.0 (n=128), curiosity_reward=0.0000
SPS: 3023
SPS: 3023
SPS: 3024
global_step=19760640, episodic_return=75.0 (n=128), curiosity_reward=0.0000
SPS: 3024
SPS: 3024
SPS: 3025
SPS: 3025
SPS: 3025
SPS: 3025
SPS: 3026
global_step=19877376, episodic_return=335.0 (n=128), curiosity_reward=0.0000
SPS: 3026
SPS: 3026
SPS: 3026
SPS: 3027
SPS: 3027
global_step=19965312, episodic_return=170.0 (n=128), curiosity_reward=0.0000
SPS: 3027
SPS: 3028
SPS: 3028
SPS: 3028
SPS: 3028
global_step=20038912, episodic_return=110.0 (n=128), curiosity_reward=0.0000
SPS: 3029
SPS: 3029
SPS: 3029
SPS: 3029
global_step=20118784, episodic_return=135.0 (n=128), curiosity_reward=0.0000
SPS: 3030
SPS: 3030
SPS: 3030
global_step=20162304, episodic_return=75.0 (n=128), curiosity_reward=0.0000
SPS: 3030
SPS: 3030
SPS: 3030
SPS: 3030
global_step=20222592, episodic_return=210.0 (n=128), curiosity_reward=0.0000
SPS: 3031
SPS: 3031
global_step=20259840, episodic_return=60.0 (n=128), curiosity_reward=0.0000
SPS: 3031
SPS: 3031
SPS: 3031
global_step=20308096, episodic_return=105.0 (n=128), curiosity_reward=0.0000
SPS: 3031
SPS: 3031
SPS: 3031
global_step=20353024, episodic_return=65.0 (n=128), curiosity_reward=0.0000
SPS: 3032
SPS: 3032
SPS: 3032
SPS: 3032
SPS: 3032
global_step=20432000, episodic_return=155.0 (n=128), curiosity_reward=0.0000
SPS: 3032
SPS: 3032
SPS: 3032
SPS: 3032
SPS: 3033
SPS: 3033
SPS: 3033
global_step=20549120, episodic_return=315.0 (n=128), curiosity_reward=0.0000
SPS: 3034
SPS: 3034
SPS: 3034
SPS: 3034
global_step=20616448, episodic_return=155.0 (n=128), curiosity_reward=0.0000
SPS: 3035
SPS: 3035
SPS: 3035
SPS: 3035
global_step=20690944, episodic_return=105.0 (n=128), curiosity_reward=0.0000
SPS: 3035
SPS: 3035
SPS: 3036
SPS: 3036
global_step=20749568, episodic_return=125.0 (n=128), curiosity_reward=0.0000
SPS: 3036
SPS: 3036
SPS: 3036
global_step=20798336, episodic_return=60.0 (n=128), curiosity_reward=0.0000
SPS: 3037
SPS: 3037
SPS: 3037
global_step=20843264, episodic_return=110.0 (n=128), curiosity_reward=0.0000
SPS: 3037
SPS: 3037
SPS: 3038
global_step=20893696, episodic_return=110.0 (n=128), curiosity_reward=0.0000
SPS: 3038
SPS: 3038
SPS: 3038
SPS: 3039
global_step=20965120, episodic_return=155.0 (n=128), curiosity_reward=0.0000
SPS: 3039
SPS: 3039
SPS: 3039
SPS: 3039
SPS: 3039
global_step=21042944, episodic_return=80.0 (n=128), curiosity_reward=0.0000
SPS: 3039
SPS: 3040
SPS: 3040
SPS: 3040
global_step=21106176, episodic_return=120.0 (n=128), curiosity_reward=0.0000
SPS: 3040
SPS: 3040
SPS: 3040
SPS: 3040
global_step=21179776, episodic_return=110.0 (n=128), curiosity_reward=0.0000
SPS: 3041
SPS: 3041
SPS: 3041
global_step=21231360, episodic_return=110.0 (n=128), curiosity_reward=0.0000
SPS: 3041
SPS: 3041
SPS: 3041
SPS: 3041
global_step=21294080, episodic_return=100.0 (n=128), curiosity_reward=0.0000
SPS: 3041
SPS: 3041
SPS: 3042
global_step=21334400, episodic_return=45.0 (n=128), curiosity_reward=0.0000
SPS: 3042
SPS: 3042
SPS: 3042
SPS: 3042
global_step=21400448, episodic_return=125.0 (n=128), curiosity_reward=0.0000
SPS: 3042
SPS: 3042
SPS: 3042
global_step=21454976, episodic_return=135.0 (n=128), curiosity_reward=0.0000
SPS: 3042
SPS: 3043
SPS: 3043
SPS: 3043
global_step=21516544, episodic_return=190.0 (n=128), curiosity_reward=0.0000
SPS: 3043
SPS: 3043
SPS: 3043
SPS: 3043
global_step=21590272, episodic_return=165.0 (n=128), curiosity_reward=0.0000
SPS: 3044
SPS: 3044
SPS: 3044
SPS: 3044
global_step=21648000, episodic_return=90.0 (n=128), curiosity_reward=0.0000
SPS: 3044
SPS: 3044
SPS: 3044
SPS: 3044
global_step=21711104, episodic_return=120.0 (n=128), curiosity_reward=0.0000
SPS: 3044
SPS: 3044
SPS: 3045
SPS: 3045
global_step=21779456, episodic_return=210.0 (n=128), curiosity_reward=0.0000
SPS: 3045
SPS: 3045
SPS: 3045
SPS: 3045
SPS: 3045
global_step=21860992, episodic_return=210.0 (n=128), curiosity_reward=0.0000
SPS: 3046
SPS: 3046
SPS: 3046
SPS: 3046
global_step=21929344, episodic_return=310.0 (n=128), curiosity_reward=0.0000
SPS: 3046
SPS: 3046
SPS: 3046
global_step=21976192, episodic_return=35.0 (n=128), curiosity_reward=0.0000
SPS: 3046
SPS: 3047
global_step=22013952, episodic_return=10.0 (n=128), curiosity_reward=0.0000
SPS: 3047
SPS: 3047
SPS: 3047
SPS: 3047
global_step=22072064, episodic_return=105.0 (n=128), curiosity_reward=0.0000
SPS: 3047
SPS: 3047
global_step=22109824, episodic_return=60.0 (n=128), curiosity_reward=0.0000
SPS: 3047
SPS: 3048
SPS: 3048
global_step=22162048, episodic_return=105.0 (n=128), curiosity_reward=0.0000
SPS: 3048
SPS: 3048
SPS: 3048
SPS: 3048
SPS: 3048
global_step=22233728, episodic_return=155.0 (n=128), curiosity_reward=0.0000
SPS: 3049
SPS: 3049
SPS: 3049
SPS: 3049
global_step=22313856, episodic_return=195.0 (n=128), curiosity_reward=0.0000
SPS: 3049
SPS: 3050
SPS: 3050
SPS: 3050
SPS: 3050
SPS: 3050
global_step=22401536, episodic_return=240.0 (n=128), curiosity_reward=0.0000
SPS: 3050
SPS: 3051
SPS: 3051
global_step=22449152, episodic_return=30.0 (n=128), curiosity_reward=0.0000
SPS: 3051
SPS: 3051
SPS: 3051
global_step=22498176, episodic_return=80.0 (n=128), curiosity_reward=0.0000
SPS: 3051
SPS: 3051
SPS: 3051
global_step=22554112, episodic_return=60.0 (n=128), curiosity_reward=0.0000
SPS: 3051
SPS: 3052
SPS: 3052
global_step=22601984, episodic_return=115.0 (n=128), curiosity_reward=0.0000
SPS: 3052
SPS: 3052
SPS: 3052
SPS: 3052
global_step=22672640, episodic_return=175.0 (n=128), curiosity_reward=0.0000
SPS: 3052
SPS: 3052
SPS: 3053
SPS: 3053
SPS: 3053
SPS: 3053
SPS: 3054
SPS: 3054
global_step=22794624, episodic_return=225.0 (n=128), curiosity_reward=0.0000
SPS: 3054
SPS: 3054
SPS: 3054
SPS: 3055
global_step=22870784, episodic_return=335.0 (n=128), curiosity_reward=0.0000
SPS: 3055
SPS: 3055
SPS: 3055
SPS: 3055
SPS: 3056
global_step=22944640, episodic_return=180.0 (n=128), curiosity_reward=0.0000
SPS: 3056
SPS: 3056
SPS: 3056
global_step=22995584, episodic_return=125.0 (n=128), curiosity_reward=0.0000
SPS: 3056
SPS: 3056
SPS: 3057
SPS: 3057
global_step=23058560, episodic_return=150.0 (n=128), curiosity_reward=0.0000
SPS: 3057
SPS: 3057
global_step=23101312, episodic_return=135.0 (n=128), curiosity_reward=0.0000
SPS: 3057
SPS: 3057
SPS: 3057
SPS: 3057
SPS: 3057
global_step=23179648, episodic_return=170.0 (n=128), curiosity_reward=0.0000
SPS: 3057
SPS: 3057
SPS: 3057
global_step=23217792, episodic_return=45.0 (n=128), curiosity_reward=0.0000
SPS: 3057
SPS: 3057
SPS: 3057
global_step=23279232, episodic_return=50.0 (n=128), curiosity_reward=0.0000
SPS: 3057
SPS: 3058
SPS: 3057
SPS: 3058
global_step=23344896, episodic_return=155.0 (n=128), curiosity_reward=0.0000
SPS: 3058
SPS: 3058
SPS: 3058
SPS: 3059
SPS: 3059
global_step=23413760, episodic_return=110.0 (n=128), curiosity_reward=0.0000
SPS: 3059
SPS: 3059
SPS: 3060
global_step=23463424, episodic_return=90.0 (n=128), curiosity_reward=0.0000
SPS: 3060
SPS: 3060
SPS: 3060
global_step=23513856, episodic_return=80.0 (n=128), curiosity_reward=0.0000
SPS: 3060
SPS: 3061
global_step=23553152, episodic_return=70.0 (n=128), curiosity_reward=0.0000
SPS: 3061
SPS: 3061
SPS: 3061
SPS: 3062
global_step=23619712, episodic_return=120.0 (n=128), curiosity_reward=0.0000
SPS: 3062
SPS: 3062
SPS: 3062
SPS: 3062
SPS: 3062
global_step=23695872, episodic_return=180.0 (n=128), curiosity_reward=0.0000
SPS: 3063
SPS: 3063
SPS: 3063
SPS: 3063
SPS: 3063
global_step=23783296, episodic_return=335.0 (n=128), curiosity_reward=0.0000
SPS: 3063
SPS: 3063
SPS: 3063
global_step=23822848, episodic_return=90.0 (n=128), curiosity_reward=0.0000
SPS: 3063
SPS: 3063
SPS: 3063
SPS: 3063
SPS: 3063
SPS: 3063
global_step=23935744, episodic_return=605.0 (n=128), curiosity_reward=0.0000
SPS: 3063
SPS: 3063
SPS: 3063
global_step=23972736, episodic_return=80.0 (n=128), curiosity_reward=0.0000
SPS: 3063
SPS: 3064
SPS: 3064
global_step=24024576, episodic_return=80.0 (n=128), curiosity_reward=0.0000
SPS: 3064
SPS: 3064
SPS: 3064
SPS: 3064
global_step=24089472, episodic_return=155.0 (n=128), curiosity_reward=0.0000
SPS: 3064
SPS: 3064
SPS: 3064
global_step=24138624, episodic_return=80.0 (n=128), curiosity_reward=0.0000
SPS: 3065
SPS: 3065
SPS: 3065
SPS: 3065
global_step=24200576, episodic_return=105.0 (n=128), curiosity_reward=0.0000
SPS: 3065
SPS: 3065
SPS: 3065
global_step=24263936, episodic_return=105.0 (n=128), curiosity_reward=0.0000
SPS: 3065
SPS: 3066
SPS: 3066
SPS: 3066
global_step=24324864, episodic_return=155.0 (n=128), curiosity_reward=0.0000
SPS: 3066
SPS: 3066
SPS: 3066
SPS: 3066
SPS: 3066
SPS: 3066
SPS: 3066
global_step=24431104, episodic_return=280.0 (n=128), curiosity_reward=0.0000
SPS: 3066
SPS: 3066
SPS: 3066
global_step=24488064, episodic_return=130.0 (n=128), curiosity_reward=0.0000
SPS: 3066
SPS: 3066
SPS: 3067
SPS: 3067
global_step=24559104, episodic_return=120.0 (n=128), curiosity_reward=0.0000
SPS: 3067
SPS: 3067
SPS: 3067
SPS: 3068
SPS: 3068
global_step=24625792, episodic_return=105.0 (n=128), curiosity_reward=0.0000
SPS: 3068
SPS: 3068
global_step=24664320, episodic_return=20.0 (n=128), curiosity_reward=0.0000
SPS: 3069
SPS: 3069
SPS: 3069
global_step=24712192, episodic_return=10.0 (n=128), curiosity_reward=0.0000
SPS: 3069
SPS: 3069
SPS: 3070
SPS: 3070
SPS: 3070
global_step=24791296, episodic_return=230.0 (n=128), curiosity_reward=0.0000
SPS: 3070
SPS: 3070
SPS: 3070
global_step=24839168, episodic_return=60.0 (n=128), curiosity_reward=0.0000
SPS: 3070
SPS: 3071
SPS: 3071
SPS: 3071
global_step=24909568, episodic_return=210.0 (n=128), curiosity_reward=0.0000
SPS: 3071
SPS: 3071
global_step=24947200, episodic_return=80.0 (n=128), curiosity_reward=0.0000
SPS: 3071
SPS: 3071
SPS: 3071
SPS: 3071
global_step=25017984, episodic_return=180.0 (n=128), curiosity_reward=0.0000
SPS: 3072
SPS: 3072
SPS: 3072
SPS: 3072
global_step=25071360, episodic_return=155.0 (n=128), curiosity_reward=0.0000
SPS: 3072
SPS: 3072
SPS: 3072
SPS: 3073
SPS: 3073
SPS: 3073
SPS: 3073
global_step=25191040, episodic_return=455.0 (n=128), curiosity_reward=0.0000
SPS: 3073
SPS: 3073
SPS: 3074
SPS: 3074
global_step=25253760, episodic_return=80.0 (n=128), curiosity_reward=0.0000
SPS: 3074
SPS: 3074
SPS: 3074
global_step=25313152, episodic_return=135.0 (n=128), curiosity_reward=0.0000
SPS: 3074
SPS: 3074
SPS: 3074
SPS: 3074
global_step=25371136, episodic_return=65.0 (n=128), curiosity_reward=0.0000
SPS: 3075
SPS: 3075
global_step=25408768, episodic_return=30.0 (n=128), curiosity_reward=0.0000
SPS: 3075
SPS: 3075
SPS: 3075
SPS: 3076
global_step=25470208, episodic_return=105.0 (n=128), curiosity_reward=0.0000
SPS: 3076
SPS: 3076
SPS: 3076
SPS: 3076
global_step=25528320, episodic_return=50.0 (n=128), curiosity_reward=0.0000
SPS: 3076
SPS: 3076
SPS: 3077
SPS: 3077
global_step=25598848, episodic_return=120.0 (n=128), curiosity_reward=0.0000
SPS: 3077
SPS: 3077
SPS: 3077
SPS: 3077
global_step=25663744, episodic_return=90.0 (n=128), curiosity_reward=0.0000
SPS: 3078
SPS: 3078
global_step=25701376, episodic_return=50.0 (n=128), curiosity_reward=0.0000
SPS: 3078
SPS: 3078
SPS: 3078
global_step=25749120, episodic_return=90.0 (n=128), curiosity_reward=0.0000
SPS: 3078
SPS: 3079
SPS: 3079
SPS: 3079
global_step=25818240, episodic_return=125.0 (n=128), curiosity_reward=0.0000
SPS: 3079
SPS: 3079
SPS: 3080
SPS: 3080
global_step=25878656, episodic_return=45.0 (n=128), curiosity_reward=0.0000
SPS: 3080
SPS: 3080
SPS: 3080
SPS: 3080
SPS: 3081
global_step=25953536, episodic_return=110.0 (n=128), curiosity_reward=0.0000
SPS: 3081
SPS: 3081
SPS: 3081
SPS: 3081
SPS: 3082
global_step=26038656, episodic_return=170.0 (n=128), curiosity_reward=0.0000
SPS: 3082
SPS: 3082
global_step=26076160, episodic_return=55.0 (n=128), curiosity_reward=0.0000
SPS: 3082
SPS: 3082
SPS: 3083
SPS: 3083
global_step=26144128, episodic_return=120.0 (n=128), curiosity_reward=0.0000
SPS: 3083
SPS: 3083
SPS: 3083
SPS: 3083
global_step=26200064, episodic_return=30.0 (n=128), curiosity_reward=0.0000
SPS: 3084
SPS: 3084
SPS: 3084
global_step=26251520, episodic_return=45.0 (n=128), curiosity_reward=0.0000
SPS: 3084
SPS: 3084
SPS: 3085
SPS: 3085
SPS: 3085
global_step=26329344, episodic_return=260.0 (n=128), curiosity_reward=0.0000
SPS: 3085
SPS: 3085
global_step=26377856, episodic_return=125.0 (n=128), curiosity_reward=0.0000
SPS: 3085
SPS: 3086
SPS: 3086
SPS: 3086
global_step=26441472, episodic_return=65.0 (n=128), curiosity_reward=0.0000
SPS: 3086
SPS: 3086
SPS: 3086
SPS: 3087
global_step=26509184, episodic_return=135.0 (n=128), curiosity_reward=0.0000
SPS: 3087
SPS: 3087
SPS: 3087
global_step=26546560, episodic_return=35.0 (n=128), curiosity_reward=0.0000
SPS: 3087
SPS: 3087
global_step=26590464, episodic_return=135.0 (n=128), curiosity_reward=0.0000
SPS: 3088
SPS: 3088
SPS: 3088
SPS: 3088
SPS: 3088
SPS: 3088
global_step=26681088, episodic_return=300.0 (n=128), curiosity_reward=0.0000
SPS: 3088
SPS: 3088
SPS: 3088
SPS: 3088
global_step=26743296, episodic_return=155.0 (n=128), curiosity_reward=0.0000
SPS: 3088
SPS: 3088
SPS: 3088
SPS: 3089
global_step=26805120, episodic_return=75.0 (n=128), curiosity_reward=0.0000
SPS: 3089
SPS: 3089
SPS: 3089
global_step=26867200, episodic_return=155.0 (n=128), curiosity_reward=0.0000
SPS: 3089
SPS: 3089
SPS: 3089
global_step=26916480, episodic_return=80.0 (n=128), curiosity_reward=0.0000
SPS: 3089
SPS: 3089
SPS: 3089
SPS: 3090
SPS: 3090
SPS: 3090
global_step=27014528, episodic_return=245.0 (n=128), curiosity_reward=0.0000
SPS: 3090
SPS: 3090
SPS: 3090
SPS: 3090
SPS: 3090
global_step=27083648, episodic_return=135.0 (n=128), curiosity_reward=0.0000
SPS: 3090
SPS: 3090
SPS: 3090
SPS: 3091
global_step=27153536, episodic_return=185.0 (n=128), curiosity_reward=0.0000
SPS: 3091
SPS: 3091
SPS: 3091
SPS: 3091
global_step=27227904, episodic_return=110.0 (n=128), curiosity_reward=0.0000
SPS: 3091
SPS: 3091
SPS: 3091
SPS: 3091
global_step=27281536, episodic_return=120.0 (n=128), curiosity_reward=0.0000
SPS: 3091
SPS: 3091
SPS: 3091
global_step=27334912, episodic_return=55.0 (n=128), curiosity_reward=0.0000
SPS: 3091
SPS: 3091
SPS: 3092
global_step=27387136, episodic_return=75.0 (n=128), curiosity_reward=0.0000
SPS: 3092
SPS: 3092
global_step=27420800, episodic_return=45.0 (n=128), curiosity_reward=0.0000
SPS: 3092
SPS: 3092
SPS: 3092
SPS: 3093
global_step=27478912, episodic_return=120.0 (n=128), curiosity_reward=0.0000
SPS: 3093
SPS: 3093
SPS: 3093
global_step=27532544, episodic_return=120.0 (n=128), curiosity_reward=0.0000
SPS: 3093
SPS: 3093
SPS: 3094
global_step=27583872, episodic_return=20.0 (n=128), curiosity_reward=0.0000
SPS: 3094
SPS: 3094
SPS: 3094
SPS: 3094
global_step=27642624, episodic_return=75.0 (n=128), curiosity_reward=0.0000
SPS: 3094
SPS: 3094
SPS: 3094
SPS: 3095
global_step=27719424, episodic_return=160.0 (n=128), curiosity_reward=0.0000
SPS: 3095
SPS: 3095
SPS: 3095
SPS: 3095
global_step=27781632, episodic_return=110.0 (n=128), curiosity_reward=0.0000
SPS: 3095
SPS: 3095
SPS: 3095
SPS: 3095
global_step=27843328, episodic_return=210.0 (n=128), curiosity_reward=0.0000
SPS: 3095
SPS: 3096
SPS: 3096
SPS: 3096
global_step=27915776, episodic_return=140.0 (n=128), curiosity_reward=0.0000
SPS: 3096
SPS: 3096
SPS: 3096
SPS: 3096
global_step=27972864, episodic_return=30.0 (n=128), curiosity_reward=0.0000
SPS: 3096
SPS: 3097
SPS: 3097
SPS: 3097
global_step=28034688, episodic_return=80.0 (n=128), curiosity_reward=0.0000
SPS: 3097
SPS: 3097
SPS: 3097
global_step=28097152, episodic_return=120.0 (n=128), curiosity_reward=0.0000
SPS: 3097
SPS: 3097
SPS: 3098
SPS: 3098
global_step=28155648, episodic_return=120.0 (n=128), curiosity_reward=0.0000
SPS: 3098
SPS: 3098
SPS: 3098
SPS: 3098
global_step=28221312, episodic_return=155.0 (n=128), curiosity_reward=0.0000
SPS: 3098
SPS: 3098
SPS: 3098
SPS: 3098
global_step=28285568, episodic_return=170.0 (n=128), curiosity_reward=0.0000
SPS: 3098
SPS: 3098
SPS: 3098
SPS: 3098
SPS: 3098
SPS: 3098
global_step=28392320, episodic_return=230.0 (n=128), curiosity_reward=0.0000
SPS: 3098
SPS: 3098
SPS: 3098
SPS: 3099
SPS: 3099
global_step=28463744, episodic_return=225.0 (n=128), curiosity_reward=0.0000
SPS: 3099
SPS: 3099
global_step=28503680, episodic_return=105.0 (n=128), curiosity_reward=0.0000
SPS: 3099
SPS: 3099
SPS: 3100
global_step=28548864, episodic_return=180.0 (n=128), curiosity_reward=0.0000
SPS: 3100
SPS: 3100
SPS: 3100
SPS: 3100
global_step=28612096, episodic_return=90.0 (n=128), curiosity_reward=0.0000
SPS: 3100
SPS: 3101
SPS: 3101
global_step=28666496, episodic_return=120.0 (n=128), curiosity_reward=0.0000
SPS: 3101
SPS: 3101
SPS: 3101
SPS: 3101
global_step=28726144, episodic_return=90.0 (n=128), curiosity_reward=0.0000
SPS: 3101
SPS: 3101
global_step=28763392, episodic_return=80.0 (n=128), curiosity_reward=0.0000
SPS: 3101
SPS: 3101
SPS: 3102
global_step=28809728, episodic_return=35.0 (n=128), curiosity_reward=0.0000
SPS: 3102
SPS: 3102
SPS: 3102
SPS: 3102
global_step=28884608, episodic_return=350.0 (n=128), curiosity_reward=0.0000
SPS: 3102
SPS: 3102
SPS: 3102
SPS: 3103
SPS: 3103
global_step=28954112, episodic_return=180.0 (n=128), curiosity_reward=0.0000
SPS: 3103
SPS: 3103
SPS: 3103
SPS: 3103
SPS: 3104
SPS: 3104
global_step=29062144, episodic_return=230.0 (n=128), curiosity_reward=0.0000
SPS: 3104
SPS: 3104
SPS: 3104
global_step=29106048, episodic_return=85.0 (n=128), curiosity_reward=0.0000
SPS: 3104
SPS: 3104
SPS: 3104
SPS: 3104
global_step=29170944, episodic_return=135.0 (n=128), curiosity_reward=0.0000
SPS: 3105
SPS: 3105
SPS: 3105
SPS: 3105
global_step=29241600, episodic_return=120.0 (n=128), curiosity_reward=0.0000
SPS: 3105
SPS: 3105
SPS: 3105
global_step=29294208, episodic_return=75.0 (n=128), curiosity_reward=0.0000
SPS: 3105
SPS: 3105
SPS: 3105
global_step=29343360, episodic_return=135.0 (n=128), curiosity_reward=0.0000
SPS: 3105
SPS: 3105
SPS: 3105
SPS: 3106
SPS: 3106
SPS: 3106
SPS: 3106
global_step=29457280, episodic_return=410.0 (n=128), curiosity_reward=0.0000
SPS: 3106
SPS: 3106
SPS: 3106
SPS: 3106
SPS: 3106
global_step=29533312, episodic_return=210.0 (n=128), curiosity_reward=0.0000
SPS: 3106
SPS: 3106
SPS: 3106
SPS: 3107
SPS: 3107
SPS: 3107
global_step=29634816, episodic_return=285.0 (n=128), curiosity_reward=0.0000
SPS: 3107
SPS: 3107
SPS: 3107
global_step=29676416, episodic_return=55.0 (n=128), curiosity_reward=0.0000
SPS: 3108
SPS: 3108
SPS: 3108
SPS: 3108
global_step=29739776, episodic_return=110.0 (n=128), curiosity_reward=0.0000
SPS: 3108
SPS: 3108
SPS: 3109
global_step=29788544, episodic_return=120.0 (n=128), curiosity_reward=0.0000
SPS: 3109
SPS: 3109
SPS: 3109
SPS: 3109
SPS: 3109
global_step=29869184, episodic_return=290.0 (n=128), curiosity_reward=0.0000
SPS: 3109
SPS: 3110
SPS: 3110
global_step=29932416, episodic_return=150.0 (n=128), curiosity_reward=0.0000
SPS: 3110
SPS: 3110
SPS: 3110
SPS: 3110
global_step=29992320, episodic_return=90.0 (n=128), curiosity_reward=0.0000
SPS: 3110
SPS: 3111
SPS: 3111
global_step=30037376, episodic_return=35.0 (n=128), curiosity_reward=0.0000
SPS: 3111
SPS: 3111
SPS: 3111
SPS: 3111
SPS: 3111
global_step=30128768, episodic_return=185.0 (n=128), curiosity_reward=0.0000
SPS: 3112
SPS: 3112
SPS: 3112
global_step=30178048, episodic_return=45.0 (n=128), curiosity_reward=0.0000
SPS: 3112
SPS: 3112
SPS: 3112
global_step=30226176, episodic_return=120.0 (n=128), curiosity_reward=0.0000
SPS: 3112
SPS: 3112
SPS: 3112
global_step=30262272, episodic_return=55.0 (n=128), curiosity_reward=0.0000
SPS: 3112
SPS: 3112
SPS: 3112
global_step=30316800, episodic_return=45.0 (n=128), curiosity_reward=0.0000
SPS: 3112
SPS: 3112
SPS: 3113
SPS: 3112
global_step=30389632, episodic_return=215.0 (n=128), curiosity_reward=0.0000
SPS: 3112
SPS: 3112
SPS: 3112
SPS: 3112
SPS: 3112
global_step=30471296, episodic_return=110.0 (n=128), curiosity_reward=0.0000
SPS: 3112
SPS: 3112
SPS: 3113
SPS: 3113
SPS: 3113
global_step=30551936, episodic_return=180.0 (n=128), curiosity_reward=0.0000
SPS: 3113
SPS: 3113
SPS: 3113
SPS: 3113
SPS: 3113
SPS: 3113
SPS: 3113
SPS: 3114
global_step=30678016, episodic_return=240.0 (n=128), curiosity_reward=0.0000
SPS: 3114
SPS: 3114
global_step=30717440, episodic_return=110.0 (n=128), curiosity_reward=0.0000
SPS: 3114
SPS: 3114
SPS: 3114
SPS: 3114
SPS: 3114
SPS: 3114
global_step=30813696, episodic_return=455.0 (n=128), curiosity_reward=0.0000
SPS: 3114
SPS: 3114
SPS: 3114
SPS: 3114
global_step=30873984, episodic_return=155.0 (n=128), curiosity_reward=0.0000
SPS: 3114
SPS: 3114
SPS: 3114
SPS: 3114
global_step=30934528, episodic_return=125.0 (n=128), curiosity_reward=0.0000
SPS: 3114
SPS: 3114
SPS: 3114
SPS: 3114
global_step=30999296, episodic_return=70.0 (n=128), curiosity_reward=0.0000
SPS: 3114
SPS: 3114
global_step=31046272, episodic_return=55.0 (n=128), curiosity_reward=0.0000
SPS: 3114
SPS: 3114
SPS: 3114
SPS: 3114
SPS: 3114
SPS: 3114
global_step=31140224, episodic_return=180.0 (n=128), curiosity_reward=0.0000
SPS: 3114
SPS: 3114
SPS: 3114
SPS: 3114
SPS: 3114
SPS: 3114
global_step=31228160, episodic_return=240.0 (n=128), curiosity_reward=0.0000
SPS: 3114
SPS: 3114
global_step=31265152, episodic_return=55.0 (n=128), curiosity_reward=0.0000
SPS: 3114
SPS: 3114
SPS: 3114
SPS: 3114
SPS: 3114
SPS: 3114
SPS: 3114
global_step=31381248, episodic_return=210.0 (n=128), curiosity_reward=0.0000
SPS: 3114
SPS: 3114
SPS: 3114
SPS: 3114
SPS: 3114
global_step=31472896, episodic_return=340.0 (n=128), curiosity_reward=0.0000
SPS: 3114
SPS: 3114
SPS: 3114
SPS: 3114
global_step=31530496, episodic_return=135.0 (n=128), curiosity_reward=0.0000
SPS: 3114
SPS: 3114
global_step=31569920, episodic_return=105.0 (n=128), curiosity_reward=0.0000
SPS: 3114
SPS: 3114
SPS: 3114
SPS: 3114
global_step=31628928, episodic_return=105.0 (n=128), curiosity_reward=0.0000
SPS: 3114
SPS: 3114
global_step=31666432, episodic_return=35.0 (n=128), curiosity_reward=0.0000
SPS: 3114
SPS: 3115
SPS: 3115
SPS: 3115
SPS: 3115
SPS: 3115
global_step=31766784, episodic_return=365.0 (n=128), curiosity_reward=0.0000
SPS: 3115
SPS: 3115
SPS: 3115
global_step=31810048, episodic_return=20.0 (n=128), curiosity_reward=0.0000
SPS: 3115
SPS: 3115
SPS: 3115
global_step=31857152, episodic_return=80.0 (n=128), curiosity_reward=0.0000
SPS: 3115
SPS: 3115
SPS: 3115
SPS: 3115
global_step=31926912, episodic_return=210.0 (n=128), curiosity_reward=0.0000
SPS: 3115
SPS: 3115
SPS: 3115
global_step=31977600, episodic_return=90.0 (n=128), curiosity_reward=0.0000
SPS: 3115
SPS: 3115
SPS: 3115
SPS: 3115
SPS: 3115
SPS: 3115
global_step=32063616, episodic_return=240.0 (n=128), curiosity_reward=0.0000
SPS: 3115
SPS: 3115
SPS: 3115
SPS: 3115
SPS: 3115
SPS: 3116
global_step=32167168, episodic_return=210.0 (n=128), curiosity_reward=0.0000
SPS: 3116
SPS: 3116
SPS: 3116
SPS: 3116
SPS: 3116
global_step=32254720, episodic_return=245.0 (n=128), curiosity_reward=0.0000
SPS: 3116
SPS: 3116
SPS: 3116
SPS: 3116
global_step=32317440, episodic_return=80.0 (n=128), curiosity_reward=0.0000
SPS: 3069
SPS: 3022
global_step=32354688, episodic_return=45.0 (n=128), curiosity_reward=0.0000
SPS: 3022
SPS: 3022
SPS: 3023
SPS: 3023
SPS: 3023
SPS: 3022
SPS: 3022
SPS: 3023
global_step=32489088, episodic_return=210.0 (n=128), curiosity_reward=0.0000
SPS: 3023
SPS: 3023
SPS: 3023
SPS: 3023
global_step=32554752, episodic_return=180.0 (n=128), curiosity_reward=0.0000
SPS: 3023
SPS: 3023
SPS: 3023
SPS: 3023
global_step=32610560, episodic_return=90.0 (n=128), curiosity_reward=0.0000
SPS: 3023
SPS: 3023
SPS: 3023
SPS: 3023
SPS: 3023
global_step=32688128, episodic_return=160.0 (n=128), curiosity_reward=0.0000
SPS: 3023
SPS: 3024
SPS: 3024
SPS: 3024
global_step=32760320, episodic_return=120.0 (n=128), curiosity_reward=0.0000
SPS: 3024
SPS: 3024
SPS: 3024
SPS: 3024
global_step=32821632, episodic_return=180.0 (n=128), curiosity_reward=0.0000
SPS: 3024
SPS: 3024
SPS: 3024
global_step=32872704, episodic_return=60.0 (n=128), curiosity_reward=0.0000
SPS: 3024
SPS: 3024
SPS: 3024
SPS: 3025
global_step=32936960, episodic_return=105.0 (n=128), curiosity_reward=0.0000
SPS: 3025
SPS: 3025
global_step=32977024, episodic_return=45.0 (n=128), curiosity_reward=0.0000
SPS: 3025
SPS: 3025
SPS: 3025
global_step=33026432, episodic_return=90.0 (n=128), curiosity_reward=0.0000
SPS: 3025
SPS: 3025
SPS: 3025
SPS: 3025
global_step=33089280, episodic_return=110.0 (n=128), curiosity_reward=0.0000
SPS: 3025
SPS: 3025
SPS: 3025
SPS: 3025
SPS: 3025
global_step=33165696, episodic_return=220.0 (n=128), curiosity_reward=0.0000
SPS: 3025
SPS: 3025
SPS: 3026
global_step=33215488, episodic_return=105.0 (n=128), curiosity_reward=0.0000
SPS: 3026
SPS: 3026
SPS: 3026
SPS: 3026
global_step=33277312, episodic_return=105.0 (n=128), curiosity_reward=0.0000
SPS: 3026
SPS: 3026
SPS: 3026
SPS: 3026
global_step=33352576, episodic_return=120.0 (n=128), curiosity_reward=0.0000
SPS: 3026
SPS: 3027
SPS: 3027
global_step=33400960, episodic_return=100.0 (n=128), curiosity_reward=0.0000
SPS: 3027
SPS: 3027
global_step=33432960, episodic_return=45.0 (n=128), curiosity_reward=0.0000
SPS: 3027
SPS: 3027
SPS: 3027
global_step=33482752, episodic_return=155.0 (n=128), curiosity_reward=0.0000
SPS: 3027
SPS: 3027
SPS: 3028
SPS: 3028
global_step=33544832, episodic_return=105.0 (n=128), curiosity_reward=0.0000
SPS: 3028
SPS: 3028
SPS: 3028
global_step=33596160, episodic_return=90.0 (n=128), curiosity_reward=0.0000
SPS: 3028
SPS: 3028
SPS: 3029
SPS: 3029
SPS: 3029
global_step=33672960, episodic_return=170.0 (n=128), curiosity_reward=0.0000
SPS: 3029
SPS: 3029
SPS: 3029
global_step=33726208, episodic_return=120.0 (n=128), curiosity_reward=0.0000
SPS: 3030
SPS: 3030
SPS: 3030
global_step=33774336, episodic_return=50.0 (n=128), curiosity_reward=0.0000
SPS: 3030
SPS: 3030
SPS: 3030
SPS: 3030
SPS: 3031
global_step=33853312, episodic_return=155.0 (n=128), curiosity_reward=0.0000
SPS: 3031
SPS: 3031
SPS: 3031
global_step=33912192, episodic_return=125.0 (n=128), curiosity_reward=0.0000
SPS: 3031
SPS: 3031
SPS: 3031
global_step=33963008, episodic_return=110.0 (n=128), curiosity_reward=0.0000
SPS: 3031
SPS: 3031
SPS: 3031
SPS: 3032
global_step=34023552, episodic_return=150.0 (n=128), curiosity_reward=0.0000
SPS: 3032
SPS: 3032
SPS: 3032
SPS: 3032
global_step=34093696, episodic_return=135.0 (n=128), curiosity_reward=0.0000
SPS: 3032
SPS: 3032
SPS: 3033
SPS: 3033
SPS: 3033
SPS: 3033
SPS: 3033
SPS: 3033
global_step=34211840, episodic_return=290.0 (n=128), curiosity_reward=0.0000
SPS: 3033
SPS: 3033
SPS: 3034
SPS: 3034
global_step=34285056, episodic_return=185.0 (n=128), curiosity_reward=0.0000
SPS: 3034
SPS: 3034
SPS: 3034
SPS: 3034
SPS: 3034
SPS: 3034
SPS: 3034
SPS: 3034
global_step=34421888, episodic_return=225.0 (n=128), curiosity_reward=0.0000
SPS: 3034
SPS: 3034
SPS: 3034
SPS: 3034
global_step=34482560, episodic_return=180.0 (n=128), curiosity_reward=0.0000
SPS: 3034
SPS: 3034
SPS: 3034
SPS: 3034
SPS: 3035
SPS: 3035
SPS: 3035
global_step=34593536, episodic_return=145.0 (n=128), curiosity_reward=0.0000
SPS: 3035
SPS: 3035
SPS: 3035
SPS: 3035
SPS: 3035
global_step=34669312, episodic_return=185.0 (n=128), curiosity_reward=0.0000
SPS: 3035
SPS: 3035
global_step=34706816, episodic_return=60.0 (n=128), curiosity_reward=0.0000
SPS: 3036
SPS: 3036
global_step=34744832, episodic_return=55.0 (n=128), curiosity_reward=0.0000
SPS: 3036
SPS: 3036
SPS: 3036
SPS: 3036
global_step=34815104, episodic_return=120.0 (n=128), curiosity_reward=0.0000
SPS: 3036
SPS: 3037
SPS: 3037
SPS: 3037
SPS: 3037
global_step=34892416, episodic_return=140.0 (n=128), curiosity_reward=0.0000
SPS: 3037
SPS: 3037
SPS: 3037
SPS: 3038
global_step=34961408, episodic_return=180.0 (n=128), curiosity_reward=0.0000
SPS: 3038
SPS: 3038
SPS: 3038
global_step=35011200, episodic_return=65.0 (n=128), curiosity_reward=0.0000
SPS: 3038
SPS: 3038
SPS: 3038
SPS: 3039
SPS: 3039
global_step=35085696, episodic_return=135.0 (n=128), curiosity_reward=0.0000
SPS: 3039
SPS: 3039
SPS: 3039
global_step=35138048, episodic_return=45.0 (n=128), curiosity_reward=0.0000
SPS: 3039
SPS: 3039
SPS: 3039
global_step=35190016, episodic_return=65.0 (n=128), curiosity_reward=0.0000
SPS: 3039
SPS: 3039
SPS: 3039
SPS: 3039
SPS: 3039
global_step=35262336, episodic_return=170.0 (n=128), curiosity_reward=0.0000
SPS: 3039
SPS: 3039
SPS: 3040
global_step=35321856, episodic_return=30.0 (n=128), curiosity_reward=0.0000
SPS: 3040
SPS: 3040
SPS: 3040
SPS: 3040
global_step=35374464, episodic_return=80.0 (n=128), curiosity_reward=0.0000
SPS: 3040
SPS: 3040
SPS: 3040
SPS: 3040
global_step=35445248, episodic_return=120.0 (n=128), curiosity_reward=0.0000
SPS: 3040
SPS: 3040
SPS: 3040
global_step=35503360, episodic_return=120.0 (n=128), curiosity_reward=0.0000
SPS: 3040
SPS: 3040
SPS: 3040
SPS: 3040
global_step=35565824, episodic_return=80.0 (n=128), curiosity_reward=0.0000
SPS: 3040
SPS: 3041
SPS: 3041
SPS: 3041
global_step=35625984, episodic_return=130.0 (n=128), curiosity_reward=0.0000
SPS: 3041
SPS: 3041
SPS: 3041
SPS: 3041
SPS: 3042
global_step=35701888, episodic_return=190.0 (n=128), curiosity_reward=0.0000
SPS: 3042
SPS: 3042
SPS: 3042
global_step=35751296, episodic_return=60.0 (n=128), curiosity_reward=0.0000
SPS: 3042
SPS: 3042
global_step=35788928, episodic_return=105.0 (n=128), curiosity_reward=0.0000
SPS: 3042
SPS: 3042
global_step=35825664, episodic_return=55.0 (n=128), curiosity_reward=0.0000
SPS: 3042
SPS: 3042
SPS: 3043
global_step=35864704, episodic_return=45.0 (n=128), curiosity_reward=0.0000
SPS: 3043
SPS: 3043
SPS: 3043
SPS: 3043
SPS: 3043
SPS: 3043
SPS: 3043
SPS: 3043
global_step=36001024, episodic_return=305.0 (n=128), curiosity_reward=0.0000
SPS: 3043
SPS: 3043
SPS: 3043
global_step=36059520, episodic_return=110.0 (n=128), curiosity_reward=0.0000
SPS: 3043
SPS: 3043
SPS: 3043
SPS: 3043
SPS: 3044
global_step=36138368, episodic_return=160.0 (n=128), curiosity_reward=0.0000
SPS: 3044
SPS: 3044
SPS: 3044
SPS: 3044
global_step=36203136, episodic_return=180.0 (n=128), curiosity_reward=0.0000
SPS: 3044
SPS: 3045
SPS: 3045
SPS: 3045
global_step=36265600, episodic_return=125.0 (n=128), curiosity_reward=0.0000
SPS: 3045
SPS: 3045
SPS: 3045
SPS: 3045
SPS: 3046
SPS: 3046
global_step=36361216, episodic_return=210.0 (n=128), curiosity_reward=0.0000
SPS: 3046
SPS: 3046
SPS: 3046
SPS: 3046
global_step=36437120, episodic_return=210.0 (n=128), curiosity_reward=0.0000
SPS: 3046
SPS: 3046
SPS: 3046
global_step=36486272, episodic_return=50.0 (n=128), curiosity_reward=0.0000
SPS: 3046
SPS: 3046
SPS: 3047
SPS: 3047
global_step=36539520, episodic_return=45.0 (n=128), curiosity_reward=0.0000
SPS: 3047
SPS: 3047
SPS: 3047
SPS: 3047
global_step=36605696, episodic_return=125.0 (n=128), curiosity_reward=0.0000
SPS: 3047
SPS: 3047
SPS: 3047
global_step=36663680, episodic_return=110.0 (n=128), curiosity_reward=0.0000
SPS: 3047
SPS: 3047
SPS: 3047
global_step=36702848, episodic_return=95.0 (n=128), curiosity_reward=0.0000
SPS: 3047
SPS: 3048
SPS: 3048
SPS: 3048
global_step=36776320, episodic_return=150.0 (n=128), curiosity_reward=0.0000
SPS: 3048
SPS: 3048
SPS: 3048
SPS: 3048
global_step=36833536, episodic_return=135.0 (n=128), curiosity_reward=0.0000
SPS: 3048
SPS: 3048
SPS: 3048
global_step=36896000, episodic_return=135.0 (n=128), curiosity_reward=0.0000
SPS: 3048
SPS: 3048
SPS: 3048
SPS: 3048
global_step=36950528, episodic_return=35.0 (n=128), curiosity_reward=0.0000
SPS: 3048
SPS: 3048
SPS: 3048
global_step=37003776, episodic_return=150.0 (n=128), curiosity_reward=0.0000
SPS: 3048
SPS: 3048
global_step=37038976, episodic_return=35.0 (n=128), curiosity_reward=0.0000
SPS: 3048
SPS: 3049
SPS: 3049
SPS: 3049
global_step=37096192, episodic_return=120.0 (n=128), curiosity_reward=0.0000
SPS: 3049
SPS: 3049
SPS: 3049
global_step=37143552, episodic_return=55.0 (n=128), curiosity_reward=0.0000
SPS: 3049
SPS: 3049
SPS: 3049
SPS: 3050
global_step=37212032, episodic_return=110.0 (n=128), curiosity_reward=0.0000
SPS: 3050
SPS: 3050
SPS: 3050
SPS: 3050
global_step=37277568, episodic_return=135.0 (n=128), curiosity_reward=0.0000
SPS: 3050
SPS: 3050
SPS: 3050
global_step=37332608, episodic_return=105.0 (n=128), curiosity_reward=0.0000
SPS: 3050
SPS: 3050
SPS: 3050
global_step=37381632, episodic_return=105.0 (n=128), curiosity_reward=0.0000
SPS: 3050
SPS: 3050
SPS: 3050
SPS: 3050
global_step=37443712, episodic_return=120.0 (n=128), curiosity_reward=0.0000
SPS: 3050
SPS: 3050
SPS: 3050
global_step=37498880, episodic_return=125.0 (n=128), curiosity_reward=0.0000
SPS: 3050
SPS: 3050
SPS: 3050
SPS: 3050
SPS: 3050
global_step=37571584, episodic_return=210.0 (n=128), curiosity_reward=0.0000
SPS: 3050
SPS: 3051
SPS: 3050
SPS: 3050
SPS: 3050
global_step=37653504, episodic_return=210.0 (n=128), curiosity_reward=0.0000
SPS: 3050
SPS: 3050
SPS: 3050
SPS: 3050
SPS: 3050
global_step=37745152, episodic_return=135.0 (n=128), curiosity_reward=0.0000
SPS: 3050
SPS: 3050
SPS: 3050
global_step=37797376, episodic_return=65.0 (n=128), curiosity_reward=0.0000
SPS: 3050
SPS: 3050
SPS: 3050
global_step=37844352, episodic_return=50.0 (n=128), curiosity_reward=0.0000
SPS: 3050
SPS: 3050
SPS: 3051
SPS: 3051
SPS: 3051
global_step=37925632, episodic_return=55.0 (n=128), curiosity_reward=0.0000
SPS: 3051
SPS: 3051
SPS: 3050
SPS: 3051
SPS: 3051
SPS: 3051
global_step=38018432, episodic_return=285.0 (n=128), curiosity_reward=0.0000
SPS: 3051
SPS: 3051
SPS: 3051
SPS: 3051
global_step=38085120, episodic_return=110.0 (n=128), curiosity_reward=0.0000
SPS: 3051
SPS: 3051
SPS: 3051
SPS: 3051
SPS: 3051
global_step=38159104, episodic_return=175.0 (n=128), curiosity_reward=0.0000
SPS: 3051
SPS: 3051
SPS: 3051
SPS: 3052
SPS: 3052
global_step=38248960, episodic_return=500.0 (n=128), curiosity_reward=0.0000
SPS: 3052
SPS: 3052
SPS: 3052
global_step=38292352, episodic_return=80.0 (n=128), curiosity_reward=0.0000
SPS: 3052
SPS: 3052
SPS: 3052
SPS: 3052
SPS: 3052
global_step=38382848, episodic_return=385.0 (n=128), curiosity_reward=0.0000
SPS: 3052
SPS: 3052
SPS: 3052
global_step=38424448, episodic_return=90.0 (n=128), curiosity_reward=0.0000
SPS: 3052
SPS: 3052
global_step=38463488, episodic_return=55.0 (n=128), curiosity_reward=0.0000
SPS: 3052
SPS: 3052
SPS: 3052
SPS: 3052
SPS: 3052
global_step=38540416, episodic_return=155.0 (n=128), curiosity_reward=0.0000
SPS: 3052
SPS: 3052
SPS: 3053
SPS: 3053
global_step=38609280, episodic_return=130.0 (n=128), curiosity_reward=0.0000
SPS: 3052
SPS: 3052
SPS: 3052
SPS: 3052
global_step=38674048, episodic_return=185.0 (n=128), curiosity_reward=0.0000
SPS: 3053
SPS: 3053
SPS: 3053
SPS: 3053
global_step=38736768, episodic_return=155.0 (n=128), curiosity_reward=0.0000
SPS: 3053
SPS: 3053
SPS: 3053
SPS: 3053
SPS: 3053
SPS: 3053
SPS: 3053
global_step=38851712, episodic_return=245.0 (n=128), curiosity_reward=0.0000
SPS: 3053
SPS: 3053
global_step=38891008, episodic_return=50.0 (n=128), curiosity_reward=0.0000
SPS: 3053
SPS: 3053
SPS: 3053
global_step=38929024, episodic_return=80.0 (n=128), curiosity_reward=0.0000
SPS: 3053
SPS: 3053
SPS: 3053
global_step=38990720, episodic_return=100.0 (n=128), curiosity_reward=0.0000
SPS: 3053
SPS: 3053
SPS: 3053
SPS: 3053
SPS: 3053
global_step=39065088, episodic_return=155.0 (n=128), curiosity_reward=0.0000
SPS: 3053
SPS: 3053
SPS: 3054
global_step=39118720, episodic_return=35.0 (n=128), curiosity_reward=0.0000
SPS: 3054
SPS: 3054
SPS: 3054
SPS: 3054
SPS: 3054
SPS: 3054
SPS: 3054
global_step=39231744, episodic_return=355.0 (n=128), curiosity_reward=0.0000
SPS: 3054
SPS: 3054
SPS: 3054
SPS: 3055
SPS: 3055
global_step=39319808, episodic_return=210.0 (n=128), curiosity_reward=0.0000
SPS: 3055
SPS: 3055
SPS: 3055
global_step=39367552, episodic_return=45.0 (n=128), curiosity_reward=0.0000
SPS: 3055
SPS: 3055
SPS: 3055
SPS: 3055
global_step=39429248, episodic_return=180.0 (n=128), curiosity_reward=0.0000
SPS: 3055
SPS: 3055
SPS: 3056
SPS: 3056
SPS: 3056
SPS: 3056
global_step=39520384, episodic_return=250.0 (n=128), curiosity_reward=0.0000
SPS: 3056
SPS: 3056
SPS: 3056
global_step=39581056, episodic_return=30.0 (n=128), curiosity_reward=0.0000
SPS: 3056
SPS: 3056
SPS: 3056
global_step=39617792, episodic_return=55.0 (n=128), curiosity_reward=0.0000
SPS: 3056
SPS: 3056
global_step=39664128, episodic_return=10.0 (n=128), curiosity_reward=0.0000
SPS: 3057
SPS: 3057
SPS: 3057
SPS: 3057
global_step=39727488, episodic_return=30.0 (n=128), curiosity_reward=0.0000
SPS: 3057
SPS: 3057
SPS: 3057
SPS: 3057
SPS: 3058
SPS: 3058
global_step=39822208, episodic_return=170.0 (n=128), curiosity_reward=0.0000
SPS: 3058
SPS: 3058
SPS: 3058
SPS: 3058
global_step=39882496, episodic_return=85.0 (n=128), curiosity_reward=0.0000
SPS: 3058
SPS: 3059
SPS: 3059
SPS: 3059
global_step=39948928, episodic_return=80.0 (n=128), curiosity_reward=0.0000
SPS: 3059
SPS: 3059
SPS: 3059
Results saved to /runs/h009__h009-spaceinvaders-s1.csv
