sending incremental file list
auto-cleanrl.sif

sent 4,938,196,675 bytes  received 35 bytes  395,055,736.80 bytes/sec
total size is 4,945,575,936  speedup is 1.00
/usr/local/lib/python3.10/dist-packages/treevalue/tree/integration/torch.py:23: FutureWarning: `torch.utils._pytree._register_pytree_node` is deprecated. Please use `torch.utils._pytree.register_pytree_node` instead.
  register_for_torch(TreeValue)
/usr/local/lib/python3.10/dist-packages/treevalue/tree/integration/torch.py:24: FutureWarning: `torch.utils._pytree._register_pytree_node` is deprecated. Please use `torch.utils._pytree.register_pytree_node` instead.
  register_for_torch(FastTreeValue)
Gym has been unmaintained since 2022 and does not support NumPy 2.0 amongst other critical functionality.
Please upgrade to Gymnasium, the maintained drop-in replacement of Gym, or contact the authors of your software and request that they upgrade.
See the migration guide at https://gymnasium.farama.org/introduction/migration_guide/ for additional information.
/usr/local/lib/python3.10/dist-packages/tyro/_parsers.py:353: UserWarning: The field `wandb-entity` is annotated with type `<class 'str'>`, but the default value `None` has type `<class 'NoneType'>`. We'll try to handle this gracefully, but it may cause unexpected behavior.
  warnings.warn(message)
SPS: 5313
SPS: 4942
SPS: 4627
SPS: 4404
SPS: 4227
SPS: 4026
SPS: 3881
SPS: 3769
SPS: 3654
global_step=34512, episodic_return=-16.0
SPS: 3581
SPS: 3486
SPS: 3400
SPS: 3349
SPS: 3292
SPS: 3203
SPS: 3120
SPS: 3040
SPS: 2971
SPS: 2910
SPS: 2855
SPS: 2804
SPS: 2759
SPS: 2717
SPS: 2679
SPS: 2643
SPS: 2610
SPS: 2582
SPS: 2554
SPS: 2527
SPS: 2503
SPS: 2481
global_step=69904, episodic_return=-14.0
global_step=69904, episodic_return=-14.0
SPS: 2459
SPS: 2440
SPS: 2420
SPS: 2403
SPS: 2385
SPS: 2370
SPS: 2355
SPS: 2341
SPS: 2328
SPS: 2314
SPS: 2302
SPS: 2290
SPS: 2279
SPS: 2267
SPS: 2257
SPS: 2247
SPS: 2237
SPS: 2228
SPS: 2219
SPS: 2210
SPS: 2202
global_step=103120, episodic_return=-14.0
SPS: 2194
SPS: 2187
SPS: 2180
SPS: 2173
SPS: 2166
SPS: 2159
SPS: 2153
SPS: 2147
SPS: 2141
SPS: 2135
SPS: 2129
SPS: 2124
SPS: 2117
SPS: 2112
SPS: 2108
SPS: 2103
global_step=129136, episodic_return=-20.0
global_step=129136, episodic_return=-20.0
SPS: 2098
SPS: 2093
SPS: 2089
SPS: 2085
SPS: 2080
SPS: 2076
SPS: 2073
SPS: 2069
SPS: 2065
SPS: 2062
SPS: 2058
SPS: 2055
SPS: 2051
SPS: 2048
SPS: 2045
SPS: 2042
SPS: 2038
global_step=155232, episodic_return=-16.0
global_step=155232, episodic_return=-16.0
SPS: 2035
SPS: 2032
SPS: 2030
SPS: 2027
SPS: 2025
SPS: 2022
SPS: 2020
SPS: 2018
SPS: 2015
SPS: 2013
SPS: 2011
SPS: 2008
SPS: 2006
global_step=177360, episodic_return=-18.0
SPS: 2004
SPS: 2002
SPS: 1999
SPS: 1997
SPS: 1996
SPS: 1994
SPS: 1992
SPS: 1990
SPS: 1988
SPS: 1986
SPS: 1984
SPS: 1983
SPS: 1981
SPS: 1979
SPS: 1978
SPS: 1976
SPS: 1975
SPS: 1973
SPS: 1971
SPS: 1970
SPS: 1969
SPS: 1967
global_step=212784, episodic_return=-20.0
global_step=212784, episodic_return=-20.0
SPS: 1966
SPS: 1964
SPS: 1963
SPS: 1962
SPS: 1960
SPS: 1959
SPS: 1958
SPS: 1957
SPS: 1956
SPS: 1955
SPS: 1954
SPS: 1953
SPS: 1952
SPS: 1951
SPS: 1950
SPS: 1949
global_step=236848, episodic_return=-20.0
SPS: 1948
SPS: 1946
SPS: 1945
SPS: 1944
SPS: 1943
SPS: 1942
SPS: 1941
SPS: 1941
SPS: 1940
SPS: 1939
SPS: 1938
SPS: 1937
SPS: 1936
SPS: 1935
SPS: 1934
SPS: 1934
SPS: 1933
SPS: 1931
SPS: 1931
SPS: 1930
SPS: 1929
SPS: 1928
SPS: 1927
SPS: 1926
SPS: 1926
SPS: 1925
SPS: 1924
SPS: 1923
SPS: 1923
SPS: 1921
SPS: 1921
SPS: 1920
global_step=288496, episodic_return=-18.0
global_step=288496, episodic_return=-18.0
SPS: 1919
SPS: 1919
SPS: 1918
SPS: 1917
SPS: 1917
SPS: 1916
SPS: 1915
SPS: 1915
SPS: 1914
SPS: 1914
SPS: 1913
SPS: 1912
SPS: 1912
SPS: 1911
SPS: 1911
SPS: 1910
SPS: 1909
SPS: 1909
SPS: 1908
global_step=318720, episodic_return=-16.0
global_step=318720, episodic_return=-16.0
SPS: 1908
SPS: 1907
SPS: 1907
SPS: 1906
SPS: 1906
SPS: 1905
SPS: 1905
SPS: 1904
SPS: 1904
SPS: 1903
SPS: 1902
SPS: 1902
SPS: 1901
SPS: 1901
SPS: 1901
SPS: 1900
SPS: 1900
SPS: 1899
SPS: 1899
global_step=350096, episodic_return=-16.0
SPS: 1898
SPS: 1897
SPS: 1897
SPS: 1897
SPS: 1896
SPS: 1896
SPS: 1895
SPS: 1895
SPS: 1894
SPS: 1894
SPS: 1893
SPS: 1893
SPS: 1892
SPS: 1892
SPS: 1892
global_step=374240, episodic_return=-20.0
global_step=374240, episodic_return=-20.0
SPS: 1891
SPS: 1891
SPS: 1890
SPS: 1890
SPS: 1890
SPS: 1889
SPS: 1889
SPS: 1889
SPS: 1888
SPS: 1888
SPS: 1888
SPS: 1887
SPS: 1887
SPS: 1886
SPS: 1886
SPS: 1886
SPS: 1885
SPS: 1885
SPS: 1885
global_step=404464, episodic_return=-16.0
SPS: 1884
SPS: 1884
SPS: 1884
SPS: 1883
SPS: 1883
SPS: 1883
SPS: 1882
SPS: 1882
SPS: 1882
SPS: 1881
SPS: 1881
SPS: 1881
SPS: 1881
SPS: 1880
SPS: 1880
SPS: 1880
SPS: 1879
SPS: 1879
SPS: 1879
SPS: 1878
SPS: 1878
SPS: 1878
SPS: 1878
global_step=441088, episodic_return=-10.0
global_step=441088, episodic_return=-10.0
SPS: 1877
SPS: 1877
SPS: 1877
SPS: 1876
SPS: 1876
SPS: 1876
SPS: 1876
SPS: 1875
SPS: 1875
SPS: 1875
SPS: 1875
SPS: 1874
SPS: 1874
SPS: 1874
SPS: 1874
SPS: 1873
SPS: 1873
SPS: 1873
SPS: 1872
global_step=470736, episodic_return=-18.0
global_step=470736, episodic_return=-18.0
SPS: 1872
SPS: 1872
SPS: 1872
SPS: 1871
SPS: 1871
SPS: 1871
SPS: 1871
SPS: 1870
SPS: 1870
SPS: 1870
SPS: 1870
SPS: 1869
SPS: 1869
SPS: 1869
SPS: 1869
global_step=495680, episodic_return=-20.0
SPS: 1869
SPS: 1869
SPS: 1868
SPS: 1868
SPS: 1868
SPS: 1868
SPS: 1868
SPS: 1868
SPS: 1868
SPS: 1867
SPS: 1867
SPS: 1867
SPS: 1867
global_step=516416, episodic_return=-20.0
global_step=516416, episodic_return=-20.0
SPS: 1867
SPS: 1866
SPS: 1866
SPS: 1866
SPS: 1866
SPS: 1865
SPS: 1865
SPS: 1865
SPS: 1865
SPS: 1865
SPS: 1864
SPS: 1864
SPS: 1864
SPS: 1864
SPS: 1863
SPS: 1863
SPS: 1863
SPS: 1863
SPS: 1863
SPS: 1863
global_step=547648, episodic_return=-20.0
SPS: 1862
SPS: 1862
SPS: 1862
SPS: 1862
SPS: 1862
SPS: 1862
SPS: 1862
SPS: 1861
SPS: 1861
SPS: 1861
SPS: 1861
SPS: 1861
SPS: 1861
SPS: 1861
SPS: 1860
SPS: 1860
SPS: 1860
SPS: 1860
SPS: 1860
SPS: 1859
SPS: 1859
SPS: 1859
SPS: 1859
global_step=584208, episodic_return=-14.0
global_step=584208, episodic_return=-14.0
SPS: 1859
SPS: 1859
SPS: 1858
SPS: 1858
SPS: 1858
SPS: 1858
SPS: 1858
SPS: 1858
SPS: 1857
SPS: 1857
SPS: 1857
SPS: 1857
SPS: 1857
SPS: 1857
SPS: 1856
SPS: 1856
SPS: 1856
SPS: 1856
SPS: 1856
SPS: 1856
SPS: 1855
global_step=618432, episodic_return=-14.0
global_step=618432, episodic_return=-14.0
SPS: 1855
SPS: 1855
SPS: 1855
SPS: 1855
SPS: 1855
SPS: 1855
SPS: 1855
SPS: 1855
SPS: 1854
SPS: 1854
SPS: 1854
SPS: 1854
SPS: 1854
SPS: 1854
SPS: 1854
SPS: 1854
SPS: 1854
SPS: 1854
global_step=647584, episodic_return=-18.0
SPS: 1854
SPS: 1854
SPS: 1853
SPS: 1853
SPS: 1853
SPS: 1853
SPS: 1853
SPS: 1853
SPS: 1853
SPS: 1853
SPS: 1853
SPS: 1852
SPS: 1852
SPS: 1852
SPS: 1852
SPS: 1852
SPS: 1852
global_step=674800, episodic_return=-24.0
global_step=674800, episodic_return=-24.0
SPS: 1852
SPS: 1852
SPS: 1852
SPS: 1852
SPS: 1852
SPS: 1851
SPS: 1851
SPS: 1851
SPS: 1851
SPS: 1851
SPS: 1851
SPS: 1851
SPS: 1851
SPS: 1851
SPS: 1850
SPS: 1850
SPS: 1850
SPS: 1850
SPS: 1850
SPS: 1850
SPS: 1850
SPS: 1850
SPS: 1850
SPS: 1850
SPS: 1849
global_step=714272, episodic_return=-16.0
SPS: 1849
SPS: 1849
SPS: 1849
SPS: 1849
SPS: 1849
SPS: 1849
SPS: 1849
SPS: 1849
SPS: 1848
SPS: 1848
SPS: 1848
SPS: 1848
SPS: 1848
SPS: 1848
SPS: 1848
SPS: 1848
SPS: 1848
SPS: 1848
global_step=742416, episodic_return=-16.0
global_step=742416, episodic_return=-16.0
SPS: 1847
SPS: 1847
SPS: 1847
SPS: 1847
SPS: 1847
SPS: 1847
SPS: 1847
SPS: 1847
SPS: 1847
SPS: 1847
SPS: 1847
SPS: 1847
SPS: 1846
SPS: 1846
SPS: 1846
SPS: 1846
SPS: 1846
SPS: 1846
SPS: 1846
SPS: 1846
global_step=774864, episodic_return=-20.0
global_step=774864, episodic_return=-20.0
SPS: 1846
SPS: 1846
SPS: 1846
SPS: 1846
SPS: 1846
SPS: 1846
SPS: 1845
SPS: 1845
SPS: 1845
SPS: 1846
SPS: 1846
SPS: 1846
SPS: 1846
SPS: 1846
SPS: 1846
SPS: 1846
global_step=801424, episodic_return=-20.0
SPS: 1845
SPS: 1845
SPS: 1845
SPS: 1845
SPS: 1845
SPS: 1845
SPS: 1845
SPS: 1845
SPS: 1845
SPS: 1844
SPS: 1844
SPS: 1844
SPS: 1844
SPS: 1844
SPS: 1844
SPS: 1844
SPS: 1844
global_step=827216, episodic_return=-22.0
global_step=827216, episodic_return=-22.0
SPS: 1844
SPS: 1843
SPS: 1843
SPS: 1843
SPS: 1843
SPS: 1843
SPS: 1843
SPS: 1843
SPS: 1843
SPS: 1843
SPS: 1842
SPS: 1842
SPS: 1842
SPS: 1842
SPS: 1842
global_step=852352, episodic_return=-16.0
SPS: 1842
SPS: 1842
SPS: 1842
SPS: 1841
SPS: 1841
SPS: 1841
SPS: 1841
SPS: 1841
SPS: 1841
SPS: 1841
SPS: 1840
SPS: 1840
SPS: 1840
SPS: 1840
SPS: 1840
SPS: 1840
SPS: 1840
SPS: 1840
SPS: 1839
SPS: 1839
SPS: 1839
global_step=884880, episodic_return=-16.0
global_step=884880, episodic_return=-16.0
SPS: 1839
SPS: 1839
SPS: 1839
SPS: 1839
SPS: 1839
SPS: 1838
SPS: 1838
SPS: 1838
SPS: 1838
SPS: 1838
SPS: 1838
SPS: 1838
SPS: 1838
SPS: 1838
SPS: 1837
SPS: 1837
SPS: 1837
SPS: 1837
global_step=914288, episodic_return=-16.0
global_step=914288, episodic_return=-16.0
SPS: 1837
SPS: 1837
SPS: 1837
SPS: 1837
SPS: 1837
SPS: 1836
SPS: 1836
SPS: 1836
SPS: 1836
SPS: 1836
SPS: 1836
SPS: 1836
SPS: 1836
SPS: 1835
SPS: 1835
SPS: 1835
SPS: 1835
SPS: 1835
SPS: 1835
SPS: 1835
SPS: 1835
SPS: 1835
SPS: 1834
SPS: 1834
SPS: 1834
global_step=953824, episodic_return=-18.0
SPS: 1834
SPS: 1834
SPS: 1834
SPS: 1834
SPS: 1834
SPS: 1833
SPS: 1833
SPS: 1833
SPS: 1833
SPS: 1833
SPS: 1833
SPS: 1833
SPS: 1833
SPS: 1833
global_step=976912, episodic_return=-24.0
global_step=976912, episodic_return=-24.0
SPS: 1833
SPS: 1832
SPS: 1832
SPS: 1832
SPS: 1832
SPS: 1832
SPS: 1832
SPS: 1832
SPS: 1832
SPS: 1832
SPS: 1832
SPS: 1831
SPS: 1831
SPS: 1831
SPS: 1831
SPS: 1831
SPS: 1831
SPS: 1831
SPS: 1831
global_step=1007408, episodic_return=-18.0
SPS: 1831
SPS: 1831
SPS: 1830
SPS: 1830
SPS: 1830
SPS: 1830
SPS: 1830
SPS: 1830
SPS: 1830
SPS: 1830
SPS: 1830
SPS: 1830
SPS: 1829
SPS: 1829
SPS: 1829
SPS: 1829
SPS: 1829
SPS: 1829
SPS: 1829
SPS: 1829
SPS: 1829
SPS: 1829
global_step=1042992, episodic_return=-14.0
global_step=1042992, episodic_return=-14.0
SPS: 1829
SPS: 1829
SPS: 1828
SPS: 1828
SPS: 1828
SPS: 1828
SPS: 1828
SPS: 1828
SPS: 1828
SPS: 1828
SPS: 1828
SPS: 1828
SPS: 1828
SPS: 1828
SPS: 1828
SPS: 1827
SPS: 1827
SPS: 1827
SPS: 1827
SPS: 1827
SPS: 1827
global_step=1076528, episodic_return=-20.0
global_step=1076528, episodic_return=-20.0
SPS: 1827
SPS: 1827
SPS: 1827
SPS: 1827
SPS: 1827
SPS: 1827
SPS: 1826
SPS: 1826
SPS: 1826
SPS: 1826
SPS: 1826
SPS: 1826
SPS: 1826
SPS: 1826
SPS: 1826
SPS: 1826
SPS: 1826
SPS: 1826
SPS: 1826
SPS: 1826
SPS: 1826
global_step=1110288, episodic_return=-20.0
SPS: 1825
SPS: 1825
SPS: 1825
SPS: 1825
SPS: 1825
SPS: 1825
SPS: 1825
SPS: 1825
SPS: 1825
SPS: 1825
SPS: 1825
SPS: 1825
SPS: 1824
SPS: 1824
SPS: 1824
SPS: 1824
SPS: 1824
SPS: 1824
SPS: 1824
SPS: 1824
SPS: 1824
SPS: 1824
SPS: 1824
global_step=1146832, episodic_return=-14.0
global_step=1146832, episodic_return=-14.0
SPS: 1824
SPS: 1824
SPS: 1823
SPS: 1823
SPS: 1823
SPS: 1823
SPS: 1823
SPS: 1823
SPS: 1823
SPS: 1823
SPS: 1823
SPS: 1823
SPS: 1823
SPS: 1823
SPS: 1822
global_step=1171072, episodic_return=-20.0
SPS: 1822
SPS: 1822
SPS: 1822
SPS: 1822
SPS: 1822
SPS: 1822
SPS: 1822
SPS: 1822
SPS: 1822
SPS: 1822
SPS: 1822
SPS: 1822
SPS: 1822
SPS: 1821
SPS: 1821
SPS: 1821
SPS: 1821
SPS: 1821
SPS: 1821
SPS: 1821
SPS: 1821
global_step=1204592, episodic_return=-20.0
global_step=1204592, episodic_return=-20.0
SPS: 1821
SPS: 1821
SPS: 1821
SPS: 1821
SPS: 1821
SPS: 1821
SPS: 1821
SPS: 1821
SPS: 1821
SPS: 1821
SPS: 1821
SPS: 1820
SPS: 1820
SPS: 1820
SPS: 1820
SPS: 1820
SPS: 1820
SPS: 1820
SPS: 1820
SPS: 1820
global_step=1235744, episodic_return=-14.0
global_step=1235744, episodic_return=-14.0
SPS: 1820
SPS: 1820
SPS: 1820
SPS: 1820
SPS: 1820
SPS: 1820
SPS: 1820
SPS: 1820
SPS: 1820
SPS: 1820
SPS: 1820
SPS: 1820
SPS: 1819
SPS: 1819
SPS: 1819
SPS: 1819
SPS: 1819
global_step=1263920, episodic_return=-20.0
SPS: 1819
SPS: 1819
SPS: 1819
SPS: 1819
SPS: 1819
SPS: 1819
SPS: 1819
SPS: 1819
SPS: 1819
SPS: 1819
SPS: 1819
SPS: 1819
SPS: 1819
SPS: 1819
SPS: 1819
SPS: 1818
SPS: 1818
global_step=1291104, episodic_return=-18.0
global_step=1291104, episodic_return=-18.0
SPS: 1818
SPS: 1818
SPS: 1818
SPS: 1818
SPS: 1818
SPS: 1818
SPS: 1818
SPS: 1818
SPS: 1818
SPS: 1818
SPS: 1818
SPS: 1818
SPS: 1818
SPS: 1818
SPS: 1818
SPS: 1818
global_step=1316064, episodic_return=-16.0
SPS: 1818
SPS: 1818
SPS: 1818
SPS: 1818
SPS: 1817
SPS: 1817
SPS: 1817
SPS: 1817
SPS: 1817
SPS: 1817
SPS: 1817
SPS: 1817
SPS: 1817
SPS: 1817
SPS: 1817
SPS: 1817
SPS: 1817
SPS: 1817
SPS: 1817
SPS: 1817
SPS: 1817
SPS: 1817
SPS: 1817
global_step=1352512, episodic_return=-12.0
global_step=1352512, episodic_return=-12.0
SPS: 1817
SPS: 1817
SPS: 1817
SPS: 1817
SPS: 1817
SPS: 1816
SPS: 1816
SPS: 1816
SPS: 1816
SPS: 1816
SPS: 1816
SPS: 1816
SPS: 1816
SPS: 1816
SPS: 1816
SPS: 1816
SPS: 1816
SPS: 1816
SPS: 1816
SPS: 1816
global_step=1384864, episodic_return=-22.0
global_step=1384864, episodic_return=-22.0
SPS: 1816
SPS: 1816
SPS: 1816
SPS: 1816
SPS: 1816
SPS: 1816
SPS: 1816
SPS: 1816
SPS: 1816
SPS: 1816
SPS: 1815
SPS: 1815
SPS: 1815
SPS: 1815
SPS: 1815
SPS: 1815
SPS: 1815
SPS: 1815
SPS: 1815
SPS: 1815
SPS: 1815
SPS: 1815
global_step=1419568, episodic_return=-20.0
SPS: 1815
SPS: 1815
SPS: 1815
SPS: 1815
SPS: 1815
SPS: 1815
SPS: 1815
SPS: 1815
SPS: 1815
SPS: 1815
SPS: 1815
SPS: 1815
SPS: 1815
SPS: 1815
SPS: 1815
SPS: 1815
SPS: 1815
SPS: 1815
global_step=1449472, episodic_return=-10.0
global_step=1449472, episodic_return=-10.0
SPS: 1815
SPS: 1815
SPS: 1815
SPS: 1815
SPS: 1815
SPS: 1815
SPS: 1815
SPS: 1814
SPS: 1814
SPS: 1814
SPS: 1814
SPS: 1814
SPS: 1814
SPS: 1814
SPS: 1814
global_step=1472688, episodic_return=-18.0
SPS: 1814
SPS: 1814
SPS: 1814
SPS: 1814
SPS: 1814
SPS: 1814
SPS: 1814
SPS: 1814
SPS: 1814
SPS: 1814
SPS: 1814
SPS: 1814
SPS: 1814
SPS: 1814
SPS: 1814
SPS: 1814
SPS: 1814
SPS: 1814
SPS: 1814
global_step=1503856, episodic_return=-20.0
global_step=1503856, episodic_return=-20.0
SPS: 1814
SPS: 1814
SPS: 1813
SPS: 1813
SPS: 1813
SPS: 1813
SPS: 1813
SPS: 1813
SPS: 1813
SPS: 1813
SPS: 1813
SPS: 1813
SPS: 1813
SPS: 1813
SPS: 1813
SPS: 1813
global_step=1528176, episodic_return=-20.0
global_step=1528176, episodic_return=-20.0
SPS: 1813
SPS: 1813
SPS: 1813
SPS: 1813
SPS: 1813
SPS: 1813
SPS: 1813
SPS: 1813
SPS: 1813
SPS: 1813
SPS: 1813
SPS: 1813
SPS: 1813
SPS: 1813
SPS: 1813
SPS: 1813
SPS: 1813
global_step=1556288, episodic_return=-22.0
SPS: 1813
SPS: 1813
SPS: 1813
SPS: 1813
SPS: 1813
SPS: 1813
SPS: 1813
SPS: 1813
SPS: 1813
SPS: 1813
SPS: 1813
SPS: 1813
SPS: 1813
SPS: 1813
SPS: 1813
SPS: 1813
global_step=1581232, episodic_return=-22.0
global_step=1581232, episodic_return=-22.0
SPS: 1813
SPS: 1813
SPS: 1813
SPS: 1813
SPS: 1813
SPS: 1813
SPS: 1813
SPS: 1813
SPS: 1813
SPS: 1813
SPS: 1813
SPS: 1813
SPS: 1813
SPS: 1813
SPS: 1813
SPS: 1813
SPS: 1812
SPS: 1812
SPS: 1812
SPS: 1812
global_step=1613392, episodic_return=-20.0
SPS: 1812
SPS: 1812
SPS: 1812
SPS: 1812
SPS: 1812
SPS: 1812
SPS: 1812
SPS: 1812
SPS: 1812
SPS: 1812
SPS: 1812
SPS: 1812
SPS: 1812
SPS: 1812
SPS: 1812
SPS: 1812
global_step=1639440, episodic_return=-18.0
global_step=1639440, episodic_return=-18.0
SPS: 1812
SPS: 1812
SPS: 1812
SPS: 1812
SPS: 1812
SPS: 1812
SPS: 1812
SPS: 1812
SPS: 1812
SPS: 1812
SPS: 1812
SPS: 1812
SPS: 1812
SPS: 1812
SPS: 1812
SPS: 1812
SPS: 1812
SPS: 1812
global_step=1667776, episodic_return=-14.0
global_step=1667776, episodic_return=-14.0
SPS: 1812
SPS: 1812
SPS: 1812
SPS: 1812
SPS: 1812
SPS: 1812
SPS: 1812
SPS: 1812
SPS: 1812
SPS: 1812
SPS: 1812
SPS: 1812
SPS: 1812
SPS: 1812
SPS: 1812
SPS: 1812
SPS: 1812
SPS: 1812
SPS: 1812
SPS: 1812
SPS: 1812
SPS: 1812
global_step=1703008, episodic_return=-22.0
SPS: 1812
SPS: 1812
SPS: 1812
SPS: 1812
SPS: 1812
SPS: 1812
SPS: 1812
SPS: 1812
SPS: 1812
SPS: 1812
SPS: 1812
SPS: 1812
SPS: 1812
SPS: 1811
SPS: 1811
SPS: 1811
SPS: 1811
SPS: 1811
global_step=1732272, episodic_return=-14.0
global_step=1732272, episodic_return=-14.0
SPS: 1811
SPS: 1811
SPS: 1811
SPS: 1811
SPS: 1811
SPS: 1811
SPS: 1811
SPS: 1811
SPS: 1811
SPS: 1811
SPS: 1811
SPS: 1811
SPS: 1811
SPS: 1811
SPS: 1811
SPS: 1811
SPS: 1811
SPS: 1811
global_step=1761488, episodic_return=-16.0
SPS: 1811
SPS: 1811
SPS: 1811
SPS: 1811
SPS: 1811
SPS: 1811
SPS: 1811
SPS: 1811
SPS: 1811
SPS: 1811
SPS: 1811
SPS: 1811
SPS: 1811
SPS: 1811
SPS: 1811
SPS: 1811
SPS: 1811
global_step=1787936, episodic_return=-16.0
global_step=1787936, episodic_return=-16.0
SPS: 1811
SPS: 1811
SPS: 1811
SPS: 1811
SPS: 1811
SPS: 1811
SPS: 1811
SPS: 1811
SPS: 1811
SPS: 1811
SPS: 1811
SPS: 1811
SPS: 1811
SPS: 1811
SPS: 1811
SPS: 1811
SPS: 1811
SPS: 1811
global_step=1817360, episodic_return=-22.0
global_step=1817360, episodic_return=-22.0
SPS: 1811
SPS: 1811
SPS: 1811
SPS: 1811
SPS: 1811
SPS: 1811
SPS: 1811
SPS: 1811
SPS: 1811
SPS: 1811
SPS: 1811
SPS: 1811
SPS: 1811
SPS: 1811
SPS: 1811
SPS: 1811
SPS: 1811
global_step=1844720, episodic_return=-20.0
SPS: 1811
SPS: 1811
SPS: 1811
SPS: 1811
SPS: 1811
SPS: 1811
SPS: 1811
SPS: 1811
SPS: 1811
SPS: 1811
SPS: 1811
SPS: 1811
SPS: 1811
SPS: 1811
SPS: 1811
SPS: 1811
SPS: 1811
SPS: 1811
SPS: 1811
global_step=1874800, episodic_return=-16.0
global_step=1874800, episodic_return=-16.0
SPS: 1811
SPS: 1811
SPS: 1811
SPS: 1811
SPS: 1811
SPS: 1811
SPS: 1811
SPS: 1811
SPS: 1811
SPS: 1811
SPS: 1811
SPS: 1811
SPS: 1811
SPS: 1811
SPS: 1811
SPS: 1811
global_step=1899264, episodic_return=-18.0
SPS: 1811
SPS: 1811
SPS: 1811
SPS: 1811
SPS: 1811
SPS: 1811
SPS: 1811
SPS: 1811
SPS: 1811
SPS: 1811
SPS: 1811
SPS: 1811
SPS: 1811
SPS: 1811
SPS: 1811
SPS: 1811
SPS: 1811
SPS: 1811
SPS: 1811
global_step=1929696, episodic_return=-16.0
global_step=1929696, episodic_return=-16.0
SPS: 1811
SPS: 1811
SPS: 1811
SPS: 1811
SPS: 1811
SPS: 1811
SPS: 1811
SPS: 1811
SPS: 1811
SPS: 1811
SPS: 1811
SPS: 1811
SPS: 1811
SPS: 1811
SPS: 1811
SPS: 1811
SPS: 1811
global_step=1957696, episodic_return=-20.0
global_step=1957696, episodic_return=-20.0
SPS: 1811
SPS: 1811
SPS: 1811
SPS: 1811
SPS: 1811
SPS: 1811
SPS: 1811
SPS: 1810
SPS: 1810
SPS: 1810
SPS: 1810
SPS: 1810
SPS: 1810
SPS: 1810
SPS: 1810
SPS: 1810
SPS: 1810
SPS: 1810
SPS: 1810
SPS: 1810
SPS: 1810
global_step=1990928, episodic_return=-22.0
SPS: 1810
SPS: 1810
SPS: 1810
SPS: 1810
SPS: 1810
SPS: 1810
SPS: 1810
SPS: 1810
SPS: 1810
SPS: 1810
SPS: 1810
SPS: 1810
SPS: 1810
SPS: 1810
SPS: 1810
SPS: 1810
global_step=2016752, episodic_return=-22.0
global_step=2016752, episodic_return=-22.0
SPS: 1810
SPS: 1810
SPS: 1810
SPS: 1810
SPS: 1810
SPS: 1810
SPS: 1810
SPS: 1810
SPS: 1810
SPS: 1810
SPS: 1810
SPS: 1810
SPS: 1810
SPS: 1810
SPS: 1810
SPS: 1810
SPS: 1810
SPS: 1810
SPS: 1810
SPS: 1810
SPS: 1810
SPS: 1810
SPS: 1810
global_step=2054048, episodic_return=-18.0
SPS: 1810
SPS: 1810
SPS: 1810
SPS: 1810
SPS: 1810
SPS: 1810
SPS: 1810
SPS: 1810
SPS: 1810
SPS: 1810
SPS: 1810
SPS: 1810
SPS: 1810
SPS: 1810
SPS: 1810
SPS: 1810
SPS: 1810
SPS: 1810
SPS: 1810
SPS: 1810
SPS: 1810
global_step=2086624, episodic_return=-20.0
global_step=2086624, episodic_return=-20.0
SPS: 1810
SPS: 1810
SPS: 1810
SPS: 1810
SPS: 1810
SPS: 1810
SPS: 1810
SPS: 1810
SPS: 1810
SPS: 1810
SPS: 1810
SPS: 1810
SPS: 1810
SPS: 1810
SPS: 1810
SPS: 1810
SPS: 1810
SPS: 1810
SPS: 1810
SPS: 1810
SPS: 1810
global_step=2120912, episodic_return=-18.0
global_step=2120912, episodic_return=-18.0
SPS: 1810
SPS: 1810
SPS: 1810
SPS: 1810
SPS: 1810
SPS: 1810
SPS: 1810
SPS: 1810
SPS: 1810
SPS: 1810
SPS: 1810
SPS: 1810
SPS: 1810
SPS: 1810
SPS: 1810
SPS: 1810
global_step=2146480, episodic_return=-18.0
SPS: 1810
SPS: 1810
SPS: 1810
SPS: 1810
SPS: 1810
SPS: 1810
SPS: 1810
SPS: 1810
SPS: 1810
SPS: 1810
SPS: 1810
SPS: 1810
SPS: 1810
SPS: 1810
SPS: 1810
SPS: 1810
SPS: 1810
SPS: 1810
SPS: 1810
SPS: 1810
SPS: 1810
SPS: 1810
SPS: 1810
global_step=2183856, episodic_return=-20.0
global_step=2183856, episodic_return=-20.0
SPS: 1810
SPS: 1810
SPS: 1810
SPS: 1810
SPS: 1810
SPS: 1810
SPS: 1810
SPS: 1810
SPS: 1810
SPS: 1810
SPS: 1810
SPS: 1810
SPS: 1810
SPS: 1810
SPS: 1810
SPS: 1810
SPS: 1810
SPS: 1810
SPS: 1810
global_step=2214304, episodic_return=-16.0
SPS: 1810
SPS: 1810
SPS: 1810
SPS: 1810
SPS: 1810
SPS: 1810
SPS: 1810
SPS: 1810
SPS: 1810
SPS: 1810
SPS: 1810
SPS: 1810
SPS: 1810
SPS: 1810
SPS: 1810
SPS: 1809
SPS: 1809
SPS: 1809
SPS: 1809
SPS: 1809
SPS: 1809
SPS: 1809
global_step=2248864, episodic_return=-18.0
global_step=2248864, episodic_return=-18.0
SPS: 1809
SPS: 1809
SPS: 1809
SPS: 1809
SPS: 1809
SPS: 1809
SPS: 1809
SPS: 1809
SPS: 1809
SPS: 1809
SPS: 1809
SPS: 1809
SPS: 1809
SPS: 1809
SPS: 1809
global_step=2272320, episodic_return=-16.0
global_step=2272320, episodic_return=-16.0
SPS: 1809
SPS: 1809
SPS: 1809
SPS: 1809
SPS: 1809
SPS: 1809
SPS: 1809
SPS: 1809
SPS: 1809
SPS: 1809
SPS: 1809
SPS: 1809
SPS: 1809
SPS: 1809
SPS: 1809
SPS: 1809
SPS: 1809
SPS: 1809
SPS: 1809
global_step=2302432, episodic_return=-20.0
SPS: 1809
SPS: 1809
SPS: 1809
SPS: 1809
SPS: 1809
SPS: 1809
SPS: 1809
SPS: 1809
SPS: 1809
SPS: 1809
SPS: 1809
SPS: 1809
SPS: 1809
SPS: 1809
SPS: 1809
SPS: 1809
SPS: 1809
SPS: 1809
SPS: 1809
SPS: 1809
global_step=2334640, episodic_return=-22.0
global_step=2334640, episodic_return=-22.0
SPS: 1809
SPS: 1809
SPS: 1809
SPS: 1809
SPS: 1809
SPS: 1809
SPS: 1809
SPS: 1809
SPS: 1809
SPS: 1809
SPS: 1809
SPS: 1809
SPS: 1809
SPS: 1809
SPS: 1809
SPS: 1809
SPS: 1809
SPS: 1809
SPS: 1809
SPS: 1809
SPS: 1809
SPS: 1809
SPS: 1809
SPS: 1809
SPS: 1809
SPS: 1809
global_step=2376256, episodic_return=-14.0
SPS: 1809
SPS: 1809
SPS: 1809
SPS: 1809
SPS: 1809
SPS: 1809
SPS: 1809
SPS: 1809
SPS: 1809
SPS: 1809
SPS: 1809
SPS: 1809
SPS: 1809
SPS: 1809
SPS: 1809
SPS: 1809
SPS: 1809
SPS: 1809
global_step=2405568, episodic_return=-18.0
global_step=2405568, episodic_return=-18.0
SPS: 1809
SPS: 1809
SPS: 1809
SPS: 1809
SPS: 1809
SPS: 1809
SPS: 1809
SPS: 1809
SPS: 1809
SPS: 1809
SPS: 1809
SPS: 1809
SPS: 1809
SPS: 1809
SPS: 1809
SPS: 1809
global_step=2430912, episodic_return=-16.0
global_step=2430912, episodic_return=-16.0
SPS: 1809
SPS: 1809
SPS: 1809
SPS: 1809
SPS: 1809
SPS: 1809
SPS: 1809
SPS: 1809
SPS: 1809
SPS: 1809
SPS: 1809
SPS: 1809
SPS: 1809
SPS: 1809
SPS: 1809
SPS: 1809
SPS: 1809
SPS: 1809
global_step=2459216, episodic_return=-16.0
SPS: 1809
SPS: 1809
SPS: 1809
SPS: 1809
SPS: 1809
SPS: 1809
SPS: 1809
SPS: 1809
SPS: 1809
SPS: 1809
SPS: 1809
SPS: 1809
SPS: 1809
SPS: 1809
SPS: 1809
SPS: 1809
SPS: 1809
global_step=2487472, episodic_return=-24.0
global_step=2487472, episodic_return=-24.0
SPS: 1809
SPS: 1809
SPS: 1809
SPS: 1809
SPS: 1809
SPS: 1809
SPS: 1809
SPS: 1809
SPS: 1809
SPS: 1809
SPS: 1809
SPS: 1809
SPS: 1809
SPS: 1809
SPS: 1809
SPS: 1809
SPS: 1809
SPS: 1809
global_step=2516608, episodic_return=-20.0
SPS: 1809
SPS: 1809
SPS: 1809
SPS: 1809
SPS: 1809
SPS: 1809
SPS: 1809
SPS: 1809
SPS: 1809
SPS: 1809
SPS: 1809
SPS: 1809
SPS: 1809
SPS: 1809
SPS: 1809
SPS: 1809
SPS: 1809
SPS: 1809
SPS: 1809
SPS: 1809
SPS: 1809
SPS: 1809
SPS: 1809
global_step=2552880, episodic_return=-24.0
global_step=2552880, episodic_return=-24.0
SPS: 1809
SPS: 1809
SPS: 1809
SPS: 1809
SPS: 1809
SPS: 1809
SPS: 1809
SPS: 1809
SPS: 1809
SPS: 1809
SPS: 1809
SPS: 1809
SPS: 1809
SPS: 1809
SPS: 1809
SPS: 1809
SPS: 1809
SPS: 1809
SPS: 1809
SPS: 1809
SPS: 1809
global_step=2586160, episodic_return=-22.0
global_step=2586160, episodic_return=-22.0
SPS: 1809
SPS: 1809
SPS: 1809
SPS: 1809
SPS: 1809
SPS: 1809
SPS: 1809
SPS: 1809
SPS: 1809
SPS: 1809
SPS: 1809
SPS: 1809
SPS: 1809
global_step=2607072, episodic_return=-20.0
SPS: 1809
SPS: 1809
SPS: 1809
SPS: 1809
SPS: 1808
SPS: 1808
SPS: 1808
SPS: 1808
SPS: 1808
SPS: 1808
SPS: 1808
SPS: 1808
SPS: 1808
SPS: 1808
SPS: 1808
SPS: 1808
SPS: 1808
SPS: 1808
SPS: 1808
SPS: 1808
global_step=2639328, episodic_return=-18.0
global_step=2639328, episodic_return=-18.0
SPS: 1808
SPS: 1808
SPS: 1808
SPS: 1808
SPS: 1808
SPS: 1808
SPS: 1808
SPS: 1808
SPS: 1808
SPS: 1808
SPS: 1808
SPS: 1808
SPS: 1808
SPS: 1808
SPS: 1808
SPS: 1808
SPS: 1808
SPS: 1808
SPS: 1808
SPS: 1808
SPS: 1808
SPS: 1808
SPS: 1808
SPS: 1808
SPS: 1808
SPS: 1808
SPS: 1808
global_step=2683104, episodic_return=-10.0
SPS: 1808
SPS: 1808
SPS: 1808
SPS: 1808
SPS: 1808
SPS: 1808
SPS: 1808
SPS: 1808
SPS: 1808
SPS: 1808
SPS: 1808
SPS: 1808
SPS: 1808
SPS: 1808
SPS: 1808
SPS: 1808
SPS: 1808
SPS: 1808
SPS: 1808
SPS: 1808
SPS: 1808
SPS: 1808
SPS: 1808
global_step=2718688, episodic_return=-20.0
global_step=2718688, episodic_return=-20.0
SPS: 1808
SPS: 1808
SPS: 1808
SPS: 1808
SPS: 1808
SPS: 1808
SPS: 1808
SPS: 1808
SPS: 1808
SPS: 1808
SPS: 1808
SPS: 1808
SPS: 1808
SPS: 1808
SPS: 1808
SPS: 1808
SPS: 1808
SPS: 1808
SPS: 1808
SPS: 1808
global_step=2750848, episodic_return=-18.0
global_step=2750848, episodic_return=-18.0
SPS: 1808
SPS: 1808
SPS: 1808
SPS: 1808
SPS: 1808
SPS: 1808
SPS: 1808
SPS: 1808
SPS: 1808
SPS: 1808
SPS: 1808
SPS: 1808
SPS: 1808
SPS: 1808
SPS: 1808
SPS: 1808
SPS: 1808
global_step=2778992, episodic_return=-12.0
SPS: 1808
SPS: 1808
SPS: 1808
SPS: 1808
SPS: 1808
SPS: 1808
SPS: 1808
SPS: 1808
SPS: 1808
SPS: 1808
SPS: 1808
SPS: 1808
SPS: 1808
SPS: 1808
SPS: 1808
SPS: 1808
global_step=2804128, episodic_return=-18.0
global_step=2804128, episodic_return=-18.0
SPS: 1808
SPS: 1808
SPS: 1808
SPS: 1808
SPS: 1808
SPS: 1808
SPS: 1808
SPS: 1807
SPS: 1807
SPS: 1807
SPS: 1807
SPS: 1807
SPS: 1807
SPS: 1807
SPS: 1807
global_step=2828416, episodic_return=-24.0
SPS: 1807
SPS: 1807
SPS: 1807
SPS: 1807
SPS: 1807
SPS: 1807
SPS: 1807
SPS: 1807
SPS: 1807
SPS: 1807
SPS: 1807
SPS: 1807
SPS: 1807
SPS: 1807
SPS: 1807
SPS: 1807
SPS: 1807
SPS: 1807
SPS: 1807
SPS: 1807
global_step=2860672, episodic_return=-16.0
global_step=2860672, episodic_return=-16.0
SPS: 1807
SPS: 1807
SPS: 1807
SPS: 1807
SPS: 1807
SPS: 1807
SPS: 1807
SPS: 1807
SPS: 1807
SPS: 1807
SPS: 1807
SPS: 1807
SPS: 1807
SPS: 1807
SPS: 1807
SPS: 1807
SPS: 1807
SPS: 1807
SPS: 1807
SPS: 1807
SPS: 1807
SPS: 1807
SPS: 1806
global_step=2897296, episodic_return=-16.0
global_step=2897296, episodic_return=-16.0
SPS: 1806
SPS: 1806
SPS: 1806
SPS: 1806
SPS: 1806
SPS: 1806
SPS: 1806
SPS: 1806
SPS: 1806
SPS: 1806
SPS: 1806
SPS: 1806
SPS: 1806
SPS: 1806
SPS: 1806
SPS: 1806
global_step=2922320, episodic_return=-20.0
SPS: 1806
SPS: 1806
SPS: 1806
SPS: 1806
SPS: 1806
SPS: 1806
SPS: 1806
SPS: 1806
SPS: 1806
SPS: 1806
SPS: 1806
SPS: 1806
SPS: 1806
SPS: 1806
SPS: 1806
SPS: 1806
global_step=2947648, episodic_return=-24.0
global_step=2947648, episodic_return=-24.0
SPS: 1806
SPS: 1806
SPS: 1806
SPS: 1806
SPS: 1806
SPS: 1806
SPS: 1806
SPS: 1806
SPS: 1806
SPS: 1806
SPS: 1806
SPS: 1806
SPS: 1806
SPS: 1806
SPS: 1806
SPS: 1805
SPS: 1805
SPS: 1805
global_step=2976960, episodic_return=-20.0
SPS: 1805
SPS: 1805
SPS: 1805
SPS: 1805
SPS: 1805
SPS: 1805
SPS: 1805
SPS: 1805
SPS: 1805
SPS: 1805
SPS: 1805
SPS: 1805
SPS: 1805
SPS: 1805
SPS: 1805
SPS: 1805
global_step=3001968, episodic_return=-18.0
global_step=3001968, episodic_return=-18.0
SPS: 1805
SPS: 1805
SPS: 1805
SPS: 1805
SPS: 1805
SPS: 1805
SPS: 1805
SPS: 1805
SPS: 1805
SPS: 1805
SPS: 1805
SPS: 1805
SPS: 1805
global_step=3023888, episodic_return=-22.0
global_step=3023888, episodic_return=-22.0
SPS: 1805
SPS: 1805
SPS: 1805
SPS: 1805
SPS: 1805
SPS: 1805
SPS: 1805
SPS: 1805
SPS: 1805
SPS: 1805
SPS: 1805
SPS: 1805
SPS: 1805
SPS: 1805
SPS: 1805
SPS: 1805
SPS: 1805
SPS: 1805
SPS: 1805
global_step=3053440, episodic_return=-10.0
SPS: 1805
SPS: 1804
SPS: 1804
SPS: 1804
SPS: 1804
SPS: 1804
SPS: 1804
SPS: 1804
SPS: 1804
SPS: 1804
SPS: 1804
SPS: 1804
SPS: 1804
SPS: 1804
SPS: 1804
SPS: 1804
SPS: 1804
SPS: 1804
SPS: 1804
SPS: 1804
SPS: 1804
SPS: 1804
SPS: 1804
SPS: 1804
SPS: 1804
SPS: 1804
SPS: 1804
global_step=3097008, episodic_return=-14.0
global_step=3097008, episodic_return=-14.0
SPS: 1804
SPS: 1804
SPS: 1804
SPS: 1804
SPS: 1804
SPS: 1804
SPS: 1804
SPS: 1804
SPS: 1804
SPS: 1804
SPS: 1804
SPS: 1804
SPS: 1804
SPS: 1804
SPS: 1804
SPS: 1804
SPS: 1804
SPS: 1804
global_step=3124912, episodic_return=-18.0
SPS: 1804
SPS: 1803
SPS: 1803
SPS: 1803
SPS: 1803
SPS: 1803
SPS: 1803
SPS: 1803
SPS: 1803
SPS: 1803
SPS: 1803
SPS: 1803
SPS: 1803
SPS: 1803
SPS: 1803
SPS: 1803
SPS: 1803
global_step=3153376, episodic_return=-22.0
global_step=3153376, episodic_return=-22.0
SPS: 1803
SPS: 1803
SPS: 1803
SPS: 1803
SPS: 1803
SPS: 1803
SPS: 1803
SPS: 1803
SPS: 1803
SPS: 1803
SPS: 1803
SPS: 1803
SPS: 1803
SPS: 1803
SPS: 1803
SPS: 1803
SPS: 1803
SPS: 1803
SPS: 1803
SPS: 1803
SPS: 1803
SPS: 1803
SPS: 1803
global_step=3189936, episodic_return=-12.0
global_step=3189936, episodic_return=-12.0
SPS: 1803
SPS: 1803
SPS: 1803
SPS: 1803
SPS: 1803
SPS: 1803
SPS: 1803
SPS: 1803
SPS: 1803
SPS: 1803
SPS: 1803
SPS: 1803
SPS: 1803
SPS: 1803
SPS: 1803
SPS: 1803
SPS: 1803
SPS: 1803
SPS: 1803
SPS: 1803
SPS: 1803
SPS: 1803
SPS: 1803
global_step=3227120, episodic_return=-14.0
SPS: 1803
SPS: 1803
SPS: 1803
SPS: 1803
SPS: 1803
SPS: 1803
SPS: 1803
SPS: 1803
SPS: 1803
SPS: 1803
SPS: 1803
SPS: 1803
SPS: 1803
SPS: 1803
SPS: 1803
SPS: 1803
SPS: 1803
SPS: 1803
SPS: 1803
SPS: 1803
SPS: 1803
global_step=3260544, episodic_return=-14.0
global_step=3260544, episodic_return=-14.0
SPS: 1803
SPS: 1803
SPS: 1803
SPS: 1803
SPS: 1803
SPS: 1803
SPS: 1803
SPS: 1803
SPS: 1803
SPS: 1803
SPS: 1803
SPS: 1803
SPS: 1803
SPS: 1803
SPS: 1803
SPS: 1803
SPS: 1803
SPS: 1803
global_step=3288896, episodic_return=-14.0
SPS: 1803
SPS: 1803
SPS: 1803
SPS: 1803
SPS: 1803
SPS: 1803
SPS: 1803
SPS: 1803
SPS: 1803
SPS: 1803
SPS: 1803
SPS: 1803
SPS: 1803
SPS: 1803
SPS: 1803
SPS: 1803
SPS: 1803
SPS: 1802
SPS: 1802
SPS: 1803
SPS: 1802
SPS: 1802
global_step=3324224, episodic_return=-18.0
global_step=3324224, episodic_return=-18.0
SPS: 1802
SPS: 1802
SPS: 1802
SPS: 1802
SPS: 1802
SPS: 1802
SPS: 1802
SPS: 1802
SPS: 1802
SPS: 1802
SPS: 1802
SPS: 1802
SPS: 1802
SPS: 1802
SPS: 1802
SPS: 1802
SPS: 1802
SPS: 1802
SPS: 1802
SPS: 1802
global_step=3355296, episodic_return=-18.0
global_step=3355296, episodic_return=-18.0
SPS: 1802
SPS: 1802
SPS: 1802
SPS: 1802
SPS: 1802
SPS: 1802
SPS: 1802
SPS: 1802
SPS: 1802
SPS: 1802
SPS: 1802
SPS: 1802
SPS: 1802
SPS: 1802
SPS: 1802
SPS: 1802
global_step=3381296, episodic_return=-16.0
SPS: 1802
SPS: 1802
SPS: 1802
SPS: 1802
SPS: 1802
SPS: 1802
SPS: 1802
SPS: 1802
SPS: 1802
SPS: 1802
SPS: 1802
SPS: 1802
SPS: 1802
SPS: 1802
SPS: 1802
SPS: 1802
SPS: 1802
SPS: 1802
SPS: 1802
SPS: 1802
global_step=3412816, episodic_return=-20.0
global_step=3412816, episodic_return=-20.0
SPS: 1802
SPS: 1802
SPS: 1802
SPS: 1802
SPS: 1802
SPS: 1802
SPS: 1802
SPS: 1802
SPS: 1802
SPS: 1802
SPS: 1802
SPS: 1802
SPS: 1802
SPS: 1802
SPS: 1802
global_step=3438096, episodic_return=-22.0
SPS: 1802
SPS: 1802
SPS: 1802
SPS: 1802
SPS: 1802
SPS: 1802
SPS: 1802
SPS: 1802
SPS: 1802
SPS: 1802
SPS: 1802
SPS: 1802
SPS: 1802
SPS: 1802
SPS: 1802
SPS: 1802
global_step=3462880, episodic_return=-20.0
global_step=3462880, episodic_return=-20.0
SPS: 1802
SPS: 1802
SPS: 1802
SPS: 1802
SPS: 1802
SPS: 1802
SPS: 1802
SPS: 1802
SPS: 1802
SPS: 1802
SPS: 1802
SPS: 1801
SPS: 1801
SPS: 1801
SPS: 1801
SPS: 1801
SPS: 1801
SPS: 1801
SPS: 1801
SPS: 1801
SPS: 1801
SPS: 1801
SPS: 1801
SPS: 1801
SPS: 1801
SPS: 1801
SPS: 1801
global_step=3506832, episodic_return=-16.0
global_step=3506832, episodic_return=-16.0
SPS: 1801
SPS: 1801
SPS: 1801
SPS: 1801
SPS: 1801
SPS: 1801
SPS: 1801
SPS: 1801
SPS: 1801
SPS: 1801
SPS: 1801
SPS: 1801
SPS: 1801
SPS: 1801
SPS: 1801
SPS: 1801
SPS: 1801
SPS: 1801
SPS: 1801
SPS: 1801
SPS: 1801
SPS: 1801
global_step=3542336, episodic_return=-16.0
SPS: 1801
SPS: 1801
SPS: 1801
SPS: 1801
SPS: 1801
SPS: 1801
SPS: 1801
SPS: 1801
SPS: 1801
SPS: 1801
SPS: 1801
SPS: 1801
SPS: 1801
SPS: 1801
SPS: 1801
SPS: 1801
SPS: 1801
SPS: 1801
SPS: 1801
global_step=3571456, episodic_return=-14.0
global_step=3571456, episodic_return=-14.0
SPS: 1801
SPS: 1801
SPS: 1801
SPS: 1801
SPS: 1801
SPS: 1801
SPS: 1801
SPS: 1801
SPS: 1801
SPS: 1801
SPS: 1801
SPS: 1801
SPS: 1801
SPS: 1801
SPS: 1801
SPS: 1801
SPS: 1801
global_step=3599616, episodic_return=-18.0
SPS: 1801
SPS: 1801
SPS: 1801
SPS: 1801
SPS: 1801
SPS: 1801
SPS: 1801
SPS: 1801
SPS: 1801
SPS: 1801
SPS: 1801
SPS: 1801
SPS: 1801
SPS: 1801
SPS: 1801
SPS: 1801
SPS: 1801
SPS: 1801
global_step=3627712, episodic_return=-20.0
global_step=3627712, episodic_return=-20.0
SPS: 1801
SPS: 1801
SPS: 1801
SPS: 1801
SPS: 1801
SPS: 1801
SPS: 1801
SPS: 1801
SPS: 1801
SPS: 1801
SPS: 1801
SPS: 1801
SPS: 1801
SPS: 1801
SPS: 1801
SPS: 1801
global_step=3652880, episodic_return=-22.0
global_step=3652880, episodic_return=-22.0
SPS: 1801
SPS: 1801
SPS: 1801
SPS: 1801
SPS: 1801
SPS: 1801
SPS: 1801
SPS: 1801
SPS: 1801
SPS: 1801
SPS: 1801
SPS: 1801
SPS: 1801
SPS: 1801
SPS: 1800
SPS: 1800
SPS: 1800
SPS: 1800
SPS: 1800
SPS: 1800
SPS: 1800
SPS: 1800
global_step=3689520, episodic_return=-20.0
SPS: 1800
SPS: 1800
SPS: 1800
SPS: 1800
SPS: 1800
SPS: 1800
SPS: 1800
SPS: 1800
SPS: 1800
SPS: 1800
SPS: 1800
SPS: 1800
SPS: 1800
SPS: 1800
SPS: 1800
SPS: 1800
SPS: 1800
SPS: 1800
SPS: 1800
SPS: 1800
global_step=3720048, episodic_return=-18.0
global_step=3720048, episodic_return=-18.0
SPS: 1800
SPS: 1800
SPS: 1800
SPS: 1800
SPS: 1800
SPS: 1800
SPS: 1800
SPS: 1800
SPS: 1800
SPS: 1800
SPS: 1800
SPS: 1800
SPS: 1800
SPS: 1800
SPS: 1800
SPS: 1800
SPS: 1800
SPS: 1800
SPS: 1800
global_step=3751280, episodic_return=-18.0
SPS: 1800
SPS: 1800
SPS: 1800
SPS: 1800
SPS: 1800
SPS: 1800
SPS: 1800
SPS: 1800
SPS: 1800
SPS: 1800
SPS: 1800
SPS: 1800
SPS: 1800
SPS: 1800
SPS: 1800
global_step=3775648, episodic_return=-14.0
global_step=3775648, episodic_return=-14.0
SPS: 1800
SPS: 1800
SPS: 1800
SPS: 1800
SPS: 1800
SPS: 1800
SPS: 1800
SPS: 1800
SPS: 1800
SPS: 1800
SPS: 1800
SPS: 1800
SPS: 1800
SPS: 1800
SPS: 1800
SPS: 1800
SPS: 1800
SPS: 1800
SPS: 1800
SPS: 1800
SPS: 1800
SPS: 1800
SPS: 1800
SPS: 1800
SPS: 1800
global_step=3815088, episodic_return=-18.0
global_step=3815088, episodic_return=-18.0
SPS: 1800
SPS: 1800
SPS: 1800
SPS: 1800
SPS: 1800
SPS: 1800
SPS: 1800
SPS: 1800
SPS: 1800
SPS: 1800
SPS: 1800
SPS: 1800
SPS: 1800
SPS: 1800
SPS: 1800
global_step=3838992, episodic_return=-14.0
SPS: 1800
SPS: 1800
SPS: 1800
SPS: 1800
SPS: 1800
SPS: 1800
SPS: 1800
SPS: 1800
SPS: 1800
SPS: 1800
SPS: 1800
SPS: 1800
SPS: 1800
SPS: 1800
SPS: 1800
SPS: 1800
SPS: 1800
SPS: 1799
SPS: 1799
SPS: 1799
SPS: 1799
SPS: 1799
SPS: 1799
SPS: 1799
global_step=3877648, episodic_return=-14.0
global_step=3877648, episodic_return=-14.0
SPS: 1799
SPS: 1799
SPS: 1799
SPS: 1799
SPS: 1799
SPS: 1799
SPS: 1799
SPS: 1799
SPS: 1799
SPS: 1799
SPS: 1799
SPS: 1799
SPS: 1799
SPS: 1799
SPS: 1799
SPS: 1799
SPS: 1799
SPS: 1799
SPS: 1799
SPS: 1799
global_step=3910016, episodic_return=-18.0
SPS: 1799
SPS: 1799
SPS: 1799
SPS: 1799
SPS: 1799
SPS: 1799
SPS: 1799
SPS: 1799
SPS: 1799
SPS: 1799
SPS: 1799
SPS: 1799
SPS: 1799
SPS: 1799
SPS: 1799
SPS: 1799
SPS: 1799
SPS: 1799
SPS: 1799
SPS: 1799
SPS: 1799
SPS: 1799
SPS: 1799
SPS: 1799
SPS: 1799
SPS: 1799
global_step=3951632, episodic_return=-16.0
global_step=3951632, episodic_return=-16.0
SPS: 1799
SPS: 1799
SPS: 1799
SPS: 1799
SPS: 1799
SPS: 1799
SPS: 1799
SPS: 1799
SPS: 1799
SPS: 1799
SPS: 1799
SPS: 1799
SPS: 1799
SPS: 1799
SPS: 1799
SPS: 1799
SPS: 1799
SPS: 1799
SPS: 1799
SPS: 1799
SPS: 1799
SPS: 1799
SPS: 1799
SPS: 1799
SPS: 1799
SPS: 1799
global_step=3992096, episodic_return=-20.0
global_step=3992096, episodic_return=-20.0
SPS: 1799
SPS: 1799
SPS: 1799
SPS: 1799
SPS: 1799
SPS: 1799
SPS: 1799
SPS: 1799
SPS: 1799
SPS: 1799
SPS: 1799
SPS: 1799
SPS: 1799
SPS: 1800
SPS: 1799
SPS: 1799
SPS: 1799
SPS: 1799
SPS: 1799
SPS: 1799
SPS: 1799
SPS: 1799
global_step=4028544, episodic_return=-20.0
SPS: 1799
SPS: 1799
SPS: 1799
SPS: 1799
SPS: 1799
SPS: 1799
SPS: 1799
SPS: 1799
SPS: 1799
SPS: 1799
SPS: 1799
SPS: 1799
SPS: 1799
SPS: 1799
SPS: 1799
SPS: 1799
SPS: 1799
global_step=4055616, episodic_return=-22.0
global_step=4055616, episodic_return=-22.0
SPS: 1799
SPS: 1799
SPS: 1799
SPS: 1799
SPS: 1799
SPS: 1799
SPS: 1799
SPS: 1799
SPS: 1799
SPS: 1799
SPS: 1799
SPS: 1799
SPS: 1799
SPS: 1800
SPS: 1800
SPS: 1800
SPS: 1799
global_step=4081648, episodic_return=-24.0
SPS: 1799
SPS: 1799
SPS: 1799
SPS: 1799
SPS: 1799
SPS: 1799
SPS: 1799
SPS: 1799
SPS: 1799
SPS: 1799
SPS: 1799
SPS: 1799
SPS: 1800
SPS: 1800
SPS: 1800
SPS: 1800
SPS: 1800
global_step=4109696, episodic_return=-20.0
global_step=4109696, episodic_return=-20.0
SPS: 1800
SPS: 1800
SPS: 1800
SPS: 1800
SPS: 1800
SPS: 1800
SPS: 1800
SPS: 1800
SPS: 1800
SPS: 1800
SPS: 1800
SPS: 1800
SPS: 1800
SPS: 1800
SPS: 1800
SPS: 1800
SPS: 1800
SPS: 1800
global_step=4138032, episodic_return=-18.0
global_step=4138032, episodic_return=-18.0
SPS: 1800
SPS: 1800
SPS: 1800
SPS: 1800
SPS: 1800
SPS: 1800
SPS: 1800
SPS: 1800
SPS: 1800
SPS: 1800
SPS: 1800
SPS: 1800
SPS: 1800
SPS: 1800
SPS: 1800
SPS: 1800
SPS: 1800
SPS: 1800
SPS: 1800
SPS: 1800
SPS: 1800
SPS: 1800
SPS: 1800
global_step=4174480, episodic_return=-18.0
SPS: 1800
SPS: 1799
SPS: 1800
SPS: 1800
SPS: 1800
SPS: 1800
SPS: 1800
SPS: 1800
SPS: 1800
SPS: 1800
SPS: 1800
SPS: 1800
SPS: 1800
SPS: 1800
SPS: 1800
SPS: 1800
SPS: 1800
SPS: 1800
SPS: 1800
SPS: 1800
SPS: 1800
global_step=4209568, episodic_return=-8.0
global_step=4209568, episodic_return=-8.0
SPS: 1800
SPS: 1800
SPS: 1800
SPS: 1800
SPS: 1800
SPS: 1800
SPS: 1800
SPS: 1800
SPS: 1800
SPS: 1800
SPS: 1800
SPS: 1800
SPS: 1800
SPS: 1800
SPS: 1800
SPS: 1800
SPS: 1800
SPS: 1800
SPS: 1800
SPS: 1800
global_step=4241216, episodic_return=-16.0
SPS: 1800
SPS: 1800
SPS: 1800
SPS: 1800
SPS: 1800
SPS: 1800
SPS: 1800
SPS: 1800
SPS: 1800
SPS: 1800
SPS: 1800
SPS: 1800
SPS: 1800
SPS: 1800
SPS: 1800
SPS: 1800
SPS: 1800
global_step=4268800, episodic_return=-14.0
global_step=4268800, episodic_return=-14.0
SPS: 1800
SPS: 1800
SPS: 1800
SPS: 1800
SPS: 1800
SPS: 1800
SPS: 1800
SPS: 1800
SPS: 1800
SPS: 1800
SPS: 1800
SPS: 1800
SPS: 1800
SPS: 1800
SPS: 1800
SPS: 1800
SPS: 1800
SPS: 1800
SPS: 1800
SPS: 1800
SPS: 1800
global_step=4302128, episodic_return=-16.0
global_step=4302128, episodic_return=-16.0
SPS: 1800
SPS: 1800
SPS: 1800
SPS: 1800
SPS: 1800
SPS: 1800
SPS: 1800
SPS: 1800
SPS: 1800
SPS: 1800
SPS: 1800
SPS: 1800
SPS: 1800
SPS: 1800
SPS: 1800
SPS: 1800
SPS: 1801
SPS: 1801
SPS: 1801
global_step=4331680, episodic_return=-18.0
SPS: 1801
SPS: 1801
SPS: 1801
SPS: 1801
SPS: 1801
SPS: 1801
SPS: 1801
SPS: 1801
SPS: 1801
SPS: 1801
SPS: 1801
SPS: 1801
SPS: 1801
SPS: 1801
SPS: 1801
SPS: 1801
SPS: 1801
SPS: 1801
global_step=4360752, episodic_return=-14.0
global_step=4360752, episodic_return=-14.0
SPS: 1801
SPS: 1801
SPS: 1801
SPS: 1802
SPS: 1802
SPS: 1802
SPS: 1802
SPS: 1802
SPS: 1802
SPS: 1802
SPS: 1802
SPS: 1802
SPS: 1802
SPS: 1802
SPS: 1802
SPS: 1802
SPS: 1802
SPS: 1802
SPS: 1802
global_step=4391984, episodic_return=-18.0
SPS: 1802
SPS: 1802
SPS: 1802
SPS: 1802
SPS: 1802
SPS: 1802
SPS: 1802
SPS: 1802
SPS: 1802
SPS: 1802
SPS: 1802
SPS: 1802
global_step=4411056, episodic_return=-20.0
global_step=4411056, episodic_return=-20.0
SPS: 1802
SPS: 1802
SPS: 1802
SPS: 1802
SPS: 1802
SPS: 1802
SPS: 1802
SPS: 1802
SPS: 1802
SPS: 1802
SPS: 1802
SPS: 1802
SPS: 1802
SPS: 1802
SPS: 1802
SPS: 1802
SPS: 1802
SPS: 1802
SPS: 1802
SPS: 1802
SPS: 1802
SPS: 1802
SPS: 1802
SPS: 1802
SPS: 1802
global_step=4449616, episodic_return=-18.0
global_step=4449616, episodic_return=-18.0
SPS: 1802
SPS: 1802
SPS: 1802
SPS: 1802
SPS: 1802
SPS: 1802
SPS: 1802
SPS: 1802
SPS: 1802
SPS: 1802
SPS: 1802
SPS: 1802
SPS: 1802
SPS: 1802
SPS: 1802
SPS: 1802
SPS: 1802
SPS: 1802
SPS: 1802
SPS: 1802
global_step=4481776, episodic_return=-20.0
SPS: 1802
SPS: 1802
SPS: 1802
SPS: 1802
SPS: 1802
SPS: 1802
SPS: 1802
SPS: 1802
SPS: 1802
SPS: 1802
SPS: 1802
SPS: 1802
SPS: 1802
SPS: 1802
SPS: 1802
SPS: 1802
SPS: 1802
SPS: 1802
SPS: 1802
SPS: 1802
global_step=4513920, episodic_return=-20.0
global_step=4513920, episodic_return=-20.0
SPS: 1802
SPS: 1802
SPS: 1802
SPS: 1802
SPS: 1802
SPS: 1802
SPS: 1802
SPS: 1802
SPS: 1802
SPS: 1802
SPS: 1802
SPS: 1802
SPS: 1802
SPS: 1802
SPS: 1802
SPS: 1802
SPS: 1802
global_step=4541104, episodic_return=-18.0
SPS: 1802
SPS: 1802
SPS: 1802
SPS: 1802
SPS: 1802
SPS: 1802
SPS: 1802
SPS: 1802
SPS: 1802
SPS: 1802
SPS: 1802
SPS: 1802
SPS: 1802
global_step=4563056, episodic_return=-18.0
global_step=4563056, episodic_return=-18.0
SPS: 1802
SPS: 1802
SPS: 1802
SPS: 1802
SPS: 1802
SPS: 1802
SPS: 1802
SPS: 1802
SPS: 1802
SPS: 1802
SPS: 1802
SPS: 1802
SPS: 1802
SPS: 1802
SPS: 1802
SPS: 1802
SPS: 1802
SPS: 1802
SPS: 1802
SPS: 1802
SPS: 1802
global_step=4596288, episodic_return=-16.0
global_step=4596288, episodic_return=-16.0
SPS: 1802
SPS: 1802
SPS: 1802
SPS: 1802
SPS: 1802
SPS: 1802
SPS: 1802
SPS: 1802
SPS: 1802
SPS: 1802
SPS: 1802
SPS: 1802
SPS: 1802
SPS: 1802
SPS: 1802
SPS: 1802
SPS: 1802
SPS: 1802
SPS: 1802
SPS: 1802
SPS: 1803
SPS: 1803
SPS: 1803
SPS: 1803
global_step=4634512, episodic_return=-18.0
SPS: 1803
SPS: 1803
SPS: 1803
SPS: 1803
SPS: 1803
SPS: 1803
SPS: 1803
SPS: 1803
SPS: 1803
SPS: 1803
SPS: 1803
SPS: 1803
SPS: 1803
SPS: 1803
SPS: 1803
SPS: 1803
SPS: 1803
global_step=4662016, episodic_return=-16.0
global_step=4662016, episodic_return=-16.0
SPS: 1803
SPS: 1803
SPS: 1803
SPS: 1803
SPS: 1803
SPS: 1803
SPS: 1803
SPS: 1803
SPS: 1803
SPS: 1803
SPS: 1803
SPS: 1803
SPS: 1803
SPS: 1803
SPS: 1803
SPS: 1803
SPS: 1803
SPS: 1803
SPS: 1803
global_step=4691216, episodic_return=-16.0
SPS: 1803
SPS: 1803
SPS: 1803
SPS: 1803
SPS: 1803
SPS: 1803
SPS: 1803
SPS: 1803
SPS: 1803
SPS: 1803
SPS: 1803
SPS: 1803
SPS: 1803
SPS: 1803
SPS: 1803
SPS: 1803
SPS: 1803
SPS: 1803
global_step=4720880, episodic_return=-12.0
global_step=4720880, episodic_return=-12.0
SPS: 1803
SPS: 1803
SPS: 1803
SPS: 1803
SPS: 1803
SPS: 1803
SPS: 1803
SPS: 1803
SPS: 1803
SPS: 1803
SPS: 1803
SPS: 1803
SPS: 1803
SPS: 1803
SPS: 1803
SPS: 1803
SPS: 1803
SPS: 1803
SPS: 1803
SPS: 1803
SPS: 1803
SPS: 1803
SPS: 1803
SPS: 1803
SPS: 1802
global_step=4761520, episodic_return=-20.0
global_step=4761520, episodic_return=-20.0
SPS: 1802
SPS: 1802
SPS: 1802
SPS: 1802
SPS: 1802
SPS: 1802
SPS: 1802
SPS: 1802
SPS: 1802
SPS: 1802
SPS: 1802
SPS: 1802
SPS: 1802
SPS: 1802
SPS: 1802
SPS: 1802
SPS: 1802
SPS: 1802
SPS: 1802
SPS: 1802
SPS: 1802
global_step=4793920, episodic_return=-20.0
SPS: 1802
SPS: 1802
SPS: 1802
SPS: 1802
SPS: 1802
SPS: 1802
SPS: 1802
SPS: 1802
SPS: 1802
SPS: 1802
SPS: 1802
SPS: 1802
SPS: 1802
global_step=4815040, episodic_return=-20.0
global_step=4815040, episodic_return=-20.0
SPS: 1802
SPS: 1802
SPS: 1802
SPS: 1802
SPS: 1802
SPS: 1802
SPS: 1802
SPS: 1802
SPS: 1802
SPS: 1802
SPS: 1802
SPS: 1802
SPS: 1802
SPS: 1802
SPS: 1802
global_step=4839552, episodic_return=-22.0
SPS: 1802
SPS: 1802
SPS: 1802
SPS: 1802
SPS: 1802
SPS: 1802
SPS: 1802
SPS: 1802
SPS: 1802
SPS: 1802
SPS: 1802
SPS: 1802
SPS: 1802
SPS: 1802
SPS: 1802
SPS: 1802
SPS: 1802
SPS: 1802
SPS: 1802
SPS: 1802
SPS: 1802
global_step=4873568, episodic_return=-24.0
global_step=4873568, episodic_return=-24.0
SPS: 1802
SPS: 1802
SPS: 1802
SPS: 1802
SPS: 1802
SPS: 1802
SPS: 1802
SPS: 1802
SPS: 1802
SPS: 1802
SPS: 1802
SPS: 1802
SPS: 1802
SPS: 1802
SPS: 1802
SPS: 1802
SPS: 1802
SPS: 1802
SPS: 1802
global_step=4903776, episodic_return=-18.0
global_step=4903776, episodic_return=-18.0
SPS: 1802
SPS: 1802
SPS: 1802
SPS: 1802
SPS: 1802
SPS: 1802
SPS: 1802
SPS: 1802
SPS: 1802
SPS: 1802
SPS: 1802
SPS: 1801
SPS: 1801
SPS: 1801
SPS: 1801
SPS: 1801
SPS: 1801
SPS: 1801
SPS: 1801
global_step=4933264, episodic_return=-20.0
SPS: 1801
SPS: 1801
SPS: 1801
SPS: 1801
SPS: 1801
SPS: 1801
SPS: 1801
SPS: 1801
SPS: 1801
SPS: 1801
SPS: 1801
SPS: 1801
SPS: 1801
SPS: 1801
SPS: 1801
SPS: 1801
SPS: 1801
SPS: 1801
SPS: 1801
SPS: 1801
global_step=4965664, episodic_return=-12.0
global_step=4965664, episodic_return=-12.0
SPS: 1801
SPS: 1801
SPS: 1801
SPS: 1801
SPS: 1801
SPS: 1801
SPS: 1801
SPS: 1801
SPS: 1801
SPS: 1801
SPS: 1801
SPS: 1801
SPS: 1801
SPS: 1801
SPS: 1801
SPS: 1801
SPS: 1801
SPS: 1801
SPS: 1801
SPS: 1801
SPS: 1801
SPS: 1801
global_step=5000976, episodic_return=-18.0
SPS: 1801
SPS: 1801
SPS: 1801
SPS: 1801
SPS: 1801
SPS: 1801
SPS: 1801
SPS: 1801
SPS: 1801
SPS: 1801
SPS: 1801
SPS: 1801
SPS: 1801
SPS: 1801
SPS: 1801
global_step=5024944, episodic_return=-22.0
global_step=5024944, episodic_return=-22.0
SPS: 1801
SPS: 1801
SPS: 1801
SPS: 1801
SPS: 1801
SPS: 1801
SPS: 1801
SPS: 1801
SPS: 1801
SPS: 1801
SPS: 1801
SPS: 1801
SPS: 1801
SPS: 1801
SPS: 1801
SPS: 1801
SPS: 1801
global_step=5051984, episodic_return=-20.0
global_step=5051984, episodic_return=-20.0
SPS: 1801
SPS: 1801
SPS: 1801
SPS: 1801
SPS: 1801
SPS: 1801
SPS: 1801
SPS: 1801
SPS: 1801
SPS: 1801
SPS: 1801
SPS: 1801
SPS: 1801
SPS: 1801
SPS: 1801
SPS: 1801
SPS: 1801
SPS: 1801
global_step=5080880, episodic_return=-16.0
SPS: 1801
SPS: 1801
SPS: 1801
SPS: 1801
SPS: 1801
SPS: 1801
SPS: 1801
SPS: 1801
SPS: 1801
SPS: 1801
SPS: 1801
SPS: 1801
SPS: 1801
SPS: 1801
SPS: 1801
SPS: 1800
SPS: 1800
SPS: 1800
SPS: 1800
global_step=5111312, episodic_return=-14.0
global_step=5111312, episodic_return=-14.0
SPS: 1800
SPS: 1800
SPS: 1800
SPS: 1800
SPS: 1800
SPS: 1800
SPS: 1800
SPS: 1800
SPS: 1800
SPS: 1800
SPS: 1800
SPS: 1800
SPS: 1800
SPS: 1800
SPS: 1800
SPS: 1800
SPS: 1800
SPS: 1800
SPS: 1800
SPS: 1800
SPS: 1800
SPS: 1800
global_step=5145680, episodic_return=-16.0
SPS: 1800
SPS: 1800
SPS: 1800
SPS: 1800
SPS: 1800
SPS: 1800
SPS: 1800
SPS: 1800
SPS: 1800
SPS: 1800
SPS: 1800
SPS: 1800
SPS: 1800
SPS: 1800
SPS: 1800
SPS: 1800
SPS: 1800
global_step=5173888, episodic_return=-20.0
global_step=5173888, episodic_return=-20.0
SPS: 1800
SPS: 1800
SPS: 1800
SPS: 1800
SPS: 1800
SPS: 1800
SPS: 1800
SPS: 1800
SPS: 1800
SPS: 1800
SPS: 1800
SPS: 1800
SPS: 1800
SPS: 1800
SPS: 1800
SPS: 1800
global_step=5199024, episodic_return=-20.0
global_step=5199024, episodic_return=-20.0
SPS: 1800
SPS: 1800
SPS: 1800
SPS: 1800
SPS: 1800
SPS: 1800
SPS: 1800
SPS: 1800
SPS: 1800
SPS: 1800
SPS: 1800
SPS: 1800
SPS: 1800
SPS: 1800
SPS: 1800
SPS: 1800
SPS: 1800
SPS: 1800
SPS: 1800
SPS: 1800
SPS: 1800
SPS: 1800
global_step=5234240, episodic_return=-16.0
SPS: 1800
SPS: 1800
SPS: 1800
SPS: 1800
SPS: 1800
SPS: 1800
SPS: 1800
SPS: 1800
SPS: 1800
SPS: 1800
SPS: 1800
SPS: 1800
SPS: 1800
SPS: 1800
SPS: 1800
SPS: 1800
SPS: 1800
SPS: 1800
SPS: 1800
SPS: 1800
SPS: 1800
SPS: 1800
SPS: 1800
global_step=5271408, episodic_return=-20.0
global_step=5271408, episodic_return=-20.0
SPS: 1800
SPS: 1800
SPS: 1800
SPS: 1800
SPS: 1800
SPS: 1800
SPS: 1800
SPS: 1800
SPS: 1800
SPS: 1800
SPS: 1800
SPS: 1800
SPS: 1800
SPS: 1800
SPS: 1800
SPS: 1800
SPS: 1800
SPS: 1800
SPS: 1800
SPS: 1800
SPS: 1800
SPS: 1800
SPS: 1800
SPS: 1800
global_step=5308848, episodic_return=-18.0
SPS: 1800
SPS: 1800
SPS: 1800
SPS: 1800
SPS: 1800
SPS: 1800
SPS: 1800
SPS: 1800
SPS: 1800
SPS: 1800
SPS: 1800
SPS: 1800
SPS: 1800
SPS: 1800
SPS: 1800
SPS: 1800
SPS: 1800
global_step=5336192, episodic_return=-20.0
global_step=5336192, episodic_return=-20.0
SPS: 1800
SPS: 1800
SPS: 1800
SPS: 1800
SPS: 1800
SPS: 1800
SPS: 1800
SPS: 1800
SPS: 1800
SPS: 1800
SPS: 1800
SPS: 1800
SPS: 1800
SPS: 1800
SPS: 1800
SPS: 1800
SPS: 1800
SPS: 1800
SPS: 1800
SPS: 1800
SPS: 1800
SPS: 1800
SPS: 1800
SPS: 1800
global_step=5375456, episodic_return=-20.0
global_step=5375456, episodic_return=-20.0
SPS: 1800
SPS: 1800
SPS: 1800
SPS: 1800
SPS: 1800
SPS: 1800
SPS: 1800
SPS: 1800
SPS: 1800
SPS: 1800
SPS: 1800
SPS: 1800
SPS: 1800
SPS: 1800
SPS: 1800
SPS: 1800
global_step=5401536, episodic_return=-16.0
SPS: 1799
SPS: 1800
SPS: 1799
SPS: 1799
SPS: 1800
SPS: 1800
SPS: 1800
SPS: 1800
SPS: 1799
SPS: 1799
SPS: 1799
SPS: 1799
SPS: 1799
SPS: 1799
SPS: 1799
SPS: 1799
SPS: 1799
SPS: 1799
global_step=5430064, episodic_return=-20.0
global_step=5430064, episodic_return=-20.0
SPS: 1799
SPS: 1799
SPS: 1799
SPS: 1799
SPS: 1799
SPS: 1799
SPS: 1799
SPS: 1799
SPS: 1799
SPS: 1799
SPS: 1799
SPS: 1799
SPS: 1799
SPS: 1799
SPS: 1799
SPS: 1799
SPS: 1799
SPS: 1799
global_step=5459008, episodic_return=-14.0
SPS: 1799
SPS: 1799
SPS: 1799
SPS: 1799
SPS: 1799
SPS: 1799
SPS: 1799
SPS: 1799
SPS: 1799
SPS: 1799
SPS: 1799
SPS: 1799
SPS: 1799
SPS: 1799
SPS: 1799
SPS: 1799
SPS: 1799
SPS: 1799
SPS: 1799
global_step=5488928, episodic_return=-18.0
global_step=5488928, episodic_return=-18.0
SPS: 1799
SPS: 1799
SPS: 1799
SPS: 1799
SPS: 1799
SPS: 1800
SPS: 1800
SPS: 1800
SPS: 1800
SPS: 1800
SPS: 1800
SPS: 1800
SPS: 1800
SPS: 1800
SPS: 1800
SPS: 1800
SPS: 1800
SPS: 1800
SPS: 1800
SPS: 1800
SPS: 1800
global_step=5522416, episodic_return=-20.0
global_step=5522416, episodic_return=-20.0
SPS: 1800
SPS: 1800
SPS: 1800
SPS: 1800
SPS: 1800
SPS: 1800
SPS: 1800
SPS: 1800
SPS: 1800
SPS: 1800
SPS: 1800
SPS: 1800
SPS: 1800
SPS: 1800
SPS: 1800
SPS: 1800
SPS: 1800
SPS: 1800
SPS: 1800
SPS: 1800
SPS: 1800
SPS: 1800
SPS: 1800
SPS: 1800
SPS: 1800
global_step=5561856, episodic_return=-12.0
SPS: 1800
SPS: 1800
SPS: 1800
SPS: 1800
SPS: 1800
SPS: 1800
SPS: 1800
SPS: 1800
SPS: 1800
SPS: 1800
SPS: 1800
SPS: 1800
SPS: 1800
SPS: 1800
SPS: 1800
global_step=5587008, episodic_return=-18.0
global_step=5587008, episodic_return=-18.0
SPS: 1800
SPS: 1800
SPS: 1800
SPS: 1800
SPS: 1800
SPS: 1800
SPS: 1800
SPS: 1800
SPS: 1800
SPS: 1800
SPS: 1800
SPS: 1800
SPS: 1800
SPS: 1800
SPS: 1800
SPS: 1800
SPS: 1800
SPS: 1800
SPS: 1800
SPS: 1800
SPS: 1800
SPS: 1800
global_step=5620976, episodic_return=-16.0
SPS: 1800
SPS: 1800
SPS: 1800
SPS: 1800
SPS: 1800
SPS: 1800
SPS: 1800
SPS: 1800
SPS: 1800
SPS: 1800
SPS: 1800
SPS: 1800
SPS: 1800
SPS: 1800
SPS: 1800
SPS: 1800
SPS: 1800
SPS: 1800
SPS: 1800
SPS: 1800
SPS: 1800
global_step=5655216, episodic_return=-16.0
global_step=5655216, episodic_return=-16.0
SPS: 1800
SPS: 1800
SPS: 1800
SPS: 1800
SPS: 1800
SPS: 1800
SPS: 1800
SPS: 1800
SPS: 1800
SPS: 1800
SPS: 1800
SPS: 1800
SPS: 1800
SPS: 1800
SPS: 1800
SPS: 1800
SPS: 1800
SPS: 1800
SPS: 1800
global_step=5686160, episodic_return=-20.0
global_step=5686160, episodic_return=-20.0
SPS: 1800
SPS: 1800
SPS: 1800
SPS: 1800
SPS: 1800
SPS: 1800
SPS: 1800
SPS: 1800
SPS: 1800
SPS: 1800
SPS: 1800
SPS: 1800
SPS: 1800
SPS: 1800
SPS: 1800
SPS: 1800
SPS: 1800
global_step=5712672, episodic_return=-22.0
SPS: 1800
SPS: 1800
SPS: 1800
SPS: 1800
SPS: 1800
SPS: 1800
SPS: 1800
SPS: 1800
SPS: 1800
SPS: 1800
SPS: 1800
SPS: 1800
SPS: 1800
SPS: 1800
SPS: 1800
SPS: 1800
SPS: 1800
global_step=5740672, episodic_return=-18.0
global_step=5740672, episodic_return=-18.0
SPS: 1800
SPS: 1800
SPS: 1800
SPS: 1800
SPS: 1800
SPS: 1800
SPS: 1800
SPS: 1800
SPS: 1800
SPS: 1800
SPS: 1800
SPS: 1800
SPS: 1800
SPS: 1800
SPS: 1800
SPS: 1800
SPS: 1800
SPS: 1800
SPS: 1800
SPS: 1800
SPS: 1800
global_step=5773088, episodic_return=-20.0
SPS: 1800
SPS: 1800
SPS: 1800
SPS: 1800
SPS: 1800
SPS: 1800
SPS: 1800
SPS: 1800
SPS: 1800
SPS: 1800
SPS: 1800
SPS: 1800
SPS: 1800
SPS: 1800
SPS: 1800
SPS: 1800
SPS: 1800
SPS: 1800
SPS: 1800
SPS: 1800
SPS: 1800
SPS: 1800
global_step=5809104, episodic_return=-18.0
global_step=5809104, episodic_return=-18.0
SPS: 1800
SPS: 1800
SPS: 1800
SPS: 1800
SPS: 1800
SPS: 1800
SPS: 1800
SPS: 1800
SPS: 1800
SPS: 1800
SPS: 1800
SPS: 1800
SPS: 1800
SPS: 1800
SPS: 1800
SPS: 1800
SPS: 1800
SPS: 1800
SPS: 1800
SPS: 1800
SPS: 1800
SPS: 1800
global_step=5843776, episodic_return=-20.0
global_step=5843776, episodic_return=-20.0
SPS: 1800
SPS: 1800
SPS: 1800
SPS: 1800
SPS: 1800
SPS: 1800
SPS: 1800
SPS: 1800
SPS: 1800
SPS: 1800
SPS: 1800
SPS: 1800
SPS: 1800
SPS: 1800
SPS: 1800
SPS: 1800
global_step=5869216, episodic_return=-14.0
SPS: 1800
SPS: 1800
SPS: 1800
SPS: 1800
SPS: 1800
SPS: 1800
SPS: 1800
SPS: 1800
SPS: 1800
SPS: 1800
SPS: 1800
SPS: 1800
SPS: 1800
SPS: 1800
SPS: 1800
SPS: 1800
SPS: 1800
SPS: 1800
global_step=5898608, episodic_return=-14.0
global_step=5898608, episodic_return=-14.0
SPS: 1800
SPS: 1800
SPS: 1800
SPS: 1800
SPS: 1800
SPS: 1800
SPS: 1800
SPS: 1800
SPS: 1800
SPS: 1800
SPS: 1800
SPS: 1800
SPS: 1800
SPS: 1800
SPS: 1800
SPS: 1800
SPS: 1800
SPS: 1800
SPS: 1800
SPS: 1800
SPS: 1800
SPS: 1800
SPS: 1800
global_step=5936000, episodic_return=-20.0
SPS: 1800
SPS: 1800
SPS: 1800
SPS: 1800
SPS: 1800
SPS: 1800
SPS: 1800
SPS: 1800
SPS: 1800
SPS: 1800
SPS: 1800
SPS: 1800
SPS: 1800
SPS: 1800
SPS: 1800
SPS: 1800
SPS: 1800
global_step=5962032, episodic_return=-18.0
global_step=5962032, episodic_return=-18.0
SPS: 1800
SPS: 1800
SPS: 1800
SPS: 1799
SPS: 1800
SPS: 1799
SPS: 1799
SPS: 1799
SPS: 1799
SPS: 1799
SPS: 1799
SPS: 1799
SPS: 1799
SPS: 1799
SPS: 1799
SPS: 1799
SPS: 1799
SPS: 1799
SPS: 1799
SPS: 1799
SPS: 1799
SPS: 1799
SPS: 1799
global_step=5998752, episodic_return=-16.0
global_step=5998752, episodic_return=-16.0
SPS: 1799
SPS: 1799
SPS: 1799
SPS: 1799
SPS: 1799
SPS: 1799
SPS: 1799
SPS: 1799
SPS: 1799
SPS: 1799
SPS: 1799
SPS: 1799
SPS: 1799
SPS: 1799
SPS: 1799
SPS: 1799
SPS: 1799
SPS: 1799
SPS: 1799
global_step=6028928, episodic_return=-20.0
SPS: 1799
SPS: 1799
SPS: 1799
SPS: 1799
SPS: 1799
SPS: 1799
SPS: 1799
SPS: 1799
SPS: 1799
SPS: 1799
SPS: 1799
SPS: 1799
SPS: 1799
SPS: 1799
SPS: 1799
SPS: 1799
SPS: 1799
SPS: 1799
SPS: 1799
SPS: 1799
SPS: 1799
SPS: 1799
SPS: 1799
SPS: 1799
SPS: 1799
global_step=6069392, episodic_return=-14.0
global_step=6069392, episodic_return=-14.0
SPS: 1799
SPS: 1799
SPS: 1799
SPS: 1799
SPS: 1799
SPS: 1799
SPS: 1799
SPS: 1799
SPS: 1799
SPS: 1799
SPS: 1799
SPS: 1799
SPS: 1799
SPS: 1799
SPS: 1799
SPS: 1799
SPS: 1799
SPS: 1799
SPS: 1799
SPS: 1799
SPS: 1799
SPS: 1799
global_step=6104752, episodic_return=-18.0
SPS: 1799
SPS: 1799
SPS: 1799
SPS: 1799
SPS: 1799
SPS: 1799
SPS: 1799
SPS: 1799
SPS: 1799
SPS: 1799
SPS: 1799
SPS: 1799
SPS: 1799
SPS: 1799
SPS: 1799
SPS: 1799
SPS: 1799
SPS: 1799
SPS: 1799
SPS: 1799
SPS: 1799
global_step=6137856, episodic_return=-16.0
global_step=6137856, episodic_return=-16.0
SPS: 1799
SPS: 1799
SPS: 1799
SPS: 1799
SPS: 1799
SPS: 1799
SPS: 1799
SPS: 1799
SPS: 1799
SPS: 1799
SPS: 1799
SPS: 1799
SPS: 1799
SPS: 1799
SPS: 1799
SPS: 1799
SPS: 1799
SPS: 1799
SPS: 1799
SPS: 1799
SPS: 1799
SPS: 1799
SPS: 1799
SPS: 1799
SPS: 1799
SPS: 1799
SPS: 1799
global_step=6181440, episodic_return=-18.0
global_step=6181440, episodic_return=-18.0
SPS: 1799
SPS: 1799
SPS: 1799
SPS: 1799
SPS: 1799
SPS: 1799
SPS: 1799
SPS: 1799
SPS: 1799
SPS: 1799
SPS: 1799
SPS: 1799
SPS: 1799
SPS: 1799
global_step=6204512, episodic_return=-20.0
SPS: 1799
SPS: 1799
SPS: 1799
SPS: 1799
SPS: 1799
SPS: 1799
SPS: 1799
SPS: 1799
SPS: 1799
SPS: 1799
SPS: 1799
SPS: 1799
SPS: 1799
SPS: 1799
SPS: 1799
SPS: 1799
SPS: 1799
SPS: 1799
SPS: 1799
SPS: 1799
global_step=6235520, episodic_return=-20.0
global_step=6235520, episodic_return=-20.0
SPS: 1799
SPS: 1799
SPS: 1799
SPS: 1799
SPS: 1799
SPS: 1799
SPS: 1799
SPS: 1799
SPS: 1799
SPS: 1799
SPS: 1799
SPS: 1799
SPS: 1799
SPS: 1799
SPS: 1799
global_step=6259760, episodic_return=-22.0
SPS: 1799
SPS: 1799
SPS: 1799
SPS: 1799
SPS: 1799
SPS: 1799
SPS: 1799
SPS: 1799
SPS: 1799
SPS: 1799
SPS: 1799
SPS: 1799
SPS: 1799
SPS: 1799
SPS: 1799
SPS: 1799
SPS: 1799
SPS: 1799
SPS: 1799
SPS: 1799
SPS: 1799
SPS: 1799
global_step=6295264, episodic_return=-22.0
global_step=6295264, episodic_return=-22.0
SPS: 1799
SPS: 1799
SPS: 1799
SPS: 1799
SPS: 1799
SPS: 1799
SPS: 1799
SPS: 1799
SPS: 1799
SPS: 1799
SPS: 1799
SPS: 1799
SPS: 1799
SPS: 1799
SPS: 1799
SPS: 1799
SPS: 1799
SPS: 1799
SPS: 1799
global_step=6325296, episodic_return=-20.0
global_step=6325296, episodic_return=-20.0
SPS: 1799
SPS: 1799
SPS: 1799
SPS: 1799
SPS: 1799
SPS: 1799
SPS: 1799
SPS: 1799
SPS: 1799
SPS: 1799
SPS: 1799
SPS: 1799
SPS: 1799
SPS: 1799
SPS: 1799
SPS: 1799
SPS: 1799
global_step=6353344, episodic_return=-20.0
SPS: 1799
SPS: 1799
SPS: 1799
SPS: 1799
SPS: 1799
SPS: 1799
SPS: 1799
SPS: 1799
SPS: 1799
SPS: 1799
SPS: 1799
SPS: 1799
SPS: 1799
SPS: 1799
SPS: 1799
SPS: 1799
SPS: 1799
SPS: 1799
SPS: 1799
SPS: 1799
SPS: 1799
SPS: 1799
SPS: 1799
SPS: 1799
global_step=6390704, episodic_return=-8.0
global_step=6390704, episodic_return=-8.0
SPS: 1798
SPS: 1798
SPS: 1798
SPS: 1798
SPS: 1798
SPS: 1798
SPS: 1798
SPS: 1798
SPS: 1798
SPS: 1798
SPS: 1798
SPS: 1798
SPS: 1798
SPS: 1798
SPS: 1798
SPS: 1798
SPS: 1798
SPS: 1798
SPS: 1798
SPS: 1798
SPS: 1798
global_step=6424224, episodic_return=-14.0
SPS: 1798
SPS: 1798
SPS: 1798
SPS: 1798
SPS: 1798
SPS: 1798
SPS: 1798
SPS: 1798
SPS: 1798
SPS: 1798
SPS: 1798
SPS: 1798
SPS: 1798
SPS: 1798
global_step=6447200, episodic_return=-20.0
global_step=6447200, episodic_return=-20.0
SPS: 1798
SPS: 1798
SPS: 1798
SPS: 1798
SPS: 1798
SPS: 1798
SPS: 1798
SPS: 1798
SPS: 1798
SPS: 1798
SPS: 1798
SPS: 1798
SPS: 1798
SPS: 1798
SPS: 1798
SPS: 1798
SPS: 1798
SPS: 1798
SPS: 1798
SPS: 1798
global_step=6479520, episodic_return=-14.0
global_step=6479520, episodic_return=-14.0
SPS: 1798
SPS: 1798
SPS: 1798
SPS: 1798
SPS: 1798
SPS: 1798
SPS: 1798
SPS: 1798
SPS: 1798
SPS: 1798
SPS: 1798
SPS: 1798
SPS: 1798
SPS: 1798
SPS: 1798
SPS: 1798
SPS: 1798
SPS: 1798
SPS: 1798
SPS: 1798
SPS: 1798
SPS: 1798
global_step=6513696, episodic_return=-24.0
SPS: 1798
SPS: 1798
SPS: 1798
SPS: 1798
SPS: 1798
SPS: 1798
SPS: 1798
SPS: 1798
SPS: 1798
SPS: 1798
SPS: 1798
SPS: 1798
SPS: 1798
SPS: 1798
SPS: 1798
SPS: 1798
global_step=6539712, episodic_return=-16.0
global_step=6539712, episodic_return=-16.0
SPS: 1798
SPS: 1798
SPS: 1798
SPS: 1798
SPS: 1798
SPS: 1798
SPS: 1798
SPS: 1798
SPS: 1798
SPS: 1798
SPS: 1798
SPS: 1798
SPS: 1798
SPS: 1798
SPS: 1798
SPS: 1798
SPS: 1798
SPS: 1798
SPS: 1798
SPS: 1798
SPS: 1798
SPS: 1798
SPS: 1798
SPS: 1798
global_step=6579120, episodic_return=-14.0
SPS: 1798
SPS: 1798
SPS: 1798
SPS: 1798
SPS: 1798
SPS: 1798
SPS: 1798
SPS: 1798
SPS: 1798
SPS: 1798
SPS: 1798
SPS: 1798
SPS: 1798
SPS: 1798
SPS: 1798
SPS: 1798
SPS: 1798
SPS: 1798
SPS: 1798
SPS: 1798
SPS: 1798
SPS: 1798
SPS: 1798
SPS: 1798
SPS: 1798
global_step=6618752, episodic_return=-14.0
global_step=6618752, episodic_return=-14.0
SPS: 1798
SPS: 1798
SPS: 1798
SPS: 1798
SPS: 1798
SPS: 1798
SPS: 1798
SPS: 1798
SPS: 1798
SPS: 1798
SPS: 1798
SPS: 1798
SPS: 1798
SPS: 1798
SPS: 1798
SPS: 1798
SPS: 1798
SPS: 1798
SPS: 1798
SPS: 1798
SPS: 1798
global_step=6651216, episodic_return=-20.0
global_step=6651216, episodic_return=-20.0
SPS: 1798
SPS: 1798
SPS: 1798
SPS: 1798
SPS: 1798
SPS: 1798
SPS: 1798
SPS: 1798
SPS: 1798
SPS: 1798
SPS: 1798
SPS: 1798
SPS: 1798
SPS: 1798
SPS: 1798
SPS: 1798
SPS: 1798
SPS: 1798
SPS: 1798
SPS: 1798
SPS: 1798
SPS: 1798
SPS: 1798
SPS: 1798
SPS: 1798
SPS: 1798
SPS: 1798
SPS: 1798
global_step=6697024, episodic_return=-6.0
SPS: 1798
SPS: 1798
SPS: 1798
SPS: 1798
SPS: 1798
SPS: 1798
SPS: 1798
SPS: 1798
SPS: 1798
SPS: 1798
SPS: 1798
SPS: 1798
SPS: 1798
SPS: 1798
SPS: 1798
SPS: 1798
SPS: 1798
SPS: 1798
SPS: 1798
SPS: 1798
global_step=6728416, episodic_return=-20.0
global_step=6728416, episodic_return=-20.0
SPS: 1798
SPS: 1798
SPS: 1798
SPS: 1798
SPS: 1798
SPS: 1798
SPS: 1798
SPS: 1798
SPS: 1798
SPS: 1798
SPS: 1798
SPS: 1798
SPS: 1798
SPS: 1798
SPS: 1798
SPS: 1798
SPS: 1798
global_step=6755808, episodic_return=-20.0
SPS: 1798
SPS: 1798
SPS: 1798
SPS: 1798
SPS: 1798
SPS: 1798
SPS: 1798
SPS: 1798
SPS: 1798
SPS: 1798
SPS: 1798
SPS: 1798
SPS: 1798
SPS: 1798
SPS: 1798
SPS: 1798
SPS: 1798
SPS: 1798
global_step=6784144, episodic_return=-18.0
global_step=6784144, episodic_return=-18.0
SPS: 1798
SPS: 1798
SPS: 1798
SPS: 1798
SPS: 1798
SPS: 1798
SPS: 1798
SPS: 1798
SPS: 1798
SPS: 1798
SPS: 1798
SPS: 1798
SPS: 1798
SPS: 1798
SPS: 1798
SPS: 1798
SPS: 1798
SPS: 1798
SPS: 1798
SPS: 1798
SPS: 1798
SPS: 1798
global_step=6819984, episodic_return=-14.0
global_step=6819984, episodic_return=-14.0
SPS: 1798
SPS: 1798
SPS: 1798
SPS: 1798
SPS: 1798
SPS: 1798
SPS: 1798
SPS: 1798
SPS: 1798
SPS: 1798
SPS: 1798
SPS: 1798
SPS: 1798
SPS: 1798
SPS: 1798
SPS: 1798
SPS: 1798
SPS: 1798
SPS: 1798
SPS: 1798
SPS: 1798
SPS: 1798
global_step=6855232, episodic_return=-22.0
SPS: 1798
SPS: 1798
SPS: 1798
SPS: 1798
SPS: 1798
SPS: 1798
SPS: 1798
SPS: 1798
SPS: 1798
SPS: 1798
SPS: 1798
SPS: 1798
SPS: 1798
SPS: 1798
SPS: 1798
SPS: 1798
SPS: 1798
SPS: 1798
SPS: 1798
SPS: 1798
global_step=6887792, episodic_return=-18.0
global_step=6887792, episodic_return=-18.0
SPS: 1798
SPS: 1798
SPS: 1798
SPS: 1798
SPS: 1798
SPS: 1798
SPS: 1798
SPS: 1798
SPS: 1798
SPS: 1797
SPS: 1797
SPS: 1797
SPS: 1797
SPS: 1797
SPS: 1797
SPS: 1797
SPS: 1797
SPS: 1797
SPS: 1797
SPS: 1797
SPS: 1797
SPS: 1797
SPS: 1797
SPS: 1797
SPS: 1797
SPS: 1797
global_step=6928336, episodic_return=-18.0
SPS: 1797
SPS: 1797
SPS: 1797
SPS: 1797
SPS: 1797
SPS: 1797
SPS: 1797
SPS: 1797
SPS: 1797
SPS: 1797
SPS: 1797
SPS: 1797
SPS: 1797
SPS: 1797
SPS: 1797
SPS: 1797
SPS: 1797
SPS: 1797
SPS: 1797
SPS: 1797
global_step=6960544, episodic_return=-20.0
global_step=6960544, episodic_return=-20.0
SPS: 1797
SPS: 1797
SPS: 1797
SPS: 1797
SPS: 1797
SPS: 1797
SPS: 1797
SPS: 1797
SPS: 1797
SPS: 1797
SPS: 1797
SPS: 1797
SPS: 1797
SPS: 1797
SPS: 1797
SPS: 1797
SPS: 1797
SPS: 1797
SPS: 1797
global_step=6990592, episodic_return=-16.0
global_step=6990592, episodic_return=-16.0
SPS: 1797
SPS: 1797
SPS: 1797
SPS: 1797
SPS: 1797
SPS: 1797
SPS: 1797
SPS: 1797
SPS: 1797
SPS: 1797
SPS: 1797
SPS: 1797
SPS: 1797
SPS: 1797
SPS: 1797
SPS: 1797
SPS: 1797
SPS: 1797
global_step=7019920, episodic_return=-20.0
SPS: 1797
SPS: 1797
SPS: 1797
SPS: 1797
SPS: 1797
SPS: 1797
SPS: 1797
SPS: 1797
SPS: 1797
SPS: 1797
SPS: 1797
SPS: 1797
SPS: 1797
SPS: 1797
SPS: 1797
SPS: 1797
SPS: 1797
SPS: 1797
SPS: 1797
global_step=7050864, episodic_return=-20.0
global_step=7050864, episodic_return=-20.0
SPS: 1797
SPS: 1797
SPS: 1797
SPS: 1797
SPS: 1797
SPS: 1797
SPS: 1797
SPS: 1797
SPS: 1797
SPS: 1797
SPS: 1797
SPS: 1797
SPS: 1797
SPS: 1797
SPS: 1797
SPS: 1797
SPS: 1797
SPS: 1797
SPS: 1797
SPS: 1797
global_step=7081792, episodic_return=-18.0
SPS: 1797
SPS: 1797
SPS: 1797
SPS: 1797
SPS: 1797
SPS: 1797
SPS: 1797
SPS: 1797
SPS: 1797
SPS: 1797
SPS: 1797
SPS: 1797
SPS: 1797
SPS: 1797
SPS: 1797
SPS: 1797
SPS: 1797
SPS: 1797
SPS: 1797
SPS: 1797
SPS: 1797
global_step=7115280, episodic_return=-22.0
global_step=7115280, episodic_return=-22.0
SPS: 1797
SPS: 1797
SPS: 1797
SPS: 1797
SPS: 1797
SPS: 1797
SPS: 1797
SPS: 1797
SPS: 1797
SPS: 1797
SPS: 1797
SPS: 1797
SPS: 1797
SPS: 1797
SPS: 1797
SPS: 1797
SPS: 1797
SPS: 1797
SPS: 1797
SPS: 1797
SPS: 1797
SPS: 1797
SPS: 1797
SPS: 1797
SPS: 1797
SPS: 1797
SPS: 1797
SPS: 1797
SPS: 1797
global_step=7161760, episodic_return=-14.0
global_step=7161760, episodic_return=-14.0
SPS: 1797
SPS: 1797
SPS: 1797
SPS: 1797
SPS: 1797
SPS: 1797
SPS: 1797
SPS: 1797
SPS: 1797
SPS: 1797
SPS: 1797
SPS: 1797
SPS: 1797
SPS: 1797
SPS: 1797
SPS: 1797
SPS: 1797
SPS: 1797
SPS: 1797
SPS: 1797
SPS: 1797
global_step=7195728, episodic_return=-20.0
SPS: 1797
SPS: 1797
SPS: 1797
SPS: 1797
SPS: 1797
SPS: 1797
SPS: 1797
SPS: 1797
SPS: 1797
SPS: 1797
SPS: 1797
SPS: 1797
SPS: 1797
SPS: 1797
SPS: 1797
SPS: 1797
SPS: 1797
SPS: 1797
SPS: 1797
SPS: 1797
global_step=7228240, episodic_return=-20.0
global_step=7228240, episodic_return=-20.0
SPS: 1797
SPS: 1797
SPS: 1797
SPS: 1797
SPS: 1797
SPS: 1797
SPS: 1797
SPS: 1797
SPS: 1797
SPS: 1797
SPS: 1797
SPS: 1797
SPS: 1797
SPS: 1797
SPS: 1797
SPS: 1797
SPS: 1797
SPS: 1797
SPS: 1797
global_step=7258480, episodic_return=-22.0
SPS: 1797
SPS: 1797
SPS: 1797
SPS: 1797
SPS: 1797
SPS: 1797
SPS: 1797
SPS: 1797
SPS: 1797
SPS: 1797
SPS: 1797
SPS: 1797
SPS: 1797
SPS: 1797
SPS: 1797
SPS: 1797
SPS: 1797
SPS: 1797
SPS: 1797
SPS: 1797
SPS: 1797
SPS: 1797
SPS: 1797
SPS: 1797
SPS: 1797
SPS: 1797
SPS: 1797
SPS: 1797
SPS: 1797
SPS: 1797
global_step=7306272, episodic_return=-12.0
global_step=7306272, episodic_return=-12.0
SPS: 1797
SPS: 1797
SPS: 1797
SPS: 1797
SPS: 1797
SPS: 1797
SPS: 1797
SPS: 1797
SPS: 1797
SPS: 1797
SPS: 1797
SPS: 1797
SPS: 1797
SPS: 1797
SPS: 1797
SPS: 1797
SPS: 1797
SPS: 1797
SPS: 1797
SPS: 1797
SPS: 1797
global_step=7339328, episodic_return=-16.0
global_step=7339328, episodic_return=-16.0
SPS: 1797
SPS: 1797
SPS: 1797
SPS: 1797
SPS: 1797
SPS: 1797
SPS: 1797
SPS: 1797
SPS: 1797
SPS: 1797
SPS: 1797
SPS: 1797
SPS: 1797
SPS: 1797
global_step=7361632, episodic_return=-16.0
SPS: 1797
SPS: 1797
SPS: 1797
SPS: 1797
SPS: 1797
SPS: 1797
SPS: 1797
SPS: 1797
SPS: 1797
SPS: 1797
SPS: 1797
SPS: 1797
SPS: 1797
SPS: 1797
SPS: 1797
SPS: 1797
global_step=7387920, episodic_return=-16.0
global_step=7387920, episodic_return=-16.0
SPS: 1797
SPS: 1797
SPS: 1797
SPS: 1797
SPS: 1797
SPS: 1797
SPS: 1797
SPS: 1797
SPS: 1797
SPS: 1797
SPS: 1797
SPS: 1797
SPS: 1797
SPS: 1797
SPS: 1797
SPS: 1797
SPS: 1797
SPS: 1797
global_step=7417456, episodic_return=-16.0
SPS: 1797
SPS: 1797
SPS: 1797
SPS: 1797
SPS: 1797
SPS: 1797
SPS: 1797
SPS: 1797
SPS: 1797
SPS: 1797
SPS: 1797
SPS: 1797
SPS: 1797
SPS: 1797
SPS: 1797
SPS: 1797
SPS: 1797
SPS: 1797
SPS: 1797
SPS: 1797
SPS: 1797
SPS: 1797
SPS: 1797
SPS: 1797
SPS: 1797
SPS: 1797
SPS: 1797
SPS: 1797
SPS: 1797
SPS: 1797
global_step=7465280, episodic_return=-14.0
global_step=7465280, episodic_return=-14.0
SPS: 1797
SPS: 1797
SPS: 1797
SPS: 1797
SPS: 1797
SPS: 1797
SPS: 1797
SPS: 1797
SPS: 1797
SPS: 1797
SPS: 1797
SPS: 1797
SPS: 1797
SPS: 1797
SPS: 1797
SPS: 1797
SPS: 1797
SPS: 1797
SPS: 1797
SPS: 1797
SPS: 1797
SPS: 1797
SPS: 1797
global_step=7500992, episodic_return=-18.0
global_step=7500992, episodic_return=-18.0
SPS: 1797
SPS: 1797
SPS: 1797
SPS: 1797
SPS: 1797
SPS: 1797
SPS: 1797
SPS: 1797
SPS: 1797
SPS: 1797
SPS: 1797
SPS: 1797
SPS: 1797
SPS: 1797
SPS: 1797
SPS: 1797
SPS: 1797
SPS: 1797
SPS: 1797
SPS: 1797
SPS: 1797
SPS: 1797
SPS: 1797
SPS: 1797
SPS: 1797
SPS: 1797
SPS: 1797
global_step=7544784, episodic_return=-18.0
SPS: 1797
SPS: 1797
SPS: 1797
SPS: 1797
SPS: 1797
SPS: 1797
SPS: 1797
SPS: 1797
SPS: 1797
SPS: 1797
SPS: 1797
SPS: 1797
SPS: 1797
SPS: 1797
SPS: 1797
SPS: 1797
global_step=7569808, episodic_return=-20.0
global_step=7569808, episodic_return=-20.0
SPS: 1797
SPS: 1797
SPS: 1797
SPS: 1797
SPS: 1797
SPS: 1797
SPS: 1797
SPS: 1797
SPS: 1797
SPS: 1797
SPS: 1797
SPS: 1797
SPS: 1797
SPS: 1797
SPS: 1797
SPS: 1797
SPS: 1797
SPS: 1797
SPS: 1797
global_step=7600768, episodic_return=-22.0
SPS: 1797
SPS: 1797
SPS: 1797
SPS: 1797
SPS: 1797
SPS: 1797
SPS: 1797
SPS: 1797
SPS: 1797
SPS: 1797
SPS: 1797
SPS: 1797
SPS: 1797
SPS: 1797
SPS: 1797
SPS: 1797
SPS: 1797
SPS: 1797
SPS: 1797
SPS: 1797
SPS: 1797
global_step=7634336, episodic_return=-22.0
global_step=7634336, episodic_return=-22.0
SPS: 1797
SPS: 1797
SPS: 1797
SPS: 1797
SPS: 1797
SPS: 1797
SPS: 1797
SPS: 1797
SPS: 1797
SPS: 1797
SPS: 1797
SPS: 1797
SPS: 1797
SPS: 1797
global_step=7657456, episodic_return=-22.0
global_step=7657456, episodic_return=-22.0
SPS: 1797
SPS: 1797
SPS: 1797
SPS: 1797
SPS: 1797
SPS: 1797
SPS: 1797
SPS: 1797
SPS: 1797
SPS: 1797
SPS: 1797
SPS: 1797
SPS: 1797
SPS: 1797
SPS: 1797
SPS: 1797
SPS: 1797
SPS: 1797
SPS: 1797
SPS: 1797
global_step=7688880, episodic_return=-22.0
SPS: 1797
SPS: 1797
SPS: 1797
SPS: 1797
SPS: 1797
SPS: 1797
SPS: 1797
SPS: 1797
SPS: 1797
SPS: 1797
SPS: 1797
SPS: 1797
SPS: 1797
SPS: 1797
SPS: 1797
SPS: 1797
SPS: 1797
global_step=7716512, episodic_return=-18.0
global_step=7716512, episodic_return=-18.0
SPS: 1797
SPS: 1797
SPS: 1797
SPS: 1797
SPS: 1797
SPS: 1797
SPS: 1797
SPS: 1797
SPS: 1797
SPS: 1797
SPS: 1797
SPS: 1797
SPS: 1797
SPS: 1797
SPS: 1797
SPS: 1797
SPS: 1797
SPS: 1797
SPS: 1797
global_step=7747040, episodic_return=-18.0
SPS: 1797
SPS: 1797
SPS: 1797
SPS: 1797
SPS: 1797
SPS: 1797
SPS: 1797
SPS: 1797
SPS: 1797
SPS: 1797
SPS: 1797
SPS: 1797
SPS: 1797
SPS: 1797
SPS: 1797
SPS: 1797
SPS: 1797
global_step=7772864, episodic_return=-18.0
global_step=7772864, episodic_return=-18.0
SPS: 1797
SPS: 1797
SPS: 1797
SPS: 1796
SPS: 1796
SPS: 1796
SPS: 1796
SPS: 1796
SPS: 1796
SPS: 1796
SPS: 1796
SPS: 1796
SPS: 1796
SPS: 1796
SPS: 1796
SPS: 1796
SPS: 1796
SPS: 1796
SPS: 1796
SPS: 1796
SPS: 1796
SPS: 1796
SPS: 1796
global_step=7810192, episodic_return=-18.0
global_step=7810192, episodic_return=-18.0
SPS: 1796
SPS: 1796
SPS: 1796
SPS: 1796
SPS: 1796
SPS: 1796
SPS: 1796
SPS: 1796
SPS: 1796
SPS: 1796
SPS: 1796
SPS: 1796
SPS: 1796
SPS: 1796
SPS: 1796
SPS: 1796
SPS: 1796
SPS: 1796
SPS: 1796
SPS: 1796
global_step=7842512, episodic_return=-20.0
SPS: 1796
SPS: 1796
SPS: 1796
SPS: 1796
SPS: 1796
SPS: 1796
SPS: 1796
SPS: 1796
SPS: 1796
SPS: 1796
SPS: 1796
SPS: 1796
SPS: 1796
SPS: 1796
SPS: 1796
SPS: 1796
SPS: 1796
SPS: 1796
SPS: 1796
SPS: 1796
SPS: 1796
SPS: 1796
SPS: 1796
SPS: 1796
SPS: 1796
SPS: 1796
global_step=7883344, episodic_return=-16.0
global_step=7883344, episodic_return=-16.0
SPS: 1796
SPS: 1796
SPS: 1796
SPS: 1796
SPS: 1796
SPS: 1796
SPS: 1796
SPS: 1796
SPS: 1796
SPS: 1796
SPS: 1796
SPS: 1796
SPS: 1796
SPS: 1796
SPS: 1796
SPS: 1796
SPS: 1796
SPS: 1796
global_step=7912480, episodic_return=-18.0
SPS: 1796
SPS: 1796
SPS: 1796
SPS: 1796
SPS: 1796
SPS: 1796
SPS: 1796
SPS: 1796
SPS: 1796
SPS: 1796
SPS: 1796
SPS: 1796
SPS: 1796
SPS: 1796
global_step=7935296, episodic_return=-20.0
global_step=7935296, episodic_return=-20.0
SPS: 1796
SPS: 1796
SPS: 1796
SPS: 1796
SPS: 1796
SPS: 1796
SPS: 1796
SPS: 1796
SPS: 1796
SPS: 1796
SPS: 1796
SPS: 1796
SPS: 1796
SPS: 1796
global_step=7957424, episodic_return=-22.0
global_step=7957424, episodic_return=-22.0
SPS: 1796
SPS: 1796
SPS: 1796
SPS: 1796
SPS: 1796
SPS: 1796
SPS: 1796
SPS: 1796
SPS: 1796
SPS: 1796
SPS: 1796
SPS: 1796
SPS: 1796
SPS: 1796
SPS: 1796
SPS: 1796
SPS: 1796
SPS: 1796
SPS: 1796
SPS: 1796
SPS: 1796
global_step=7990912, episodic_return=-20.0
SPS: 1796
SPS: 1796
SPS: 1796
SPS: 1796
SPS: 1796
SPS: 1796
SPS: 1796
SPS: 1796
SPS: 1796
SPS: 1796
SPS: 1796
SPS: 1796
SPS: 1796
SPS: 1796
SPS: 1796
SPS: 1796
SPS: 1796
SPS: 1796
SPS: 1796
SPS: 1796
global_step=8023392, episodic_return=-18.0
global_step=8023392, episodic_return=-18.0
SPS: 1796
SPS: 1796
SPS: 1796
SPS: 1796
SPS: 1796
SPS: 1796
SPS: 1796
SPS: 1796
SPS: 1796
SPS: 1796
SPS: 1796
SPS: 1796
SPS: 1796
SPS: 1796
SPS: 1796
SPS: 1796
SPS: 1796
SPS: 1796
global_step=8052400, episodic_return=-12.0
SPS: 1796
SPS: 1796
SPS: 1796
SPS: 1796
SPS: 1796
SPS: 1796
SPS: 1796
SPS: 1796
SPS: 1796
SPS: 1796
SPS: 1796
SPS: 1796
SPS: 1796
SPS: 1796
SPS: 1796
SPS: 1796
SPS: 1796
SPS: 1796
SPS: 1796
SPS: 1796
SPS: 1796
global_step=8085968, episodic_return=-18.0
global_step=8085968, episodic_return=-18.0
SPS: 1796
SPS: 1796
SPS: 1796
SPS: 1796
SPS: 1796
SPS: 1796
SPS: 1796
SPS: 1796
SPS: 1796
SPS: 1796
SPS: 1796
SPS: 1796
SPS: 1796
SPS: 1796
SPS: 1796
SPS: 1796
SPS: 1796
SPS: 1796
SPS: 1796
global_step=8116480, episodic_return=-20.0
global_step=8116480, episodic_return=-20.0
SPS: 1796
SPS: 1796
SPS: 1796
SPS: 1796
SPS: 1796
SPS: 1796
SPS: 1796
SPS: 1796
SPS: 1796
SPS: 1796
SPS: 1796
SPS: 1796
SPS: 1796
SPS: 1796
SPS: 1796
SPS: 1796
SPS: 1796
SPS: 1796
SPS: 1796
SPS: 1796
global_step=8147664, episodic_return=-22.0
SPS: 1796
SPS: 1796
SPS: 1796
SPS: 1796
SPS: 1796
SPS: 1796
SPS: 1796
SPS: 1796
SPS: 1796
SPS: 1796
SPS: 1796
SPS: 1796
SPS: 1796
SPS: 1796
global_step=8170848, episodic_return=-22.0
global_step=8170848, episodic_return=-22.0
SPS: 1796
SPS: 1796
SPS: 1796
SPS: 1796
SPS: 1796
SPS: 1796
SPS: 1796
SPS: 1796
SPS: 1796
SPS: 1796
SPS: 1796
SPS: 1796
SPS: 1796
SPS: 1796
SPS: 1796
SPS: 1796
global_step=8196784, episodic_return=-18.0
SPS: 1796
SPS: 1796
SPS: 1796
SPS: 1796
SPS: 1796
SPS: 1796
SPS: 1796
SPS: 1796
SPS: 1796
SPS: 1796
SPS: 1796
SPS: 1796
SPS: 1796
SPS: 1796
SPS: 1796
SPS: 1796
SPS: 1796
SPS: 1796
SPS: 1796
SPS: 1796
global_step=8228000, episodic_return=-20.0
global_step=8228000, episodic_return=-20.0
SPS: 1796
SPS: 1796
SPS: 1796
SPS: 1796
SPS: 1796
SPS: 1796
SPS: 1796
SPS: 1796
SPS: 1796
SPS: 1796
SPS: 1796
SPS: 1796
SPS: 1796
SPS: 1796
SPS: 1796
global_step=8252240, episodic_return=-20.0
global_step=8252240, episodic_return=-20.0
SPS: 1796
SPS: 1796
SPS: 1796
SPS: 1796
SPS: 1796
SPS: 1796
SPS: 1796
SPS: 1796
SPS: 1796
SPS: 1796
SPS: 1796
SPS: 1796
SPS: 1796
SPS: 1796
SPS: 1796
SPS: 1796
SPS: 1796
SPS: 1796
SPS: 1796
SPS: 1796
SPS: 1796
global_step=8286000, episodic_return=-16.0
SPS: 1796
SPS: 1796
SPS: 1796
SPS: 1796
SPS: 1796
SPS: 1796
SPS: 1796
SPS: 1796
SPS: 1796
SPS: 1796
SPS: 1796
SPS: 1796
SPS: 1796
SPS: 1796
SPS: 1796
SPS: 1796
SPS: 1796
SPS: 1796
SPS: 1796
SPS: 1796
SPS: 1796
SPS: 1796
global_step=8320208, episodic_return=-22.0
global_step=8320208, episodic_return=-22.0
SPS: 1796
SPS: 1796
SPS: 1796
SPS: 1796
SPS: 1796
SPS: 1796
SPS: 1796
SPS: 1796
SPS: 1796
SPS: 1796
SPS: 1796
SPS: 1796
SPS: 1796
SPS: 1796
SPS: 1796
SPS: 1796
SPS: 1796
SPS: 1796
SPS: 1796
SPS: 1796
SPS: 1796
SPS: 1796
global_step=8355760, episodic_return=-20.0
SPS: 1796
SPS: 1796
SPS: 1796
SPS: 1796
SPS: 1796
SPS: 1796
SPS: 1796
SPS: 1796
SPS: 1796
SPS: 1796
SPS: 1796
SPS: 1796
SPS: 1796
SPS: 1796
SPS: 1796
SPS: 1796
SPS: 1796
SPS: 1796
SPS: 1796
SPS: 1796
global_step=8387280, episodic_return=-16.0
global_step=8387280, episodic_return=-16.0
SPS: 1796
SPS: 1796
SPS: 1796
SPS: 1796
SPS: 1796
SPS: 1796
SPS: 1796
SPS: 1796
SPS: 1796
SPS: 1796
SPS: 1796
SPS: 1796
SPS: 1796
SPS: 1796
SPS: 1796
SPS: 1796
SPS: 1796
SPS: 1796
SPS: 1796
SPS: 1796
SPS: 1796
SPS: 1796
global_step=8422656, episodic_return=-16.0
global_step=8422656, episodic_return=-16.0
SPS: 1796
SPS: 1796
SPS: 1796
SPS: 1796
SPS: 1796
SPS: 1796
SPS: 1796
SPS: 1796
SPS: 1796
SPS: 1796
SPS: 1796
SPS: 1796
SPS: 1796
SPS: 1796
SPS: 1796
SPS: 1796
SPS: 1796
SPS: 1796
SPS: 1796
SPS: 1796
SPS: 1796
SPS: 1796
SPS: 1796
SPS: 1796
SPS: 1796
SPS: 1796
global_step=8464528, episodic_return=-16.0
SPS: 1796
SPS: 1796
SPS: 1796
SPS: 1796
SPS: 1796
SPS: 1796
SPS: 1796
SPS: 1796
SPS: 1796
SPS: 1796
SPS: 1796
SPS: 1796
SPS: 1796
SPS: 1796
SPS: 1796
SPS: 1796
SPS: 1796
SPS: 1796
SPS: 1796
SPS: 1796
global_step=8496784, episodic_return=-24.0
global_step=8496784, episodic_return=-24.0
SPS: 1796
SPS: 1796
SPS: 1796
SPS: 1796
SPS: 1796
SPS: 1796
SPS: 1796
SPS: 1796
SPS: 1796
SPS: 1796
SPS: 1796
SPS: 1796
SPS: 1796
SPS: 1796
SPS: 1796
SPS: 1796
SPS: 1796
SPS: 1796
SPS: 1796
SPS: 1796
global_step=8528976, episodic_return=-20.0
SPS: 1796
SPS: 1796
SPS: 1796
SPS: 1796
SPS: 1796
SPS: 1796
SPS: 1796
SPS: 1796
SPS: 1796
SPS: 1796
SPS: 1796
SPS: 1796
SPS: 1796
SPS: 1796
SPS: 1796
SPS: 1796
SPS: 1796
SPS: 1796
global_step=8557072, episodic_return=-20.0
global_step=8557072, episodic_return=-20.0
SPS: 1796
SPS: 1796
SPS: 1796
SPS: 1796
SPS: 1796
SPS: 1796
SPS: 1796
SPS: 1796
SPS: 1796
SPS: 1796
SPS: 1796
SPS: 1796
SPS: 1796
SPS: 1796
SPS: 1796
global_step=8582176, episodic_return=-20.0
global_step=8582176, episodic_return=-20.0
SPS: 1796
SPS: 1796
SPS: 1796
SPS: 1796
SPS: 1796
SPS: 1796
SPS: 1796
SPS: 1796
SPS: 1796
SPS: 1796
SPS: 1796
SPS: 1796
SPS: 1796
SPS: 1796
SPS: 1796
SPS: 1796
SPS: 1796
SPS: 1796
SPS: 1796
SPS: 1796
SPS: 1796
global_step=8615520, episodic_return=-22.0
SPS: 1796
SPS: 1796
SPS: 1796
SPS: 1796
SPS: 1796
SPS: 1796
SPS: 1796
SPS: 1796
SPS: 1796
SPS: 1796
SPS: 1796
SPS: 1796
global_step=8634400, episodic_return=-18.0
global_step=8634400, episodic_return=-18.0
SPS: 1796
SPS: 1796
SPS: 1796
SPS: 1796
SPS: 1796
SPS: 1796
SPS: 1796
SPS: 1796
SPS: 1796
SPS: 1796
SPS: 1796
SPS: 1796
SPS: 1796
SPS: 1796
SPS: 1796
SPS: 1796
SPS: 1796
SPS: 1796
SPS: 1796
SPS: 1796
SPS: 1796
global_step=8667504, episodic_return=-18.0
SPS: 1796
SPS: 1796
SPS: 1796
SPS: 1796
SPS: 1796
SPS: 1796
SPS: 1796
SPS: 1796
SPS: 1796
SPS: 1796
SPS: 1796
SPS: 1796
SPS: 1796
SPS: 1796
SPS: 1796
SPS: 1796
SPS: 1796
SPS: 1796
SPS: 1796
SPS: 1796
SPS: 1796
SPS: 1796
global_step=8702752, episodic_return=-20.0
global_step=8702752, episodic_return=-20.0
SPS: 1796
SPS: 1796
SPS: 1796
SPS: 1796
SPS: 1796
SPS: 1796
SPS: 1796
SPS: 1796
SPS: 1796
SPS: 1796
SPS: 1796
SPS: 1796
SPS: 1796
SPS: 1796
SPS: 1796
SPS: 1796
global_step=8728816, episodic_return=-22.0
global_step=8728816, episodic_return=-22.0
SPS: 1796
SPS: 1796
SPS: 1796
SPS: 1796
SPS: 1796
SPS: 1796
SPS: 1796
SPS: 1796
SPS: 1796
SPS: 1796
SPS: 1796
SPS: 1796
SPS: 1796
SPS: 1796
SPS: 1796
SPS: 1796
SPS: 1796
SPS: 1796
SPS: 1796
SPS: 1796
SPS: 1796
global_step=8762352, episodic_return=-18.0
SPS: 1796
SPS: 1796
SPS: 1796
SPS: 1796
SPS: 1796
SPS: 1796
SPS: 1796
SPS: 1796
SPS: 1796
SPS: 1796
SPS: 1796
SPS: 1796
SPS: 1796
SPS: 1796
SPS: 1796
SPS: 1796
SPS: 1796
SPS: 1796
global_step=8791424, episodic_return=-12.0
global_step=8791424, episodic_return=-12.0
SPS: 1796
SPS: 1796
SPS: 1796
SPS: 1796
SPS: 1796
SPS: 1796
SPS: 1796
SPS: 1796
SPS: 1796
SPS: 1796
SPS: 1796
SPS: 1796
SPS: 1796
SPS: 1796
SPS: 1796
SPS: 1796
SPS: 1796
SPS: 1796
SPS: 1796
SPS: 1796
SPS: 1796
SPS: 1796
SPS: 1796
SPS: 1796
global_step=8828816, episodic_return=-18.0
SPS: 1796
SPS: 1796
SPS: 1796
SPS: 1796
SPS: 1796
SPS: 1796
SPS: 1796
SPS: 1796
SPS: 1796
SPS: 1796
SPS: 1796
SPS: 1796
SPS: 1796
SPS: 1796
SPS: 1796
SPS: 1796
SPS: 1796
SPS: 1796
global_step=8857968, episodic_return=-18.0
global_step=8857968, episodic_return=-18.0
SPS: 1796
SPS: 1796
SPS: 1796
SPS: 1796
SPS: 1796
SPS: 1796
SPS: 1796
SPS: 1796
SPS: 1796
SPS: 1796
SPS: 1796
SPS: 1796
SPS: 1796
SPS: 1796
SPS: 1796
SPS: 1796
SPS: 1796
SPS: 1796
SPS: 1796
SPS: 1796
SPS: 1796
SPS: 1796
SPS: 1796
global_step=8894448, episodic_return=-14.0
global_step=8894448, episodic_return=-14.0
SPS: 1796
SPS: 1796
SPS: 1796
SPS: 1796
SPS: 1796
SPS: 1796
SPS: 1796
SPS: 1796
SPS: 1796
SPS: 1796
SPS: 1796
SPS: 1796
SPS: 1796
SPS: 1796
SPS: 1796
SPS: 1796
SPS: 1796
SPS: 1796
SPS: 1796
global_step=8925984, episodic_return=-22.0
SPS: 1796
SPS: 1796
SPS: 1796
SPS: 1796
SPS: 1796
SPS: 1796
SPS: 1796
SPS: 1796
SPS: 1796
SPS: 1796
SPS: 1796
SPS: 1796
SPS: 1796
SPS: 1796
SPS: 1796
SPS: 1796
SPS: 1796
SPS: 1796
SPS: 1796
SPS: 1796
SPS: 1796
SPS: 1796
SPS: 1796
SPS: 1796
SPS: 1796
SPS: 1796
SPS: 1796
global_step=8968528, episodic_return=-16.0
global_step=8968528, episodic_return=-16.0
SPS: 1796
SPS: 1796
SPS: 1796
SPS: 1796
SPS: 1796
SPS: 1796
SPS: 1796
SPS: 1796
SPS: 1796
SPS: 1796
SPS: 1796
SPS: 1796
SPS: 1796
SPS: 1796
SPS: 1796
SPS: 1796
SPS: 1796
global_step=8995712, episodic_return=-22.0
SPS: 1796
SPS: 1796
SPS: 1796
SPS: 1796
SPS: 1796
SPS: 1796
SPS: 1796
SPS: 1796
SPS: 1796
SPS: 1796
SPS: 1796
SPS: 1796
SPS: 1796
SPS: 1796
global_step=9018944, episodic_return=-22.0
global_step=9018944, episodic_return=-22.0
SPS: 1796
SPS: 1796
SPS: 1796
SPS: 1796
SPS: 1796
SPS: 1796
SPS: 1796
SPS: 1796
SPS: 1796
SPS: 1796
SPS: 1796
SPS: 1796
SPS: 1796
SPS: 1796
SPS: 1796
global_step=9042960, episodic_return=-24.0
global_step=9042960, episodic_return=-24.0
SPS: 1796
SPS: 1796
SPS: 1796
SPS: 1796
SPS: 1796
SPS: 1796
SPS: 1796
SPS: 1796
SPS: 1796
SPS: 1796
SPS: 1796
SPS: 1796
SPS: 1796
SPS: 1796
SPS: 1796
SPS: 1796
SPS: 1796
SPS: 1796
global_step=9071280, episodic_return=-16.0
SPS: 1796
SPS: 1796
SPS: 1796
SPS: 1796
SPS: 1796
SPS: 1796
SPS: 1796
SPS: 1796
SPS: 1796
SPS: 1796
SPS: 1796
SPS: 1796
SPS: 1796
SPS: 1796
SPS: 1796
global_step=9095344, episodic_return=-22.0
global_step=9095344, episodic_return=-22.0
SPS: 1796
SPS: 1796
SPS: 1796
SPS: 1796
SPS: 1796
SPS: 1796
SPS: 1796
SPS: 1796
SPS: 1796
SPS: 1796
SPS: 1796
SPS: 1796
SPS: 1796
SPS: 1796
SPS: 1796
SPS: 1796
SPS: 1796
global_step=9121648, episodic_return=-18.0
SPS: 1796
SPS: 1796
SPS: 1796
SPS: 1796
SPS: 1796
SPS: 1796
SPS: 1796
SPS: 1796
SPS: 1796
SPS: 1796
SPS: 1796
SPS: 1796
SPS: 1796
SPS: 1796
SPS: 1796
SPS: 1796
SPS: 1796
global_step=9149888, episodic_return=-18.0
global_step=9149888, episodic_return=-18.0
SPS: 1796
SPS: 1796
SPS: 1796
SPS: 1796
SPS: 1796
SPS: 1796
SPS: 1796
SPS: 1796
SPS: 1796
SPS: 1796
SPS: 1796
SPS: 1796
SPS: 1796
SPS: 1796
SPS: 1796
SPS: 1796
SPS: 1796
SPS: 1796
global_step=9178096, episodic_return=-20.0
global_step=9178096, episodic_return=-20.0
SPS: 1796
SPS: 1796
SPS: 1796
SPS: 1796
SPS: 1796
SPS: 1796
SPS: 1796
SPS: 1796
SPS: 1796
SPS: 1796
SPS: 1796
SPS: 1796
SPS: 1796
SPS: 1796
SPS: 1796
SPS: 1796
SPS: 1796
SPS: 1796
global_step=9207568, episodic_return=-20.0
SPS: 1796
SPS: 1796
SPS: 1796
SPS: 1796
SPS: 1796
SPS: 1796
SPS: 1796
SPS: 1796
SPS: 1796
SPS: 1795
SPS: 1796
SPS: 1796
SPS: 1796
SPS: 1795
SPS: 1795
SPS: 1795
SPS: 1795
SPS: 1795
SPS: 1795
SPS: 1795
SPS: 1795
SPS: 1795
SPS: 1795
SPS: 1795
global_step=9244896, episodic_return=-16.0
global_step=9244896, episodic_return=-16.0
SPS: 1795
SPS: 1795
SPS: 1795
SPS: 1796
SPS: 1796
SPS: 1796
SPS: 1795
SPS: 1795
SPS: 1795
SPS: 1795
SPS: 1795
SPS: 1795
SPS: 1795
SPS: 1795
SPS: 1795
SPS: 1795
SPS: 1795
SPS: 1795
SPS: 1795
SPS: 1795
SPS: 1795
SPS: 1795
SPS: 1795
SPS: 1795
SPS: 1795
global_step=9286352, episodic_return=-14.0
SPS: 1795
SPS: 1795
SPS: 1795
SPS: 1795
SPS: 1795
SPS: 1795
SPS: 1795
SPS: 1795
SPS: 1795
SPS: 1795
SPS: 1795
SPS: 1795
SPS: 1795
SPS: 1795
SPS: 1795
SPS: 1795
SPS: 1795
SPS: 1795
SPS: 1795
global_step=9315648, episodic_return=-20.0
global_step=9315648, episodic_return=-20.0
SPS: 1795
SPS: 1795
SPS: 1795
SPS: 1795
SPS: 1795
SPS: 1795
SPS: 1795
SPS: 1795
SPS: 1795
SPS: 1795
SPS: 1795
SPS: 1795
SPS: 1795
SPS: 1795
SPS: 1795
SPS: 1795
SPS: 1795
SPS: 1795
SPS: 1795
global_step=9345968, episodic_return=-18.0
global_step=9345968, episodic_return=-18.0
SPS: 1795
SPS: 1795
SPS: 1795
SPS: 1795
SPS: 1795
SPS: 1795
SPS: 1795
SPS: 1795
SPS: 1795
SPS: 1795
SPS: 1795
SPS: 1795
SPS: 1795
SPS: 1795
SPS: 1795
SPS: 1795
SPS: 1795
SPS: 1795
SPS: 1795
SPS: 1795
SPS: 1795
SPS: 1795
SPS: 1795
SPS: 1795
SPS: 1795
SPS: 1795
SPS: 1795
SPS: 1795
global_step=9390736, episodic_return=-16.0
SPS: 1795
SPS: 1795
SPS: 1795
SPS: 1795
SPS: 1795
SPS: 1795
SPS: 1795
SPS: 1795
SPS: 1795
SPS: 1795
SPS: 1795
SPS: 1795
SPS: 1795
SPS: 1795
SPS: 1795
SPS: 1795
SPS: 1795
SPS: 1795
SPS: 1795
SPS: 1795
SPS: 1795
SPS: 1795
SPS: 1795
SPS: 1795
SPS: 1795
SPS: 1795
global_step=9433088, episodic_return=-20.0
global_step=9433088, episodic_return=-20.0
SPS: 1795
SPS: 1795
SPS: 1795
SPS: 1795
SPS: 1795
SPS: 1795
SPS: 1795
SPS: 1795
SPS: 1795
SPS: 1795
SPS: 1795
SPS: 1795
SPS: 1795
SPS: 1795
SPS: 1795
SPS: 1795
SPS: 1795
SPS: 1795
SPS: 1795
SPS: 1795
SPS: 1795
SPS: 1795
SPS: 1795
SPS: 1795
global_step=9471328, episodic_return=-20.0
SPS: 1795
SPS: 1795
SPS: 1795
SPS: 1795
SPS: 1795
SPS: 1795
SPS: 1795
SPS: 1795
SPS: 1795
SPS: 1795
SPS: 1795
SPS: 1795
SPS: 1795
SPS: 1795
SPS: 1795
SPS: 1795
SPS: 1795
SPS: 1795
SPS: 1795
global_step=9501616, episodic_return=-16.0
global_step=9501616, episodic_return=-16.0
SPS: 1795
SPS: 1795
SPS: 1795
SPS: 1795
SPS: 1795
SPS: 1795
SPS: 1795
SPS: 1795
SPS: 1795
SPS: 1795
SPS: 1795
SPS: 1795
SPS: 1795
SPS: 1795
SPS: 1795
SPS: 1795
global_step=9526752, episodic_return=-18.0
global_step=9526752, episodic_return=-18.0
SPS: 1795
SPS: 1795
SPS: 1795
SPS: 1795
SPS: 1795
SPS: 1795
SPS: 1795
SPS: 1795
SPS: 1795
SPS: 1795
SPS: 1795
SPS: 1795
SPS: 1795
SPS: 1795
SPS: 1795
SPS: 1795
global_step=9553184, episodic_return=-18.0
SPS: 1795
SPS: 1795
SPS: 1795
SPS: 1795
SPS: 1795
SPS: 1795
SPS: 1795
SPS: 1795
SPS: 1795
SPS: 1795
SPS: 1795
SPS: 1795
SPS: 1795
SPS: 1795
SPS: 1795
SPS: 1795
SPS: 1795
SPS: 1795
SPS: 1795
SPS: 1795
SPS: 1795
SPS: 1795
SPS: 1795
SPS: 1795
SPS: 1795
global_step=9592496, episodic_return=-14.0
global_step=9592496, episodic_return=-14.0
SPS: 1795
SPS: 1795
SPS: 1795
SPS: 1795
SPS: 1795
SPS: 1795
SPS: 1795
SPS: 1795
SPS: 1795
SPS: 1795
SPS: 1795
SPS: 1795
SPS: 1795
SPS: 1795
SPS: 1795
SPS: 1795
SPS: 1795
SPS: 1795
SPS: 1795
SPS: 1795
global_step=9625040, episodic_return=-12.0
SPS: 1795
SPS: 1795
SPS: 1795
SPS: 1795
SPS: 1795
SPS: 1795
SPS: 1795
SPS: 1795
SPS: 1795
SPS: 1795
SPS: 1795
SPS: 1795
SPS: 1795
SPS: 1795
SPS: 1795
SPS: 1795
SPS: 1795
SPS: 1795
SPS: 1795
SPS: 1795
SPS: 1795
SPS: 1795
SPS: 1795
SPS: 1795
SPS: 1795
global_step=9665456, episodic_return=-14.0
global_step=9665456, episodic_return=-14.0
SPS: 1795
SPS: 1795
SPS: 1795
SPS: 1795
SPS: 1795
SPS: 1795
SPS: 1795
SPS: 1795
SPS: 1795
SPS: 1795
SPS: 1795
SPS: 1795
SPS: 1795
SPS: 1795
SPS: 1795
SPS: 1795
SPS: 1795
SPS: 1795
SPS: 1795
SPS: 1795
SPS: 1795
SPS: 1795
SPS: 1795
SPS: 1795
SPS: 1795
SPS: 1795
global_step=9706720, episodic_return=-18.0
global_step=9706720, episodic_return=-18.0
SPS: 1795
SPS: 1795
SPS: 1795
SPS: 1795
SPS: 1795
SPS: 1795
SPS: 1795
SPS: 1795
SPS: 1795
SPS: 1795
SPS: 1795
SPS: 1795
SPS: 1795
SPS: 1795
SPS: 1795
SPS: 1795
SPS: 1795
SPS: 1795
SPS: 1795
global_step=9736720, episodic_return=-18.0
SPS: 1795
SPS: 1795
SPS: 1795
SPS: 1795
SPS: 1795
SPS: 1795
SPS: 1795
SPS: 1795
SPS: 1795
SPS: 1795
SPS: 1795
SPS: 1795
SPS: 1795
SPS: 1795
SPS: 1795
SPS: 1795
global_step=9762944, episodic_return=-20.0
global_step=9762944, episodic_return=-20.0
SPS: 1795
SPS: 1795
SPS: 1795
SPS: 1795
SPS: 1795
SPS: 1795
SPS: 1795
SPS: 1795
SPS: 1795
SPS: 1795
SPS: 1795
SPS: 1795
SPS: 1795
SPS: 1795
SPS: 1795
SPS: 1795
SPS: 1795
SPS: 1795
SPS: 1795
SPS: 1795
SPS: 1795
SPS: 1795
global_step=9797104, episodic_return=-20.0
SPS: 1795
SPS: 1795
SPS: 1795
SPS: 1795
SPS: 1795
SPS: 1795
SPS: 1795
SPS: 1795
SPS: 1795
SPS: 1795
SPS: 1795
SPS: 1795
SPS: 1795
SPS: 1795
SPS: 1795
SPS: 1795
SPS: 1795
global_step=9825360, episodic_return=-20.0
global_step=9825360, episodic_return=-20.0
SPS: 1795
SPS: 1795
SPS: 1795
SPS: 1795
SPS: 1795
SPS: 1795
SPS: 1795
SPS: 1795
SPS: 1795
SPS: 1795
SPS: 1795
SPS: 1795
SPS: 1795
SPS: 1795
SPS: 1795
SPS: 1795
SPS: 1795
SPS: 1795
SPS: 1795
SPS: 1795
SPS: 1795
SPS: 1795
global_step=9860544, episodic_return=-20.0
global_step=9860544, episodic_return=-20.0
SPS: 1795
SPS: 1795
SPS: 1795
SPS: 1795
SPS: 1795
SPS: 1795
SPS: 1795
SPS: 1795
SPS: 1795
SPS: 1795
SPS: 1795
SPS: 1795
SPS: 1795
SPS: 1795
SPS: 1795
SPS: 1795
SPS: 1795
global_step=9886880, episodic_return=-20.0
SPS: 1795
SPS: 1795
SPS: 1795
SPS: 1795
SPS: 1795
SPS: 1795
SPS: 1795
SPS: 1795
SPS: 1795
SPS: 1795
SPS: 1795
SPS: 1795
SPS: 1795
SPS: 1795
SPS: 1795
SPS: 1795
SPS: 1795
SPS: 1795
SPS: 1795
SPS: 1795
SPS: 1795
SPS: 1795
global_step=9922192, episodic_return=-18.0
global_step=9922192, episodic_return=-18.0
SPS: 1795
SPS: 1795
SPS: 1795
SPS: 1795
SPS: 1795
SPS: 1795
SPS: 1795
SPS: 1795
SPS: 1795
SPS: 1795
SPS: 1795
SPS: 1795
SPS: 1795
SPS: 1795
global_step=9945312, episodic_return=-20.0
SPS: 1795
SPS: 1795
SPS: 1795
SPS: 1795
SPS: 1795
SPS: 1795
SPS: 1795
SPS: 1795
SPS: 1795
SPS: 1795
SPS: 1795
SPS: 1795
SPS: 1795
SPS: 1795
SPS: 1795
global_step=9968144, episodic_return=-22.0
global_step=9968144, episodic_return=-22.0
SPS: 1795
SPS: 1795
SPS: 1795
SPS: 1795
SPS: 1795
SPS: 1795
SPS: 1795
SPS: 1795
SPS: 1795
SPS: 1795
SPS: 1795
SPS: 1795
SPS: 1795
SPS: 1795
SPS: 1795
SPS: 1795
SPS: 1795
SPS: 1795
SPS: 1795
SPS: 1795
Results saved to /runs/h054__h054-doubledunk-s1.csv
