slurmstepd: error: couldn't chdir to `/home/rogercc/'/scratch/rogercc/cleanrl'': No such file or directory: going to /tmp instead
slurmstepd: error: couldn't chdir to `/home/rogercc/'/scratch/rogercc/cleanrl'': No such file or directory: going to /tmp instead
sending incremental file list
auto-cleanrl.sif

sent 4,938,196,680 bytes  received 35 bytes  240,887,644.63 bytes/sec
total size is 4,945,575,936  speedup is 1.00
/usr/local/lib/python3.10/dist-packages/treevalue/tree/integration/torch.py:23: FutureWarning: `torch.utils._pytree._register_pytree_node` is deprecated. Please use `torch.utils._pytree.register_pytree_node` instead.
  register_for_torch(TreeValue)
/usr/local/lib/python3.10/dist-packages/treevalue/tree/integration/torch.py:24: FutureWarning: `torch.utils._pytree._register_pytree_node` is deprecated. Please use `torch.utils._pytree.register_pytree_node` instead.
  register_for_torch(FastTreeValue)
Gym has been unmaintained since 2022 and does not support NumPy 2.0 amongst other critical functionality.
Please upgrade to Gymnasium, the maintained drop-in replacement of Gym, or contact the authors of your software and request that they upgrade.
See the migration guide at https://gymnasium.farama.org/introduction/migration_guide/ for additional information.
/usr/local/lib/python3.10/dist-packages/tyro/_parsers.py:353: UserWarning: The field `wandb-entity` is annotated with type `<class 'str'>`, but the default value `None` has type `<class 'NoneType'>`. We'll try to handle this gracefully, but it may cause unexpected behavior.
  warnings.warn(message)
/usr/local/lib/python3.10/dist-packages/tyro/_parsers.py:353: UserWarning: The field `target-kl` is annotated with type `<class 'float'>`, but the default value `None` has type `<class 'NoneType'>`. We'll try to handle this gracefully, but it may cause unexpected behavior.
  warnings.warn(message)
SPS: 1511
SPS: 2361
SPS: 2911
SPS: 3300
SPS: 3556
SPS: 3756
SPS: 3936
SPS: 4066
SPS: 4173
SPS: 4279
SPS: 4365
SPS: 4438
SPS: 4508
SPS: 4568
SPS: 4614
SPS: 4663
SPS: 4706
SPS: 4747
SPS: 4783
SPS: 4813
SPS: 4844
SPS: 4871
SPS: 4892
SPS: 4917
SPS: 4934
SPS: 4946
SPS: 4964
SPS: 4972
SPS: 4983
SPS: 4995
SPS: 5002
SPS: 5012
SPS: 5019
SPS: 5028
SPS: 5037
SPS: 5039
SPS: 5046
SPS: 5055
SPS: 5064
SPS: 5072
SPS: 5083
SPS: 5093
SPS: 5101
SPS: 5111
SPS: 5118
SPS: 5126
SPS: 5134
SPS: 5141
SPS: 5143
SPS: 5150
SPS: 5155
SPS: 5156
SPS: 5160
SPS: 5165
SPS: 5166
SPS: 5166
SPS: 5171
SPS: 5174
SPS: 5178
SPS: 5184
SPS: 5190
SPS: 5194
SPS: 5199
SPS: 5205
SPS: 5210
SPS: 5214
SPS: 5216
SPS: 5217
SPS: 5218
SPS: 5220
SPS: 5223
SPS: 5225
SPS: 5226
SPS: 5229
SPS: 5233
SPS: 5233
SPS: 5233
SPS: 5237
SPS: 5238
SPS: 5239
SPS: 5241
SPS: 5243
SPS: 5242
SPS: 5244
SPS: 5248
SPS: 5248
SPS: 5247
SPS: 5250
SPS: 5252
SPS: 5253
SPS: 5254
SPS: 5258
SPS: 5260
SPS: 5260
SPS: 5262
SPS: 5264
SPS: 5264
SPS: 5263
SPS: 5263
SPS: 5265
SPS: 5266
SPS: 5266
SPS: 5267
global_step=425600, episodic_return=0.0 (n=128)
SPS: 5260
SPS: 5262
SPS: 5263
SPS: 5265
SPS: 5268
SPS: 5268
SPS: 5269
SPS: 5271
SPS: 5272
SPS: 5272
SPS: 5274
SPS: 5274
SPS: 5274
SPS: 5275
SPS: 5277
SPS: 5277
SPS: 5278
SPS: 5280
SPS: 5282
SPS: 5282
SPS: 5283
SPS: 5286
SPS: 5286
SPS: 5286
SPS: 5287
SPS: 5289
SPS: 5290
SPS: 5289
SPS: 5291
SPS: 5293
SPS: 5294
SPS: 5295
SPS: 5297
SPS: 5299
SPS: 5300
SPS: 5302
SPS: 5305
SPS: 5307
SPS: 5308
SPS: 5310
SPS: 5311
SPS: 5311
SPS: 5313
SPS: 5315
SPS: 5314
SPS: 5314
SPS: 5315
SPS: 5316
SPS: 5316
SPS: 5315
SPS: 5316
SPS: 5317
SPS: 5317
SPS: 5316
SPS: 5316
SPS: 5317
SPS: 5316
SPS: 5316
SPS: 5317
SPS: 5318
SPS: 5317
SPS: 5316
SPS: 5317
SPS: 5317
SPS: 5316
SPS: 5316
SPS: 5317
SPS: 5318
SPS: 5319
SPS: 5320
SPS: 5322
SPS: 5323
SPS: 5323
SPS: 5325
SPS: 5326
SPS: 5327
SPS: 5328
SPS: 5329
SPS: 5331
SPS: 5332
SPS: 5334
SPS: 5336
SPS: 5337
SPS: 5338
SPS: 5339
SPS: 5341
SPS: 5341
SPS: 5341
SPS: 5342
SPS: 5343
SPS: 5344
SPS: 5345
SPS: 5346
SPS: 5345
SPS: 5346
SPS: 5347
SPS: 5347
SPS: 5347
SPS: 5347
SPS: 5348
SPS: 5348
SPS: 5347
SPS: 5346
SPS: 5347
global_step=850816, episodic_return=0.0 (n=128)
SPS: 5343
SPS: 5343
SPS: 5342
SPS: 5342
SPS: 5343
SPS: 5342
SPS: 5342
SPS: 5343
SPS: 5345
SPS: 5345
SPS: 5346
SPS: 5347
SPS: 5348
SPS: 5348
SPS: 5349
SPS: 5350
SPS: 5350
SPS: 5351
SPS: 5353
SPS: 5353
SPS: 5353
SPS: 5354
SPS: 5356
SPS: 5356
SPS: 5356
SPS: 5356
SPS: 5356
SPS: 5356
SPS: 5356
SPS: 5356
SPS: 5357
SPS: 5356
SPS: 5357
SPS: 5357
SPS: 5359
SPS: 5359
SPS: 5359
SPS: 5360
SPS: 5361
SPS: 5361
SPS: 5361
SPS: 5362
SPS: 5363
SPS: 5363
SPS: 5363
SPS: 5364
SPS: 5364
SPS: 5364
SPS: 5364
SPS: 5365
SPS: 5365
SPS: 5365
SPS: 5366
SPS: 5366
SPS: 5366
SPS: 5366
SPS: 5366
SPS: 5366
SPS: 5367
SPS: 5367
SPS: 5367
SPS: 5368
SPS: 5367
SPS: 5367
SPS: 5368
SPS: 5368
SPS: 5368
SPS: 5368
SPS: 5369
SPS: 5370
SPS: 5369
SPS: 5369
SPS: 5370
SPS: 5370
SPS: 5370
SPS: 5371
SPS: 5372
SPS: 5373
SPS: 5374
SPS: 5375
SPS: 5376
SPS: 5376
SPS: 5377
SPS: 5378
SPS: 5379
SPS: 5379
SPS: 5379
SPS: 5380
SPS: 5379
SPS: 5379
SPS: 5380
SPS: 5381
SPS: 5380
SPS: 5381
SPS: 5381
SPS: 5381
SPS: 5381
SPS: 5381
SPS: 5381
SPS: 5380
SPS: 5380
SPS: 5380
SPS: 5381
SPS: 5381
global_step=1276288, episodic_return=0.0 (n=128)
SPS: 5377
SPS: 5377
SPS: 5378
SPS: 5378
SPS: 5378
SPS: 5378
SPS: 5379
SPS: 5378
SPS: 5379
SPS: 5379
SPS: 5380
SPS: 5380
SPS: 5380
SPS: 5381
SPS: 5382
SPS: 5383
SPS: 5383
SPS: 5384
SPS: 5384
SPS: 5385
SPS: 5386
SPS: 5386
SPS: 5386
SPS: 5386
SPS: 5386
SPS: 5386
SPS: 5386
SPS: 5387
SPS: 5387
SPS: 5387
SPS: 5388
SPS: 5388
SPS: 5387
SPS: 5387
SPS: 5388
SPS: 5388
SPS: 5387
SPS: 5387
SPS: 5388
SPS: 5387
SPS: 5387
SPS: 5388
SPS: 5388
SPS: 5388
SPS: 5389
SPS: 5390
SPS: 5390
SPS: 5390
SPS: 5391
SPS: 5391
SPS: 5390
SPS: 5391
SPS: 5391
SPS: 5391
SPS: 5391
SPS: 5392
SPS: 5392
SPS: 5392
SPS: 5392
SPS: 5392
SPS: 5392
SPS: 5393
SPS: 5394
SPS: 5394
SPS: 5394
SPS: 5395
SPS: 5395
SPS: 5395
SPS: 5395
SPS: 5396
SPS: 5396
SPS: 5396
SPS: 5396
SPS: 5397
SPS: 5397
SPS: 5397
SPS: 5397
SPS: 5398
SPS: 5398
SPS: 5399
SPS: 5399
SPS: 5399
SPS: 5399
SPS: 5399
SPS: 5399
SPS: 5399
SPS: 5399
SPS: 5400
SPS: 5400
SPS: 5399
SPS: 5400
SPS: 5400
SPS: 5400
SPS: 5400
SPS: 5401
SPS: 5401
SPS: 5401
SPS: 5402
SPS: 5402
SPS: 5402
SPS: 5402
SPS: 5402
SPS: 5403
SPS: 5402
global_step=1701504, episodic_return=0.0 (n=128)
SPS: 5399
SPS: 5399
SPS: 5399
SPS: 5400
SPS: 5400
SPS: 5400
SPS: 5400
SPS: 5401
SPS: 5401
SPS: 5401
SPS: 5402
SPS: 5402
SPS: 5402
SPS: 5402
SPS: 5403
SPS: 5403
SPS: 5403
SPS: 5403
SPS: 5404
SPS: 5403
SPS: 5404
SPS: 5404
SPS: 5404
SPS: 5404
SPS: 5405
SPS: 5405
SPS: 5405
SPS: 5405
SPS: 5405
SPS: 5406
SPS: 5406
SPS: 5406
SPS: 5406
SPS: 5407
SPS: 5407
SPS: 5407
SPS: 5407
SPS: 5407
SPS: 5408
SPS: 5408
SPS: 5408
SPS: 5408
SPS: 5408
SPS: 5409
SPS: 5409
SPS: 5409
SPS: 5410
SPS: 5410
SPS: 5410
SPS: 5410
SPS: 5410
SPS: 5411
SPS: 5411
SPS: 5411
SPS: 5411
SPS: 5412
SPS: 5412
SPS: 5412
SPS: 5413
SPS: 5413
SPS: 5413
SPS: 5413
SPS: 5414
SPS: 5414
SPS: 5414
SPS: 5414
SPS: 5415
SPS: 5415
SPS: 5416
SPS: 5416
SPS: 5417
SPS: 5417
SPS: 5418
SPS: 5418
SPS: 5419
SPS: 5419
SPS: 5419
SPS: 5420
SPS: 5420
SPS: 5420
SPS: 5420
SPS: 5421
SPS: 5421
SPS: 5420
SPS: 5421
SPS: 5421
SPS: 5421
SPS: 5421
SPS: 5422
SPS: 5422
SPS: 5422
SPS: 5422
SPS: 5422
SPS: 5422
SPS: 5422
SPS: 5422
SPS: 5423
SPS: 5423
SPS: 5423
SPS: 5423
SPS: 5423
SPS: 5423
SPS: 5424
SPS: 5424
global_step=2127616, episodic_return=0.0 (n=128)
SPS: 5422
SPS: 5422
SPS: 5422
SPS: 5423
SPS: 5424
SPS: 5424
SPS: 5424
SPS: 5425
SPS: 5425
SPS: 5425
SPS: 5425
SPS: 5425
SPS: 5425
SPS: 5425
SPS: 5426
SPS: 5425
SPS: 5425
SPS: 5425
SPS: 5426
SPS: 5425
SPS: 5425
SPS: 5426
SPS: 5426
SPS: 5425
SPS: 5426
SPS: 5426
SPS: 5426
SPS: 5426
SPS: 5426
SPS: 5426
SPS: 5426
SPS: 5426
SPS: 5426
SPS: 5426
SPS: 5426
SPS: 5426
SPS: 5426
SPS: 5426
SPS: 5426
SPS: 5426
SPS: 5426
SPS: 5427
SPS: 5426
SPS: 5427
SPS: 5427
SPS: 5427
SPS: 5427
SPS: 5427
SPS: 5427
SPS: 5427
SPS: 5427
SPS: 5428
SPS: 5428
SPS: 5428
SPS: 5428
SPS: 5428
SPS: 5428
SPS: 5428
SPS: 5428
SPS: 5428
SPS: 5428
SPS: 5428
SPS: 5429
SPS: 5429
SPS: 5429
SPS: 5429
SPS: 5428
SPS: 5428
SPS: 5427
SPS: 5428
SPS: 5428
SPS: 5428
SPS: 5428
SPS: 5428
SPS: 5428
SPS: 5428
SPS: 5428
SPS: 5428
SPS: 5428
SPS: 5428
SPS: 5429
SPS: 5429
SPS: 5429
SPS: 5429
SPS: 5429
SPS: 5429
SPS: 5429
SPS: 5429
SPS: 5430
SPS: 5429
SPS: 5429
SPS: 5430
SPS: 5430
SPS: 5429
SPS: 5430
SPS: 5429
SPS: 5429
SPS: 5429
SPS: 5428
SPS: 5428
SPS: 5427
SPS: 5427
SPS: 5427
SPS: 5427
global_step=2553600, episodic_return=0.0 (n=128)
SPS: 5424
SPS: 5424
SPS: 5424
SPS: 5424
SPS: 5423
SPS: 5423
SPS: 5423
SPS: 5423
SPS: 5423
SPS: 5422
SPS: 5422
SPS: 5422
SPS: 5422
SPS: 5422
SPS: 5422
SPS: 5422
SPS: 5422
SPS: 5421
SPS: 5421
SPS: 5421
SPS: 5421
SPS: 5421
SPS: 5420
SPS: 5420
SPS: 5419
SPS: 5419
SPS: 5419
SPS: 5418
SPS: 5418
SPS: 5418
SPS: 5418
SPS: 5417
SPS: 5417
SPS: 5417
SPS: 5417
SPS: 5416
SPS: 5416
SPS: 5416
SPS: 5416
SPS: 5415
SPS: 5415
SPS: 5415
SPS: 5415
SPS: 5414
SPS: 5414
SPS: 5414
SPS: 5414
SPS: 5414
SPS: 5414
SPS: 5414
SPS: 5414
SPS: 5414
SPS: 5415
SPS: 5415
SPS: 5414
SPS: 5414
SPS: 5414
SPS: 5414
SPS: 5413
SPS: 5412
SPS: 5412
SPS: 5412
SPS: 5412
SPS: 5411
SPS: 5411
SPS: 5411
SPS: 5411
SPS: 5410
SPS: 5410
SPS: 5410
SPS: 5410
SPS: 5410
SPS: 5410
SPS: 5410
SPS: 5410
SPS: 5409
SPS: 5409
SPS: 5409
SPS: 5408
SPS: 5408
SPS: 5408
SPS: 5408
SPS: 5408
SPS: 5408
SPS: 5408
SPS: 5408
SPS: 5407
SPS: 5407
SPS: 5407
SPS: 5407
SPS: 5407
SPS: 5406
SPS: 5407
SPS: 5407
SPS: 5406
SPS: 5406
SPS: 5407
SPS: 5406
SPS: 5406
SPS: 5406
SPS: 5405
SPS: 5405
SPS: 5405
SPS: 5404
global_step=2979456, episodic_return=0.0 (n=128)
SPS: 5402
SPS: 5402
SPS: 5402
SPS: 5402
SPS: 5402
SPS: 5402
SPS: 5402
SPS: 5402
SPS: 5402
SPS: 5402
SPS: 5402
SPS: 5402
SPS: 5402
SPS: 5401
SPS: 5401
SPS: 5400
SPS: 5400
SPS: 5400
SPS: 5400
SPS: 5399
SPS: 5399
SPS: 5399
SPS: 5399
SPS: 5399
SPS: 5398
SPS: 5398
SPS: 5398
SPS: 5398
SPS: 5398
SPS: 5398
SPS: 5398
SPS: 5398
SPS: 5398
SPS: 5397
SPS: 5397
SPS: 5397
SPS: 5397
SPS: 5397
SPS: 5397
SPS: 5396
SPS: 5396
SPS: 5396
SPS: 5395
SPS: 5395
SPS: 5395
SPS: 5395
SPS: 5395
SPS: 5395
SPS: 5395
SPS: 5394
SPS: 5394
SPS: 5394
SPS: 5394
SPS: 5393
SPS: 5393
SPS: 5393
SPS: 5393
SPS: 5393
SPS: 5392
SPS: 5392
SPS: 5392
SPS: 5392
SPS: 5391
SPS: 5391
SPS: 5391
SPS: 5391
SPS: 5391
SPS: 5390
SPS: 5390
SPS: 5390
SPS: 5390
SPS: 5390
SPS: 5390
SPS: 5390
SPS: 5389
SPS: 5389
SPS: 5389
SPS: 5388
SPS: 5388
SPS: 5388
SPS: 5388
SPS: 5388
SPS: 5388
SPS: 5388
SPS: 5387
SPS: 5387
SPS: 5387
SPS: 5387
SPS: 5387
SPS: 5386
SPS: 5386
SPS: 5386
SPS: 5386
SPS: 5386
SPS: 5386
SPS: 5385
SPS: 5385
SPS: 5384
SPS: 5384
SPS: 5384
SPS: 5384
SPS: 5383
SPS: 5383
SPS: 5383
global_step=3404672, episodic_return=0.0 (n=128)
SPS: 5381
SPS: 5381
SPS: 5380
SPS: 5381
SPS: 5381
SPS: 5381
SPS: 5380
SPS: 5380
SPS: 5380
SPS: 5380
SPS: 5380
SPS: 5380
SPS: 5380
SPS: 5380
SPS: 5379
SPS: 5379
SPS: 5379
SPS: 5379
SPS: 5379
SPS: 5379
SPS: 5379
SPS: 5379
SPS: 5379
SPS: 5378
SPS: 5378
SPS: 5379
SPS: 5379
SPS: 5379
SPS: 5378
SPS: 5378
SPS: 5378
SPS: 5378
SPS: 5378
SPS: 5378
SPS: 5378
SPS: 5378
SPS: 5378
SPS: 5378
SPS: 5377
SPS: 5377
SPS: 5377
SPS: 5377
SPS: 5377
SPS: 5377
SPS: 5377
SPS: 5377
SPS: 5377
SPS: 5377
SPS: 5377
SPS: 5376
SPS: 5376
SPS: 5376
SPS: 5376
SPS: 5376
SPS: 5376
SPS: 5376
SPS: 5377
SPS: 5376
SPS: 5376
SPS: 5376
SPS: 5376
SPS: 5376
SPS: 5376
SPS: 5376
SPS: 5376
SPS: 5376
SPS: 5376
SPS: 5376
SPS: 5376
SPS: 5376
SPS: 5375
SPS: 5375
SPS: 5375
SPS: 5375
SPS: 5375
SPS: 5375
SPS: 5375
SPS: 5375
SPS: 5375
SPS: 5375
SPS: 5375
SPS: 5376
SPS: 5376
SPS: 5376
SPS: 5376
SPS: 5376
SPS: 5376
SPS: 5376
SPS: 5376
SPS: 5376
SPS: 5376
SPS: 5376
SPS: 5377
SPS: 5377
SPS: 5377
SPS: 5377
SPS: 5377
SPS: 5377
SPS: 5377
SPS: 5377
SPS: 5377
SPS: 5377
SPS: 5377
SPS: 5377
global_step=3830656, episodic_return=0.0 (n=128)
SPS: 5376
SPS: 5376
SPS: 5376
SPS: 5377
SPS: 5377
SPS: 5377
SPS: 5377
SPS: 5377
SPS: 5377
SPS: 5378
SPS: 5378
SPS: 5378
SPS: 5378
SPS: 5378
SPS: 5378
SPS: 5379
SPS: 5379
SPS: 5379
SPS: 5379
SPS: 5379
SPS: 5379
SPS: 5379
SPS: 5380
SPS: 5380
SPS: 5380
SPS: 5380
SPS: 5380
SPS: 5381
SPS: 5381
SPS: 5381
SPS: 5381
SPS: 5381
SPS: 5381
SPS: 5382
SPS: 5382
SPS: 5382
SPS: 5382
SPS: 5382
SPS: 5382
SPS: 5382
SPS: 5382
SPS: 5382
SPS: 5382
SPS: 5382
SPS: 5382
SPS: 5382
SPS: 5383
SPS: 5383
SPS: 5383
SPS: 5383
SPS: 5383
SPS: 5383
SPS: 5383
SPS: 5383
SPS: 5383
SPS: 5383
SPS: 5383
SPS: 5383
SPS: 5383
SPS: 5383
SPS: 5383
SPS: 5383
SPS: 5383
SPS: 5383
SPS: 5383
SPS: 5383
SPS: 5383
SPS: 5383
SPS: 5383
SPS: 5383
SPS: 5383
SPS: 5383
SPS: 5383
SPS: 5384
SPS: 5384
SPS: 5384
SPS: 5384
SPS: 5384
SPS: 5384
SPS: 5384
SPS: 5384
SPS: 5384
SPS: 5384
SPS: 5384
SPS: 5385
SPS: 5384
SPS: 5384
SPS: 5385
SPS: 5385
SPS: 5385
SPS: 5385
SPS: 5385
SPS: 5385
SPS: 5385
SPS: 5385
SPS: 5385
SPS: 5385
SPS: 5385
SPS: 5385
SPS: 5385
SPS: 5385
SPS: 5385
SPS: 5385
SPS: 5385
global_step=4256512, episodic_return=0.0 (n=128)
SPS: 5384
SPS: 5385
SPS: 5384
SPS: 5385
SPS: 5385
SPS: 5385
SPS: 5384
SPS: 5385
SPS: 5385
SPS: 5385
SPS: 5385
SPS: 5385
SPS: 5385
SPS: 5385
SPS: 5385
SPS: 5386
SPS: 5386
SPS: 5386
SPS: 5386
SPS: 5386
SPS: 5386
SPS: 5386
SPS: 5386
SPS: 5386
SPS: 5386
SPS: 5386
SPS: 5386
SPS: 5387
SPS: 5387
SPS: 5386
SPS: 5386
SPS: 5387
SPS: 5387
SPS: 5386
SPS: 5386
SPS: 5387
SPS: 5387
SPS: 5386
SPS: 5386
SPS: 5387
SPS: 5387
SPS: 5386
SPS: 5386
SPS: 5386
SPS: 5386
SPS: 5386
SPS: 5386
SPS: 5386
SPS: 5387
SPS: 5387
SPS: 5387
SPS: 5387
SPS: 5387
SPS: 5387
SPS: 5387
SPS: 5387
SPS: 5387
SPS: 5387
SPS: 5387
SPS: 5387
SPS: 5387
SPS: 5387
SPS: 5387
SPS: 5387
SPS: 5387
SPS: 5388
SPS: 5387
SPS: 5387
SPS: 5388
SPS: 5388
SPS: 5388
SPS: 5387
SPS: 5388
SPS: 5388
SPS: 5388
SPS: 5388
SPS: 5388
SPS: 5388
SPS: 5388
SPS: 5388
SPS: 5389
SPS: 5389
SPS: 5389
SPS: 5389
SPS: 5389
SPS: 5389
SPS: 5389
SPS: 5389
SPS: 5390
SPS: 5390
SPS: 5390
SPS: 5390
SPS: 5390
SPS: 5390
SPS: 5390
SPS: 5391
SPS: 5391
SPS: 5391
SPS: 5391
SPS: 5391
SPS: 5391
SPS: 5391
SPS: 5391
SPS: 5391
global_step=4682624, episodic_return=0.0 (n=128)
SPS: 5390
SPS: 5390
SPS: 5390
SPS: 5390
SPS: 5390
SPS: 5390
SPS: 5390
SPS: 5390
SPS: 5391
SPS: 5391
SPS: 5391
SPS: 5391
SPS: 5391
SPS: 5391
SPS: 5391
SPS: 5391
SPS: 5391
SPS: 5391
SPS: 5392
SPS: 5392
SPS: 5392
SPS: 5392
SPS: 5392
SPS: 5392
SPS: 5392
SPS: 5392
SPS: 5393
SPS: 5393
SPS: 5393
SPS: 5393
SPS: 5393
SPS: 5393
SPS: 5393
SPS: 5393
SPS: 5393
SPS: 5393
SPS: 5393
SPS: 5393
SPS: 5393
SPS: 5393
SPS: 5393
SPS: 5393
SPS: 5393
SPS: 5393
SPS: 5393
SPS: 5394
SPS: 5394
SPS: 5394
SPS: 5394
SPS: 5394
SPS: 5394
SPS: 5394
SPS: 5394
SPS: 5394
SPS: 5394
SPS: 5394
SPS: 5394
SPS: 5394
SPS: 5394
SPS: 5394
SPS: 5394
SPS: 5394
SPS: 5394
SPS: 5394
SPS: 5394
SPS: 5394
SPS: 5394
SPS: 5394
SPS: 5394
SPS: 5394
SPS: 5394
SPS: 5394
SPS: 5394
SPS: 5394
SPS: 5394
SPS: 5394
SPS: 5394
SPS: 5394
SPS: 5394
SPS: 5394
SPS: 5394
SPS: 5394
SPS: 5394
SPS: 5394
SPS: 5394
SPS: 5395
SPS: 5395
SPS: 5395
SPS: 5395
SPS: 5395
SPS: 5395
SPS: 5395
SPS: 5395
SPS: 5395
SPS: 5395
SPS: 5395
SPS: 5395
SPS: 5395
SPS: 5395
SPS: 5395
SPS: 5395
SPS: 5395
SPS: 5395
SPS: 5395
global_step=5108352, episodic_return=0.0 (n=128)
SPS: 5394
SPS: 5394
SPS: 5394
SPS: 5394
SPS: 5394
SPS: 5394
SPS: 5394
SPS: 5394
SPS: 5394
SPS: 5394
SPS: 5394
SPS: 5394
SPS: 5394
SPS: 5394
SPS: 5394
SPS: 5394
SPS: 5394
SPS: 5394
SPS: 5395
SPS: 5394
SPS: 5394
SPS: 5394
SPS: 5394
SPS: 5394
SPS: 5394
SPS: 5394
SPS: 5394
SPS: 5394
SPS: 5394
SPS: 5394
SPS: 5394
SPS: 5394
SPS: 5393
SPS: 5393
SPS: 5393
SPS: 5393
SPS: 5393
SPS: 5393
SPS: 5393
SPS: 5393
SPS: 5393
SPS: 5393
SPS: 5393
SPS: 5393
SPS: 5393
SPS: 5393
SPS: 5393
SPS: 5393
SPS: 5393
SPS: 5393
SPS: 5393
SPS: 5393
SPS: 5393
SPS: 5393
SPS: 5393
SPS: 5393
SPS: 5393
SPS: 5393
SPS: 5393
SPS: 5393
SPS: 5393
SPS: 5393
SPS: 5393
SPS: 5393
SPS: 5393
SPS: 5393
SPS: 5393
SPS: 5393
SPS: 5392
SPS: 5392
SPS: 5392
SPS: 5392
SPS: 5392
SPS: 5392
SPS: 5392
SPS: 5392
SPS: 5392
SPS: 5392
SPS: 5392
SPS: 5392
SPS: 5392
SPS: 5392
SPS: 5392
SPS: 5392
SPS: 5392
SPS: 5392
SPS: 5392
SPS: 5391
SPS: 5391
SPS: 5392
SPS: 5392
SPS: 5392
SPS: 5392
SPS: 5392
SPS: 5392
SPS: 5392
SPS: 5392
SPS: 5392
SPS: 5392
SPS: 5392
SPS: 5392
SPS: 5392
SPS: 5392
SPS: 5391
global_step=5534336, episodic_return=0.0 (n=128)
SPS: 5391
SPS: 5391
SPS: 5391
SPS: 5391
SPS: 5390
SPS: 5390
SPS: 5390
SPS: 5390
SPS: 5390
SPS: 5390
SPS: 5390
SPS: 5390
SPS: 5390
SPS: 5390
SPS: 5390
SPS: 5390
SPS: 5390
SPS: 5390
SPS: 5390
SPS: 5390
SPS: 5390
SPS: 5390
SPS: 5390
SPS: 5390
SPS: 5390
SPS: 5390
SPS: 5390
SPS: 5390
SPS: 5390
SPS: 5390
SPS: 5390
SPS: 5390
SPS: 5390
SPS: 5390
SPS: 5390
SPS: 5390
SPS: 5390
SPS: 5390
SPS: 5390
SPS: 5390
SPS: 5390
SPS: 5390
SPS: 5390
SPS: 5390
SPS: 5390
SPS: 5390
SPS: 5390
SPS: 5390
SPS: 5390
SPS: 5390
SPS: 5390
SPS: 5390
SPS: 5390
SPS: 5390
SPS: 5390
SPS: 5390
SPS: 5390
SPS: 5390
SPS: 5390
SPS: 5390
SPS: 5390
SPS: 5390
SPS: 5390
SPS: 5390
SPS: 5390
SPS: 5390
SPS: 5390
SPS: 5390
SPS: 5390
SPS: 5390
SPS: 5390
SPS: 5390
SPS: 5390
SPS: 5390
SPS: 5390
SPS: 5391
SPS: 5391
SPS: 5391
SPS: 5391
SPS: 5391
SPS: 5391
SPS: 5391
SPS: 5391
SPS: 5391
SPS: 5391
SPS: 5391
SPS: 5391
SPS: 5391
SPS: 5391
SPS: 5391
SPS: 5391
SPS: 5392
SPS: 5392
SPS: 5392
SPS: 5392
SPS: 5392
SPS: 5392
SPS: 5392
SPS: 5392
SPS: 5392
SPS: 5392
SPS: 5392
SPS: 5392
SPS: 5392
global_step=5960064, episodic_return=0.0 (n=128)
SPS: 5391
SPS: 5391
SPS: 5391
SPS: 5391
SPS: 5391
SPS: 5391
SPS: 5391
SPS: 5391
SPS: 5391
SPS: 5391
SPS: 5391
SPS: 5391
SPS: 5391
SPS: 5391
SPS: 5391
SPS: 5391
SPS: 5391
SPS: 5391
SPS: 5391
SPS: 5391
SPS: 5391
SPS: 5391
SPS: 5391
SPS: 5391
SPS: 5391
SPS: 5391
SPS: 5391
SPS: 5391
SPS: 5391
SPS: 5391
SPS: 5391
SPS: 5391
SPS: 5392
SPS: 5392
SPS: 5392
SPS: 5392
SPS: 5392
SPS: 5392
SPS: 5392
SPS: 5392
SPS: 5392
SPS: 5392
SPS: 5392
SPS: 5392
SPS: 5392
SPS: 5392
SPS: 5392
SPS: 5392
SPS: 5392
SPS: 5392
SPS: 5392
SPS: 5392
SPS: 5392
SPS: 5392
SPS: 5392
SPS: 5392
SPS: 5392
SPS: 5392
SPS: 5392
SPS: 5393
SPS: 5393
SPS: 5393
SPS: 5393
SPS: 5393
SPS: 5393
SPS: 5393
SPS: 5393
SPS: 5393
SPS: 5393
SPS: 5393
SPS: 5393
SPS: 5393
SPS: 5393
SPS: 5393
SPS: 5393
SPS: 5393
SPS: 5393
SPS: 5394
SPS: 5394
SPS: 5394
SPS: 5394
SPS: 5394
SPS: 5394
SPS: 5394
SPS: 5394
SPS: 5394
SPS: 5394
SPS: 5394
SPS: 5394
SPS: 5394
SPS: 5394
SPS: 5394
SPS: 5394
SPS: 5394
SPS: 5394
SPS: 5394
SPS: 5394
SPS: 5394
SPS: 5394
SPS: 5394
SPS: 5394
SPS: 5394
SPS: 5394
SPS: 5393
global_step=6385920, episodic_return=0.0 (n=128)
SPS: 5393
SPS: 5393
SPS: 5393
SPS: 5393
SPS: 5393
SPS: 5393
SPS: 5393
SPS: 5393
SPS: 5393
SPS: 5393
SPS: 5393
SPS: 5393
SPS: 5393
SPS: 5393
SPS: 5393
SPS: 5393
SPS: 5393
SPS: 5393
SPS: 5393
SPS: 5393
SPS: 5393
SPS: 5393
SPS: 5393
SPS: 5393
SPS: 5393
SPS: 5393
SPS: 5393
SPS: 5393
SPS: 5393
SPS: 5393
SPS: 5393
SPS: 5393
SPS: 5394
SPS: 5394
SPS: 5394
SPS: 5394
SPS: 5394
SPS: 5394
SPS: 5394
SPS: 5394
SPS: 5394
SPS: 5394
SPS: 5394
SPS: 5394
SPS: 5394
SPS: 5394
SPS: 5394
SPS: 5394
SPS: 5394
SPS: 5394
SPS: 5394
SPS: 5394
SPS: 5394
SPS: 5394
SPS: 5394
SPS: 5394
SPS: 5393
SPS: 5393
SPS: 5394
SPS: 5393
SPS: 5393
SPS: 5393
SPS: 5394
SPS: 5393
SPS: 5393
SPS: 5394
SPS: 5393
SPS: 5393
SPS: 5393
SPS: 5394
SPS: 5394
SPS: 5394
SPS: 5394
SPS: 5394
SPS: 5394
SPS: 5394
SPS: 5394
SPS: 5394
SPS: 5394
SPS: 5394
SPS: 5394
SPS: 5395
SPS: 5395
SPS: 5395
SPS: 5395
SPS: 5395
SPS: 5395
SPS: 5395
SPS: 5395
SPS: 5395
SPS: 5395
SPS: 5395
SPS: 5395
SPS: 5395
SPS: 5395
SPS: 5395
SPS: 5395
SPS: 5395
SPS: 5395
SPS: 5395
SPS: 5395
SPS: 5395
SPS: 5395
global_step=6811392, episodic_return=0.0 (n=128)
SPS: 5394
SPS: 5394
SPS: 5394
SPS: 5394
SPS: 5394
SPS: 5395
SPS: 5394
SPS: 5394
SPS: 5395
SPS: 5395
SPS: 5395
SPS: 5395
SPS: 5395
SPS: 5395
SPS: 5395
SPS: 5395
SPS: 5395
SPS: 5395
SPS: 5395
SPS: 5395
SPS: 5395
SPS: 5395
SPS: 5395
SPS: 5395
SPS: 5395
SPS: 5395
SPS: 5395
SPS: 5395
SPS: 5395
SPS: 5395
SPS: 5395
SPS: 5395
SPS: 5395
SPS: 5395
SPS: 5395
SPS: 5395
SPS: 5395
SPS: 5395
SPS: 5395
SPS: 5395
SPS: 5395
SPS: 5395
SPS: 5395
SPS: 5395
SPS: 5395
SPS: 5395
SPS: 5395
SPS: 5395
SPS: 5395
SPS: 5395
SPS: 5395
SPS: 5395
SPS: 5395
SPS: 5395
SPS: 5395
SPS: 5395
SPS: 5395
SPS: 5395
SPS: 5395
SPS: 5395
SPS: 5395
SPS: 5395
SPS: 5395
SPS: 5395
SPS: 5395
SPS: 5396
SPS: 5396
SPS: 5396
SPS: 5396
SPS: 5396
SPS: 5396
SPS: 5396
SPS: 5396
SPS: 5396
SPS: 5396
SPS: 5396
SPS: 5396
SPS: 5396
SPS: 5396
SPS: 5396
SPS: 5396
SPS: 5396
SPS: 5396
SPS: 5396
SPS: 5396
SPS: 5396
SPS: 5396
SPS: 5396
SPS: 5396
SPS: 5396
SPS: 5396
SPS: 5396
SPS: 5396
SPS: 5396
SPS: 5396
SPS: 5396
SPS: 5396
SPS: 5396
SPS: 5396
SPS: 5396
SPS: 5396
SPS: 5396
SPS: 5396
SPS: 5396
global_step=7237120, episodic_return=0.0 (n=128)
SPS: 5395
SPS: 5395
SPS: 5395
SPS: 5395
SPS: 5395
SPS: 5395
SPS: 5395
SPS: 5395
SPS: 5395
SPS: 5395
SPS: 5395
SPS: 5395
SPS: 5396
SPS: 5396
SPS: 5396
SPS: 5396
SPS: 5396
SPS: 5396
SPS: 5396
SPS: 5396
SPS: 5396
SPS: 5396
SPS: 5396
SPS: 5396
SPS: 5396
SPS: 5396
SPS: 5396
SPS: 5396
SPS: 5396
SPS: 5396
SPS: 5396
SPS: 5396
SPS: 5396
SPS: 5396
SPS: 5396
SPS: 5397
SPS: 5397
SPS: 5396
SPS: 5396
SPS: 5397
SPS: 5397
SPS: 5397
SPS: 5397
SPS: 5397
SPS: 5397
SPS: 5397
SPS: 5397
SPS: 5396
SPS: 5396
SPS: 5396
SPS: 5396
SPS: 5396
SPS: 5396
SPS: 5396
SPS: 5396
SPS: 5396
SPS: 5396
SPS: 5396
SPS: 5396
SPS: 5396
SPS: 5396
SPS: 5396
SPS: 5396
SPS: 5396
SPS: 5397
SPS: 5397
SPS: 5397
SPS: 5397
SPS: 5397
SPS: 5397
SPS: 5397
SPS: 5397
SPS: 5397
SPS: 5397
SPS: 5397
SPS: 5397
SPS: 5397
SPS: 5397
SPS: 5397
SPS: 5397
SPS: 5397
SPS: 5397
SPS: 5397
SPS: 5398
SPS: 5398
SPS: 5398
SPS: 5398
SPS: 5398
SPS: 5398
SPS: 5398
SPS: 5398
SPS: 5398
SPS: 5399
SPS: 5399
SPS: 5399
SPS: 5399
SPS: 5399
SPS: 5399
SPS: 5399
SPS: 5399
SPS: 5399
SPS: 5399
SPS: 5399
SPS: 5399
global_step=7662336, episodic_return=0.0 (n=128)
SPS: 5398
SPS: 5398
SPS: 5398
SPS: 5398
SPS: 5399
SPS: 5399
SPS: 5399
SPS: 5399
SPS: 5399
SPS: 5399
SPS: 5399
SPS: 5399
SPS: 5399
SPS: 5399
SPS: 5399
SPS: 5399
SPS: 5399
SPS: 5399
SPS: 5399
SPS: 5399
SPS: 5399
SPS: 5399
SPS: 5400
SPS: 5400
SPS: 5400
SPS: 5400
SPS: 5400
SPS: 5400
SPS: 5400
SPS: 5400
SPS: 5400
SPS: 5400
SPS: 5400
SPS: 5401
SPS: 5401
SPS: 5401
SPS: 5401
SPS: 5401
SPS: 5401
SPS: 5401
SPS: 5401
SPS: 5401
SPS: 5401
SPS: 5401
SPS: 5401
SPS: 5401
SPS: 5402
SPS: 5402
SPS: 5402
SPS: 5402
SPS: 5402
SPS: 5402
SPS: 5402
SPS: 5402
SPS: 5402
SPS: 5402
SPS: 5402
SPS: 5402
SPS: 5402
SPS: 5402
SPS: 5403
SPS: 5403
SPS: 5403
SPS: 5403
SPS: 5403
SPS: 5403
SPS: 5403
SPS: 5403
SPS: 5403
SPS: 5403
SPS: 5403
SPS: 5403
SPS: 5403
SPS: 5403
SPS: 5403
SPS: 5403
SPS: 5403
SPS: 5403
SPS: 5403
SPS: 5403
SPS: 5403
SPS: 5404
SPS: 5403
SPS: 5404
SPS: 5404
SPS: 5404
SPS: 5404
SPS: 5404
SPS: 5404
SPS: 5404
SPS: 5404
SPS: 5404
SPS: 5404
SPS: 5404
SPS: 5404
SPS: 5404
SPS: 5404
SPS: 5404
SPS: 5404
SPS: 5404
SPS: 5404
SPS: 5405
SPS: 5405
SPS: 5405
global_step=8087936, episodic_return=0.0 (n=128)
SPS: 5404
SPS: 5404
SPS: 5404
SPS: 5404
SPS: 5404
SPS: 5404
SPS: 5404
SPS: 5405
SPS: 5405
SPS: 5405
SPS: 5405
SPS: 5405
SPS: 5405
SPS: 5405
SPS: 5405
SPS: 5405
SPS: 5405
SPS: 5405
SPS: 5405
SPS: 5405
SPS: 5405
SPS: 5405
SPS: 5405
SPS: 5405
SPS: 5405
SPS: 5405
SPS: 5405
SPS: 5405
SPS: 5405
SPS: 5405
SPS: 5405
SPS: 5406
SPS: 5406
SPS: 5406
SPS: 5406
SPS: 5406
SPS: 5406
SPS: 5406
SPS: 5406
SPS: 5406
SPS: 5406
SPS: 5406
SPS: 5406
SPS: 5406
SPS: 5406
SPS: 5406
SPS: 5406
SPS: 5406
SPS: 5407
SPS: 5407
SPS: 5407
SPS: 5407
SPS: 5407
SPS: 5407
SPS: 5407
SPS: 5407
SPS: 5407
SPS: 5407
SPS: 5407
SPS: 5407
SPS: 5407
SPS: 5407
SPS: 5407
SPS: 5407
SPS: 5407
SPS: 5407
SPS: 5407
SPS: 5407
SPS: 5408
SPS: 5408
SPS: 5408
SPS: 5408
SPS: 5408
SPS: 5408
SPS: 5408
SPS: 5408
SPS: 5408
SPS: 5408
SPS: 5408
SPS: 5409
SPS: 5409
SPS: 5409
SPS: 5409
SPS: 5409
SPS: 5409
SPS: 5409
SPS: 5409
SPS: 5409
SPS: 5409
SPS: 5409
SPS: 5409
SPS: 5409
SPS: 5409
SPS: 5409
SPS: 5409
SPS: 5409
SPS: 5409
SPS: 5409
SPS: 5409
SPS: 5409
SPS: 5409
SPS: 5409
SPS: 5409
SPS: 5409
global_step=8513280, episodic_return=0.0 (n=128)
SPS: 5408
SPS: 5408
SPS: 5408
SPS: 5408
SPS: 5409
SPS: 5409
SPS: 5409
SPS: 5409
SPS: 5409
SPS: 5409
SPS: 5409
SPS: 5409
SPS: 5409
SPS: 5409
SPS: 5409
SPS: 5409
SPS: 5409
SPS: 5409
SPS: 5409
SPS: 5409
SPS: 5409
SPS: 5409
SPS: 5409
SPS: 5409
SPS: 5409
SPS: 5409
SPS: 5409
SPS: 5409
SPS: 5409
SPS: 5409
SPS: 5409
SPS: 5409
SPS: 5409
SPS: 5409
SPS: 5409
SPS: 5409
SPS: 5409
SPS: 5409
SPS: 5409
SPS: 5409
SPS: 5409
SPS: 5409
SPS: 5409
SPS: 5410
SPS: 5410
SPS: 5410
SPS: 5410
SPS: 5410
SPS: 5410
SPS: 5410
SPS: 5410
SPS: 5410
SPS: 5410
SPS: 5410
SPS: 5409
SPS: 5410
SPS: 5410
SPS: 5410
SPS: 5410
SPS: 5410
SPS: 5410
SPS: 5410
SPS: 5410
SPS: 5410
SPS: 5410
SPS: 5410
SPS: 5409
SPS: 5409
SPS: 5409
SPS: 5409
SPS: 5409
SPS: 5409
SPS: 5409
SPS: 5409
SPS: 5409
SPS: 5409
SPS: 5409
SPS: 5409
SPS: 5409
SPS: 5409
SPS: 5409
SPS: 5409
SPS: 5409
SPS: 5409
SPS: 5409
SPS: 5409
SPS: 5409
SPS: 5409
SPS: 5410
SPS: 5410
SPS: 5410
SPS: 5410
SPS: 5410
SPS: 5410
SPS: 5410
SPS: 5410
SPS: 5410
SPS: 5410
SPS: 5410
SPS: 5410
SPS: 5410
SPS: 5409
SPS: 5409
SPS: 5409
global_step=8939008, episodic_return=0.0 (n=128)
SPS: 5409
SPS: 5409
SPS: 5408
SPS: 5408
SPS: 5408
SPS: 5408
SPS: 5408
SPS: 5408
SPS: 5408
SPS: 5408
SPS: 5408
SPS: 5408
SPS: 5408
SPS: 5408
SPS: 5408
SPS: 5408
SPS: 5408
SPS: 5408
SPS: 5408
SPS: 5408
SPS: 5408
SPS: 5408
SPS: 5408
SPS: 5409
SPS: 5409
SPS: 5409
SPS: 5409
SPS: 5409
SPS: 5409
SPS: 5408
SPS: 5408
SPS: 5408
SPS: 5408
SPS: 5408
SPS: 5408
SPS: 5408
SPS: 5408
SPS: 5408
SPS: 5408
SPS: 5408
SPS: 5408
SPS: 5408
SPS: 5408
SPS: 5408
SPS: 5408
SPS: 5408
SPS: 5408
SPS: 5408
SPS: 5408
SPS: 5408
SPS: 5408
SPS: 5408
SPS: 5408
SPS: 5408
SPS: 5408
SPS: 5408
SPS: 5408
SPS: 5408
SPS: 5408
SPS: 5408
SPS: 5408
SPS: 5408
SPS: 5408
SPS: 5408
SPS: 5408
SPS: 5408
SPS: 5408
SPS: 5409
SPS: 5409
SPS: 5409
SPS: 5409
SPS: 5409
SPS: 5409
SPS: 5409
SPS: 5409
SPS: 5409
SPS: 5409
SPS: 5409
SPS: 5409
SPS: 5409
SPS: 5409
SPS: 5409
SPS: 5409
SPS: 5409
SPS: 5409
SPS: 5409
SPS: 5409
SPS: 5409
SPS: 5409
SPS: 5409
SPS: 5409
SPS: 5409
SPS: 5409
SPS: 5409
SPS: 5409
SPS: 5409
SPS: 5409
SPS: 5409
SPS: 5409
SPS: 5409
SPS: 5409
SPS: 5409
SPS: 5409
SPS: 5409
global_step=9364864, episodic_return=0.0 (n=128)
SPS: 5408
SPS: 5408
SPS: 5408
SPS: 5408
SPS: 5409
SPS: 5409
SPS: 5409
SPS: 5409
SPS: 5409
SPS: 5409
SPS: 5409
SPS: 5409
SPS: 5409
SPS: 5409
SPS: 5409
SPS: 5409
SPS: 5409
SPS: 5410
SPS: 5410
SPS: 5410
SPS: 5410
SPS: 5410
SPS: 5410
SPS: 5410
SPS: 5410
SPS: 5410
SPS: 5410
SPS: 5410
SPS: 5410
SPS: 5410
SPS: 5410
SPS: 5410
SPS: 5410
SPS: 5411
SPS: 5411
SPS: 5411
SPS: 5411
SPS: 5411
SPS: 5411
SPS: 5411
SPS: 5411
SPS: 5411
SPS: 5411
SPS: 5411
SPS: 5411
SPS: 5411
SPS: 5412
SPS: 5412
SPS: 5412
SPS: 5412
SPS: 5412
SPS: 5412
SPS: 5412
SPS: 5412
SPS: 5412
SPS: 5412
SPS: 5412
SPS: 5412
SPS: 5412
SPS: 5412
SPS: 5412
SPS: 5412
SPS: 5412
SPS: 5412
SPS: 5412
SPS: 5412
SPS: 5412
SPS: 5413
SPS: 5413
SPS: 5413
SPS: 5413
SPS: 5413
SPS: 5413
SPS: 5413
SPS: 5413
SPS: 5413
SPS: 5413
SPS: 5413
SPS: 5413
SPS: 5413
SPS: 5413
SPS: 5413
SPS: 5413
SPS: 5413
SPS: 5414
SPS: 5414
SPS: 5414
SPS: 5414
SPS: 5414
SPS: 5414
SPS: 5414
SPS: 5414
SPS: 5414
SPS: 5414
SPS: 5414
SPS: 5414
SPS: 5414
SPS: 5414
SPS: 5414
SPS: 5414
SPS: 5414
SPS: 5414
SPS: 5414
SPS: 5414
global_step=9790336, episodic_return=0.0 (n=128)
SPS: 5413
SPS: 5413
SPS: 5413
SPS: 5413
SPS: 5414
SPS: 5414
SPS: 5414
SPS: 5414
SPS: 5414
SPS: 5414
SPS: 5414
SPS: 5414
SPS: 5414
SPS: 5414
SPS: 5414
SPS: 5414
SPS: 5413
SPS: 5413
SPS: 5413
SPS: 5413
SPS: 5413
SPS: 5413
SPS: 5413
SPS: 5413
SPS: 5413
SPS: 5413
SPS: 5413
SPS: 5413
SPS: 5413
SPS: 5413
SPS: 5413
SPS: 5413
SPS: 5413
SPS: 5413
SPS: 5413
SPS: 5413
SPS: 5413
SPS: 5413
SPS: 5413
SPS: 5413
SPS: 5413
SPS: 5413
SPS: 5413
SPS: 5413
SPS: 5413
SPS: 5413
SPS: 5413
SPS: 5413
SPS: 5413
SPS: 5413
SPS: 5413
Results saved to /runs/h000__Enduro-v5_s1.csv
slurmstepd: error: run_script_as_user: couldn't change working dir to /home/rogercc/'/scratch/rogercc/cleanrl': No such file or directory
