sending incremental file list
auto-cleanrl.sif

sent 4,938,043,507 bytes  received 35 bytes  395,043,483.36 bytes/sec
total size is 4,945,334,272  speedup is 1.00
/usr/local/lib/python3.10/dist-packages/treevalue/tree/integration/torch.py:23: FutureWarning: `torch.utils._pytree._register_pytree_node` is deprecated. Please use `torch.utils._pytree.register_pytree_node` instead.
  register_for_torch(TreeValue)
/usr/local/lib/python3.10/dist-packages/treevalue/tree/integration/torch.py:24: FutureWarning: `torch.utils._pytree._register_pytree_node` is deprecated. Please use `torch.utils._pytree.register_pytree_node` instead.
  register_for_torch(FastTreeValue)
Gym has been unmaintained since 2022 and does not support NumPy 2.0 amongst other critical functionality.
Please upgrade to Gymnasium, the maintained drop-in replacement of Gym, or contact the authors of your software and request that they upgrade.
See the migration guide at https://gymnasium.farama.org/introduction/migration_guide/ for additional information.
/usr/local/lib/python3.10/dist-packages/tyro/_parsers.py:353: UserWarning: The field `wandb-entity` is annotated with type `<class 'str'>`, but the default value `None` has type `<class 'NoneType'>`. We'll try to handle this gracefully, but it may cause unexpected behavior.
  warnings.warn(message)
/usr/local/lib/python3.10/dist-packages/tyro/_parsers.py:353: UserWarning: The field `target-kl` is annotated with type `<class 'float'>`, but the default value `None` has type `<class 'NoneType'>`. We'll try to handle this gracefully, but it may cause unexpected behavior.
  warnings.warn(message)
SPS: 1378
SPS: 1774
SPS: 1958
SPS: 2059
SPS: 2136
SPS: 2193
SPS: 2242
SPS: 2259
SPS: 2280
SPS: 2306
SPS: 2320
SPS: 2341
SPS: 2362
SPS: 2372
SPS: 2385
SPS: 2393
SPS: 2402
SPS: 2411
SPS: 2419
SPS: 2429
SPS: 2433
SPS: 2437
SPS: 2441
SPS: 2443
SPS: 2447
SPS: 2451
SPS: 2455
SPS: 2455
SPS: 2454
SPS: 2456
SPS: 2459
SPS: 2461
SPS: 2463
SPS: 2465
SPS: 2466
SPS: 2464
SPS: 2463
SPS: 2465
SPS: 2466
SPS: 2467
SPS: 2469
SPS: 2471
SPS: 2471
SPS: 2472
SPS: 2472
SPS: 2467
SPS: 2462
SPS: 2464
SPS: 2463
SPS: 2464
SPS: 2464
SPS: 2466
SPS: 2466
SPS: 2468
SPS: 2469
SPS: 2469
SPS: 2470
SPS: 2471
SPS: 2471
SPS: 2473
SPS: 2474
SPS: 2473
SPS: 2474
SPS: 2475
SPS: 2476
SPS: 2476
SPS: 2478
SPS: 2479
SPS: 2480
SPS: 2481
SPS: 2482
SPS: 2481
SPS: 2482
SPS: 2482
SPS: 2483
SPS: 2485
SPS: 2486
SPS: 2486
SPS: 2486
SPS: 2487
SPS: 2488
SPS: 2489
SPS: 2489
SPS: 2490
SPS: 2491
SPS: 2492
SPS: 2493
SPS: 2493
SPS: 2494
SPS: 2495
SPS: 2495
SPS: 2495
SPS: 2495
SPS: 2494
SPS: 2495
SPS: 2495
SPS: 2495
SPS: 2494
SPS: 2495
SPS: 2495
SPS: 2495
SPS: 2495
SPS: 2496
global_step=425600, episodic_return=0.0 (n=128)
SPS: 2494
SPS: 2494
SPS: 2495
SPS: 2495
SPS: 2495
SPS: 2496
SPS: 2496
SPS: 2496
SPS: 2496
SPS: 2496
SPS: 2495
SPS: 2495
SPS: 2494
SPS: 2493
SPS: 2494
SPS: 2494
SPS: 2495
SPS: 2495
SPS: 2495
SPS: 2495
SPS: 2495
SPS: 2494
SPS: 2495
SPS: 2494
SPS: 2495
SPS: 2495
SPS: 2496
SPS: 2496
SPS: 2495
SPS: 2495
SPS: 2496
SPS: 2496
SPS: 2496
SPS: 2496
SPS: 2496
SPS: 2496
SPS: 2496
SPS: 2496
SPS: 2496
SPS: 2495
SPS: 2495
SPS: 2495
SPS: 2495
SPS: 2495
SPS: 2495
SPS: 2495
SPS: 2495
SPS: 2495
SPS: 2496
SPS: 2496
SPS: 2497
SPS: 2497
SPS: 2497
SPS: 2497
SPS: 2497
SPS: 2497
SPS: 2497
SPS: 2497
SPS: 2497
SPS: 2495
SPS: 2496
SPS: 2496
SPS: 2496
SPS: 2496
SPS: 2496
SPS: 2496
SPS: 2496
SPS: 2496
SPS: 2496
SPS: 2496
SPS: 2497
SPS: 2497
SPS: 2497
SPS: 2498
SPS: 2497
SPS: 2497
SPS: 2498
SPS: 2498
SPS: 2498
SPS: 2498
SPS: 2499
SPS: 2499
SPS: 2499
SPS: 2500
SPS: 2499
SPS: 2500
SPS: 2501
SPS: 2501
SPS: 2501
SPS: 2501
SPS: 2501
SPS: 2502
SPS: 2502
SPS: 2502
SPS: 2502
SPS: 2502
SPS: 2502
SPS: 2501
SPS: 2501
SPS: 2501
SPS: 2501
SPS: 2501
SPS: 2501
SPS: 2502
global_step=850816, episodic_return=0.0 (n=128)
SPS: 2500
SPS: 2501
SPS: 2501
SPS: 2501
SPS: 2501
SPS: 2501
SPS: 2501
SPS: 2501
SPS: 2501
SPS: 2501
SPS: 2501
SPS: 2501
SPS: 2501
SPS: 2501
SPS: 2501
SPS: 2500
SPS: 2500
SPS: 2500
SPS: 2500
SPS: 2500
SPS: 2500
SPS: 2500
SPS: 2500
SPS: 2500
SPS: 2500
SPS: 2500
SPS: 2500
SPS: 2499
SPS: 2499
SPS: 2500
SPS: 2500
SPS: 2499
SPS: 2500
SPS: 2498
SPS: 2497
SPS: 2496
SPS: 2494
SPS: 2493
SPS: 2493
SPS: 2493
SPS: 2492
SPS: 2492
SPS: 2492
SPS: 2492
SPS: 2492
SPS: 2492
SPS: 2491
SPS: 2491
SPS: 2491
SPS: 2490
SPS: 2488
SPS: 2487
SPS: 2486
SPS: 2487
SPS: 2486
SPS: 2486
SPS: 2486
SPS: 2486
SPS: 2486
SPS: 2486
SPS: 2486
SPS: 2486
SPS: 2485
SPS: 2483
SPS: 2484
SPS: 2484
SPS: 2484
SPS: 2484
SPS: 2484
SPS: 2484
SPS: 2483
SPS: 2482
SPS: 2481
SPS: 2480
SPS: 2480
SPS: 2481
SPS: 2481
SPS: 2481
SPS: 2481
SPS: 2481
SPS: 2481
SPS: 2481
SPS: 2481
SPS: 2481
SPS: 2481
SPS: 2482
SPS: 2481
SPS: 2482
SPS: 2482
SPS: 2482
SPS: 2482
SPS: 2482
SPS: 2482
SPS: 2482
SPS: 2482
SPS: 2483
SPS: 2483
SPS: 2483
SPS: 2483
SPS: 2483
SPS: 2483
SPS: 2483
SPS: 2483
SPS: 2483
global_step=1276288, episodic_return=0.0 (n=128)
SPS: 2482
SPS: 2482
SPS: 2481
SPS: 2482
SPS: 2482
SPS: 2482
SPS: 2482
SPS: 2482
SPS: 2482
SPS: 2482
SPS: 2482
SPS: 2482
SPS: 2482
SPS: 2482
SPS: 2482
SPS: 2483
SPS: 2483
SPS: 2483
SPS: 2483
SPS: 2483
SPS: 2483
SPS: 2483
SPS: 2483
SPS: 2483
SPS: 2483
SPS: 2482
SPS: 2481
SPS: 2481
SPS: 2481
SPS: 2481
SPS: 2481
SPS: 2481
SPS: 2481
SPS: 2482
SPS: 2481
SPS: 2482
SPS: 2482
SPS: 2481
SPS: 2479
SPS: 2479
SPS: 2479
SPS: 2479
SPS: 2480
SPS: 2480
SPS: 2480
SPS: 2480
SPS: 2480
SPS: 2480
SPS: 2480
SPS: 2479
SPS: 2478
SPS: 2479
SPS: 2479
SPS: 2479
SPS: 2479
SPS: 2479
SPS: 2478
SPS: 2477
SPS: 2477
SPS: 2477
SPS: 2477
SPS: 2477
SPS: 2477
SPS: 2477
SPS: 2477
SPS: 2478
SPS: 2478
SPS: 2478
SPS: 2478
SPS: 2478
SPS: 2478
SPS: 2478
SPS: 2479
SPS: 2478
SPS: 2478
SPS: 2477
SPS: 2477
SPS: 2477
SPS: 2477
SPS: 2477
SPS: 2477
SPS: 2477
SPS: 2477
SPS: 2477
SPS: 2477
SPS: 2477
SPS: 2477
SPS: 2477
SPS: 2477
SPS: 2477
SPS: 2477
SPS: 2478
SPS: 2477
SPS: 2478
SPS: 2478
SPS: 2478
SPS: 2478
SPS: 2478
SPS: 2478
SPS: 2478
SPS: 2478
SPS: 2478
SPS: 2478
SPS: 2478
global_step=1701504, episodic_return=0.0 (n=128)
SPS: 2478
SPS: 2478
SPS: 2478
SPS: 2478
SPS: 2478
SPS: 2478
SPS: 2477
SPS: 2477
SPS: 2477
SPS: 2477
SPS: 2477
SPS: 2477
SPS: 2478
SPS: 2478
SPS: 2478
SPS: 2478
SPS: 2478
SPS: 2478
SPS: 2478
SPS: 2478
SPS: 2478
SPS: 2478
SPS: 2478
SPS: 2478
SPS: 2478
SPS: 2478
SPS: 2478
SPS: 2478
SPS: 2478
SPS: 2479
SPS: 2479
SPS: 2479
SPS: 2479
SPS: 2479
SPS: 2479
SPS: 2479
SPS: 2479
SPS: 2479
SPS: 2479
SPS: 2479
SPS: 2479
SPS: 2479
SPS: 2479
SPS: 2479
SPS: 2479
SPS: 2479
SPS: 2480
SPS: 2480
SPS: 2480
SPS: 2480
SPS: 2480
SPS: 2480
SPS: 2480
SPS: 2480
SPS: 2480
SPS: 2480
SPS: 2480
SPS: 2480
SPS: 2480
SPS: 2480
SPS: 2480
SPS: 2480
SPS: 2480
SPS: 2480
SPS: 2480
SPS: 2480
SPS: 2480
SPS: 2480
SPS: 2480
SPS: 2480
SPS: 2480
SPS: 2480
SPS: 2480
SPS: 2480
SPS: 2480
SPS: 2480
SPS: 2481
SPS: 2481
SPS: 2481
SPS: 2481
SPS: 2481
SPS: 2481
SPS: 2481
SPS: 2481
SPS: 2481
SPS: 2481
SPS: 2481
SPS: 2481
SPS: 2481
SPS: 2481
SPS: 2481
SPS: 2481
SPS: 2481
SPS: 2481
SPS: 2481
SPS: 2481
SPS: 2481
SPS: 2481
SPS: 2481
SPS: 2481
SPS: 2481
SPS: 2481
SPS: 2482
SPS: 2482
global_step=2127616, episodic_return=0.0 (n=128)
SPS: 2481
SPS: 2481
SPS: 2481
SPS: 2482
SPS: 2482
SPS: 2482
SPS: 2482
SPS: 2482
SPS: 2482
SPS: 2482
SPS: 2482
SPS: 2482
SPS: 2482
SPS: 2482
SPS: 2482
SPS: 2482
SPS: 2482
SPS: 2483
SPS: 2483
SPS: 2483
SPS: 2483
SPS: 2483
SPS: 2483
SPS: 2483
SPS: 2483
SPS: 2483
SPS: 2483
SPS: 2483
SPS: 2483
SPS: 2483
SPS: 2483
SPS: 2483
SPS: 2483
SPS: 2483
SPS: 2484
SPS: 2483
SPS: 2484
SPS: 2484
SPS: 2484
SPS: 2484
SPS: 2484
SPS: 2484
SPS: 2484
SPS: 2484
SPS: 2484
SPS: 2484
SPS: 2484
SPS: 2484
SPS: 2484
SPS: 2484
SPS: 2484
SPS: 2484
SPS: 2484
SPS: 2484
SPS: 2484
SPS: 2484
SPS: 2484
SPS: 2484
SPS: 2484
SPS: 2484
SPS: 2485
SPS: 2485
SPS: 2485
SPS: 2485
SPS: 2485
SPS: 2485
SPS: 2485
SPS: 2485
SPS: 2485
SPS: 2485
SPS: 2485
SPS: 2485
SPS: 2485
SPS: 2485
SPS: 2485
SPS: 2485
SPS: 2485
SPS: 2485
SPS: 2485
SPS: 2486
SPS: 2486
SPS: 2486
SPS: 2486
SPS: 2486
SPS: 2486
SPS: 2486
SPS: 2486
SPS: 2486
SPS: 2486
SPS: 2486
SPS: 2485
SPS: 2486
SPS: 2485
SPS: 2485
SPS: 2485
SPS: 2485
SPS: 2485
SPS: 2485
SPS: 2485
SPS: 2485
SPS: 2485
SPS: 2485
SPS: 2485
SPS: 2485
global_step=2553600, episodic_return=0.0 (n=128)
SPS: 2485
SPS: 2485
SPS: 2485
SPS: 2485
SPS: 2485
SPS: 2485
SPS: 2485
SPS: 2485
SPS: 2485
SPS: 2485
SPS: 2485
SPS: 2486
SPS: 2486
SPS: 2486
SPS: 2486
SPS: 2486
SPS: 2486
SPS: 2486
SPS: 2486
SPS: 2486
SPS: 2486
SPS: 2486
SPS: 2486
SPS: 2486
SPS: 2486
SPS: 2486
SPS: 2486
SPS: 2486
SPS: 2486
SPS: 2486
SPS: 2486
SPS: 2486
SPS: 2486
SPS: 2486
SPS: 2486
SPS: 2486
SPS: 2486
SPS: 2486
SPS: 2486
SPS: 2486
SPS: 2486
SPS: 2486
SPS: 2486
SPS: 2486
SPS: 2486
SPS: 2486
SPS: 2486
SPS: 2486
SPS: 2486
SPS: 2486
SPS: 2486
SPS: 2486
SPS: 2486
SPS: 2486
SPS: 2486
SPS: 2486
SPS: 2486
SPS: 2486
SPS: 2486
SPS: 2486
SPS: 2486
SPS: 2486
SPS: 2486
SPS: 2486
SPS: 2486
SPS: 2487
SPS: 2486
SPS: 2486
SPS: 2486
SPS: 2485
SPS: 2485
SPS: 2484
SPS: 2484
SPS: 2484
SPS: 2484
SPS: 2484
SPS: 2484
SPS: 2484
SPS: 2484
SPS: 2484
SPS: 2484
SPS: 2484
SPS: 2484
SPS: 2484
SPS: 2484
SPS: 2484
SPS: 2484
SPS: 2484
SPS: 2484
SPS: 2484
SPS: 2484
SPS: 2485
SPS: 2485
SPS: 2485
SPS: 2485
SPS: 2485
SPS: 2485
SPS: 2485
SPS: 2485
SPS: 2484
SPS: 2484
SPS: 2483
SPS: 2483
SPS: 2483
global_step=2979456, episodic_return=0.0 (n=128)
SPS: 2483
SPS: 2483
SPS: 2483
SPS: 2483
SPS: 2483
SPS: 2483
SPS: 2483
SPS: 2483
SPS: 2483
SPS: 2483
SPS: 2483
SPS: 2483
SPS: 2484
SPS: 2484
SPS: 2484
SPS: 2484
SPS: 2484
SPS: 2484
SPS: 2484
SPS: 2484
SPS: 2483
SPS: 2483
SPS: 2483
SPS: 2482
SPS: 2481
SPS: 2481
SPS: 2480
SPS: 2480
SPS: 2480
SPS: 2479
SPS: 2479
SPS: 2479
SPS: 2479
SPS: 2478
SPS: 2478
SPS: 2478
SPS: 2478
SPS: 2478
SPS: 2477
SPS: 2477
SPS: 2476
SPS: 2476
SPS: 2475
SPS: 2475
SPS: 2475
SPS: 2474
SPS: 2474
SPS: 2475
SPS: 2475
SPS: 2475
SPS: 2475
SPS: 2475
SPS: 2475
SPS: 2475
SPS: 2475
SPS: 2474
SPS: 2474
SPS: 2473
SPS: 2473
SPS: 2472
SPS: 2472
SPS: 2472
SPS: 2472
SPS: 2472
SPS: 2472
SPS: 2472
SPS: 2472
SPS: 2472
SPS: 2472
SPS: 2472
SPS: 2472
SPS: 2472
SPS: 2472
SPS: 2472
SPS: 2472
SPS: 2471
SPS: 2471
SPS: 2470
SPS: 2470
SPS: 2470
SPS: 2469
SPS: 2469
SPS: 2469
SPS: 2469
SPS: 2469
SPS: 2469
SPS: 2469
SPS: 2469
SPS: 2469
SPS: 2469
SPS: 2469
SPS: 2469
SPS: 2469
SPS: 2470
SPS: 2470
SPS: 2470
SPS: 2470
SPS: 2470
SPS: 2470
SPS: 2470
SPS: 2470
SPS: 2470
SPS: 2470
SPS: 2470
global_step=3404672, episodic_return=0.0 (n=128)
SPS: 2469
SPS: 2469
SPS: 2469
SPS: 2469
SPS: 2469
SPS: 2469
SPS: 2469
SPS: 2469
SPS: 2469
SPS: 2469
SPS: 2469
SPS: 2469
SPS: 2470
SPS: 2470
SPS: 2470
SPS: 2470
SPS: 2470
SPS: 2470
SPS: 2470
SPS: 2470
SPS: 2470
SPS: 2470
SPS: 2470
SPS: 2470
SPS: 2470
SPS: 2470
SPS: 2470
SPS: 2471
SPS: 2471
SPS: 2471
SPS: 2471
SPS: 2471
SPS: 2471
SPS: 2471
SPS: 2470
SPS: 2470
SPS: 2469
SPS: 2470
SPS: 2470
SPS: 2470
SPS: 2470
SPS: 2470
SPS: 2470
SPS: 2470
SPS: 2470
SPS: 2470
SPS: 2470
SPS: 2470
SPS: 2470
SPS: 2470
SPS: 2470
SPS: 2470
SPS: 2470
SPS: 2470
SPS: 2470
SPS: 2470
SPS: 2470
SPS: 2470
SPS: 2470
SPS: 2470
SPS: 2469
SPS: 2469
SPS: 2469
SPS: 2468
SPS: 2469
SPS: 2469
SPS: 2469
SPS: 2468
SPS: 2468
SPS: 2468
SPS: 2468
SPS: 2468
SPS: 2468
SPS: 2468
SPS: 2469
SPS: 2469
SPS: 2469
SPS: 2469
SPS: 2469
SPS: 2469
SPS: 2469
SPS: 2469
SPS: 2469
SPS: 2469
SPS: 2469
SPS: 2469
SPS: 2469
SPS: 2469
SPS: 2469
SPS: 2469
SPS: 2469
SPS: 2470
SPS: 2470
SPS: 2470
SPS: 2470
SPS: 2470
SPS: 2470
SPS: 2470
SPS: 2470
SPS: 2470
SPS: 2470
SPS: 2470
SPS: 2470
SPS: 2470
global_step=3830656, episodic_return=0.0 (n=128)
SPS: 2470
SPS: 2470
SPS: 2470
SPS: 2470
SPS: 2470
SPS: 2470
SPS: 2470
SPS: 2470
SPS: 2470
SPS: 2470
SPS: 2470
SPS: 2470
SPS: 2470
SPS: 2470
SPS: 2470
SPS: 2470
SPS: 2470
SPS: 2470
SPS: 2470
SPS: 2470
SPS: 2470
SPS: 2471
SPS: 2471
SPS: 2471
SPS: 2471
SPS: 2471
SPS: 2471
SPS: 2471
SPS: 2471
SPS: 2471
SPS: 2471
SPS: 2471
SPS: 2471
SPS: 2471
SPS: 2471
SPS: 2471
SPS: 2471
SPS: 2471
SPS: 2471
SPS: 2471
SPS: 2471
SPS: 2471
SPS: 2470
SPS: 2470
SPS: 2470
SPS: 2470
SPS: 2469
SPS: 2469
SPS: 2469
SPS: 2469
SPS: 2469
SPS: 2469
SPS: 2469
SPS: 2469
SPS: 2469
SPS: 2469
SPS: 2469
SPS: 2469
SPS: 2469
SPS: 2469
SPS: 2469
SPS: 2469
SPS: 2470
SPS: 2469
SPS: 2470
SPS: 2470
SPS: 2470
SPS: 2470
SPS: 2470
SPS: 2470
SPS: 2470
SPS: 2470
SPS: 2470
SPS: 2470
SPS: 2470
SPS: 2470
SPS: 2470
SPS: 2470
SPS: 2469
SPS: 2469
SPS: 2469
SPS: 2469
SPS: 2469
SPS: 2469
SPS: 2469
SPS: 2469
SPS: 2469
SPS: 2469
SPS: 2469
SPS: 2469
SPS: 2469
SPS: 2469
SPS: 2469
SPS: 2469
SPS: 2470
SPS: 2470
SPS: 2470
SPS: 2470
SPS: 2470
SPS: 2470
SPS: 2470
SPS: 2470
SPS: 2470
SPS: 2470
global_step=4256512, episodic_return=0.0 (n=128)
SPS: 2470
SPS: 2470
SPS: 2470
SPS: 2470
SPS: 2470
SPS: 2470
SPS: 2470
SPS: 2470
SPS: 2470
SPS: 2470
SPS: 2470
SPS: 2470
SPS: 2470
SPS: 2470
SPS: 2470
SPS: 2470
SPS: 2470
SPS: 2470
SPS: 2470
SPS: 2470
SPS: 2470
SPS: 2470
SPS: 2470
SPS: 2470
SPS: 2470
SPS: 2469
SPS: 2469
SPS: 2469
SPS: 2469
SPS: 2469
SPS: 2469
SPS: 2469
SPS: 2469
SPS: 2469
SPS: 2469
SPS: 2469
SPS: 2469
SPS: 2469
SPS: 2469
SPS: 2469
SPS: 2469
SPS: 2469
SPS: 2468
SPS: 2469
SPS: 2469
SPS: 2469
SPS: 2469
SPS: 2469
SPS: 2469
SPS: 2469
SPS: 2469
SPS: 2469
SPS: 2469
SPS: 2469
SPS: 2469
SPS: 2469
SPS: 2469
SPS: 2469
SPS: 2469
SPS: 2469
SPS: 2469
SPS: 2469
SPS: 2469
SPS: 2469
SPS: 2469
SPS: 2469
SPS: 2469
SPS: 2469
SPS: 2470
SPS: 2470
SPS: 2470
SPS: 2470
SPS: 2470
SPS: 2470
SPS: 2470
SPS: 2470
SPS: 2470
SPS: 2470
SPS: 2470
SPS: 2470
SPS: 2470
SPS: 2470
SPS: 2470
SPS: 2469
SPS: 2469
SPS: 2470
SPS: 2470
SPS: 2470
SPS: 2470
SPS: 2470
SPS: 2470
SPS: 2470
SPS: 2470
SPS: 2470
SPS: 2470
SPS: 2470
SPS: 2470
SPS: 2470
SPS: 2470
SPS: 2470
SPS: 2470
SPS: 2470
SPS: 2470
SPS: 2469
global_step=4682624, episodic_return=0.0 (n=128)
SPS: 2469
SPS: 2469
SPS: 2469
SPS: 2469
SPS: 2469
SPS: 2469
SPS: 2469
SPS: 2469
SPS: 2469
SPS: 2469
SPS: 2469
SPS: 2470
SPS: 2470
SPS: 2470
SPS: 2470
SPS: 2470
SPS: 2470
SPS: 2470
SPS: 2470
SPS: 2470
SPS: 2470
SPS: 2470
SPS: 2470
SPS: 2470
SPS: 2470
SPS: 2470
SPS: 2470
SPS: 2470
SPS: 2470
SPS: 2470
SPS: 2470
SPS: 2471
SPS: 2471
SPS: 2471
SPS: 2471
SPS: 2471
SPS: 2471
SPS: 2471
SPS: 2471
SPS: 2471
SPS: 2471
SPS: 2471
SPS: 2471
SPS: 2471
SPS: 2471
SPS: 2471
SPS: 2471
SPS: 2471
SPS: 2471
SPS: 2471
SPS: 2471
SPS: 2471
SPS: 2471
SPS: 2471
SPS: 2471
SPS: 2471
SPS: 2471
SPS: 2471
SPS: 2471
SPS: 2472
SPS: 2472
SPS: 2472
SPS: 2472
SPS: 2472
SPS: 2472
SPS: 2472
SPS: 2472
SPS: 2472
SPS: 2472
SPS: 2472
SPS: 2472
SPS: 2472
SPS: 2472
SPS: 2472
SPS: 2472
SPS: 2472
SPS: 2472
SPS: 2472
SPS: 2472
SPS: 2472
SPS: 2471
SPS: 2471
SPS: 2471
SPS: 2470
SPS: 2470
SPS: 2471
SPS: 2471
SPS: 2471
SPS: 2471
SPS: 2471
SPS: 2471
SPS: 2471
SPS: 2471
SPS: 2471
SPS: 2471
SPS: 2471
SPS: 2471
SPS: 2471
SPS: 2471
SPS: 2471
SPS: 2471
SPS: 2471
SPS: 2471
SPS: 2471
global_step=5108352, episodic_return=0.0 (n=128)
SPS: 2471
SPS: 2471
SPS: 2471
SPS: 2471
SPS: 2471
SPS: 2471
SPS: 2471
SPS: 2471
SPS: 2471
SPS: 2471
SPS: 2471
SPS: 2471
SPS: 2471
SPS: 2471
SPS: 2471
SPS: 2470
SPS: 2470
SPS: 2470
SPS: 2470
SPS: 2469
SPS: 2469
SPS: 2469
SPS: 2469
SPS: 2470
SPS: 2470
SPS: 2470
SPS: 2469
SPS: 2469
SPS: 2469
SPS: 2469
SPS: 2469
SPS: 2470
SPS: 2470
SPS: 2470
SPS: 2470
SPS: 2470
SPS: 2470
SPS: 2470
SPS: 2470
SPS: 2470
SPS: 2470
SPS: 2470
SPS: 2470
SPS: 2470
SPS: 2470
SPS: 2470
SPS: 2470
SPS: 2470
SPS: 2470
SPS: 2470
SPS: 2470
SPS: 2470
SPS: 2470
SPS: 2470
SPS: 2470
SPS: 2470
SPS: 2470
SPS: 2470
SPS: 2470
SPS: 2470
SPS: 2470
SPS: 2470
SPS: 2470
SPS: 2470
SPS: 2470
SPS: 2470
SPS: 2470
SPS: 2470
SPS: 2470
SPS: 2470
SPS: 2470
SPS: 2470
SPS: 2471
SPS: 2471
SPS: 2471
SPS: 2471
SPS: 2471
SPS: 2471
SPS: 2471
SPS: 2471
SPS: 2471
SPS: 2471
SPS: 2471
SPS: 2471
SPS: 2471
SPS: 2471
SPS: 2471
SPS: 2471
SPS: 2471
SPS: 2471
SPS: 2471
SPS: 2471
SPS: 2471
SPS: 2471
SPS: 2471
SPS: 2471
SPS: 2471
SPS: 2471
SPS: 2471
SPS: 2471
SPS: 2471
SPS: 2471
SPS: 2471
SPS: 2471
global_step=5534336, episodic_return=0.0 (n=128)
SPS: 2471
SPS: 2471
SPS: 2471
SPS: 2471
SPS: 2472
SPS: 2472
SPS: 2472
SPS: 2472
SPS: 2472
SPS: 2472
SPS: 2472
SPS: 2472
SPS: 2472
SPS: 2472
SPS: 2472
SPS: 2472
SPS: 2472
SPS: 2472
SPS: 2472
SPS: 2472
SPS: 2472
SPS: 2472
SPS: 2472
SPS: 2472
SPS: 2472
SPS: 2472
SPS: 2472
SPS: 2472
SPS: 2472
SPS: 2472
SPS: 2472
SPS: 2472
SPS: 2472
SPS: 2472
SPS: 2473
SPS: 2473
SPS: 2473
SPS: 2473
SPS: 2473
SPS: 2473
SPS: 2473
SPS: 2473
SPS: 2473
SPS: 2473
SPS: 2473
SPS: 2473
SPS: 2473
SPS: 2473
SPS: 2473
SPS: 2473
SPS: 2473
SPS: 2473
SPS: 2473
SPS: 2473
SPS: 2473
SPS: 2473
SPS: 2473
SPS: 2473
SPS: 2473
SPS: 2473
SPS: 2473
SPS: 2473
SPS: 2473
SPS: 2473
SPS: 2473
SPS: 2473
SPS: 2473
SPS: 2473
SPS: 2473
SPS: 2473
SPS: 2473
SPS: 2474
SPS: 2474
SPS: 2473
SPS: 2473
SPS: 2473
SPS: 2473
SPS: 2473
SPS: 2473
SPS: 2473
SPS: 2473
SPS: 2473
SPS: 2473
SPS: 2473
SPS: 2473
SPS: 2473
SPS: 2473
SPS: 2473
SPS: 2473
SPS: 2473
SPS: 2473
SPS: 2473
SPS: 2473
SPS: 2474
SPS: 2474
SPS: 2474
SPS: 2474
SPS: 2474
SPS: 2474
SPS: 2473
SPS: 2473
SPS: 2473
SPS: 2473
SPS: 2473
global_step=5960064, episodic_return=0.0 (n=128)
SPS: 2473
SPS: 2473
SPS: 2473
SPS: 2473
SPS: 2472
SPS: 2472
SPS: 2472
SPS: 2472
SPS: 2472
SPS: 2472
SPS: 2472
SPS: 2472
SPS: 2472
SPS: 2472
SPS: 2472
SPS: 2472
SPS: 2472
SPS: 2472
SPS: 2472
SPS: 2472
SPS: 2472
SPS: 2472
SPS: 2472
SPS: 2472
SPS: 2472
SPS: 2472
SPS: 2472
SPS: 2472
SPS: 2472
SPS: 2472
SPS: 2472
SPS: 2472
SPS: 2472
SPS: 2472
SPS: 2472
SPS: 2472
SPS: 2472
SPS: 2472
SPS: 2472
SPS: 2473
SPS: 2473
SPS: 2473
SPS: 2473
SPS: 2473
SPS: 2473
SPS: 2473
SPS: 2473
SPS: 2473
SPS: 2473
SPS: 2473
SPS: 2473
SPS: 2473
SPS: 2473
SPS: 2472
SPS: 2472
SPS: 2472
SPS: 2472
SPS: 2472
SPS: 2472
SPS: 2472
SPS: 2471
SPS: 2471
SPS: 2471
SPS: 2471
SPS: 2471
SPS: 2471
SPS: 2471
SPS: 2471
SPS: 2471
SPS: 2471
SPS: 2471
SPS: 2471
SPS: 2471
SPS: 2471
SPS: 2471
SPS: 2470
SPS: 2470
SPS: 2470
SPS: 2470
SPS: 2470
SPS: 2471
SPS: 2471
SPS: 2471
SPS: 2471
SPS: 2471
SPS: 2471
SPS: 2470
SPS: 2470
SPS: 2470
SPS: 2470
SPS: 2470
SPS: 2470
SPS: 2470
SPS: 2470
SPS: 2470
SPS: 2470
SPS: 2470
SPS: 2470
SPS: 2470
SPS: 2470
SPS: 2470
SPS: 2470
SPS: 2470
SPS: 2470
global_step=6385920, episodic_return=0.0 (n=128)
SPS: 2470
SPS: 2470
SPS: 2470
SPS: 2470
SPS: 2470
SPS: 2470
SPS: 2470
SPS: 2470
SPS: 2470
SPS: 2470
SPS: 2470
SPS: 2470
SPS: 2470
SPS: 2470
SPS: 2470
SPS: 2470
SPS: 2470
SPS: 2470
SPS: 2470
SPS: 2470
SPS: 2470
SPS: 2470
SPS: 2470
SPS: 2470
SPS: 2470
SPS: 2471
SPS: 2471
SPS: 2471
SPS: 2471
SPS: 2470
SPS: 2470
SPS: 2470
SPS: 2470
SPS: 2470
SPS: 2470
SPS: 2470
SPS: 2470
SPS: 2470
SPS: 2470
SPS: 2470
SPS: 2470
SPS: 2470
SPS: 2470
SPS: 2470
SPS: 2471
SPS: 2471
SPS: 2471
SPS: 2471
SPS: 2471
SPS: 2471
SPS: 2471
SPS: 2471
SPS: 2471
SPS: 2471
SPS: 2471
SPS: 2471
SPS: 2471
SPS: 2471
SPS: 2471
SPS: 2471
SPS: 2471
SPS: 2471
SPS: 2471
SPS: 2471
SPS: 2471
SPS: 2471
SPS: 2471
SPS: 2471
SPS: 2471
SPS: 2471
SPS: 2471
SPS: 2471
SPS: 2471
SPS: 2471
SPS: 2471
SPS: 2471
SPS: 2471
SPS: 2471
SPS: 2471
SPS: 2471
SPS: 2471
SPS: 2471
SPS: 2471
SPS: 2471
SPS: 2471
SPS: 2471
SPS: 2471
SPS: 2471
SPS: 2472
SPS: 2472
SPS: 2472
SPS: 2472
SPS: 2472
SPS: 2472
SPS: 2472
SPS: 2472
SPS: 2472
SPS: 2472
SPS: 2472
SPS: 2472
SPS: 2472
SPS: 2472
SPS: 2472
global_step=6811392, episodic_return=0.0 (n=128)
SPS: 2471
SPS: 2471
SPS: 2471
SPS: 2471
SPS: 2471
SPS: 2471
SPS: 2471
SPS: 2471
SPS: 2471
SPS: 2471
SPS: 2471
SPS: 2471
SPS: 2471
SPS: 2471
SPS: 2471
SPS: 2471
SPS: 2471
SPS: 2471
SPS: 2471
SPS: 2471
SPS: 2471
SPS: 2471
SPS: 2471
SPS: 2471
SPS: 2471
SPS: 2471
SPS: 2471
SPS: 2471
SPS: 2471
SPS: 2471
SPS: 2471
SPS: 2471
SPS: 2471
SPS: 2471
SPS: 2471
SPS: 2471
SPS: 2471
SPS: 2471
SPS: 2472
SPS: 2472
SPS: 2472
SPS: 2472
SPS: 2472
SPS: 2472
SPS: 2472
SPS: 2472
SPS: 2472
SPS: 2472
SPS: 2472
SPS: 2472
SPS: 2472
SPS: 2472
SPS: 2472
SPS: 2472
SPS: 2472
SPS: 2472
SPS: 2472
SPS: 2472
SPS: 2472
SPS: 2472
SPS: 2472
SPS: 2472
SPS: 2472
SPS: 2472
SPS: 2472
SPS: 2472
SPS: 2472
SPS: 2472
SPS: 2472
SPS: 2472
SPS: 2472
SPS: 2472
SPS: 2472
SPS: 2472
SPS: 2472
SPS: 2472
SPS: 2473
SPS: 2473
SPS: 2473
SPS: 2473
SPS: 2473
SPS: 2473
SPS: 2473
SPS: 2473
SPS: 2473
SPS: 2473
SPS: 2473
SPS: 2473
SPS: 2473
SPS: 2473
SPS: 2473
SPS: 2473
SPS: 2473
SPS: 2473
SPS: 2473
SPS: 2473
SPS: 2473
SPS: 2473
SPS: 2473
SPS: 2473
SPS: 2473
SPS: 2473
SPS: 2473
SPS: 2473
global_step=7237120, episodic_return=0.0 (n=128)
SPS: 2473
SPS: 2473
SPS: 2473
SPS: 2473
SPS: 2473
SPS: 2473
SPS: 2473
SPS: 2473
SPS: 2473
SPS: 2473
SPS: 2473
SPS: 2473
SPS: 2473
SPS: 2473
SPS: 2474
SPS: 2474
SPS: 2474
SPS: 2474
SPS: 2474
SPS: 2474
SPS: 2474
SPS: 2474
SPS: 2474
SPS: 2474
SPS: 2474
SPS: 2474
SPS: 2474
SPS: 2474
SPS: 2474
SPS: 2474
SPS: 2474
SPS: 2474
SPS: 2474
SPS: 2474
SPS: 2474
SPS: 2474
SPS: 2474
SPS: 2474
SPS: 2474
SPS: 2474
SPS: 2474
SPS: 2474
SPS: 2474
SPS: 2474
SPS: 2474
SPS: 2474
SPS: 2474
SPS: 2474
SPS: 2474
SPS: 2474
SPS: 2474
SPS: 2474
SPS: 2474
SPS: 2474
SPS: 2474
SPS: 2474
SPS: 2474
SPS: 2475
SPS: 2474
SPS: 2475
SPS: 2475
SPS: 2475
SPS: 2475
SPS: 2475
SPS: 2475
SPS: 2475
SPS: 2475
SPS: 2475
SPS: 2475
SPS: 2475
SPS: 2475
SPS: 2475
SPS: 2475
SPS: 2475
SPS: 2475
SPS: 2475
SPS: 2475
SPS: 2475
SPS: 2475
SPS: 2475
SPS: 2475
SPS: 2475
SPS: 2475
SPS: 2475
SPS: 2475
SPS: 2475
SPS: 2475
SPS: 2475
SPS: 2475
SPS: 2475
SPS: 2475
SPS: 2475
SPS: 2475
SPS: 2475
SPS: 2475
SPS: 2475
SPS: 2475
SPS: 2475
SPS: 2475
SPS: 2475
SPS: 2475
SPS: 2475
SPS: 2475
SPS: 2475
global_step=7662336, episodic_return=0.0 (n=128)
SPS: 2475
SPS: 2475
SPS: 2475
SPS: 2475
SPS: 2475
SPS: 2475
SPS: 2475
SPS: 2475
SPS: 2475
SPS: 2475
SPS: 2475
SPS: 2475
SPS: 2475
SPS: 2475
SPS: 2475
SPS: 2475
SPS: 2475
SPS: 2475
SPS: 2475
SPS: 2475
SPS: 2475
SPS: 2475
SPS: 2475
SPS: 2475
SPS: 2475
SPS: 2475
SPS: 2475
SPS: 2475
SPS: 2475
SPS: 2475
SPS: 2475
SPS: 2475
SPS: 2475
SPS: 2475
SPS: 2475
SPS: 2475
SPS: 2475
SPS: 2475
SPS: 2475
SPS: 2475
SPS: 2475
SPS: 2475
SPS: 2475
SPS: 2475
SPS: 2475
SPS: 2475
SPS: 2474
SPS: 2474
SPS: 2474
SPS: 2474
SPS: 2474
SPS: 2474
SPS: 2474
SPS: 2474
SPS: 2474
SPS: 2474
SPS: 2474
SPS: 2474
SPS: 2474
SPS: 2474
SPS: 2474
SPS: 2474
SPS: 2474
SPS: 2475
SPS: 2475
SPS: 2475
SPS: 2475
SPS: 2475
SPS: 2475
SPS: 2475
SPS: 2475
SPS: 2475
SPS: 2475
SPS: 2475
SPS: 2475
SPS: 2475
SPS: 2475
SPS: 2474
SPS: 2474
SPS: 2474
SPS: 2474
SPS: 2474
SPS: 2474
SPS: 2475
SPS: 2475
SPS: 2475
SPS: 2475
SPS: 2475
SPS: 2475
SPS: 2475
SPS: 2475
SPS: 2475
SPS: 2475
SPS: 2475
SPS: 2475
SPS: 2474
SPS: 2474
SPS: 2475
SPS: 2475
SPS: 2475
SPS: 2475
SPS: 2475
SPS: 2475
SPS: 2475
global_step=8087936, episodic_return=0.0 (n=128)
SPS: 2474
SPS: 2474
SPS: 2474
SPS: 2474
SPS: 2474
SPS: 2474
SPS: 2475
SPS: 2475
SPS: 2475
SPS: 2475
SPS: 2475
SPS: 2475
SPS: 2475
SPS: 2475
SPS: 2475
SPS: 2475
SPS: 2475
SPS: 2475
SPS: 2475
SPS: 2475
SPS: 2475
SPS: 2475
SPS: 2475
SPS: 2475
SPS: 2475
SPS: 2475
SPS: 2475
SPS: 2475
SPS: 2475
SPS: 2475
SPS: 2475
SPS: 2475
SPS: 2475
SPS: 2474
SPS: 2474
SPS: 2474
SPS: 2474
SPS: 2474
SPS: 2474
SPS: 2474
SPS: 2474
SPS: 2474
SPS: 2474
SPS: 2474
SPS: 2474
SPS: 2474
SPS: 2474
SPS: 2474
SPS: 2474
SPS: 2474
SPS: 2474
SPS: 2474
SPS: 2474
SPS: 2474
SPS: 2474
SPS: 2475
SPS: 2475
SPS: 2475
SPS: 2475
SPS: 2475
SPS: 2475
SPS: 2475
SPS: 2475
SPS: 2475
SPS: 2475
SPS: 2475
SPS: 2475
SPS: 2475
SPS: 2475
SPS: 2475
SPS: 2475
SPS: 2475
SPS: 2475
SPS: 2475
SPS: 2475
SPS: 2475
SPS: 2475
SPS: 2475
SPS: 2475
SPS: 2475
SPS: 2475
SPS: 2475
SPS: 2475
SPS: 2475
SPS: 2475
SPS: 2475
SPS: 2475
SPS: 2475
SPS: 2475
SPS: 2475
SPS: 2475
SPS: 2475
SPS: 2475
SPS: 2475
SPS: 2475
SPS: 2475
SPS: 2475
SPS: 2475
SPS: 2475
SPS: 2475
SPS: 2475
SPS: 2475
SPS: 2475
SPS: 2475
global_step=8513280, episodic_return=0.0 (n=128)
SPS: 2475
SPS: 2475
SPS: 2475
SPS: 2475
SPS: 2475
SPS: 2475
SPS: 2475
SPS: 2475
SPS: 2475
SPS: 2475
SPS: 2474
SPS: 2474
SPS: 2474
SPS: 2474
SPS: 2474
SPS: 2474
SPS: 2474
SPS: 2474
SPS: 2474
SPS: 2474
SPS: 2474
SPS: 2474
SPS: 2474
SPS: 2474
SPS: 2474
SPS: 2474
SPS: 2474
SPS: 2474
SPS: 2474
SPS: 2474
SPS: 2474
SPS: 2474
SPS: 2474
SPS: 2474
SPS: 2474
SPS: 2474
SPS: 2474
SPS: 2474
SPS: 2475
SPS: 2475
SPS: 2475
SPS: 2475
SPS: 2475
SPS: 2475
SPS: 2475
SPS: 2475
SPS: 2475
SPS: 2475
SPS: 2475
SPS: 2475
SPS: 2475
SPS: 2475
SPS: 2475
SPS: 2475
SPS: 2475
SPS: 2475
SPS: 2475
SPS: 2475
SPS: 2475
SPS: 2475
SPS: 2475
SPS: 2475
SPS: 2475
SPS: 2475
SPS: 2475
SPS: 2475
SPS: 2475
SPS: 2475
SPS: 2475
SPS: 2475
SPS: 2475
SPS: 2475
SPS: 2475
SPS: 2475
SPS: 2475
SPS: 2475
SPS: 2475
SPS: 2475
SPS: 2475
SPS: 2475
SPS: 2475
SPS: 2475
SPS: 2475
SPS: 2475
SPS: 2475
SPS: 2475
SPS: 2475
SPS: 2475
SPS: 2475
SPS: 2475
SPS: 2475
SPS: 2475
SPS: 2475
SPS: 2475
SPS: 2475
SPS: 2475
SPS: 2475
SPS: 2475
SPS: 2475
SPS: 2475
SPS: 2475
SPS: 2476
SPS: 2476
SPS: 2475
global_step=8939008, episodic_return=0.0 (n=128)
SPS: 2475
SPS: 2475
SPS: 2475
SPS: 2475
SPS: 2475
SPS: 2475
SPS: 2475
SPS: 2475
SPS: 2475
SPS: 2475
SPS: 2476
SPS: 2476
SPS: 2476
SPS: 2476
SPS: 2476
SPS: 2476
SPS: 2476
SPS: 2476
SPS: 2476
SPS: 2476
SPS: 2476
SPS: 2476
SPS: 2476
SPS: 2476
SPS: 2476
SPS: 2476
SPS: 2476
SPS: 2476
SPS: 2476
SPS: 2476
SPS: 2475
SPS: 2475
SPS: 2475
SPS: 2475
SPS: 2475
SPS: 2475
SPS: 2475
SPS: 2475
SPS: 2475
SPS: 2475
SPS: 2476
SPS: 2476
SPS: 2476
SPS: 2476
SPS: 2476
SPS: 2476
SPS: 2476
SPS: 2475
SPS: 2476
SPS: 2476
SPS: 2476
SPS: 2476
SPS: 2476
SPS: 2476
SPS: 2476
SPS: 2476
SPS: 2476
SPS: 2476
SPS: 2476
SPS: 2476
SPS: 2475
SPS: 2475
SPS: 2476
SPS: 2476
SPS: 2476
SPS: 2476
SPS: 2476
SPS: 2476
SPS: 2476
SPS: 2476
SPS: 2476
SPS: 2476
SPS: 2476
SPS: 2476
SPS: 2476
SPS: 2476
SPS: 2476
SPS: 2476
SPS: 2476
SPS: 2476
SPS: 2476
SPS: 2476
SPS: 2476
SPS: 2476
SPS: 2476
SPS: 2476
SPS: 2476
SPS: 2476
SPS: 2476
SPS: 2476
SPS: 2476
SPS: 2476
SPS: 2476
SPS: 2476
SPS: 2476
SPS: 2476
SPS: 2476
SPS: 2476
SPS: 2476
SPS: 2476
SPS: 2476
SPS: 2476
SPS: 2476
SPS: 2476
global_step=9364864, episodic_return=0.0 (n=128)
SPS: 2476
SPS: 2476
SPS: 2476
SPS: 2476
SPS: 2476
SPS: 2476
SPS: 2476
SPS: 2476
SPS: 2476
SPS: 2476
SPS: 2476
SPS: 2476
SPS: 2476
SPS: 2476
SPS: 2476
SPS: 2476
SPS: 2476
SPS: 2476
SPS: 2476
SPS: 2476
SPS: 2476
SPS: 2477
SPS: 2477
SPS: 2477
SPS: 2477
SPS: 2477
SPS: 2477
SPS: 2477
SPS: 2477
SPS: 2477
SPS: 2477
SPS: 2477
SPS: 2477
SPS: 2477
SPS: 2477
SPS: 2477
SPS: 2477
SPS: 2477
SPS: 2477
SPS: 2477
SPS: 2477
SPS: 2477
SPS: 2477
SPS: 2477
SPS: 2477
SPS: 2477
SPS: 2477
SPS: 2477
SPS: 2477
SPS: 2477
SPS: 2477
SPS: 2477
SPS: 2477
SPS: 2477
SPS: 2477
SPS: 2477
SPS: 2477
SPS: 2477
SPS: 2477
SPS: 2477
SPS: 2477
SPS: 2477
SPS: 2477
SPS: 2477
SPS: 2477
SPS: 2477
SPS: 2477
SPS: 2477
SPS: 2477
SPS: 2477
SPS: 2477
SPS: 2477
SPS: 2477
SPS: 2477
SPS: 2477
SPS: 2477
SPS: 2477
SPS: 2477
SPS: 2477
SPS: 2477
SPS: 2477
SPS: 2477
SPS: 2477
SPS: 2478
SPS: 2477
SPS: 2477
SPS: 2477
SPS: 2477
SPS: 2478
SPS: 2478
SPS: 2477
SPS: 2477
SPS: 2477
SPS: 2477
SPS: 2478
SPS: 2478
SPS: 2478
SPS: 2478
SPS: 2478
SPS: 2478
SPS: 2478
SPS: 2478
SPS: 2478
SPS: 2478
global_step=9790336, episodic_return=0.0 (n=128)
SPS: 2478
SPS: 2478
SPS: 2478
SPS: 2477
SPS: 2477
SPS: 2478
SPS: 2478
SPS: 2478
SPS: 2478
SPS: 2478
SPS: 2478
SPS: 2478
SPS: 2478
SPS: 2478
SPS: 2478
SPS: 2478
SPS: 2478
SPS: 2478
SPS: 2478
SPS: 2478
SPS: 2478
SPS: 2478
SPS: 2478
SPS: 2478
SPS: 2478
SPS: 2478
SPS: 2478
SPS: 2478
SPS: 2478
SPS: 2478
SPS: 2478
SPS: 2478
SPS: 2478
SPS: 2478
SPS: 2478
SPS: 2478
SPS: 2478
SPS: 2478
SPS: 2478
SPS: 2478
SPS: 2478
SPS: 2478
SPS: 2478
SPS: 2478
SPS: 2478
SPS: 2478
SPS: 2478
SPS: 2478
SPS: 2478
SPS: 2478
SPS: 2478
Results saved to /runs/h005__h005-enduro-s1.csv
