slurmstepd: error: couldn't chdir to `/home/rogercc/'/scratch/rogercc/cleanrl'': No such file or directory: going to /tmp instead
slurmstepd: error: couldn't chdir to `/home/rogercc/'/scratch/rogercc/cleanrl'': No such file or directory: going to /tmp instead
sending incremental file list
auto-cleanrl.sif

sent 4,938,043,512 bytes  received 35 bytes  282,173,916.97 bytes/sec
total size is 4,945,334,272  speedup is 1.00
/usr/local/lib/python3.10/dist-packages/treevalue/tree/integration/torch.py:23: FutureWarning: `torch.utils._pytree._register_pytree_node` is deprecated. Please use `torch.utils._pytree.register_pytree_node` instead.
  register_for_torch(TreeValue)
/usr/local/lib/python3.10/dist-packages/treevalue/tree/integration/torch.py:24: FutureWarning: `torch.utils._pytree._register_pytree_node` is deprecated. Please use `torch.utils._pytree.register_pytree_node` instead.
  register_for_torch(FastTreeValue)
Gym has been unmaintained since 2022 and does not support NumPy 2.0 amongst other critical functionality.
Please upgrade to Gymnasium, the maintained drop-in replacement of Gym, or contact the authors of your software and request that they upgrade.
See the migration guide at https://gymnasium.farama.org/introduction/migration_guide/ for additional information.
/usr/local/lib/python3.10/dist-packages/tyro/_parsers.py:353: UserWarning: The field `wandb-entity` is annotated with type `<class 'str'>`, but the default value `None` has type `<class 'NoneType'>`. We'll try to handle this gracefully, but it may cause unexpected behavior.
  warnings.warn(message)
/usr/local/lib/python3.10/dist-packages/tyro/_parsers.py:353: UserWarning: The field `target-kl` is annotated with type `<class 'float'>`, but the default value `None` has type `<class 'NoneType'>`. We'll try to handle this gracefully, but it may cause unexpected behavior.
  warnings.warn(message)
SPS: 1189
SPS: 1641
SPS: 1880
SPS: 2012
SPS: 2121
SPS: 2190
SPS: 2220
SPS: 2266
SPS: 2298
SPS: 2333
SPS: 2351
SPS: 2367
global_step=51328, episodic_return=250.0 (n=128)
SPS: 2385
SPS: 2399
SPS: 2419
SPS: 2436
SPS: 2448
SPS: 2463
SPS: 2464
SPS: 2460
global_step=82176, episodic_return=25.0 (n=128)
SPS: 2465
SPS: 2475
SPS: 2488
SPS: 2497
SPS: 2502
SPS: 2509
SPS: 2517
SPS: 2524
SPS: 2529
SPS: 2523
global_step=123136, episodic_return=75.0 (n=128)
SPS: 2526
SPS: 2532
SPS: 2532
SPS: 2538
SPS: 2545
SPS: 2547
SPS: 2553
SPS: 2558
SPS: 2563
global_step=163072, episodic_return=100.0 (n=128)
SPS: 2566
SPS: 2572
SPS: 2573
SPS: 2578
SPS: 2584
SPS: 2590
SPS: 2596
SPS: 2601
global_step=194944, episodic_return=50.0 (n=128)
SPS: 2607
SPS: 2611
SPS: 2615
SPS: 2618
SPS: 2621
SPS: 2621
SPS: 2624
SPS: 2627
SPS: 2631
SPS: 2633
global_step=233984, episodic_return=75.0 (n=128)
SPS: 2635
SPS: 2637
SPS: 2639
SPS: 2641
SPS: 2643
SPS: 2645
SPS: 2646
SPS: 2647
SPS: 2649
global_step=272000, episodic_return=25.0 (n=128)
SPS: 2650
SPS: 2650
SPS: 2650
SPS: 2650
SPS: 2651
SPS: 2652
SPS: 2652
SPS: 2651
SPS: 2653
global_step=308736, episodic_return=25.0 (n=128)
SPS: 2653
SPS: 2654
SPS: 2655
SPS: 2656
SPS: 2656
SPS: 2657
SPS: 2658
SPS: 2658
global_step=340864, episodic_return=50.0 (n=128)
SPS: 2659
SPS: 2660
SPS: 2661
SPS: 2661
SPS: 2663
SPS: 2664
SPS: 2664
SPS: 2665
SPS: 2663
SPS: 2663
global_step=383744, episodic_return=125.0 (n=128)
SPS: 2663
SPS: 2664
SPS: 2665
SPS: 2665
SPS: 2666
SPS: 2667
SPS: 2668
SPS: 2668
SPS: 2670
global_step=419072, episodic_return=125.0 (n=128)
SPS: 2669
SPS: 2669
SPS: 2669
SPS: 2669
SPS: 2669
SPS: 2669
SPS: 2667
SPS: 2667
SPS: 2668
SPS: 2669
SPS: 2671
SPS: 2671
SPS: 2671
SPS: 2671
SPS: 2672
SPS: 2673
SPS: 2674
SPS: 2675
SPS: 2676
global_step=496768, episodic_return=825.0 (n=128)
SPS: 2676
SPS: 2676
SPS: 2676
SPS: 2675
SPS: 2676
SPS: 2677
SPS: 2677
SPS: 2678
global_step=530688, episodic_return=100.0 (n=128)
SPS: 2678
SPS: 2679
SPS: 2680
SPS: 2681
SPS: 2681
SPS: 2682
SPS: 2683
SPS: 2683
SPS: 2683
SPS: 2685
SPS: 2686
SPS: 2687
SPS: 2688
global_step=581888, episodic_return=275.0 (n=128)
SPS: 2689
SPS: 2689
SPS: 2689
SPS: 2690
SPS: 2690
SPS: 2690
SPS: 2691
SPS: 2691
SPS: 2691
global_step=621696, episodic_return=125.0 (n=128)
SPS: 2691
SPS: 2691
SPS: 2692
SPS: 2692
SPS: 2692
SPS: 2692
SPS: 2692
SPS: 2692
SPS: 2692
SPS: 2692
SPS: 2692
global_step=664320, episodic_return=250.0 (n=128)
SPS: 2693
SPS: 2693
SPS: 2693
SPS: 2693
SPS: 2693
SPS: 2693
SPS: 2693
SPS: 2693
global_step=697984, episodic_return=75.0 (n=128)
SPS: 2692
SPS: 2692
SPS: 2692
SPS: 2693
SPS: 2693
SPS: 2693
SPS: 2694
SPS: 2694
SPS: 2695
SPS: 2694
global_step=737664, episodic_return=50.0 (n=128)
SPS: 2694
SPS: 2695
SPS: 2696
SPS: 2696
SPS: 2696
SPS: 2696
SPS: 2696
SPS: 2696
global_step=774016, episodic_return=50.0 (n=128)
SPS: 2696
SPS: 2696
SPS: 2696
SPS: 2696
SPS: 2697
SPS: 2697
SPS: 2697
SPS: 2697
SPS: 2697
SPS: 2697
SPS: 2698
global_step=818688, episodic_return=150.0 (n=128)
SPS: 2698
SPS: 2699
SPS: 2699
SPS: 2699
SPS: 2700
SPS: 2700
SPS: 2700
SPS: 2700
SPS: 2700
SPS: 2699
SPS: 2699
SPS: 2699
SPS: 2699
global_step=872192, episodic_return=325.0 (n=128)
SPS: 2699
SPS: 2700
SPS: 2699
SPS: 2699
SPS: 2699
SPS: 2699
SPS: 2699
SPS: 2700
SPS: 2699
SPS: 2699
global_step=909824, episodic_return=50.0 (n=128)
SPS: 2699
SPS: 2699
SPS: 2699
SPS: 2699
SPS: 2698
SPS: 2698
SPS: 2698
SPS: 2699
SPS: 2699
SPS: 2699
SPS: 2699
global_step=954880, episodic_return=200.0 (n=128)
SPS: 2700
SPS: 2701
SPS: 2701
SPS: 2702
SPS: 2703
SPS: 2703
SPS: 2704
SPS: 2704
SPS: 2705
SPS: 2705
global_step=998400, episodic_return=200.0 (n=128)
SPS: 2706
SPS: 2706
SPS: 2707
SPS: 2707
SPS: 2707
SPS: 2707
SPS: 2708
SPS: 2708
SPS: 2708
global_step=1032576, episodic_return=50.0 (n=128)
SPS: 2707
SPS: 2707
SPS: 2707
SPS: 2707
SPS: 2707
SPS: 2707
SPS: 2707
SPS: 2707
SPS: 2707
SPS: 2706
global_step=1074432, episodic_return=100.0 (n=128)
SPS: 2706
SPS: 2706
SPS: 2707
SPS: 2707
SPS: 2706
SPS: 2706
SPS: 2706
SPS: 2706
SPS: 2706
SPS: 2706
SPS: 2706
global_step=1119872, episodic_return=200.0 (n=128)
SPS: 2706
SPS: 2706
SPS: 2706
SPS: 2706
SPS: 2706
SPS: 2706
SPS: 2706
SPS: 2706
SPS: 2706
SPS: 2706
global_step=1160320, episodic_return=150.0 (n=128)
SPS: 2707
SPS: 2706
SPS: 2706
SPS: 2706
SPS: 2705
SPS: 2705
SPS: 2705
SPS: 2706
SPS: 2706
global_step=1196800, episodic_return=25.0 (n=128)
SPS: 2706
SPS: 2707
SPS: 2707
SPS: 2708
SPS: 2708
SPS: 2708
SPS: 2709
SPS: 2709
SPS: 2709
SPS: 2710
global_step=1237888, episodic_return=125.0 (n=128)
SPS: 2710
SPS: 2711
SPS: 2711
SPS: 2712
SPS: 2712
SPS: 2712
SPS: 2713
SPS: 2713
global_step=1273600, episodic_return=25.0 (n=128)
SPS: 2713
SPS: 2714
SPS: 2714
SPS: 2714
SPS: 2715
SPS: 2715
SPS: 2715
SPS: 2716
SPS: 2716
SPS: 2716
SPS: 2716
global_step=1318272, episodic_return=275.0 (n=128)
SPS: 2716
SPS: 2716
SPS: 2716
SPS: 2717
SPS: 2717
SPS: 2717
SPS: 2717
SPS: 2717
SPS: 2718
global_step=1353984, episodic_return=25.0 (n=128)
SPS: 2718
SPS: 2717
SPS: 2718
SPS: 2718
SPS: 2718
SPS: 2719
SPS: 2719
SPS: 2720
SPS: 2720
SPS: 2720
global_step=1393280, episodic_return=100.0 (n=128)
SPS: 2719
SPS: 2719
SPS: 2719
SPS: 2720
SPS: 2720
SPS: 2720
SPS: 2721
SPS: 2721
SPS: 2721
global_step=1432320, episodic_return=125.0 (n=128)
SPS: 2722
SPS: 2722
SPS: 2722
SPS: 2722
SPS: 2722
SPS: 2722
SPS: 2723
SPS: 2723
SPS: 2723
SPS: 2724
SPS: 2724
SPS: 2724
SPS: 2724
SPS: 2725
global_step=1487872, episodic_return=300.0 (n=128)
SPS: 2725
SPS: 2725
SPS: 2725
SPS: 2725
SPS: 2725
SPS: 2726
SPS: 2726
SPS: 2726
SPS: 2726
SPS: 2727
SPS: 2727
SPS: 2727
SPS: 2727
SPS: 2727
global_step=1544576, episodic_return=250.0 (n=128)
SPS: 2727
SPS: 2727
SPS: 2728
SPS: 2728
SPS: 2728
SPS: 2728
SPS: 2729
SPS: 2729
SPS: 2729
SPS: 2730
SPS: 2730
SPS: 2730
SPS: 2730
SPS: 2731
global_step=1602432, episodic_return=300.0 (n=128)
SPS: 2731
SPS: 2731
SPS: 2732
SPS: 2732
SPS: 2732
SPS: 2732
SPS: 2733
SPS: 2733
SPS: 2733
global_step=1640064, episodic_return=50.0 (n=128)
SPS: 2733
SPS: 2733
SPS: 2734
SPS: 2734
SPS: 2734
SPS: 2734
SPS: 2734
SPS: 2735
SPS: 2735
global_step=1677568, episodic_return=50.0 (n=128)
SPS: 2735
SPS: 2735
SPS: 2736
SPS: 2736
SPS: 2736
SPS: 2737
SPS: 2737
SPS: 2737
SPS: 2737
SPS: 2738
SPS: 2738
global_step=1721344, episodic_return=200.0 (n=128)
SPS: 2738
SPS: 2738
SPS: 2738
SPS: 2738
SPS: 2738
SPS: 2738
SPS: 2738
SPS: 2738
SPS: 2738
SPS: 2739
SPS: 2739
SPS: 2739
SPS: 2739
SPS: 2739
global_step=1779712, episodic_return=250.0 (n=128)
SPS: 2739
SPS: 2739
SPS: 2740
SPS: 2739
SPS: 2739
SPS: 2739
SPS: 2740
SPS: 2740
SPS: 2740
SPS: 2740
global_step=1822464, episodic_return=125.0 (n=128)
SPS: 2741
SPS: 2741
SPS: 2741
SPS: 2741
SPS: 2742
SPS: 2742
SPS: 2742
SPS: 2742
SPS: 2742
SPS: 2743
global_step=1861504, episodic_return=150.0 (n=128)
SPS: 2743
SPS: 2743
SPS: 2743
SPS: 2743
SPS: 2743
SPS: 2743
SPS: 2744
SPS: 2744
SPS: 2744
SPS: 2744
SPS: 2744
SPS: 2744
SPS: 2745
global_step=1915008, episodic_return=325.0 (n=128)
SPS: 2745
SPS: 2745
SPS: 2745
SPS: 2745
SPS: 2745
SPS: 2746
SPS: 2746
SPS: 2746
SPS: 2746
SPS: 2746
SPS: 2746
SPS: 2747
global_step=1964160, episodic_return=200.0 (n=128)
SPS: 2747
SPS: 2747
SPS: 2747
SPS: 2747
SPS: 2747
SPS: 2747
SPS: 2747
SPS: 2748
SPS: 2747
SPS: 2747
SPS: 2747
SPS: 2748
global_step=2013056, episodic_return=300.0 (n=128)
SPS: 2748
SPS: 2748
SPS: 2748
SPS: 2748
SPS: 2748
SPS: 2748
SPS: 2748
SPS: 2748
SPS: 2749
SPS: 2749
global_step=2052736, episodic_return=75.0 (n=128)
SPS: 2749
SPS: 2749
SPS: 2749
SPS: 2750
SPS: 2750
SPS: 2750
SPS: 2750
SPS: 2750
SPS: 2751
global_step=2089600, episodic_return=50.0 (n=128)
SPS: 2751
SPS: 2751
SPS: 2751
SPS: 2751
SPS: 2751
SPS: 2751
SPS: 2751
SPS: 2751
SPS: 2751
SPS: 2751
SPS: 2752
global_step=2135040, episodic_return=200.0 (n=128)
SPS: 2752
SPS: 2752
SPS: 2752
SPS: 2752
SPS: 2752
SPS: 2752
SPS: 2753
global_step=2165888, episodic_return=50.0 (n=128)
SPS: 2753
SPS: 2753
SPS: 2753
SPS: 2752
SPS: 2752
SPS: 2752
SPS: 2753
SPS: 2753
SPS: 2753
global_step=2203392, episodic_return=200.0 (n=128)
SPS: 2753
SPS: 2753
SPS: 2752
SPS: 2752
SPS: 2752
SPS: 2752
SPS: 2752
SPS: 2752
SPS: 2752
global_step=2237312, episodic_return=0.0 (n=128)
SPS: 2752
SPS: 2753
SPS: 2753
SPS: 2753
SPS: 2753
SPS: 2753
SPS: 2753
SPS: 2753
SPS: 2753
global_step=2277248, episodic_return=100.0 (n=128)
SPS: 2754
SPS: 2754
SPS: 2754
SPS: 2754
SPS: 2754
SPS: 2754
SPS: 2754
SPS: 2754
SPS: 2754
global_step=2311936, episodic_return=0.0 (n=128)
SPS: 2754
SPS: 2754
SPS: 2754
SPS: 2754
SPS: 2754
SPS: 2754
SPS: 2754
SPS: 2754
global_step=2346240, episodic_return=100.0 (n=128)
SPS: 2754
SPS: 2754
SPS: 2754
SPS: 2755
SPS: 2755
SPS: 2755
SPS: 2755
SPS: 2755
SPS: 2755
SPS: 2755
SPS: 2756
SPS: 2756
global_step=2392448, episodic_return=175.0 (n=128)
SPS: 2756
SPS: 2756
SPS: 2756
SPS: 2755
SPS: 2755
SPS: 2756
SPS: 2756
SPS: 2756
SPS: 2756
SPS: 2756
SPS: 2756
global_step=2437632, episodic_return=200.0 (n=128)
SPS: 2756
SPS: 2756
SPS: 2756
SPS: 2756
SPS: 2756
SPS: 2756
SPS: 2756
SPS: 2756
SPS: 2756
global_step=2474880, episodic_return=175.0 (n=128)
SPS: 2756
SPS: 2756
SPS: 2756
SPS: 2756
SPS: 2756
SPS: 2756
SPS: 2756
SPS: 2757
SPS: 2757
SPS: 2757
SPS: 2757
SPS: 2757
SPS: 2757
SPS: 2757
SPS: 2757
global_step=2539520, episodic_return=350.0 (n=128)
SPS: 2757
SPS: 2757
SPS: 2757
SPS: 2757
SPS: 2757
SPS: 2757
SPS: 2756
SPS: 2756
global_step=2571264, episodic_return=50.0 (n=128)
SPS: 2756
SPS: 2756
SPS: 2756
SPS: 2756
SPS: 2756
SPS: 2756
SPS: 2756
SPS: 2756
SPS: 2756
SPS: 2756
SPS: 2755
SPS: 2755
SPS: 2755
global_step=2625280, episodic_return=250.0 (n=128)
SPS: 2755
SPS: 2755
SPS: 2755
SPS: 2754
SPS: 2754
SPS: 2754
SPS: 2754
SPS: 2754
SPS: 2754
SPS: 2754
SPS: 2754
SPS: 2754
SPS: 2754
SPS: 2754
global_step=2681344, episodic_return=700.0 (n=128)
SPS: 2754
SPS: 2755
SPS: 2755
SPS: 2755
SPS: 2754
SPS: 2754
SPS: 2754
global_step=2711168, episodic_return=50.0 (n=128)
SPS: 2754
SPS: 2754
SPS: 2754
SPS: 2754
SPS: 2754
SPS: 2754
SPS: 2754
SPS: 2755
SPS: 2755
SPS: 2755
global_step=2749184, episodic_return=50.0 (n=128)
SPS: 2755
SPS: 2755
SPS: 2755
SPS: 2755
SPS: 2755
SPS: 2755
SPS: 2755
SPS: 2755
SPS: 2755
SPS: 2755
SPS: 2755
global_step=2794752, episodic_return=225.0 (n=128)
SPS: 2755
SPS: 2755
SPS: 2754
SPS: 2754
SPS: 2754
SPS: 2754
SPS: 2754
global_step=2825856, episodic_return=75.0 (n=128)
SPS: 2754
SPS: 2754
SPS: 2754
SPS: 2754
SPS: 2754
SPS: 2754
SPS: 2754
SPS: 2754
SPS: 2754
SPS: 2754
SPS: 2754
global_step=2868480, episodic_return=175.0 (n=128)
SPS: 2754
SPS: 2754
SPS: 2754
SPS: 2754
SPS: 2754
SPS: 2754
SPS: 2754
SPS: 2754
SPS: 2753
SPS: 2753
global_step=2910720, episodic_return=275.0 (n=128)
SPS: 2753
SPS: 2753
SPS: 2753
SPS: 2753
SPS: 2753
SPS: 2753
SPS: 2753
SPS: 2753
SPS: 2753
SPS: 2753
global_step=2949632, episodic_return=75.0 (n=128)
SPS: 2753
SPS: 2753
SPS: 2753
SPS: 2753
SPS: 2753
SPS: 2753
SPS: 2753
SPS: 2753
SPS: 2753
SPS: 2753
SPS: 2753
global_step=2996224, episodic_return=200.0 (n=128)
SPS: 2753
SPS: 2753
SPS: 2753
SPS: 2753
SPS: 2753
SPS: 2753
SPS: 2753
SPS: 2753
SPS: 2753
SPS: 2753
SPS: 2753
SPS: 2753
SPS: 2753
global_step=3048576, episodic_return=250.0 (n=128)
SPS: 2753
SPS: 2753
SPS: 2753
SPS: 2753
SPS: 2752
SPS: 2752
SPS: 2752
SPS: 2752
SPS: 2752
SPS: 2752
SPS: 2752
global_step=3093376, episodic_return=275.0 (n=128)
SPS: 2752
SPS: 2752
SPS: 2752
SPS: 2752
SPS: 2752
SPS: 2752
SPS: 2752
SPS: 2752
SPS: 2752
SPS: 2751
global_step=3137536, episodic_return=150.0 (n=128)
SPS: 2751
SPS: 2751
SPS: 2751
SPS: 2751
SPS: 2751
SPS: 2751
SPS: 2751
SPS: 2751
SPS: 2751
SPS: 2751
SPS: 2751
SPS: 2751
SPS: 2752
SPS: 2752
SPS: 2752
SPS: 2752
global_step=3201152, episodic_return=250.0 (n=128)
SPS: 2752
SPS: 2752
SPS: 2752
SPS: 2752
SPS: 2752
SPS: 2752
SPS: 2752
SPS: 2752
SPS: 2752
global_step=3238528, episodic_return=50.0 (n=128)
SPS: 2752
SPS: 2752
SPS: 2752
SPS: 2752
SPS: 2752
SPS: 2752
SPS: 2751
SPS: 2752
SPS: 2751
global_step=3275648, episodic_return=25.0 (n=128)
SPS: 2751
SPS: 2752
SPS: 2752
SPS: 2752
SPS: 2752
SPS: 2752
SPS: 2752
SPS: 2752
SPS: 2752
SPS: 2752
SPS: 2752
global_step=3318656, episodic_return=250.0 (n=128)
SPS: 2753
SPS: 2753
SPS: 2753
SPS: 2753
SPS: 2753
SPS: 2753
SPS: 2753
SPS: 2753
SPS: 2753
SPS: 2753
SPS: 2753
SPS: 2754
SPS: 2754
SPS: 2754
SPS: 2754
global_step=3383040, episodic_return=600.0 (n=128)
SPS: 2754
SPS: 2754
SPS: 2754
SPS: 2754
SPS: 2754
SPS: 2754
SPS: 2754
SPS: 2754
SPS: 2754
SPS: 2754
global_step=3422720, episodic_return=175.0 (n=128)
SPS: 2754
SPS: 2754
SPS: 2754
SPS: 2754
SPS: 2754
SPS: 2754
SPS: 2754
SPS: 2754
SPS: 2754
global_step=3458816, episodic_return=25.0 (n=128)
SPS: 2754
SPS: 2754
SPS: 2754
SPS: 2754
SPS: 2754
SPS: 2754
SPS: 2754
SPS: 2754
global_step=3493376, episodic_return=25.0 (n=128)
SPS: 2754
SPS: 2754
SPS: 2754
SPS: 2754
SPS: 2754
SPS: 2754
SPS: 2754
SPS: 2754
SPS: 2754
SPS: 2754
global_step=3532928, episodic_return=125.0 (n=128)
SPS: 2754
SPS: 2754
SPS: 2754
SPS: 2754
SPS: 2754
SPS: 2755
SPS: 2755
SPS: 2755
SPS: 2755
SPS: 2755
SPS: 2755
global_step=3576064, episodic_return=125.0 (n=128)
SPS: 2755
SPS: 2755
SPS: 2755
SPS: 2755
SPS: 2755
SPS: 2756
SPS: 2756
SPS: 2756
SPS: 2756
SPS: 2756
SPS: 2756
SPS: 2756
SPS: 2756
global_step=3629184, episodic_return=300.0 (n=128)
SPS: 2756
SPS: 2756
SPS: 2756
SPS: 2757
SPS: 2757
SPS: 2757
SPS: 2757
SPS: 2757
global_step=3665536, episodic_return=50.0 (n=128)
SPS: 2757
SPS: 2757
SPS: 2757
SPS: 2757
SPS: 2757
SPS: 2757
SPS: 2758
SPS: 2758
SPS: 2758
SPS: 2758
SPS: 2758
global_step=3707904, episodic_return=200.0 (n=128)
SPS: 2758
SPS: 2758
SPS: 2758
SPS: 2758
SPS: 2758
SPS: 2759
SPS: 2759
SPS: 2759
SPS: 2759
SPS: 2759
SPS: 2759
global_step=3752960, episodic_return=175.0 (n=128)
SPS: 2759
SPS: 2759
SPS: 2759
SPS: 2759
SPS: 2759
SPS: 2759
SPS: 2759
SPS: 2759
SPS: 2759
global_step=3789952, episodic_return=100.0 (n=128)
SPS: 2759
SPS: 2759
SPS: 2759
SPS: 2759
SPS: 2759
SPS: 2759
SPS: 2759
SPS: 2759
global_step=3823872, episodic_return=100.0 (n=128)
SPS: 2759
SPS: 2759
SPS: 2759
SPS: 2759
SPS: 2759
SPS: 2759
SPS: 2759
SPS: 2759
global_step=3855616, episodic_return=50.0 (n=128)
SPS: 2760
SPS: 2760
SPS: 2760
SPS: 2760
SPS: 2760
SPS: 2760
SPS: 2760
SPS: 2760
SPS: 2760
global_step=3894528, episodic_return=75.0 (n=128)
SPS: 2760
SPS: 2760
SPS: 2760
SPS: 2760
SPS: 2760
SPS: 2760
SPS: 2760
SPS: 2760
SPS: 2760
SPS: 2760
global_step=3934592, episodic_return=50.0 (n=128)
SPS: 2759
SPS: 2759
SPS: 2759
SPS: 2759
SPS: 2759
SPS: 2759
SPS: 2759
SPS: 2759
SPS: 2759
SPS: 2759
global_step=3975424, episodic_return=75.0 (n=128)
SPS: 2759
SPS: 2759
SPS: 2759
SPS: 2759
SPS: 2759
SPS: 2759
SPS: 2759
SPS: 2759
SPS: 2759
global_step=4014080, episodic_return=150.0 (n=128)
SPS: 2759
SPS: 2759
SPS: 2759
SPS: 2759
SPS: 2759
SPS: 2759
SPS: 2759
SPS: 2759
SPS: 2760
SPS: 2760
SPS: 2760
global_step=4058112, episodic_return=100.0 (n=128)
SPS: 2760
SPS: 2760
SPS: 2760
SPS: 2760
SPS: 2760
SPS: 2760
SPS: 2760
SPS: 2760
SPS: 2760
SPS: 2760
global_step=4096896, episodic_return=100.0 (n=128)
SPS: 2760
SPS: 2760
SPS: 2761
SPS: 2761
SPS: 2761
SPS: 2761
SPS: 2761
SPS: 2761
SPS: 2761
global_step=4134272, episodic_return=125.0 (n=128)
SPS: 2761
SPS: 2761
SPS: 2761
SPS: 2761
SPS: 2761
SPS: 2761
SPS: 2761
SPS: 2761
SPS: 2761
SPS: 2761
SPS: 2761
SPS: 2761
global_step=4185344, episodic_return=500.0 (n=128)
SPS: 2761
SPS: 2761
SPS: 2761
SPS: 2761
SPS: 2761
SPS: 2761
SPS: 2762
SPS: 2762
SPS: 2762
SPS: 2762
SPS: 2762
SPS: 2762
global_step=4234752, episodic_return=300.0 (n=128)
SPS: 2762
SPS: 2762
SPS: 2762
SPS: 2762
SPS: 2763
SPS: 2763
SPS: 2763
SPS: 2763
SPS: 2763
global_step=4269440, episodic_return=0.0 (n=128)
SPS: 2763
SPS: 2763
SPS: 2763
SPS: 2763
SPS: 2763
SPS: 2763
SPS: 2763
SPS: 2763
SPS: 2763
global_step=4307712, episodic_return=50.0 (n=128)
SPS: 2763
SPS: 2763
SPS: 2763
SPS: 2764
SPS: 2764
SPS: 2764
SPS: 2764
SPS: 2764
SPS: 2764
SPS: 2764
SPS: 2764
SPS: 2764
global_step=4356096, episodic_return=250.0 (n=128)
SPS: 2764
SPS: 2764
SPS: 2764
SPS: 2764
SPS: 2764
SPS: 2764
SPS: 2764
SPS: 2765
SPS: 2765
SPS: 2765
SPS: 2765
SPS: 2765
SPS: 2765
global_step=4409856, episodic_return=250.0 (n=128)
SPS: 2765
SPS: 2765
SPS: 2765
SPS: 2765
SPS: 2765
SPS: 2765
SPS: 2765
SPS: 2766
SPS: 2766
SPS: 2766
SPS: 2766
global_step=4456064, episodic_return=500.0 (n=128)
SPS: 2766
SPS: 2766
SPS: 2766
SPS: 2766
SPS: 2766
SPS: 2766
SPS: 2766
SPS: 2766
SPS: 2766
SPS: 2766
SPS: 2766
SPS: 2766
SPS: 2766
global_step=4508928, episodic_return=250.0 (n=128)
SPS: 2766
SPS: 2767
SPS: 2767
SPS: 2767
SPS: 2767
SPS: 2767
SPS: 2767
SPS: 2767
SPS: 2767
SPS: 2767
SPS: 2767
global_step=4552192, episodic_return=100.0 (n=128)
SPS: 2767
SPS: 2767
SPS: 2768
SPS: 2768
SPS: 2768
SPS: 2768
SPS: 2768
SPS: 2768
SPS: 2768
global_step=4588288, episodic_return=0.0 (n=128)
SPS: 2768
SPS: 2768
SPS: 2768
SPS: 2768
SPS: 2768
SPS: 2768
SPS: 2768
SPS: 2768
SPS: 2769
global_step=4627840, episodic_return=125.0 (n=128)
SPS: 2769
SPS: 2769
SPS: 2769
SPS: 2769
SPS: 2769
SPS: 2769
SPS: 2769
SPS: 2769
SPS: 2769
SPS: 2769
SPS: 2769
global_step=4670976, episodic_return=100.0 (n=128)
SPS: 2769
SPS: 2769
SPS: 2769
SPS: 2769
SPS: 2769
SPS: 2769
SPS: 2769
SPS: 2770
SPS: 2770
SPS: 2770
SPS: 2770
SPS: 2770
global_step=4718720, episodic_return=225.0 (n=128)
SPS: 2770
SPS: 2770
SPS: 2770
SPS: 2770
SPS: 2770
SPS: 2770
SPS: 2770
SPS: 2770
SPS: 2770
SPS: 2771
SPS: 2770
SPS: 2771
global_step=4771584, episodic_return=175.0 (n=128)
SPS: 2771
SPS: 2771
SPS: 2771
SPS: 2771
SPS: 2771
SPS: 2771
SPS: 2771
SPS: 2771
SPS: 2771
SPS: 2771
SPS: 2771
global_step=4813184, episodic_return=125.0 (n=128)
SPS: 2771
SPS: 2771
SPS: 2771
SPS: 2771
SPS: 2772
SPS: 2772
SPS: 2772
SPS: 2772
SPS: 2772
SPS: 2772
SPS: 2772
SPS: 2772
global_step=4862080, episodic_return=275.0 (n=128)
SPS: 2772
SPS: 2772
SPS: 2772
SPS: 2772
SPS: 2772
SPS: 2772
SPS: 2772
SPS: 2773
SPS: 2773
global_step=4902912, episodic_return=150.0 (n=128)
SPS: 2773
SPS: 2773
SPS: 2773
SPS: 2773
SPS: 2773
SPS: 2773
SPS: 2773
SPS: 2773
SPS: 2773
SPS: 2773
global_step=4940672, episodic_return=50.0 (n=128)
SPS: 2773
SPS: 2773
SPS: 2773
SPS: 2773
SPS: 2773
SPS: 2774
SPS: 2774
SPS: 2774
global_step=4974464, episodic_return=50.0 (n=128)
SPS: 2774
SPS: 2774
SPS: 2774
SPS: 2774
SPS: 2774
SPS: 2774
SPS: 2774
SPS: 2774
SPS: 2774
SPS: 2774
SPS: 2774
SPS: 2774
SPS: 2774
SPS: 2774
global_step=5031936, episodic_return=250.0 (n=128)
SPS: 2775
SPS: 2775
SPS: 2775
SPS: 2775
SPS: 2775
SPS: 2775
SPS: 2775
SPS: 2775
SPS: 2775
SPS: 2775
global_step=5070976, episodic_return=100.0 (n=128)
SPS: 2775
SPS: 2775
SPS: 2775
SPS: 2775
SPS: 2775
SPS: 2775
SPS: 2775
SPS: 2775
SPS: 2776
global_step=5108736, episodic_return=150.0 (n=128)
SPS: 2776
SPS: 2776
SPS: 2776
SPS: 2776
SPS: 2776
SPS: 2776
SPS: 2776
SPS: 2776
SPS: 2776
SPS: 2776
global_step=5149952, episodic_return=100.0 (n=128)
SPS: 2776
SPS: 2776
SPS: 2776
SPS: 2777
SPS: 2777
SPS: 2777
SPS: 2777
SPS: 2777
SPS: 2777
SPS: 2777
global_step=5191552, episodic_return=125.0 (n=128)
SPS: 2777
SPS: 2777
SPS: 2777
SPS: 2777
SPS: 2777
SPS: 2777
SPS: 2777
SPS: 2777
SPS: 2777
global_step=5230208, episodic_return=175.0 (n=128)
SPS: 2777
SPS: 2777
SPS: 2777
SPS: 2777
SPS: 2777
SPS: 2777
SPS: 2777
SPS: 2777
SPS: 2778
SPS: 2778
SPS: 2778
global_step=5271680, episodic_return=175.0 (n=128)
SPS: 2778
SPS: 2778
SPS: 2778
SPS: 2778
SPS: 2778
SPS: 2778
SPS: 2778
SPS: 2778
SPS: 2778
global_step=5309952, episodic_return=75.0 (n=128)
SPS: 2778
SPS: 2778
SPS: 2778
SPS: 2778
SPS: 2778
SPS: 2779
SPS: 2779
SPS: 2779
global_step=5341824, episodic_return=75.0 (n=128)
SPS: 2779
SPS: 2779
SPS: 2779
SPS: 2779
SPS: 2779
SPS: 2779
SPS: 2779
SPS: 2779
SPS: 2779
global_step=5382144, episodic_return=125.0 (n=128)
SPS: 2779
SPS: 2779
SPS: 2779
SPS: 2779
SPS: 2779
SPS: 2779
SPS: 2779
SPS: 2779
SPS: 2779
SPS: 2779
SPS: 2779
global_step=5423872, episodic_return=425.0 (n=128)
SPS: 2779
SPS: 2779
SPS: 2779
SPS: 2779
SPS: 2779
SPS: 2779
SPS: 2779
SPS: 2779
global_step=5457792, episodic_return=75.0 (n=128)
SPS: 2780
SPS: 2780
SPS: 2780
SPS: 2780
SPS: 2780
SPS: 2780
SPS: 2780
SPS: 2780
SPS: 2780
SPS: 2780
SPS: 2780
global_step=5503360, episodic_return=450.0 (n=128)
SPS: 2780
SPS: 2780
SPS: 2780
SPS: 2780
SPS: 2780
SPS: 2780
SPS: 2780
SPS: 2780
SPS: 2780
SPS: 2780
global_step=5543424, episodic_return=150.0 (n=128)
SPS: 2780
SPS: 2780
SPS: 2780
SPS: 2780
SPS: 2780
SPS: 2780
SPS: 2780
SPS: 2780
SPS: 2780
global_step=5580544, episodic_return=100.0 (n=128)
SPS: 2780
SPS: 2780
SPS: 2780
SPS: 2780
SPS: 2780
SPS: 2780
SPS: 2780
SPS: 2780
SPS: 2780
SPS: 2780
global_step=5623296, episodic_return=400.0 (n=128)
SPS: 2780
SPS: 2780
SPS: 2780
SPS: 2780
SPS: 2780
SPS: 2780
SPS: 2780
SPS: 2780
SPS: 2781
global_step=5659776, episodic_return=150.0 (n=128)
SPS: 2781
SPS: 2781
SPS: 2781
SPS: 2781
SPS: 2781
SPS: 2781
SPS: 2781
SPS: 2781
SPS: 2781
global_step=5694592, episodic_return=225.0 (n=128)
SPS: 2781
SPS: 2781
SPS: 2781
SPS: 2781
SPS: 2781
SPS: 2781
SPS: 2781
SPS: 2781
SPS: 2781
SPS: 2781
SPS: 2781
SPS: 2781
global_step=5746688, episodic_return=275.0 (n=128)
SPS: 2781
SPS: 2782
SPS: 2782
SPS: 2782
SPS: 2782
SPS: 2782
SPS: 2782
SPS: 2782
global_step=5778688, episodic_return=125.0 (n=128)
SPS: 2782
SPS: 2782
SPS: 2782
SPS: 2782
SPS: 2782
SPS: 2782
SPS: 2782
SPS: 2782
SPS: 2782
SPS: 2782
SPS: 2782
SPS: 2782
global_step=5825920, episodic_return=275.0 (n=128)
SPS: 2782
SPS: 2782
SPS: 2782
SPS: 2783
SPS: 2783
SPS: 2783
SPS: 2783
SPS: 2783
SPS: 2783
global_step=5864192, episodic_return=175.0 (n=128)
SPS: 2783
SPS: 2783
SPS: 2783
SPS: 2783
SPS: 2783
SPS: 2783
SPS: 2783
SPS: 2783
SPS: 2783
SPS: 2783
SPS: 2783
SPS: 2783
global_step=5911808, episodic_return=350.0 (n=128)
SPS: 2783
SPS: 2783
SPS: 2784
SPS: 2784
SPS: 2784
SPS: 2784
SPS: 2784
SPS: 2784
global_step=5944576, episodic_return=150.0 (n=128)
SPS: 2784
SPS: 2784
SPS: 2784
SPS: 2784
SPS: 2784
SPS: 2784
SPS: 2784
global_step=5976064, episodic_return=25.0 (n=128)
SPS: 2784
SPS: 2784
SPS: 2784
SPS: 2784
SPS: 2784
SPS: 2785
SPS: 2785
SPS: 2785
SPS: 2785
global_step=6012288, episodic_return=25.0 (n=128)
SPS: 2785
SPS: 2785
SPS: 2785
SPS: 2785
SPS: 2785
SPS: 2785
SPS: 2785
SPS: 2785
SPS: 2785
global_step=6049408, episodic_return=200.0 (n=128)
SPS: 2785
SPS: 2785
SPS: 2785
SPS: 2785
SPS: 2785
SPS: 2786
SPS: 2786
SPS: 2786
SPS: 2786
global_step=6086144, episodic_return=25.0 (n=128)
SPS: 2786
SPS: 2786
SPS: 2786
SPS: 2786
SPS: 2786
SPS: 2786
SPS: 2786
SPS: 2786
SPS: 2786
global_step=6119936, episodic_return=75.0 (n=128)
SPS: 2786
SPS: 2786
SPS: 2786
SPS: 2786
SPS: 2786
SPS: 2786
SPS: 2786
SPS: 2786
SPS: 2786
SPS: 2786
global_step=6161536, episodic_return=175.0 (n=128)
SPS: 2786
SPS: 2786
SPS: 2786
SPS: 2786
SPS: 2786
SPS: 2787
SPS: 2787
SPS: 2787
SPS: 2787
global_step=6199552, episodic_return=50.0 (n=128)
SPS: 2787
SPS: 2787
SPS: 2787
SPS: 2787
SPS: 2787
SPS: 2787
SPS: 2787
SPS: 2787
global_step=6230272, episodic_return=50.0 (n=128)
SPS: 2787
SPS: 2787
SPS: 2787
SPS: 2787
SPS: 2787
SPS: 2787
SPS: 2787
SPS: 2787
SPS: 2788
global_step=6269824, episodic_return=50.0 (n=128)
SPS: 2788
SPS: 2788
SPS: 2788
SPS: 2788
SPS: 2788
SPS: 2788
SPS: 2788
SPS: 2788
global_step=6302592, episodic_return=75.0 (n=128)
SPS: 2788
SPS: 2788
SPS: 2788
SPS: 2788
SPS: 2788
SPS: 2788
SPS: 2788
SPS: 2788
SPS: 2788
global_step=6336896, episodic_return=100.0 (n=128)
SPS: 2788
SPS: 2788
SPS: 2788
SPS: 2788
SPS: 2788
SPS: 2789
SPS: 2789
SPS: 2789
SPS: 2789
SPS: 2789
SPS: 2789
SPS: 2789
global_step=6389632, episodic_return=250.0 (n=128)
SPS: 2789
SPS: 2789
SPS: 2789
SPS: 2789
SPS: 2789
SPS: 2789
SPS: 2789
SPS: 2789
SPS: 2789
SPS: 2789
global_step=6429824, episodic_return=50.0 (n=128)
SPS: 2789
SPS: 2789
SPS: 2789
SPS: 2789
SPS: 2789
SPS: 2789
SPS: 2789
SPS: 2789
SPS: 2789
SPS: 2789
SPS: 2789
SPS: 2789
global_step=6477056, episodic_return=125.0 (n=128)
SPS: 2789
SPS: 2790
SPS: 2789
SPS: 2790
SPS: 2790
SPS: 2790
SPS: 2790
SPS: 2790
SPS: 2790
global_step=6514560, episodic_return=125.0 (n=128)
SPS: 2790
SPS: 2790
SPS: 2790
SPS: 2790
SPS: 2790
SPS: 2790
SPS: 2790
SPS: 2790
SPS: 2790
global_step=6551808, episodic_return=25.0 (n=128)
SPS: 2790
SPS: 2790
SPS: 2790
SPS: 2790
SPS: 2790
SPS: 2790
SPS: 2790
SPS: 2790
SPS: 2790
SPS: 2790
SPS: 2790
global_step=6597888, episodic_return=150.0 (n=128)
SPS: 2790
SPS: 2791
SPS: 2791
SPS: 2791
SPS: 2791
SPS: 2791
SPS: 2791
SPS: 2791
SPS: 2791
SPS: 2791
SPS: 2791
SPS: 2791
global_step=6647168, episodic_return=575.0 (n=128)
SPS: 2791
SPS: 2791
SPS: 2791
SPS: 2791
SPS: 2791
SPS: 2791
SPS: 2791
SPS: 2791
SPS: 2791
SPS: 2791
SPS: 2791
SPS: 2791
global_step=6695040, episodic_return=300.0 (n=128)
SPS: 2791
SPS: 2792
SPS: 2792
SPS: 2792
SPS: 2792
SPS: 2792
SPS: 2792
SPS: 2792
SPS: 2792
SPS: 2792
global_step=6735360, episodic_return=125.0 (n=128)
SPS: 2792
SPS: 2792
SPS: 2792
SPS: 2792
SPS: 2792
SPS: 2792
SPS: 2792
SPS: 2792
SPS: 2792
global_step=6773248, episodic_return=50.0 (n=128)
SPS: 2792
SPS: 2792
SPS: 2792
SPS: 2792
SPS: 2792
SPS: 2792
SPS: 2792
SPS: 2793
SPS: 2793
global_step=6808448, episodic_return=100.0 (n=128)
SPS: 2793
SPS: 2793
SPS: 2793
SPS: 2793
SPS: 2793
SPS: 2793
SPS: 2793
SPS: 2793
SPS: 2793
SPS: 2793
SPS: 2793
global_step=6853376, episodic_return=175.0 (n=128)
SPS: 2793
SPS: 2793
SPS: 2793
SPS: 2793
SPS: 2793
SPS: 2793
SPS: 2793
SPS: 2793
SPS: 2793
SPS: 2793
global_step=6896768, episodic_return=100.0 (n=128)
SPS: 2793
SPS: 2793
SPS: 2793
SPS: 2793
SPS: 2793
SPS: 2793
SPS: 2793
SPS: 2793
SPS: 2793
SPS: 2793
global_step=6935808, episodic_return=75.0 (n=128)
SPS: 2793
SPS: 2793
SPS: 2793
SPS: 2793
SPS: 2793
SPS: 2793
SPS: 2793
SPS: 2793
SPS: 2793
SPS: 2793
SPS: 2793
SPS: 2793
SPS: 2793
SPS: 2793
SPS: 2793
global_step=6999168, episodic_return=225.0 (n=128)
SPS: 2793
SPS: 2793
SPS: 2793
SPS: 2794
SPS: 2794
SPS: 2794
SPS: 2794
SPS: 2794
SPS: 2794
SPS: 2794
global_step=7038976, episodic_return=225.0 (n=128)
SPS: 2794
SPS: 2794
SPS: 2794
SPS: 2794
SPS: 2794
SPS: 2794
SPS: 2794
SPS: 2794
global_step=7071872, episodic_return=50.0 (n=128)
SPS: 2794
SPS: 2794
SPS: 2794
SPS: 2794
SPS: 2794
SPS: 2794
SPS: 2794
SPS: 2794
SPS: 2794
SPS: 2794
SPS: 2794
SPS: 2794
SPS: 2794
global_step=7123584, episodic_return=225.0 (n=128)
SPS: 2794
SPS: 2794
SPS: 2794
SPS: 2794
SPS: 2794
SPS: 2794
SPS: 2795
SPS: 2795
SPS: 2795
SPS: 2795
SPS: 2795
global_step=7170304, episodic_return=575.0 (n=128)
SPS: 2795
SPS: 2795
SPS: 2795
SPS: 2795
SPS: 2795
SPS: 2795
SPS: 2795
SPS: 2795
SPS: 2795
global_step=7206400, episodic_return=25.0 (n=128)
SPS: 2795
SPS: 2795
SPS: 2795
SPS: 2795
SPS: 2795
SPS: 2795
SPS: 2795
SPS: 2795
SPS: 2795
SPS: 2795
SPS: 2795
SPS: 2795
SPS: 2795
SPS: 2795
SPS: 2795
SPS: 2795
SPS: 2795
SPS: 2795
global_step=7278720, episodic_return=625.0 (n=128)
SPS: 2795
SPS: 2795
SPS: 2795
SPS: 2795
SPS: 2795
SPS: 2795
SPS: 2795
SPS: 2795
SPS: 2795
SPS: 2795
SPS: 2795
SPS: 2795
global_step=7330432, episodic_return=275.0 (n=128)
SPS: 2795
SPS: 2795
SPS: 2795
SPS: 2795
SPS: 2795
SPS: 2795
SPS: 2795
SPS: 2795
SPS: 2795
SPS: 2795
SPS: 2795
SPS: 2796
SPS: 2796
SPS: 2796
SPS: 2796
global_step=7389696, episodic_return=625.0 (n=128)
SPS: 2796
SPS: 2796
SPS: 2796
SPS: 2796
SPS: 2796
SPS: 2796
SPS: 2796
SPS: 2796
global_step=7422208, episodic_return=75.0 (n=128)
SPS: 2796
SPS: 2796
SPS: 2796
SPS: 2796
SPS: 2796
SPS: 2796
SPS: 2796
SPS: 2796
SPS: 2796
SPS: 2796
SPS: 2796
SPS: 2796
global_step=7471232, episodic_return=275.0 (n=128)
SPS: 2796
SPS: 2796
SPS: 2796
SPS: 2796
SPS: 2796
SPS: 2796
SPS: 2796
SPS: 2796
SPS: 2796
global_step=7511424, episodic_return=200.0 (n=128)
SPS: 2796
SPS: 2796
SPS: 2796
SPS: 2796
SPS: 2796
SPS: 2796
SPS: 2796
SPS: 2796
SPS: 2797
global_step=7547520, episodic_return=25.0 (n=128)
SPS: 2797
SPS: 2797
SPS: 2797
SPS: 2797
SPS: 2797
SPS: 2797
SPS: 2797
SPS: 2797
SPS: 2797
SPS: 2797
SPS: 2797
SPS: 2797
global_step=7596160, episodic_return=175.0 (n=128)
SPS: 2797
SPS: 2797
SPS: 2797
SPS: 2797
SPS: 2797
SPS: 2797
SPS: 2797
SPS: 2797
SPS: 2797
SPS: 2797
SPS: 2797
SPS: 2797
SPS: 2797
global_step=7648128, episodic_return=550.0 (n=128)
SPS: 2797
SPS: 2797
SPS: 2797
SPS: 2797
SPS: 2797
SPS: 2797
SPS: 2797
SPS: 2797
SPS: 2797
SPS: 2797
global_step=7689856, episodic_return=175.0 (n=128)
SPS: 2797
SPS: 2797
SPS: 2797
SPS: 2797
SPS: 2797
SPS: 2797
SPS: 2797
SPS: 2797
SPS: 2797
SPS: 2797
global_step=7730048, episodic_return=100.0 (n=128)
SPS: 2797
SPS: 2798
SPS: 2798
SPS: 2798
SPS: 2798
SPS: 2798
SPS: 2798
SPS: 2798
global_step=7766016, episodic_return=50.0 (n=128)
SPS: 2797
SPS: 2797
SPS: 2797
SPS: 2797
SPS: 2797
SPS: 2797
SPS: 2797
SPS: 2797
SPS: 2797
SPS: 2797
SPS: 2797
SPS: 2797
global_step=7814016, episodic_return=225.0 (n=128)
SPS: 2797
SPS: 2797
SPS: 2797
SPS: 2797
SPS: 2797
SPS: 2797
SPS: 2797
SPS: 2797
SPS: 2798
SPS: 2798
SPS: 2798
global_step=7858944, episodic_return=125.0 (n=128)
SPS: 2798
SPS: 2798
SPS: 2798
SPS: 2798
SPS: 2798
SPS: 2798
SPS: 2798
SPS: 2798
SPS: 2798
SPS: 2798
SPS: 2798
SPS: 2798
global_step=7907456, episodic_return=425.0 (n=128)
SPS: 2798
SPS: 2798
SPS: 2798
SPS: 2798
SPS: 2798
SPS: 2798
SPS: 2798
SPS: 2798
SPS: 2798
SPS: 2798
SPS: 2798
global_step=7951232, episodic_return=125.0 (n=128)
SPS: 2798
SPS: 2798
SPS: 2798
SPS: 2798
SPS: 2798
SPS: 2798
SPS: 2798
global_step=7982208, episodic_return=125.0 (n=128)
SPS: 2798
SPS: 2798
SPS: 2798
SPS: 2798
SPS: 2798
SPS: 2798
SPS: 2798
SPS: 2798
SPS: 2798
global_step=8018176, episodic_return=25.0 (n=128)
SPS: 2798
SPS: 2798
SPS: 2798
SPS: 2798
SPS: 2798
SPS: 2798
SPS: 2798
global_step=8048128, episodic_return=25.0 (n=128)
SPS: 2798
SPS: 2798
SPS: 2798
SPS: 2798
SPS: 2798
SPS: 2798
SPS: 2798
SPS: 2798
SPS: 2798
SPS: 2798
SPS: 2798
global_step=8092800, episodic_return=200.0 (n=128)
SPS: 2798
SPS: 2798
SPS: 2798
SPS: 2798
SPS: 2798
SPS: 2798
SPS: 2798
SPS: 2798
SPS: 2798
SPS: 2798
global_step=8131456, episodic_return=50.0 (n=128)
SPS: 2798
SPS: 2798
SPS: 2798
SPS: 2798
SPS: 2798
SPS: 2798
SPS: 2798
SPS: 2798
SPS: 2798
global_step=8167808, episodic_return=25.0 (n=128)
SPS: 2798
SPS: 2798
SPS: 2798
SPS: 2798
SPS: 2798
SPS: 2798
SPS: 2799
SPS: 2799
SPS: 2799
SPS: 2799
SPS: 2799
SPS: 2799
SPS: 2799
global_step=8224000, episodic_return=200.0 (n=128)
SPS: 2799
SPS: 2799
SPS: 2799
SPS: 2799
SPS: 2799
SPS: 2799
SPS: 2799
SPS: 2799
SPS: 2799
SPS: 2799
global_step=8263424, episodic_return=100.0 (n=128)
SPS: 2799
SPS: 2799
SPS: 2799
SPS: 2799
SPS: 2799
SPS: 2799
SPS: 2799
SPS: 2799
SPS: 2799
SPS: 2799
global_step=8305280, episodic_return=175.0 (n=128)
SPS: 2799
SPS: 2799
SPS: 2799
SPS: 2799
SPS: 2799
SPS: 2799
SPS: 2799
SPS: 2799
global_step=8337408, episodic_return=75.0 (n=128)
SPS: 2799
SPS: 2799
SPS: 2799
SPS: 2799
SPS: 2799
SPS: 2799
SPS: 2799
SPS: 2799
global_step=8371968, episodic_return=0.0 (n=128)
SPS: 2799
SPS: 2799
SPS: 2799
SPS: 2799
SPS: 2799
SPS: 2799
SPS: 2800
SPS: 2800
SPS: 2800
global_step=8406656, episodic_return=75.0 (n=128)
SPS: 2800
SPS: 2800
SPS: 2800
SPS: 2800
SPS: 2800
SPS: 2800
SPS: 2800
SPS: 2800
SPS: 2800
SPS: 2800
SPS: 2800
global_step=8451968, episodic_return=250.0 (n=128)
SPS: 2800
SPS: 2800
SPS: 2800
SPS: 2800
SPS: 2800
SPS: 2800
SPS: 2800
SPS: 2800
SPS: 2800
SPS: 2800
global_step=8495104, episodic_return=500.0 (n=128)
SPS: 2800
SPS: 2800
SPS: 2800
SPS: 2800
SPS: 2800
SPS: 2800
SPS: 2800
SPS: 2800
SPS: 2800
SPS: 2800
SPS: 2800
SPS: 2800
SPS: 2800
global_step=8546944, episodic_return=650.0 (n=128)
SPS: 2800
SPS: 2800
SPS: 2800
SPS: 2800
SPS: 2800
SPS: 2800
SPS: 2800
SPS: 2800
SPS: 2800
SPS: 2800
global_step=8586112, episodic_return=75.0 (n=128)
SPS: 2800
SPS: 2800
SPS: 2800
SPS: 2800
SPS: 2800
SPS: 2800
SPS: 2800
SPS: 2800
SPS: 2800
global_step=8623232, episodic_return=25.0 (n=128)
SPS: 2800
SPS: 2801
SPS: 2801
SPS: 2801
SPS: 2801
SPS: 2801
SPS: 2801
SPS: 2801
SPS: 2801
SPS: 2801
global_step=8664192, episodic_return=75.0 (n=128)
SPS: 2801
SPS: 2801
SPS: 2801
SPS: 2801
SPS: 2801
SPS: 2801
SPS: 2800
SPS: 2800
SPS: 2800
global_step=8701824, episodic_return=50.0 (n=128)
SPS: 2800
SPS: 2800
SPS: 2800
SPS: 2800
SPS: 2800
SPS: 2800
SPS: 2800
SPS: 2800
SPS: 2800
SPS: 2800
SPS: 2800
global_step=8748288, episodic_return=475.0 (n=128)
SPS: 2800
SPS: 2800
SPS: 2800
SPS: 2800
SPS: 2800
SPS: 2800
SPS: 2800
SPS: 2800
SPS: 2800
SPS: 2800
SPS: 2800
global_step=8790272, episodic_return=150.0 (n=128)
SPS: 2800
SPS: 2800
SPS: 2800
SPS: 2800
SPS: 2800
SPS: 2800
SPS: 2800
SPS: 2800
SPS: 2800
global_step=8829952, episodic_return=50.0 (n=128)
SPS: 2800
SPS: 2800
SPS: 2800
SPS: 2800
SPS: 2800
SPS: 2800
SPS: 2800
SPS: 2800
SPS: 2800
SPS: 2800
SPS: 2800
global_step=8872576, episodic_return=100.0 (n=128)
SPS: 2800
SPS: 2800
SPS: 2800
SPS: 2800
SPS: 2800
SPS: 2800
SPS: 2800
SPS: 2800
SPS: 2800
SPS: 2800
SPS: 2800
global_step=8917504, episodic_return=225.0 (n=128)
SPS: 2800
SPS: 2800
SPS: 2800
SPS: 2800
SPS: 2800
SPS: 2800
SPS: 2801
SPS: 2800
SPS: 2801
SPS: 2801
SPS: 2801
global_step=8962816, episodic_return=150.0 (n=128)
SPS: 2801
SPS: 2801
SPS: 2801
SPS: 2801
SPS: 2801
SPS: 2801
SPS: 2801
SPS: 2801
SPS: 2801
global_step=9001472, episodic_return=100.0 (n=128)
SPS: 2801
SPS: 2801
SPS: 2801
SPS: 2801
SPS: 2801
SPS: 2801
SPS: 2801
SPS: 2801
SPS: 2801
SPS: 2801
SPS: 2801
global_step=9046016, episodic_return=150.0 (n=128)
SPS: 2801
SPS: 2801
SPS: 2801
SPS: 2801
SPS: 2801
SPS: 2801
SPS: 2801
SPS: 2801
SPS: 2801
SPS: 2801
SPS: 2801
SPS: 2801
global_step=9095296, episodic_return=400.0 (n=128)
SPS: 2801
SPS: 2801
SPS: 2801
SPS: 2801
SPS: 2801
SPS: 2801
SPS: 2801
SPS: 2801
SPS: 2801
SPS: 2801
SPS: 2801
SPS: 2801
global_step=9144832, episodic_return=325.0 (n=128)
SPS: 2801
SPS: 2801
SPS: 2801
SPS: 2801
SPS: 2801
SPS: 2801
SPS: 2801
SPS: 2801
SPS: 2801
SPS: 2801
global_step=9185024, episodic_return=100.0 (n=128)
SPS: 2801
SPS: 2801
SPS: 2801
SPS: 2801
SPS: 2801
SPS: 2801
SPS: 2801
SPS: 2801
SPS: 2801
SPS: 2801
global_step=9225472, episodic_return=175.0 (n=128)
SPS: 2801
SPS: 2801
SPS: 2801
SPS: 2801
SPS: 2801
SPS: 2801
SPS: 2801
SPS: 2801
SPS: 2801
SPS: 2801
SPS: 2801
SPS: 2801
global_step=9275136, episodic_return=275.0 (n=128)
SPS: 2801
SPS: 2801
SPS: 2801
SPS: 2801
SPS: 2801
SPS: 2801
SPS: 2801
SPS: 2801
SPS: 2801
global_step=9313792, episodic_return=100.0 (n=128)
SPS: 2801
SPS: 2801
SPS: 2801
SPS: 2801
SPS: 2801
SPS: 2801
SPS: 2801
SPS: 2801
SPS: 2801
SPS: 2801
SPS: 2801
SPS: 2801
global_step=9362944, episodic_return=375.0 (n=128)
SPS: 2801
SPS: 2801
SPS: 2801
SPS: 2801
SPS: 2801
SPS: 2801
SPS: 2801
SPS: 2801
global_step=9394560, episodic_return=75.0 (n=128)
SPS: 2801
SPS: 2801
SPS: 2801
SPS: 2801
SPS: 2801
SPS: 2801
SPS: 2801
SPS: 2801
global_step=9427584, episodic_return=75.0 (n=128)
SPS: 2801
SPS: 2801
SPS: 2802
SPS: 2802
SPS: 2802
SPS: 2802
SPS: 2802
SPS: 2802
global_step=9461632, episodic_return=75.0 (n=128)
SPS: 2802
SPS: 2802
SPS: 2802
SPS: 2802
SPS: 2802
SPS: 2802
SPS: 2802
SPS: 2802
SPS: 2802
SPS: 2802
SPS: 2802
SPS: 2802
SPS: 2802
global_step=9513728, episodic_return=475.0 (n=128)
SPS: 2802
SPS: 2802
SPS: 2802
SPS: 2802
SPS: 2802
SPS: 2802
SPS: 2802
SPS: 2802
SPS: 2802
SPS: 2802
SPS: 2802
global_step=9556608, episodic_return=275.0 (n=128)
SPS: 2802
SPS: 2802
SPS: 2802
SPS: 2802
SPS: 2802
SPS: 2802
SPS: 2802
global_step=9587840, episodic_return=75.0 (n=128)
SPS: 2802
SPS: 2802
SPS: 2802
SPS: 2802
SPS: 2802
SPS: 2802
SPS: 2802
SPS: 2802
SPS: 2802
SPS: 2802
SPS: 2802
SPS: 2802
SPS: 2802
global_step=9639296, episodic_return=475.0 (n=128)
SPS: 2802
SPS: 2802
SPS: 2802
SPS: 2802
SPS: 2802
SPS: 2802
SPS: 2802
SPS: 2802
global_step=9671552, episodic_return=125.0 (n=128)
SPS: 2802
SPS: 2802
SPS: 2802
SPS: 2802
SPS: 2802
SPS: 2802
SPS: 2802
SPS: 2802
global_step=9705856, episodic_return=0.0 (n=128)
SPS: 2802
SPS: 2802
SPS: 2802
SPS: 2802
SPS: 2802
SPS: 2802
SPS: 2802
SPS: 2802
SPS: 2803
global_step=9741312, episodic_return=0.0 (n=128)
SPS: 2802
SPS: 2803
SPS: 2803
SPS: 2803
SPS: 2803
SPS: 2803
SPS: 2803
SPS: 2803
SPS: 2803
SPS: 2803
SPS: 2803
global_step=9786880, episodic_return=525.0 (n=128)
SPS: 2803
SPS: 2803
SPS: 2803
SPS: 2803
SPS: 2803
SPS: 2803
SPS: 2803
SPS: 2803
global_step=9819904, episodic_return=100.0 (n=128)
SPS: 2803
SPS: 2803
SPS: 2803
SPS: 2803
SPS: 2803
SPS: 2803
SPS: 2803
SPS: 2803
SPS: 2803
SPS: 2803
global_step=9860992, episodic_return=300.0 (n=128)
SPS: 2803
SPS: 2803
SPS: 2803
SPS: 2803
SPS: 2803
SPS: 2803
SPS: 2803
SPS: 2803
SPS: 2803
SPS: 2803
global_step=9904128, episodic_return=250.0 (n=128)
SPS: 2803
SPS: 2803
SPS: 2804
SPS: 2804
SPS: 2804
SPS: 2804
SPS: 2804
SPS: 2804
SPS: 2804
SPS: 2804
SPS: 2804
global_step=9947264, episodic_return=175.0 (n=128)
SPS: 2804
SPS: 2804
SPS: 2804
SPS: 2804
SPS: 2804
SPS: 2804
SPS: 2804
SPS: 2804
global_step=9981568, episodic_return=175.0 (n=128)
SPS: 2804
SPS: 2804
SPS: 2804
SPS: 2804
SPS: 2804
Results saved to /runs/h005__h005-qbert-s1.csv
slurmstepd: error: run_script_as_user: couldn't change working dir to /home/rogercc/'/scratch/rogercc/cleanrl': No such file or directory
