slurmstepd: error: couldn't chdir to `/home/rogercc/'/scratch/rogercc/cleanrl'': No such file or directory: going to /tmp instead
slurmstepd: error: couldn't chdir to `/home/rogercc/'/scratch/rogercc/cleanrl'': No such file or directory: going to /tmp instead
sending incremental file list
auto-cleanrl.sif

sent 4,938,196,675 bytes  received 35 bytes  429,408,409.57 bytes/sec
total size is 4,945,575,936  speedup is 1.00
/usr/local/lib/python3.10/dist-packages/treevalue/tree/integration/torch.py:23: FutureWarning: `torch.utils._pytree._register_pytree_node` is deprecated. Please use `torch.utils._pytree.register_pytree_node` instead.
  register_for_torch(TreeValue)
/usr/local/lib/python3.10/dist-packages/treevalue/tree/integration/torch.py:24: FutureWarning: `torch.utils._pytree._register_pytree_node` is deprecated. Please use `torch.utils._pytree.register_pytree_node` instead.
  register_for_torch(FastTreeValue)
Gym has been unmaintained since 2022 and does not support NumPy 2.0 amongst other critical functionality.
Please upgrade to Gymnasium, the maintained drop-in replacement of Gym, or contact the authors of your software and request that they upgrade.
See the migration guide at https://gymnasium.farama.org/introduction/migration_guide/ for additional information.
/usr/local/lib/python3.10/dist-packages/tyro/_parsers.py:353: UserWarning: The field `wandb-entity` is annotated with type `<class 'str'>`, but the default value `None` has type `<class 'NoneType'>`. We'll try to handle this gracefully, but it may cause unexpected behavior.
  warnings.warn(message)
/usr/local/lib/python3.10/dist-packages/tyro/_parsers.py:353: UserWarning: The field `target-kl` is annotated with type `<class 'float'>`, but the default value `None` has type `<class 'NoneType'>`. We'll try to handle this gracefully, but it may cause unexpected behavior.
  warnings.warn(message)
SPS: 1648
SPS: 2423
SPS: 2895
SPS: 3219
SPS: 3426
SPS: 3608
SPS: 3731
SPS: 3849
SPS: 3926
global_step=38912, episodic_return=0.0 (n=128)
SPS: 3989
SPS: 4054
SPS: 4117
SPS: 4154
SPS: 4185
SPS: 4225
SPS: 4259
SPS: 4286
SPS: 4313
SPS: 4342
SPS: 4365
SPS: 4372
SPS: 4377
SPS: 4392
SPS: 4404
SPS: 4420
SPS: 4421
SPS: 4427
SPS: 4433
SPS: 4441
SPS: 4441
SPS: 4450
SPS: 4456
SPS: 4462
SPS: 4471
SPS: 4483
SPS: 4484
SPS: 4487
global_step=152960, episodic_return=0.0 (n=128)
SPS: 4487
SPS: 4490
SPS: 4497
SPS: 4496
SPS: 4508
SPS: 4514
SPS: 4521
SPS: 4518
SPS: 4519
SPS: 4515
SPS: 4521
SPS: 4519
SPS: 4520
SPS: 4524
SPS: 4524
SPS: 4527
SPS: 4529
SPS: 4534
SPS: 4535
SPS: 4539
SPS: 4537
SPS: 4538
SPS: 4534
SPS: 4535
SPS: 4538
SPS: 4534
SPS: 4532
SPS: 4536
SPS: 4534
global_step=270720, episodic_return=0.0 (n=128)
SPS: 4532
SPS: 4531
SPS: 4537
SPS: 4536
SPS: 4538
SPS: 4536
SPS: 4541
SPS: 4541
SPS: 4543
SPS: 4545
global_step=312704, episodic_return=0.0 (n=128)
SPS: 4542
SPS: 4544
SPS: 4547
SPS: 4548
SPS: 4551
SPS: 4552
SPS: 4557
SPS: 4559
SPS: 4560
SPS: 4558
global_step=354304, episodic_return=0.0 (n=128)
SPS: 4557
SPS: 4558
SPS: 4557
SPS: 4558
SPS: 4557
SPS: 4560
SPS: 4559
SPS: 4563
SPS: 4565
SPS: 4568
SPS: 4567
SPS: 4566
SPS: 4566
SPS: 4567
SPS: 4568
SPS: 4570
SPS: 4571
SPS: 4572
SPS: 4571
SPS: 4574
SPS: 4576
SPS: 4576
SPS: 4577
SPS: 4576
global_step=454144, episodic_return=0.0 (n=128)
SPS: 4577
SPS: 4578
SPS: 4579
SPS: 4579
SPS: 4578
SPS: 4577
SPS: 4578
SPS: 4578
SPS: 4578
SPS: 4578
SPS: 4579
SPS: 4577
SPS: 4580
SPS: 4582
SPS: 4581
SPS: 4581
SPS: 4581
SPS: 4582
SPS: 4582
global_step=528896, episodic_return=0.0 (n=128)
SPS: 4581
SPS: 4582
SPS: 4583
SPS: 4585
SPS: 4587
SPS: 4588
SPS: 4589
SPS: 4592
SPS: 4591
SPS: 4591
SPS: 4593
SPS: 4592
SPS: 4593
SPS: 4592
SPS: 4591
SPS: 4592
SPS: 4593
SPS: 4593
global_step=604544, episodic_return=0.0 (n=128)
SPS: 4593
SPS: 4594
SPS: 4594
SPS: 4595
SPS: 4594
SPS: 4595
SPS: 4596
SPS: 4596
SPS: 4597
SPS: 4598
SPS: 4598
SPS: 4600
SPS: 4601
SPS: 4603
SPS: 4602
SPS: 4604
SPS: 4605
SPS: 4607
SPS: 4608
SPS: 4611
SPS: 4611
SPS: 4613
SPS: 4613
SPS: 4614
SPS: 4615
SPS: 4616
SPS: 4616
SPS: 4617
SPS: 4617
SPS: 4617
SPS: 4618
SPS: 4616
SPS: 4619
SPS: 4619
SPS: 4618
SPS: 4617
SPS: 4616
SPS: 4617
SPS: 4617
SPS: 4618
global_step=767360, episodic_return=0.0 (n=128)
SPS: 4618
SPS: 4617
SPS: 4617
SPS: 4617
SPS: 4619
SPS: 4621
SPS: 4622
SPS: 4622
SPS: 4622
SPS: 4623
SPS: 4620
SPS: 4622
SPS: 4622
SPS: 4622
SPS: 4624
SPS: 4624
SPS: 4625
global_step=836992, episodic_return=0.0 (n=128)
SPS: 4625
SPS: 4623
SPS: 4623
SPS: 4621
SPS: 4622
SPS: 4623
SPS: 4623
SPS: 4622
global_step=868736, episodic_return=0.0 (n=128)
SPS: 4622
SPS: 4621
SPS: 4622
SPS: 4622
SPS: 4622
SPS: 4624
SPS: 4625
SPS: 4625
SPS: 4625
SPS: 4626
SPS: 4627
SPS: 4627
global_step=917632, episodic_return=0.0 (n=128)
SPS: 4626
SPS: 4626
SPS: 4626
SPS: 4626
SPS: 4625
SPS: 4626
SPS: 4625
SPS: 4625
SPS: 4625
SPS: 4625
SPS: 4626
SPS: 4625
SPS: 4626
SPS: 4627
SPS: 4628
SPS: 4628
SPS: 4628
SPS: 4629
SPS: 4629
SPS: 4629
SPS: 4628
global_step=1005696, episodic_return=0.0 (n=128)
SPS: 4630
SPS: 4630
SPS: 4630
SPS: 4630
SPS: 4631
SPS: 4630
SPS: 4629
SPS: 4629
SPS: 4630
SPS: 4630
SPS: 4631
SPS: 4631
SPS: 4630
global_step=1060224, episodic_return=0.0 (n=128)
SPS: 4630
SPS: 4631
SPS: 4631
SPS: 4629
SPS: 4629
SPS: 4629
SPS: 4630
SPS: 4631
SPS: 4631
SPS: 4632
SPS: 4630
SPS: 4630
SPS: 4630
SPS: 4629
SPS: 4630
SPS: 4631
SPS: 4632
SPS: 4633
SPS: 4635
SPS: 4636
SPS: 4636
SPS: 4635
SPS: 4635
SPS: 4636
SPS: 4636
SPS: 4637
SPS: 4638
SPS: 4640
SPS: 4638
SPS: 4638
global_step=1181696, episodic_return=0.0 (n=128)
SPS: 4638
SPS: 4638
SPS: 4638
SPS: 4639
SPS: 4639
SPS: 4639
SPS: 4639
SPS: 4640
SPS: 4640
SPS: 4641
SPS: 4640
SPS: 4640
SPS: 4639
SPS: 4640
SPS: 4640
global_step=1244800, episodic_return=0.0 (n=128)
SPS: 4640
SPS: 4641
SPS: 4641
SPS: 4641
SPS: 4641
SPS: 4640
SPS: 4639
SPS: 4638
SPS: 4637
global_step=1278976, episodic_return=0.0 (n=128)
SPS: 4637
SPS: 4636
SPS: 4636
SPS: 4636
SPS: 4636
SPS: 4636
SPS: 4636
SPS: 4635
SPS: 4634
SPS: 4632
SPS: 4633
SPS: 4633
SPS: 4633
SPS: 4632
SPS: 4633
SPS: 4633
global_step=1346048, episodic_return=0.0 (n=128)
SPS: 4633
SPS: 4633
SPS: 4633
SPS: 4633
SPS: 4634
SPS: 4634
SPS: 4634
SPS: 4635
SPS: 4635
SPS: 4634
SPS: 4635
global_step=1391744, episodic_return=0.0 (n=128)
SPS: 4634
SPS: 4634
SPS: 4634
SPS: 4634
SPS: 4634
SPS: 4635
global_step=1416960, episodic_return=0.0 (n=128)
SPS: 4634
SPS: 4635
SPS: 4635
SPS: 4634
SPS: 4633
SPS: 4633
SPS: 4633
SPS: 4633
SPS: 4634
SPS: 4634
SPS: 4633
SPS: 4634
SPS: 4634
SPS: 4634
SPS: 4633
SPS: 4634
global_step=1479168, episodic_return=0.0 (n=128)
SPS: 4633
SPS: 4634
SPS: 4634
SPS: 4634
SPS: 4633
SPS: 4633
SPS: 4632
SPS: 4632
SPS: 4633
SPS: 4633
SPS: 4632
SPS: 4633
SPS: 4633
SPS: 4633
SPS: 4633
SPS: 4633
global_step=1545728, episodic_return=0.0 (n=128)
SPS: 4633
SPS: 4633
SPS: 4633
SPS: 4633
SPS: 4632
SPS: 4632
SPS: 4632
SPS: 4633
SPS: 4633
SPS: 4633
SPS: 4633
SPS: 4633
SPS: 4633
SPS: 4634
global_step=1603456, episodic_return=0.0 (n=128)
SPS: 4634
SPS: 4633
SPS: 4633
SPS: 4634
SPS: 4633
SPS: 4633
SPS: 4632
SPS: 4632
SPS: 4632
SPS: 4632
SPS: 4632
SPS: 4633
SPS: 4633
SPS: 4634
SPS: 4634
SPS: 4634
SPS: 4635
SPS: 4635
SPS: 4636
SPS: 4636
SPS: 4636
SPS: 4636
SPS: 4635
SPS: 4634
SPS: 4634
SPS: 4634
SPS: 4633
SPS: 4634
SPS: 4634
SPS: 4634
global_step=1725312, episodic_return=0.0 (n=128)
SPS: 4634
SPS: 4633
SPS: 4633
SPS: 4634
SPS: 4634
SPS: 4634
SPS: 4633
SPS: 4634
SPS: 4633
SPS: 4634
SPS: 4634
SPS: 4633
SPS: 4634
SPS: 4634
SPS: 4634
global_step=1787392, episodic_return=0.0 (n=128)
SPS: 4634
SPS: 4634
SPS: 4635
SPS: 4636
SPS: 4637
SPS: 4638
SPS: 4637
SPS: 4637
SPS: 4638
SPS: 4637
global_step=1830784, episodic_return=0.0 (n=128)
SPS: 4638
SPS: 4638
SPS: 4638
SPS: 4638
SPS: 4638
SPS: 4638
SPS: 4639
SPS: 4639
SPS: 4640
SPS: 4639
SPS: 4639
SPS: 4639
SPS: 4639
SPS: 4639
SPS: 4638
SPS: 4637
SPS: 4637
SPS: 4636
SPS: 4636
SPS: 4635
SPS: 4635
SPS: 4635
SPS: 4634
SPS: 4633
SPS: 4633
SPS: 4633
SPS: 4632
SPS: 4632
global_step=1943680, episodic_return=0.0 (n=128)
SPS: 4633
SPS: 4632
SPS: 4632
SPS: 4632
SPS: 4631
SPS: 4630
SPS: 4631
SPS: 4632
SPS: 4632
SPS: 4632
SPS: 4633
SPS: 4633
SPS: 4632
SPS: 4633
SPS: 4633
SPS: 4633
SPS: 4633
SPS: 4633
SPS: 4633
SPS: 4633
SPS: 4634
SPS: 4634
SPS: 4634
SPS: 4635
SPS: 4635
SPS: 4634
global_step=2048256, episodic_return=0.0 (n=128)
SPS: 4634
SPS: 4633
SPS: 4633
SPS: 4633
SPS: 4632
SPS: 4632
SPS: 4632
SPS: 4632
SPS: 4632
SPS: 4631
SPS: 4631
SPS: 4631
SPS: 4630
SPS: 4630
SPS: 4630
SPS: 4630
SPS: 4629
SPS: 4629
SPS: 4628
SPS: 4628
SPS: 4627
global_step=2135552, episodic_return=0.0 (n=128)
SPS: 4627
SPS: 4626
SPS: 4627
SPS: 4627
SPS: 4627
SPS: 4627
SPS: 4627
SPS: 4627
SPS: 4627
SPS: 4627
SPS: 4626
SPS: 4626
SPS: 4626
SPS: 4625
SPS: 4625
SPS: 4625
SPS: 4625
global_step=2205568, episodic_return=0.0 (n=128)
SPS: 4625
SPS: 4625
SPS: 4624
SPS: 4624
SPS: 4624
SPS: 4624
SPS: 4625
SPS: 4624
global_step=2236800, episodic_return=0.0 (n=128)
SPS: 4625
SPS: 4625
SPS: 4624
SPS: 4625
SPS: 4625
SPS: 4624
SPS: 4624
SPS: 4624
SPS: 4624
SPS: 4624
SPS: 4625
SPS: 4625
global_step=2285696, episodic_return=0.0 (n=128)
SPS: 4625
SPS: 4625
SPS: 4625
SPS: 4625
SPS: 4625
SPS: 4624
global_step=2310528, episodic_return=0.0 (n=128)
SPS: 4624
SPS: 4624
SPS: 4625
SPS: 4624
SPS: 4624
SPS: 4624
SPS: 4624
SPS: 4624
SPS: 4624
SPS: 4624
SPS: 4624
SPS: 4623
SPS: 4624
SPS: 4624
SPS: 4624
SPS: 4623
SPS: 4623
SPS: 4623
SPS: 4622
SPS: 4622
SPS: 4622
SPS: 4622
SPS: 4622
SPS: 4621
SPS: 4622
SPS: 4622
SPS: 4622
SPS: 4621
global_step=2426240, episodic_return=0.0 (n=128)
SPS: 4622
SPS: 4622
SPS: 4622
SPS: 4622
SPS: 4622
SPS: 4622
SPS: 4622
SPS: 4622
SPS: 4621
SPS: 4622
SPS: 4622
SPS: 4622
SPS: 4622
SPS: 4622
global_step=2486144, episodic_return=0.0 (n=128)
SPS: 4622
SPS: 4623
SPS: 4623
SPS: 4623
SPS: 4624
SPS: 4624
SPS: 4623
SPS: 4623
SPS: 4623
SPS: 4623
SPS: 4623
SPS: 4624
global_step=2532480, episodic_return=0.0 (n=128)
SPS: 4624
SPS: 4624
SPS: 4625
SPS: 4625
SPS: 4626
SPS: 4626
SPS: 4626
SPS: 4626
SPS: 4625
SPS: 4626
SPS: 4626
SPS: 4626
SPS: 4626
SPS: 4626
SPS: 4626
SPS: 4626
SPS: 4626
global_step=2604288, episodic_return=0.0 (n=128)
SPS: 4627
SPS: 4626
SPS: 4627
SPS: 4627
SPS: 4627
SPS: 4627
SPS: 4627
global_step=2630016, episodic_return=0.0 (n=128)
SPS: 4627
SPS: 4628
SPS: 4628
SPS: 4628
SPS: 4627
SPS: 4628
SPS: 4628
SPS: 4628
SPS: 4628
SPS: 4628
SPS: 4628
SPS: 4628
SPS: 4627
SPS: 4627
SPS: 4627
SPS: 4626
SPS: 4626
SPS: 4626
SPS: 4626
SPS: 4626
SPS: 4626
global_step=2717440, episodic_return=0.0 (n=128)
SPS: 4625
SPS: 4626
SPS: 4626
SPS: 4625
SPS: 4625
SPS: 4625
SPS: 4625
SPS: 4625
SPS: 4625
SPS: 4625
SPS: 4625
SPS: 4625
SPS: 4625
SPS: 4625
SPS: 4626
SPS: 4625
SPS: 4625
SPS: 4625
global_step=2792192, episodic_return=0.0 (n=128)
SPS: 4625
SPS: 4625
SPS: 4625
SPS: 4625
SPS: 4625
SPS: 4625
SPS: 4625
SPS: 4625
SPS: 4625
SPS: 4626
SPS: 4626
SPS: 4626
SPS: 4626
SPS: 4626
SPS: 4627
SPS: 4626
SPS: 4626
SPS: 4627
SPS: 4627
SPS: 4627
SPS: 4627
SPS: 4628
SPS: 4628
SPS: 4628
SPS: 4627
SPS: 4627
SPS: 4627
SPS: 4627
SPS: 4627
SPS: 4627
SPS: 4627
SPS: 4628
SPS: 4628
SPS: 4628
SPS: 4629
SPS: 4629
SPS: 4629
SPS: 4629
SPS: 4629
SPS: 4630
global_step=2953600, episodic_return=0.0 (n=128)
SPS: 4629
SPS: 4629
SPS: 4629
SPS: 4629
SPS: 4629
SPS: 4630
SPS: 4630
SPS: 4629
SPS: 4629
SPS: 4630
SPS: 4630
SPS: 4630
SPS: 4630
SPS: 4630
SPS: 4630
SPS: 4630
SPS: 4630
SPS: 4630
SPS: 4630
SPS: 4630
SPS: 4630
SPS: 4630
global_step=3045120, episodic_return=0.0 (n=128)
SPS: 4631
SPS: 4631
SPS: 4631
SPS: 4631
SPS: 4631
SPS: 4631
SPS: 4630
SPS: 4631
SPS: 4631
SPS: 4631
SPS: 4631
SPS: 4631
SPS: 4631
global_step=3097856, episodic_return=0.0 (n=128)
SPS: 4631
SPS: 4631
SPS: 4631
SPS: 4631
SPS: 4631
SPS: 4631
global_step=3124992, episodic_return=0.0 (n=128)
SPS: 4631
SPS: 4631
SPS: 4631
SPS: 4631
SPS: 4631
SPS: 4631
SPS: 4632
SPS: 4632
SPS: 4631
SPS: 4631
SPS: 4631
SPS: 4631
global_step=3174272, episodic_return=0.0 (n=128)
SPS: 4631
SPS: 4631
SPS: 4631
SPS: 4631
SPS: 4632
SPS: 4631
SPS: 4631
SPS: 4631
global_step=3205760, episodic_return=0.0 (n=128)
SPS: 4631
SPS: 4631
SPS: 4631
SPS: 4631
SPS: 4631
SPS: 4631
SPS: 4632
SPS: 4631
SPS: 4631
SPS: 4631
SPS: 4631
SPS: 4631
SPS: 4631
SPS: 4631
SPS: 4631
SPS: 4631
SPS: 4631
global_step=3276800, episodic_return=0.0 (n=128)
SPS: 4632
SPS: 4632
SPS: 4632
SPS: 4632
SPS: 4632
SPS: 4632
SPS: 4632
SPS: 4632
SPS: 4632
SPS: 4632
SPS: 4632
SPS: 4631
SPS: 4631
SPS: 4631
SPS: 4631
SPS: 4632
SPS: 4632
SPS: 4632
SPS: 4632
SPS: 4631
SPS: 4632
SPS: 4632
SPS: 4632
SPS: 4632
SPS: 4632
global_step=3378176, episodic_return=0.0 (n=128)
SPS: 4632
SPS: 4632
SPS: 4632
SPS: 4632
SPS: 4632
SPS: 4632
SPS: 4632
SPS: 4632
SPS: 4632
SPS: 4633
SPS: 4633
SPS: 4632
SPS: 4633
SPS: 4632
SPS: 4633
SPS: 4632
SPS: 4632
SPS: 4632
SPS: 4632
SPS: 4631
SPS: 4632
global_step=3463424, episodic_return=0.0 (n=128)
SPS: 4632
SPS: 4632
SPS: 4632
SPS: 4632
SPS: 4632
SPS: 4632
SPS: 4633
SPS: 4632
global_step=3496576, episodic_return=0.0 (n=128)
SPS: 4633
SPS: 4633
SPS: 4633
SPS: 4633
SPS: 4634
SPS: 4633
SPS: 4633
SPS: 4633
SPS: 4633
SPS: 4633
global_step=3537280, episodic_return=0.0 (n=128)
SPS: 4633
SPS: 4633
SPS: 4633
SPS: 4633
SPS: 4633
SPS: 4633
SPS: 4633
SPS: 4634
SPS: 4634
SPS: 4633
SPS: 4633
SPS: 4633
SPS: 4632
SPS: 4631
SPS: 4631
global_step=3598080, episodic_return=0.0 (n=128)
SPS: 4631
SPS: 4631
SPS: 4631
SPS: 4631
SPS: 4631
SPS: 4631
SPS: 4632
SPS: 4631
SPS: 4631
SPS: 4631
global_step=3637760, episodic_return=0.0 (n=128)
SPS: 4631
SPS: 4631
SPS: 4631
SPS: 4631
SPS: 4631
SPS: 4631
SPS: 4631
SPS: 4631
SPS: 4631
SPS: 4631
SPS: 4632
SPS: 4632
SPS: 4631
SPS: 4631
SPS: 4631
SPS: 4631
SPS: 4631
SPS: 4631
SPS: 4631
global_step=3716096, episodic_return=0.0 (n=128)
SPS: 4631
SPS: 4631
SPS: 4632
SPS: 4632
SPS: 4632
SPS: 4632
SPS: 4632
SPS: 4633
SPS: 4633
global_step=3752832, episodic_return=0.0 (n=128)
SPS: 4633
SPS: 4632
SPS: 4632
SPS: 4632
SPS: 4632
SPS: 4632
SPS: 4633
SPS: 4633
global_step=3788544, episodic_return=0.0 (n=128)
SPS: 4633
SPS: 4633
SPS: 4633
SPS: 4633
SPS: 4633
SPS: 4633
SPS: 4632
SPS: 4632
SPS: 4632
global_step=3825024, episodic_return=0.0 (n=128)
SPS: 4632
SPS: 4632
SPS: 4632
SPS: 4632
SPS: 4632
SPS: 4632
SPS: 4632
SPS: 4632
SPS: 4632
SPS: 4632
SPS: 4632
global_step=3869184, episodic_return=0.0 (n=128)
SPS: 4632
SPS: 4632
SPS: 4632
SPS: 4632
SPS: 4632
SPS: 4632
SPS: 4633
SPS: 4633
global_step=3901696, episodic_return=0.0 (n=128)
SPS: 4633
SPS: 4632
SPS: 4633
SPS: 4633
SPS: 4632
SPS: 4632
SPS: 4632
SPS: 4632
SPS: 4631
SPS: 4631
SPS: 4632
global_step=3945472, episodic_return=0.0 (n=128)
SPS: 4632
SPS: 4632
SPS: 4632
SPS: 4632
SPS: 4632
SPS: 4632
global_step=3970816, episodic_return=0.0 (n=128)
SPS: 4632
SPS: 4632
SPS: 4632
SPS: 4632
SPS: 4632
SPS: 4632
SPS: 4632
SPS: 4632
SPS: 4632
SPS: 4632
SPS: 4632
SPS: 4632
SPS: 4632
SPS: 4632
SPS: 4633
SPS: 4633
SPS: 4633
SPS: 4633
SPS: 4633
SPS: 4633
SPS: 4633
SPS: 4633
SPS: 4633
SPS: 4633
SPS: 4633
global_step=4075264, episodic_return=0.0 (n=128)
SPS: 4633
SPS: 4634
SPS: 4634
SPS: 4634
SPS: 4634
SPS: 4634
SPS: 4634
SPS: 4634
SPS: 4634
SPS: 4634
SPS: 4634
SPS: 4634
global_step=4123008, episodic_return=0.0 (n=128)
SPS: 4633
SPS: 4634
SPS: 4634
SPS: 4634
SPS: 4634
SPS: 4634
SPS: 4634
SPS: 4634
SPS: 4634
SPS: 4634
SPS: 4634
SPS: 4634
SPS: 4634
SPS: 4634
SPS: 4634
SPS: 4634
SPS: 4634
SPS: 4634
SPS: 4634
SPS: 4634
SPS: 4634
SPS: 4634
global_step=4212736, episodic_return=0.0 (n=128)
SPS: 4634
SPS: 4634
SPS: 4635
SPS: 4635
SPS: 4635
SPS: 4635
SPS: 4635
SPS: 4635
SPS: 4635
SPS: 4635
SPS: 4635
SPS: 4635
SPS: 4635
SPS: 4635
SPS: 4636
SPS: 4636
SPS: 4636
SPS: 4636
global_step=4287104, episodic_return=0.0 (n=128)
SPS: 4636
SPS: 4636
SPS: 4636
SPS: 4636
SPS: 4636
SPS: 4636
SPS: 4636
SPS: 4636
SPS: 4636
SPS: 4636
SPS: 4636
SPS: 4636
global_step=4335232, episodic_return=0.0 (n=128)
SPS: 4636
SPS: 4636
SPS: 4636
SPS: 4636
SPS: 4636
SPS: 4635
SPS: 4636
SPS: 4636
SPS: 4636
SPS: 4636
SPS: 4636
SPS: 4636
SPS: 4636
SPS: 4636
SPS: 4636
SPS: 4637
SPS: 4636
SPS: 4636
global_step=4407552, episodic_return=0.0 (n=128)
SPS: 4637
SPS: 4637
SPS: 4637
SPS: 4637
SPS: 4637
SPS: 4637
SPS: 4637
SPS: 4636
SPS: 4637
SPS: 4636
SPS: 4637
SPS: 4636
SPS: 4636
SPS: 4636
SPS: 4637
SPS: 4637
SPS: 4637
SPS: 4637
global_step=4483584, episodic_return=0.0 (n=128)
SPS: 4637
SPS: 4637
SPS: 4637
SPS: 4637
SPS: 4636
SPS: 4636
SPS: 4636
SPS: 4636
SPS: 4637
SPS: 4637
SPS: 4637
global_step=4528384, episodic_return=0.0 (n=128)
SPS: 4637
SPS: 4637
SPS: 4637
SPS: 4637
SPS: 4637
SPS: 4637
SPS: 4637
SPS: 4637
global_step=4559232, episodic_return=0.0 (n=128)
SPS: 4637
SPS: 4637
SPS: 4636
SPS: 4636
SPS: 4636
SPS: 4637
SPS: 4637
SPS: 4637
SPS: 4637
SPS: 4637
SPS: 4636
SPS: 4636
SPS: 4636
SPS: 4636
global_step=4619008, episodic_return=0.0 (n=128)
SPS: 4636
SPS: 4636
SPS: 4636
SPS: 4636
SPS: 4636
SPS: 4636
SPS: 4636
SPS: 4636
global_step=4652672, episodic_return=0.0 (n=128)
SPS: 4636
SPS: 4636
SPS: 4636
SPS: 4636
SPS: 4636
SPS: 4636
SPS: 4636
SPS: 4636
SPS: 4636
SPS: 4635
SPS: 4635
SPS: 4635
SPS: 4635
SPS: 4636
SPS: 4636
SPS: 4636
SPS: 4635
SPS: 4636
SPS: 4636
SPS: 4636
SPS: 4636
SPS: 4636
SPS: 4636
SPS: 4635
SPS: 4636
SPS: 4635
SPS: 4636
SPS: 4635
SPS: 4636
SPS: 4635
SPS: 4635
SPS: 4635
SPS: 4635
SPS: 4635
global_step=4791424, episodic_return=0.0 (n=128)
SPS: 4635
SPS: 4636
SPS: 4635
SPS: 4635
SPS: 4635
SPS: 4635
SPS: 4635
SPS: 4635
SPS: 4635
SPS: 4636
SPS: 4636
SPS: 4636
SPS: 4636
SPS: 4636
SPS: 4636
SPS: 4636
SPS: 4636
SPS: 4636
SPS: 4636
global_step=4869376, episodic_return=0.0 (n=128)
SPS: 4636
SPS: 4636
SPS: 4636
SPS: 4636
SPS: 4636
SPS: 4635
SPS: 4635
SPS: 4635
SPS: 4635
global_step=4907008, episodic_return=0.0 (n=128)
SPS: 4635
SPS: 4635
SPS: 4635
SPS: 4635
SPS: 4636
SPS: 4636
SPS: 4636
SPS: 4635
SPS: 4635
SPS: 4636
SPS: 4635
SPS: 4636
SPS: 4636
SPS: 4636
SPS: 4636
SPS: 4636
SPS: 4636
SPS: 4636
SPS: 4636
SPS: 4636
SPS: 4637
SPS: 4637
SPS: 4637
SPS: 4637
SPS: 4637
SPS: 4637
SPS: 4637
SPS: 4637
SPS: 4637
SPS: 4637
global_step=5026560, episodic_return=0.0 (n=128)
SPS: 4637
SPS: 4637
SPS: 4637
SPS: 4637
SPS: 4637
SPS: 4637
SPS: 4637
SPS: 4637
global_step=5058944, episodic_return=0.0 (n=128)
SPS: 4638
SPS: 4638
SPS: 4638
SPS: 4638
SPS: 4638
SPS: 4638
SPS: 4637
SPS: 4638
SPS: 4638
global_step=5095808, episodic_return=0.0 (n=128)
SPS: 4638
SPS: 4637
SPS: 4637
SPS: 4637
SPS: 4637
SPS: 4638
SPS: 4638
SPS: 4637
SPS: 4638
SPS: 4637
SPS: 4637
SPS: 4637
SPS: 4637
SPS: 4637
SPS: 4637
SPS: 4637
SPS: 4637
SPS: 4637
SPS: 4637
SPS: 4637
SPS: 4637
SPS: 4637
SPS: 4637
SPS: 4637
SPS: 4637
SPS: 4637
SPS: 4637
SPS: 4637
SPS: 4637
SPS: 4638
SPS: 4638
SPS: 4638
SPS: 4638
global_step=5231744, episodic_return=0.0 (n=128)
SPS: 4638
SPS: 4638
SPS: 4638
SPS: 4639
SPS: 4639
SPS: 4639
SPS: 4639
SPS: 4639
SPS: 4639
SPS: 4639
SPS: 4639
SPS: 4640
SPS: 4640
SPS: 4640
SPS: 4640
SPS: 4640
SPS: 4640
SPS: 4640
global_step=5305344, episodic_return=0.0 (n=128)
SPS: 4640
SPS: 4640
SPS: 4640
SPS: 4640
SPS: 4640
SPS: 4640
SPS: 4640
SPS: 4640
SPS: 4640
SPS: 4640
SPS: 4640
SPS: 4640
SPS: 4640
SPS: 4639
SPS: 4639
SPS: 4639
SPS: 4639
SPS: 4639
SPS: 4639
SPS: 4639
SPS: 4639
SPS: 4639
SPS: 4639
SPS: 4639
SPS: 4639
SPS: 4639
global_step=5413888, episodic_return=0.0 (n=128)
SPS: 4639
SPS: 4639
SPS: 4639
SPS: 4639
SPS: 4639
SPS: 4639
SPS: 4639
SPS: 4639
SPS: 4639
SPS: 4639
SPS: 4639
SPS: 4639
SPS: 4640
SPS: 4639
SPS: 4639
SPS: 4639
SPS: 4639
SPS: 4639
SPS: 4639
SPS: 4639
SPS: 4640
SPS: 4640
SPS: 4640
SPS: 4640
SPS: 4639
SPS: 4640
SPS: 4639
global_step=5524096, episodic_return=0.0 (n=128)
SPS: 4639
SPS: 4640
SPS: 4640
SPS: 4640
SPS: 4640
SPS: 4640
SPS: 4640
SPS: 4640
global_step=5556352, episodic_return=0.0 (n=128)
SPS: 4640
SPS: 4640
SPS: 4640
SPS: 4640
SPS: 4640
SPS: 4640
SPS: 4640
SPS: 4640
SPS: 4640
SPS: 4640
SPS: 4640
SPS: 4640
SPS: 4640
SPS: 4640
SPS: 4640
SPS: 4640
SPS: 4640
SPS: 4640
SPS: 4640
SPS: 4640
global_step=5637888, episodic_return=0.0 (n=128)
SPS: 4640
SPS: 4640
SPS: 4640
SPS: 4640
SPS: 4640
SPS: 4640
SPS: 4640
SPS: 4640
SPS: 4640
SPS: 4640
SPS: 4641
SPS: 4640
SPS: 4640
SPS: 4640
SPS: 4641
SPS: 4640
SPS: 4640
SPS: 4640
global_step=5711616, episodic_return=0.0 (n=128)
SPS: 4640
SPS: 4640
SPS: 4640
SPS: 4640
SPS: 4640
SPS: 4640
SPS: 4640
SPS: 4640
SPS: 4640
SPS: 4640
SPS: 4640
SPS: 4640
SPS: 4640
global_step=5765888, episodic_return=0.0 (n=128)
SPS: 4640
SPS: 4640
SPS: 4641
SPS: 4641
SPS: 4641
SPS: 4640
SPS: 4640
SPS: 4640
SPS: 4640
SPS: 4640
SPS: 4640
SPS: 4641
SPS: 4641
SPS: 4641
SPS: 4641
SPS: 4641
global_step=5830144, episodic_return=0.0 (n=128)
SPS: 4640
SPS: 4640
SPS: 4641
SPS: 4640
SPS: 4640
SPS: 4640
SPS: 4640
SPS: 4640
SPS: 4640
SPS: 4640
SPS: 4640
SPS: 4640
SPS: 4640
SPS: 4640
SPS: 4640
SPS: 4640
SPS: 4640
SPS: 4640
SPS: 4640
SPS: 4640
SPS: 4640
global_step=5915520, episodic_return=0.0 (n=128)
SPS: 4641
SPS: 4641
SPS: 4641
SPS: 4641
SPS: 4641
SPS: 4641
SPS: 4641
SPS: 4641
SPS: 4641
SPS: 4641
SPS: 4641
SPS: 4641
SPS: 4641
SPS: 4641
SPS: 4641
SPS: 4641
SPS: 4641
SPS: 4641
SPS: 4641
SPS: 4641
SPS: 4641
SPS: 4641
SPS: 4641
SPS: 4641
SPS: 4641
SPS: 4641
SPS: 4641
SPS: 4641
global_step=6033024, episodic_return=0.0 (n=128)
SPS: 4641
SPS: 4641
SPS: 4641
SPS: 4641
SPS: 4641
SPS: 4641
SPS: 4641
SPS: 4641
SPS: 4641
SPS: 4641
SPS: 4641
SPS: 4641
SPS: 4642
SPS: 4642
SPS: 4641
global_step=6094336, episodic_return=0.0 (n=128)
SPS: 4641
SPS: 4642
SPS: 4642
SPS: 4642
SPS: 4642
SPS: 4642
SPS: 4641
SPS: 4641
SPS: 4641
SPS: 4641
SPS: 4641
global_step=6136064, episodic_return=0.0 (n=128)
SPS: 4641
SPS: 4641
SPS: 4641
SPS: 4641
SPS: 4642
SPS: 4641
SPS: 4641
SPS: 4641
SPS: 4641
SPS: 4642
SPS: 4642
SPS: 4642
SPS: 4642
SPS: 4642
global_step=6196608, episodic_return=0.0 (n=128)
SPS: 4642
SPS: 4642
SPS: 4642
SPS: 4641
SPS: 4642
SPS: 4641
SPS: 4641
SPS: 4641
SPS: 4641
SPS: 4642
SPS: 4642
global_step=6238720, episodic_return=0.0 (n=128)
SPS: 4641
SPS: 4641
SPS: 4641
SPS: 4641
SPS: 4641
SPS: 4641
SPS: 4641
SPS: 4641
SPS: 4640
SPS: 4640
SPS: 4640
SPS: 4640
SPS: 4640
SPS: 4640
SPS: 4640
SPS: 4640
SPS: 4640
SPS: 4640
SPS: 4640
SPS: 4640
SPS: 4640
SPS: 4640
global_step=6330368, episodic_return=0.0 (n=128)
SPS: 4640
SPS: 4640
SPS: 4640
SPS: 4640
SPS: 4640
SPS: 4640
SPS: 4640
SPS: 4639
SPS: 4639
SPS: 4639
global_step=6370176, episodic_return=0.0 (n=128)
SPS: 4639
SPS: 4639
SPS: 4640
SPS: 4640
SPS: 4640
SPS: 4640
SPS: 4640
SPS: 4640
SPS: 4640
SPS: 4640
SPS: 4640
SPS: 4640
SPS: 4640
SPS: 4640
SPS: 4640
SPS: 4639
SPS: 4639
SPS: 4639
SPS: 4639
SPS: 4639
SPS: 4639
SPS: 4639
SPS: 4639
SPS: 4639
global_step=6468736, episodic_return=0.0 (n=128)
SPS: 4639
SPS: 4639
SPS: 4639
SPS: 4639
SPS: 4639
SPS: 4639
SPS: 4639
SPS: 4639
SPS: 4639
SPS: 4640
SPS: 4640
SPS: 4640
global_step=6520448, episodic_return=0.0 (n=128)
SPS: 4640
SPS: 4640
SPS: 4640
SPS: 4640
SPS: 4640
SPS: 4640
SPS: 4640
SPS: 4640
global_step=6550016, episodic_return=0.0 (n=128)
SPS: 4640
SPS: 4640
SPS: 4640
SPS: 4640
SPS: 4640
SPS: 4640
SPS: 4640
SPS: 4640
SPS: 4640
SPS: 4640
SPS: 4640
SPS: 4640
SPS: 4640
SPS: 4640
SPS: 4639
SPS: 4639
SPS: 4639
SPS: 4639
SPS: 4639
SPS: 4639
SPS: 4638
SPS: 4638
SPS: 4638
SPS: 4638
SPS: 4638
SPS: 4638
SPS: 4638
SPS: 4638
SPS: 4638
SPS: 4638
SPS: 4638
SPS: 4639
SPS: 4639
SPS: 4639
SPS: 4639
SPS: 4639
SPS: 4639
SPS: 4639
SPS: 4639
SPS: 4639
global_step=6716160, episodic_return=0.0 (n=128)
SPS: 4639
SPS: 4639
SPS: 4639
SPS: 4639
SPS: 4639
SPS: 4639
global_step=6739072, episodic_return=0.0 (n=128)
SPS: 4639
SPS: 4639
SPS: 4639
SPS: 4639
SPS: 4639
SPS: 4639
SPS: 4639
SPS: 4639
global_step=6770944, episodic_return=0.0 (n=128)
SPS: 4639
SPS: 4639
SPS: 4639
SPS: 4639
SPS: 4639
SPS: 4639
global_step=6799360, episodic_return=0.0 (n=128)
SPS: 4639
SPS: 4639
SPS: 4639
SPS: 4639
SPS: 4639
SPS: 4639
SPS: 4639
SPS: 4639
SPS: 4640
SPS: 4640
SPS: 4640
SPS: 4640
SPS: 4640
SPS: 4640
SPS: 4640
SPS: 4640
SPS: 4640
SPS: 4640
SPS: 4640
global_step=6876800, episodic_return=0.0 (n=128)
SPS: 4640
SPS: 4640
SPS: 4640
SPS: 4640
SPS: 4640
SPS: 4640
SPS: 4640
SPS: 4640
SPS: 4640
SPS: 4640
global_step=6914304, episodic_return=0.0 (n=128)
SPS: 4640
SPS: 4640
SPS: 4640
SPS: 4640
SPS: 4641
SPS: 4640
SPS: 4640
SPS: 4640
SPS: 4640
global_step=6954496, episodic_return=0.0 (n=128)
SPS: 4641
SPS: 4641
SPS: 4641
SPS: 4641
SPS: 4641
SPS: 4641
SPS: 4641
SPS: 4641
SPS: 4641
SPS: 4641
SPS: 4641
SPS: 4641
SPS: 4641
SPS: 4641
SPS: 4641
SPS: 4642
SPS: 4642
SPS: 4641
SPS: 4641
SPS: 4641
SPS: 4641
global_step=7039360, episodic_return=0.0 (n=128)
SPS: 4642
SPS: 4642
SPS: 4642
SPS: 4642
SPS: 4642
SPS: 4642
SPS: 4642
SPS: 4642
SPS: 4642
SPS: 4642
SPS: 4642
SPS: 4642
SPS: 4642
SPS: 4642
SPS: 4642
global_step=7099392, episodic_return=0.0 (n=128)
SPS: 4642
SPS: 4642
SPS: 4642
SPS: 4642
SPS: 4642
SPS: 4642
SPS: 4642
SPS: 4642
SPS: 4642
SPS: 4642
SPS: 4642
SPS: 4642
SPS: 4642
global_step=7153792, episodic_return=0.0 (n=128)
SPS: 4642
SPS: 4642
SPS: 4642
SPS: 4642
SPS: 4642
SPS: 4642
SPS: 4642
SPS: 4642
SPS: 4642
SPS: 4642
SPS: 4642
SPS: 4642
SPS: 4642
SPS: 4642
SPS: 4642
SPS: 4642
SPS: 4643
SPS: 4642
SPS: 4643
SPS: 4642
SPS: 4643
global_step=7239936, episodic_return=0.0 (n=128)
SPS: 4642
SPS: 4643
SPS: 4642
SPS: 4642
SPS: 4643
SPS: 4643
SPS: 4643
SPS: 4643
SPS: 4643
SPS: 4643
SPS: 4643
SPS: 4643
SPS: 4643
SPS: 4643
SPS: 4643
SPS: 4643
SPS: 4643
SPS: 4643
SPS: 4643
SPS: 4643
SPS: 4643
global_step=7327744, episodic_return=0.0 (n=128)
SPS: 4643
SPS: 4643
SPS: 4643
SPS: 4643
SPS: 4643
SPS: 4643
SPS: 4643
SPS: 4643
SPS: 4643
global_step=7361408, episodic_return=0.0 (n=128)
SPS: 4643
SPS: 4643
SPS: 4643
SPS: 4643
SPS: 4643
SPS: 4643
SPS: 4643
SPS: 4643
SPS: 4643
SPS: 4643
SPS: 4643
SPS: 4643
SPS: 4642
SPS: 4642
SPS: 4642
SPS: 4642
SPS: 4642
SPS: 4642
SPS: 4642
SPS: 4642
SPS: 4642
SPS: 4642
SPS: 4642
global_step=7458688, episodic_return=0.0 (n=128)
SPS: 4642
SPS: 4642
SPS: 4642
SPS: 4642
SPS: 4642
SPS: 4642
SPS: 4642
SPS: 4642
SPS: 4642
SPS: 4642
SPS: 4642
SPS: 4642
SPS: 4642
SPS: 4642
SPS: 4642
SPS: 4642
global_step=7520896, episodic_return=0.0 (n=128)
SPS: 4642
SPS: 4642
SPS: 4642
SPS: 4642
SPS: 4642
SPS: 4642
SPS: 4642
SPS: 4642
SPS: 4642
SPS: 4642
SPS: 4642
SPS: 4642
SPS: 4642
SPS: 4643
SPS: 4643
SPS: 4643
SPS: 4642
SPS: 4642
SPS: 4642
global_step=7598976, episodic_return=0.0 (n=128)
SPS: 4642
SPS: 4642
SPS: 4642
SPS: 4642
SPS: 4642
SPS: 4642
SPS: 4642
SPS: 4642
SPS: 4642
SPS: 4642
SPS: 4642
SPS: 4642
SPS: 4642
SPS: 4642
SPS: 4642
global_step=7660928, episodic_return=0.0 (n=128)
SPS: 4642
SPS: 4642
SPS: 4642
SPS: 4642
SPS: 4642
SPS: 4642
SPS: 4642
SPS: 4642
SPS: 4642
SPS: 4642
SPS: 4642
SPS: 4642
SPS: 4642
SPS: 4642
SPS: 4642
SPS: 4642
SPS: 4642
global_step=7732736, episodic_return=0.0 (n=128)
SPS: 4643
SPS: 4642
SPS: 4642
SPS: 4642
SPS: 4642
SPS: 4642
SPS: 4642
SPS: 4642
SPS: 4642
SPS: 4642
SPS: 4642
SPS: 4642
SPS: 4642
SPS: 4642
SPS: 4642
SPS: 4642
SPS: 4642
SPS: 4642
SPS: 4642
SPS: 4641
SPS: 4641
SPS: 4642
SPS: 4642
SPS: 4641
SPS: 4641
SPS: 4641
SPS: 4641
SPS: 4641
SPS: 4641
SPS: 4641
SPS: 4641
SPS: 4641
SPS: 4641
SPS: 4641
global_step=7871488, episodic_return=0.0 (n=128)
SPS: 4641
SPS: 4641
SPS: 4641
SPS: 4641
SPS: 4641
SPS: 4641
SPS: 4641
SPS: 4641
SPS: 4641
SPS: 4641
SPS: 4641
global_step=7914496, episodic_return=0.0 (n=128)
SPS: 4641
SPS: 4641
SPS: 4641
SPS: 4641
SPS: 4641
SPS: 4641
SPS: 4641
SPS: 4641
SPS: 4641
SPS: 4642
SPS: 4642
SPS: 4642
SPS: 4642
SPS: 4642
SPS: 4642
SPS: 4642
SPS: 4642
SPS: 4642
global_step=7990016, episodic_return=0.0 (n=128)
SPS: 4642
SPS: 4642
SPS: 4642
SPS: 4642
SPS: 4642
SPS: 4642
SPS: 4642
SPS: 4642
SPS: 4642
SPS: 4642
SPS: 4642
SPS: 4642
SPS: 4642
SPS: 4642
SPS: 4642
SPS: 4642
SPS: 4642
SPS: 4642
SPS: 4642
SPS: 4642
SPS: 4642
SPS: 4642
SPS: 4642
SPS: 4642
SPS: 4642
SPS: 4642
global_step=8093952, episodic_return=0.0 (n=128)
SPS: 4642
SPS: 4642
SPS: 4642
SPS: 4642
SPS: 4642
SPS: 4642
SPS: 4642
SPS: 4642
SPS: 4642
SPS: 4642
SPS: 4642
SPS: 4642
SPS: 4642
SPS: 4642
SPS: 4642
SPS: 4642
SPS: 4642
SPS: 4642
global_step=8168064, episodic_return=0.0 (n=128)
SPS: 4642
SPS: 4643
SPS: 4643
SPS: 4643
SPS: 4643
SPS: 4643
SPS: 4643
SPS: 4643
SPS: 4642
SPS: 4642
SPS: 4642
SPS: 4642
SPS: 4642
SPS: 4642
SPS: 4642
SPS: 4642
SPS: 4642
SPS: 4642
global_step=8242688, episodic_return=0.0 (n=128)
SPS: 4642
SPS: 4642
SPS: 4642
SPS: 4642
SPS: 4642
SPS: 4642
SPS: 4642
SPS: 4642
SPS: 4642
global_step=8278400, episodic_return=0.0 (n=128)
SPS: 4642
SPS: 4642
SPS: 4643
SPS: 4643
SPS: 4643
SPS: 4643
SPS: 4643
SPS: 4643
SPS: 4643
SPS: 4643
global_step=8322432, episodic_return=0.0 (n=128)
SPS: 4643
SPS: 4643
SPS: 4643
SPS: 4643
SPS: 4643
SPS: 4643
SPS: 4643
SPS: 4643
SPS: 4643
SPS: 4643
SPS: 4644
SPS: 4644
SPS: 4644
SPS: 4644
SPS: 4644
SPS: 4644
SPS: 4644
SPS: 4644
SPS: 4644
SPS: 4644
global_step=8402688, episodic_return=0.0 (n=128)
SPS: 4644
SPS: 4644
SPS: 4644
SPS: 4644
SPS: 4644
SPS: 4644
SPS: 4644
SPS: 4644
SPS: 4644
SPS: 4644
global_step=8445696, episodic_return=0.0 (n=128)
SPS: 4644
SPS: 4644
SPS: 4644
SPS: 4644
SPS: 4644
SPS: 4644
SPS: 4644
global_step=8471936, episodic_return=0.0 (n=128)
SPS: 4644
SPS: 4644
SPS: 4644
SPS: 4644
SPS: 4644
SPS: 4644
SPS: 4644
SPS: 4644
SPS: 4644
SPS: 4644
SPS: 4644
SPS: 4644
SPS: 4644
SPS: 4644
global_step=8528128, episodic_return=0.0 (n=128)
SPS: 4644
SPS: 4644
SPS: 4644
SPS: 4644
SPS: 4644
SPS: 4644
SPS: 4645
SPS: 4645
SPS: 4645
SPS: 4645
SPS: 4645
SPS: 4644
SPS: 4644
SPS: 4644
SPS: 4644
global_step=8591744, episodic_return=0.0 (n=128)
SPS: 4644
SPS: 4644
SPS: 4644
SPS: 4644
SPS: 4644
SPS: 4644
SPS: 4644
SPS: 4644
SPS: 4644
SPS: 4644
SPS: 4644
SPS: 4644
SPS: 4644
SPS: 4644
SPS: 4644
SPS: 4644
SPS: 4644
global_step=8660992, episodic_return=0.0 (n=128)
SPS: 4644
SPS: 4645
SPS: 4644
SPS: 4645
SPS: 4645
SPS: 4645
SPS: 4645
SPS: 4645
SPS: 4645
SPS: 4645
SPS: 4645
SPS: 4645
SPS: 4645
SPS: 4645
SPS: 4645
SPS: 4645
global_step=8728192, episodic_return=0.0 (n=128)
SPS: 4645
SPS: 4645
SPS: 4645
SPS: 4645
SPS: 4645
SPS: 4645
SPS: 4645
SPS: 4645
SPS: 4645
SPS: 4645
SPS: 4645
SPS: 4645
SPS: 4646
SPS: 4646
SPS: 4646
global_step=8787200, episodic_return=0.0 (n=128)
SPS: 4646
SPS: 4646
SPS: 4646
SPS: 4646
SPS: 4646
SPS: 4646
SPS: 4646
SPS: 4646
SPS: 4646
SPS: 4646
SPS: 4646
SPS: 4646
SPS: 4646
SPS: 4646
SPS: 4646
SPS: 4646
SPS: 4646
global_step=8856576, episodic_return=0.0 (n=128)
SPS: 4646
SPS: 4646
SPS: 4646
SPS: 4646
SPS: 4646
SPS: 4646
SPS: 4646
SPS: 4646
global_step=8892416, episodic_return=0.0 (n=128)
SPS: 4646
SPS: 4646
SPS: 4646
SPS: 4646
SPS: 4646
SPS: 4646
SPS: 4646
SPS: 4646
SPS: 4646
SPS: 4646
SPS: 4646
SPS: 4646
SPS: 4646
SPS: 4646
global_step=8947712, episodic_return=0.0 (n=128)
SPS: 4646
SPS: 4646
SPS: 4646
SPS: 4646
SPS: 4646
SPS: 4646
SPS: 4646
SPS: 4646
SPS: 4646
SPS: 4646
SPS: 4646
SPS: 4646
SPS: 4646
SPS: 4646
SPS: 4646
SPS: 4646
SPS: 4646
global_step=9017472, episodic_return=0.0 (n=128)
SPS: 4646
SPS: 4646
SPS: 4646
SPS: 4646
SPS: 4646
SPS: 4646
SPS: 4646
SPS: 4646
SPS: 4646
SPS: 4646
SPS: 4646
SPS: 4646
SPS: 4646
SPS: 4646
SPS: 4646
SPS: 4646
SPS: 4646
SPS: 4646
SPS: 4646
SPS: 4647
SPS: 4647
SPS: 4647
SPS: 4647
SPS: 4647
global_step=9113856, episodic_return=0.0 (n=128)
SPS: 4647
SPS: 4647
SPS: 4647
SPS: 4647
SPS: 4647
SPS: 4647
SPS: 4647
SPS: 4647
SPS: 4647
SPS: 4647
SPS: 4647
global_step=9159424, episodic_return=0.0 (n=128)
SPS: 4647
SPS: 4647
SPS: 4647
SPS: 4647
SPS: 4647
SPS: 4647
SPS: 4647
SPS: 4647
SPS: 4647
global_step=9196032, episodic_return=0.0 (n=128)
SPS: 4647
SPS: 4647
SPS: 4647
SPS: 4647
SPS: 4647
SPS: 4647
SPS: 4647
SPS: 4647
SPS: 4647
SPS: 4647
SPS: 4647
SPS: 4647
SPS: 4647
SPS: 4647
SPS: 4648
SPS: 4648
SPS: 4648
SPS: 4648
SPS: 4648
global_step=9274880, episodic_return=0.0 (n=128)
SPS: 4648
SPS: 4647
SPS: 4647
SPS: 4647
SPS: 4647
SPS: 4647
SPS: 4647
SPS: 4647
SPS: 4647
SPS: 4647
SPS: 4647
SPS: 4647
SPS: 4647
SPS: 4647
SPS: 4647
SPS: 4647
SPS: 4647
global_step=9344640, episodic_return=0.0 (n=128)
SPS: 4647
SPS: 4647
SPS: 4647
SPS: 4647
SPS: 4647
SPS: 4647
SPS: 4647
SPS: 4647
SPS: 4647
SPS: 4647
global_step=9387008, episodic_return=0.0 (n=128)
SPS: 4647
SPS: 4647
SPS: 4647
SPS: 4647
SPS: 4647
SPS: 4647
SPS: 4647
SPS: 4647
SPS: 4647
SPS: 4647
SPS: 4647
SPS: 4647
SPS: 4647
SPS: 4647
SPS: 4647
SPS: 4647
SPS: 4647
SPS: 4647
SPS: 4647
SPS: 4647
SPS: 4647
SPS: 4647
SPS: 4647
SPS: 4647
SPS: 4647
SPS: 4648
SPS: 4647
SPS: 4647
SPS: 4647
SPS: 4647
SPS: 4647
SPS: 4647
global_step=9515776, episodic_return=0.0 (n=128)
SPS: 4648
SPS: 4648
SPS: 4648
SPS: 4648
SPS: 4648
SPS: 4647
SPS: 4648
global_step=9547520, episodic_return=0.0 (n=128)
SPS: 4648
SPS: 4648
SPS: 4648
SPS: 4648
SPS: 4648
SPS: 4648
SPS: 4648
SPS: 4648
SPS: 4648
SPS: 4648
SPS: 4648
SPS: 4648
SPS: 4648
SPS: 4648
SPS: 4648
SPS: 4648
SPS: 4648
SPS: 4648
SPS: 4648
SPS: 4648
SPS: 4648
SPS: 4648
SPS: 4648
SPS: 4648
SPS: 4648
global_step=9647488, episodic_return=0.0 (n=128)
SPS: 4648
SPS: 4648
SPS: 4648
SPS: 4648
SPS: 4648
SPS: 4648
SPS: 4648
SPS: 4648
SPS: 4648
SPS: 4648
SPS: 4648
SPS: 4648
SPS: 4648
global_step=9700352, episodic_return=0.0 (n=128)
SPS: 4648
SPS: 4648
SPS: 4648
SPS: 4648
SPS: 4648
SPS: 4648
SPS: 4648
SPS: 4648
SPS: 4648
SPS: 4648
SPS: 4648
global_step=9747968, episodic_return=0.0 (n=128)
SPS: 4648
SPS: 4648
SPS: 4648
SPS: 4648
SPS: 4648
SPS: 4648
SPS: 4648
SPS: 4648
SPS: 4648
SPS: 4648
SPS: 4648
SPS: 4648
global_step=9796224, episodic_return=0.0 (n=128)
SPS: 4648
SPS: 4648
SPS: 4648
SPS: 4648
SPS: 4648
SPS: 4648
SPS: 4648
SPS: 4648
SPS: 4648
SPS: 4648
SPS: 4648
global_step=9840128, episodic_return=0.0 (n=128)
SPS: 4648
SPS: 4648
SPS: 4648
SPS: 4648
SPS: 4647
SPS: 4648
SPS: 4647
SPS: 4648
SPS: 4648
SPS: 4648
SPS: 4648
SPS: 4648
SPS: 4648
SPS: 4648
SPS: 4648
SPS: 4648
SPS: 4648
SPS: 4648
SPS: 4648
global_step=9918848, episodic_return=0.0 (n=128)
SPS: 4648
SPS: 4648
SPS: 4648
SPS: 4648
SPS: 4648
SPS: 4648
SPS: 4648
SPS: 4648
SPS: 4648
SPS: 4648
SPS: 4648
SPS: 4648
SPS: 4648
SPS: 4648
SPS: 4648
SPS: 4648
SPS: 4648
SPS: 4648
SPS: 4648
SPS: 4648
Traceback (most recent call last):
  File "/src/cleanrl/ppo_atari_envpool_aug.py", line 401, in <module>
    os.makedirs(args.output_dir, exist_ok=True)
  File "/usr/lib/python3.10/os.py", line 225, in makedirs
    mkdir(name, mode)
OSError: [Errno 30] Read-only file system: '/output'
slurmstepd: error: run_script_as_user: couldn't change working dir to /home/rogercc/'/scratch/rogercc/cleanrl': No such file or directory
