slurmstepd: error: couldn't chdir to `/home/rogercc/'/scratch/rogercc/cleanrl'': No such file or directory: going to /tmp instead
slurmstepd: error: couldn't chdir to `/home/rogercc/'/scratch/rogercc/cleanrl'': No such file or directory: going to /tmp instead
sending incremental file list
auto-cleanrl.sif

sent 4,938,196,675 bytes  received 35 bytes  13,473,933.72 bytes/sec
total size is 4,945,575,936  speedup is 1.00
/usr/local/lib/python3.10/dist-packages/treevalue/tree/integration/torch.py:23: FutureWarning: `torch.utils._pytree._register_pytree_node` is deprecated. Please use `torch.utils._pytree.register_pytree_node` instead.
  register_for_torch(TreeValue)
/usr/local/lib/python3.10/dist-packages/treevalue/tree/integration/torch.py:24: FutureWarning: `torch.utils._pytree._register_pytree_node` is deprecated. Please use `torch.utils._pytree.register_pytree_node` instead.
  register_for_torch(FastTreeValue)
Gym has been unmaintained since 2022 and does not support NumPy 2.0 amongst other critical functionality.
Please upgrade to Gymnasium, the maintained drop-in replacement of Gym, or contact the authors of your software and request that they upgrade.
See the migration guide at https://gymnasium.farama.org/introduction/migration_guide/ for additional information.
/usr/local/lib/python3.10/dist-packages/tyro/_parsers.py:353: UserWarning: The field `wandb-entity` is annotated with type `<class 'str'>`, but the default value `None` has type `<class 'NoneType'>`. We'll try to handle this gracefully, but it may cause unexpected behavior.
  warnings.warn(message)
SPS: 4847
SPS: 4505
global_step=23792, episodic_return=0.0
SPS: 4240
SPS: 4051
SPS: 3875
SPS: 3729
SPS: 3610
SPS: 3423
SPS: 3354
SPS: 3281
SPS: 3218
SPS: 3147
SPS: 3064
SPS: 2978
SPS: 2904
SPS: 2837
SPS: 2778
SPS: 2724
SPS: 2673
SPS: 2629
global_step=51664, episodic_return=0.0
global_step=51664, episodic_return=0.0
SPS: 2588
SPS: 2553
SPS: 2520
SPS: 2489
SPS: 2461
SPS: 2436
SPS: 2412
SPS: 2390
SPS: 2369
SPS: 2350
SPS: 2331
SPS: 2314
global_step=71216, episodic_return=0.0
SPS: 2297
SPS: 2282
SPS: 2268
SPS: 2255
SPS: 2242
SPS: 2229
SPS: 2218
SPS: 2206
SPS: 2196
SPS: 2185
SPS: 2176
SPS: 2166
SPS: 2157
SPS: 2149
SPS: 2140
SPS: 2132
SPS: 2125
SPS: 2118
global_step=99920, episodic_return=0.0
global_step=99920, episodic_return=0.0
SPS: 2110
SPS: 2102
SPS: 2095
SPS: 2090
SPS: 2084
SPS: 2078
SPS: 2072
SPS: 2067
SPS: 2061
SPS: 2056
SPS: 2052
SPS: 2047
global_step=118816, episodic_return=0.0
global_step=118816, episodic_return=0.0
SPS: 2042
SPS: 2038
SPS: 2033
SPS: 2029
SPS: 2025
SPS: 2021
SPS: 2017
SPS: 2013
SPS: 2010
SPS: 2006
SPS: 2003
SPS: 1999
SPS: 1996
SPS: 1992
SPS: 1990
SPS: 1987
SPS: 1984
SPS: 1981
SPS: 1978
SPS: 1975
SPS: 1973
global_step=152320, episodic_return=0.0
SPS: 1970
SPS: 1967
SPS: 1964
SPS: 1962
SPS: 1960
SPS: 1957
SPS: 1955
SPS: 1953
SPS: 1950
SPS: 1949
SPS: 1946
SPS: 1944
SPS: 1942
SPS: 1940
global_step=175920, episodic_return=0.0
global_step=175920, episodic_return=0.0
SPS: 1939
SPS: 1937
SPS: 1935
SPS: 1933
SPS: 1931
SPS: 1930
SPS: 1928
SPS: 1926
SPS: 1924
SPS: 1923
SPS: 1922
SPS: 1920
SPS: 1918
SPS: 1917
SPS: 1916
SPS: 1914
SPS: 1913
global_step=201952, episodic_return=0.0
SPS: 1912
SPS: 1910
SPS: 1909
SPS: 1908
SPS: 1907
SPS: 1905
SPS: 1904
SPS: 1903
SPS: 1902
SPS: 1900
SPS: 1899
SPS: 1898
SPS: 1898
SPS: 1897
SPS: 1896
SPS: 1894
SPS: 1893
SPS: 1892
SPS: 1891
global_step=233072, episodic_return=0.0
global_step=233072, episodic_return=0.0
SPS: 1891
SPS: 1890
SPS: 1889
SPS: 1888
SPS: 1887
SPS: 1886
SPS: 1885
SPS: 1884
SPS: 1883
SPS: 1882
SPS: 1881
SPS: 1881
SPS: 1880
global_step=253952, episodic_return=0.0
global_step=253952, episodic_return=0.0
SPS: 1879
SPS: 1878
SPS: 1877
SPS: 1876
SPS: 1876
SPS: 1875
SPS: 1874
SPS: 1874
SPS: 1873
SPS: 1872
SPS: 1872
SPS: 1871
SPS: 1870
SPS: 1869
global_step=275376, episodic_return=0.0
SPS: 1869
SPS: 1868
SPS: 1867
SPS: 1867
SPS: 1866
SPS: 1866
SPS: 1865
SPS: 1864
SPS: 1864
SPS: 1863
SPS: 1862
SPS: 1862
global_step=294576, episodic_return=0.0
global_step=294576, episodic_return=0.0
SPS: 1861
SPS: 1861
SPS: 1860
SPS: 1860
SPS: 1859
SPS: 1859
SPS: 1858
SPS: 1858
SPS: 1857
SPS: 1857
SPS: 1856
SPS: 1855
SPS: 1855
SPS: 1854
SPS: 1854
SPS: 1854
SPS: 1853
SPS: 1852
SPS: 1852
SPS: 1852
SPS: 1851
SPS: 1851
SPS: 1850
SPS: 1850
SPS: 1849
SPS: 1849
SPS: 1848
SPS: 1848
SPS: 1847
SPS: 1847
SPS: 1847
SPS: 1846
global_step=345760, episodic_return=0.0
SPS: 1846
SPS: 1845
SPS: 1845
SPS: 1845
SPS: 1844
SPS: 1844
SPS: 1843
SPS: 1843
SPS: 1843
SPS: 1842
SPS: 1842
SPS: 1841
SPS: 1841
SPS: 1840
SPS: 1840
SPS: 1840
SPS: 1839
SPS: 1839
SPS: 1838
global_step=376048, episodic_return=0.0
global_step=376048, episodic_return=0.0
SPS: 1838
SPS: 1838
SPS: 1837
SPS: 1837
SPS: 1837
SPS: 1836
SPS: 1836
SPS: 1836
SPS: 1835
SPS: 1835
SPS: 1835
SPS: 1835
SPS: 1834
SPS: 1834
SPS: 1834
global_step=400864, episodic_return=0.0
global_step=400864, episodic_return=0.0
SPS: 1833
SPS: 1833
SPS: 1833
SPS: 1832
SPS: 1832
SPS: 1832
SPS: 1831
SPS: 1831
SPS: 1831
SPS: 1831
SPS: 1830
SPS: 1830
SPS: 1830
SPS: 1829
SPS: 1829
SPS: 1829
SPS: 1828
global_step=428672, episodic_return=0.0
SPS: 1828
SPS: 1828
SPS: 1827
SPS: 1827
SPS: 1827
SPS: 1827
SPS: 1826
SPS: 1826
SPS: 1826
SPS: 1826
SPS: 1825
SPS: 1825
SPS: 1825
SPS: 1825
SPS: 1824
SPS: 1824
SPS: 1824
SPS: 1824
SPS: 1823
global_step=458112, episodic_return=0.0
global_step=458112, episodic_return=0.0
SPS: 1823
SPS: 1823
SPS: 1823
SPS: 1822
SPS: 1822
SPS: 1822
SPS: 1822
SPS: 1822
SPS: 1821
SPS: 1821
SPS: 1821
SPS: 1821
SPS: 1820
global_step=479200, episodic_return=0.0
SPS: 1820
SPS: 1820
SPS: 1820
SPS: 1820
SPS: 1819
SPS: 1819
SPS: 1819
SPS: 1819
SPS: 1819
SPS: 1818
SPS: 1818
SPS: 1818
global_step=498096, episodic_return=0.0
global_step=498096, episodic_return=0.0
SPS: 1818
SPS: 1818
SPS: 1817
SPS: 1817
SPS: 1817
SPS: 1817
SPS: 1817
SPS: 1816
SPS: 1816
SPS: 1816
SPS: 1816
SPS: 1816
SPS: 1816
SPS: 1816
SPS: 1815
SPS: 1815
SPS: 1815
SPS: 1815
SPS: 1815
SPS: 1814
SPS: 1814
SPS: 1814
SPS: 1814
SPS: 1814
global_step=537504, episodic_return=0.0
global_step=537504, episodic_return=0.0
SPS: 1814
SPS: 1813
SPS: 1813
SPS: 1813
SPS: 1813
SPS: 1813
SPS: 1813
SPS: 1813
SPS: 1812
SPS: 1812
SPS: 1812
SPS: 1812
SPS: 1812
SPS: 1812
SPS: 1812
global_step=561136, episodic_return=0.0
SPS: 1811
SPS: 1811
SPS: 1811
SPS: 1811
SPS: 1811
SPS: 1811
SPS: 1811
SPS: 1810
SPS: 1810
SPS: 1810
SPS: 1810
SPS: 1810
SPS: 1809
SPS: 1809
SPS: 1809
SPS: 1809
SPS: 1809
SPS: 1809
SPS: 1809
SPS: 1808
SPS: 1808
global_step=594080, episodic_return=0.0
global_step=594080, episodic_return=0.0
SPS: 1808
SPS: 1808
SPS: 1808
SPS: 1808
SPS: 1808
SPS: 1808
SPS: 1807
SPS: 1807
SPS: 1807
SPS: 1807
SPS: 1807
SPS: 1807
SPS: 1807
SPS: 1806
SPS: 1806
SPS: 1806
SPS: 1806
SPS: 1806
global_step=623088, episodic_return=0.0
SPS: 1806
SPS: 1806
SPS: 1806
SPS: 1805
SPS: 1805
SPS: 1805
SPS: 1805
SPS: 1805
SPS: 1805
SPS: 1805
SPS: 1805
SPS: 1804
SPS: 1804
SPS: 1804
SPS: 1804
global_step=646496, episodic_return=0.0
global_step=646496, episodic_return=0.0
SPS: 1804
SPS: 1804
SPS: 1804
SPS: 1804
SPS: 1803
SPS: 1803
SPS: 1803
SPS: 1803
SPS: 1803
SPS: 1803
SPS: 1803
SPS: 1803
SPS: 1803
SPS: 1803
SPS: 1802
SPS: 1802
SPS: 1802
global_step=675152, episodic_return=0.0
global_step=675152, episodic_return=0.0
SPS: 1802
SPS: 1802
SPS: 1802
SPS: 1802
SPS: 1801
SPS: 1801
SPS: 1801
SPS: 1801
SPS: 1801
SPS: 1801
SPS: 1801
SPS: 1801
SPS: 1801
SPS: 1801
SPS: 1801
SPS: 1801
SPS: 1800
SPS: 1800
SPS: 1800
SPS: 1800
SPS: 1800
SPS: 1800
SPS: 1800
SPS: 1800
SPS: 1800
SPS: 1800
SPS: 1800
SPS: 1800
SPS: 1800
SPS: 1800
SPS: 1799
SPS: 1799
SPS: 1799
SPS: 1799
SPS: 1799
SPS: 1799
SPS: 1799
SPS: 1799
SPS: 1799
SPS: 1799
SPS: 1799
SPS: 1798
SPS: 1798
SPS: 1798
SPS: 1798
SPS: 1798
SPS: 1798
SPS: 1798
SPS: 1798
SPS: 1798
SPS: 1798
SPS: 1798
SPS: 1798
SPS: 1798
SPS: 1798
SPS: 1797
SPS: 1797
SPS: 1797
SPS: 1797
SPS: 1797
SPS: 1797
SPS: 1797
SPS: 1797
global_step=774464, episodic_return=0.0
SPS: 1797
SPS: 1797
SPS: 1797
SPS: 1797
SPS: 1797
SPS: 1797
SPS: 1797
SPS: 1796
SPS: 1796
SPS: 1796
SPS: 1796
SPS: 1796
SPS: 1796
SPS: 1796
SPS: 1796
SPS: 1796
SPS: 1796
SPS: 1796
global_step=804064, episodic_return=0.0
global_step=804064, episodic_return=0.0
SPS: 1796
SPS: 1796
SPS: 1796
SPS: 1795
SPS: 1795
SPS: 1795
SPS: 1795
SPS: 1795
SPS: 1795
SPS: 1795
SPS: 1795
SPS: 1795
SPS: 1795
SPS: 1795
SPS: 1795
SPS: 1795
SPS: 1795
SPS: 1795
SPS: 1795
SPS: 1794
SPS: 1794
SPS: 1794
SPS: 1794
SPS: 1794
SPS: 1794
SPS: 1794
global_step=845936, episodic_return=0.0
SPS: 1794
SPS: 1794
SPS: 1794
SPS: 1794
SPS: 1794
SPS: 1794
SPS: 1794
SPS: 1794
SPS: 1794
SPS: 1793
global_step=862128, episodic_return=0.0
global_step=862128, episodic_return=0.0
SPS: 1793
SPS: 1793
SPS: 1793
SPS: 1793
SPS: 1793
SPS: 1793
SPS: 1793
SPS: 1793
SPS: 1793
SPS: 1793
SPS: 1793
SPS: 1793
SPS: 1793
SPS: 1793
SPS: 1793
SPS: 1792
global_step=887472, episodic_return=0.0
global_step=887472, episodic_return=0.0
SPS: 1792
SPS: 1792
SPS: 1792
SPS: 1792
SPS: 1792
SPS: 1792
SPS: 1792
SPS: 1792
SPS: 1792
SPS: 1792
SPS: 1792
SPS: 1792
SPS: 1792
SPS: 1792
SPS: 1792
SPS: 1792
SPS: 1792
SPS: 1791
global_step=915472, episodic_return=0.0
SPS: 1791
SPS: 1791
SPS: 1791
SPS: 1791
SPS: 1791
SPS: 1791
SPS: 1791
SPS: 1791
SPS: 1791
SPS: 1791
SPS: 1791
SPS: 1791
SPS: 1791
SPS: 1791
global_step=938736, episodic_return=0.0
global_step=938736, episodic_return=0.0
SPS: 1791
SPS: 1791
SPS: 1791
SPS: 1791
SPS: 1790
SPS: 1790
SPS: 1790
SPS: 1790
SPS: 1790
SPS: 1790
SPS: 1790
SPS: 1790
SPS: 1790
SPS: 1790
SPS: 1790
SPS: 1790
SPS: 1790
SPS: 1790
global_step=967520, episodic_return=0.0
SPS: 1789
SPS: 1789
SPS: 1789
SPS: 1789
SPS: 1789
SPS: 1789
SPS: 1789
SPS: 1789
SPS: 1788
SPS: 1788
SPS: 1788
SPS: 1788
SPS: 1788
SPS: 1788
SPS: 1788
SPS: 1788
SPS: 1787
SPS: 1787
SPS: 1787
SPS: 1787
SPS: 1787
SPS: 1787
SPS: 1787
SPS: 1786
SPS: 1786
SPS: 1786
SPS: 1786
SPS: 1786
SPS: 1786
SPS: 1786
SPS: 1785
SPS: 1785
SPS: 1785
SPS: 1785
SPS: 1785
SPS: 1785
SPS: 1785
SPS: 1785
SPS: 1785
SPS: 1785
SPS: 1784
SPS: 1784
SPS: 1784
SPS: 1784
SPS: 1784
SPS: 1784
SPS: 1784
SPS: 1784
SPS: 1783
SPS: 1783
SPS: 1783
SPS: 1783
global_step=1049744, episodic_return=0.0
global_step=1049744, episodic_return=0.0
SPS: 1783
SPS: 1783
SPS: 1783
SPS: 1782
SPS: 1782
SPS: 1782
SPS: 1782
SPS: 1782
SPS: 1782
SPS: 1782
global_step=1066752, episodic_return=0.0
global_step=1066752, episodic_return=0.0
SPS: 1782
SPS: 1782
SPS: 1781
SPS: 1781
SPS: 1781
SPS: 1781
SPS: 1781
SPS: 1781
SPS: 1781
SPS: 1781
SPS: 1781
SPS: 1780
SPS: 1780
SPS: 1780
SPS: 1780
SPS: 1780
SPS: 1780
SPS: 1780
SPS: 1780
SPS: 1780
SPS: 1780
SPS: 1779
SPS: 1779
SPS: 1779
SPS: 1779
SPS: 1779
SPS: 1779
SPS: 1779
SPS: 1779
SPS: 1779
SPS: 1779
SPS: 1778
SPS: 1778
SPS: 1778
SPS: 1778
SPS: 1778
global_step=1124304, episodic_return=0.0
SPS: 1778
SPS: 1778
SPS: 1778
SPS: 1778
SPS: 1778
SPS: 1778
SPS: 1778
SPS: 1777
SPS: 1777
SPS: 1777
SPS: 1777
SPS: 1777
SPS: 1777
SPS: 1777
SPS: 1777
SPS: 1777
SPS: 1777
SPS: 1776
SPS: 1776
SPS: 1776
SPS: 1776
SPS: 1776
SPS: 1776
SPS: 1776
SPS: 1776
SPS: 1776
SPS: 1776
SPS: 1775
SPS: 1775
SPS: 1775
SPS: 1775
global_step=1174064, episodic_return=0.0
global_step=1174064, episodic_return=0.0
SPS: 1775
SPS: 1775
SPS: 1775
SPS: 1775
SPS: 1775
SPS: 1775
SPS: 1775
SPS: 1774
SPS: 1774
SPS: 1774
SPS: 1774
SPS: 1774
SPS: 1774
SPS: 1774
SPS: 1774
SPS: 1774
SPS: 1774
SPS: 1774
SPS: 1773
SPS: 1773
SPS: 1773
SPS: 1773
SPS: 1773
SPS: 1773
SPS: 1773
SPS: 1773
SPS: 1773
SPS: 1773
SPS: 1772
SPS: 1772
SPS: 1772
SPS: 1772
SPS: 1772
SPS: 1772
SPS: 1772
SPS: 1772
SPS: 1772
global_step=1233216, episodic_return=0.0
SPS: 1772
SPS: 1772
SPS: 1772
SPS: 1772
SPS: 1772
SPS: 1772
SPS: 1772
SPS: 1771
SPS: 1771
SPS: 1771
SPS: 1771
SPS: 1771
SPS: 1771
SPS: 1771
SPS: 1771
global_step=1257600, episodic_return=0.0
global_step=1257600, episodic_return=0.0
SPS: 1771
SPS: 1771
SPS: 1771
SPS: 1770
SPS: 1770
SPS: 1770
SPS: 1770
SPS: 1770
SPS: 1770
SPS: 1770
SPS: 1770
SPS: 1770
SPS: 1770
global_step=1278336, episodic_return=0.0
global_step=1278336, episodic_return=0.0
SPS: 1770
SPS: 1770
SPS: 1770
SPS: 1770
SPS: 1770
SPS: 1769
SPS: 1769
SPS: 1769
SPS: 1769
SPS: 1769
SPS: 1769
SPS: 1769
SPS: 1769
SPS: 1769
SPS: 1769
SPS: 1769
global_step=1302480, episodic_return=0.0
SPS: 1769
SPS: 1768
SPS: 1768
SPS: 1768
SPS: 1768
SPS: 1768
SPS: 1768
SPS: 1768
SPS: 1768
SPS: 1768
SPS: 1768
SPS: 1768
SPS: 1768
global_step=1324800, episodic_return=0.0
global_step=1324800, episodic_return=0.0
SPS: 1767
SPS: 1767
SPS: 1767
SPS: 1767
SPS: 1767
SPS: 1767
SPS: 1767
SPS: 1767
SPS: 1767
SPS: 1767
SPS: 1767
SPS: 1767
SPS: 1767
SPS: 1767
SPS: 1766
SPS: 1766
SPS: 1766
SPS: 1766
SPS: 1766
SPS: 1766
SPS: 1766
global_step=1357216, episodic_return=0.0
SPS: 1766
SPS: 1766
SPS: 1766
SPS: 1766
SPS: 1766
SPS: 1766
SPS: 1766
SPS: 1765
SPS: 1765
SPS: 1765
SPS: 1765
SPS: 1765
SPS: 1765
SPS: 1765
SPS: 1765
SPS: 1765
SPS: 1765
SPS: 1765
SPS: 1765
SPS: 1765
SPS: 1764
SPS: 1764
SPS: 1764
SPS: 1764
SPS: 1764
SPS: 1764
SPS: 1764
SPS: 1764
SPS: 1764
SPS: 1764
SPS: 1764
SPS: 1764
SPS: 1764
SPS: 1764
SPS: 1763
SPS: 1763
SPS: 1763
SPS: 1763
SPS: 1763
SPS: 1763
SPS: 1763
SPS: 1763
SPS: 1763
SPS: 1763
SPS: 1763
SPS: 1763
global_step=1431840, episodic_return=0.0
global_step=1431840, episodic_return=0.0
SPS: 1763
SPS: 1763
SPS: 1763
SPS: 1763
SPS: 1763
SPS: 1762
SPS: 1762
SPS: 1762
SPS: 1762
SPS: 1762
SPS: 1762
SPS: 1762
SPS: 1762
global_step=1451392, episodic_return=0.0
global_step=1451392, episodic_return=0.0
SPS: 1762
SPS: 1762
SPS: 1762
SPS: 1762
SPS: 1762
SPS: 1762
SPS: 1762
SPS: 1761
SPS: 1761
SPS: 1761
SPS: 1761
SPS: 1761
SPS: 1761
SPS: 1761
global_step=1474288, episodic_return=0.0
SPS: 1761
SPS: 1761
SPS: 1761
SPS: 1761
SPS: 1761
SPS: 1761
SPS: 1761
SPS: 1761
SPS: 1760
SPS: 1760
SPS: 1760
SPS: 1760
SPS: 1760
SPS: 1760
SPS: 1760
SPS: 1760
SPS: 1760
SPS: 1760
SPS: 1760
SPS: 1760
SPS: 1760
SPS: 1760
SPS: 1760
SPS: 1760
SPS: 1760
SPS: 1760
SPS: 1760
SPS: 1759
SPS: 1759
SPS: 1759
SPS: 1759
SPS: 1759
SPS: 1759
SPS: 1759
SPS: 1759
SPS: 1759
SPS: 1759
SPS: 1759
SPS: 1759
SPS: 1759
SPS: 1759
SPS: 1759
SPS: 1759
SPS: 1759
SPS: 1759
SPS: 1759
SPS: 1758
SPS: 1758
SPS: 1758
SPS: 1758
SPS: 1758
SPS: 1758
SPS: 1758
SPS: 1758
SPS: 1758
SPS: 1758
SPS: 1758
SPS: 1758
global_step=1566816, episodic_return=0.0
global_step=1566816, episodic_return=0.0
SPS: 1758
SPS: 1758
SPS: 1758
SPS: 1758
SPS: 1758
SPS: 1757
SPS: 1757
SPS: 1757
SPS: 1757
SPS: 1757
SPS: 1757
SPS: 1757
SPS: 1757
SPS: 1757
SPS: 1757
SPS: 1757
SPS: 1757
global_step=1593696, episodic_return=0.0
SPS: 1757
SPS: 1757
SPS: 1757
SPS: 1757
SPS: 1757
SPS: 1757
SPS: 1757
SPS: 1757
SPS: 1757
SPS: 1757
SPS: 1756
SPS: 1756
SPS: 1756
SPS: 1756
SPS: 1756
SPS: 1756
SPS: 1756
SPS: 1756
global_step=1623088, episodic_return=0.0
global_step=1623088, episodic_return=0.0
SPS: 1756
SPS: 1756
SPS: 1756
SPS: 1756
SPS: 1756
SPS: 1756
SPS: 1756
SPS: 1756
SPS: 1756
SPS: 1756
SPS: 1755
SPS: 1755
SPS: 1755
SPS: 1755
SPS: 1755
SPS: 1755
SPS: 1755
SPS: 1755
SPS: 1755
SPS: 1755
SPS: 1755
SPS: 1755
SPS: 1755
SPS: 1755
SPS: 1755
SPS: 1755
SPS: 1755
SPS: 1755
SPS: 1754
SPS: 1754
SPS: 1754
SPS: 1754
global_step=1673776, episodic_return=0.0
global_step=1673776, episodic_return=0.0
SPS: 1754
SPS: 1754
SPS: 1754
SPS: 1754
SPS: 1754
SPS: 1754
SPS: 1754
SPS: 1754
SPS: 1754
SPS: 1754
SPS: 1754
SPS: 1754
SPS: 1754
SPS: 1754
SPS: 1754
SPS: 1754
SPS: 1754
SPS: 1754
SPS: 1753
SPS: 1753
SPS: 1753
global_step=1707824, episodic_return=0.0
SPS: 1753
SPS: 1753
SPS: 1753
SPS: 1753
SPS: 1753
SPS: 1753
SPS: 1753
SPS: 1753
SPS: 1753
SPS: 1753
SPS: 1753
SPS: 1753
SPS: 1753
SPS: 1753
SPS: 1753
SPS: 1753
SPS: 1753
global_step=1735840, episodic_return=0.0
global_step=1735840, episodic_return=0.0
SPS: 1753
SPS: 1753
SPS: 1753
SPS: 1753
SPS: 1753
SPS: 1752
SPS: 1752
SPS: 1752
SPS: 1752
SPS: 1752
SPS: 1752
SPS: 1752
SPS: 1752
SPS: 1752
global_step=1757056, episodic_return=0.0
SPS: 1752
SPS: 1752
SPS: 1752
SPS: 1752
SPS: 1752
SPS: 1752
SPS: 1752
SPS: 1752
SPS: 1752
SPS: 1752
SPS: 1752
global_step=1775696, episodic_return=0.0
global_step=1775696, episodic_return=0.0
SPS: 1752
SPS: 1752
SPS: 1752
SPS: 1752
SPS: 1752
SPS: 1751
SPS: 1751
SPS: 1751
SPS: 1751
SPS: 1751
SPS: 1751
SPS: 1751
SPS: 1751
SPS: 1751
SPS: 1751
SPS: 1751
SPS: 1751
SPS: 1751
SPS: 1751
SPS: 1751
SPS: 1751
SPS: 1751
SPS: 1751
SPS: 1751
SPS: 1751
SPS: 1751
SPS: 1751
SPS: 1751
global_step=1819904, episodic_return=0.0
global_step=1819904, episodic_return=0.0
SPS: 1751
SPS: 1751
SPS: 1750
SPS: 1750
SPS: 1750
SPS: 1750
SPS: 1750
SPS: 1750
SPS: 1750
SPS: 1750
SPS: 1750
SPS: 1750
SPS: 1750
SPS: 1750
SPS: 1750
SPS: 1750
SPS: 1750
global_step=1846960, episodic_return=0.0
SPS: 1750
SPS: 1750
SPS: 1750
SPS: 1750
SPS: 1750
SPS: 1750
SPS: 1750
SPS: 1750
SPS: 1750
SPS: 1750
SPS: 1750
SPS: 1750
SPS: 1750
SPS: 1750
SPS: 1749
SPS: 1749
SPS: 1749
SPS: 1749
SPS: 1749
SPS: 1749
global_step=1878864, episodic_return=0.0
global_step=1878864, episodic_return=0.0
SPS: 1749
SPS: 1749
SPS: 1749
SPS: 1749
SPS: 1749
SPS: 1749
SPS: 1749
SPS: 1749
SPS: 1749
SPS: 1749
SPS: 1749
SPS: 1749
SPS: 1749
SPS: 1749
SPS: 1749
SPS: 1749
SPS: 1749
SPS: 1749
SPS: 1749
SPS: 1749
SPS: 1749
SPS: 1749
SPS: 1749
SPS: 1749
SPS: 1748
SPS: 1748
SPS: 1748
SPS: 1748
SPS: 1748
SPS: 1748
SPS: 1748
SPS: 1748
global_step=1929968, episodic_return=0.0
SPS: 1748
SPS: 1748
SPS: 1748
SPS: 1748
SPS: 1748
SPS: 1748
SPS: 1748
SPS: 1748
SPS: 1748
SPS: 1748
global_step=1946128, episodic_return=0.0
global_step=1946128, episodic_return=0.0
SPS: 1748
SPS: 1748
SPS: 1748
SPS: 1748
SPS: 1748
SPS: 1748
SPS: 1748
SPS: 1748
SPS: 1748
SPS: 1748
SPS: 1747
SPS: 1747
SPS: 1747
SPS: 1747
SPS: 1747
SPS: 1747
global_step=1971360, episodic_return=0.0
global_step=1971360, episodic_return=0.0
SPS: 1747
SPS: 1747
SPS: 1747
SPS: 1747
SPS: 1747
SPS: 1747
SPS: 1747
SPS: 1747
SPS: 1747
SPS: 1747
SPS: 1747
SPS: 1747
SPS: 1747
SPS: 1747
SPS: 1747
SPS: 1747
SPS: 1747
SPS: 1747
SPS: 1747
SPS: 1747
SPS: 1747
SPS: 1747
SPS: 1746
SPS: 1746
SPS: 1746
SPS: 1746
SPS: 1746
SPS: 1746
SPS: 1746
global_step=2018144, episodic_return=0.0
SPS: 1746
SPS: 1746
SPS: 1746
SPS: 1746
SPS: 1746
SPS: 1746
SPS: 1746
SPS: 1746
SPS: 1746
SPS: 1746
global_step=2034432, episodic_return=0.0
global_step=2034432, episodic_return=0.0
SPS: 1746
SPS: 1746
SPS: 1746
SPS: 1746
SPS: 1746
SPS: 1746
SPS: 1746
SPS: 1746
SPS: 1746
SPS: 1746
SPS: 1745
SPS: 1745
SPS: 1745
SPS: 1745
SPS: 1745
SPS: 1745
SPS: 1745
SPS: 1745
SPS: 1745
SPS: 1745
SPS: 1745
SPS: 1745
global_step=2070208, episodic_return=0.0
SPS: 1745
SPS: 1745
SPS: 1745
SPS: 1745
SPS: 1745
SPS: 1745
SPS: 1745
SPS: 1745
SPS: 1745
SPS: 1745
SPS: 1745
SPS: 1745
SPS: 1745
SPS: 1745
SPS: 1745
SPS: 1745
SPS: 1745
SPS: 1745
SPS: 1745
SPS: 1744
SPS: 1744
SPS: 1744
global_step=2105136, episodic_return=0.0
global_step=2105136, episodic_return=0.0
SPS: 1744
SPS: 1744
SPS: 1744
SPS: 1744
SPS: 1744
SPS: 1744
SPS: 1744
SPS: 1744
SPS: 1744
SPS: 1744
SPS: 1744
SPS: 1744
SPS: 1744
SPS: 1744
SPS: 1744
SPS: 1744
SPS: 1744
SPS: 1744
global_step=2133088, episodic_return=0.0
global_step=2133088, episodic_return=0.0
SPS: 1744
SPS: 1744
SPS: 1744
SPS: 1744
SPS: 1744
SPS: 1744
SPS: 1744
SPS: 1744
SPS: 1744
SPS: 1744
SPS: 1744
SPS: 1743
SPS: 1743
SPS: 1743
SPS: 1743
SPS: 1743
SPS: 1743
SPS: 1743
SPS: 1743
SPS: 1743
SPS: 1743
SPS: 1743
SPS: 1743
SPS: 1743
SPS: 1743
SPS: 1743
SPS: 1743
SPS: 1743
SPS: 1743
SPS: 1743
SPS: 1743
SPS: 1743
SPS: 1743
global_step=2186384, episodic_return=0.0
SPS: 1743
SPS: 1743
SPS: 1743
SPS: 1743
SPS: 1743
SPS: 1743
SPS: 1743
SPS: 1743
SPS: 1742
SPS: 1742
SPS: 1742
SPS: 1742
SPS: 1742
SPS: 1742
SPS: 1742
SPS: 1742
SPS: 1742
SPS: 1742
SPS: 1742
SPS: 1742
SPS: 1742
SPS: 1742
SPS: 1742
global_step=2223040, episodic_return=0.0
global_step=2223040, episodic_return=0.0
SPS: 1742
SPS: 1742
SPS: 1742
SPS: 1742
SPS: 1742
SPS: 1742
SPS: 1742
SPS: 1742
SPS: 1742
SPS: 1742
SPS: 1742
SPS: 1742
SPS: 1742
SPS: 1742
SPS: 1742
SPS: 1742
SPS: 1742
SPS: 1742
SPS: 1742
SPS: 1742
SPS: 1742
SPS: 1742
SPS: 1742
SPS: 1742
SPS: 1742
SPS: 1742
SPS: 1742
SPS: 1742
SPS: 1742
SPS: 1742
SPS: 1742
SPS: 1741
SPS: 1741
SPS: 1741
SPS: 1741
SPS: 1741
SPS: 1741
SPS: 1741
SPS: 1741
SPS: 1741
SPS: 1741
global_step=2288912, episodic_return=0.0
SPS: 1741
SPS: 1741
SPS: 1741
SPS: 1741
SPS: 1741
SPS: 1741
SPS: 1741
SPS: 1741
SPS: 1741
SPS: 1741
SPS: 1741
SPS: 1741
SPS: 1741
SPS: 1741
SPS: 1741
SPS: 1741
SPS: 1741
SPS: 1741
SPS: 1741
SPS: 1741
SPS: 1741
SPS: 1741
SPS: 1741
SPS: 1741
SPS: 1741
SPS: 1741
SPS: 1741
SPS: 1741
SPS: 1740
SPS: 1740
SPS: 1740
SPS: 1740
SPS: 1740
SPS: 1740
SPS: 1740
SPS: 1740
SPS: 1740
SPS: 1740
SPS: 1740
SPS: 1740
SPS: 1740
SPS: 1740
SPS: 1740
SPS: 1740
SPS: 1740
SPS: 1740
SPS: 1740
SPS: 1740
SPS: 1740
SPS: 1740
SPS: 1740
SPS: 1740
SPS: 1740
SPS: 1740
SPS: 1740
SPS: 1740
global_step=2378032, episodic_return=0.0
global_step=2378032, episodic_return=0.0
SPS: 1740
SPS: 1740
SPS: 1740
SPS: 1740
SPS: 1740
SPS: 1740
SPS: 1739
SPS: 1739
SPS: 1739
SPS: 1739
SPS: 1739
SPS: 1739
SPS: 1739
SPS: 1739
SPS: 1739
global_step=2402144, episodic_return=0.0
global_step=2402144, episodic_return=0.0
SPS: 1739
SPS: 1739
SPS: 1739
SPS: 1739
SPS: 1739
SPS: 1739
SPS: 1739
SPS: 1739
SPS: 1739
SPS: 1739
SPS: 1739
SPS: 1739
SPS: 1739
SPS: 1739
SPS: 1739
SPS: 1739
SPS: 1739
global_step=2429376, episodic_return=0.0
SPS: 1739
SPS: 1739
SPS: 1739
SPS: 1739
SPS: 1739
SPS: 1739
SPS: 1739
SPS: 1739
SPS: 1739
SPS: 1739
SPS: 1739
SPS: 1739
SPS: 1739
SPS: 1739
SPS: 1739
SPS: 1738
SPS: 1738
SPS: 1738
SPS: 1738
global_step=2459392, episodic_return=0.0
global_step=2459392, episodic_return=0.0
SPS: 1738
SPS: 1738
SPS: 1738
SPS: 1738
SPS: 1738
SPS: 1738
SPS: 1738
SPS: 1738
SPS: 1738
SPS: 1738
SPS: 1738
SPS: 1738
global_step=2479824, episodic_return=0.0
SPS: 1738
SPS: 1738
SPS: 1738
SPS: 1738
SPS: 1738
SPS: 1738
SPS: 1738
SPS: 1738
SPS: 1738
SPS: 1738
SPS: 1738
SPS: 1738
SPS: 1738
SPS: 1738
SPS: 1738
SPS: 1738
SPS: 1738
SPS: 1738
global_step=2508176, episodic_return=0.0
global_step=2508176, episodic_return=0.0
SPS: 1738
SPS: 1738
SPS: 1738
SPS: 1738
SPS: 1738
SPS: 1738
SPS: 1738
SPS: 1738
SPS: 1737
SPS: 1737
SPS: 1737
SPS: 1737
SPS: 1737
SPS: 1737
SPS: 1737
global_step=2531280, episodic_return=0.0
global_step=2531280, episodic_return=0.0
SPS: 1737
SPS: 1737
SPS: 1737
SPS: 1737
SPS: 1737
SPS: 1737
SPS: 1737
SPS: 1737
SPS: 1737
SPS: 1737
SPS: 1737
SPS: 1737
SPS: 1737
SPS: 1737
SPS: 1737
SPS: 1737
SPS: 1737
SPS: 1737
SPS: 1737
SPS: 1737
SPS: 1737
SPS: 1737
SPS: 1737
global_step=2568736, episodic_return=0.0
SPS: 1737
SPS: 1737
SPS: 1737
SPS: 1737
SPS: 1737
SPS: 1737
SPS: 1737
SPS: 1737
SPS: 1737
SPS: 1737
SPS: 1737
SPS: 1737
SPS: 1737
SPS: 1737
SPS: 1737
global_step=2592880, episodic_return=0.0
global_step=2592880, episodic_return=0.0
SPS: 1737
SPS: 1737
SPS: 1737
SPS: 1737
SPS: 1737
SPS: 1737
SPS: 1736
SPS: 1736
SPS: 1736
SPS: 1736
SPS: 1736
SPS: 1736
SPS: 1736
global_step=2613296, episodic_return=0.0
SPS: 1736
SPS: 1736
SPS: 1736
SPS: 1736
SPS: 1736
SPS: 1736
SPS: 1736
SPS: 1736
SPS: 1736
global_step=2628240, episodic_return=0.0
global_step=2628240, episodic_return=0.0
SPS: 1736
SPS: 1736
SPS: 1736
SPS: 1736
SPS: 1736
SPS: 1736
SPS: 1736
SPS: 1736
SPS: 1736
SPS: 1736
SPS: 1736
SPS: 1736
SPS: 1736
SPS: 1736
SPS: 1736
SPS: 1736
SPS: 1736
SPS: 1736
SPS: 1736
SPS: 1736
SPS: 1736
SPS: 1736
SPS: 1736
SPS: 1736
SPS: 1736
SPS: 1736
SPS: 1736
global_step=2671088, episodic_return=0.0
global_step=2671088, episodic_return=0.0
SPS: 1736
SPS: 1736
SPS: 1736
SPS: 1736
SPS: 1736
SPS: 1735
SPS: 1735
SPS: 1735
SPS: 1735
SPS: 1735
SPS: 1735
SPS: 1735
SPS: 1735
SPS: 1735
SPS: 1735
SPS: 1735
SPS: 1735
SPS: 1735
SPS: 1735
SPS: 1735
SPS: 1735
SPS: 1735
global_step=2705728, episodic_return=0.0
SPS: 1735
SPS: 1735
SPS: 1735
SPS: 1735
SPS: 1735
SPS: 1735
SPS: 1735
SPS: 1735
SPS: 1735
SPS: 1735
SPS: 1735
SPS: 1735
global_step=2724848, episodic_return=0.0
global_step=2724848, episodic_return=0.0
SPS: 1735
SPS: 1735
SPS: 1735
SPS: 1735
SPS: 1735
SPS: 1735
SPS: 1735
SPS: 1735
SPS: 1735
SPS: 1735
SPS: 1735
SPS: 1735
SPS: 1735
SPS: 1735
SPS: 1735
SPS: 1735
SPS: 1735
SPS: 1735
SPS: 1735
SPS: 1735
SPS: 1735
SPS: 1735
SPS: 1735
SPS: 1735
SPS: 1735
SPS: 1735
SPS: 1735
global_step=2768416, episodic_return=0.0
SPS: 1735
SPS: 1734
SPS: 1734
SPS: 1734
SPS: 1734
SPS: 1734
SPS: 1734
SPS: 1734
SPS: 1734
SPS: 1734
SPS: 1734
SPS: 1734
SPS: 1734
SPS: 1734
SPS: 1734
SPS: 1734
SPS: 1734
SPS: 1734
SPS: 1734
global_step=2798576, episodic_return=0.0
global_step=2798576, episodic_return=0.0
SPS: 1734
SPS: 1734
SPS: 1734
SPS: 1734
SPS: 1734
SPS: 1734
SPS: 1734
SPS: 1734
SPS: 1734
SPS: 1734
SPS: 1734
global_step=2816928, episodic_return=0.0
global_step=2816928, episodic_return=0.0
SPS: 1734
SPS: 1734
SPS: 1734
SPS: 1734
SPS: 1734
SPS: 1734
SPS: 1734
SPS: 1734
SPS: 1734
SPS: 1734
SPS: 1734
SPS: 1734
SPS: 1734
SPS: 1734
SPS: 1734
SPS: 1734
SPS: 1734
SPS: 1734
SPS: 1734
SPS: 1734
SPS: 1734
SPS: 1734
SPS: 1734
SPS: 1734
SPS: 1734
SPS: 1734
SPS: 1734
SPS: 1734
SPS: 1734
SPS: 1734
SPS: 1734
SPS: 1734
SPS: 1734
SPS: 1734
SPS: 1734
SPS: 1734
SPS: 1734
SPS: 1734
SPS: 1734
SPS: 1734
SPS: 1734
SPS: 1734
SPS: 1734
SPS: 1733
SPS: 1733
SPS: 1733
SPS: 1733
SPS: 1733
SPS: 1733
SPS: 1733
SPS: 1733
SPS: 1733
SPS: 1733
SPS: 1733
SPS: 1733
SPS: 1733
SPS: 1733
SPS: 1733
SPS: 1733
SPS: 1733
SPS: 1733
SPS: 1733
SPS: 1733
SPS: 1733
SPS: 1733
SPS: 1733
SPS: 1733
SPS: 1733
SPS: 1733
SPS: 1733
SPS: 1733
SPS: 1733
SPS: 1733
SPS: 1733
SPS: 1733
SPS: 1733
SPS: 1733
SPS: 1733
SPS: 1733
SPS: 1733
SPS: 1733
SPS: 1733
SPS: 1733
global_step=2949504, episodic_return=0.0
SPS: 1733
SPS: 1733
SPS: 1733
SPS: 1733
SPS: 1733
SPS: 1733
SPS: 1733
SPS: 1733
SPS: 1733
SPS: 1733
SPS: 1733
SPS: 1733
SPS: 1733
SPS: 1733
SPS: 1733
SPS: 1733
SPS: 1732
SPS: 1732
SPS: 1732
SPS: 1732
SPS: 1732
SPS: 1732
SPS: 1732
SPS: 1732
SPS: 1732
SPS: 1732
SPS: 1732
SPS: 1732
SPS: 1732
SPS: 1732
SPS: 1732
SPS: 1732
SPS: 1732
SPS: 1732
SPS: 1732
SPS: 1732
SPS: 1732
SPS: 1732
global_step=3010208, episodic_return=0.0
global_step=3010208, episodic_return=0.0
SPS: 1732
SPS: 1732
SPS: 1732
SPS: 1732
SPS: 1732
SPS: 1732
SPS: 1732
SPS: 1732
SPS: 1732
SPS: 1732
SPS: 1732
SPS: 1732
SPS: 1732
SPS: 1732
SPS: 1732
SPS: 1732
SPS: 1732
SPS: 1732
SPS: 1732
SPS: 1732
SPS: 1732
global_step=3044096, episodic_return=0.0
SPS: 1732
SPS: 1732
SPS: 1732
SPS: 1732
SPS: 1732
SPS: 1732
SPS: 1732
SPS: 1732
SPS: 1732
SPS: 1732
SPS: 1732
SPS: 1732
SPS: 1732
SPS: 1732
SPS: 1732
global_step=3067600, episodic_return=0.0
global_step=3067600, episodic_return=0.0
SPS: 1732
SPS: 1732
SPS: 1732
SPS: 1732
SPS: 1732
SPS: 1732
SPS: 1732
SPS: 1732
SPS: 1732
SPS: 1732
SPS: 1732
SPS: 1732
SPS: 1732
global_step=3089536, episodic_return=0.0
global_step=3089536, episodic_return=0.0
SPS: 1732
SPS: 1732
SPS: 1732
SPS: 1732
SPS: 1732
SPS: 1731
SPS: 1731
SPS: 1731
SPS: 1731
SPS: 1731
SPS: 1731
SPS: 1731
SPS: 1731
SPS: 1731
SPS: 1731
SPS: 1731
SPS: 1731
SPS: 1731
SPS: 1731
SPS: 1731
SPS: 1731
SPS: 1731
SPS: 1731
SPS: 1731
SPS: 1731
SPS: 1731
SPS: 1731
SPS: 1731
SPS: 1731
SPS: 1731
SPS: 1731
global_step=3138064, episodic_return=0.0
SPS: 1731
SPS: 1731
SPS: 1731
SPS: 1731
SPS: 1731
SPS: 1731
SPS: 1731
SPS: 1731
SPS: 1731
SPS: 1731
SPS: 1731
SPS: 1731
SPS: 1731
global_step=3159312, episodic_return=0.0
global_step=3159312, episodic_return=0.0
SPS: 1731
SPS: 1731
SPS: 1731
SPS: 1731
SPS: 1731
SPS: 1731
SPS: 1731
SPS: 1731
SPS: 1731
global_step=3174048, episodic_return=0.0
SPS: 1731
SPS: 1731
SPS: 1731
SPS: 1731
SPS: 1731
SPS: 1731
SPS: 1731
SPS: 1731
SPS: 1731
SPS: 1731
SPS: 1731
SPS: 1731
SPS: 1731
SPS: 1731
SPS: 1731
SPS: 1731
SPS: 1731
SPS: 1731
SPS: 1731
SPS: 1731
SPS: 1731
SPS: 1731
SPS: 1731
SPS: 1731
SPS: 1730
SPS: 1730
SPS: 1730
SPS: 1730
SPS: 1730
SPS: 1730
SPS: 1730
SPS: 1730
SPS: 1730
global_step=3227056, episodic_return=0.0
global_step=3227056, episodic_return=0.0
SPS: 1730
SPS: 1730
SPS: 1730
SPS: 1730
SPS: 1730
SPS: 1730
SPS: 1730
SPS: 1730
SPS: 1730
SPS: 1730
SPS: 1730
SPS: 1730
global_step=3245344, episodic_return=0.0
global_step=3245344, episodic_return=0.0
SPS: 1730
SPS: 1730
SPS: 1730
SPS: 1730
SPS: 1730
SPS: 1730
SPS: 1730
SPS: 1730
SPS: 1730
SPS: 1730
SPS: 1730
SPS: 1730
SPS: 1730
SPS: 1730
SPS: 1730
SPS: 1730
SPS: 1730
SPS: 1730
SPS: 1730
SPS: 1730
SPS: 1730
SPS: 1730
SPS: 1730
SPS: 1730
SPS: 1730
SPS: 1730
SPS: 1730
SPS: 1730
SPS: 1730
SPS: 1730
SPS: 1730
global_step=3294496, episodic_return=0.0
SPS: 1730
SPS: 1730
SPS: 1730
SPS: 1730
SPS: 1730
SPS: 1730
SPS: 1730
SPS: 1730
SPS: 1730
SPS: 1730
SPS: 1730
SPS: 1730
SPS: 1730
SPS: 1730
SPS: 1730
SPS: 1730
SPS: 1730
SPS: 1730
SPS: 1730
SPS: 1730
SPS: 1730
SPS: 1730
SPS: 1730
SPS: 1730
SPS: 1730
SPS: 1730
SPS: 1730
SPS: 1729
SPS: 1729
SPS: 1729
SPS: 1729
SPS: 1729
global_step=3346160, episodic_return=0.0
global_step=3346160, episodic_return=0.0
SPS: 1729
SPS: 1729
SPS: 1729
SPS: 1729
SPS: 1729
SPS: 1729
SPS: 1729
SPS: 1729
SPS: 1729
SPS: 1729
SPS: 1729
SPS: 1729
global_step=3365824, episodic_return=0.0
SPS: 1729
SPS: 1729
SPS: 1729
SPS: 1729
SPS: 1729
SPS: 1729
SPS: 1729
SPS: 1729
SPS: 1729
SPS: 1729
SPS: 1729
SPS: 1729
SPS: 1729
SPS: 1729
SPS: 1729
global_step=3388928, episodic_return=0.0
global_step=3388928, episodic_return=0.0
SPS: 1729
SPS: 1729
SPS: 1729
SPS: 1729
SPS: 1729
SPS: 1729
SPS: 1729
SPS: 1729
SPS: 1729
SPS: 1729
SPS: 1729
global_step=3407904, episodic_return=0.0
global_step=3407904, episodic_return=0.0
SPS: 1729
SPS: 1729
SPS: 1729
SPS: 1729
SPS: 1729
SPS: 1729
SPS: 1729
SPS: 1729
SPS: 1729
SPS: 1729
SPS: 1729
SPS: 1729
SPS: 1729
SPS: 1729
global_step=3429024, episodic_return=0.0
SPS: 1729
SPS: 1729
SPS: 1729
SPS: 1729
SPS: 1729
SPS: 1729
SPS: 1729
SPS: 1729
SPS: 1729
SPS: 1729
SPS: 1729
SPS: 1729
SPS: 1729
SPS: 1729
SPS: 1729
SPS: 1729
SPS: 1729
SPS: 1729
global_step=3458816, episodic_return=0.0
global_step=3458816, episodic_return=0.0
SPS: 1729
SPS: 1729
SPS: 1728
SPS: 1728
SPS: 1728
SPS: 1728
SPS: 1728
SPS: 1728
SPS: 1728
SPS: 1728
SPS: 1728
SPS: 1728
SPS: 1728
SPS: 1728
SPS: 1728
SPS: 1728
SPS: 1728
SPS: 1728
SPS: 1728
SPS: 1728
global_step=3490624, episodic_return=0.0
SPS: 1728
SPS: 1728
SPS: 1728
SPS: 1728
SPS: 1728
SPS: 1728
SPS: 1728
SPS: 1728
SPS: 1728
SPS: 1728
SPS: 1728
SPS: 1728
SPS: 1728
global_step=3510720, episodic_return=0.0
global_step=3510720, episodic_return=0.0
SPS: 1728
SPS: 1728
SPS: 1728
SPS: 1728
SPS: 1728
SPS: 1728
SPS: 1728
SPS: 1728
SPS: 1728
SPS: 1728
SPS: 1728
SPS: 1728
SPS: 1728
SPS: 1728
SPS: 1728
SPS: 1728
global_step=3536400, episodic_return=0.0
global_step=3536400, episodic_return=0.0
SPS: 1728
SPS: 1728
SPS: 1728
SPS: 1728
SPS: 1728
SPS: 1728
SPS: 1728
SPS: 1728
SPS: 1728
SPS: 1728
SPS: 1728
SPS: 1728
SPS: 1728
SPS: 1728
SPS: 1728
SPS: 1728
SPS: 1728
global_step=3564768, episodic_return=0.0
SPS: 1728
SPS: 1728
SPS: 1728
SPS: 1728
SPS: 1728
SPS: 1728
SPS: 1728
SPS: 1728
SPS: 1728
SPS: 1728
SPS: 1728
SPS: 1728
SPS: 1728
SPS: 1728
SPS: 1728
SPS: 1728
global_step=3589296, episodic_return=0.0
global_step=3589296, episodic_return=0.0
SPS: 1728
SPS: 1728
SPS: 1727
SPS: 1727
SPS: 1727
SPS: 1727
SPS: 1727
SPS: 1727
SPS: 1727
SPS: 1727
global_step=3605312, episodic_return=0.0
SPS: 1727
SPS: 1727
SPS: 1727
SPS: 1727
SPS: 1727
SPS: 1727
SPS: 1727
SPS: 1727
SPS: 1727
SPS: 1727
SPS: 1727
SPS: 1727
SPS: 1727
SPS: 1727
global_step=3627568, episodic_return=0.0
global_step=3627568, episodic_return=0.0
SPS: 1727
SPS: 1727
SPS: 1727
SPS: 1727
SPS: 1727
SPS: 1727
SPS: 1727
SPS: 1727
SPS: 1727
SPS: 1727
SPS: 1727
SPS: 1727
SPS: 1727
SPS: 1727
SPS: 1727
SPS: 1727
SPS: 1727
global_step=3654464, episodic_return=0.0
global_step=3654464, episodic_return=0.0
SPS: 1727
SPS: 1727
SPS: 1727
SPS: 1727
SPS: 1727
SPS: 1727
SPS: 1727
SPS: 1727
SPS: 1727
SPS: 1727
SPS: 1727
SPS: 1727
SPS: 1727
SPS: 1727
SPS: 1727
SPS: 1727
global_step=3680720, episodic_return=0.0
SPS: 1727
SPS: 1727
SPS: 1727
SPS: 1727
SPS: 1727
SPS: 1727
SPS: 1727
SPS: 1727
SPS: 1727
SPS: 1727
SPS: 1727
SPS: 1727
SPS: 1727
SPS: 1727
SPS: 1727
SPS: 1727
global_step=3706912, episodic_return=0.0
global_step=3706912, episodic_return=0.0
SPS: 1727
SPS: 1727
SPS: 1727
SPS: 1727
SPS: 1727
SPS: 1727
SPS: 1727
SPS: 1727
SPS: 1726
SPS: 1726
SPS: 1726
SPS: 1726
SPS: 1726
SPS: 1726
SPS: 1726
SPS: 1726
SPS: 1726
SPS: 1726
SPS: 1726
SPS: 1726
SPS: 1726
SPS: 1726
SPS: 1726
SPS: 1726
SPS: 1726
SPS: 1726
SPS: 1726
SPS: 1726
SPS: 1726
SPS: 1726
SPS: 1726
SPS: 1726
SPS: 1726
global_step=3758432, episodic_return=0.0
SPS: 1726
SPS: 1726
SPS: 1726
SPS: 1726
SPS: 1726
SPS: 1726
SPS: 1726
SPS: 1726
SPS: 1726
SPS: 1726
SPS: 1726
SPS: 1726
global_step=3778960, episodic_return=0.0
global_step=3778960, episodic_return=0.0
SPS: 1726
SPS: 1726
SPS: 1726
SPS: 1726
SPS: 1726
SPS: 1726
SPS: 1726
SPS: 1726
SPS: 1726
SPS: 1726
SPS: 1726
SPS: 1726
SPS: 1726
SPS: 1726
SPS: 1726
SPS: 1726
SPS: 1726
SPS: 1726
global_step=3806848, episodic_return=0.0
global_step=3806848, episodic_return=0.0
SPS: 1726
SPS: 1726
SPS: 1726
SPS: 1726
SPS: 1726
SPS: 1726
SPS: 1726
SPS: 1726
SPS: 1726
SPS: 1726
SPS: 1726
SPS: 1726
SPS: 1726
SPS: 1726
SPS: 1726
SPS: 1726
SPS: 1726
SPS: 1726
SPS: 1726
SPS: 1726
SPS: 1726
SPS: 1726
global_step=3843120, episodic_return=0.0
SPS: 1726
SPS: 1726
SPS: 1726
SPS: 1726
SPS: 1726
SPS: 1726
SPS: 1726
SPS: 1726
SPS: 1726
SPS: 1726
SPS: 1726
SPS: 1726
SPS: 1726
SPS: 1726
SPS: 1726
SPS: 1726
SPS: 1726
SPS: 1726
SPS: 1726
SPS: 1726
SPS: 1726
SPS: 1726
SPS: 1726
SPS: 1726
SPS: 1726
SPS: 1726
SPS: 1726
SPS: 1726
SPS: 1726
SPS: 1726
SPS: 1726
SPS: 1726
SPS: 1726
SPS: 1726
SPS: 1726
SPS: 1726
SPS: 1726
SPS: 1726
global_step=3903296, episodic_return=0.0
global_step=3903296, episodic_return=0.0
SPS: 1726
SPS: 1726
SPS: 1726
SPS: 1726
SPS: 1726
SPS: 1726
SPS: 1726
SPS: 1725
SPS: 1725
SPS: 1725
SPS: 1725
SPS: 1725
SPS: 1725
SPS: 1725
SPS: 1725
SPS: 1725
SPS: 1725
SPS: 1725
SPS: 1725
SPS: 1725
SPS: 1725
SPS: 1725
SPS: 1725
SPS: 1725
SPS: 1725
SPS: 1725
SPS: 1725
SPS: 1725
SPS: 1725
SPS: 1725
global_step=3951824, episodic_return=0.0
SPS: 1725
SPS: 1725
SPS: 1725
SPS: 1725
SPS: 1725
SPS: 1725
SPS: 1725
SPS: 1725
SPS: 1725
SPS: 1725
SPS: 1725
SPS: 1725
SPS: 1725
SPS: 1725
SPS: 1725
SPS: 1725
SPS: 1725
SPS: 1725
SPS: 1725
SPS: 1725
SPS: 1725
SPS: 1725
SPS: 1725
SPS: 1725
global_step=3988928, episodic_return=0.0
global_step=3988928, episodic_return=0.0
SPS: 1725
SPS: 1725
SPS: 1725
SPS: 1725
SPS: 1725
SPS: 1725
SPS: 1725
SPS: 1725
SPS: 1725
SPS: 1725
SPS: 1725
SPS: 1725
SPS: 1725
SPS: 1725
SPS: 1725
SPS: 1725
SPS: 1725
SPS: 1725
SPS: 1725
SPS: 1725
SPS: 1725
SPS: 1725
SPS: 1725
SPS: 1725
SPS: 1725
SPS: 1725
SPS: 1725
SPS: 1725
SPS: 1725
SPS: 1725
SPS: 1725
global_step=4038960, episodic_return=0.0
global_step=4038960, episodic_return=0.0
SPS: 1725
SPS: 1725
SPS: 1725
SPS: 1725
SPS: 1725
SPS: 1725
SPS: 1725
SPS: 1725
SPS: 1725
SPS: 1725
SPS: 1725
SPS: 1725
SPS: 1725
SPS: 1725
SPS: 1725
SPS: 1725
SPS: 1725
SPS: 1725
SPS: 1725
SPS: 1725
SPS: 1725
SPS: 1725
SPS: 1725
SPS: 1725
SPS: 1725
SPS: 1725
SPS: 1725
SPS: 1725
SPS: 1725
SPS: 1725
SPS: 1725
global_step=4088752, episodic_return=0.0
SPS: 1725
SPS: 1725
SPS: 1725
SPS: 1725
SPS: 1725
SPS: 1725
SPS: 1725
SPS: 1725
SPS: 1725
SPS: 1725
SPS: 1725
SPS: 1725
SPS: 1725
SPS: 1725
SPS: 1725
SPS: 1725
SPS: 1725
SPS: 1725
SPS: 1725
SPS: 1725
SPS: 1725
SPS: 1725
SPS: 1725
SPS: 1725
SPS: 1724
SPS: 1724
global_step=4130144, episodic_return=0.0
global_step=4130144, episodic_return=0.0
SPS: 1724
SPS: 1724
SPS: 1724
SPS: 1724
SPS: 1724
SPS: 1724
SPS: 1724
SPS: 1724
SPS: 1724
SPS: 1724
SPS: 1724
SPS: 1724
SPS: 1724
SPS: 1724
SPS: 1724
SPS: 1724
SPS: 1724
SPS: 1724
SPS: 1724
SPS: 1724
SPS: 1724
SPS: 1724
SPS: 1724
SPS: 1724
SPS: 1724
SPS: 1724
SPS: 1724
SPS: 1724
SPS: 1724
SPS: 1724
SPS: 1724
SPS: 1724
SPS: 1724
SPS: 1724
SPS: 1724
SPS: 1724
SPS: 1724
SPS: 1724
SPS: 1724
SPS: 1724
SPS: 1724
SPS: 1724
global_step=4196816, episodic_return=0.0
SPS: 1724
SPS: 1724
SPS: 1724
SPS: 1724
SPS: 1724
SPS: 1724
SPS: 1724
SPS: 1724
SPS: 1724
SPS: 1724
SPS: 1724
SPS: 1724
SPS: 1724
SPS: 1724
global_step=4220208, episodic_return=0.0
global_step=4220208, episodic_return=0.0
SPS: 1724
SPS: 1724
SPS: 1724
SPS: 1724
SPS: 1724
SPS: 1724
SPS: 1724
SPS: 1724
SPS: 1724
SPS: 1724
SPS: 1724
SPS: 1724
SPS: 1724
SPS: 1724
SPS: 1724
SPS: 1724
SPS: 1724
SPS: 1724
SPS: 1724
SPS: 1724
global_step=4252736, episodic_return=0.0
global_step=4252736, episodic_return=0.0
SPS: 1724
SPS: 1724
SPS: 1724
SPS: 1724
SPS: 1724
SPS: 1724
SPS: 1724
SPS: 1724
SPS: 1724
SPS: 1724
SPS: 1724
SPS: 1724
SPS: 1724
global_step=4273328, episodic_return=0.0
SPS: 1724
SPS: 1724
SPS: 1724
SPS: 1724
SPS: 1724
SPS: 1724
SPS: 1724
SPS: 1724
SPS: 1724
SPS: 1724
SPS: 1724
SPS: 1724
SPS: 1724
SPS: 1724
SPS: 1724
SPS: 1724
SPS: 1724
global_step=4299504, episodic_return=0.0
global_step=4299504, episodic_return=0.0
SPS: 1724
SPS: 1723
SPS: 1723
SPS: 1723
SPS: 1723
SPS: 1723
SPS: 1723
SPS: 1723
SPS: 1723
SPS: 1723
SPS: 1723
SPS: 1723
SPS: 1723
SPS: 1723
SPS: 1723
SPS: 1723
SPS: 1723
SPS: 1723
global_step=4329200, episodic_return=0.0
SPS: 1723
SPS: 1723
SPS: 1723
SPS: 1723
SPS: 1723
SPS: 1723
SPS: 1723
SPS: 1723
SPS: 1723
SPS: 1723
SPS: 1723
SPS: 1723
SPS: 1723
SPS: 1723
global_step=4350880, episodic_return=0.0
global_step=4350880, episodic_return=0.0
SPS: 1723
SPS: 1723
SPS: 1723
SPS: 1723
SPS: 1723
SPS: 1723
SPS: 1723
SPS: 1723
SPS: 1723
SPS: 1723
SPS: 1723
SPS: 1723
SPS: 1723
SPS: 1723
SPS: 1723
global_step=4375824, episodic_return=0.0
global_step=4375824, episodic_return=0.0
SPS: 1723
SPS: 1723
SPS: 1723
SPS: 1723
SPS: 1723
SPS: 1723
SPS: 1723
SPS: 1723
SPS: 1723
SPS: 1723
SPS: 1723
SPS: 1723
SPS: 1723
SPS: 1723
SPS: 1723
SPS: 1723
SPS: 1723
SPS: 1723
SPS: 1723
global_step=4406400, episodic_return=0.0
SPS: 1723
SPS: 1723
SPS: 1723
SPS: 1723
SPS: 1723
SPS: 1723
SPS: 1723
SPS: 1723
SPS: 1723
SPS: 1723
SPS: 1723
global_step=4422704, episodic_return=0.0
global_step=4422704, episodic_return=0.0
SPS: 1723
SPS: 1723
SPS: 1723
SPS: 1723
SPS: 1723
SPS: 1723
SPS: 1723
SPS: 1723
SPS: 1723
SPS: 1723
SPS: 1723
SPS: 1723
SPS: 1723
SPS: 1723
SPS: 1723
SPS: 1723
SPS: 1723
SPS: 1723
SPS: 1723
SPS: 1723
global_step=4454560, episodic_return=0.0
SPS: 1723
SPS: 1723
SPS: 1723
SPS: 1723
SPS: 1723
SPS: 1723
SPS: 1723
SPS: 1723
SPS: 1723
SPS: 1723
SPS: 1723
SPS: 1723
SPS: 1723
SPS: 1723
SPS: 1723
global_step=4479216, episodic_return=0.0
global_step=4479216, episodic_return=0.0
SPS: 1723
SPS: 1723
SPS: 1723
SPS: 1723
SPS: 1723
SPS: 1723
SPS: 1723
SPS: 1723
SPS: 1723
SPS: 1723
SPS: 1723
SPS: 1723
SPS: 1723
SPS: 1723
SPS: 1723
SPS: 1723
SPS: 1723
SPS: 1723
SPS: 1723
SPS: 1723
SPS: 1723
SPS: 1723
SPS: 1723
SPS: 1723
global_step=4517584, episodic_return=0.0
global_step=4517584, episodic_return=0.0
SPS: 1723
SPS: 1723
SPS: 1723
SPS: 1723
SPS: 1723
SPS: 1723
SPS: 1723
SPS: 1723
SPS: 1723
SPS: 1723
SPS: 1723
SPS: 1723
SPS: 1723
SPS: 1723
SPS: 1723
SPS: 1723
SPS: 1723
SPS: 1723
SPS: 1723
SPS: 1722
SPS: 1722
SPS: 1722
SPS: 1722
SPS: 1722
SPS: 1722
SPS: 1722
SPS: 1722
SPS: 1722
SPS: 1722
global_step=4564032, episodic_return=0.0
SPS: 1722
SPS: 1722
SPS: 1722
SPS: 1722
SPS: 1722
SPS: 1722
SPS: 1722
SPS: 1722
SPS: 1722
SPS: 1722
SPS: 1722
SPS: 1722
SPS: 1722
SPS: 1722
SPS: 1722
SPS: 1722
SPS: 1722
SPS: 1722
SPS: 1722
SPS: 1722
global_step=4595552, episodic_return=0.0
global_step=4595552, episodic_return=0.0
SPS: 1722
SPS: 1722
SPS: 1722
SPS: 1722
SPS: 1722
SPS: 1722
SPS: 1722
SPS: 1722
SPS: 1722
SPS: 1722
SPS: 1722
SPS: 1722
SPS: 1722
SPS: 1722
SPS: 1722
SPS: 1722
SPS: 1722
SPS: 1722
global_step=4624192, episodic_return=0.0
SPS: 1722
SPS: 1722
SPS: 1722
SPS: 1722
SPS: 1722
SPS: 1722
SPS: 1722
SPS: 1722
SPS: 1722
SPS: 1722
SPS: 1722
SPS: 1722
SPS: 1722
global_step=4645152, episodic_return=0.0
global_step=4645152, episodic_return=0.0
SPS: 1722
SPS: 1722
SPS: 1722
SPS: 1722
SPS: 1722
SPS: 1722
SPS: 1722
SPS: 1722
SPS: 1722
SPS: 1722
SPS: 1722
SPS: 1722
SPS: 1722
SPS: 1722
SPS: 1722
SPS: 1722
SPS: 1722
SPS: 1722
SPS: 1722
SPS: 1722
SPS: 1722
global_step=4679184, episodic_return=0.0
global_step=4679184, episodic_return=0.0
SPS: 1722
SPS: 1722
SPS: 1722
SPS: 1722
SPS: 1722
SPS: 1722
SPS: 1722
SPS: 1722
SPS: 1722
SPS: 1722
SPS: 1722
SPS: 1722
SPS: 1722
SPS: 1722
SPS: 1722
SPS: 1722
SPS: 1722
SPS: 1722
SPS: 1722
SPS: 1722
SPS: 1722
SPS: 1722
SPS: 1722
global_step=4715344, episodic_return=0.0
SPS: 1722
SPS: 1722
SPS: 1722
SPS: 1722
SPS: 1722
SPS: 1722
SPS: 1722
SPS: 1722
SPS: 1722
SPS: 1722
SPS: 1722
SPS: 1722
SPS: 1722
SPS: 1722
SPS: 1722
SPS: 1722
SPS: 1722
SPS: 1722
SPS: 1722
SPS: 1722
SPS: 1722
SPS: 1722
SPS: 1722
SPS: 1722
global_step=4753744, episodic_return=0.0
global_step=4753744, episodic_return=0.0
SPS: 1722
SPS: 1722
SPS: 1722
SPS: 1722
SPS: 1722
SPS: 1722
SPS: 1721
SPS: 1721
SPS: 1721
SPS: 1721
SPS: 1721
SPS: 1721
SPS: 1721
SPS: 1721
SPS: 1721
global_step=4778304, episodic_return=0.0
SPS: 1721
SPS: 1721
SPS: 1721
SPS: 1721
SPS: 1721
SPS: 1721
SPS: 1721
SPS: 1721
SPS: 1721
SPS: 1721
SPS: 1721
SPS: 1721
SPS: 1721
global_step=4798816, episodic_return=0.0
global_step=4798816, episodic_return=0.0
SPS: 1721
SPS: 1721
SPS: 1721
SPS: 1721
SPS: 1721
SPS: 1721
SPS: 1721
SPS: 1721
SPS: 1721
SPS: 1721
SPS: 1721
SPS: 1721
SPS: 1721
SPS: 1721
SPS: 1721
SPS: 1721
SPS: 1721
SPS: 1721
SPS: 1721
global_step=4829680, episodic_return=0.0
global_step=4829680, episodic_return=0.0
SPS: 1721
SPS: 1721
SPS: 1721
SPS: 1721
SPS: 1721
SPS: 1721
SPS: 1721
SPS: 1721
SPS: 1721
SPS: 1721
SPS: 1721
SPS: 1721
SPS: 1721
SPS: 1721
SPS: 1721
SPS: 1721
SPS: 1721
SPS: 1721
SPS: 1721
SPS: 1721
global_step=4861648, episodic_return=0.0
SPS: 1721
SPS: 1721
SPS: 1721
SPS: 1721
SPS: 1721
SPS: 1721
SPS: 1721
SPS: 1721
SPS: 1721
SPS: 1721
SPS: 1721
SPS: 1721
SPS: 1721
SPS: 1721
SPS: 1721
SPS: 1721
SPS: 1721
SPS: 1721
SPS: 1721
SPS: 1721
SPS: 1721
SPS: 1721
SPS: 1721
SPS: 1721
SPS: 1721
global_step=4901376, episodic_return=0.0
global_step=4901376, episodic_return=0.0
SPS: 1721
SPS: 1721
SPS: 1721
SPS: 1721
SPS: 1721
SPS: 1721
SPS: 1721
SPS: 1721
SPS: 1721
SPS: 1721
SPS: 1721
SPS: 1721
SPS: 1721
SPS: 1721
SPS: 1721
SPS: 1721
SPS: 1721
SPS: 1721
SPS: 1721
SPS: 1721
SPS: 1721
global_step=4934784, episodic_return=0.0
SPS: 1721
SPS: 1721
SPS: 1721
SPS: 1721
SPS: 1721
SPS: 1721
SPS: 1721
SPS: 1721
SPS: 1721
SPS: 1721
SPS: 1721
SPS: 1721
SPS: 1721
SPS: 1721
SPS: 1721
SPS: 1721
SPS: 1721
SPS: 1721
global_step=4964096, episodic_return=0.0
global_step=4964096, episodic_return=0.0
SPS: 1721
SPS: 1721
SPS: 1721
SPS: 1721
SPS: 1721
SPS: 1721
SPS: 1721
SPS: 1721
SPS: 1721
SPS: 1721
SPS: 1721
SPS: 1721
global_step=4982592, episodic_return=0.0
global_step=4982592, episodic_return=0.0
SPS: 1721
SPS: 1721
SPS: 1721
SPS: 1721
SPS: 1721
SPS: 1721
SPS: 1721
SPS: 1721
SPS: 1721
SPS: 1721
SPS: 1721
SPS: 1721
SPS: 1721
SPS: 1721
SPS: 1721
SPS: 1721
SPS: 1721
SPS: 1721
SPS: 1721
SPS: 1721
SPS: 1721
SPS: 1721
SPS: 1721
global_step=5019968, episodic_return=0.0
SPS: 1721
SPS: 1721
SPS: 1721
SPS: 1721
SPS: 1721
SPS: 1721
SPS: 1721
SPS: 1721
SPS: 1721
SPS: 1721
SPS: 1721
SPS: 1721
SPS: 1720
SPS: 1720
SPS: 1720
SPS: 1720
SPS: 1720
SPS: 1720
SPS: 1720
SPS: 1720
SPS: 1720
global_step=5053296, episodic_return=0.0
global_step=5053296, episodic_return=0.0
SPS: 1720
SPS: 1720
SPS: 1720
SPS: 1720
SPS: 1720
SPS: 1720
SPS: 1720
SPS: 1720
SPS: 1720
SPS: 1720
SPS: 1720
SPS: 1720
SPS: 1720
SPS: 1720
SPS: 1720
SPS: 1720
SPS: 1720
global_step=5081280, episodic_return=0.0
SPS: 1720
SPS: 1720
SPS: 1720
SPS: 1720
SPS: 1720
SPS: 1720
SPS: 1720
SPS: 1720
SPS: 1720
SPS: 1720
SPS: 1720
SPS: 1720
SPS: 1720
SPS: 1720
SPS: 1720
SPS: 1720
SPS: 1720
SPS: 1720
SPS: 1720
SPS: 1720
SPS: 1720
SPS: 1720
SPS: 1720
SPS: 1720
SPS: 1720
SPS: 1720
SPS: 1720
SPS: 1720
SPS: 1720
SPS: 1720
SPS: 1720
SPS: 1720
SPS: 1720
SPS: 1720
SPS: 1720
SPS: 1720
SPS: 1720
SPS: 1720
SPS: 1720
SPS: 1720
SPS: 1720
SPS: 1720
SPS: 1720
SPS: 1720
SPS: 1720
SPS: 1720
SPS: 1720
SPS: 1720
SPS: 1720
SPS: 1720
SPS: 1720
SPS: 1720
SPS: 1720
SPS: 1720
SPS: 1720
SPS: 1720
SPS: 1720
SPS: 1720
SPS: 1720
SPS: 1720
global_step=5176192, episodic_return=0.0
global_step=5176192, episodic_return=0.0
SPS: 1720
SPS: 1720
SPS: 1720
SPS: 1720
SPS: 1720
SPS: 1720
SPS: 1720
SPS: 1720
SPS: 1720
SPS: 1720
SPS: 1720
SPS: 1720
SPS: 1720
SPS: 1720
SPS: 1720
SPS: 1720
SPS: 1720
SPS: 1720
SPS: 1720
SPS: 1720
global_step=5208816, episodic_return=0.0
global_step=5208816, episodic_return=0.0
SPS: 1720
SPS: 1720
SPS: 1720
SPS: 1720
SPS: 1720
SPS: 1720
SPS: 1720
SPS: 1720
SPS: 1720
SPS: 1720
SPS: 1720
SPS: 1720
SPS: 1720
global_step=5229760, episodic_return=0.0
SPS: 1720
SPS: 1720
SPS: 1720
SPS: 1720
SPS: 1720
SPS: 1720
SPS: 1720
SPS: 1720
SPS: 1720
SPS: 1720
SPS: 1720
SPS: 1720
SPS: 1720
SPS: 1720
SPS: 1720
SPS: 1720
SPS: 1720
SPS: 1720
global_step=5258096, episodic_return=0.0
global_step=5258096, episodic_return=0.0
SPS: 1720
SPS: 1720
SPS: 1720
SPS: 1720
SPS: 1720
SPS: 1720
SPS: 1720
SPS: 1720
SPS: 1720
SPS: 1720
SPS: 1720
SPS: 1720
SPS: 1720
SPS: 1720
SPS: 1720
SPS: 1720
global_step=5284000, episodic_return=0.0
SPS: 1720
SPS: 1720
SPS: 1720
SPS: 1720
SPS: 1720
SPS: 1720
SPS: 1720
SPS: 1720
SPS: 1720
SPS: 1720
SPS: 1720
SPS: 1720
SPS: 1720
SPS: 1720
SPS: 1720
SPS: 1720
SPS: 1720
SPS: 1720
SPS: 1720
SPS: 1720
SPS: 1720
SPS: 1720
SPS: 1720
SPS: 1720
SPS: 1720
SPS: 1720
SPS: 1720
SPS: 1720
SPS: 1720
SPS: 1720
SPS: 1720
global_step=5333664, episodic_return=0.0
global_step=5333664, episodic_return=0.0
SPS: 1720
SPS: 1720
SPS: 1720
SPS: 1720
SPS: 1720
SPS: 1720
SPS: 1720
SPS: 1720
SPS: 1720
SPS: 1719
SPS: 1719
global_step=5351936, episodic_return=0.0
global_step=5351936, episodic_return=0.0
SPS: 1719
SPS: 1719
SPS: 1719
SPS: 1719
SPS: 1719
SPS: 1719
SPS: 1719
SPS: 1719
SPS: 1719
SPS: 1719
SPS: 1719
SPS: 1719
SPS: 1719
SPS: 1719
SPS: 1719
global_step=5375648, episodic_return=0.0
SPS: 1719
SPS: 1719
SPS: 1719
SPS: 1719
SPS: 1719
SPS: 1719
SPS: 1719
SPS: 1719
SPS: 1719
SPS: 1719
SPS: 1719
SPS: 1719
global_step=5394912, episodic_return=0.0
global_step=5394912, episodic_return=0.0
SPS: 1719
SPS: 1719
SPS: 1719
SPS: 1719
SPS: 1719
SPS: 1719
SPS: 1719
SPS: 1719
SPS: 1719
SPS: 1719
SPS: 1719
SPS: 1719
SPS: 1719
SPS: 1719
SPS: 1719
SPS: 1719
SPS: 1719
SPS: 1719
SPS: 1719
SPS: 1719
SPS: 1719
SPS: 1719
SPS: 1719
SPS: 1719
global_step=5433232, episodic_return=0.0
SPS: 1719
SPS: 1719
SPS: 1719
SPS: 1719
SPS: 1719
SPS: 1719
SPS: 1719
SPS: 1719
SPS: 1719
SPS: 1719
SPS: 1719
SPS: 1719
SPS: 1719
SPS: 1719
SPS: 1719
global_step=5456672, episodic_return=0.0
global_step=5456672, episodic_return=0.0
SPS: 1719
SPS: 1719
SPS: 1719
SPS: 1719
SPS: 1719
SPS: 1719
SPS: 1719
SPS: 1719
SPS: 1719
SPS: 1719
SPS: 1719
SPS: 1719
SPS: 1719
SPS: 1719
SPS: 1719
SPS: 1719
SPS: 1719
SPS: 1719
SPS: 1719
SPS: 1719
SPS: 1719
global_step=5490624, episodic_return=0.0
global_step=5490624, episodic_return=0.0
SPS: 1719
SPS: 1719
SPS: 1719
SPS: 1719
SPS: 1719
SPS: 1719
SPS: 1719
SPS: 1719
SPS: 1719
SPS: 1719
SPS: 1719
SPS: 1719
SPS: 1719
SPS: 1719
SPS: 1719
SPS: 1719
SPS: 1719
SPS: 1719
SPS: 1719
SPS: 1719
SPS: 1719
SPS: 1719
SPS: 1719
global_step=5526704, episodic_return=0.0
SPS: 1719
SPS: 1719
SPS: 1719
SPS: 1719
SPS: 1719
SPS: 1719
SPS: 1719
SPS: 1719
SPS: 1719
SPS: 1719
SPS: 1719
SPS: 1719
SPS: 1719
SPS: 1719
global_step=5550160, episodic_return=0.0
global_step=5550160, episodic_return=0.0
SPS: 1719
SPS: 1719
SPS: 1719
SPS: 1719
SPS: 1719
SPS: 1719
SPS: 1719
SPS: 1719
SPS: 1719
SPS: 1719
SPS: 1719
SPS: 1719
SPS: 1719
SPS: 1719
SPS: 1719
SPS: 1719
SPS: 1719
SPS: 1719
SPS: 1719
SPS: 1719
SPS: 1719
SPS: 1719
SPS: 1719
SPS: 1719
SPS: 1719
SPS: 1719
SPS: 1719
SPS: 1719
SPS: 1719
SPS: 1719
SPS: 1719
global_step=5599504, episodic_return=0.0
SPS: 1719
SPS: 1719
SPS: 1719
SPS: 1719
SPS: 1719
SPS: 1719
SPS: 1719
SPS: 1719
SPS: 1719
SPS: 1719
SPS: 1719
SPS: 1719
SPS: 1719
SPS: 1719
global_step=5621408, episodic_return=0.0
global_step=5621408, episodic_return=0.0
SPS: 1719
SPS: 1719
SPS: 1719
SPS: 1719
SPS: 1719
SPS: 1719
SPS: 1719
SPS: 1719
SPS: 1719
SPS: 1719
SPS: 1719
SPS: 1719
SPS: 1719
SPS: 1719
SPS: 1719
SPS: 1719
SPS: 1719
SPS: 1719
global_step=5650992, episodic_return=0.0
global_step=5650992, episodic_return=0.0
SPS: 1719
SPS: 1719
SPS: 1719
SPS: 1719
SPS: 1719
SPS: 1719
SPS: 1719
SPS: 1719
SPS: 1719
SPS: 1719
SPS: 1719
SPS: 1719
SPS: 1719
SPS: 1719
SPS: 1719
SPS: 1719
SPS: 1719
SPS: 1719
SPS: 1719
SPS: 1719
SPS: 1719
SPS: 1719
SPS: 1719
global_step=5686912, episodic_return=0.0
SPS: 1719
SPS: 1719
SPS: 1719
SPS: 1719
SPS: 1719
SPS: 1719
SPS: 1719
SPS: 1719
SPS: 1719
SPS: 1719
SPS: 1719
SPS: 1719
SPS: 1719
SPS: 1718
SPS: 1718
SPS: 1718
SPS: 1718
global_step=5714704, episodic_return=0.0
global_step=5714704, episodic_return=0.0
SPS: 1718
SPS: 1718
SPS: 1718
SPS: 1718
SPS: 1718
SPS: 1718
SPS: 1718
SPS: 1718
SPS: 1718
SPS: 1718
SPS: 1718
SPS: 1718
SPS: 1718
SPS: 1718
SPS: 1718
SPS: 1718
SPS: 1718
SPS: 1718
SPS: 1718
SPS: 1718
SPS: 1718
SPS: 1718
SPS: 1718
SPS: 1718
SPS: 1718
SPS: 1718
SPS: 1718
SPS: 1718
SPS: 1718
SPS: 1718
SPS: 1718
SPS: 1718
SPS: 1718
SPS: 1718
SPS: 1718
SPS: 1718
SPS: 1718
SPS: 1718
SPS: 1718
SPS: 1718
SPS: 1718
SPS: 1718
SPS: 1718
SPS: 1718
SPS: 1718
SPS: 1718
SPS: 1718
SPS: 1718
SPS: 1718
SPS: 1718
SPS: 1718
SPS: 1718
SPS: 1718
SPS: 1718
SPS: 1718
SPS: 1718
global_step=5803376, episodic_return=0.0
SPS: 1718
SPS: 1718
SPS: 1718
SPS: 1718
SPS: 1718
SPS: 1718
SPS: 1718
SPS: 1718
SPS: 1718
SPS: 1718
SPS: 1718
SPS: 1718
SPS: 1718
SPS: 1718
SPS: 1718
SPS: 1718
SPS: 1718
SPS: 1718
SPS: 1718
global_step=5834544, episodic_return=0.0
global_step=5834544, episodic_return=0.0
SPS: 1718
SPS: 1718
SPS: 1718
SPS: 1718
SPS: 1718
SPS: 1718
SPS: 1718
SPS: 1718
SPS: 1718
SPS: 1718
SPS: 1718
SPS: 1718
SPS: 1718
SPS: 1718
SPS: 1718
SPS: 1718
global_step=5859680, episodic_return=0.0
global_step=5859680, episodic_return=0.0
SPS: 1718
SPS: 1718
SPS: 1718
SPS: 1718
SPS: 1718
SPS: 1718
SPS: 1718
SPS: 1718
SPS: 1718
SPS: 1718
SPS: 1718
SPS: 1718
SPS: 1718
SPS: 1718
SPS: 1718
SPS: 1718
SPS: 1718
SPS: 1718
SPS: 1718
global_step=5890912, episodic_return=0.0
SPS: 1718
SPS: 1718
SPS: 1718
SPS: 1718
SPS: 1718
SPS: 1718
SPS: 1718
SPS: 1718
SPS: 1718
SPS: 1718
SPS: 1718
SPS: 1718
SPS: 1718
global_step=5911792, episodic_return=0.0
global_step=5911792, episodic_return=0.0
SPS: 1718
SPS: 1718
SPS: 1718
SPS: 1718
SPS: 1718
SPS: 1718
SPS: 1718
SPS: 1718
SPS: 1718
SPS: 1718
SPS: 1718
SPS: 1718
SPS: 1718
SPS: 1718
SPS: 1718
SPS: 1718
SPS: 1718
SPS: 1718
SPS: 1718
SPS: 1718
global_step=5942672, episodic_return=0.0
SPS: 1718
SPS: 1718
SPS: 1718
SPS: 1718
SPS: 1718
SPS: 1718
SPS: 1718
SPS: 1718
SPS: 1718
SPS: 1718
SPS: 1718
SPS: 1718
SPS: 1718
SPS: 1718
SPS: 1718
SPS: 1718
SPS: 1718
SPS: 1718
global_step=5972752, episodic_return=0.0
global_step=5972752, episodic_return=0.0
SPS: 1718
SPS: 1718
SPS: 1718
SPS: 1718
SPS: 1718
SPS: 1718
SPS: 1718
SPS: 1718
SPS: 1718
SPS: 1718
SPS: 1718
SPS: 1718
SPS: 1718
SPS: 1718
SPS: 1718
SPS: 1718
SPS: 1718
SPS: 1718
SPS: 1718
SPS: 1718
SPS: 1718
global_step=6004816, episodic_return=0.0
global_step=6004816, episodic_return=0.0
SPS: 1718
SPS: 1718
SPS: 1718
SPS: 1717
SPS: 1717
SPS: 1717
SPS: 1717
SPS: 1717
SPS: 1717
SPS: 1717
SPS: 1717
SPS: 1717
SPS: 1717
SPS: 1717
SPS: 1717
SPS: 1717
SPS: 1717
global_step=6033056, episodic_return=0.0
SPS: 1717
SPS: 1717
SPS: 1717
SPS: 1717
SPS: 1717
SPS: 1717
SPS: 1717
SPS: 1717
SPS: 1717
SPS: 1717
SPS: 1717
SPS: 1717
SPS: 1717
SPS: 1717
SPS: 1717
SPS: 1717
global_step=6057840, episodic_return=0.0
global_step=6057840, episodic_return=0.0
SPS: 1717
SPS: 1717
SPS: 1717
SPS: 1717
SPS: 1717
SPS: 1717
SPS: 1717
SPS: 1717
SPS: 1717
SPS: 1717
SPS: 1717
SPS: 1717
SPS: 1717
SPS: 1717
SPS: 1717
SPS: 1717
SPS: 1717
SPS: 1717
SPS: 1717
SPS: 1717
SPS: 1717
SPS: 1717
SPS: 1717
SPS: 1717
SPS: 1717
SPS: 1717
SPS: 1717
SPS: 1717
SPS: 1717
SPS: 1717
SPS: 1717
SPS: 1717
SPS: 1717
SPS: 1717
SPS: 1717
SPS: 1717
SPS: 1717
SPS: 1717
SPS: 1717
SPS: 1717
SPS: 1717
SPS: 1717
SPS: 1717
global_step=6126496, episodic_return=0.0
SPS: 1717
SPS: 1717
SPS: 1717
SPS: 1717
SPS: 1717
SPS: 1717
SPS: 1717
SPS: 1717
SPS: 1717
SPS: 1717
SPS: 1717
SPS: 1717
SPS: 1717
SPS: 1717
SPS: 1717
SPS: 1717
SPS: 1717
SPS: 1717
SPS: 1717
SPS: 1717
SPS: 1717
SPS: 1717
SPS: 1717
SPS: 1717
SPS: 1717
SPS: 1717
SPS: 1717
SPS: 1717
SPS: 1717
SPS: 1717
SPS: 1717
SPS: 1717
SPS: 1717
global_step=6180416, episodic_return=0.0
global_step=6180416, episodic_return=0.0
SPS: 1717
SPS: 1717
SPS: 1717
SPS: 1717
SPS: 1717
SPS: 1717
SPS: 1717
SPS: 1717
SPS: 1717
SPS: 1717
SPS: 1717
SPS: 1717
global_step=6199088, episodic_return=0.0
global_step=6199088, episodic_return=0.0
SPS: 1717
SPS: 1717
SPS: 1717
SPS: 1717
SPS: 1717
SPS: 1717
SPS: 1717
SPS: 1717
SPS: 1717
SPS: 1717
SPS: 1717
SPS: 1717
SPS: 1717
SPS: 1717
SPS: 1717
global_step=6223264, episodic_return=0.0
SPS: 1717
SPS: 1717
SPS: 1717
SPS: 1717
SPS: 1717
SPS: 1717
SPS: 1717
SPS: 1717
SPS: 1717
SPS: 1717
SPS: 1717
SPS: 1717
SPS: 1717
SPS: 1717
SPS: 1717
SPS: 1717
SPS: 1717
SPS: 1717
SPS: 1717
SPS: 1717
SPS: 1717
SPS: 1717
SPS: 1717
SPS: 1717
SPS: 1717
SPS: 1717
SPS: 1717
SPS: 1717
SPS: 1717
SPS: 1717
SPS: 1717
SPS: 1717
SPS: 1717
SPS: 1717
SPS: 1717
SPS: 1717
SPS: 1717
SPS: 1717
SPS: 1717
SPS: 1717
SPS: 1717
SPS: 1717
SPS: 1717
SPS: 1717
SPS: 1717
global_step=6294432, episodic_return=0.0
global_step=6294432, episodic_return=0.0
SPS: 1717
SPS: 1717
SPS: 1717
SPS: 1717
SPS: 1717
SPS: 1717
SPS: 1717
SPS: 1717
SPS: 1717
SPS: 1717
SPS: 1717
SPS: 1717
SPS: 1717
SPS: 1717
SPS: 1717
SPS: 1717
SPS: 1717
SPS: 1717
SPS: 1717
SPS: 1717
SPS: 1717
SPS: 1717
global_step=6329984, episodic_return=0.0
SPS: 1717
SPS: 1717
SPS: 1717
SPS: 1717
SPS: 1717
SPS: 1717
SPS: 1717
SPS: 1717
SPS: 1717
SPS: 1717
SPS: 1717
SPS: 1717
SPS: 1716
SPS: 1716
SPS: 1716
SPS: 1716
SPS: 1716
SPS: 1716
SPS: 1716
SPS: 1716
SPS: 1716
SPS: 1716
SPS: 1716
SPS: 1716
SPS: 1716
SPS: 1716
SPS: 1716
SPS: 1716
SPS: 1716
SPS: 1716
SPS: 1716
SPS: 1716
SPS: 1716
SPS: 1716
SPS: 1716
SPS: 1716
SPS: 1716
SPS: 1716
SPS: 1716
SPS: 1716
SPS: 1716
SPS: 1716
global_step=6397104, episodic_return=0.0
global_step=6397104, episodic_return=0.0
SPS: 1716
SPS: 1716
SPS: 1716
SPS: 1716
SPS: 1716
SPS: 1716
SPS: 1716
SPS: 1716
SPS: 1716
SPS: 1716
SPS: 1716
global_step=6414880, episodic_return=0.0
global_step=6414880, episodic_return=0.0
SPS: 1716
SPS: 1716
SPS: 1716
SPS: 1716
SPS: 1716
SPS: 1716
SPS: 1716
SPS: 1716
SPS: 1716
SPS: 1716
SPS: 1716
SPS: 1716
SPS: 1716
SPS: 1716
SPS: 1716
SPS: 1716
global_step=6440592, episodic_return=0.0
SPS: 1716
SPS: 1716
SPS: 1716
SPS: 1716
SPS: 1716
SPS: 1716
SPS: 1716
SPS: 1716
SPS: 1716
SPS: 1716
SPS: 1716
SPS: 1716
SPS: 1716
SPS: 1716
SPS: 1716
SPS: 1716
SPS: 1716
SPS: 1716
SPS: 1716
SPS: 1716
SPS: 1716
SPS: 1716
SPS: 1716
SPS: 1716
SPS: 1716
SPS: 1716
SPS: 1716
SPS: 1716
global_step=6486304, episodic_return=0.0
global_step=6486304, episodic_return=0.0
SPS: 1716
SPS: 1716
SPS: 1716
SPS: 1716
SPS: 1716
SPS: 1716
SPS: 1716
SPS: 1716
SPS: 1716
SPS: 1716
SPS: 1716
SPS: 1716
SPS: 1716
SPS: 1716
SPS: 1716
SPS: 1716
SPS: 1716
SPS: 1716
SPS: 1716
SPS: 1716
global_step=6516928, episodic_return=0.0
SPS: 1716
SPS: 1716
SPS: 1716
SPS: 1716
SPS: 1716
SPS: 1716
SPS: 1716
SPS: 1716
SPS: 1716
SPS: 1716
SPS: 1716
SPS: 1716
SPS: 1716
SPS: 1716
SPS: 1716
SPS: 1716
SPS: 1716
SPS: 1716
SPS: 1716
SPS: 1716
SPS: 1716
SPS: 1716
SPS: 1716
SPS: 1716
SPS: 1716
SPS: 1716
SPS: 1716
SPS: 1716
SPS: 1716
SPS: 1716
SPS: 1716
SPS: 1716
SPS: 1716
SPS: 1716
SPS: 1716
SPS: 1716
SPS: 1716
SPS: 1716
SPS: 1716
SPS: 1716
SPS: 1716
SPS: 1716
SPS: 1716
SPS: 1716
global_step=6588208, episodic_return=0.0
global_step=6588208, episodic_return=0.0
SPS: 1716
SPS: 1716
SPS: 1716
SPS: 1716
SPS: 1716
SPS: 1716
SPS: 1716
SPS: 1716
SPS: 1716
SPS: 1716
SPS: 1716
SPS: 1716
SPS: 1716
global_step=6608528, episodic_return=0.0
global_step=6608528, episodic_return=0.0
SPS: 1716
SPS: 1716
SPS: 1716
SPS: 1716
SPS: 1716
SPS: 1716
SPS: 1716
SPS: 1716
SPS: 1716
SPS: 1716
SPS: 1716
SPS: 1716
global_step=6627632, episodic_return=0.0
SPS: 1716
SPS: 1716
SPS: 1716
SPS: 1716
SPS: 1716
SPS: 1716
SPS: 1716
SPS: 1716
SPS: 1716
SPS: 1716
SPS: 1716
SPS: 1716
SPS: 1716
SPS: 1716
SPS: 1716
SPS: 1716
SPS: 1716
SPS: 1716
SPS: 1716
SPS: 1716
SPS: 1716
SPS: 1716
SPS: 1716
SPS: 1716
SPS: 1716
SPS: 1716
SPS: 1716
SPS: 1716
SPS: 1716
SPS: 1716
SPS: 1716
SPS: 1716
SPS: 1716
SPS: 1716
SPS: 1716
SPS: 1716
SPS: 1716
SPS: 1716
SPS: 1716
SPS: 1716
SPS: 1716
SPS: 1716
SPS: 1716
SPS: 1716
SPS: 1716
SPS: 1716
SPS: 1716
SPS: 1716
SPS: 1716
SPS: 1716
SPS: 1716
SPS: 1716
SPS: 1716
SPS: 1716
SPS: 1716
SPS: 1716
SPS: 1716
SPS: 1716
SPS: 1716
SPS: 1716
SPS: 1715
SPS: 1715
global_step=6727776, episodic_return=0.0
global_step=6727776, episodic_return=0.0
SPS: 1715
SPS: 1715
SPS: 1715
SPS: 1715
SPS: 1715
SPS: 1715
SPS: 1715
SPS: 1715
SPS: 1715
SPS: 1715
SPS: 1715
SPS: 1715
SPS: 1715
SPS: 1715
SPS: 1715
SPS: 1715
SPS: 1715
SPS: 1715
global_step=6756496, episodic_return=0.0
SPS: 1715
SPS: 1715
SPS: 1715
SPS: 1715
SPS: 1715
SPS: 1715
SPS: 1715
SPS: 1715
SPS: 1715
SPS: 1715
SPS: 1715
SPS: 1715
SPS: 1715
SPS: 1715
SPS: 1715
SPS: 1715
SPS: 1715
SPS: 1715
global_step=6784672, episodic_return=0.0
global_step=6784672, episodic_return=0.0
SPS: 1715
SPS: 1715
SPS: 1715
SPS: 1715
SPS: 1715
SPS: 1715
SPS: 1715
SPS: 1715
SPS: 1715
SPS: 1715
SPS: 1715
SPS: 1715
SPS: 1715
SPS: 1715
SPS: 1715
SPS: 1715
SPS: 1715
SPS: 1715
SPS: 1715
SPS: 1715
SPS: 1715
SPS: 1715
SPS: 1715
global_step=6821104, episodic_return=0.0
global_step=6821104, episodic_return=0.0
SPS: 1715
SPS: 1715
SPS: 1715
SPS: 1715
SPS: 1715
SPS: 1715
SPS: 1715
SPS: 1715
SPS: 1715
SPS: 1715
SPS: 1715
SPS: 1715
SPS: 1715
SPS: 1715
SPS: 1715
SPS: 1715
global_step=6847216, episodic_return=0.0
SPS: 1715
SPS: 1715
SPS: 1715
SPS: 1715
SPS: 1715
SPS: 1715
SPS: 1715
SPS: 1715
SPS: 1715
SPS: 1715
SPS: 1715
SPS: 1715
SPS: 1715
SPS: 1715
SPS: 1715
SPS: 1715
SPS: 1715
SPS: 1715
SPS: 1715
SPS: 1715
SPS: 1715
SPS: 1715
SPS: 1715
SPS: 1715
SPS: 1715
SPS: 1715
SPS: 1715
global_step=6890528, episodic_return=0.0
global_step=6890528, episodic_return=0.0
SPS: 1715
SPS: 1715
SPS: 1715
SPS: 1715
SPS: 1715
SPS: 1715
SPS: 1715
SPS: 1715
SPS: 1715
SPS: 1715
SPS: 1715
SPS: 1715
SPS: 1715
SPS: 1715
SPS: 1715
SPS: 1715
SPS: 1715
SPS: 1715
SPS: 1715
global_step=6920624, episodic_return=0.0
SPS: 1715
SPS: 1715
SPS: 1715
SPS: 1715
SPS: 1715
SPS: 1715
SPS: 1715
SPS: 1715
SPS: 1715
SPS: 1715
SPS: 1715
SPS: 1715
SPS: 1715
SPS: 1715
SPS: 1715
SPS: 1715
SPS: 1715
SPS: 1715
SPS: 1715
SPS: 1715
SPS: 1715
SPS: 1715
global_step=6955472, episodic_return=0.0
global_step=6955472, episodic_return=0.0
SPS: 1715
SPS: 1715
SPS: 1715
SPS: 1715
SPS: 1715
SPS: 1715
SPS: 1715
SPS: 1715
SPS: 1715
SPS: 1715
SPS: 1715
SPS: 1715
SPS: 1715
SPS: 1715
global_step=6979024, episodic_return=0.0
global_step=6979024, episodic_return=0.0
SPS: 1715
SPS: 1715
SPS: 1715
SPS: 1715
SPS: 1715
SPS: 1715
SPS: 1715
SPS: 1715
SPS: 1715
SPS: 1715
SPS: 1715
SPS: 1715
SPS: 1715
SPS: 1715
SPS: 1715
SPS: 1715
SPS: 1715
SPS: 1715
SPS: 1715
SPS: 1715
SPS: 1715
SPS: 1715
SPS: 1715
global_step=7015776, episodic_return=0.0
SPS: 1715
SPS: 1715
SPS: 1715
SPS: 1715
SPS: 1715
SPS: 1715
SPS: 1715
SPS: 1715
SPS: 1715
SPS: 1715
SPS: 1715
SPS: 1715
SPS: 1715
SPS: 1715
SPS: 1715
SPS: 1715
global_step=7041520, episodic_return=0.0
global_step=7041520, episodic_return=0.0
SPS: 1715
SPS: 1715
SPS: 1715
SPS: 1715
SPS: 1715
SPS: 1715
SPS: 1715
SPS: 1715
SPS: 1715
SPS: 1715
SPS: 1715
SPS: 1715
SPS: 1715
SPS: 1715
SPS: 1715
SPS: 1715
global_step=7066752, episodic_return=0.0
SPS: 1715
SPS: 1715
SPS: 1715
SPS: 1715
SPS: 1715
SPS: 1715
SPS: 1715
SPS: 1715
SPS: 1715
SPS: 1715
SPS: 1715
SPS: 1715
SPS: 1715
SPS: 1715
SPS: 1715
SPS: 1715
SPS: 1715
SPS: 1715
SPS: 1715
SPS: 1715
SPS: 1715
SPS: 1715
global_step=7101856, episodic_return=0.0
global_step=7101856, episodic_return=0.0
SPS: 1715
SPS: 1715
SPS: 1715
SPS: 1715
SPS: 1715
SPS: 1715
SPS: 1715
SPS: 1715
SPS: 1715
SPS: 1715
SPS: 1715
SPS: 1715
SPS: 1715
SPS: 1715
SPS: 1715
global_step=7125008, episodic_return=0.0
global_step=7125008, episodic_return=0.0
SPS: 1715
SPS: 1715
SPS: 1715
SPS: 1715
SPS: 1715
SPS: 1715
SPS: 1715
SPS: 1715
SPS: 1715
SPS: 1715
SPS: 1715
SPS: 1715
global_step=7144592, episodic_return=0.0
SPS: 1715
SPS: 1715
SPS: 1715
SPS: 1715
SPS: 1715
SPS: 1715
SPS: 1715
SPS: 1715
SPS: 1715
SPS: 1715
SPS: 1715
SPS: 1714
SPS: 1714
SPS: 1714
SPS: 1714
SPS: 1714
SPS: 1714
SPS: 1714
global_step=7174128, episodic_return=0.0
global_step=7174128, episodic_return=0.0
SPS: 1714
SPS: 1714
SPS: 1714
SPS: 1714
SPS: 1714
SPS: 1714
SPS: 1714
SPS: 1714
SPS: 1714
SPS: 1714
SPS: 1714
SPS: 1714
SPS: 1714
SPS: 1714
SPS: 1714
SPS: 1714
SPS: 1714
SPS: 1714
SPS: 1714
SPS: 1714
SPS: 1714
SPS: 1714
SPS: 1714
SPS: 1714
SPS: 1714
SPS: 1714
SPS: 1714
SPS: 1714
global_step=7218640, episodic_return=0.0
SPS: 1714
SPS: 1714
SPS: 1714
SPS: 1714
SPS: 1714
SPS: 1714
SPS: 1714
SPS: 1714
SPS: 1714
SPS: 1714
SPS: 1714
SPS: 1714
SPS: 1714
SPS: 1714
SPS: 1714
SPS: 1714
SPS: 1714
SPS: 1714
SPS: 1714
SPS: 1714
SPS: 1714
SPS: 1714
SPS: 1714
SPS: 1714
SPS: 1714
SPS: 1714
SPS: 1714
SPS: 1714
SPS: 1714
SPS: 1714
SPS: 1714
SPS: 1714
SPS: 1714
SPS: 1714
SPS: 1714
SPS: 1714
SPS: 1714
SPS: 1714
global_step=7278720, episodic_return=0.0
global_step=7278720, episodic_return=0.0
SPS: 1714
SPS: 1714
SPS: 1714
SPS: 1714
SPS: 1714
SPS: 1714
SPS: 1714
SPS: 1714
SPS: 1714
SPS: 1714
SPS: 1714
SPS: 1714
SPS: 1714
SPS: 1714
SPS: 1714
SPS: 1714
SPS: 1714
SPS: 1714
SPS: 1714
SPS: 1714
global_step=7310688, episodic_return=0.0
global_step=7310688, episodic_return=0.0
SPS: 1714
SPS: 1714
SPS: 1714
SPS: 1714
SPS: 1714
SPS: 1714
SPS: 1714
SPS: 1714
SPS: 1714
SPS: 1714
SPS: 1714
SPS: 1714
SPS: 1714
SPS: 1714
SPS: 1714
SPS: 1714
SPS: 1714
SPS: 1714
SPS: 1714
SPS: 1714
global_step=7342928, episodic_return=0.0
SPS: 1714
SPS: 1714
SPS: 1714
SPS: 1714
SPS: 1714
SPS: 1714
SPS: 1714
SPS: 1714
SPS: 1714
SPS: 1714
SPS: 1714
SPS: 1714
SPS: 1714
SPS: 1714
SPS: 1714
SPS: 1714
SPS: 1714
global_step=7370624, episodic_return=0.0
global_step=7370624, episodic_return=0.0
SPS: 1714
SPS: 1714
SPS: 1714
SPS: 1714
SPS: 1714
SPS: 1714
SPS: 1714
SPS: 1714
SPS: 1714
SPS: 1714
SPS: 1714
SPS: 1714
SPS: 1714
SPS: 1714
SPS: 1714
SPS: 1714
SPS: 1714
SPS: 1714
SPS: 1714
SPS: 1714
SPS: 1714
global_step=7403952, episodic_return=0.0
SPS: 1714
SPS: 1714
SPS: 1714
SPS: 1714
SPS: 1714
SPS: 1714
SPS: 1714
SPS: 1714
SPS: 1714
SPS: 1714
SPS: 1714
SPS: 1714
SPS: 1714
SPS: 1714
SPS: 1714
SPS: 1714
global_step=7429392, episodic_return=0.0
global_step=7429392, episodic_return=0.0
SPS: 1714
SPS: 1714
SPS: 1714
SPS: 1714
SPS: 1714
SPS: 1714
SPS: 1714
SPS: 1714
SPS: 1714
SPS: 1714
SPS: 1714
SPS: 1714
SPS: 1714
SPS: 1714
SPS: 1714
SPS: 1714
global_step=7455200, episodic_return=0.0
global_step=7455200, episodic_return=0.0
SPS: 1714
SPS: 1714
SPS: 1714
SPS: 1714
SPS: 1714
SPS: 1714
SPS: 1714
SPS: 1714
SPS: 1714
SPS: 1714
SPS: 1714
SPS: 1714
SPS: 1714
SPS: 1714
SPS: 1714
global_step=7479408, episodic_return=0.0
SPS: 1714
SPS: 1714
SPS: 1714
SPS: 1714
SPS: 1714
SPS: 1714
SPS: 1714
SPS: 1714
SPS: 1714
SPS: 1714
SPS: 1714
SPS: 1714
SPS: 1714
SPS: 1714
SPS: 1714
SPS: 1714
SPS: 1714
SPS: 1714
global_step=7507328, episodic_return=0.0
global_step=7507328, episodic_return=0.0
SPS: 1714
SPS: 1714
SPS: 1714
SPS: 1714
SPS: 1714
SPS: 1714
SPS: 1714
SPS: 1714
SPS: 1714
SPS: 1714
SPS: 1714
SPS: 1714
SPS: 1714
SPS: 1714
SPS: 1714
SPS: 1714
SPS: 1714
SPS: 1714
SPS: 1714
SPS: 1714
SPS: 1714
global_step=7542320, episodic_return=0.0
SPS: 1714
SPS: 1714
SPS: 1714
SPS: 1714
SPS: 1714
SPS: 1714
SPS: 1714
SPS: 1714
SPS: 1714
SPS: 1714
SPS: 1714
SPS: 1714
SPS: 1714
SPS: 1714
global_step=7563680, episodic_return=0.0
global_step=7563680, episodic_return=0.0
SPS: 1714
SPS: 1714
SPS: 1714
SPS: 1714
SPS: 1714
SPS: 1714
SPS: 1714
SPS: 1714
SPS: 1714
SPS: 1713
SPS: 1713
SPS: 1713
SPS: 1713
global_step=7584288, episodic_return=0.0
global_step=7584288, episodic_return=0.0
SPS: 1713
SPS: 1713
SPS: 1713
SPS: 1713
SPS: 1713
SPS: 1713
SPS: 1713
SPS: 1713
SPS: 1713
SPS: 1713
SPS: 1713
SPS: 1713
SPS: 1713
SPS: 1713
SPS: 1713
global_step=7608704, episodic_return=0.0
SPS: 1713
SPS: 1713
SPS: 1713
SPS: 1713
SPS: 1713
SPS: 1713
SPS: 1713
SPS: 1713
SPS: 1713
SPS: 1713
SPS: 1713
SPS: 1713
SPS: 1713
SPS: 1713
SPS: 1713
SPS: 1713
SPS: 1713
SPS: 1713
SPS: 1713
SPS: 1713
SPS: 1713
SPS: 1713
SPS: 1713
SPS: 1713
SPS: 1713
SPS: 1713
SPS: 1713
SPS: 1713
SPS: 1713
SPS: 1713
SPS: 1713
SPS: 1713
SPS: 1713
SPS: 1713
SPS: 1713
SPS: 1713
SPS: 1713
SPS: 1713
SPS: 1713
SPS: 1713
SPS: 1713
SPS: 1713
SPS: 1713
global_step=7678112, episodic_return=0.0
global_step=7678112, episodic_return=0.0
SPS: 1713
SPS: 1713
SPS: 1713
SPS: 1713
SPS: 1713
SPS: 1713
SPS: 1713
SPS: 1713
SPS: 1713
SPS: 1713
SPS: 1713
SPS: 1713
SPS: 1713
global_step=7698144, episodic_return=0.0
SPS: 1713
SPS: 1713
SPS: 1713
SPS: 1713
SPS: 1713
SPS: 1713
SPS: 1713
SPS: 1713
SPS: 1713
SPS: 1713
SPS: 1713
SPS: 1713
SPS: 1713
SPS: 1713
SPS: 1713
SPS: 1713
SPS: 1713
SPS: 1713
SPS: 1713
SPS: 1713
SPS: 1713
SPS: 1713
SPS: 1713
SPS: 1713
SPS: 1713
SPS: 1713
SPS: 1713
SPS: 1713
global_step=7743792, episodic_return=0.0
global_step=7743792, episodic_return=0.0
SPS: 1713
SPS: 1713
SPS: 1713
SPS: 1713
SPS: 1713
SPS: 1713
SPS: 1713
SPS: 1713
SPS: 1713
SPS: 1713
SPS: 1713
SPS: 1713
SPS: 1713
SPS: 1713
SPS: 1713
global_step=7766704, episodic_return=0.0
global_step=7766704, episodic_return=0.0
SPS: 1713
SPS: 1713
SPS: 1713
SPS: 1713
SPS: 1713
SPS: 1713
SPS: 1713
SPS: 1713
SPS: 1713
global_step=7781808, episodic_return=0.0
SPS: 1713
SPS: 1713
SPS: 1713
SPS: 1713
SPS: 1713
SPS: 1713
SPS: 1713
SPS: 1713
SPS: 1713
SPS: 1713
SPS: 1713
SPS: 1713
SPS: 1713
SPS: 1713
SPS: 1713
SPS: 1713
SPS: 1713
SPS: 1713
SPS: 1713
global_step=7812672, episodic_return=0.0
global_step=7812672, episodic_return=0.0
SPS: 1713
SPS: 1713
SPS: 1713
SPS: 1713
SPS: 1713
SPS: 1713
SPS: 1713
SPS: 1713
SPS: 1713
SPS: 1713
SPS: 1713
SPS: 1713
SPS: 1713
SPS: 1713
SPS: 1713
SPS: 1713
global_step=7836880, episodic_return=0.0
SPS: 1713
SPS: 1713
SPS: 1713
SPS: 1713
SPS: 1713
SPS: 1713
SPS: 1713
SPS: 1713
SPS: 1713
SPS: 1713
SPS: 1713
SPS: 1713
SPS: 1713
SPS: 1713
SPS: 1713
SPS: 1713
SPS: 1713
SPS: 1713
SPS: 1713
SPS: 1713
SPS: 1713
SPS: 1713
SPS: 1713
SPS: 1713
SPS: 1713
SPS: 1713
SPS: 1713
SPS: 1713
SPS: 1713
SPS: 1713
SPS: 1713
global_step=7887376, episodic_return=0.0
global_step=7887376, episodic_return=0.0
SPS: 1713
SPS: 1713
SPS: 1713
SPS: 1713
SPS: 1713
SPS: 1713
SPS: 1713
SPS: 1713
SPS: 1713
SPS: 1713
SPS: 1713
SPS: 1713
SPS: 1713
SPS: 1713
SPS: 1713
SPS: 1713
SPS: 1713
SPS: 1713
SPS: 1713
SPS: 1713
SPS: 1713
SPS: 1713
SPS: 1713
SPS: 1713
SPS: 1713
global_step=7927760, episodic_return=0.0
global_step=7927760, episodic_return=0.0
SPS: 1713
SPS: 1713
SPS: 1713
SPS: 1713
SPS: 1713
SPS: 1713
SPS: 1713
SPS: 1713
SPS: 1713
SPS: 1713
SPS: 1713
SPS: 1713
SPS: 1713
SPS: 1713
SPS: 1713
SPS: 1713
SPS: 1713
SPS: 1713
SPS: 1713
SPS: 1713
SPS: 1713
SPS: 1713
global_step=7961616, episodic_return=0.0
SPS: 1713
SPS: 1713
SPS: 1713
SPS: 1713
SPS: 1713
SPS: 1713
SPS: 1713
SPS: 1713
SPS: 1713
SPS: 1713
SPS: 1713
SPS: 1713
SPS: 1713
SPS: 1713
SPS: 1713
SPS: 1713
global_step=7987408, episodic_return=0.0
global_step=7987408, episodic_return=0.0
SPS: 1713
SPS: 1713
SPS: 1713
SPS: 1713
SPS: 1713
SPS: 1713
SPS: 1713
SPS: 1713
SPS: 1713
SPS: 1713
SPS: 1713
SPS: 1713
global_step=8007280, episodic_return=0.0
SPS: 1713
SPS: 1713
SPS: 1713
SPS: 1713
SPS: 1713
SPS: 1713
SPS: 1713
SPS: 1713
SPS: 1713
SPS: 1713
SPS: 1713
SPS: 1713
SPS: 1713
SPS: 1713
SPS: 1713
SPS: 1713
SPS: 1713
SPS: 1713
SPS: 1713
SPS: 1713
SPS: 1713
SPS: 1713
SPS: 1713
SPS: 1712
global_step=8045344, episodic_return=0.0
global_step=8045344, episodic_return=0.0
SPS: 1712
SPS: 1712
SPS: 1712
SPS: 1712
SPS: 1712
SPS: 1712
SPS: 1712
SPS: 1712
SPS: 1712
SPS: 1712
SPS: 1712
SPS: 1712
SPS: 1712
SPS: 1712
SPS: 1712
SPS: 1712
global_step=8071632, episodic_return=0.0
global_step=8071632, episodic_return=0.0
SPS: 1712
SPS: 1712
SPS: 1712
SPS: 1712
SPS: 1712
SPS: 1712
SPS: 1712
SPS: 1712
SPS: 1712
SPS: 1712
SPS: 1712
SPS: 1712
SPS: 1712
SPS: 1712
SPS: 1712
SPS: 1712
global_step=8096992, episodic_return=0.0
SPS: 1712
SPS: 1712
SPS: 1712
SPS: 1712
SPS: 1712
SPS: 1712
SPS: 1712
SPS: 1712
SPS: 1712
SPS: 1712
SPS: 1712
SPS: 1712
SPS: 1712
SPS: 1712
SPS: 1712
SPS: 1712
SPS: 1712
SPS: 1712
SPS: 1712
SPS: 1712
SPS: 1712
SPS: 1712
SPS: 1712
SPS: 1712
SPS: 1712
SPS: 1712
SPS: 1712
SPS: 1712
SPS: 1712
SPS: 1712
SPS: 1712
SPS: 1712
SPS: 1712
SPS: 1712
SPS: 1712
SPS: 1712
SPS: 1712
SPS: 1712
SPS: 1712
global_step=8158992, episodic_return=0.0
global_step=8158992, episodic_return=0.0
SPS: 1712
SPS: 1712
SPS: 1712
SPS: 1712
SPS: 1712
SPS: 1712
SPS: 1712
SPS: 1712
SPS: 1712
SPS: 1712
SPS: 1712
SPS: 1712
SPS: 1712
SPS: 1712
SPS: 1712
SPS: 1712
SPS: 1712
global_step=8186096, episodic_return=0.0
SPS: 1712
SPS: 1712
SPS: 1712
SPS: 1712
SPS: 1712
SPS: 1712
SPS: 1712
SPS: 1712
SPS: 1712
SPS: 1712
SPS: 1712
SPS: 1712
SPS: 1712
SPS: 1712
SPS: 1712
SPS: 1712
SPS: 1712
SPS: 1712
SPS: 1712
SPS: 1712
SPS: 1712
SPS: 1712
SPS: 1712
global_step=8223232, episodic_return=0.0
global_step=8223232, episodic_return=0.0
SPS: 1712
SPS: 1712
SPS: 1712
SPS: 1712
SPS: 1712
SPS: 1712
SPS: 1712
SPS: 1712
SPS: 1712
SPS: 1712
SPS: 1712
SPS: 1712
SPS: 1712
global_step=8244704, episodic_return=0.0
global_step=8244704, episodic_return=0.0
SPS: 1712
SPS: 1712
SPS: 1712
SPS: 1712
SPS: 1712
SPS: 1712
SPS: 1712
SPS: 1712
SPS: 1712
SPS: 1712
SPS: 1712
SPS: 1712
SPS: 1712
SPS: 1712
SPS: 1712
global_step=8267888, episodic_return=0.0
SPS: 1712
SPS: 1712
SPS: 1712
SPS: 1712
SPS: 1712
SPS: 1712
SPS: 1712
SPS: 1712
SPS: 1712
SPS: 1712
SPS: 1712
SPS: 1712
SPS: 1712
SPS: 1712
SPS: 1712
SPS: 1712
SPS: 1712
SPS: 1712
SPS: 1712
SPS: 1712
global_step=8300064, episodic_return=0.0
global_step=8300064, episodic_return=0.0
SPS: 1712
SPS: 1712
SPS: 1712
SPS: 1712
SPS: 1712
SPS: 1712
SPS: 1712
SPS: 1712
SPS: 1712
SPS: 1712
SPS: 1712
global_step=8317072, episodic_return=0.0
SPS: 1712
SPS: 1712
SPS: 1712
SPS: 1712
SPS: 1712
SPS: 1712
SPS: 1712
SPS: 1712
SPS: 1712
SPS: 1712
SPS: 1712
SPS: 1712
SPS: 1712
SPS: 1712
SPS: 1712
SPS: 1712
SPS: 1712
SPS: 1712
SPS: 1712
SPS: 1712
SPS: 1712
global_step=8351504, episodic_return=0.0
global_step=8351504, episodic_return=0.0
SPS: 1712
SPS: 1712
SPS: 1712
SPS: 1712
SPS: 1712
SPS: 1712
SPS: 1712
SPS: 1712
SPS: 1712
SPS: 1712
SPS: 1712
SPS: 1712
SPS: 1712
SPS: 1712
SPS: 1712
SPS: 1712
global_step=8376592, episodic_return=0.0
global_step=8376592, episodic_return=0.0
SPS: 1712
SPS: 1712
SPS: 1712
SPS: 1712
SPS: 1712
SPS: 1712
SPS: 1712
SPS: 1712
SPS: 1712
SPS: 1712
SPS: 1712
SPS: 1712
SPS: 1712
SPS: 1712
global_step=8399584, episodic_return=0.0
SPS: 1712
SPS: 1712
SPS: 1712
SPS: 1712
SPS: 1712
SPS: 1712
SPS: 1712
SPS: 1712
SPS: 1712
SPS: 1712
SPS: 1712
SPS: 1712
SPS: 1712
SPS: 1712
SPS: 1712
SPS: 1712
SPS: 1712
SPS: 1712
global_step=8428528, episodic_return=0.0
global_step=8428528, episodic_return=0.0
SPS: 1712
SPS: 1712
SPS: 1712
SPS: 1712
SPS: 1712
SPS: 1712
SPS: 1712
SPS: 1712
SPS: 1712
SPS: 1712
SPS: 1712
SPS: 1712
SPS: 1712
SPS: 1712
SPS: 1712
SPS: 1712
SPS: 1712
SPS: 1712
SPS: 1712
SPS: 1712
global_step=8460304, episodic_return=0.0
SPS: 1712
SPS: 1712
SPS: 1712
SPS: 1712
SPS: 1712
SPS: 1712
SPS: 1712
SPS: 1712
SPS: 1712
SPS: 1712
SPS: 1712
SPS: 1712
SPS: 1712
SPS: 1712
SPS: 1712
global_step=8484400, episodic_return=0.0
global_step=8484400, episodic_return=0.0
SPS: 1712
SPS: 1712
SPS: 1712
SPS: 1712
SPS: 1712
SPS: 1712
SPS: 1712
SPS: 1712
SPS: 1712
SPS: 1712
SPS: 1712
SPS: 1712
SPS: 1712
SPS: 1712
SPS: 1712
SPS: 1712
SPS: 1712
SPS: 1712
SPS: 1712
SPS: 1712
global_step=8516128, episodic_return=0.0
global_step=8516128, episodic_return=0.0
SPS: 1712
SPS: 1712
SPS: 1712
SPS: 1712
SPS: 1712
SPS: 1712
SPS: 1712
SPS: 1712
SPS: 1712
SPS: 1712
SPS: 1712
SPS: 1712
SPS: 1712
SPS: 1712
SPS: 1712
SPS: 1712
global_step=8540864, episodic_return=0.0
SPS: 1712
SPS: 1712
SPS: 1712
SPS: 1712
SPS: 1712
SPS: 1712
SPS: 1712
SPS: 1712
SPS: 1712
SPS: 1712
SPS: 1712
SPS: 1712
SPS: 1712
SPS: 1712
SPS: 1712
SPS: 1712
SPS: 1712
SPS: 1712
SPS: 1712
SPS: 1712
SPS: 1712
SPS: 1712
SPS: 1712
SPS: 1712
SPS: 1712
global_step=8581568, episodic_return=0.0
global_step=8581568, episodic_return=0.0
SPS: 1712
SPS: 1712
SPS: 1712
SPS: 1712
SPS: 1712
SPS: 1712
SPS: 1712
SPS: 1712
SPS: 1712
SPS: 1712
SPS: 1712
SPS: 1712
SPS: 1712
SPS: 1712
SPS: 1712
SPS: 1712
SPS: 1712
SPS: 1712
SPS: 1712
SPS: 1712
SPS: 1712
SPS: 1712
SPS: 1712
SPS: 1712
SPS: 1712
SPS: 1712
SPS: 1712
SPS: 1712
SPS: 1712
SPS: 1712
SPS: 1712
global_step=8630624, episodic_return=0.0
SPS: 1712
SPS: 1712
SPS: 1712
SPS: 1712
SPS: 1712
SPS: 1712
SPS: 1712
SPS: 1712
SPS: 1712
SPS: 1712
SPS: 1712
SPS: 1712
SPS: 1712
SPS: 1712
SPS: 1712
SPS: 1712
SPS: 1712
SPS: 1712
SPS: 1712
SPS: 1712
SPS: 1712
SPS: 1712
SPS: 1712
SPS: 1712
SPS: 1712
global_step=8671040, episodic_return=0.0
global_step=8671040, episodic_return=0.0
SPS: 1712
SPS: 1712
SPS: 1712
SPS: 1712
SPS: 1712
SPS: 1712
SPS: 1712
SPS: 1712
SPS: 1712
SPS: 1712
SPS: 1712
SPS: 1712
SPS: 1712
SPS: 1712
SPS: 1712
SPS: 1712
SPS: 1712
SPS: 1712
SPS: 1712
global_step=8701216, episodic_return=0.0
global_step=8701216, episodic_return=0.0
SPS: 1712
SPS: 1712
SPS: 1712
SPS: 1712
SPS: 1712
SPS: 1712
SPS: 1712
SPS: 1712
SPS: 1712
SPS: 1712
SPS: 1712
SPS: 1712
global_step=8720912, episodic_return=0.0
SPS: 1712
SPS: 1712
SPS: 1712
SPS: 1712
SPS: 1712
SPS: 1712
SPS: 1712
SPS: 1712
SPS: 1712
SPS: 1712
SPS: 1712
SPS: 1712
SPS: 1712
SPS: 1712
SPS: 1711
SPS: 1711
SPS: 1711
SPS: 1711
SPS: 1711
SPS: 1711
global_step=8752608, episodic_return=0.0
global_step=8752608, episodic_return=0.0
SPS: 1711
SPS: 1711
SPS: 1711
SPS: 1711
SPS: 1711
SPS: 1711
SPS: 1711
SPS: 1711
SPS: 1711
SPS: 1711
SPS: 1711
SPS: 1711
SPS: 1711
SPS: 1711
SPS: 1711
SPS: 1711
SPS: 1711
SPS: 1711
SPS: 1711
SPS: 1711
global_step=8784160, episodic_return=0.0
SPS: 1711
SPS: 1711
SPS: 1711
SPS: 1711
SPS: 1711
SPS: 1711
SPS: 1711
SPS: 1711
SPS: 1711
SPS: 1711
SPS: 1711
SPS: 1711
global_step=8804528, episodic_return=0.0
global_step=8804528, episodic_return=0.0
SPS: 1711
SPS: 1711
SPS: 1711
SPS: 1711
SPS: 1711
SPS: 1711
SPS: 1711
SPS: 1711
SPS: 1711
SPS: 1711
SPS: 1711
SPS: 1711
SPS: 1711
SPS: 1711
SPS: 1711
SPS: 1711
SPS: 1711
SPS: 1711
SPS: 1711
SPS: 1711
global_step=8836240, episodic_return=0.0
global_step=8836240, episodic_return=0.0
SPS: 1711
SPS: 1711
SPS: 1711
SPS: 1711
SPS: 1711
SPS: 1711
SPS: 1711
SPS: 1711
SPS: 1711
SPS: 1711
SPS: 1711
SPS: 1711
SPS: 1711
SPS: 1711
SPS: 1711
SPS: 1711
global_step=8860928, episodic_return=0.0
SPS: 1711
SPS: 1711
SPS: 1711
SPS: 1711
SPS: 1711
SPS: 1711
SPS: 1711
SPS: 1711
SPS: 1711
SPS: 1711
SPS: 1711
SPS: 1711
SPS: 1711
SPS: 1711
SPS: 1711
SPS: 1711
SPS: 1711
SPS: 1711
SPS: 1711
SPS: 1711
SPS: 1711
SPS: 1711
SPS: 1711
SPS: 1711
SPS: 1711
SPS: 1711
SPS: 1711
SPS: 1711
SPS: 1711
SPS: 1711
SPS: 1711
SPS: 1711
global_step=8912128, episodic_return=0.0
global_step=8912128, episodic_return=0.0
SPS: 1711
SPS: 1711
SPS: 1711
SPS: 1711
SPS: 1711
SPS: 1711
SPS: 1711
SPS: 1711
SPS: 1711
SPS: 1711
SPS: 1711
SPS: 1711
SPS: 1711
SPS: 1711
SPS: 1711
SPS: 1711
SPS: 1711
SPS: 1711
global_step=8941312, episodic_return=0.0
SPS: 1711
SPS: 1711
SPS: 1711
SPS: 1711
SPS: 1711
SPS: 1711
SPS: 1711
SPS: 1711
SPS: 1711
SPS: 1711
SPS: 1711
SPS: 1711
SPS: 1711
SPS: 1711
SPS: 1711
SPS: 1711
SPS: 1711
SPS: 1711
global_step=8970624, episodic_return=0.0
global_step=8970624, episodic_return=0.0
SPS: 1711
SPS: 1711
SPS: 1711
SPS: 1711
SPS: 1711
SPS: 1711
SPS: 1711
SPS: 1711
SPS: 1711
SPS: 1711
SPS: 1711
SPS: 1711
SPS: 1711
SPS: 1711
SPS: 1711
SPS: 1711
SPS: 1711
SPS: 1711
SPS: 1711
SPS: 1711
SPS: 1711
global_step=9003744, episodic_return=0.0
global_step=9003744, episodic_return=0.0
SPS: 1711
SPS: 1711
SPS: 1711
SPS: 1711
SPS: 1711
SPS: 1711
SPS: 1711
SPS: 1711
SPS: 1711
SPS: 1711
SPS: 1711
SPS: 1711
SPS: 1711
SPS: 1711
SPS: 1711
SPS: 1711
SPS: 1711
SPS: 1711
SPS: 1711
SPS: 1711
SPS: 1711
SPS: 1711
SPS: 1711
SPS: 1711
SPS: 1711
SPS: 1711
SPS: 1711
SPS: 1711
SPS: 1711
SPS: 1711
SPS: 1711
global_step=9053040, episodic_return=0.0
SPS: 1711
SPS: 1711
SPS: 1711
SPS: 1711
SPS: 1711
SPS: 1711
SPS: 1711
SPS: 1711
SPS: 1711
SPS: 1711
SPS: 1711
SPS: 1711
SPS: 1711
SPS: 1711
SPS: 1711
SPS: 1711
SPS: 1711
SPS: 1711
SPS: 1711
SPS: 1711
SPS: 1711
SPS: 1711
SPS: 1711
SPS: 1711
SPS: 1711
SPS: 1711
SPS: 1711
SPS: 1711
SPS: 1711
SPS: 1711
SPS: 1711
SPS: 1711
SPS: 1711
SPS: 1711
SPS: 1711
SPS: 1711
SPS: 1711
SPS: 1711
SPS: 1711
SPS: 1711
SPS: 1711
SPS: 1711
SPS: 1711
SPS: 1711
SPS: 1711
SPS: 1711
SPS: 1711
SPS: 1711
SPS: 1711
SPS: 1711
SPS: 1711
SPS: 1711
SPS: 1711
SPS: 1711
global_step=9140208, episodic_return=0.0
global_step=9140208, episodic_return=0.0
SPS: 1711
SPS: 1711
SPS: 1711
SPS: 1711
SPS: 1711
SPS: 1711
SPS: 1711
SPS: 1711
SPS: 1711
SPS: 1711
SPS: 1711
SPS: 1711
SPS: 1711
SPS: 1711
SPS: 1711
SPS: 1711
global_step=9165232, episodic_return=0.0
SPS: 1711
SPS: 1711
SPS: 1711
SPS: 1711
SPS: 1711
SPS: 1711
SPS: 1711
SPS: 1711
SPS: 1711
SPS: 1711
SPS: 1711
SPS: 1711
SPS: 1711
SPS: 1711
SPS: 1711
SPS: 1711
SPS: 1711
SPS: 1711
SPS: 1711
SPS: 1711
SPS: 1711
SPS: 1711
SPS: 1711
SPS: 1711
global_step=9204688, episodic_return=0.0
global_step=9204688, episodic_return=0.0
SPS: 1711
SPS: 1711
SPS: 1711
SPS: 1711
SPS: 1711
SPS: 1711
SPS: 1711
SPS: 1711
SPS: 1711
SPS: 1711
SPS: 1711
SPS: 1711
SPS: 1711
SPS: 1711
SPS: 1711
SPS: 1711
SPS: 1711
SPS: 1711
SPS: 1711
SPS: 1711
SPS: 1711
SPS: 1711
SPS: 1711
SPS: 1711
SPS: 1711
SPS: 1711
SPS: 1711
global_step=9247744, episodic_return=0.0
global_step=9247744, episodic_return=0.0
SPS: 1711
SPS: 1711
SPS: 1711
SPS: 1711
SPS: 1711
SPS: 1711
SPS: 1711
SPS: 1711
SPS: 1711
SPS: 1711
SPS: 1711
SPS: 1711
SPS: 1711
SPS: 1711
SPS: 1711
SPS: 1711
global_step=9272160, episodic_return=0.0
SPS: 1711
SPS: 1711
SPS: 1711
SPS: 1711
SPS: 1711
SPS: 1711
SPS: 1711
SPS: 1711
SPS: 1711
SPS: 1711
SPS: 1711
SPS: 1711
SPS: 1711
SPS: 1711
SPS: 1711
SPS: 1711
SPS: 1711
SPS: 1711
SPS: 1711
SPS: 1711
SPS: 1711
global_step=9306368, episodic_return=0.0
global_step=9306368, episodic_return=0.0
SPS: 1711
SPS: 1711
SPS: 1711
SPS: 1711
SPS: 1711
SPS: 1711
SPS: 1711
SPS: 1711
SPS: 1711
SPS: 1711
SPS: 1711
SPS: 1711
SPS: 1711
SPS: 1711
SPS: 1711
SPS: 1711
SPS: 1711
SPS: 1711
SPS: 1711
SPS: 1711
global_step=9338736, episodic_return=0.0
SPS: 1711
SPS: 1711
SPS: 1711
SPS: 1711
SPS: 1711
SPS: 1711
SPS: 1711
SPS: 1711
SPS: 1711
SPS: 1711
SPS: 1711
SPS: 1711
SPS: 1711
SPS: 1711
SPS: 1711
SPS: 1711
global_step=9364192, episodic_return=0.0
global_step=9364192, episodic_return=0.0
SPS: 1711
SPS: 1711
SPS: 1711
SPS: 1711
SPS: 1711
SPS: 1711
SPS: 1711
SPS: 1711
SPS: 1711
SPS: 1711
SPS: 1711
SPS: 1711
SPS: 1711
SPS: 1711
SPS: 1711
SPS: 1711
SPS: 1711
SPS: 1711
SPS: 1711
SPS: 1711
SPS: 1711
global_step=9397024, episodic_return=0.0
global_step=9397024, episodic_return=0.0
SPS: 1711
SPS: 1711
SPS: 1711
SPS: 1711
SPS: 1711
SPS: 1711
SPS: 1711
SPS: 1711
SPS: 1711
SPS: 1711
SPS: 1711
SPS: 1711
global_step=9417392, episodic_return=0.0
SPS: 1711
SPS: 1711
SPS: 1711
SPS: 1711
SPS: 1711
SPS: 1711
SPS: 1711
SPS: 1711
SPS: 1711
SPS: 1711
SPS: 1711
SPS: 1711
SPS: 1711
SPS: 1711
SPS: 1711
SPS: 1711
SPS: 1711
SPS: 1711
SPS: 1711
SPS: 1711
SPS: 1711
SPS: 1711
SPS: 1711
SPS: 1711
SPS: 1711
SPS: 1711
SPS: 1711
SPS: 1711
SPS: 1711
SPS: 1711
SPS: 1711
SPS: 1711
SPS: 1711
SPS: 1711
SPS: 1711
SPS: 1711
SPS: 1711
SPS: 1711
SPS: 1711
SPS: 1711
SPS: 1711
SPS: 1711
SPS: 1711
SPS: 1711
SPS: 1711
global_step=9489024, episodic_return=0.0
global_step=9489024, episodic_return=0.0
SPS: 1711
SPS: 1711
SPS: 1711
SPS: 1711
SPS: 1711
SPS: 1711
SPS: 1711
SPS: 1711
SPS: 1711
SPS: 1711
SPS: 1711
SPS: 1711
SPS: 1711
SPS: 1711
SPS: 1711
SPS: 1711
SPS: 1711
SPS: 1711
SPS: 1711
SPS: 1711
SPS: 1711
SPS: 1711
SPS: 1711
global_step=9526272, episodic_return=0.0
SPS: 1711
SPS: 1711
SPS: 1711
SPS: 1711
SPS: 1711
SPS: 1711
SPS: 1711
SPS: 1711
SPS: 1711
SPS: 1711
SPS: 1711
SPS: 1711
SPS: 1711
SPS: 1711
SPS: 1711
SPS: 1711
SPS: 1711
SPS: 1711
SPS: 1711
SPS: 1711
SPS: 1711
SPS: 1711
SPS: 1711
global_step=9561984, episodic_return=0.0
global_step=9561984, episodic_return=0.0
SPS: 1711
SPS: 1711
SPS: 1711
SPS: 1711
SPS: 1711
SPS: 1711
SPS: 1711
SPS: 1711
SPS: 1711
SPS: 1711
SPS: 1711
SPS: 1711
SPS: 1711
SPS: 1711
SPS: 1711
SPS: 1711
SPS: 1711
SPS: 1711
SPS: 1711
SPS: 1711
SPS: 1711
SPS: 1711
SPS: 1711
SPS: 1711
SPS: 1711
SPS: 1711
SPS: 1711
SPS: 1711
SPS: 1711
SPS: 1711
global_step=9610320, episodic_return=0.0
global_step=9610320, episodic_return=0.0
SPS: 1711
SPS: 1711
SPS: 1711
SPS: 1711
SPS: 1711
SPS: 1711
SPS: 1711
SPS: 1711
SPS: 1711
SPS: 1711
SPS: 1711
SPS: 1711
SPS: 1711
SPS: 1711
SPS: 1711
SPS: 1711
SPS: 1711
SPS: 1711
SPS: 1711
SPS: 1711
SPS: 1711
SPS: 1711
SPS: 1711
SPS: 1711
SPS: 1711
SPS: 1711
SPS: 1711
SPS: 1711
SPS: 1711
SPS: 1711
SPS: 1711
global_step=9659968, episodic_return=0.0
SPS: 1711
SPS: 1711
SPS: 1711
SPS: 1711
SPS: 1711
SPS: 1711
SPS: 1711
SPS: 1711
SPS: 1711
SPS: 1711
SPS: 1711
SPS: 1711
SPS: 1711
SPS: 1711
SPS: 1711
global_step=9683216, episodic_return=0.0
global_step=9683216, episodic_return=0.0
SPS: 1711
SPS: 1711
SPS: 1711
SPS: 1711
SPS: 1711
SPS: 1711
SPS: 1711
SPS: 1711
SPS: 1711
SPS: 1711
SPS: 1711
global_step=9701088, episodic_return=0.0
SPS: 1711
SPS: 1711
SPS: 1711
SPS: 1711
SPS: 1711
SPS: 1711
SPS: 1711
SPS: 1711
SPS: 1711
global_step=9715248, episodic_return=0.0
global_step=9715248, episodic_return=0.0
SPS: 1711
SPS: 1711
SPS: 1711
SPS: 1711
SPS: 1711
SPS: 1711
SPS: 1711
SPS: 1711
SPS: 1711
SPS: 1711
SPS: 1711
SPS: 1711
SPS: 1711
SPS: 1711
SPS: 1711
SPS: 1711
SPS: 1711
SPS: 1711
SPS: 1711
SPS: 1711
SPS: 1711
SPS: 1711
SPS: 1711
SPS: 1711
SPS: 1711
SPS: 1711
SPS: 1711
SPS: 1711
SPS: 1711
SPS: 1711
SPS: 1711
SPS: 1711
SPS: 1711
SPS: 1711
SPS: 1711
SPS: 1711
SPS: 1711
SPS: 1711
SPS: 1711
global_step=9777744, episodic_return=0.0
global_step=9777744, episodic_return=0.0
SPS: 1711
SPS: 1711
SPS: 1711
SPS: 1711
SPS: 1711
SPS: 1711
SPS: 1711
SPS: 1711
SPS: 1711
SPS: 1711
SPS: 1711
global_step=9795360, episodic_return=0.0
SPS: 1711
SPS: 1711
SPS: 1711
SPS: 1711
SPS: 1711
SPS: 1711
SPS: 1711
SPS: 1711
SPS: 1711
SPS: 1711
SPS: 1711
SPS: 1711
SPS: 1711
SPS: 1711
SPS: 1711
SPS: 1711
global_step=9821856, episodic_return=0.0
global_step=9821856, episodic_return=0.0
SPS: 1711
SPS: 1711
SPS: 1711
SPS: 1711
SPS: 1711
SPS: 1711
SPS: 1711
SPS: 1711
SPS: 1711
SPS: 1711
SPS: 1711
SPS: 1711
SPS: 1711
SPS: 1711
SPS: 1711
SPS: 1711
global_step=9847536, episodic_return=0.0
SPS: 1711
SPS: 1711
SPS: 1711
SPS: 1711
SPS: 1711
SPS: 1711
SPS: 1711
SPS: 1711
SPS: 1711
SPS: 1711
SPS: 1711
SPS: 1711
SPS: 1711
SPS: 1711
SPS: 1711
SPS: 1711
SPS: 1711
SPS: 1711
SPS: 1711
SPS: 1711
SPS: 1711
SPS: 1711
SPS: 1711
SPS: 1711
SPS: 1711
SPS: 1711
global_step=9888048, episodic_return=0.0
global_step=9888048, episodic_return=0.0
SPS: 1711
SPS: 1711
SPS: 1711
SPS: 1711
SPS: 1711
SPS: 1711
SPS: 1711
SPS: 1711
SPS: 1711
SPS: 1711
SPS: 1711
SPS: 1711
SPS: 1711
SPS: 1711
SPS: 1711
SPS: 1711
SPS: 1711
SPS: 1711
SPS: 1711
SPS: 1711
global_step=9920944, episodic_return=0.0
global_step=9920944, episodic_return=0.0
SPS: 1711
SPS: 1711
SPS: 1711
SPS: 1711
SPS: 1711
SPS: 1711
SPS: 1711
SPS: 1711
SPS: 1711
SPS: 1711
SPS: 1711
SPS: 1711
SPS: 1711
SPS: 1711
global_step=9943104, episodic_return=0.0
SPS: 1711
SPS: 1711
SPS: 1711
SPS: 1711
SPS: 1711
SPS: 1711
SPS: 1711
SPS: 1711
SPS: 1711
SPS: 1711
SPS: 1711
SPS: 1711
SPS: 1711
SPS: 1711
SPS: 1711
SPS: 1711
SPS: 1711
SPS: 1711
SPS: 1711
SPS: 1711
SPS: 1711
SPS: 1711
global_step=9979024, episodic_return=0.0
global_step=9979024, episodic_return=0.0
SPS: 1711
SPS: 1711
SPS: 1711
SPS: 1711
SPS: 1711
SPS: 1710
SPS: 1711
SPS: 1710
SPS: 1710
SPS: 1710
SPS: 1710
SPS: 1710
SPS: 1710
SPS: 1710
Results saved to /runs/h054__h054-venture-s1.csv
slurmstepd: error: run_script_as_user: couldn't change working dir to /home/rogercc/'/scratch/rogercc/cleanrl': No such file or directory
