sending incremental file list
auto-cleanrl.sif

sent 4,938,196,675 bytes  received 35 bytes  266,929,551.89 bytes/sec
total size is 4,945,575,936  speedup is 1.00
/usr/local/lib/python3.10/dist-packages/treevalue/tree/integration/torch.py:23: FutureWarning: `torch.utils._pytree._register_pytree_node` is deprecated. Please use `torch.utils._pytree.register_pytree_node` instead.
  register_for_torch(TreeValue)
/usr/local/lib/python3.10/dist-packages/treevalue/tree/integration/torch.py:24: FutureWarning: `torch.utils._pytree._register_pytree_node` is deprecated. Please use `torch.utils._pytree.register_pytree_node` instead.
  register_for_torch(FastTreeValue)
Gym has been unmaintained since 2022 and does not support NumPy 2.0 amongst other critical functionality.
Please upgrade to Gymnasium, the maintained drop-in replacement of Gym, or contact the authors of your software and request that they upgrade.
See the migration guide at https://gymnasium.farama.org/introduction/migration_guide/ for additional information.
/usr/local/lib/python3.10/dist-packages/tyro/_parsers.py:353: UserWarning: The field `wandb-entity` is annotated with type `<class 'str'>`, but the default value `None` has type `<class 'NoneType'>`. We'll try to handle this gracefully, but it may cause unexpected behavior.
  warnings.warn(message)
global_step=53200, episodic_return=0.0
SPS: 1968
SPS: 1963
SPS: 1958
SPS: 1953
SPS: 1948
SPS: 1944
SPS: 1940
SPS: 1936
SPS: 1933
SPS: 1929
SPS: 1926
SPS: 1922
SPS: 1919
SPS: 1916
SPS: 1912
SPS: 1909
global_step=106352, episodic_return=0.0
global_step=106352, episodic_return=0.0
SPS: 1899
SPS: 1898
SPS: 1897
SPS: 1896
SPS: 1896
SPS: 1895
SPS: 1894
SPS: 1893
SPS: 1892
SPS: 1891
SPS: 1891
SPS: 1890
SPS: 1889
SPS: 1888
SPS: 1887
SPS: 1886
SPS: 1885
SPS: 1885
SPS: 1884
SPS: 1883
SPS: 1883
SPS: 1882
SPS: 1881
SPS: 1880
SPS: 1880
SPS: 1879
SPS: 1879
SPS: 1878
SPS: 1878
SPS: 1877
SPS: 1876
SPS: 1876
SPS: 1875
global_step=159536, episodic_return=0.0
SPS: 1871
SPS: 1868
SPS: 1866
SPS: 1864
SPS: 1862
SPS: 1860
SPS: 1854
SPS: 1853
SPS: 1854
SPS: 1853
SPS: 1851
SPS: 1850
SPS: 1849
SPS: 1848
SPS: 1835
SPS: 1832
SPS: 1830
SPS: 1829
SPS: 1828
SPS: 1825
SPS: 1820
SPS: 1820
SPS: 1818
SPS: 1813
SPS: 1810
SPS: 1811
SPS: 1812
SPS: 1810
SPS: 1811
SPS: 1809
SPS: 1809
SPS: 1802
SPS: 1801
global_step=212688, episodic_return=0.0
global_step=212688, episodic_return=0.0
SPS: 1799
SPS: 1793
SPS: 1788
SPS: 1788
SPS: 1789
SPS: 1790
SPS: 1789
SPS: 1790
SPS: 1786
SPS: 1784
SPS: 1780
SPS: 1779
SPS: 1776
SPS: 1777
SPS: 1777
SPS: 1776
SPS: 1776
SPS: 1775
SPS: 1772
SPS: 1770
SPS: 1770
SPS: 1770
SPS: 1770
SPS: 1766
SPS: 1766
SPS: 1766
SPS: 1762
SPS: 1759
SPS: 1759
SPS: 1755
SPS: 1751
SPS: 1751
SPS: 1750
SPS: 1749
global_step=265952, episodic_return=0.0
global_step=265952, episodic_return=0.0
SPS: 1744
SPS: 1741
SPS: 1742
SPS: 1740
SPS: 1739
SPS: 1737
SPS: 1738
SPS: 1739
SPS: 1740
SPS: 1740
SPS: 1740
SPS: 1737
SPS: 1737
SPS: 1736
SPS: 1735
SPS: 1735
SPS: 1733
SPS: 1731
SPS: 1729
SPS: 1726
SPS: 1724
SPS: 1725
SPS: 1725
SPS: 1726
SPS: 1727
SPS: 1722
SPS: 1723
SPS: 1722
SPS: 1722
SPS: 1722
SPS: 1720
SPS: 1720
SPS: 1721
global_step=319200, episodic_return=0.0
SPS: 1719
SPS: 1717
SPS: 1714
SPS: 1713
SPS: 1714
SPS: 1714
SPS: 1715
SPS: 1716
SPS: 1716
SPS: 1717
SPS: 1713
SPS: 1713
SPS: 1711
SPS: 1706
SPS: 1707
SPS: 1707
SPS: 1702
SPS: 1700
SPS: 1701
SPS: 1701
SPS: 1702
SPS: 1703
SPS: 1703
SPS: 1703
SPS: 1701
SPS: 1698
SPS: 1699
SPS: 1699
SPS: 1698
SPS: 1696
SPS: 1695
SPS: 1693
SPS: 1694
global_step=372432, episodic_return=0.0
global_step=372432, episodic_return=0.0
SPS: 1692
SPS: 1692
SPS: 1692
SPS: 1692
SPS: 1688
SPS: 1688
SPS: 1688
SPS: 1687
SPS: 1685
SPS: 1681
SPS: 1681
SPS: 1681
SPS: 1681
SPS: 1680
SPS: 1680
SPS: 1681
SPS: 1678
SPS: 1678
SPS: 1679
SPS: 1679
SPS: 1680
SPS: 1679
SPS: 1678
SPS: 1678
SPS: 1679
SPS: 1680
SPS: 1680
SPS: 1679
SPS: 1677
SPS: 1676
SPS: 1674
SPS: 1673
SPS: 1673
global_step=425584, episodic_return=0.0
SPS: 1673
SPS: 1672
SPS: 1671
SPS: 1672
SPS: 1673
SPS: 1671
SPS: 1670
SPS: 1670
SPS: 1669
SPS: 1669
SPS: 1668
SPS: 1668
SPS: 1668
SPS: 1669
SPS: 1669
SPS: 1670
SPS: 1668
SPS: 1668
SPS: 1667
SPS: 1666
SPS: 1664
SPS: 1664
SPS: 1661
SPS: 1661
SPS: 1662
SPS: 1661
SPS: 1661
SPS: 1662
SPS: 1662
SPS: 1661
SPS: 1659
SPS: 1658
SPS: 1656
SPS: 1655
global_step=478832, episodic_return=0.0
global_step=478832, episodic_return=0.0
SPS: 1654
SPS: 1655
SPS: 1655
SPS: 1654
SPS: 1652
SPS: 1653
SPS: 1652
SPS: 1652
SPS: 1652
SPS: 1652
SPS: 1651
SPS: 1651
SPS: 1651
SPS: 1651
SPS: 1651
SPS: 1652
SPS: 1652
SPS: 1650
SPS: 1649
SPS: 1650
SPS: 1651
SPS: 1651
SPS: 1652
SPS: 1653
SPS: 1654
SPS: 1654
SPS: 1655
SPS: 1656
SPS: 1656
SPS: 1657
SPS: 1657
SPS: 1657
SPS: 1656
global_step=532064, episodic_return=0.0
global_step=532064, episodic_return=0.0
SPS: 1656
SPS: 1656
SPS: 1657
SPS: 1658
SPS: 1658
SPS: 1659
SPS: 1660
SPS: 1659
SPS: 1659
SPS: 1658
SPS: 1657
SPS: 1657
SPS: 1658
SPS: 1658
SPS: 1657
SPS: 1657
SPS: 1658
SPS: 1657
SPS: 1657
SPS: 1656
SPS: 1654
SPS: 1653
SPS: 1652
SPS: 1653
SPS: 1653
SPS: 1654
SPS: 1655
SPS: 1656
SPS: 1656
SPS: 1657
SPS: 1658
SPS: 1658
SPS: 1659
global_step=585328, episodic_return=0.0
SPS: 1659
SPS: 1657
SPS: 1655
SPS: 1655
SPS: 1655
SPS: 1655
SPS: 1654
SPS: 1654
SPS: 1654
SPS: 1652
SPS: 1651
SPS: 1651
SPS: 1652
SPS: 1652
SPS: 1650
SPS: 1651
SPS: 1651
SPS: 1650
SPS: 1651
SPS: 1651
SPS: 1650
SPS: 1650
SPS: 1649
SPS: 1649
SPS: 1650
SPS: 1650
SPS: 1649
SPS: 1649
SPS: 1649
SPS: 1649
SPS: 1649
SPS: 1649
SPS: 1649
SPS: 1649
global_step=638544, episodic_return=0.0
global_step=638544, episodic_return=0.0
SPS: 1648
SPS: 1649
SPS: 1650
SPS: 1649
SPS: 1650
SPS: 1647
SPS: 1646
SPS: 1644
SPS: 1645
SPS: 1644
SPS: 1643
SPS: 1641
SPS: 1641
SPS: 1641
SPS: 1641
SPS: 1641
SPS: 1641
SPS: 1640
SPS: 1639
SPS: 1638
SPS: 1637
SPS: 1637
SPS: 1637
SPS: 1637
SPS: 1638
SPS: 1638
SPS: 1639
SPS: 1639
SPS: 1640
SPS: 1640
SPS: 1640
SPS: 1640
SPS: 1641
global_step=691792, episodic_return=0.0
SPS: 1639
SPS: 1639
SPS: 1639
SPS: 1639
SPS: 1640
SPS: 1640
SPS: 1640
SPS: 1640
SPS: 1640
SPS: 1641
SPS: 1641
SPS: 1641
SPS: 1641
SPS: 1641
SPS: 1642
SPS: 1642
SPS: 1642
SPS: 1642
SPS: 1642
SPS: 1642
SPS: 1642
SPS: 1642
SPS: 1642
SPS: 1642
SPS: 1642
SPS: 1642
SPS: 1643
SPS: 1642
SPS: 1642
SPS: 1642
SPS: 1642
SPS: 1642
SPS: 1642
global_step=745008, episodic_return=0.0
global_step=745008, episodic_return=0.0
SPS: 1641
SPS: 1641
SPS: 1642
SPS: 1642
SPS: 1642
SPS: 1642
SPS: 1643
SPS: 1643
SPS: 1643
SPS: 1643
SPS: 1643
SPS: 1644
SPS: 1644
SPS: 1644
SPS: 1644
SPS: 1644
SPS: 1644
SPS: 1644
SPS: 1644
SPS: 1644
SPS: 1644
SPS: 1644
SPS: 1644
SPS: 1644
SPS: 1644
SPS: 1644
SPS: 1644
SPS: 1644
SPS: 1644
SPS: 1645
SPS: 1645
SPS: 1645
SPS: 1645
global_step=798240, episodic_return=0.0
global_step=798240, episodic_return=0.0
SPS: 1645
SPS: 1645
SPS: 1645
SPS: 1645
SPS: 1646
SPS: 1646
SPS: 1646
SPS: 1647
SPS: 1647
SPS: 1647
SPS: 1648
SPS: 1648
SPS: 1648
SPS: 1649
SPS: 1649
SPS: 1649
SPS: 1649
SPS: 1650
SPS: 1650
SPS: 1650
SPS: 1651
SPS: 1651
SPS: 1651
SPS: 1651
SPS: 1652
SPS: 1652
SPS: 1652
SPS: 1653
SPS: 1653
SPS: 1653
SPS: 1653
SPS: 1653
SPS: 1653
SPS: 1652
global_step=851424, episodic_return=0.0
SPS: 1651
SPS: 1650
SPS: 1650
SPS: 1650
SPS: 1650
SPS: 1650
SPS: 1650
SPS: 1650
SPS: 1650
SPS: 1650
SPS: 1650
SPS: 1650
SPS: 1650
SPS: 1650
SPS: 1650
SPS: 1650
SPS: 1650
SPS: 1650
SPS: 1650
SPS: 1650
SPS: 1650
SPS: 1650
SPS: 1650
SPS: 1650
SPS: 1651
SPS: 1651
SPS: 1651
SPS: 1651
SPS: 1652
SPS: 1652
SPS: 1652
SPS: 1651
SPS: 1652
global_step=904640, episodic_return=0.0
global_step=904640, episodic_return=0.0
SPS: 1652
SPS: 1652
SPS: 1651
SPS: 1651
SPS: 1650
SPS: 1649
SPS: 1649
SPS: 1649
SPS: 1649
SPS: 1649
SPS: 1649
SPS: 1649
SPS: 1649
SPS: 1649
SPS: 1650
SPS: 1650
SPS: 1650
SPS: 1650
SPS: 1650
SPS: 1650
SPS: 1650
SPS: 1651
SPS: 1651
SPS: 1651
SPS: 1651
SPS: 1651
SPS: 1651
SPS: 1652
SPS: 1652
SPS: 1652
SPS: 1652
SPS: 1652
SPS: 1652
global_step=957792, episodic_return=3.0
SPS: 1650
SPS: 1649
SPS: 1649
SPS: 1649
SPS: 1649
SPS: 1649
SPS: 1649
SPS: 1649
SPS: 1649
SPS: 1650
SPS: 1650
SPS: 1650
SPS: 1650
SPS: 1651
SPS: 1651
SPS: 1651
SPS: 1651
SPS: 1651
SPS: 1652
SPS: 1652
SPS: 1652
SPS: 1652
SPS: 1653
SPS: 1653
SPS: 1653
SPS: 1653
SPS: 1654
SPS: 1654
SPS: 1654
SPS: 1654
SPS: 1655
SPS: 1655
SPS: 1655
global_step=1010992, episodic_return=0.0
global_step=1010992, episodic_return=0.0
SPS: 1655
SPS: 1654
SPS: 1654
SPS: 1654
SPS: 1655
SPS: 1655
SPS: 1655
SPS: 1655
SPS: 1656
SPS: 1656
SPS: 1656
SPS: 1656
SPS: 1656
SPS: 1657
SPS: 1657
SPS: 1657
SPS: 1657
SPS: 1657
SPS: 1657
SPS: 1657
SPS: 1657
SPS: 1657
SPS: 1658
SPS: 1658
SPS: 1658
SPS: 1658
SPS: 1658
SPS: 1658
SPS: 1658
SPS: 1658
SPS: 1659
SPS: 1659
SPS: 1659
SPS: 1659
global_step=1064160, episodic_return=0.0
global_step=1064160, episodic_return=0.0
SPS: 1658
SPS: 1658
SPS: 1658
SPS: 1658
SPS: 1658
SPS: 1658
SPS: 1658
SPS: 1658
SPS: 1658
SPS: 1658
SPS: 1657
SPS: 1657
SPS: 1657
SPS: 1657
SPS: 1657
SPS: 1657
SPS: 1657
SPS: 1657
SPS: 1657
SPS: 1657
SPS: 1657
SPS: 1657
SPS: 1657
SPS: 1657
SPS: 1657
SPS: 1657
SPS: 1657
SPS: 1657
SPS: 1657
SPS: 1657
SPS: 1657
SPS: 1657
SPS: 1657
global_step=1117376, episodic_return=0.0
SPS: 1657
SPS: 1657
SPS: 1657
SPS: 1657
SPS: 1657
SPS: 1657
SPS: 1658
SPS: 1658
SPS: 1658
SPS: 1658
SPS: 1658
SPS: 1658
SPS: 1658
SPS: 1658
SPS: 1658
SPS: 1658
SPS: 1658
SPS: 1658
SPS: 1657
SPS: 1657
SPS: 1657
SPS: 1657
SPS: 1658
SPS: 1658
SPS: 1658
SPS: 1658
SPS: 1658
SPS: 1658
SPS: 1658
SPS: 1658
SPS: 1658
SPS: 1658
SPS: 1658
global_step=1170608, episodic_return=0.0
global_step=1170608, episodic_return=0.0
SPS: 1657
SPS: 1656
SPS: 1656
SPS: 1657
SPS: 1657
SPS: 1657
SPS: 1657
SPS: 1657
SPS: 1657
SPS: 1658
SPS: 1658
SPS: 1658
SPS: 1658
SPS: 1658
SPS: 1659
SPS: 1659
SPS: 1659
SPS: 1659
SPS: 1659
SPS: 1660
SPS: 1660
SPS: 1660
SPS: 1660
SPS: 1660
SPS: 1661
SPS: 1661
SPS: 1661
SPS: 1661
SPS: 1661
SPS: 1661
SPS: 1661
SPS: 1661
SPS: 1661
global_step=1223792, episodic_return=0.0
SPS: 1661
SPS: 1661
SPS: 1661
SPS: 1661
SPS: 1661
SPS: 1661
SPS: 1661
SPS: 1661
SPS: 1661
SPS: 1661
SPS: 1660
SPS: 1660
SPS: 1660
SPS: 1660
SPS: 1660
SPS: 1660
SPS: 1660
SPS: 1659
SPS: 1659
SPS: 1659
SPS: 1659
SPS: 1659
SPS: 1659
SPS: 1659
SPS: 1659
SPS: 1659
SPS: 1659
SPS: 1659
SPS: 1659
SPS: 1659
SPS: 1659
SPS: 1659
SPS: 1659
SPS: 1659
global_step=1276992, episodic_return=0.0
global_step=1276992, episodic_return=0.0
SPS: 1658
SPS: 1657
SPS: 1658
SPS: 1657
SPS: 1657
SPS: 1657
SPS: 1657
SPS: 1657
SPS: 1657
SPS: 1657
SPS: 1658
SPS: 1657
SPS: 1658
SPS: 1658
SPS: 1658
SPS: 1658
SPS: 1658
SPS: 1658
SPS: 1658
SPS: 1659
SPS: 1659
SPS: 1659
SPS: 1659
SPS: 1659
SPS: 1659
SPS: 1659
SPS: 1659
SPS: 1659
SPS: 1660
SPS: 1660
SPS: 1660
SPS: 1660
SPS: 1660
global_step=1330240, episodic_return=0.0
global_step=1330240, episodic_return=0.0
SPS: 1659
SPS: 1659
SPS: 1659
SPS: 1660
SPS: 1660
SPS: 1660
SPS: 1660
SPS: 1660
SPS: 1660
SPS: 1660
SPS: 1660
SPS: 1660
SPS: 1660
SPS: 1660
SPS: 1660
SPS: 1661
SPS: 1661
SPS: 1661
SPS: 1661
SPS: 1661
SPS: 1661
SPS: 1661
SPS: 1661
SPS: 1661
SPS: 1661
SPS: 1662
SPS: 1661
SPS: 1662
SPS: 1662
SPS: 1662
SPS: 1662
SPS: 1662
SPS: 1662
global_step=1383456, episodic_return=0.0
SPS: 1662
SPS: 1661
SPS: 1661
SPS: 1661
SPS: 1661
SPS: 1661
SPS: 1661
SPS: 1661
SPS: 1662
SPS: 1662
SPS: 1662
SPS: 1662
SPS: 1662
SPS: 1662
SPS: 1663
SPS: 1663
SPS: 1663
SPS: 1663
SPS: 1663
SPS: 1663
SPS: 1663
SPS: 1663
SPS: 1663
SPS: 1663
SPS: 1664
SPS: 1664
SPS: 1664
SPS: 1664
SPS: 1664
SPS: 1664
SPS: 1664
SPS: 1664
SPS: 1664
global_step=1436624, episodic_return=0.0
global_step=1436624, episodic_return=0.0
SPS: 1664
SPS: 1663
SPS: 1663
SPS: 1662
SPS: 1662
SPS: 1662
SPS: 1662
SPS: 1662
SPS: 1662
SPS: 1662
SPS: 1662
SPS: 1662
SPS: 1662
SPS: 1662
SPS: 1662
SPS: 1662
SPS: 1661
SPS: 1661
SPS: 1661
SPS: 1661
SPS: 1661
SPS: 1662
SPS: 1662
SPS: 1662
SPS: 1662
SPS: 1662
SPS: 1662
SPS: 1662
SPS: 1663
SPS: 1663
SPS: 1663
SPS: 1663
SPS: 1663
SPS: 1662
global_step=1489872, episodic_return=0.0
SPS: 1662
SPS: 1662
SPS: 1662
SPS: 1662
SPS: 1662
SPS: 1662
SPS: 1662
SPS: 1662
SPS: 1662
SPS: 1662
SPS: 1662
SPS: 1662
SPS: 1662
SPS: 1662
SPS: 1662
SPS: 1662
SPS: 1662
SPS: 1662
SPS: 1662
SPS: 1662
SPS: 1663
SPS: 1663
SPS: 1663
SPS: 1663
SPS: 1663
SPS: 1663
SPS: 1664
SPS: 1664
SPS: 1664
SPS: 1664
SPS: 1664
SPS: 1664
SPS: 1664
global_step=1543136, episodic_return=0.0
global_step=1543136, episodic_return=0.0
SPS: 1664
SPS: 1664
SPS: 1664
SPS: 1663
SPS: 1663
SPS: 1663
SPS: 1663
SPS: 1664
SPS: 1663
SPS: 1664
SPS: 1663
SPS: 1663
SPS: 1664
SPS: 1664
SPS: 1664
SPS: 1664
SPS: 1664
SPS: 1664
SPS: 1664
SPS: 1664
SPS: 1664
SPS: 1664
SPS: 1664
SPS: 1665
SPS: 1665
SPS: 1665
SPS: 1665
SPS: 1665
SPS: 1665
SPS: 1666
SPS: 1666
SPS: 1666
SPS: 1666
global_step=1596336, episodic_return=0.0
global_step=1596336, episodic_return=0.0
SPS: 1665
SPS: 1665
SPS: 1665
SPS: 1665
SPS: 1665
SPS: 1665
SPS: 1665
SPS: 1665
SPS: 1666
SPS: 1666
SPS: 1666
SPS: 1666
SPS: 1666
SPS: 1666
SPS: 1666
SPS: 1666
SPS: 1666
SPS: 1666
SPS: 1666
SPS: 1666
SPS: 1666
SPS: 1666
SPS: 1666
SPS: 1666
SPS: 1666
SPS: 1666
SPS: 1666
SPS: 1666
SPS: 1667
SPS: 1667
SPS: 1667
SPS: 1666
SPS: 1665
global_step=1649520, episodic_return=0.0
SPS: 1665
SPS: 1664
SPS: 1664
SPS: 1664
SPS: 1664
SPS: 1664
SPS: 1664
SPS: 1664
SPS: 1664
SPS: 1664
SPS: 1664
SPS: 1664
SPS: 1664
SPS: 1663
SPS: 1663
SPS: 1663
SPS: 1663
SPS: 1663
SPS: 1663
SPS: 1663
SPS: 1663
SPS: 1663
SPS: 1663
SPS: 1663
SPS: 1662
SPS: 1662
SPS: 1662
SPS: 1662
SPS: 1662
SPS: 1663
SPS: 1663
SPS: 1663
SPS: 1663
SPS: 1663
global_step=1702672, episodic_return=0.0
global_step=1702672, episodic_return=0.0
SPS: 1662
SPS: 1662
SPS: 1662
SPS: 1662
SPS: 1662
SPS: 1662
SPS: 1662
SPS: 1662
SPS: 1662
SPS: 1662
SPS: 1663
SPS: 1662
SPS: 1663
SPS: 1663
SPS: 1663
SPS: 1663
SPS: 1663
SPS: 1663
SPS: 1663
SPS: 1664
SPS: 1664
SPS: 1664
SPS: 1664
SPS: 1664
SPS: 1664
SPS: 1664
SPS: 1664
SPS: 1665
SPS: 1664
SPS: 1664
SPS: 1664
SPS: 1664
SPS: 1664
global_step=1755888, episodic_return=1.0
SPS: 1664
SPS: 1664
SPS: 1664
SPS: 1665
SPS: 1665
SPS: 1665
SPS: 1665
SPS: 1665
SPS: 1665
SPS: 1665
SPS: 1665
SPS: 1665
SPS: 1665
SPS: 1665
SPS: 1665
SPS: 1665
SPS: 1666
SPS: 1665
SPS: 1665
SPS: 1665
SPS: 1665
SPS: 1665
SPS: 1666
SPS: 1666
SPS: 1666
SPS: 1666
SPS: 1666
SPS: 1666
SPS: 1666
SPS: 1666
SPS: 1665
SPS: 1666
SPS: 1665
global_step=1809104, episodic_return=0.0
global_step=1809104, episodic_return=0.0
SPS: 1665
SPS: 1665
SPS: 1665
SPS: 1665
SPS: 1665
SPS: 1665
SPS: 1665
SPS: 1665
SPS: 1665
SPS: 1665
SPS: 1665
SPS: 1666
SPS: 1666
SPS: 1666
SPS: 1666
SPS: 1666
SPS: 1666
SPS: 1666
SPS: 1666
SPS: 1666
SPS: 1666
SPS: 1666
SPS: 1666
SPS: 1666
SPS: 1666
SPS: 1666
SPS: 1666
SPS: 1666
SPS: 1666
SPS: 1666
SPS: 1666
SPS: 1666
SPS: 1666
global_step=1862304, episodic_return=0.0
global_step=1862304, episodic_return=0.0
SPS: 1666
SPS: 1666
SPS: 1666
SPS: 1666
SPS: 1667
SPS: 1667
SPS: 1667
SPS: 1667
SPS: 1667
SPS: 1667
SPS: 1667
SPS: 1667
SPS: 1668
SPS: 1668
SPS: 1668
SPS: 1668
SPS: 1668
SPS: 1668
SPS: 1668
SPS: 1668
SPS: 1668
SPS: 1669
SPS: 1669
SPS: 1669
SPS: 1669
SPS: 1669
SPS: 1669
SPS: 1669
SPS: 1669
SPS: 1670
SPS: 1670
SPS: 1670
SPS: 1669
SPS: 1669
global_step=1915520, episodic_return=0.0
SPS: 1669
SPS: 1668
SPS: 1668
SPS: 1668
SPS: 1668
SPS: 1668
SPS: 1668
SPS: 1668
SPS: 1668
SPS: 1668
SPS: 1668
SPS: 1668
SPS: 1668
SPS: 1668
SPS: 1668
SPS: 1668
SPS: 1668
SPS: 1668
SPS: 1668
SPS: 1668
SPS: 1668
SPS: 1668
SPS: 1667
SPS: 1667
SPS: 1667
SPS: 1667
SPS: 1668
SPS: 1668
SPS: 1668
SPS: 1668
SPS: 1668
SPS: 1668
SPS: 1668
global_step=1968768, episodic_return=0.0
global_step=1968768, episodic_return=0.0
SPS: 1668
SPS: 1668
SPS: 1668
SPS: 1668
SPS: 1668
SPS: 1668
SPS: 1668
SPS: 1668
SPS: 1669
SPS: 1669
SPS: 1669
SPS: 1669
SPS: 1669
SPS: 1669
SPS: 1669
SPS: 1669
SPS: 1669
SPS: 1669
SPS: 1669
SPS: 1669
SPS: 1669
SPS: 1670
SPS: 1670
SPS: 1670
SPS: 1670
SPS: 1670
SPS: 1670
SPS: 1670
SPS: 1670
SPS: 1671
SPS: 1671
SPS: 1671
SPS: 1671
global_step=2021920, episodic_return=0.0
SPS: 1670
SPS: 1671
SPS: 1671
SPS: 1671
SPS: 1671
SPS: 1671
SPS: 1671
SPS: 1671
SPS: 1671
SPS: 1671
SPS: 1671
SPS: 1671
SPS: 1672
SPS: 1671
SPS: 1671
SPS: 1671
SPS: 1671
SPS: 1671
SPS: 1671
SPS: 1671
SPS: 1671
SPS: 1671
SPS: 1671
SPS: 1671
SPS: 1672
SPS: 1672
SPS: 1672
SPS: 1672
SPS: 1672
SPS: 1672
SPS: 1672
SPS: 1672
SPS: 1672
global_step=2075168, episodic_return=0.0
global_step=2075168, episodic_return=0.0
SPS: 1671
SPS: 1671
SPS: 1671
SPS: 1671
SPS: 1671
SPS: 1670
SPS: 1670
SPS: 1670
SPS: 1669
SPS: 1669
SPS: 1669
SPS: 1669
SPS: 1669
SPS: 1669
SPS: 1669
SPS: 1669
SPS: 1669
SPS: 1669
SPS: 1669
SPS: 1669
SPS: 1669
SPS: 1669
SPS: 1669
SPS: 1669
SPS: 1670
SPS: 1670
SPS: 1670
SPS: 1670
SPS: 1670
SPS: 1670
SPS: 1670
SPS: 1670
SPS: 1670
SPS: 1670
global_step=2128336, episodic_return=2.0
global_step=2128336, episodic_return=2.0
SPS: 1670
SPS: 1670
SPS: 1670
SPS: 1670
SPS: 1670
SPS: 1670
SPS: 1670
SPS: 1670
SPS: 1670
SPS: 1670
SPS: 1670
SPS: 1670
SPS: 1670
SPS: 1669
SPS: 1669
SPS: 1669
SPS: 1669
SPS: 1669
SPS: 1669
SPS: 1669
SPS: 1669
SPS: 1669
SPS: 1668
SPS: 1668
SPS: 1668
SPS: 1668
SPS: 1669
SPS: 1668
SPS: 1668
SPS: 1669
SPS: 1669
SPS: 1669
SPS: 1668
global_step=2181504, episodic_return=10.0
SPS: 1668
SPS: 1667
SPS: 1667
SPS: 1667
SPS: 1667
SPS: 1666
SPS: 1666
SPS: 1666
SPS: 1666
SPS: 1666
SPS: 1667
SPS: 1667
SPS: 1667
SPS: 1667
SPS: 1667
SPS: 1667
SPS: 1667
SPS: 1667
SPS: 1667
SPS: 1667
SPS: 1667
SPS: 1668
SPS: 1668
SPS: 1668
SPS: 1668
SPS: 1668
SPS: 1668
SPS: 1668
SPS: 1668
SPS: 1668
SPS: 1668
SPS: 1668
SPS: 1668
global_step=2234688, episodic_return=0.0
global_step=2234688, episodic_return=0.0
SPS: 1667
SPS: 1668
SPS: 1668
SPS: 1668
SPS: 1668
SPS: 1668
SPS: 1668
SPS: 1668
SPS: 1668
SPS: 1668
SPS: 1668
SPS: 1669
SPS: 1669
SPS: 1669
SPS: 1669
SPS: 1669
SPS: 1669
SPS: 1669
SPS: 1669
SPS: 1669
SPS: 1669
SPS: 1669
SPS: 1670
SPS: 1670
SPS: 1670
SPS: 1670
SPS: 1670
SPS: 1670
SPS: 1670
SPS: 1670
SPS: 1670
SPS: 1670
SPS: 1670
global_step=2287840, episodic_return=0.0
SPS: 1670
SPS: 1669
SPS: 1669
SPS: 1669
SPS: 1670
SPS: 1670
SPS: 1670
SPS: 1670
SPS: 1670
SPS: 1670
SPS: 1670
SPS: 1670
SPS: 1670
SPS: 1670
SPS: 1670
SPS: 1670
SPS: 1670
SPS: 1670
SPS: 1670
SPS: 1670
SPS: 1670
SPS: 1670
SPS: 1670
SPS: 1670
SPS: 1670
SPS: 1670
SPS: 1670
SPS: 1670
SPS: 1670
SPS: 1670
SPS: 1670
SPS: 1670
SPS: 1670
SPS: 1670
global_step=2341008, episodic_return=0.0
global_step=2341008, episodic_return=0.0
SPS: 1670
SPS: 1670
SPS: 1670
SPS: 1670
SPS: 1670
SPS: 1670
SPS: 1669
SPS: 1669
SPS: 1668
SPS: 1668
SPS: 1668
SPS: 1668
SPS: 1668
SPS: 1668
SPS: 1668
SPS: 1668
SPS: 1668
SPS: 1668
SPS: 1668
SPS: 1668
SPS: 1668
SPS: 1668
SPS: 1668
SPS: 1668
SPS: 1668
SPS: 1668
SPS: 1668
SPS: 1668
SPS: 1668
SPS: 1668
SPS: 1668
SPS: 1669
SPS: 1669
global_step=2394240, episodic_return=0.0
global_step=2394240, episodic_return=0.0
SPS: 1668
SPS: 1668
SPS: 1668
SPS: 1668
SPS: 1668
SPS: 1668
SPS: 1668
SPS: 1668
SPS: 1669
SPS: 1669
SPS: 1669
SPS: 1669
SPS: 1669
SPS: 1669
SPS: 1669
SPS: 1669
SPS: 1669
SPS: 1669
SPS: 1669
SPS: 1670
SPS: 1670
SPS: 1670
SPS: 1670
SPS: 1670
SPS: 1670
SPS: 1670
SPS: 1670
SPS: 1670
SPS: 1670
SPS: 1670
SPS: 1670
SPS: 1670
SPS: 1669
global_step=2447504, episodic_return=0.0
SPS: 1669
SPS: 1669
SPS: 1669
SPS: 1669
SPS: 1669
SPS: 1669
SPS: 1669
SPS: 1669
SPS: 1669
SPS: 1669
SPS: 1669
SPS: 1669
SPS: 1669
SPS: 1669
SPS: 1669
SPS: 1669
SPS: 1669
SPS: 1669
SPS: 1669
SPS: 1669
SPS: 1669
SPS: 1669
SPS: 1669
SPS: 1669
SPS: 1669
SPS: 1669
SPS: 1668
SPS: 1668
SPS: 1668
SPS: 1668
SPS: 1668
SPS: 1668
SPS: 1668
global_step=2500688, episodic_return=0.0
global_step=2500688, episodic_return=0.0
SPS: 1668
SPS: 1668
SPS: 1668
SPS: 1668
SPS: 1668
SPS: 1668
SPS: 1668
SPS: 1668
SPS: 1668
SPS: 1668
SPS: 1669
SPS: 1669
SPS: 1669
SPS: 1669
SPS: 1669
SPS: 1669
SPS: 1669
SPS: 1669
SPS: 1669
SPS: 1669
SPS: 1669
SPS: 1669
SPS: 1669
SPS: 1669
SPS: 1669
SPS: 1669
SPS: 1669
SPS: 1669
SPS: 1669
SPS: 1669
SPS: 1669
SPS: 1669
SPS: 1669
SPS: 1669
global_step=2553888, episodic_return=2.0
SPS: 1669
SPS: 1669
SPS: 1669
SPS: 1669
SPS: 1669
SPS: 1669
SPS: 1669
SPS: 1669
SPS: 1669
SPS: 1670
SPS: 1670
SPS: 1670
SPS: 1670
SPS: 1670
SPS: 1670
SPS: 1670
SPS: 1670
SPS: 1670
SPS: 1670
SPS: 1670
SPS: 1671
SPS: 1671
SPS: 1671
SPS: 1671
SPS: 1671
SPS: 1671
SPS: 1671
SPS: 1671
SPS: 1671
SPS: 1671
SPS: 1671
SPS: 1671
SPS: 1672
global_step=2607056, episodic_return=4.0
global_step=2607056, episodic_return=4.0
SPS: 1671
SPS: 1671
SPS: 1671
SPS: 1671
SPS: 1671
SPS: 1671
SPS: 1671
SPS: 1671
SPS: 1671
SPS: 1671
SPS: 1671
SPS: 1671
SPS: 1671
SPS: 1671
SPS: 1671
SPS: 1672
SPS: 1672
SPS: 1672
SPS: 1672
SPS: 1672
SPS: 1672
SPS: 1672
SPS: 1672
SPS: 1672
SPS: 1672
SPS: 1672
SPS: 1672
SPS: 1673
SPS: 1673
SPS: 1673
SPS: 1673
SPS: 1673
SPS: 1673
global_step=2660224, episodic_return=0.0
global_step=2660224, episodic_return=0.0
SPS: 1673
SPS: 1673
SPS: 1673
SPS: 1673
SPS: 1673
SPS: 1673
SPS: 1673
SPS: 1673
SPS: 1673
SPS: 1673
SPS: 1673
SPS: 1673
SPS: 1673
SPS: 1673
SPS: 1673
SPS: 1673
SPS: 1673
SPS: 1673
SPS: 1673
SPS: 1673
SPS: 1674
SPS: 1674
SPS: 1674
SPS: 1674
SPS: 1674
SPS: 1674
SPS: 1674
SPS: 1674
SPS: 1674
SPS: 1674
SPS: 1674
SPS: 1674
SPS: 1675
global_step=2713392, episodic_return=6.0
SPS: 1675
SPS: 1674
SPS: 1674
SPS: 1674
SPS: 1674
SPS: 1674
SPS: 1674
SPS: 1674
SPS: 1674
SPS: 1674
SPS: 1674
SPS: 1674
SPS: 1674
SPS: 1674
SPS: 1674
SPS: 1674
SPS: 1674
SPS: 1674
SPS: 1674
SPS: 1674
SPS: 1674
SPS: 1674
SPS: 1674
SPS: 1674
SPS: 1674
SPS: 1674
SPS: 1674
SPS: 1674
SPS: 1674
SPS: 1674
SPS: 1674
SPS: 1674
SPS: 1674
SPS: 1674
global_step=2766560, episodic_return=1.0
global_step=2766560, episodic_return=1.0
SPS: 1673
SPS: 1673
SPS: 1673
SPS: 1673
SPS: 1673
SPS: 1673
SPS: 1674
SPS: 1674
SPS: 1674
SPS: 1674
SPS: 1674
SPS: 1674
SPS: 1674
SPS: 1673
SPS: 1673
SPS: 1673
SPS: 1673
SPS: 1673
SPS: 1673
SPS: 1673
SPS: 1673
SPS: 1673
SPS: 1673
SPS: 1674
SPS: 1674
SPS: 1674
SPS: 1674
SPS: 1674
SPS: 1674
SPS: 1674
SPS: 1674
SPS: 1674
SPS: 1674
global_step=2819824, episodic_return=0.0
SPS: 1674
SPS: 1674
SPS: 1674
SPS: 1674
SPS: 1673
SPS: 1673
SPS: 1673
SPS: 1672
SPS: 1672
SPS: 1672
SPS: 1673
SPS: 1673
SPS: 1673
SPS: 1673
SPS: 1673
SPS: 1673
SPS: 1672
SPS: 1672
SPS: 1672
SPS: 1672
SPS: 1672
SPS: 1673
SPS: 1673
SPS: 1673
SPS: 1673
SPS: 1673
SPS: 1673
SPS: 1673
SPS: 1673
SPS: 1673
SPS: 1673
SPS: 1673
SPS: 1673
global_step=2872992, episodic_return=5.0
global_step=2872992, episodic_return=5.0
SPS: 1673
SPS: 1673
SPS: 1673
SPS: 1673
SPS: 1673
SPS: 1673
SPS: 1673
SPS: 1674
SPS: 1674
SPS: 1674
SPS: 1674
SPS: 1674
SPS: 1674
SPS: 1674
SPS: 1674
SPS: 1674
SPS: 1674
SPS: 1674
SPS: 1674
SPS: 1674
SPS: 1674
SPS: 1674
SPS: 1674
SPS: 1675
SPS: 1675
SPS: 1675
SPS: 1675
SPS: 1675
SPS: 1675
SPS: 1675
SPS: 1675
SPS: 1675
SPS: 1675
global_step=2926256, episodic_return=0.0
global_step=2926256, episodic_return=0.0
SPS: 1675
SPS: 1675
SPS: 1674
SPS: 1674
SPS: 1674
SPS: 1674
SPS: 1675
SPS: 1675
SPS: 1675
SPS: 1675
SPS: 1675
SPS: 1675
SPS: 1675
SPS: 1675
SPS: 1675
SPS: 1675
SPS: 1675
SPS: 1675
SPS: 1675
SPS: 1675
SPS: 1675
SPS: 1675
SPS: 1675
SPS: 1675
SPS: 1675
SPS: 1675
SPS: 1675
SPS: 1675
SPS: 1675
SPS: 1675
SPS: 1675
SPS: 1675
SPS: 1675
SPS: 1675
global_step=2979488, episodic_return=0.0
SPS: 1674
SPS: 1675
SPS: 1675
SPS: 1675
SPS: 1675
SPS: 1675
SPS: 1675
SPS: 1675
SPS: 1675
SPS: 1675
SPS: 1675
SPS: 1675
SPS: 1675
SPS: 1675
SPS: 1675
SPS: 1675
SPS: 1675
SPS: 1675
SPS: 1675
SPS: 1675
SPS: 1675
SPS: 1675
SPS: 1675
SPS: 1675
SPS: 1675
SPS: 1675
SPS: 1675
SPS: 1676
SPS: 1676
SPS: 1676
SPS: 1676
SPS: 1676
SPS: 1676
global_step=3032736, episodic_return=0.0
global_step=3032736, episodic_return=0.0
SPS: 1676
SPS: 1676
SPS: 1676
SPS: 1676
SPS: 1676
SPS: 1676
SPS: 1676
SPS: 1675
SPS: 1675
SPS: 1675
SPS: 1675
SPS: 1675
SPS: 1675
SPS: 1675
SPS: 1675
SPS: 1675
SPS: 1675
SPS: 1675
SPS: 1675
SPS: 1675
SPS: 1675
SPS: 1675
SPS: 1675
SPS: 1675
SPS: 1675
SPS: 1675
SPS: 1676
SPS: 1676
SPS: 1676
SPS: 1676
SPS: 1676
SPS: 1676
SPS: 1676
global_step=3086000, episodic_return=2.0
SPS: 1676
SPS: 1676
SPS: 1676
SPS: 1676
SPS: 1676
SPS: 1676
SPS: 1676
SPS: 1676
SPS: 1676
SPS: 1676
SPS: 1676
SPS: 1676
SPS: 1676
SPS: 1676
SPS: 1676
SPS: 1676
SPS: 1677
SPS: 1677
SPS: 1677
SPS: 1677
SPS: 1677
SPS: 1677
SPS: 1677
SPS: 1677
SPS: 1677
SPS: 1677
SPS: 1677
SPS: 1677
SPS: 1677
SPS: 1677
SPS: 1677
SPS: 1678
SPS: 1678
global_step=3139168, episodic_return=0.0
global_step=3139168, episodic_return=0.0
SPS: 1678
SPS: 1678
SPS: 1678
SPS: 1678
SPS: 1678
SPS: 1678
SPS: 1678
SPS: 1678
SPS: 1678
SPS: 1678
SPS: 1678
SPS: 1678
SPS: 1678
SPS: 1678
SPS: 1679
SPS: 1679
SPS: 1679
SPS: 1679
SPS: 1679
SPS: 1679
SPS: 1679
SPS: 1679
SPS: 1679
SPS: 1679
SPS: 1679
SPS: 1679
SPS: 1679
SPS: 1679
SPS: 1679
SPS: 1680
SPS: 1680
SPS: 1680
SPS: 1680
SPS: 1680
global_step=3192352, episodic_return=0.0
global_step=3192352, episodic_return=0.0
SPS: 1679
SPS: 1679
SPS: 1679
SPS: 1679
SPS: 1679
SPS: 1679
SPS: 1679
SPS: 1678
SPS: 1678
SPS: 1678
SPS: 1678
SPS: 1678
SPS: 1678
SPS: 1678
SPS: 1678
SPS: 1678
SPS: 1678
SPS: 1678
SPS: 1678
SPS: 1678
SPS: 1678
SPS: 1678
SPS: 1678
SPS: 1678
SPS: 1678
SPS: 1678
SPS: 1678
SPS: 1678
SPS: 1678
SPS: 1678
SPS: 1677
SPS: 1678
SPS: 1678
global_step=3245616, episodic_return=0.0
SPS: 1677
SPS: 1677
SPS: 1678
SPS: 1678
SPS: 1678
SPS: 1678
SPS: 1678
SPS: 1678
SPS: 1678
SPS: 1678
SPS: 1678
SPS: 1678
SPS: 1678
SPS: 1678
SPS: 1678
SPS: 1678
SPS: 1678
SPS: 1678
SPS: 1678
SPS: 1678
SPS: 1678
SPS: 1678
SPS: 1678
SPS: 1678
SPS: 1678
SPS: 1678
SPS: 1678
SPS: 1678
SPS: 1678
SPS: 1678
SPS: 1679
SPS: 1679
SPS: 1679
global_step=3298816, episodic_return=14.0
global_step=3298816, episodic_return=14.0
SPS: 1679
SPS: 1679
SPS: 1679
SPS: 1679
SPS: 1679
SPS: 1679
SPS: 1679
SPS: 1679
SPS: 1679
SPS: 1679
SPS: 1679
SPS: 1679
SPS: 1679
SPS: 1679
SPS: 1679
SPS: 1679
SPS: 1679
SPS: 1679
SPS: 1679
SPS: 1678
SPS: 1678
SPS: 1678
SPS: 1678
SPS: 1678
SPS: 1678
SPS: 1678
SPS: 1678
SPS: 1678
SPS: 1678
SPS: 1678
SPS: 1678
SPS: 1678
SPS: 1678
SPS: 1678
global_step=3352032, episodic_return=0.0
SPS: 1678
SPS: 1678
SPS: 1678
SPS: 1678
SPS: 1678
SPS: 1678
SPS: 1678
SPS: 1678
SPS: 1678
SPS: 1678
SPS: 1678
SPS: 1678
SPS: 1678
SPS: 1679
SPS: 1679
SPS: 1679
SPS: 1679
SPS: 1679
SPS: 1679
SPS: 1679
SPS: 1679
SPS: 1679
SPS: 1679
SPS: 1679
SPS: 1679
SPS: 1679
SPS: 1679
SPS: 1679
SPS: 1679
SPS: 1680
SPS: 1680
SPS: 1680
SPS: 1680
global_step=3405216, episodic_return=1.0
global_step=3405216, episodic_return=1.0
SPS: 1679
SPS: 1680
SPS: 1679
SPS: 1679
SPS: 1679
SPS: 1679
SPS: 1679
SPS: 1679
SPS: 1679
SPS: 1679
SPS: 1679
SPS: 1679
SPS: 1679
SPS: 1679
SPS: 1679
SPS: 1679
SPS: 1679
SPS: 1679
SPS: 1679
SPS: 1679
SPS: 1679
SPS: 1679
SPS: 1679
SPS: 1680
SPS: 1680
SPS: 1680
SPS: 1680
SPS: 1680
SPS: 1680
SPS: 1680
SPS: 1680
SPS: 1680
SPS: 1680
global_step=3458368, episodic_return=11.0
global_step=3458368, episodic_return=11.0
SPS: 1679
SPS: 1679
SPS: 1679
SPS: 1679
SPS: 1679
SPS: 1679
SPS: 1679
SPS: 1679
SPS: 1679
SPS: 1679
SPS: 1678
SPS: 1678
SPS: 1678
SPS: 1678
SPS: 1678
SPS: 1678
SPS: 1678
SPS: 1678
SPS: 1678
SPS: 1678
SPS: 1678
SPS: 1678
SPS: 1678
SPS: 1678
SPS: 1678
SPS: 1678
SPS: 1678
SPS: 1678
SPS: 1678
SPS: 1678
SPS: 1678
SPS: 1679
SPS: 1679
global_step=3511584, episodic_return=0.0
SPS: 1678
SPS: 1678
SPS: 1678
SPS: 1678
SPS: 1678
SPS: 1678
SPS: 1679
SPS: 1679
SPS: 1679
SPS: 1679
SPS: 1679
SPS: 1679
SPS: 1679
SPS: 1679
SPS: 1679
SPS: 1679
SPS: 1679
SPS: 1679
SPS: 1679
SPS: 1679
SPS: 1679
SPS: 1679
SPS: 1679
SPS: 1679
SPS: 1679
SPS: 1679
SPS: 1679
SPS: 1679
SPS: 1679
SPS: 1679
SPS: 1679
SPS: 1679
SPS: 1679
global_step=3564784, episodic_return=0.0
global_step=3564784, episodic_return=0.0
SPS: 1679
SPS: 1679
SPS: 1679
SPS: 1679
SPS: 1679
SPS: 1679
SPS: 1679
SPS: 1679
SPS: 1679
SPS: 1679
SPS: 1679
SPS: 1679
SPS: 1679
SPS: 1679
SPS: 1679
SPS: 1680
SPS: 1680
SPS: 1680
SPS: 1680
SPS: 1680
SPS: 1680
SPS: 1680
SPS: 1680
SPS: 1680
SPS: 1680
SPS: 1680
SPS: 1680
SPS: 1680
SPS: 1680
SPS: 1680
SPS: 1680
SPS: 1680
SPS: 1680
SPS: 1679
global_step=3618032, episodic_return=0.0
SPS: 1679
SPS: 1679
SPS: 1679
SPS: 1679
SPS: 1679
SPS: 1679
SPS: 1678
SPS: 1678
SPS: 1678
SPS: 1678
SPS: 1678
SPS: 1678
SPS: 1678
SPS: 1678
SPS: 1678
SPS: 1678
SPS: 1678
SPS: 1678
SPS: 1678
SPS: 1678
SPS: 1678
SPS: 1678
SPS: 1678
SPS: 1678
SPS: 1678
SPS: 1678
SPS: 1678
SPS: 1678
SPS: 1677
SPS: 1677
SPS: 1677
SPS: 1677
SPS: 1677
global_step=3671216, episodic_return=0.0
global_step=3671216, episodic_return=0.0
SPS: 1677
SPS: 1677
SPS: 1677
SPS: 1676
SPS: 1676
SPS: 1676
SPS: 1677
SPS: 1677
SPS: 1677
SPS: 1677
SPS: 1677
SPS: 1677
SPS: 1677
SPS: 1677
SPS: 1677
SPS: 1677
SPS: 1677
SPS: 1677
SPS: 1677
SPS: 1677
SPS: 1677
SPS: 1677
SPS: 1678
SPS: 1678
SPS: 1678
SPS: 1678
SPS: 1678
SPS: 1678
SPS: 1678
SPS: 1678
SPS: 1678
SPS: 1678
SPS: 1678
global_step=3724448, episodic_return=0.0
global_step=3724448, episodic_return=0.0
SPS: 1678
SPS: 1677
SPS: 1677
SPS: 1677
SPS: 1677
SPS: 1677
SPS: 1677
SPS: 1677
SPS: 1677
SPS: 1677
SPS: 1677
SPS: 1677
SPS: 1677
SPS: 1677
SPS: 1677
SPS: 1677
SPS: 1677
SPS: 1678
SPS: 1678
SPS: 1678
SPS: 1678
SPS: 1678
SPS: 1678
SPS: 1678
SPS: 1678
SPS: 1678
SPS: 1678
SPS: 1678
SPS: 1678
SPS: 1678
SPS: 1678
SPS: 1678
SPS: 1678
SPS: 1678
global_step=3777680, episodic_return=2.0
SPS: 1678
SPS: 1678
SPS: 1678
SPS: 1678
SPS: 1678
SPS: 1678
SPS: 1677
SPS: 1677
SPS: 1677
SPS: 1677
SPS: 1678
SPS: 1678
SPS: 1678
SPS: 1678
SPS: 1678
SPS: 1678
SPS: 1678
SPS: 1678
SPS: 1678
SPS: 1678
SPS: 1678
SPS: 1678
SPS: 1678
SPS: 1678
SPS: 1678
SPS: 1678
SPS: 1678
SPS: 1679
SPS: 1679
SPS: 1679
SPS: 1679
SPS: 1679
SPS: 1678
global_step=3830928, episodic_return=1.0
global_step=3830928, episodic_return=1.0
SPS: 1678
SPS: 1678
SPS: 1677
SPS: 1677
SPS: 1677
SPS: 1677
SPS: 1677
SPS: 1677
SPS: 1677
SPS: 1677
SPS: 1676
SPS: 1676
SPS: 1676
SPS: 1676
SPS: 1676
SPS: 1676
SPS: 1676
SPS: 1676
SPS: 1676
SPS: 1676
SPS: 1676
SPS: 1676
SPS: 1676
SPS: 1676
SPS: 1676
SPS: 1676
SPS: 1676
SPS: 1676
SPS: 1676
SPS: 1676
SPS: 1676
SPS: 1676
SPS: 1676
global_step=3884112, episodic_return=0.0
SPS: 1676
SPS: 1676
SPS: 1676
SPS: 1676
SPS: 1675
SPS: 1675
SPS: 1675
SPS: 1675
SPS: 1675
SPS: 1675
SPS: 1675
SPS: 1675
SPS: 1674
SPS: 1674
SPS: 1675
SPS: 1675
SPS: 1675
SPS: 1675
SPS: 1674
SPS: 1674
SPS: 1674
SPS: 1675
SPS: 1675
SPS: 1674
SPS: 1674
SPS: 1675
SPS: 1675
SPS: 1675
SPS: 1675
SPS: 1674
SPS: 1674
SPS: 1674
SPS: 1674
global_step=3937280, episodic_return=0.0
global_step=3937280, episodic_return=0.0
SPS: 1674
SPS: 1674
SPS: 1674
SPS: 1674
SPS: 1673
SPS: 1673
SPS: 1673
SPS: 1673
SPS: 1673
SPS: 1673
SPS: 1673
SPS: 1673
SPS: 1673
SPS: 1673
SPS: 1673
SPS: 1673
SPS: 1673
SPS: 1673
SPS: 1673
SPS: 1673
SPS: 1673
SPS: 1673
SPS: 1673
SPS: 1673
SPS: 1673
SPS: 1673
SPS: 1673
SPS: 1673
SPS: 1673
SPS: 1673
SPS: 1673
SPS: 1673
SPS: 1673
SPS: 1673
global_step=3990448, episodic_return=0.0
global_step=3990448, episodic_return=0.0
SPS: 1673
SPS: 1672
SPS: 1672
SPS: 1672
SPS: 1672
SPS: 1672
SPS: 1673
SPS: 1673
SPS: 1673
SPS: 1673
SPS: 1673
SPS: 1673
SPS: 1673
SPS: 1673
SPS: 1673
SPS: 1673
SPS: 1673
SPS: 1673
SPS: 1673
SPS: 1673
SPS: 1673
SPS: 1673
SPS: 1673
SPS: 1673
SPS: 1673
SPS: 1673
SPS: 1673
SPS: 1673
SPS: 1673
SPS: 1673
SPS: 1673
SPS: 1673
SPS: 1673
global_step=4043664, episodic_return=0.0
SPS: 1673
SPS: 1673
SPS: 1673
SPS: 1673
SPS: 1673
SPS: 1673
SPS: 1673
SPS: 1673
SPS: 1673
SPS: 1673
SPS: 1673
SPS: 1673
SPS: 1673
SPS: 1673
SPS: 1673
SPS: 1673
SPS: 1673
SPS: 1673
SPS: 1673
SPS: 1673
SPS: 1673
SPS: 1673
SPS: 1673
SPS: 1673
SPS: 1673
SPS: 1673
SPS: 1673
SPS: 1673
SPS: 1674
SPS: 1674
SPS: 1674
SPS: 1674
SPS: 1674
global_step=4096928, episodic_return=0.0
global_step=4096928, episodic_return=0.0
SPS: 1673
SPS: 1673
SPS: 1673
SPS: 1673
SPS: 1673
SPS: 1674
SPS: 1674
SPS: 1674
SPS: 1674
SPS: 1674
SPS: 1674
SPS: 1674
SPS: 1674
SPS: 1674
SPS: 1674
SPS: 1674
SPS: 1674
SPS: 1674
SPS: 1674
SPS: 1674
SPS: 1674
SPS: 1674
SPS: 1674
SPS: 1674
SPS: 1674
SPS: 1674
SPS: 1674
SPS: 1674
SPS: 1674
SPS: 1674
SPS: 1674
SPS: 1674
SPS: 1674
global_step=4150192, episodic_return=1.0
SPS: 1674
SPS: 1674
SPS: 1674
SPS: 1673
SPS: 1673
SPS: 1673
SPS: 1674
SPS: 1673
SPS: 1674
SPS: 1674
SPS: 1674
SPS: 1674
SPS: 1674
SPS: 1674
SPS: 1674
SPS: 1674
SPS: 1674
SPS: 1674
SPS: 1674
SPS: 1674
SPS: 1674
SPS: 1674
SPS: 1674
SPS: 1674
SPS: 1674
SPS: 1674
SPS: 1674
SPS: 1674
SPS: 1674
SPS: 1674
SPS: 1674
SPS: 1675
SPS: 1675
SPS: 1675
global_step=4203376, episodic_return=2.0
global_step=4203376, episodic_return=2.0
SPS: 1674
SPS: 1675
SPS: 1675
SPS: 1675
SPS: 1675
SPS: 1675
SPS: 1675
SPS: 1675
SPS: 1675
SPS: 1675
SPS: 1675
SPS: 1675
SPS: 1675
SPS: 1675
SPS: 1675
SPS: 1675
SPS: 1674
SPS: 1674
SPS: 1674
SPS: 1674
SPS: 1674
SPS: 1675
SPS: 1675
SPS: 1675
SPS: 1675
SPS: 1675
SPS: 1675
SPS: 1675
SPS: 1675
SPS: 1675
SPS: 1675
SPS: 1675
SPS: 1675
global_step=4256576, episodic_return=0.0
global_step=4256576, episodic_return=0.0
SPS: 1675
SPS: 1674
SPS: 1674
SPS: 1674
SPS: 1675
SPS: 1674
SPS: 1674
SPS: 1674
SPS: 1674
SPS: 1674
SPS: 1674
SPS: 1674
SPS: 1674
SPS: 1674
SPS: 1674
SPS: 1674
SPS: 1674
SPS: 1674
SPS: 1674
SPS: 1673
SPS: 1674
SPS: 1674
SPS: 1674
SPS: 1673
SPS: 1673
SPS: 1674
SPS: 1674
SPS: 1673
SPS: 1673
SPS: 1673
SPS: 1673
SPS: 1673
SPS: 1673
global_step=4309728, episodic_return=0.0
SPS: 1673
SPS: 1673
SPS: 1673
SPS: 1673
SPS: 1673
SPS: 1673
SPS: 1673
SPS: 1673
SPS: 1673
SPS: 1673
SPS: 1673
SPS: 1673
SPS: 1673
SPS: 1673
SPS: 1673
SPS: 1673
SPS: 1673
SPS: 1673
SPS: 1673
SPS: 1673
SPS: 1673
SPS: 1674
SPS: 1674
SPS: 1674
SPS: 1674
SPS: 1674
SPS: 1674
SPS: 1674
SPS: 1674
SPS: 1674
SPS: 1674
SPS: 1674
SPS: 1674
global_step=4362912, episodic_return=1.0
global_step=4362912, episodic_return=1.0
SPS: 1674
SPS: 1674
SPS: 1674
SPS: 1673
SPS: 1673
SPS: 1673
SPS: 1673
SPS: 1673
SPS: 1673
SPS: 1673
SPS: 1673
SPS: 1673
SPS: 1673
SPS: 1673
SPS: 1673
SPS: 1673
SPS: 1673
SPS: 1673
SPS: 1673
SPS: 1673
SPS: 1673
SPS: 1673
SPS: 1673
SPS: 1673
SPS: 1673
SPS: 1673
SPS: 1673
SPS: 1673
SPS: 1673
SPS: 1673
SPS: 1673
SPS: 1673
SPS: 1673
SPS: 1673
global_step=4416096, episodic_return=3.0
SPS: 1673
SPS: 1672
SPS: 1672
SPS: 1672
SPS: 1672
SPS: 1672
SPS: 1672
SPS: 1672
SPS: 1672
SPS: 1672
SPS: 1672
SPS: 1672
SPS: 1672
SPS: 1672
SPS: 1672
SPS: 1672
SPS: 1672
SPS: 1672
SPS: 1672
SPS: 1672
SPS: 1672
SPS: 1672
SPS: 1672
SPS: 1672
SPS: 1673
SPS: 1673
SPS: 1673
SPS: 1673
SPS: 1672
SPS: 1672
SPS: 1672
SPS: 1672
SPS: 1672
global_step=4469328, episodic_return=7.0
global_step=4469328, episodic_return=7.0
SPS: 1672
SPS: 1672
SPS: 1672
SPS: 1672
SPS: 1672
SPS: 1672
SPS: 1672
SPS: 1672
SPS: 1672
SPS: 1672
SPS: 1672
SPS: 1672
SPS: 1672
SPS: 1672
SPS: 1672
SPS: 1672
SPS: 1672
SPS: 1672
SPS: 1672
SPS: 1672
SPS: 1672
SPS: 1672
SPS: 1672
SPS: 1672
SPS: 1672
SPS: 1672
SPS: 1672
SPS: 1673
SPS: 1673
SPS: 1673
SPS: 1673
SPS: 1673
SPS: 1673
global_step=4522560, episodic_return=0.0
global_step=4522560, episodic_return=0.0
SPS: 1673
SPS: 1673
SPS: 1673
SPS: 1673
SPS: 1673
SPS: 1673
SPS: 1673
SPS: 1673
SPS: 1673
SPS: 1673
SPS: 1673
SPS: 1673
SPS: 1673
SPS: 1673
SPS: 1673
SPS: 1673
SPS: 1673
SPS: 1673
SPS: 1673
SPS: 1673
SPS: 1673
SPS: 1674
SPS: 1674
SPS: 1674
SPS: 1674
SPS: 1674
SPS: 1673
SPS: 1673
SPS: 1673
SPS: 1673
SPS: 1673
SPS: 1673
SPS: 1674
global_step=4575776, episodic_return=13.0
SPS: 1673
SPS: 1673
SPS: 1673
SPS: 1673
SPS: 1673
SPS: 1673
SPS: 1673
SPS: 1673
SPS: 1673
SPS: 1673
SPS: 1673
SPS: 1673
SPS: 1673
SPS: 1673
SPS: 1674
SPS: 1674
SPS: 1674
SPS: 1674
SPS: 1674
SPS: 1674
SPS: 1674
SPS: 1674
SPS: 1674
SPS: 1674
SPS: 1674
SPS: 1674
SPS: 1674
SPS: 1674
SPS: 1674
SPS: 1674
SPS: 1674
SPS: 1674
SPS: 1674
SPS: 1674
global_step=4628944, episodic_return=14.0
global_step=4628944, episodic_return=14.0
SPS: 1674
SPS: 1674
SPS: 1674
SPS: 1674
SPS: 1674
SPS: 1674
SPS: 1674
SPS: 1674
SPS: 1674
SPS: 1675
SPS: 1675
SPS: 1675
SPS: 1675
SPS: 1675
SPS: 1675
SPS: 1675
SPS: 1675
SPS: 1675
SPS: 1675
SPS: 1675
SPS: 1675
SPS: 1675
SPS: 1675
SPS: 1675
SPS: 1675
SPS: 1675
SPS: 1675
SPS: 1675
SPS: 1675
SPS: 1675
SPS: 1675
SPS: 1675
SPS: 1675
global_step=4682192, episodic_return=0.0
SPS: 1675
SPS: 1674
SPS: 1674
SPS: 1674
SPS: 1674
SPS: 1675
SPS: 1674
SPS: 1674
SPS: 1674
SPS: 1674
SPS: 1674
SPS: 1674
SPS: 1674
SPS: 1674
SPS: 1674
SPS: 1674
SPS: 1674
SPS: 1674
SPS: 1674
SPS: 1674
SPS: 1674
SPS: 1674
SPS: 1674
SPS: 1675
SPS: 1675
SPS: 1675
SPS: 1675
SPS: 1675
SPS: 1675
SPS: 1675
SPS: 1675
SPS: 1675
SPS: 1675
global_step=4735440, episodic_return=0.0
global_step=4735440, episodic_return=0.0
SPS: 1675
SPS: 1675
SPS: 1674
SPS: 1674
SPS: 1674
SPS: 1674
SPS: 1674
SPS: 1673
SPS: 1674
SPS: 1674
SPS: 1674
SPS: 1674
SPS: 1674
SPS: 1674
SPS: 1674
SPS: 1674
SPS: 1674
SPS: 1674
SPS: 1674
SPS: 1674
SPS: 1674
SPS: 1674
SPS: 1674
SPS: 1674
SPS: 1674
SPS: 1674
SPS: 1674
SPS: 1675
SPS: 1675
SPS: 1675
SPS: 1675
SPS: 1675
SPS: 1675
global_step=4788704, episodic_return=4.0
global_step=4788704, episodic_return=4.0
SPS: 1675
SPS: 1674
SPS: 1674
SPS: 1675
SPS: 1675
SPS: 1675
SPS: 1675
SPS: 1675
SPS: 1675
SPS: 1675
SPS: 1675
SPS: 1675
SPS: 1675
SPS: 1675
SPS: 1675
SPS: 1675
SPS: 1675
SPS: 1675
SPS: 1675
SPS: 1675
SPS: 1675
SPS: 1675
SPS: 1675
SPS: 1675
SPS: 1675
SPS: 1675
SPS: 1675
SPS: 1675
SPS: 1675
SPS: 1675
SPS: 1676
SPS: 1675
SPS: 1675
SPS: 1675
global_step=4841920, episodic_return=8.0
SPS: 1675
SPS: 1675
SPS: 1675
SPS: 1675
SPS: 1675
SPS: 1675
SPS: 1675
SPS: 1675
SPS: 1675
SPS: 1675
SPS: 1675
SPS: 1675
SPS: 1675
SPS: 1675
SPS: 1675
SPS: 1675
SPS: 1675
SPS: 1675
SPS: 1675
SPS: 1675
SPS: 1675
SPS: 1675
SPS: 1675
SPS: 1675
SPS: 1675
SPS: 1675
SPS: 1675
SPS: 1675
SPS: 1675
SPS: 1675
SPS: 1675
SPS: 1675
SPS: 1675
global_step=4895136, episodic_return=0.0
global_step=4895136, episodic_return=0.0
SPS: 1675
SPS: 1675
SPS: 1675
SPS: 1675
SPS: 1675
SPS: 1675
SPS: 1675
SPS: 1675
SPS: 1675
SPS: 1675
SPS: 1675
SPS: 1675
SPS: 1675
SPS: 1675
SPS: 1675
SPS: 1675
SPS: 1675
SPS: 1675
SPS: 1675
SPS: 1675
SPS: 1675
SPS: 1675
SPS: 1675
SPS: 1676
SPS: 1676
SPS: 1676
SPS: 1676
SPS: 1676
SPS: 1676
SPS: 1676
SPS: 1676
SPS: 1676
SPS: 1676
global_step=4948288, episodic_return=11.0
SPS: 1675
SPS: 1675
SPS: 1675
SPS: 1675
SPS: 1675
SPS: 1675
SPS: 1675
SPS: 1675
SPS: 1675
SPS: 1676
SPS: 1676
SPS: 1676
SPS: 1676
SPS: 1676
SPS: 1676
SPS: 1676
SPS: 1676
SPS: 1676
SPS: 1676
SPS: 1676
SPS: 1676
SPS: 1676
SPS: 1676
SPS: 1676
SPS: 1676
SPS: 1676
SPS: 1676
SPS: 1676
SPS: 1676
SPS: 1676
SPS: 1676
SPS: 1676
SPS: 1676
global_step=5001552, episodic_return=2.0
global_step=5001552, episodic_return=2.0
SPS: 1676
SPS: 1676
SPS: 1676
SPS: 1676
SPS: 1676
SPS: 1676
SPS: 1676
SPS: 1676
SPS: 1676
SPS: 1676
SPS: 1676
SPS: 1676
SPS: 1676
SPS: 1676
SPS: 1676
SPS: 1676
SPS: 1676
SPS: 1676
SPS: 1676
SPS: 1676
SPS: 1676
SPS: 1676
SPS: 1676
SPS: 1676
SPS: 1676
SPS: 1677
SPS: 1676
SPS: 1677
SPS: 1677
SPS: 1677
SPS: 1677
SPS: 1677
SPS: 1677
SPS: 1676
global_step=5054784, episodic_return=4.0
global_step=5054784, episodic_return=4.0
SPS: 1676
SPS: 1676
SPS: 1676
SPS: 1676
SPS: 1676
SPS: 1676
SPS: 1676
SPS: 1676
SPS: 1676
SPS: 1676
SPS: 1676
SPS: 1676
SPS: 1676
SPS: 1676
SPS: 1676
SPS: 1677
SPS: 1677
SPS: 1677
SPS: 1677
SPS: 1677
SPS: 1677
SPS: 1677
SPS: 1677
SPS: 1677
SPS: 1677
SPS: 1677
SPS: 1677
SPS: 1677
SPS: 1677
SPS: 1677
SPS: 1677
SPS: 1677
SPS: 1677
global_step=5107936, episodic_return=7.0
SPS: 1677
SPS: 1677
SPS: 1677
SPS: 1677
SPS: 1677
SPS: 1677
SPS: 1677
SPS: 1677
SPS: 1677
SPS: 1677
SPS: 1677
SPS: 1677
SPS: 1677
SPS: 1677
SPS: 1677
SPS: 1677
SPS: 1677
SPS: 1677
SPS: 1677
SPS: 1677
SPS: 1677
SPS: 1677
SPS: 1677
SPS: 1677
SPS: 1677
SPS: 1677
SPS: 1677
SPS: 1677
SPS: 1677
SPS: 1677
SPS: 1677
SPS: 1677
SPS: 1677
global_step=5161168, episodic_return=3.0
global_step=5161168, episodic_return=3.0
SPS: 1677
SPS: 1677
SPS: 1677
SPS: 1677
SPS: 1677
SPS: 1677
SPS: 1677
SPS: 1677
SPS: 1677
SPS: 1677
SPS: 1677
SPS: 1677
SPS: 1677
SPS: 1677
SPS: 1677
SPS: 1677
SPS: 1677
SPS: 1677
SPS: 1677
SPS: 1677
SPS: 1677
SPS: 1677
SPS: 1677
SPS: 1677
SPS: 1677
SPS: 1677
SPS: 1677
SPS: 1677
SPS: 1678
SPS: 1678
SPS: 1678
SPS: 1678
SPS: 1678
SPS: 1678
global_step=5214416, episodic_return=0.0
SPS: 1678
SPS: 1678
SPS: 1678
SPS: 1678
SPS: 1678
SPS: 1678
SPS: 1678
SPS: 1678
SPS: 1678
SPS: 1678
SPS: 1678
SPS: 1678
SPS: 1678
SPS: 1678
SPS: 1678
SPS: 1678
SPS: 1678
SPS: 1678
SPS: 1678
SPS: 1678
SPS: 1678
SPS: 1678
SPS: 1678
SPS: 1678
SPS: 1678
SPS: 1678
SPS: 1678
SPS: 1679
SPS: 1679
SPS: 1679
SPS: 1679
SPS: 1679
SPS: 1679
global_step=5267664, episodic_return=10.0
global_step=5267664, episodic_return=10.0
SPS: 1679
SPS: 1679
SPS: 1679
SPS: 1679
SPS: 1679
SPS: 1679
SPS: 1679
SPS: 1679
SPS: 1679
SPS: 1679
SPS: 1679
SPS: 1679
SPS: 1679
SPS: 1679
SPS: 1679
SPS: 1679
SPS: 1679
SPS: 1679
SPS: 1679
SPS: 1679
SPS: 1679
SPS: 1679
SPS: 1679
SPS: 1679
SPS: 1679
SPS: 1679
SPS: 1679
SPS: 1679
SPS: 1679
SPS: 1679
SPS: 1679
SPS: 1679
SPS: 1679
global_step=5320864, episodic_return=4.0
global_step=5320864, episodic_return=4.0
SPS: 1679
SPS: 1679
SPS: 1679
SPS: 1679
SPS: 1679
SPS: 1679
SPS: 1679
SPS: 1679
SPS: 1679
SPS: 1679
SPS: 1679
SPS: 1679
SPS: 1679
SPS: 1679
SPS: 1679
SPS: 1679
SPS: 1679
SPS: 1679
SPS: 1679
SPS: 1679
SPS: 1679
SPS: 1679
SPS: 1679
SPS: 1679
SPS: 1679
SPS: 1679
SPS: 1679
SPS: 1679
SPS: 1679
SPS: 1679
SPS: 1679
SPS: 1679
SPS: 1679
global_step=5374128, episodic_return=0.0
SPS: 1679
SPS: 1679
SPS: 1679
SPS: 1679
SPS: 1679
SPS: 1679
SPS: 1680
SPS: 1680
SPS: 1680
SPS: 1680
SPS: 1679
SPS: 1679
SPS: 1679
SPS: 1679
SPS: 1679
SPS: 1679
SPS: 1679
SPS: 1679
SPS: 1679
SPS: 1679
SPS: 1679
SPS: 1679
SPS: 1678
SPS: 1678
SPS: 1678
SPS: 1678
SPS: 1678
SPS: 1678
SPS: 1678
SPS: 1678
SPS: 1678
SPS: 1679
SPS: 1679
SPS: 1679
global_step=5427392, episodic_return=0.0
global_step=5427392, episodic_return=0.0
SPS: 1678
SPS: 1678
SPS: 1678
SPS: 1678
SPS: 1678
SPS: 1678
SPS: 1678
SPS: 1678
SPS: 1678
SPS: 1678
SPS: 1678
SPS: 1678
SPS: 1678
SPS: 1678
SPS: 1678
SPS: 1678
SPS: 1678
SPS: 1678
SPS: 1678
SPS: 1679
SPS: 1679
SPS: 1679
SPS: 1679
SPS: 1679
SPS: 1679
SPS: 1679
SPS: 1679
SPS: 1679
SPS: 1679
SPS: 1679
SPS: 1679
SPS: 1679
SPS: 1679
global_step=5480576, episodic_return=0.0
SPS: 1679
SPS: 1679
SPS: 1679
SPS: 1679
SPS: 1679
SPS: 1679
SPS: 1679
SPS: 1679
SPS: 1679
SPS: 1679
SPS: 1679
SPS: 1679
SPS: 1679
SPS: 1679
SPS: 1679
SPS: 1679
SPS: 1678
SPS: 1678
SPS: 1678
SPS: 1678
SPS: 1678
SPS: 1678
SPS: 1678
SPS: 1678
SPS: 1678
SPS: 1678
SPS: 1678
SPS: 1678
SPS: 1678
SPS: 1678
SPS: 1678
SPS: 1678
SPS: 1678
global_step=5533728, episodic_return=0.0
global_step=5533728, episodic_return=0.0
SPS: 1678
SPS: 1678
SPS: 1678
SPS: 1678
SPS: 1678
SPS: 1678
SPS: 1678
SPS: 1678
SPS: 1678
SPS: 1678
SPS: 1678
SPS: 1678
SPS: 1678
SPS: 1678
SPS: 1678
SPS: 1678
SPS: 1678
SPS: 1678
SPS: 1678
SPS: 1678
SPS: 1678
SPS: 1678
SPS: 1679
SPS: 1679
SPS: 1679
SPS: 1679
SPS: 1679
SPS: 1679
SPS: 1679
SPS: 1679
SPS: 1679
SPS: 1679
SPS: 1679
global_step=5586976, episodic_return=1.0
global_step=5586976, episodic_return=1.0
SPS: 1679
SPS: 1679
SPS: 1678
SPS: 1678
SPS: 1678
SPS: 1678
SPS: 1678
SPS: 1678
SPS: 1678
SPS: 1678
SPS: 1678
SPS: 1678
SPS: 1678
SPS: 1678
SPS: 1678
SPS: 1678
SPS: 1678
SPS: 1678
SPS: 1678
SPS: 1678
SPS: 1678
SPS: 1678
SPS: 1678
SPS: 1678
SPS: 1679
SPS: 1679
SPS: 1679
SPS: 1679
SPS: 1679
SPS: 1679
SPS: 1679
SPS: 1679
SPS: 1679
SPS: 1679
global_step=5640128, episodic_return=3.0
SPS: 1678
SPS: 1678
SPS: 1678
SPS: 1678
SPS: 1678
SPS: 1678
SPS: 1678
SPS: 1678
SPS: 1678
SPS: 1678
SPS: 1678
SPS: 1678
SPS: 1678
SPS: 1678
SPS: 1678
SPS: 1678
SPS: 1678
SPS: 1678
SPS: 1678
SPS: 1678
SPS: 1678
SPS: 1678
SPS: 1678
SPS: 1679
SPS: 1679
SPS: 1679
SPS: 1679
SPS: 1679
SPS: 1679
SPS: 1679
SPS: 1679
SPS: 1679
SPS: 1679
global_step=5693360, episodic_return=0.0
global_step=5693360, episodic_return=0.0
SPS: 1679
SPS: 1678
SPS: 1678
SPS: 1678
SPS: 1678
SPS: 1678
SPS: 1678
SPS: 1678
SPS: 1678
SPS: 1677
SPS: 1677
SPS: 1677
SPS: 1677
SPS: 1677
SPS: 1677
SPS: 1677
SPS: 1677
SPS: 1677
SPS: 1677
SPS: 1677
SPS: 1677
SPS: 1677
SPS: 1677
SPS: 1677
SPS: 1677
SPS: 1677
SPS: 1677
SPS: 1677
SPS: 1677
SPS: 1678
SPS: 1678
SPS: 1678
SPS: 1678
global_step=5746592, episodic_return=2.0
SPS: 1677
SPS: 1677
SPS: 1677
SPS: 1677
SPS: 1677
SPS: 1677
SPS: 1678
SPS: 1678
SPS: 1678
SPS: 1678
SPS: 1678
SPS: 1678
SPS: 1678
SPS: 1678
SPS: 1678
SPS: 1678
SPS: 1678
SPS: 1678
SPS: 1678
SPS: 1678
SPS: 1678
SPS: 1678
SPS: 1678
SPS: 1678
SPS: 1678
SPS: 1678
SPS: 1678
SPS: 1678
SPS: 1678
SPS: 1678
SPS: 1678
SPS: 1678
SPS: 1678
global_step=5799808, episodic_return=0.0
global_step=5799808, episodic_return=0.0
SPS: 1678
SPS: 1678
SPS: 1678
SPS: 1678
SPS: 1678
SPS: 1678
SPS: 1678
SPS: 1678
SPS: 1678
SPS: 1679
SPS: 1679
SPS: 1679
SPS: 1679
SPS: 1679
SPS: 1679
SPS: 1679
SPS: 1679
SPS: 1679
SPS: 1679
SPS: 1679
SPS: 1679
SPS: 1679
SPS: 1679
SPS: 1679
SPS: 1679
SPS: 1679
SPS: 1679
SPS: 1679
SPS: 1679
SPS: 1679
SPS: 1679
SPS: 1679
SPS: 1679
SPS: 1679
global_step=5853008, episodic_return=0.0
global_step=5853008, episodic_return=0.0
SPS: 1679
SPS: 1679
SPS: 1679
SPS: 1679
SPS: 1679
SPS: 1679
SPS: 1679
SPS: 1679
SPS: 1679
SPS: 1679
SPS: 1679
SPS: 1679
SPS: 1679
SPS: 1679
SPS: 1679
SPS: 1679
SPS: 1679
SPS: 1679
SPS: 1679
SPS: 1679
SPS: 1680
SPS: 1680
SPS: 1680
SPS: 1680
SPS: 1680
SPS: 1680
SPS: 1680
SPS: 1680
SPS: 1680
SPS: 1680
SPS: 1680
SPS: 1680
SPS: 1680
global_step=5906272, episodic_return=3.0
SPS: 1680
SPS: 1680
SPS: 1679
SPS: 1679
SPS: 1679
SPS: 1679
SPS: 1679
SPS: 1679
SPS: 1679
SPS: 1680
SPS: 1679
SPS: 1679
SPS: 1679
SPS: 1679
SPS: 1679
SPS: 1679
SPS: 1679
SPS: 1679
SPS: 1679
SPS: 1679
SPS: 1679
SPS: 1679
SPS: 1679
SPS: 1679
SPS: 1679
SPS: 1679
SPS: 1679
SPS: 1679
SPS: 1679
SPS: 1679
SPS: 1679
SPS: 1679
SPS: 1679
global_step=5959472, episodic_return=1.0
global_step=5959472, episodic_return=1.0
SPS: 1679
SPS: 1679
SPS: 1679
SPS: 1679
SPS: 1679
SPS: 1679
SPS: 1679
SPS: 1679
SPS: 1679
SPS: 1679
SPS: 1679
SPS: 1679
SPS: 1679
SPS: 1679
SPS: 1679
SPS: 1679
SPS: 1679
SPS: 1679
SPS: 1679
SPS: 1679
SPS: 1679
SPS: 1679
SPS: 1679
SPS: 1679
SPS: 1679
SPS: 1679
SPS: 1679
SPS: 1679
SPS: 1679
SPS: 1679
SPS: 1679
SPS: 1679
SPS: 1679
global_step=6012672, episodic_return=2.0
SPS: 1679
SPS: 1679
SPS: 1679
SPS: 1679
SPS: 1679
SPS: 1679
SPS: 1679
SPS: 1679
SPS: 1679
SPS: 1680
SPS: 1679
SPS: 1679
SPS: 1679
SPS: 1679
SPS: 1679
SPS: 1679
SPS: 1679
SPS: 1679
SPS: 1679
SPS: 1679
SPS: 1679
SPS: 1679
SPS: 1679
SPS: 1679
SPS: 1680
SPS: 1680
SPS: 1680
SPS: 1680
SPS: 1680
SPS: 1680
SPS: 1680
SPS: 1680
SPS: 1680
SPS: 1680
global_step=6065872, episodic_return=0.0
global_step=6065872, episodic_return=0.0
SPS: 1680
SPS: 1680
SPS: 1680
SPS: 1680
SPS: 1679
SPS: 1680
SPS: 1680
SPS: 1680
SPS: 1680
SPS: 1680
SPS: 1680
SPS: 1680
SPS: 1680
SPS: 1680
SPS: 1680
SPS: 1680
SPS: 1680
SPS: 1679
SPS: 1679
SPS: 1679
SPS: 1679
SPS: 1679
SPS: 1679
SPS: 1679
SPS: 1679
SPS: 1679
SPS: 1679
SPS: 1679
SPS: 1679
SPS: 1679
SPS: 1679
SPS: 1679
SPS: 1679
global_step=6119120, episodic_return=0.0
global_step=6119120, episodic_return=0.0
SPS: 1679
SPS: 1679
SPS: 1679
SPS: 1679
SPS: 1678
SPS: 1678
SPS: 1678
SPS: 1678
SPS: 1678
SPS: 1678
SPS: 1678
SPS: 1678
SPS: 1678
SPS: 1678
SPS: 1678
SPS: 1678
SPS: 1678
SPS: 1678
SPS: 1678
SPS: 1678
SPS: 1678
SPS: 1678
SPS: 1678
SPS: 1678
SPS: 1678
SPS: 1678
SPS: 1678
SPS: 1678
SPS: 1678
SPS: 1678
SPS: 1678
SPS: 1678
SPS: 1678
global_step=6172272, episodic_return=7.0
SPS: 1677
SPS: 1677
SPS: 1677
SPS: 1677
SPS: 1677
SPS: 1677
SPS: 1677
SPS: 1677
SPS: 1677
SPS: 1677
SPS: 1677
SPS: 1677
SPS: 1677
SPS: 1677
SPS: 1677
SPS: 1677
SPS: 1677
SPS: 1677
SPS: 1677
SPS: 1677
SPS: 1677
SPS: 1677
SPS: 1677
SPS: 1677
SPS: 1677
SPS: 1677
SPS: 1677
SPS: 1677
SPS: 1677
SPS: 1677
SPS: 1677
SPS: 1677
SPS: 1677
global_step=6225472, episodic_return=0.0
global_step=6225472, episodic_return=0.0
SPS: 1677
SPS: 1677
SPS: 1677
SPS: 1677
SPS: 1677
SPS: 1677
SPS: 1677
SPS: 1677
SPS: 1677
SPS: 1677
SPS: 1677
SPS: 1677
SPS: 1677
SPS: 1677
SPS: 1677
SPS: 1677
SPS: 1677
SPS: 1677
SPS: 1677
SPS: 1678
SPS: 1678
SPS: 1678
SPS: 1678
SPS: 1678
SPS: 1678
SPS: 1678
SPS: 1678
SPS: 1678
SPS: 1678
SPS: 1678
SPS: 1678
SPS: 1678
SPS: 1678
SPS: 1678
global_step=6278704, episodic_return=9.0
SPS: 1678
SPS: 1678
SPS: 1678
SPS: 1678
SPS: 1678
SPS: 1678
SPS: 1678
SPS: 1678
SPS: 1678
SPS: 1678
SPS: 1678
SPS: 1678
SPS: 1678
SPS: 1678
SPS: 1678
SPS: 1678
SPS: 1678
SPS: 1678
SPS: 1678
SPS: 1678
SPS: 1678
SPS: 1678
SPS: 1678
SPS: 1678
SPS: 1678
SPS: 1678
SPS: 1678
SPS: 1678
SPS: 1678
SPS: 1678
SPS: 1678
SPS: 1678
SPS: 1678
global_step=6331888, episodic_return=9.0
global_step=6331888, episodic_return=9.0
SPS: 1678
SPS: 1678
SPS: 1678
SPS: 1678
SPS: 1678
SPS: 1678
SPS: 1678
SPS: 1678
SPS: 1678
SPS: 1678
SPS: 1678
SPS: 1678
SPS: 1678
SPS: 1678
SPS: 1678
SPS: 1678
SPS: 1678
SPS: 1678
SPS: 1678
SPS: 1678
SPS: 1678
SPS: 1678
SPS: 1678
SPS: 1678
SPS: 1678
SPS: 1678
SPS: 1678
SPS: 1678
SPS: 1678
SPS: 1678
SPS: 1679
SPS: 1679
SPS: 1679
global_step=6385136, episodic_return=2.0
global_step=6385136, episodic_return=2.0
SPS: 1678
SPS: 1678
SPS: 1678
SPS: 1678
SPS: 1679
SPS: 1679
SPS: 1679
SPS: 1678
SPS: 1678
SPS: 1678
SPS: 1678
SPS: 1678
SPS: 1678
SPS: 1678
SPS: 1678
SPS: 1678
SPS: 1678
SPS: 1678
SPS: 1678
SPS: 1678
SPS: 1678
SPS: 1678
SPS: 1678
SPS: 1678
SPS: 1678
SPS: 1678
SPS: 1678
SPS: 1678
SPS: 1678
SPS: 1678
SPS: 1678
SPS: 1678
SPS: 1678
global_step=6438384, episodic_return=0.0
SPS: 1678
SPS: 1678
SPS: 1678
SPS: 1678
SPS: 1678
SPS: 1678
SPS: 1678
SPS: 1678
SPS: 1678
SPS: 1678
SPS: 1678
SPS: 1678
SPS: 1678
SPS: 1678
SPS: 1679
SPS: 1679
SPS: 1679
SPS: 1679
SPS: 1679
SPS: 1679
SPS: 1679
SPS: 1679
SPS: 1679
SPS: 1679
SPS: 1679
SPS: 1679
SPS: 1679
SPS: 1679
SPS: 1679
SPS: 1679
SPS: 1679
SPS: 1679
SPS: 1679
SPS: 1679
global_step=6491584, episodic_return=0.0
global_step=6491584, episodic_return=0.0
SPS: 1679
SPS: 1679
SPS: 1679
SPS: 1679
SPS: 1679
SPS: 1678
SPS: 1678
SPS: 1679
SPS: 1679
SPS: 1679
SPS: 1679
SPS: 1679
SPS: 1679
SPS: 1679
SPS: 1679
SPS: 1679
SPS: 1679
SPS: 1679
SPS: 1679
SPS: 1679
SPS: 1679
SPS: 1679
SPS: 1679
SPS: 1679
SPS: 1679
SPS: 1679
SPS: 1679
SPS: 1679
SPS: 1679
SPS: 1679
SPS: 1679
SPS: 1679
SPS: 1679
global_step=6544800, episodic_return=0.0
SPS: 1679
SPS: 1679
SPS: 1679
SPS: 1679
SPS: 1679
SPS: 1679
SPS: 1679
SPS: 1679
SPS: 1678
SPS: 1678
SPS: 1678
SPS: 1678
SPS: 1678
SPS: 1678
SPS: 1678
SPS: 1678
SPS: 1678
SPS: 1678
SPS: 1678
SPS: 1678
SPS: 1678
SPS: 1678
SPS: 1678
SPS: 1678
SPS: 1678
SPS: 1678
SPS: 1678
SPS: 1678
SPS: 1678
SPS: 1678
SPS: 1678
SPS: 1678
SPS: 1678
global_step=6597952, episodic_return=4.0
global_step=6597952, episodic_return=4.0
SPS: 1678
SPS: 1678
SPS: 1678
SPS: 1678
SPS: 1678
SPS: 1678
SPS: 1678
SPS: 1678
SPS: 1678
SPS: 1678
SPS: 1678
SPS: 1678
SPS: 1678
SPS: 1678
SPS: 1678
SPS: 1678
SPS: 1678
SPS: 1678
SPS: 1678
SPS: 1678
SPS: 1678
SPS: 1678
SPS: 1678
SPS: 1678
SPS: 1678
SPS: 1678
SPS: 1678
SPS: 1678
SPS: 1677
SPS: 1677
SPS: 1677
SPS: 1677
SPS: 1677
global_step=6651136, episodic_return=0.0
global_step=6651136, episodic_return=0.0
SPS: 1677
SPS: 1677
SPS: 1677
SPS: 1677
SPS: 1677
SPS: 1677
SPS: 1677
SPS: 1677
SPS: 1677
SPS: 1677
SPS: 1678
SPS: 1678
SPS: 1678
SPS: 1678
SPS: 1678
SPS: 1678
SPS: 1678
SPS: 1678
SPS: 1678
SPS: 1678
SPS: 1678
SPS: 1678
SPS: 1678
SPS: 1678
SPS: 1678
SPS: 1678
SPS: 1678
SPS: 1678
SPS: 1678
SPS: 1678
SPS: 1678
SPS: 1678
SPS: 1678
SPS: 1678
global_step=6704352, episodic_return=1.0
SPS: 1678
SPS: 1678
SPS: 1678
SPS: 1678
SPS: 1678
SPS: 1678
SPS: 1678
SPS: 1678
SPS: 1678
SPS: 1678
SPS: 1678
SPS: 1678
SPS: 1678
SPS: 1678
SPS: 1678
SPS: 1678
SPS: 1678
SPS: 1678
SPS: 1678
SPS: 1678
SPS: 1678
SPS: 1678
SPS: 1678
SPS: 1678
SPS: 1678
SPS: 1678
SPS: 1678
SPS: 1678
SPS: 1678
SPS: 1678
SPS: 1678
SPS: 1678
SPS: 1678
global_step=6757568, episodic_return=2.0
global_step=6757568, episodic_return=2.0
SPS: 1678
SPS: 1677
SPS: 1677
SPS: 1677
SPS: 1677
SPS: 1677
SPS: 1677
SPS: 1677
SPS: 1677
SPS: 1677
SPS: 1677
SPS: 1677
SPS: 1677
SPS: 1677
SPS: 1677
SPS: 1677
SPS: 1677
SPS: 1677
SPS: 1677
SPS: 1677
SPS: 1677
SPS: 1677
SPS: 1677
SPS: 1677
SPS: 1677
SPS: 1677
SPS: 1677
SPS: 1677
SPS: 1677
SPS: 1677
SPS: 1677
SPS: 1677
SPS: 1677
global_step=6810768, episodic_return=14.0
SPS: 1677
SPS: 1677
SPS: 1677
SPS: 1677
SPS: 1677
SPS: 1677
SPS: 1677
SPS: 1677
SPS: 1677
SPS: 1677
SPS: 1677
SPS: 1677
SPS: 1677
SPS: 1677
SPS: 1677
SPS: 1677
SPS: 1677
SPS: 1677
SPS: 1677
SPS: 1677
SPS: 1677
SPS: 1677
SPS: 1677
SPS: 1677
SPS: 1677
SPS: 1677
SPS: 1676
SPS: 1676
SPS: 1676
SPS: 1676
SPS: 1676
SPS: 1676
SPS: 1676
SPS: 1676
global_step=6864032, episodic_return=0.0
global_step=6864032, episodic_return=0.0
SPS: 1676
SPS: 1676
SPS: 1676
SPS: 1676
SPS: 1676
SPS: 1676
SPS: 1676
SPS: 1676
SPS: 1676
SPS: 1676
SPS: 1676
SPS: 1676
SPS: 1676
SPS: 1676
SPS: 1676
SPS: 1676
SPS: 1676
SPS: 1676
SPS: 1676
SPS: 1676
SPS: 1676
SPS: 1676
SPS: 1676
SPS: 1676
SPS: 1676
SPS: 1675
SPS: 1675
SPS: 1675
SPS: 1675
SPS: 1675
SPS: 1675
SPS: 1675
SPS: 1675
global_step=6917216, episodic_return=18.0
global_step=6917216, episodic_return=18.0
SPS: 1675
SPS: 1675
SPS: 1675
SPS: 1675
SPS: 1675
SPS: 1675
SPS: 1675
SPS: 1675
SPS: 1675
SPS: 1675
SPS: 1675
SPS: 1675
SPS: 1675
SPS: 1675
SPS: 1675
SPS: 1675
SPS: 1675
SPS: 1675
SPS: 1675
SPS: 1675
SPS: 1675
SPS: 1675
SPS: 1675
SPS: 1675
SPS: 1675
SPS: 1675
SPS: 1675
SPS: 1675
SPS: 1675
SPS: 1676
SPS: 1676
SPS: 1676
SPS: 1676
global_step=6970416, episodic_return=9.0
SPS: 1675
SPS: 1675
SPS: 1675
SPS: 1675
SPS: 1675
SPS: 1675
SPS: 1675
SPS: 1676
SPS: 1676
SPS: 1676
SPS: 1676
SPS: 1676
SPS: 1676
SPS: 1676
SPS: 1676
SPS: 1676
SPS: 1676
SPS: 1676
SPS: 1676
SPS: 1676
SPS: 1676
SPS: 1676
SPS: 1676
SPS: 1676
SPS: 1676
SPS: 1676
SPS: 1676
SPS: 1676
SPS: 1676
SPS: 1676
SPS: 1676
SPS: 1676
SPS: 1676
global_step=7023680, episodic_return=5.0
global_step=7023680, episodic_return=5.0
SPS: 1675
SPS: 1675
SPS: 1675
SPS: 1675
SPS: 1675
SPS: 1675
SPS: 1675
SPS: 1675
SPS: 1675
SPS: 1675
SPS: 1675
SPS: 1675
SPS: 1675
SPS: 1675
SPS: 1675
SPS: 1675
SPS: 1675
SPS: 1675
SPS: 1675
SPS: 1675
SPS: 1675
SPS: 1675
SPS: 1675
SPS: 1675
SPS: 1675
SPS: 1675
SPS: 1675
SPS: 1675
SPS: 1675
SPS: 1675
SPS: 1675
SPS: 1675
SPS: 1675
SPS: 1675
global_step=7076864, episodic_return=0.0
SPS: 1675
SPS: 1675
SPS: 1675
SPS: 1675
SPS: 1675
SPS: 1675
SPS: 1675
SPS: 1675
SPS: 1675
SPS: 1674
SPS: 1675
SPS: 1675
SPS: 1674
SPS: 1674
SPS: 1674
SPS: 1674
SPS: 1674
SPS: 1674
SPS: 1674
SPS: 1674
SPS: 1675
SPS: 1674
SPS: 1674
SPS: 1674
SPS: 1674
SPS: 1674
SPS: 1674
SPS: 1674
SPS: 1674
SPS: 1674
SPS: 1674
SPS: 1674
SPS: 1674
global_step=7130112, episodic_return=7.0
global_step=7130112, episodic_return=7.0
SPS: 1674
SPS: 1674
SPS: 1674
SPS: 1674
SPS: 1674
SPS: 1674
SPS: 1674
SPS: 1674
SPS: 1674
SPS: 1674
SPS: 1674
SPS: 1674
SPS: 1674
SPS: 1674
SPS: 1674
SPS: 1674
SPS: 1674
SPS: 1674
SPS: 1674
SPS: 1674
SPS: 1674
SPS: 1674
SPS: 1674
SPS: 1674
SPS: 1674
SPS: 1674
SPS: 1674
SPS: 1674
SPS: 1674
SPS: 1674
SPS: 1674
SPS: 1674
SPS: 1674
global_step=7183312, episodic_return=1.0
global_step=7183312, episodic_return=1.0
SPS: 1674
SPS: 1674
SPS: 1674
SPS: 1674
SPS: 1674
SPS: 1674
SPS: 1674
SPS: 1674
SPS: 1674
SPS: 1674
SPS: 1674
SPS: 1674
SPS: 1674
SPS: 1674
SPS: 1674
SPS: 1674
SPS: 1674
SPS: 1674
SPS: 1674
SPS: 1674
SPS: 1674
SPS: 1674
SPS: 1674
SPS: 1674
SPS: 1674
SPS: 1674
SPS: 1674
SPS: 1674
SPS: 1674
SPS: 1674
SPS: 1674
SPS: 1674
SPS: 1674
global_step=7236480, episodic_return=4.0
SPS: 1674
SPS: 1674
SPS: 1674
SPS: 1674
SPS: 1674
SPS: 1674
SPS: 1674
SPS: 1674
SPS: 1674
SPS: 1674
SPS: 1674
SPS: 1674
SPS: 1674
SPS: 1675
SPS: 1675
SPS: 1675
SPS: 1675
SPS: 1675
SPS: 1674
SPS: 1674
SPS: 1675
SPS: 1675
SPS: 1675
SPS: 1675
SPS: 1675
SPS: 1675
SPS: 1675
SPS: 1675
SPS: 1675
SPS: 1675
SPS: 1675
SPS: 1675
SPS: 1675
SPS: 1675
global_step=7289632, episodic_return=1.0
global_step=7289632, episodic_return=1.0
SPS: 1675
SPS: 1675
SPS: 1675
SPS: 1675
SPS: 1675
SPS: 1675
SPS: 1675
SPS: 1675
SPS: 1675
SPS: 1675
SPS: 1675
SPS: 1675
SPS: 1675
SPS: 1675
SPS: 1675
SPS: 1675
SPS: 1675
SPS: 1675
SPS: 1675
SPS: 1675
SPS: 1675
SPS: 1676
SPS: 1676
SPS: 1676
SPS: 1676
SPS: 1676
SPS: 1676
SPS: 1676
SPS: 1676
SPS: 1676
SPS: 1676
SPS: 1676
SPS: 1676
global_step=7342896, episodic_return=1.0
SPS: 1676
SPS: 1676
SPS: 1675
SPS: 1675
SPS: 1675
SPS: 1675
SPS: 1675
SPS: 1675
SPS: 1675
SPS: 1675
SPS: 1675
SPS: 1675
SPS: 1675
SPS: 1675
SPS: 1675
SPS: 1675
SPS: 1675
SPS: 1675
SPS: 1675
SPS: 1675
SPS: 1675
SPS: 1675
SPS: 1675
SPS: 1675
SPS: 1675
SPS: 1675
SPS: 1675
SPS: 1675
SPS: 1675
SPS: 1675
SPS: 1675
SPS: 1675
SPS: 1675
global_step=7396096, episodic_return=0.0
global_step=7396096, episodic_return=0.0
SPS: 1675
SPS: 1675
SPS: 1675
SPS: 1675
SPS: 1675
SPS: 1675
SPS: 1675
SPS: 1675
SPS: 1675
SPS: 1675
SPS: 1675
SPS: 1675
SPS: 1675
SPS: 1675
SPS: 1675
SPS: 1676
SPS: 1675
SPS: 1675
SPS: 1675
SPS: 1675
SPS: 1675
SPS: 1675
SPS: 1675
SPS: 1675
SPS: 1675
SPS: 1675
SPS: 1675
SPS: 1675
SPS: 1675
SPS: 1675
SPS: 1675
SPS: 1675
SPS: 1675
global_step=7449264, episodic_return=2.0
global_step=7449264, episodic_return=2.0
SPS: 1675
SPS: 1675
SPS: 1675
SPS: 1675
SPS: 1675
SPS: 1675
SPS: 1675
SPS: 1675
SPS: 1675
SPS: 1675
SPS: 1675
SPS: 1675
SPS: 1675
SPS: 1675
SPS: 1675
SPS: 1675
SPS: 1675
SPS: 1675
SPS: 1675
SPS: 1675
SPS: 1675
SPS: 1675
SPS: 1675
SPS: 1675
SPS: 1676
SPS: 1676
SPS: 1676
SPS: 1676
SPS: 1676
SPS: 1676
SPS: 1676
SPS: 1676
SPS: 1676
SPS: 1676
global_step=7502416, episodic_return=2.0
SPS: 1675
SPS: 1676
SPS: 1676
SPS: 1676
SPS: 1676
SPS: 1676
SPS: 1676
SPS: 1676
SPS: 1676
SPS: 1676
SPS: 1676
SPS: 1676
SPS: 1676
SPS: 1676
SPS: 1676
SPS: 1676
SPS: 1676
SPS: 1676
SPS: 1676
SPS: 1676
SPS: 1676
SPS: 1676
SPS: 1676
SPS: 1676
SPS: 1676
SPS: 1676
SPS: 1676
SPS: 1676
SPS: 1676
SPS: 1676
SPS: 1676
SPS: 1676
SPS: 1676
global_step=7555616, episodic_return=9.0
global_step=7555616, episodic_return=9.0
SPS: 1676
SPS: 1676
SPS: 1676
SPS: 1676
SPS: 1676
SPS: 1676
SPS: 1676
SPS: 1676
SPS: 1676
SPS: 1676
SPS: 1676
SPS: 1676
SPS: 1676
SPS: 1676
SPS: 1676
SPS: 1676
SPS: 1676
SPS: 1676
SPS: 1676
SPS: 1676
SPS: 1676
SPS: 1676
SPS: 1676
SPS: 1676
SPS: 1676
SPS: 1676
SPS: 1676
SPS: 1676
SPS: 1676
SPS: 1676
SPS: 1676
SPS: 1676
SPS: 1676
global_step=7608864, episodic_return=5.0
SPS: 1676
SPS: 1676
SPS: 1676
SPS: 1676
SPS: 1676
SPS: 1676
SPS: 1676
SPS: 1676
SPS: 1676
SPS: 1676
SPS: 1676
SPS: 1676
SPS: 1676
SPS: 1676
SPS: 1676
SPS: 1676
SPS: 1676
SPS: 1676
SPS: 1676
SPS: 1676
SPS: 1676
SPS: 1676
SPS: 1676
SPS: 1676
SPS: 1676
SPS: 1676
SPS: 1676
SPS: 1676
SPS: 1676
SPS: 1676
SPS: 1676
SPS: 1676
SPS: 1676
global_step=7662080, episodic_return=0.0
global_step=7662080, episodic_return=0.0
SPS: 1676
SPS: 1676
SPS: 1676
SPS: 1675
SPS: 1676
SPS: 1676
SPS: 1676
SPS: 1676
SPS: 1676
SPS: 1676
SPS: 1676
SPS: 1676
SPS: 1676
SPS: 1676
SPS: 1676
SPS: 1676
SPS: 1676
SPS: 1676
SPS: 1676
SPS: 1676
SPS: 1676
SPS: 1676
SPS: 1676
SPS: 1676
SPS: 1676
SPS: 1676
SPS: 1676
SPS: 1676
SPS: 1676
SPS: 1676
SPS: 1676
SPS: 1676
SPS: 1676
SPS: 1676
global_step=7715328, episodic_return=0.0
global_step=7715328, episodic_return=0.0
SPS: 1676
SPS: 1676
SPS: 1676
SPS: 1676
SPS: 1676
SPS: 1676
SPS: 1676
SPS: 1676
SPS: 1676
SPS: 1676
SPS: 1676
SPS: 1676
SPS: 1676
SPS: 1676
SPS: 1676
SPS: 1676
SPS: 1676
SPS: 1676
SPS: 1676
SPS: 1676
SPS: 1676
SPS: 1676
SPS: 1676
SPS: 1676
SPS: 1676
SPS: 1676
SPS: 1676
SPS: 1676
SPS: 1676
SPS: 1676
SPS: 1676
SPS: 1676
SPS: 1676
global_step=7768496, episodic_return=11.0
SPS: 1676
SPS: 1676
SPS: 1676
SPS: 1676
SPS: 1676
SPS: 1676
SPS: 1676
SPS: 1676
SPS: 1676
SPS: 1675
SPS: 1675
SPS: 1675
SPS: 1675
SPS: 1675
SPS: 1675
SPS: 1675
SPS: 1675
SPS: 1675
SPS: 1675
SPS: 1675
SPS: 1675
SPS: 1675
SPS: 1675
SPS: 1675
SPS: 1675
SPS: 1675
SPS: 1675
SPS: 1675
SPS: 1675
SPS: 1675
SPS: 1675
SPS: 1675
SPS: 1675
global_step=7821664, episodic_return=0.0
global_step=7821664, episodic_return=0.0
SPS: 1675
SPS: 1675
SPS: 1675
SPS: 1675
SPS: 1675
SPS: 1675
SPS: 1675
SPS: 1675
SPS: 1675
SPS: 1675
SPS: 1675
SPS: 1675
SPS: 1675
SPS: 1675
SPS: 1675
SPS: 1675
SPS: 1675
SPS: 1675
SPS: 1675
SPS: 1675
SPS: 1675
SPS: 1675
SPS: 1675
SPS: 1675
SPS: 1675
SPS: 1675
SPS: 1675
SPS: 1675
SPS: 1676
SPS: 1676
SPS: 1676
SPS: 1676
SPS: 1676
global_step=7874880, episodic_return=6.0
SPS: 1675
SPS: 1675
SPS: 1675
SPS: 1675
SPS: 1675
SPS: 1676
SPS: 1676
SPS: 1676
SPS: 1676
SPS: 1676
SPS: 1676
SPS: 1676
SPS: 1676
SPS: 1676
SPS: 1676
SPS: 1676
SPS: 1676
SPS: 1676
SPS: 1676
SPS: 1676
SPS: 1676
SPS: 1676
SPS: 1676
SPS: 1676
SPS: 1676
SPS: 1676
SPS: 1676
SPS: 1676
SPS: 1676
SPS: 1676
SPS: 1676
SPS: 1676
SPS: 1676
SPS: 1676
global_step=7928096, episodic_return=4.0
global_step=7928096, episodic_return=4.0
SPS: 1676
SPS: 1676
SPS: 1676
SPS: 1676
SPS: 1676
SPS: 1676
SPS: 1676
SPS: 1676
SPS: 1676
SPS: 1676
SPS: 1676
SPS: 1676
SPS: 1676
SPS: 1676
SPS: 1676
SPS: 1676
SPS: 1676
SPS: 1676
SPS: 1676
SPS: 1676
SPS: 1676
SPS: 1676
SPS: 1676
SPS: 1676
SPS: 1676
SPS: 1676
SPS: 1676
SPS: 1676
SPS: 1676
SPS: 1676
SPS: 1676
SPS: 1676
SPS: 1676
global_step=7981296, episodic_return=4.0
global_step=7981296, episodic_return=4.0
SPS: 1676
SPS: 1676
SPS: 1676
SPS: 1676
SPS: 1676
SPS: 1676
SPS: 1676
SPS: 1676
SPS: 1676
SPS: 1676
SPS: 1676
SPS: 1676
SPS: 1676
SPS: 1676
SPS: 1676
SPS: 1676
SPS: 1676
SPS: 1676
SPS: 1676
SPS: 1675
SPS: 1675
SPS: 1675
SPS: 1675
SPS: 1675
SPS: 1675
SPS: 1675
SPS: 1675
SPS: 1675
SPS: 1675
SPS: 1675
SPS: 1675
SPS: 1675
SPS: 1675
global_step=8034544, episodic_return=5.0
SPS: 1675
SPS: 1675
SPS: 1675
SPS: 1675
SPS: 1675
SPS: 1675
SPS: 1675
SPS: 1675
SPS: 1675
SPS: 1675
SPS: 1675
SPS: 1675
SPS: 1675
SPS: 1675
SPS: 1675
SPS: 1675
SPS: 1675
SPS: 1675
SPS: 1675
SPS: 1675
SPS: 1675
SPS: 1675
SPS: 1675
SPS: 1675
SPS: 1675
SPS: 1675
SPS: 1675
SPS: 1675
SPS: 1675
SPS: 1675
SPS: 1675
SPS: 1675
SPS: 1675
global_step=8087728, episodic_return=4.0
global_step=8087728, episodic_return=4.0
SPS: 1675
SPS: 1675
SPS: 1675
SPS: 1675
SPS: 1675
SPS: 1675
SPS: 1675
SPS: 1675
SPS: 1675
SPS: 1675
SPS: 1675
SPS: 1675
SPS: 1675
SPS: 1675
SPS: 1675
SPS: 1675
SPS: 1675
SPS: 1675
SPS: 1675
SPS: 1676
SPS: 1676
SPS: 1676
SPS: 1676
SPS: 1676
SPS: 1676
SPS: 1676
SPS: 1676
SPS: 1676
SPS: 1676
SPS: 1676
SPS: 1676
SPS: 1676
SPS: 1676
SPS: 1676
global_step=8140880, episodic_return=0.0
SPS: 1676
SPS: 1676
SPS: 1676
SPS: 1676
SPS: 1676
SPS: 1676
SPS: 1676
SPS: 1676
SPS: 1676
SPS: 1676
SPS: 1676
SPS: 1676
SPS: 1676
SPS: 1676
SPS: 1676
SPS: 1676
SPS: 1676
SPS: 1676
SPS: 1676
SPS: 1676
SPS: 1676
SPS: 1676
SPS: 1676
SPS: 1676
SPS: 1676
SPS: 1676
SPS: 1676
SPS: 1676
SPS: 1676
SPS: 1676
SPS: 1676
SPS: 1676
SPS: 1676
global_step=8194112, episodic_return=5.0
global_step=8194112, episodic_return=5.0
SPS: 1676
SPS: 1676
SPS: 1676
SPS: 1676
SPS: 1676
SPS: 1675
SPS: 1675
SPS: 1675
SPS: 1675
SPS: 1676
SPS: 1676
SPS: 1676
SPS: 1676
SPS: 1676
SPS: 1676
SPS: 1676
SPS: 1676
SPS: 1676
SPS: 1676
SPS: 1676
SPS: 1676
SPS: 1676
SPS: 1676
SPS: 1676
SPS: 1676
SPS: 1676
SPS: 1676
SPS: 1676
SPS: 1676
SPS: 1676
SPS: 1676
SPS: 1676
SPS: 1676
global_step=8247344, episodic_return=0.0
global_step=8247344, episodic_return=0.0
SPS: 1676
SPS: 1676
SPS: 1676
SPS: 1676
SPS: 1676
SPS: 1676
SPS: 1676
SPS: 1676
SPS: 1676
SPS: 1676
SPS: 1676
SPS: 1676
SPS: 1676
SPS: 1676
SPS: 1676
SPS: 1676
SPS: 1676
SPS: 1676
SPS: 1676
SPS: 1676
SPS: 1676
SPS: 1676
SPS: 1676
SPS: 1676
SPS: 1676
SPS: 1676
SPS: 1676
SPS: 1676
SPS: 1676
SPS: 1676
SPS: 1676
SPS: 1676
SPS: 1676
global_step=8300544, episodic_return=1.0
SPS: 1676
SPS: 1676
SPS: 1676
SPS: 1676
SPS: 1676
SPS: 1676
SPS: 1676
SPS: 1676
SPS: 1676
SPS: 1676
SPS: 1676
SPS: 1676
SPS: 1676
SPS: 1676
SPS: 1676
SPS: 1676
SPS: 1676
SPS: 1676
SPS: 1676
SPS: 1676
SPS: 1676
SPS: 1676
SPS: 1676
SPS: 1676
SPS: 1676
SPS: 1676
SPS: 1676
SPS: 1676
SPS: 1676
SPS: 1676
SPS: 1676
SPS: 1676
SPS: 1676
SPS: 1676
global_step=8353728, episodic_return=0.0
global_step=8353728, episodic_return=0.0
SPS: 1676
SPS: 1676
SPS: 1676
SPS: 1676
SPS: 1676
SPS: 1676
SPS: 1676
SPS: 1676
SPS: 1676
SPS: 1676
SPS: 1676
SPS: 1676
SPS: 1676
SPS: 1676
SPS: 1676
SPS: 1676
SPS: 1676
SPS: 1676
SPS: 1676
SPS: 1676
SPS: 1676
SPS: 1676
SPS: 1676
SPS: 1676
SPS: 1676
SPS: 1676
SPS: 1676
SPS: 1676
SPS: 1676
SPS: 1676
SPS: 1676
SPS: 1676
SPS: 1676
global_step=8406912, episodic_return=1.0
SPS: 1676
SPS: 1676
SPS: 1676
SPS: 1676
SPS: 1676
SPS: 1676
SPS: 1676
SPS: 1676
SPS: 1676
SPS: 1676
SPS: 1676
SPS: 1676
SPS: 1676
SPS: 1676
SPS: 1676
SPS: 1676
SPS: 1676
SPS: 1676
SPS: 1676
SPS: 1676
SPS: 1676
SPS: 1676
SPS: 1676
SPS: 1676
SPS: 1676
SPS: 1675
SPS: 1675
SPS: 1675
SPS: 1675
SPS: 1675
SPS: 1675
SPS: 1675
SPS: 1675
global_step=8460096, episodic_return=8.0
global_step=8460096, episodic_return=8.0
SPS: 1675
SPS: 1675
SPS: 1675
SPS: 1675
SPS: 1675
SPS: 1675
SPS: 1675
SPS: 1675
SPS: 1675
SPS: 1675
SPS: 1675
SPS: 1675
SPS: 1675
SPS: 1675
SPS: 1675
SPS: 1675
SPS: 1675
SPS: 1675
SPS: 1675
SPS: 1675
SPS: 1675
SPS: 1675
SPS: 1675
SPS: 1675
SPS: 1675
SPS: 1675
SPS: 1675
SPS: 1675
SPS: 1675
SPS: 1675
SPS: 1675
SPS: 1675
SPS: 1675
global_step=8513344, episodic_return=0.0
global_step=8513344, episodic_return=0.0
SPS: 1675
SPS: 1675
SPS: 1675
SPS: 1675
SPS: 1675
SPS: 1675
SPS: 1675
SPS: 1675
SPS: 1675
SPS: 1675
SPS: 1675
SPS: 1675
SPS: 1675
SPS: 1675
SPS: 1675
SPS: 1675
SPS: 1675
SPS: 1675
SPS: 1675
SPS: 1675
SPS: 1675
SPS: 1675
SPS: 1675
SPS: 1675
SPS: 1675
SPS: 1675
SPS: 1675
SPS: 1675
SPS: 1675
SPS: 1675
SPS: 1675
SPS: 1675
SPS: 1675
SPS: 1675
global_step=8566512, episodic_return=9.0
SPS: 1675
SPS: 1675
SPS: 1675
SPS: 1675
SPS: 1675
SPS: 1675
SPS: 1675
SPS: 1675
SPS: 1675
SPS: 1675
SPS: 1675
SPS: 1675
SPS: 1675
SPS: 1675
SPS: 1675
SPS: 1675
SPS: 1675
SPS: 1675
SPS: 1675
SPS: 1675
SPS: 1675
SPS: 1675
SPS: 1675
SPS: 1675
SPS: 1675
SPS: 1675
SPS: 1675
SPS: 1675
SPS: 1675
SPS: 1675
SPS: 1675
SPS: 1675
SPS: 1675
global_step=8619696, episodic_return=0.0
global_step=8619696, episodic_return=0.0
SPS: 1675
SPS: 1675
SPS: 1675
SPS: 1675
SPS: 1675
SPS: 1675
SPS: 1675
SPS: 1675
SPS: 1675
SPS: 1675
SPS: 1675
SPS: 1675
SPS: 1675
SPS: 1675
SPS: 1675
SPS: 1675
SPS: 1675
SPS: 1675
SPS: 1675
SPS: 1675
SPS: 1675
SPS: 1676
SPS: 1676
SPS: 1676
SPS: 1676
SPS: 1676
SPS: 1676
SPS: 1676
SPS: 1676
SPS: 1676
SPS: 1675
SPS: 1675
SPS: 1675
global_step=8672896, episodic_return=0.0
SPS: 1675
SPS: 1675
SPS: 1675
SPS: 1675
SPS: 1675
SPS: 1675
SPS: 1675
SPS: 1675
SPS: 1675
SPS: 1675
SPS: 1675
SPS: 1675
SPS: 1675
SPS: 1675
SPS: 1675
SPS: 1675
SPS: 1675
SPS: 1675
SPS: 1675
SPS: 1675
SPS: 1675
SPS: 1675
SPS: 1675
SPS: 1675
SPS: 1675
SPS: 1675
SPS: 1675
SPS: 1675
SPS: 1675
SPS: 1675
SPS: 1675
SPS: 1675
SPS: 1675
global_step=8726080, episodic_return=3.0
global_step=8726080, episodic_return=3.0
SPS: 1675
SPS: 1675
SPS: 1675
SPS: 1675
SPS: 1675
SPS: 1675
SPS: 1675
SPS: 1675
SPS: 1674
SPS: 1674
SPS: 1674
SPS: 1674
SPS: 1674
SPS: 1674
SPS: 1675
SPS: 1675
SPS: 1675
SPS: 1675
SPS: 1675
SPS: 1675
SPS: 1675
SPS: 1675
SPS: 1675
SPS: 1675
SPS: 1675
SPS: 1675
SPS: 1675
SPS: 1675
SPS: 1675
SPS: 1675
SPS: 1675
SPS: 1675
SPS: 1675
SPS: 1675
global_step=8779264, episodic_return=0.0
global_step=8779264, episodic_return=0.0
SPS: 1675
SPS: 1675
SPS: 1675
SPS: 1675
SPS: 1675
SPS: 1675
SPS: 1675
SPS: 1675
SPS: 1675
SPS: 1675
SPS: 1675
SPS: 1675
SPS: 1675
SPS: 1675
SPS: 1675
SPS: 1675
SPS: 1675
SPS: 1675
SPS: 1675
SPS: 1675
SPS: 1675
SPS: 1675
SPS: 1675
SPS: 1675
SPS: 1675
SPS: 1675
SPS: 1675
SPS: 1675
SPS: 1675
SPS: 1675
SPS: 1675
SPS: 1675
SPS: 1675
global_step=8832496, episodic_return=7.0
SPS: 1675
SPS: 1675
SPS: 1675
SPS: 1675
SPS: 1675
SPS: 1675
SPS: 1675
SPS: 1675
SPS: 1675
SPS: 1675
SPS: 1675
SPS: 1675
SPS: 1675
SPS: 1675
SPS: 1675
SPS: 1675
SPS: 1675
SPS: 1675
SPS: 1675
SPS: 1675
SPS: 1675
SPS: 1675
SPS: 1675
SPS: 1675
SPS: 1675
SPS: 1675
SPS: 1675
SPS: 1675
SPS: 1675
SPS: 1675
SPS: 1675
SPS: 1675
SPS: 1675
global_step=8885728, episodic_return=0.0
global_step=8885728, episodic_return=0.0
SPS: 1675
SPS: 1675
SPS: 1675
SPS: 1675
SPS: 1675
SPS: 1675
SPS: 1675
SPS: 1675
SPS: 1675
SPS: 1675
SPS: 1675
SPS: 1675
SPS: 1675
SPS: 1675
SPS: 1675
SPS: 1675
SPS: 1675
SPS: 1675
SPS: 1675
SPS: 1675
SPS: 1675
SPS: 1675
SPS: 1675
SPS: 1675
SPS: 1675
SPS: 1675
SPS: 1675
SPS: 1675
SPS: 1675
SPS: 1675
SPS: 1675
SPS: 1675
SPS: 1675
global_step=8938912, episodic_return=3.0
SPS: 1675
SPS: 1675
SPS: 1675
SPS: 1675
SPS: 1675
SPS: 1675
SPS: 1675
SPS: 1675
SPS: 1675
SPS: 1675
SPS: 1675
SPS: 1675
SPS: 1675
SPS: 1675
SPS: 1675
SPS: 1675
SPS: 1675
SPS: 1675
SPS: 1675
SPS: 1675
SPS: 1675
SPS: 1675
SPS: 1675
SPS: 1675
SPS: 1675
SPS: 1675
SPS: 1675
SPS: 1675
SPS: 1675
SPS: 1675
SPS: 1675
SPS: 1675
SPS: 1675
SPS: 1675
global_step=8992144, episodic_return=0.0
global_step=8992144, episodic_return=0.0
SPS: 1675
SPS: 1675
SPS: 1675
SPS: 1675
SPS: 1675
SPS: 1675
SPS: 1675
SPS: 1675
SPS: 1675
SPS: 1675
SPS: 1675
SPS: 1675
SPS: 1675
SPS: 1675
SPS: 1675
SPS: 1675
SPS: 1675
SPS: 1675
SPS: 1675
SPS: 1675
SPS: 1675
SPS: 1675
SPS: 1675
SPS: 1675
SPS: 1675
SPS: 1675
SPS: 1675
SPS: 1675
SPS: 1675
SPS: 1675
SPS: 1675
SPS: 1675
SPS: 1675
global_step=9045376, episodic_return=3.0
global_step=9045376, episodic_return=3.0
SPS: 1675
SPS: 1675
SPS: 1675
SPS: 1675
SPS: 1675
SPS: 1675
SPS: 1675
SPS: 1675
SPS: 1675
SPS: 1675
SPS: 1675
SPS: 1675
SPS: 1675
SPS: 1675
SPS: 1675
SPS: 1675
SPS: 1675
SPS: 1675
SPS: 1675
SPS: 1675
SPS: 1675
SPS: 1675
SPS: 1675
SPS: 1675
SPS: 1675
SPS: 1675
SPS: 1675
SPS: 1675
SPS: 1675
SPS: 1675
SPS: 1675
SPS: 1675
SPS: 1675
global_step=9098544, episodic_return=4.0
SPS: 1675
SPS: 1675
SPS: 1675
SPS: 1675
SPS: 1675
SPS: 1675
SPS: 1675
SPS: 1675
SPS: 1675
SPS: 1675
SPS: 1675
SPS: 1675
SPS: 1675
SPS: 1675
SPS: 1675
SPS: 1675
SPS: 1675
SPS: 1675
SPS: 1675
SPS: 1675
SPS: 1675
SPS: 1675
SPS: 1675
SPS: 1675
SPS: 1675
SPS: 1675
SPS: 1675
SPS: 1675
SPS: 1675
SPS: 1675
SPS: 1675
SPS: 1675
SPS: 1675
global_step=9151728, episodic_return=3.0
global_step=9151728, episodic_return=3.0
SPS: 1675
SPS: 1675
SPS: 1675
SPS: 1675
SPS: 1675
SPS: 1675
SPS: 1675
SPS: 1675
SPS: 1675
SPS: 1675
SPS: 1675
SPS: 1675
SPS: 1675
SPS: 1675
SPS: 1675
SPS: 1675
SPS: 1675
SPS: 1675
SPS: 1675
SPS: 1675
SPS: 1675
SPS: 1675
SPS: 1675
SPS: 1675
SPS: 1675
SPS: 1675
SPS: 1675
SPS: 1675
SPS: 1675
SPS: 1674
SPS: 1675
SPS: 1674
SPS: 1674
SPS: 1674
global_step=9204944, episodic_return=0.0
SPS: 1674
SPS: 1674
SPS: 1674
SPS: 1674
SPS: 1674
SPS: 1674
SPS: 1674
SPS: 1674
SPS: 1674
SPS: 1674
SPS: 1674
SPS: 1674
SPS: 1674
SPS: 1674
SPS: 1674
SPS: 1674
SPS: 1674
SPS: 1674
SPS: 1674
SPS: 1674
SPS: 1674
SPS: 1674
SPS: 1674
SPS: 1674
SPS: 1674
SPS: 1674
SPS: 1674
SPS: 1674
SPS: 1674
SPS: 1674
SPS: 1674
SPS: 1674
SPS: 1674
global_step=9258112, episodic_return=1.0
global_step=9258112, episodic_return=1.0
SPS: 1674
SPS: 1673
SPS: 1673
SPS: 1673
SPS: 1673
SPS: 1673
SPS: 1673
SPS: 1673
SPS: 1673
SPS: 1673
SPS: 1673
SPS: 1673
SPS: 1673
SPS: 1673
SPS: 1673
SPS: 1673
SPS: 1673
SPS: 1673
SPS: 1673
SPS: 1672
SPS: 1673
SPS: 1673
SPS: 1673
SPS: 1673
SPS: 1673
SPS: 1673
SPS: 1673
SPS: 1673
SPS: 1673
SPS: 1673
SPS: 1673
SPS: 1673
SPS: 1672
global_step=9311264, episodic_return=2.0
global_step=9311264, episodic_return=2.0
SPS: 1672
SPS: 1672
SPS: 1672
SPS: 1672
SPS: 1672
SPS: 1672
SPS: 1672
SPS: 1672
SPS: 1672
SPS: 1672
SPS: 1672
SPS: 1671
SPS: 1671
SPS: 1671
SPS: 1671
SPS: 1671
SPS: 1671
SPS: 1671
SPS: 1671
SPS: 1671
SPS: 1671
SPS: 1671
SPS: 1671
SPS: 1671
SPS: 1671
SPS: 1671
SPS: 1671
SPS: 1671
SPS: 1671
SPS: 1671
SPS: 1671
SPS: 1671
SPS: 1671
global_step=9364528, episodic_return=8.0
SPS: 1671
SPS: 1671
SPS: 1671
SPS: 1671
SPS: 1671
SPS: 1671
SPS: 1671
SPS: 1671
SPS: 1671
SPS: 1671
SPS: 1671
SPS: 1671
SPS: 1671
SPS: 1671
SPS: 1671
SPS: 1671
SPS: 1671
SPS: 1671
SPS: 1671
SPS: 1670
SPS: 1670
SPS: 1670
SPS: 1670
SPS: 1670
SPS: 1670
SPS: 1670
SPS: 1670
SPS: 1670
SPS: 1670
SPS: 1670
SPS: 1670
SPS: 1670
SPS: 1670
SPS: 1670
global_step=9417712, episodic_return=1.0
global_step=9417712, episodic_return=1.0
SPS: 1670
SPS: 1670
SPS: 1670
SPS: 1670
SPS: 1670
SPS: 1669
SPS: 1669
SPS: 1669
SPS: 1669
SPS: 1669
SPS: 1669
SPS: 1669
SPS: 1669
SPS: 1669
SPS: 1669
SPS: 1669
SPS: 1668
SPS: 1668
SPS: 1668
SPS: 1668
SPS: 1668
SPS: 1668
SPS: 1668
SPS: 1668
SPS: 1668
SPS: 1668
SPS: 1668
SPS: 1668
SPS: 1668
SPS: 1668
SPS: 1668
SPS: 1668
SPS: 1668
global_step=9470928, episodic_return=6.0
SPS: 1668
SPS: 1668
SPS: 1668
SPS: 1667
SPS: 1667
SPS: 1667
SPS: 1667
SPS: 1667
SPS: 1667
SPS: 1667
SPS: 1667
SPS: 1667
SPS: 1667
SPS: 1667
SPS: 1667
SPS: 1667
SPS: 1667
SPS: 1667
SPS: 1667
SPS: 1667
SPS: 1667
SPS: 1667
SPS: 1667
SPS: 1667
SPS: 1667
SPS: 1667
SPS: 1667
SPS: 1667
SPS: 1667
SPS: 1667
SPS: 1667
SPS: 1667
SPS: 1667
global_step=9524128, episodic_return=0.0
global_step=9524128, episodic_return=0.0
SPS: 1667
SPS: 1667
SPS: 1667
SPS: 1667
SPS: 1667
SPS: 1667
SPS: 1667
SPS: 1667
SPS: 1667
SPS: 1667
SPS: 1667
SPS: 1667
SPS: 1667
SPS: 1667
SPS: 1667
SPS: 1667
SPS: 1667
SPS: 1667
SPS: 1667
SPS: 1667
SPS: 1667
SPS: 1667
SPS: 1667
SPS: 1667
SPS: 1667
SPS: 1667
SPS: 1667
SPS: 1667
SPS: 1667
SPS: 1667
SPS: 1667
SPS: 1667
SPS: 1667
global_step=9577392, episodic_return=1.0
global_step=9577392, episodic_return=1.0
SPS: 1667
SPS: 1667
SPS: 1667
SPS: 1667
SPS: 1667
SPS: 1667
SPS: 1667
SPS: 1667
SPS: 1667
SPS: 1667
SPS: 1667
SPS: 1667
SPS: 1667
SPS: 1667
SPS: 1667
SPS: 1667
SPS: 1667
SPS: 1667
SPS: 1666
SPS: 1667
SPS: 1666
SPS: 1666
SPS: 1666
SPS: 1666
SPS: 1667
SPS: 1667
SPS: 1667
SPS: 1667
SPS: 1667
SPS: 1667
SPS: 1667
SPS: 1667
SPS: 1667
SPS: 1666
global_step=9630640, episodic_return=9.0
SPS: 1666
SPS: 1666
SPS: 1666
SPS: 1666
SPS: 1666
SPS: 1666
SPS: 1666
SPS: 1666
SPS: 1666
SPS: 1666
SPS: 1666
SPS: 1666
SPS: 1666
SPS: 1666
SPS: 1666
SPS: 1666
SPS: 1666
SPS: 1666
SPS: 1666
SPS: 1666
SPS: 1666
SPS: 1666
SPS: 1666
SPS: 1666
SPS: 1666
SPS: 1666
SPS: 1666
SPS: 1666
SPS: 1666
SPS: 1666
SPS: 1666
SPS: 1666
SPS: 1666
global_step=9683808, episodic_return=0.0
global_step=9683808, episodic_return=0.0
SPS: 1666
SPS: 1666
SPS: 1666
SPS: 1666
SPS: 1666
SPS: 1666
SPS: 1666
SPS: 1666
SPS: 1666
SPS: 1666
SPS: 1666
SPS: 1666
SPS: 1666
SPS: 1666
SPS: 1666
SPS: 1666
SPS: 1666
SPS: 1666
SPS: 1666
SPS: 1666
SPS: 1666
SPS: 1666
SPS: 1666
SPS: 1666
SPS: 1666
SPS: 1666
SPS: 1666
SPS: 1666
SPS: 1666
SPS: 1666
SPS: 1666
SPS: 1666
SPS: 1666
global_step=9736960, episodic_return=1.0
SPS: 1666
SPS: 1666
SPS: 1666
SPS: 1666
SPS: 1666
SPS: 1666
SPS: 1666
SPS: 1666
SPS: 1666
SPS: 1666
SPS: 1666
SPS: 1666
SPS: 1666
SPS: 1666
SPS: 1666
SPS: 1666
SPS: 1666
SPS: 1666
SPS: 1666
SPS: 1666
SPS: 1666
SPS: 1666
SPS: 1666
SPS: 1666
SPS: 1666
SPS: 1666
SPS: 1666
SPS: 1666
SPS: 1666
SPS: 1666
SPS: 1666
SPS: 1666
SPS: 1666
global_step=9790224, episodic_return=11.0
global_step=9790224, episodic_return=11.0
SPS: 1666
SPS: 1666
SPS: 1666
SPS: 1666
SPS: 1666
SPS: 1665
SPS: 1665
SPS: 1665
SPS: 1665
SPS: 1665
SPS: 1665
SPS: 1665
SPS: 1665
SPS: 1665
SPS: 1665
SPS: 1665
SPS: 1665
SPS: 1665
SPS: 1665
SPS: 1665
SPS: 1665
SPS: 1665
SPS: 1665
SPS: 1665
SPS: 1665
SPS: 1665
SPS: 1665
SPS: 1665
SPS: 1665
SPS: 1665
SPS: 1665
SPS: 1665
SPS: 1665
SPS: 1665
global_step=9843440, episodic_return=8.0
global_step=9843440, episodic_return=8.0
SPS: 1665
SPS: 1665
SPS: 1665
SPS: 1665
SPS: 1665
SPS: 1665
SPS: 1665
SPS: 1665
SPS: 1665
SPS: 1665
SPS: 1665
SPS: 1665
SPS: 1665
SPS: 1665
SPS: 1665
SPS: 1665
SPS: 1665
SPS: 1665
SPS: 1665
SPS: 1665
SPS: 1665
SPS: 1665
SPS: 1665
SPS: 1665
SPS: 1665
SPS: 1665
SPS: 1665
SPS: 1665
SPS: 1665
SPS: 1665
SPS: 1665
SPS: 1665
SPS: 1665
global_step=9896672, episodic_return=14.0
SPS: 1665
SPS: 1665
SPS: 1665
SPS: 1665
SPS: 1665
SPS: 1665
SPS: 1665
SPS: 1665
SPS: 1664
SPS: 1664
SPS: 1664
SPS: 1664
SPS: 1664
SPS: 1664
SPS: 1664
SPS: 1664
SPS: 1664
SPS: 1664
SPS: 1664
SPS: 1664
SPS: 1664
SPS: 1664
SPS: 1664
SPS: 1664
SPS: 1664
SPS: 1664
SPS: 1664
SPS: 1664
SPS: 1664
SPS: 1664
SPS: 1664
SPS: 1664
SPS: 1664
global_step=9949872, episodic_return=6.0
global_step=9949872, episodic_return=6.0
SPS: 1664
SPS: 1664
SPS: 1664
SPS: 1664
SPS: 1664
SPS: 1664
SPS: 1664
SPS: 1664
SPS: 1664
SPS: 1664
SPS: 1664
SPS: 1664
SPS: 1664
SPS: 1664
SPS: 1664
SPS: 1664
SPS: 1664
SPS: 1664
SPS: 1664
SPS: 1664
SPS: 1664
SPS: 1664
SPS: 1664
SPS: 1664
SPS: 1664
SPS: 1664
SPS: 1664
SPS: 1664
SPS: 1664
SPS: 1664
SPS: 1664
SPS: 1663
Results saved to /runs/h053__h053-enduro-s1.csv
