slurmstepd: error: couldn't chdir to `/home/rogercc/'/scratch/rogercc/cleanrl'': No such file or directory: going to /tmp instead
slurmstepd: error: couldn't chdir to `/home/rogercc/'/scratch/rogercc/cleanrl'': No such file or directory: going to /tmp instead
sending incremental file list
auto-cleanrl.sif

sent 4,938,043,507 bytes  received 35 bytes  429,395,090.61 bytes/sec
total size is 4,945,334,272  speedup is 1.00
/usr/local/lib/python3.10/dist-packages/treevalue/tree/integration/torch.py:23: FutureWarning: `torch.utils._pytree._register_pytree_node` is deprecated. Please use `torch.utils._pytree.register_pytree_node` instead.
  register_for_torch(TreeValue)
/usr/local/lib/python3.10/dist-packages/treevalue/tree/integration/torch.py:24: FutureWarning: `torch.utils._pytree._register_pytree_node` is deprecated. Please use `torch.utils._pytree.register_pytree_node` instead.
  register_for_torch(FastTreeValue)
Gym has been unmaintained since 2022 and does not support NumPy 2.0 amongst other critical functionality.
Please upgrade to Gymnasium, the maintained drop-in replacement of Gym, or contact the authors of your software and request that they upgrade.
See the migration guide at https://gymnasium.farama.org/introduction/migration_guide/ for additional information.
/usr/local/lib/python3.10/dist-packages/tyro/_parsers.py:353: UserWarning: The field `wandb-entity` is annotated with type `<class 'str'>`, but the default value `None` has type `<class 'NoneType'>`. We'll try to handle this gracefully, but it may cause unexpected behavior.
  warnings.warn(message)
/usr/local/lib/python3.10/dist-packages/tyro/_parsers.py:353: UserWarning: The field `target-kl` is annotated with type `<class 'float'>`, but the default value `None` has type `<class 'NoneType'>`. We'll try to handle this gracefully, but it may cause unexpected behavior.
  warnings.warn(message)
Start to initialize observation normalization parameter.....
End to initialize...
SPS: 25
SPS: 50
global_step=33408, episodic_return=160.0 (n=128), curiosity_reward=0.0000
SPS: 75
SPS: 100
SPS: 124
SPS: 147
SPS: 171
global_step=117888, episodic_return=160.0 (n=128), curiosity_reward=0.0000
SPS: 194
SPS: 216
SPS: 239
SPS: 261
SPS: 282
SPS: 303
global_step=227712, episodic_return=280.0 (n=128), curiosity_reward=0.0000
SPS: 324
SPS: 345
SPS: 366
SPS: 386
SPS: 405
global_step=298368, episodic_return=110.0 (n=128), curiosity_reward=0.0000
SPS: 425
SPS: 444
SPS: 463
SPS: 481
global_step=372096, episodic_return=150.0 (n=128), curiosity_reward=0.0000
SPS: 500
SPS: 518
SPS: 535
SPS: 553
SPS: 571
global_step=444672, episodic_return=140.0 (n=128), curiosity_reward=0.0000
SPS: 588
SPS: 604
SPS: 621
SPS: 637
global_step=523520, episodic_return=130.0 (n=128), curiosity_reward=0.0000
SPS: 653
SPS: 669
SPS: 686
SPS: 701
SPS: 717
SPS: 733
SPS: 747
global_step=624128, episodic_return=230.0 (n=128), curiosity_reward=0.0000
SPS: 762
SPS: 777
SPS: 791
SPS: 806
global_step=694400, episodic_return=160.0 (n=128), curiosity_reward=0.0000
SPS: 820
SPS: 834
SPS: 848
SPS: 861
global_step=765696, episodic_return=180.0 (n=128), curiosity_reward=0.0000
SPS: 874
SPS: 887
SPS: 901
SPS: 913
SPS: 926
global_step=847616, episodic_return=250.0 (n=128), curiosity_reward=0.0000
SPS: 939
SPS: 952
SPS: 964
SPS: 976
SPS: 988
global_step=923776, episodic_return=120.0 (n=128), curiosity_reward=0.0000
SPS: 1000
SPS: 1012
SPS: 1023
SPS: 1035
SPS: 1047
global_step=1006592, episodic_return=190.0 (n=128), curiosity_reward=0.0000
SPS: 1058
SPS: 1069
SPS: 1080
SPS: 1091
global_step=1074944, episodic_return=140.0 (n=128), curiosity_reward=0.0000
SPS: 1102
SPS: 1113
SPS: 1123
SPS: 1134
global_step=1140736, episodic_return=160.0 (n=128), curiosity_reward=0.0000
SPS: 1144
SPS: 1154
SPS: 1164
SPS: 1174
SPS: 1184
global_step=1212544, episodic_return=120.0 (n=128), curiosity_reward=0.0000
SPS: 1194
SPS: 1203
SPS: 1213
SPS: 1222
SPS: 1232
SPS: 1241
SPS: 1251
global_step=1330944, episodic_return=210.0 (n=128), curiosity_reward=0.0000
SPS: 1259
SPS: 1269
SPS: 1277
SPS: 1286
SPS: 1295
global_step=1424256, episodic_return=220.0 (n=128), curiosity_reward=0.0000
SPS: 1304
SPS: 1313
SPS: 1321
SPS: 1330
SPS: 1338
global_step=1500928, episodic_return=180.0 (n=128), curiosity_reward=0.0000
SPS: 1346
SPS: 1354
SPS: 1363
SPS: 1371
SPS: 1378
SPS: 1386
global_step=1590656, episodic_return=170.0 (n=128), curiosity_reward=0.0000
SPS: 1394
SPS: 1402
SPS: 1409
SPS: 1417
SPS: 1425
global_step=1672576, episodic_return=160.0 (n=128), curiosity_reward=0.0000
SPS: 1432
SPS: 1440
SPS: 1447
global_step=1735680, episodic_return=170.0 (n=128), curiosity_reward=0.0000
SPS: 1454
SPS: 1462
SPS: 1469
SPS: 1476
SPS: 1483
global_step=1812864, episodic_return=150.0 (n=128), curiosity_reward=0.0000
SPS: 1490
SPS: 1498
SPS: 1504
SPS: 1511
global_step=1880960, episodic_return=110.0 (n=128), curiosity_reward=0.0000
SPS: 1517
SPS: 1524
SPS: 1530
SPS: 1537
SPS: 1543
global_step=1965184, episodic_return=200.0 (n=128), curiosity_reward=0.0000
SPS: 1550
SPS: 1556
SPS: 1562
SPS: 1569
SPS: 1575
SPS: 1581
global_step=2058752, episodic_return=200.0 (n=128), curiosity_reward=0.0000
SPS: 1587
SPS: 1593
SPS: 1599
SPS: 1605
global_step=2127744, episodic_return=150.0 (n=128), curiosity_reward=0.0000
SPS: 1610
SPS: 1617
SPS: 1623
SPS: 1629
SPS: 1635
global_step=2205440, episodic_return=210.0 (n=128), curiosity_reward=0.0000
SPS: 1641
SPS: 1646
SPS: 1651
SPS: 1657
global_step=2276736, episodic_return=110.0 (n=128), curiosity_reward=0.0000
SPS: 1662
SPS: 1668
SPS: 1673
SPS: 1678
SPS: 1683
SPS: 1689
global_step=2366336, episodic_return=210.0 (n=128), curiosity_reward=0.0000
SPS: 1694
SPS: 1700
SPS: 1705
SPS: 1710
SPS: 1715
global_step=2451584, episodic_return=200.0 (n=128), curiosity_reward=0.0000
SPS: 1720
SPS: 1725
SPS: 1730
SPS: 1735
SPS: 1740
global_step=2530432, episodic_return=160.0 (n=128), curiosity_reward=0.0000
SPS: 1745
SPS: 1750
SPS: 1755
SPS: 1760
SPS: 1765
global_step=2618624, episodic_return=150.0 (n=128), curiosity_reward=0.0000
SPS: 1770
SPS: 1774
SPS: 1779
SPS: 1784
SPS: 1789
global_step=2697216, episodic_return=150.0 (n=128), curiosity_reward=0.0000
SPS: 1793
SPS: 1797
SPS: 1801
SPS: 1805
SPS: 1810
global_step=2782976, episodic_return=200.0 (n=128), curiosity_reward=0.0000
SPS: 1814
SPS: 1819
SPS: 1823
SPS: 1827
SPS: 1831
global_step=2853888, episodic_return=140.0 (n=128), curiosity_reward=0.0000
SPS: 1836
SPS: 1840
SPS: 1844
SPS: 1849
SPS: 1853
global_step=2938112, episodic_return=250.0 (n=128), curiosity_reward=0.0000
SPS: 1857
SPS: 1861
SPS: 1865
SPS: 1869
SPS: 1873
SPS: 1877
global_step=3038592, episodic_return=150.0 (n=128), curiosity_reward=0.0000
SPS: 1881
SPS: 1885
SPS: 1889
SPS: 1893
global_step=3108608, episodic_return=240.0 (n=128), curiosity_reward=0.0000
SPS: 1897
SPS: 1900
SPS: 1904
SPS: 1908
SPS: 1911
SPS: 1915
global_step=3199232, episodic_return=250.0 (n=128), curiosity_reward=0.0000
SPS: 1919
SPS: 1923
SPS: 1927
SPS: 1931
global_step=3270656, episodic_return=80.0 (n=128), curiosity_reward=0.0000
SPS: 1935
SPS: 1938
SPS: 1942
SPS: 1946
SPS: 1950
global_step=3356288, episodic_return=200.0 (n=128), curiosity_reward=0.0000
SPS: 1954
SPS: 1957
SPS: 1960
SPS: 1964
SPS: 1967
global_step=3426944, episodic_return=210.0 (n=128), curiosity_reward=0.0000
SPS: 1971
SPS: 1974
SPS: 1977
SPS: 1980
global_step=3504128, episodic_return=120.0 (n=128), curiosity_reward=0.0000
SPS: 1984
SPS: 1987
SPS: 1991
SPS: 1994
SPS: 1997
global_step=3575424, episodic_return=170.0 (n=128), curiosity_reward=0.0000
SPS: 2000
SPS: 2004
SPS: 2007
SPS: 2010
global_step=3648128, episodic_return=100.0 (n=128), curiosity_reward=0.0000
SPS: 2014
SPS: 2017
SPS: 2020
SPS: 2023
SPS: 2026
global_step=3734784, episodic_return=200.0 (n=128), curiosity_reward=0.0000
SPS: 2030
SPS: 2032
SPS: 2036
SPS: 2038
SPS: 2041
SPS: 2044
global_step=3817856, episodic_return=190.0 (n=128), curiosity_reward=0.0000
SPS: 2048
SPS: 2051
SPS: 2054
SPS: 2057
global_step=3896832, episodic_return=240.0 (n=128), curiosity_reward=0.0000
SPS: 2060
SPS: 2062
SPS: 2065
SPS: 2068
global_step=3959552, episodic_return=120.0 (n=128), curiosity_reward=0.0000
SPS: 2071
SPS: 2074
SPS: 2077
SPS: 2080
SPS: 2083
SPS: 2085
SPS: 2088
SPS: 2091
global_step=4086144, episodic_return=280.0 (n=128), curiosity_reward=0.0000
SPS: 2094
SPS: 2097
SPS: 2099
SPS: 2102
global_step=4160000, episodic_return=180.0 (n=128), curiosity_reward=0.0000
SPS: 2104
SPS: 2107
SPS: 2110
SPS: 2112
SPS: 2114
global_step=4236928, episodic_return=170.0 (n=128), curiosity_reward=0.0000
SPS: 2117
SPS: 2120
SPS: 2122
SPS: 2124
SPS: 2127
SPS: 2130
global_step=4330112, episodic_return=170.0 (n=128), curiosity_reward=0.0000
SPS: 2133
SPS: 2135
SPS: 2137
SPS: 2139
global_step=4403968, episodic_return=190.0 (n=128), curiosity_reward=0.0000
SPS: 2142
SPS: 2144
SPS: 2147
SPS: 2149
SPS: 2152
global_step=4475008, episodic_return=170.0 (n=128), curiosity_reward=0.0000
SPS: 2154
SPS: 2157
SPS: 2159
SPS: 2162
SPS: 2164
SPS: 2167
SPS: 2169
SPS: 2171
global_step=4612096, episodic_return=360.0 (n=128), curiosity_reward=0.0000
SPS: 2174
SPS: 2177
SPS: 2179
SPS: 2181
SPS: 2184
global_step=4688896, episodic_return=170.0 (n=128), curiosity_reward=0.0000
SPS: 2186
SPS: 2189
SPS: 2191
SPS: 2193
SPS: 2196
global_step=4772864, episodic_return=160.0 (n=128), curiosity_reward=0.0000
SPS: 2198
SPS: 2201
SPS: 2203
SPS: 2205
SPS: 2207
global_step=4860928, episodic_return=310.0 (n=128), curiosity_reward=0.0000
SPS: 2210
SPS: 2212
SPS: 2214
SPS: 2216
SPS: 2219
SPS: 2221
SPS: 2223
global_step=4976768, episodic_return=280.0 (n=128), curiosity_reward=0.0000
SPS: 2225
SPS: 2227
SPS: 2229
SPS: 2231
SPS: 2233
SPS: 2235
SPS: 2237
SPS: 2239
global_step=5110784, episodic_return=210.0 (n=128), curiosity_reward=0.0000
SPS: 2241
SPS: 2243
SPS: 2245
SPS: 2247
SPS: 2249
SPS: 2251
SPS: 2252
SPS: 2254
global_step=5231744, episodic_return=260.0 (n=128), curiosity_reward=0.0000
SPS: 2255
SPS: 2256
SPS: 2258
SPS: 2260
SPS: 2262
SPS: 2264
global_step=5333888, episodic_return=160.0 (n=128), curiosity_reward=0.0000
SPS: 2266
SPS: 2268
SPS: 2270
SPS: 2272
global_step=5402880, episodic_return=150.0 (n=128), curiosity_reward=0.0000
SPS: 2274
SPS: 2276
SPS: 2277
SPS: 2279
SPS: 2281
global_step=5483904, episodic_return=170.0 (n=128), curiosity_reward=0.0000
SPS: 2282
SPS: 2284
SPS: 2286
SPS: 2288
SPS: 2289
global_step=5559296, episodic_return=140.0 (n=128), curiosity_reward=0.0000
SPS: 2291
SPS: 2293
SPS: 2295
SPS: 2296
global_step=5634944, episodic_return=380.0 (n=128), curiosity_reward=0.0000
SPS: 2298
SPS: 2299
SPS: 2301
SPS: 2303
SPS: 2305
SPS: 2306
global_step=5718144, episodic_return=180.0 (n=128), curiosity_reward=0.0000
SPS: 2308
SPS: 2310
SPS: 2312
SPS: 2313
SPS: 2315
SPS: 2317
global_step=5830400, episodic_return=250.0 (n=128), curiosity_reward=0.0000
SPS: 2318
SPS: 2320
SPS: 2321
SPS: 2323
SPS: 2325
global_step=5912320, episodic_return=220.0 (n=128), curiosity_reward=0.0000
SPS: 2326
SPS: 2328
SPS: 2330
SPS: 2331
SPS: 2333
global_step=5987328, episodic_return=160.0 (n=128), curiosity_reward=0.0000
SPS: 2335
SPS: 2336
SPS: 2338
SPS: 2339
SPS: 2341
global_step=6070912, episodic_return=240.0 (n=128), curiosity_reward=0.0000
SPS: 2343
SPS: 2344
SPS: 2346
SPS: 2347
SPS: 2349
SPS: 2350
SPS: 2352
global_step=6177920, episodic_return=220.0 (n=128), curiosity_reward=0.0000
SPS: 2353
SPS: 2355
SPS: 2356
SPS: 2358
SPS: 2359
SPS: 2361
SPS: 2362
global_step=6294400, episodic_return=320.0 (n=128), curiosity_reward=0.0000
SPS: 2363
SPS: 2365
SPS: 2367
SPS: 2368
SPS: 2370
global_step=6382464, episodic_return=150.0 (n=128), curiosity_reward=0.0000
SPS: 2371
SPS: 2372
SPS: 2374
SPS: 2376
SPS: 2377
SPS: 2378
global_step=6478592, episodic_return=150.0 (n=128), curiosity_reward=0.0000
SPS: 2379
SPS: 2381
SPS: 2382
SPS: 2384
global_step=6553600, episodic_return=160.0 (n=128), curiosity_reward=0.0000
SPS: 2385
SPS: 2387
SPS: 2388
SPS: 2390
SPS: 2391
SPS: 2393
SPS: 2394
SPS: 2396
global_step=6672640, episodic_return=230.0 (n=128), curiosity_reward=0.0000
SPS: 2397
SPS: 2398
SPS: 2399
SPS: 2401
global_step=6741504, episodic_return=120.0 (n=128), curiosity_reward=0.0000
SPS: 2402
SPS: 2404
SPS: 2405
SPS: 2406
SPS: 2407
SPS: 2409
SPS: 2410
global_step=6850944, episodic_return=250.0 (n=128), curiosity_reward=0.0000
SPS: 2411
SPS: 2413
SPS: 2414
SPS: 2415
global_step=6927360, episodic_return=200.0 (n=128), curiosity_reward=0.0000
SPS: 2417
SPS: 2418
SPS: 2419
SPS: 2420
SPS: 2422
global_step=7006592, episodic_return=140.0 (n=128), curiosity_reward=0.0000
SPS: 2423
SPS: 2424
SPS: 2426
SPS: 2427
SPS: 2428
global_step=7093248, episodic_return=240.0 (n=128), curiosity_reward=0.0000
SPS: 2430
SPS: 2431
SPS: 2432
SPS: 2433
SPS: 2434
SPS: 2435
SPS: 2437
SPS: 2438
SPS: 2439
global_step=7232256, episodic_return=760.0 (n=128), curiosity_reward=0.0000
SPS: 2441
SPS: 2442
SPS: 2443
SPS: 2444
global_step=7301376, episodic_return=240.0 (n=128), curiosity_reward=0.0000
SPS: 2446
SPS: 2447
SPS: 2448
SPS: 2449
global_step=7372416, episodic_return=150.0 (n=128), curiosity_reward=0.0000
SPS: 2450
SPS: 2451
SPS: 2452
SPS: 2453
SPS: 2455
global_step=7446912, episodic_return=100.0 (n=128), curiosity_reward=0.0000
SPS: 2456
SPS: 2457
SPS: 2459
SPS: 2460
global_step=7512064, episodic_return=140.0 (n=128), curiosity_reward=0.0000
SPS: 2461
SPS: 2462
SPS: 2463
SPS: 2464
SPS: 2465
global_step=7588096, episodic_return=170.0 (n=128), curiosity_reward=0.0000
SPS: 2466
SPS: 2467
SPS: 2469
SPS: 2470
SPS: 2471
global_step=7675264, episodic_return=200.0 (n=128), curiosity_reward=0.0000
SPS: 2472
SPS: 2473
SPS: 2474
SPS: 2475
global_step=7746432, episodic_return=180.0 (n=128), curiosity_reward=0.0000
SPS: 2477
SPS: 2478
SPS: 2479
SPS: 2480
SPS: 2481
global_step=7828992, episodic_return=290.0 (n=128), curiosity_reward=0.0000
SPS: 2482
SPS: 2483
SPS: 2485
SPS: 2486
SPS: 2487
global_step=7899648, episodic_return=120.0 (n=128), curiosity_reward=0.0000
SPS: 2488
SPS: 2489
SPS: 2490
SPS: 2491
SPS: 2492
global_step=7994496, episodic_return=290.0 (n=128), curiosity_reward=0.0000
SPS: 2493
SPS: 2494
SPS: 2496
SPS: 2497
SPS: 2498
global_step=8069760, episodic_return=100.0 (n=128), curiosity_reward=0.0000
SPS: 2499
SPS: 2500
SPS: 2501
SPS: 2502
SPS: 2503
global_step=8152320, episodic_return=200.0 (n=128), curiosity_reward=0.0000
SPS: 2504
SPS: 2505
SPS: 2506
SPS: 2507
global_step=8214400, episodic_return=230.0 (n=128), curiosity_reward=0.0000
SPS: 2508
SPS: 2509
SPS: 2510
SPS: 2511
global_step=8284928, episodic_return=120.0 (n=128), curiosity_reward=0.0000
SPS: 2512
SPS: 2513
SPS: 2514
SPS: 2515
SPS: 2516
global_step=8371072, episodic_return=150.0 (n=128), curiosity_reward=0.0000
SPS: 2517
SPS: 2517
SPS: 2518
SPS: 2519
global_step=8432512, episodic_return=150.0 (n=128), curiosity_reward=0.0000
SPS: 2521
SPS: 2522
SPS: 2523
SPS: 2524
global_step=8502272, episodic_return=220.0 (n=128), curiosity_reward=0.0000
SPS: 2525
SPS: 2526
SPS: 2527
SPS: 2528
SPS: 2529
SPS: 2530
global_step=8599296, episodic_return=270.0 (n=128), curiosity_reward=0.0000
SPS: 2531
SPS: 2532
SPS: 2533
SPS: 2534
SPS: 2535
global_step=8682368, episodic_return=270.0 (n=128), curiosity_reward=0.0000
SPS: 2536
SPS: 2537
SPS: 2537
SPS: 2539
SPS: 2540
global_step=8757120, episodic_return=170.0 (n=128), curiosity_reward=0.0000
SPS: 2540
SPS: 2541
SPS: 2542
SPS: 2543
SPS: 2544
global_step=8846848, episodic_return=220.0 (n=128), curiosity_reward=0.0000
SPS: 2544
SPS: 2545
SPS: 2546
SPS: 2547
SPS: 2548
SPS: 2549
global_step=8933760, episodic_return=120.0 (n=128), curiosity_reward=0.0000
SPS: 2550
SPS: 2551
SPS: 2552
SPS: 2553
SPS: 2554
global_step=9024512, episodic_return=270.0 (n=128), curiosity_reward=0.0000
SPS: 2555
SPS: 2555
SPS: 2556
SPS: 2557
SPS: 2558
global_step=9093504, episodic_return=160.0 (n=128), curiosity_reward=0.0000
SPS: 2559
SPS: 2560
SPS: 2561
SPS: 2562
global_step=9169920, episodic_return=100.0 (n=128), curiosity_reward=0.0000
SPS: 2563
SPS: 2564
SPS: 2565
SPS: 2566
global_step=9236992, episodic_return=160.0 (n=128), curiosity_reward=0.0000
SPS: 2567
SPS: 2567
SPS: 2568
SPS: 2569
SPS: 2570
SPS: 2571
SPS: 2572
global_step=9348608, episodic_return=320.0 (n=128), curiosity_reward=0.0000
SPS: 2572
SPS: 2573
SPS: 2574
SPS: 2575
SPS: 2576
global_step=9435264, episodic_return=160.0 (n=128), curiosity_reward=0.0000
SPS: 2577
SPS: 2578
SPS: 2578
SPS: 2579
SPS: 2580
global_step=9510656, episodic_return=150.0 (n=128), curiosity_reward=0.0000
SPS: 2581
SPS: 2582
SPS: 2583
SPS: 2584
SPS: 2584
global_step=9591552, episodic_return=240.0 (n=128), curiosity_reward=0.0000
SPS: 2585
SPS: 2586
SPS: 2587
SPS: 2588
global_step=9660160, episodic_return=130.0 (n=128), curiosity_reward=0.0000
SPS: 2589
SPS: 2589
SPS: 2590
SPS: 2591
global_step=9726336, episodic_return=130.0 (n=128), curiosity_reward=0.0000
SPS: 2592
SPS: 2593
SPS: 2594
SPS: 2595
SPS: 2595
SPS: 2596
SPS: 2597
SPS: 2598
global_step=9854080, episodic_return=260.0 (n=128), curiosity_reward=0.0000
SPS: 2599
SPS: 2599
SPS: 2600
SPS: 2601
SPS: 2602
global_step=9932544, episodic_return=200.0 (n=128), curiosity_reward=0.0000
SPS: 2602
SPS: 2603
SPS: 2604
SPS: 2605
SPS: 2605
global_step=10019840, episodic_return=180.0 (n=128), curiosity_reward=0.0000
SPS: 2606
SPS: 2607
SPS: 2607
SPS: 2608
SPS: 2609
global_step=10098560, episodic_return=160.0 (n=128), curiosity_reward=0.0000
SPS: 2610
SPS: 2610
SPS: 2611
SPS: 2612
SPS: 2612
global_step=10177152, episodic_return=140.0 (n=128), curiosity_reward=0.0000
SPS: 2613
SPS: 2614
SPS: 2614
SPS: 2615
SPS: 2616
global_step=10260736, episodic_return=160.0 (n=128), curiosity_reward=0.0000
SPS: 2617
SPS: 2618
SPS: 2618
SPS: 2619
SPS: 2620
SPS: 2621
global_step=10357248, episodic_return=150.0 (n=128), curiosity_reward=0.0000
SPS: 2622
SPS: 2622
SPS: 2623
SPS: 2624
SPS: 2625
SPS: 2625
global_step=10457088, episodic_return=140.0 (n=128), curiosity_reward=0.0000
SPS: 2626
SPS: 2627
SPS: 2627
SPS: 2628
SPS: 2629
SPS: 2629
global_step=10553216, episodic_return=200.0 (n=128), curiosity_reward=0.0000
SPS: 2630
SPS: 2631
SPS: 2631
SPS: 2632
global_step=10629248, episodic_return=170.0 (n=128), curiosity_reward=0.0000
SPS: 2633
SPS: 2633
SPS: 2634
SPS: 2634
SPS: 2635
global_step=10713600, episodic_return=180.0 (n=128), curiosity_reward=0.0000
SPS: 2636
SPS: 2637
SPS: 2638
SPS: 2638
SPS: 2639
global_step=10785536, episodic_return=120.0 (n=128), curiosity_reward=0.0000
SPS: 2640
SPS: 2640
SPS: 2641
SPS: 2642
global_step=10862208, episodic_return=190.0 (n=128), curiosity_reward=0.0000
SPS: 2642
SPS: 2643
SPS: 2643
SPS: 2644
global_step=10927360, episodic_return=90.0 (n=128), curiosity_reward=0.0000
SPS: 2645
SPS: 2645
SPS: 2646
SPS: 2646
SPS: 2647
global_step=11004800, episodic_return=90.0 (n=128), curiosity_reward=0.0000
SPS: 2648
SPS: 2649
SPS: 2649
SPS: 2650
SPS: 2650
global_step=11081856, episodic_return=130.0 (n=128), curiosity_reward=0.0000
SPS: 2651
SPS: 2652
SPS: 2652
SPS: 2653
SPS: 2654
global_step=11166976, episodic_return=240.0 (n=128), curiosity_reward=0.0000
SPS: 2655
SPS: 2655
SPS: 2656
SPS: 2656
SPS: 2657
global_step=11244160, episodic_return=170.0 (n=128), curiosity_reward=0.0000
SPS: 2658
SPS: 2659
SPS: 2659
SPS: 2660
global_step=11318528, episodic_return=150.0 (n=128), curiosity_reward=0.0000
SPS: 2661
SPS: 2661
SPS: 2662
SPS: 2662
SPS: 2663
global_step=11394304, episodic_return=210.0 (n=128), curiosity_reward=0.0000
SPS: 2663
SPS: 2664
SPS: 2665
SPS: 2665
global_step=11463296, episodic_return=210.0 (n=128), curiosity_reward=0.0000
SPS: 2666
SPS: 2666
SPS: 2667
SPS: 2667
SPS: 2668
global_step=11547520, episodic_return=150.0 (n=128), curiosity_reward=0.0000
SPS: 2669
SPS: 2669
SPS: 2670
SPS: 2670
SPS: 2671
global_step=11630592, episodic_return=200.0 (n=128), curiosity_reward=0.0000
SPS: 2671
SPS: 2672
SPS: 2672
SPS: 2673
SPS: 2673
SPS: 2674
global_step=11729536, episodic_return=220.0 (n=128), curiosity_reward=0.0000
SPS: 2674
SPS: 2675
SPS: 2675
SPS: 2676
SPS: 2676
SPS: 2677
global_step=11823616, episodic_return=190.0 (n=128), curiosity_reward=0.0000
SPS: 2677
SPS: 2678
SPS: 2678
SPS: 2679
global_step=11893376, episodic_return=180.0 (n=128), curiosity_reward=0.0000
SPS: 2679
SPS: 2680
SPS: 2681
SPS: 2681
SPS: 2682
SPS: 2683
global_step=11978112, episodic_return=200.0 (n=128), curiosity_reward=0.0000
SPS: 2683
SPS: 2684
SPS: 2684
SPS: 2685
global_step=12055552, episodic_return=230.0 (n=128), curiosity_reward=0.0000
SPS: 2685
SPS: 2686
SPS: 2686
SPS: 2687
SPS: 2688
global_step=12127616, episodic_return=160.0 (n=128), curiosity_reward=0.0000
SPS: 2688
SPS: 2689
SPS: 2689
SPS: 2690
SPS: 2691
SPS: 2691
SPS: 2692
SPS: 2692
global_step=12256512, episodic_return=170.0 (n=128), curiosity_reward=0.0000
SPS: 2693
SPS: 2693
SPS: 2694
SPS: 2694
SPS: 2695
global_step=12350464, episodic_return=200.0 (n=128), curiosity_reward=0.0000
SPS: 2695
SPS: 2696
SPS: 2696
SPS: 2697
SPS: 2697
global_step=12421120, episodic_return=120.0 (n=128), curiosity_reward=0.0000
SPS: 2698
SPS: 2698
SPS: 2699
SPS: 2700
SPS: 2700
SPS: 2701
global_step=12520192, episodic_return=240.0 (n=128), curiosity_reward=0.0000
SPS: 2701
SPS: 2702
SPS: 2702
SPS: 2702
SPS: 2703
global_step=12603392, episodic_return=190.0 (n=128), curiosity_reward=0.0000
SPS: 2703
SPS: 2704
SPS: 2704
SPS: 2705
global_step=12679296, episodic_return=120.0 (n=128), curiosity_reward=0.0000
SPS: 2705
SPS: 2705
SPS: 2706
SPS: 2706
SPS: 2707
SPS: 2708
SPS: 2708
global_step=12785280, episodic_return=200.0 (n=128), curiosity_reward=0.0000
SPS: 2709
SPS: 2709
SPS: 2710
SPS: 2710
SPS: 2711
global_step=12873216, episodic_return=230.0 (n=128), curiosity_reward=0.0000
SPS: 2711
SPS: 2712
SPS: 2712
SPS: 2712
SPS: 2713
global_step=12957440, episodic_return=260.0 (n=128), curiosity_reward=0.0000
SPS: 2713
SPS: 2714
SPS: 2714
SPS: 2715
SPS: 2715
SPS: 2716
global_step=13041920, episodic_return=210.0 (n=128), curiosity_reward=0.0000
SPS: 2716
SPS: 2716
SPS: 2717
SPS: 2717
SPS: 2718
global_step=13126912, episodic_return=140.0 (n=128), curiosity_reward=0.0000
SPS: 2718
SPS: 2718
SPS: 2719
SPS: 2719
SPS: 2720
global_step=13206528, episodic_return=150.0 (n=128), curiosity_reward=0.0000
SPS: 2720
SPS: 2721
SPS: 2721
SPS: 2721
SPS: 2722
global_step=13287936, episodic_return=180.0 (n=128), curiosity_reward=0.0000
SPS: 2722
SPS: 2723
SPS: 2723
SPS: 2724
global_step=13365888, episodic_return=160.0 (n=128), curiosity_reward=0.0000
SPS: 2724
SPS: 2725
SPS: 2725
SPS: 2726
SPS: 2726
SPS: 2726
SPS: 2727
global_step=13478784, episodic_return=730.0 (n=128), curiosity_reward=0.0000
SPS: 2727
SPS: 2728
SPS: 2728
SPS: 2729
SPS: 2729
SPS: 2730
global_step=13568768, episodic_return=130.0 (n=128), curiosity_reward=0.0000
SPS: 2730
SPS: 2731
SPS: 2731
SPS: 2731
SPS: 2732
global_step=13653376, episodic_return=200.0 (n=128), curiosity_reward=0.0000
SPS: 2732
SPS: 2733
SPS: 2733
SPS: 2733
global_step=13720704, episodic_return=90.0 (n=128), curiosity_reward=0.0000
SPS: 2734
SPS: 2734
SPS: 2735
SPS: 2735
global_step=13792512, episodic_return=100.0 (n=128), curiosity_reward=0.0000
SPS: 2736
SPS: 2736
SPS: 2736
SPS: 2737
SPS: 2737
SPS: 2738
global_step=13884928, episodic_return=170.0 (n=128), curiosity_reward=0.0000
SPS: 2738
SPS: 2739
SPS: 2740
SPS: 2740
global_step=13952640, episodic_return=130.0 (n=128), curiosity_reward=0.0000
SPS: 2740
SPS: 2741
SPS: 2741
SPS: 2742
SPS: 2742
SPS: 2743
global_step=14051456, episodic_return=130.0 (n=128), curiosity_reward=0.0000
SPS: 2743
SPS: 2743
SPS: 2744
SPS: 2744
SPS: 2745
global_step=14135808, episodic_return=130.0 (n=128), curiosity_reward=0.0000
SPS: 2745
SPS: 2745
SPS: 2746
SPS: 2746
SPS: 2747
global_step=14210688, episodic_return=180.0 (n=128), curiosity_reward=0.0000
SPS: 2747
SPS: 2748
SPS: 2748
SPS: 2749
SPS: 2749
global_step=14300544, episodic_return=130.0 (n=128), curiosity_reward=0.0000
SPS: 2749
SPS: 2750
SPS: 2750
SPS: 2751
SPS: 2751
global_step=14370304, episodic_return=120.0 (n=128), curiosity_reward=0.0000
SPS: 2752
SPS: 2752
SPS: 2752
SPS: 2753
SPS: 2753
global_step=14456576, episodic_return=200.0 (n=128), curiosity_reward=0.0000
SPS: 2753
SPS: 2754
SPS: 2754
SPS: 2755
SPS: 2755
global_step=14542592, episodic_return=140.0 (n=128), curiosity_reward=0.0000
SPS: 2756
SPS: 2756
SPS: 2756
SPS: 2757
SPS: 2757
global_step=14619648, episodic_return=90.0 (n=128), curiosity_reward=0.0000
SPS: 2758
SPS: 2758
SPS: 2758
SPS: 2759
SPS: 2759
global_step=14707328, episodic_return=250.0 (n=128), curiosity_reward=0.0000
SPS: 2760
SPS: 2760
SPS: 2760
SPS: 2761
SPS: 2761
global_step=14787200, episodic_return=240.0 (n=128), curiosity_reward=0.0000
SPS: 2762
SPS: 2762
SPS: 2762
SPS: 2763
SPS: 2763
SPS: 2764
SPS: 2764
global_step=14908288, episodic_return=200.0 (n=128), curiosity_reward=0.0000
SPS: 2764
SPS: 2765
SPS: 2765
SPS: 2765
SPS: 2766
global_step=14976384, episodic_return=80.0 (n=128), curiosity_reward=0.0000
SPS: 2766
SPS: 2767
SPS: 2767
SPS: 2767
SPS: 2768
global_step=15062144, episodic_return=130.0 (n=128), curiosity_reward=0.0000
SPS: 2768
SPS: 2769
SPS: 2769
SPS: 2769
SPS: 2770
global_step=15146880, episodic_return=160.0 (n=128), curiosity_reward=0.0000
SPS: 2770
SPS: 2771
SPS: 2771
SPS: 2771
SPS: 2771
global_step=15222016, episodic_return=170.0 (n=128), curiosity_reward=0.0000
SPS: 2772
SPS: 2772
SPS: 2773
SPS: 2773
SPS: 2773
SPS: 2774
global_step=15323648, episodic_return=250.0 (n=128), curiosity_reward=0.0000
SPS: 2774
SPS: 2775
SPS: 2775
SPS: 2775
global_step=15395840, episodic_return=160.0 (n=128), curiosity_reward=0.0000
SPS: 2776
SPS: 2776
SPS: 2776
SPS: 2777
SPS: 2777
SPS: 2778
SPS: 2778
global_step=15510400, episodic_return=230.0 (n=128), curiosity_reward=0.0000
SPS: 2778
SPS: 2779
SPS: 2779
SPS: 2779
SPS: 2780
global_step=15592704, episodic_return=160.0 (n=128), curiosity_reward=0.0000
SPS: 2780
SPS: 2780
SPS: 2780
SPS: 2781
SPS: 2781
global_step=15666816, episodic_return=180.0 (n=128), curiosity_reward=0.0000
SPS: 2782
SPS: 2782
SPS: 2782
SPS: 2783
SPS: 2783
global_step=15758848, episodic_return=310.0 (n=128), curiosity_reward=0.0000
SPS: 2783
SPS: 2784
SPS: 2784
SPS: 2785
SPS: 2785
SPS: 2785
global_step=15851008, episodic_return=230.0 (n=128), curiosity_reward=0.0000
SPS: 2786
SPS: 2786
SPS: 2786
SPS: 2787
SPS: 2787
global_step=15930368, episodic_return=180.0 (n=128), curiosity_reward=0.0000
SPS: 2788
SPS: 2788
SPS: 2788
SPS: 2789
global_step=16003200, episodic_return=140.0 (n=128), curiosity_reward=0.0000
SPS: 2789
SPS: 2790
SPS: 2790
SPS: 2790
SPS: 2790
global_step=16084864, episodic_return=230.0 (n=128), curiosity_reward=0.0000
SPS: 2791
SPS: 2791
SPS: 2791
SPS: 2792
SPS: 2792
SPS: 2793
SPS: 2793
global_step=16198144, episodic_return=260.0 (n=128), curiosity_reward=0.0000
SPS: 2793
SPS: 2793
SPS: 2794
SPS: 2794
global_step=16267776, episodic_return=110.0 (n=128), curiosity_reward=0.0000
SPS: 2794
SPS: 2795
SPS: 2795
SPS: 2795
SPS: 2796
SPS: 2796
SPS: 2796
SPS: 2797
global_step=16392448, episodic_return=850.0 (n=128), curiosity_reward=0.0000
SPS: 2797
SPS: 2797
SPS: 2798
SPS: 2798
SPS: 2798
SPS: 2798
global_step=16489856, episodic_return=160.0 (n=128), curiosity_reward=0.0000
SPS: 2799
SPS: 2799
SPS: 2799
SPS: 2800
SPS: 2800
global_step=16571008, episodic_return=150.0 (n=128), curiosity_reward=0.0000
SPS: 2800
SPS: 2801
SPS: 2801
SPS: 2801
SPS: 2802
global_step=16655872, episodic_return=180.0 (n=128), curiosity_reward=0.0000
SPS: 2802
SPS: 2802
SPS: 2803
SPS: 2803
SPS: 2803
global_step=16731904, episodic_return=200.0 (n=128), curiosity_reward=0.0000
SPS: 2804
SPS: 2804
SPS: 2804
SPS: 2805
SPS: 2805
global_step=16822016, episodic_return=200.0 (n=128), curiosity_reward=0.0000
SPS: 2805
SPS: 2805
SPS: 2806
SPS: 2806
SPS: 2806
SPS: 2807
global_step=16924288, episodic_return=230.0 (n=128), curiosity_reward=0.0000
SPS: 2807
SPS: 2807
SPS: 2808
SPS: 2808
SPS: 2808
SPS: 2808
SPS: 2809
global_step=17026560, episodic_return=240.0 (n=128), curiosity_reward=0.0000
SPS: 2809
SPS: 2809
SPS: 2809
SPS: 2810
SPS: 2810
global_step=17116416, episodic_return=210.0 (n=128), curiosity_reward=0.0000
SPS: 2810
SPS: 2811
SPS: 2811
SPS: 2811
SPS: 2812
global_step=17193600, episodic_return=140.0 (n=128), curiosity_reward=0.0000
SPS: 2812
SPS: 2812
SPS: 2813
SPS: 2813
SPS: 2813
SPS: 2814
global_step=17295616, episodic_return=300.0 (n=128), curiosity_reward=0.0000
SPS: 2814
SPS: 2814
SPS: 2815
SPS: 2815
global_step=17361664, episodic_return=90.0 (n=128), curiosity_reward=0.0000
SPS: 2815
SPS: 2816
SPS: 2816
SPS: 2816
SPS: 2817
global_step=17434368, episodic_return=130.0 (n=128), curiosity_reward=0.0000
SPS: 2817
SPS: 2817
SPS: 2817
SPS: 2818
SPS: 2818
global_step=17517440, episodic_return=230.0 (n=128), curiosity_reward=0.0000
SPS: 2818
SPS: 2818
SPS: 2819
SPS: 2819
SPS: 2819
SPS: 2819
global_step=17619072, episodic_return=280.0 (n=128), curiosity_reward=0.0000
SPS: 2820
SPS: 2820
SPS: 2820
SPS: 2821
SPS: 2821
SPS: 2821
global_step=17715328, episodic_return=290.0 (n=128), curiosity_reward=0.0000
SPS: 2822
SPS: 2822
SPS: 2822
SPS: 2822
SPS: 2822
global_step=17798784, episodic_return=210.0 (n=128), curiosity_reward=0.0000
SPS: 2823
SPS: 2823
SPS: 2823
SPS: 2823
SPS: 2824
global_step=17888640, episodic_return=180.0 (n=128), curiosity_reward=0.0000
SPS: 2824
SPS: 2824
SPS: 2825
SPS: 2825
SPS: 2825
SPS: 2825
SPS: 2826
global_step=18004224, episodic_return=270.0 (n=128), curiosity_reward=0.0000
SPS: 2826
SPS: 2826
SPS: 2827
SPS: 2827
SPS: 2827
SPS: 2827
SPS: 2828
global_step=18112768, episodic_return=250.0 (n=128), curiosity_reward=0.0000
SPS: 2828
SPS: 2829
SPS: 2829
SPS: 2829
SPS: 2829
SPS: 2829
global_step=18204160, episodic_return=230.0 (n=128), curiosity_reward=0.0000
SPS: 2830
SPS: 2830
SPS: 2830
SPS: 2830
SPS: 2831
SPS: 2831
global_step=18301824, episodic_return=220.0 (n=128), curiosity_reward=0.0000
SPS: 2831
SPS: 2831
SPS: 2832
SPS: 2832
global_step=18382848, episodic_return=160.0 (n=128), curiosity_reward=0.0000
SPS: 2832
SPS: 2832
SPS: 2832
SPS: 2833
SPS: 2833
global_step=18460800, episodic_return=240.0 (n=128), curiosity_reward=0.0000
SPS: 2833
SPS: 2833
SPS: 2834
SPS: 2834
SPS: 2834
SPS: 2835
SPS: 2835
SPS: 2835
global_step=18593920, episodic_return=210.0 (n=128), curiosity_reward=0.0000
SPS: 2835
SPS: 2836
SPS: 2836
SPS: 2836
global_step=18655616, episodic_return=140.0 (n=128), curiosity_reward=0.0000
SPS: 2836
SPS: 2837
SPS: 2837
SPS: 2837
SPS: 2837
SPS: 2837
global_step=18745856, episodic_return=220.0 (n=128), curiosity_reward=0.0000
SPS: 2838
SPS: 2838
SPS: 2838
SPS: 2838
SPS: 2839
SPS: 2839
global_step=18842496, episodic_return=220.0 (n=128), curiosity_reward=0.0000
SPS: 2839
SPS: 2839
SPS: 2839
SPS: 2840
SPS: 2840
SPS: 2840
global_step=18941824, episodic_return=670.0 (n=128), curiosity_reward=0.0000
SPS: 2840
SPS: 2840
SPS: 2841
SPS: 2841
global_step=19020416, episodic_return=130.0 (n=128), curiosity_reward=0.0000
SPS: 2841
SPS: 2841
SPS: 2842
SPS: 2842
SPS: 2842
global_step=19096448, episodic_return=120.0 (n=128), curiosity_reward=0.0000
SPS: 2842
SPS: 2843
SPS: 2843
SPS: 2843
SPS: 2843
global_step=19183104, episodic_return=230.0 (n=128), curiosity_reward=0.0000
SPS: 2844
SPS: 2844
SPS: 2844
SPS: 2844
SPS: 2845
global_step=19256192, episodic_return=160.0 (n=128), curiosity_reward=0.0000
SPS: 2845
SPS: 2845
SPS: 2845
SPS: 2846
SPS: 2846
global_step=19340672, episodic_return=140.0 (n=128), curiosity_reward=0.0000
SPS: 2846
SPS: 2846
SPS: 2846
SPS: 2847
SPS: 2847
global_step=19423104, episodic_return=190.0 (n=128), curiosity_reward=0.0000
SPS: 2847
SPS: 2847
SPS: 2847
SPS: 2847
SPS: 2848
SPS: 2848
global_step=19526016, episodic_return=240.0 (n=128), curiosity_reward=0.0000
SPS: 2848
SPS: 2849
SPS: 2849
SPS: 2849
SPS: 2849
global_step=19602176, episodic_return=160.0 (n=128), curiosity_reward=0.0000
SPS: 2849
SPS: 2850
SPS: 2850
SPS: 2850
SPS: 2851
global_step=19680128, episodic_return=120.0 (n=128), curiosity_reward=0.0000
SPS: 2851
SPS: 2851
SPS: 2851
SPS: 2852
SPS: 2852
global_step=19761664, episodic_return=170.0 (n=128), curiosity_reward=0.0000
SPS: 2852
SPS: 2853
SPS: 2853
global_step=19824512, episodic_return=130.0 (n=128), curiosity_reward=0.0000
SPS: 2853
SPS: 2853
SPS: 2854
SPS: 2854
SPS: 2854
SPS: 2855
SPS: 2855
global_step=19929216, episodic_return=230.0 (n=128), curiosity_reward=0.0000
SPS: 2855
SPS: 2855
SPS: 2856
SPS: 2856
SPS: 2856
global_step=20015488, episodic_return=230.0 (n=128), curiosity_reward=0.0000
SPS: 2857
SPS: 2857
SPS: 2857
SPS: 2857
SPS: 2858
SPS: 2858
global_step=20108160, episodic_return=180.0 (n=128), curiosity_reward=0.0000
SPS: 2858
SPS: 2859
SPS: 2859
SPS: 2859
SPS: 2860
SPS: 2860
SPS: 2860
SPS: 2860
global_step=20248448, episodic_return=290.0 (n=128), curiosity_reward=0.0000
SPS: 2860
SPS: 2861
SPS: 2861
SPS: 2861
SPS: 2861
global_step=20326144, episodic_return=190.0 (n=128), curiosity_reward=0.0000
SPS: 2861
SPS: 2861
SPS: 2862
SPS: 2862
global_step=20394496, episodic_return=170.0 (n=128), curiosity_reward=0.0000
SPS: 2862
SPS: 2862
SPS: 2863
SPS: 2863
SPS: 2863
SPS: 2863
global_step=20493824, episodic_return=200.0 (n=128), curiosity_reward=0.0000
SPS: 2864
SPS: 2864
SPS: 2864
SPS: 2864
global_step=20558080, episodic_return=200.0 (n=128), curiosity_reward=0.0000
SPS: 2865
SPS: 2865
SPS: 2865
SPS: 2865
SPS: 2866
SPS: 2866
global_step=20645120, episodic_return=170.0 (n=128), curiosity_reward=0.0000
SPS: 2866
SPS: 2866
SPS: 2867
SPS: 2867
SPS: 2867
global_step=20726912, episodic_return=130.0 (n=128), curiosity_reward=0.0000
SPS: 2867
SPS: 2868
SPS: 2868
SPS: 2868
global_step=20795520, episodic_return=140.0 (n=128), curiosity_reward=0.0000
SPS: 2868
SPS: 2868
SPS: 2868
SPS: 2869
SPS: 2869
global_step=20878592, episodic_return=160.0 (n=128), curiosity_reward=0.0000
SPS: 2869
SPS: 2869
SPS: 2870
SPS: 2870
SPS: 2870
global_step=20966016, episodic_return=170.0 (n=128), curiosity_reward=0.0000
SPS: 2870
SPS: 2870
SPS: 2871
SPS: 2871
SPS: 2871
global_step=21043200, episodic_return=220.0 (n=128), curiosity_reward=0.0000
SPS: 2871
SPS: 2871
SPS: 2872
SPS: 2872
SPS: 2872
SPS: 2872
global_step=21147520, episodic_return=250.0 (n=128), curiosity_reward=0.0000
SPS: 2872
SPS: 2872
SPS: 2872
SPS: 2873
SPS: 2873
global_step=21218304, episodic_return=130.0 (n=128), curiosity_reward=0.0000
SPS: 2873
SPS: 2873
SPS: 2874
SPS: 2874
SPS: 2874
global_step=21303936, episodic_return=170.0 (n=128), curiosity_reward=0.0000
SPS: 2874
SPS: 2874
SPS: 2875
SPS: 2875
global_step=21379840, episodic_return=160.0 (n=128), curiosity_reward=0.0000
SPS: 2875
SPS: 2875
SPS: 2875
SPS: 2876
SPS: 2876
SPS: 2876
global_step=21472256, episodic_return=160.0 (n=128), curiosity_reward=0.0000
SPS: 2876
SPS: 2876
SPS: 2877
SPS: 2877
SPS: 2877
SPS: 2877
global_step=21568000, episodic_return=360.0 (n=128), curiosity_reward=0.0000
SPS: 2877
SPS: 2877
SPS: 2878
SPS: 2878
SPS: 2878
SPS: 2878
global_step=21660928, episodic_return=140.0 (n=128), curiosity_reward=0.0000
SPS: 2878
SPS: 2879
SPS: 2879
SPS: 2879
SPS: 2879
global_step=21754624, episodic_return=200.0 (n=128), curiosity_reward=0.0000
SPS: 2879
SPS: 2880
SPS: 2880
SPS: 2880
SPS: 2880
SPS: 2881
global_step=21840256, episodic_return=250.0 (n=128), curiosity_reward=0.0000
SPS: 2881
SPS: 2881
SPS: 2881
SPS: 2881
global_step=21921536, episodic_return=160.0 (n=128), curiosity_reward=0.0000
SPS: 2881
SPS: 2882
SPS: 2882
SPS: 2882
SPS: 2882
global_step=21992704, episodic_return=230.0 (n=128), curiosity_reward=0.0000
SPS: 2883
SPS: 2883
SPS: 2883
SPS: 2883
SPS: 2883
global_step=22079744, episodic_return=140.0 (n=128), curiosity_reward=0.0000
SPS: 2883
SPS: 2884
SPS: 2884
SPS: 2884
SPS: 2884
SPS: 2885
global_step=22172416, episodic_return=170.0 (n=128), curiosity_reward=0.0000
SPS: 2885
SPS: 2885
SPS: 2885
SPS: 2885
SPS: 2886
SPS: 2886
SPS: 2886
SPS: 2886
global_step=22300288, episodic_return=450.0 (n=128), curiosity_reward=0.0000
SPS: 2886
SPS: 2886
SPS: 2887
SPS: 2887
global_step=22370432, episodic_return=180.0 (n=128), curiosity_reward=0.0000
SPS: 2887
SPS: 2887
SPS: 2887
SPS: 2887
SPS: 2888
global_step=22448512, episodic_return=210.0 (n=128), curiosity_reward=0.0000
SPS: 2888
SPS: 2888
SPS: 2888
SPS: 2888
SPS: 2889
global_step=22541696, episodic_return=210.0 (n=128), curiosity_reward=0.0000
SPS: 2889
SPS: 2889
SPS: 2889
SPS: 2889
SPS: 2890
global_step=22616320, episodic_return=150.0 (n=128), curiosity_reward=0.0000
SPS: 2890
SPS: 2890
SPS: 2890
SPS: 2890
global_step=22689280, episodic_return=210.0 (n=128), curiosity_reward=0.0000
SPS: 2890
SPS: 2891
SPS: 2891
SPS: 2891
SPS: 2891
SPS: 2891
global_step=22777472, episodic_return=270.0 (n=128), curiosity_reward=0.0000
SPS: 2891
SPS: 2892
SPS: 2892
SPS: 2892
global_step=22851840, episodic_return=180.0 (n=128), curiosity_reward=0.0000
SPS: 2892
SPS: 2893
SPS: 2893
SPS: 2893
SPS: 2893
global_step=22926208, episodic_return=90.0 (n=128), curiosity_reward=0.0000
SPS: 2893
SPS: 2894
SPS: 2894
SPS: 2894
SPS: 2894
SPS: 2895
global_step=23031552, episodic_return=220.0 (n=128), curiosity_reward=0.0000
SPS: 2895
SPS: 2895
SPS: 2895
SPS: 2895
SPS: 2896
global_step=23109504, episodic_return=240.0 (n=128), curiosity_reward=0.0000
SPS: 2896
SPS: 2896
SPS: 2896
SPS: 2896
SPS: 2896
global_step=23185408, episodic_return=120.0 (n=128), curiosity_reward=0.0000
SPS: 2896
SPS: 2896
SPS: 2897
SPS: 2897
global_step=23251072, episodic_return=170.0 (n=128), curiosity_reward=0.0000
SPS: 2897
SPS: 2897
SPS: 2897
SPS: 2897
SPS: 2898
global_step=23332992, episodic_return=160.0 (n=128), curiosity_reward=0.0000
SPS: 2898
SPS: 2898
SPS: 2898
SPS: 2898
SPS: 2899
global_step=23423488, episodic_return=220.0 (n=128), curiosity_reward=0.0000
SPS: 2899
SPS: 2899
SPS: 2899
SPS: 2899
global_step=23484672, episodic_return=140.0 (n=128), curiosity_reward=0.0000
SPS: 2899
SPS: 2899
SPS: 2900
SPS: 2900
SPS: 2900
SPS: 2900
global_step=23590656, episodic_return=260.0 (n=128), curiosity_reward=0.0000
SPS: 2900
SPS: 2900
SPS: 2900
SPS: 2900
SPS: 2901
SPS: 2901
global_step=23689216, episodic_return=210.0 (n=128), curiosity_reward=0.0000
SPS: 2901
SPS: 2901
SPS: 2901
SPS: 2901
SPS: 2901
SPS: 2901
global_step=23786752, episodic_return=180.0 (n=128), curiosity_reward=0.0000
SPS: 2902
SPS: 2902
SPS: 2902
SPS: 2902
SPS: 2903
SPS: 2903
SPS: 2903
global_step=23889920, episodic_return=230.0 (n=128), curiosity_reward=0.0000
SPS: 2903
SPS: 2903
SPS: 2903
SPS: 2904
global_step=23968256, episodic_return=140.0 (n=128), curiosity_reward=0.0000
SPS: 2904
SPS: 2904
SPS: 2904
SPS: 2904
SPS: 2904
SPS: 2905
global_step=24059008, episodic_return=180.0 (n=128), curiosity_reward=0.0000
SPS: 2905
SPS: 2905
SPS: 2905
SPS: 2905
global_step=24118144, episodic_return=70.0 (n=128), curiosity_reward=0.0000
SPS: 2905
SPS: 2906
SPS: 2906
SPS: 2906
SPS: 2906
global_step=24210176, episodic_return=190.0 (n=128), curiosity_reward=0.0000
SPS: 2906
SPS: 2906
SPS: 2907
SPS: 2907
SPS: 2907
SPS: 2907
SPS: 2907
global_step=24317952, episodic_return=210.0 (n=128), curiosity_reward=0.0000
SPS: 2907
SPS: 2907
SPS: 2908
SPS: 2908
global_step=24387712, episodic_return=130.0 (n=128), curiosity_reward=0.0000
SPS: 2908
SPS: 2908
SPS: 2908
SPS: 2908
SPS: 2909
SPS: 2909
SPS: 2909
global_step=24509824, episodic_return=740.0 (n=128), curiosity_reward=0.0000
SPS: 2909
SPS: 2909
SPS: 2909
SPS: 2909
SPS: 2909
SPS: 2910
SPS: 2910
global_step=24617728, episodic_return=200.0 (n=128), curiosity_reward=0.0000
SPS: 2910
SPS: 2910
SPS: 2910
SPS: 2911
SPS: 2911
global_step=24704000, episodic_return=180.0 (n=128), curiosity_reward=0.0000
SPS: 2911
SPS: 2911
SPS: 2911
SPS: 2912
SPS: 2912
global_step=24773760, episodic_return=180.0 (n=128), curiosity_reward=0.0000
SPS: 2912
SPS: 2912
SPS: 2912
SPS: 2912
SPS: 2912
SPS: 2912
SPS: 2913
SPS: 2913
global_step=24909056, episodic_return=220.0 (n=128), curiosity_reward=0.0000
SPS: 2913
SPS: 2913
SPS: 2913
SPS: 2913
SPS: 2913
global_step=24992128, episodic_return=230.0 (n=128), curiosity_reward=0.0000
SPS: 2914
SPS: 2914
SPS: 2914
SPS: 2914
global_step=25066112, episodic_return=110.0 (n=128), curiosity_reward=0.0000
SPS: 2914
SPS: 2914
SPS: 2915
SPS: 2915
SPS: 2915
SPS: 2915
global_step=25150720, episodic_return=230.0 (n=128), curiosity_reward=0.0000
SPS: 2915
SPS: 2915
SPS: 2916
SPS: 2916
global_step=25221760, episodic_return=230.0 (n=128), curiosity_reward=0.0000
SPS: 2916
SPS: 2916
SPS: 2916
SPS: 2916
SPS: 2917
SPS: 2917
SPS: 2917
global_step=25333632, episodic_return=340.0 (n=128), curiosity_reward=0.0000
SPS: 2917
SPS: 2917
SPS: 2917
SPS: 2917
SPS: 2917
global_step=25419520, episodic_return=140.0 (n=128), curiosity_reward=0.0000
SPS: 2918
SPS: 2918
SPS: 2918
SPS: 2918
SPS: 2918
global_step=25505408, episodic_return=170.0 (n=128), curiosity_reward=0.0000
SPS: 2919
SPS: 2919
SPS: 2919
SPS: 2919
SPS: 2919
SPS: 2919
global_step=25595136, episodic_return=160.0 (n=128), curiosity_reward=0.0000
SPS: 2920
SPS: 2920
SPS: 2920
SPS: 2920
global_step=25661952, episodic_return=100.0 (n=128), curiosity_reward=0.0000
SPS: 2920
SPS: 2920
SPS: 2920
SPS: 2920
SPS: 2921
global_step=25741312, episodic_return=170.0 (n=128), curiosity_reward=0.0000
SPS: 2921
SPS: 2921
SPS: 2921
SPS: 2921
SPS: 2921
global_step=25828736, episodic_return=310.0 (n=128), curiosity_reward=0.0000
SPS: 2922
SPS: 2922
SPS: 2922
SPS: 2922
SPS: 2922
global_step=25917440, episodic_return=190.0 (n=128), curiosity_reward=0.0000
SPS: 2922
SPS: 2922
SPS: 2922
SPS: 2923
SPS: 2923
global_step=25991552, episodic_return=90.0 (n=128), curiosity_reward=0.0000
SPS: 2923
SPS: 2923
SPS: 2923
SPS: 2923
SPS: 2924
global_step=26073088, episodic_return=170.0 (n=128), curiosity_reward=0.0000
SPS: 2924
SPS: 2924
SPS: 2924
SPS: 2924
SPS: 2924
global_step=26154624, episodic_return=150.0 (n=128), curiosity_reward=0.0000
SPS: 2924
SPS: 2925
SPS: 2925
SPS: 2925
SPS: 2925
global_step=26243072, episodic_return=190.0 (n=128), curiosity_reward=0.0000
SPS: 2925
SPS: 2925
SPS: 2925
SPS: 2926
SPS: 2926
global_step=26327936, episodic_return=140.0 (n=128), curiosity_reward=0.0000
SPS: 2926
SPS: 2926
SPS: 2926
SPS: 2926
SPS: 2927
global_step=26398848, episodic_return=150.0 (n=128), curiosity_reward=0.0000
SPS: 2927
SPS: 2927
SPS: 2927
SPS: 2927
global_step=26471168, episodic_return=200.0 (n=128), curiosity_reward=0.0000
SPS: 2927
SPS: 2928
SPS: 2928
SPS: 2928
global_step=26539008, episodic_return=170.0 (n=128), curiosity_reward=0.0000
SPS: 2928
SPS: 2928
SPS: 2928
SPS: 2929
SPS: 2929
global_step=26616064, episodic_return=180.0 (n=128), curiosity_reward=0.0000
SPS: 2929
SPS: 2929
SPS: 2929
SPS: 2929
SPS: 2929
SPS: 2929
global_step=26706048, episodic_return=190.0 (n=128), curiosity_reward=0.0000
SPS: 2930
SPS: 2930
SPS: 2930
SPS: 2930
global_step=26783872, episodic_return=140.0 (n=128), curiosity_reward=0.0000
SPS: 2930
SPS: 2930
SPS: 2930
SPS: 2930
SPS: 2931
global_step=26855936, episodic_return=90.0 (n=128), curiosity_reward=0.0000
SPS: 2931
SPS: 2931
SPS: 2931
SPS: 2931
global_step=26932608, episodic_return=310.0 (n=128), curiosity_reward=0.0000
SPS: 2931
SPS: 2931
SPS: 2932
SPS: 2932
SPS: 2932
global_step=27005312, episodic_return=150.0 (n=128), curiosity_reward=0.0000
SPS: 2932
SPS: 2932
SPS: 2932
SPS: 2932
SPS: 2933
global_step=27094400, episodic_return=250.0 (n=128), curiosity_reward=0.0000
SPS: 2933
SPS: 2933
SPS: 2933
SPS: 2933
SPS: 2933
global_step=27178752, episodic_return=180.0 (n=128), curiosity_reward=0.0000
SPS: 2933
SPS: 2933
SPS: 2933
SPS: 2933
SPS: 2934
global_step=27262720, episodic_return=150.0 (n=128), curiosity_reward=0.0000
SPS: 2934
SPS: 2934
SPS: 2934
SPS: 2934
SPS: 2934
global_step=27338880, episodic_return=160.0 (n=128), curiosity_reward=0.0000
SPS: 2934
SPS: 2934
SPS: 2934
SPS: 2935
SPS: 2935
global_step=27421696, episodic_return=180.0 (n=128), curiosity_reward=0.0000
SPS: 2935
SPS: 2935
SPS: 2935
SPS: 2935
SPS: 2935
global_step=27496448, episodic_return=150.0 (n=128), curiosity_reward=0.0000
SPS: 2935
SPS: 2936
SPS: 2936
SPS: 2936
SPS: 2936
global_step=27575424, episodic_return=190.0 (n=128), curiosity_reward=0.0000
SPS: 2936
SPS: 2936
SPS: 2936
SPS: 2936
SPS: 2936
global_step=27664256, episodic_return=230.0 (n=128), curiosity_reward=0.0000
SPS: 2936
SPS: 2937
SPS: 2937
SPS: 2937
SPS: 2937
global_step=27744640, episodic_return=190.0 (n=128), curiosity_reward=0.0000
SPS: 2937
SPS: 2937
SPS: 2937
SPS: 2937
SPS: 2937
SPS: 2937
SPS: 2937
SPS: 2938
global_step=27881984, episodic_return=330.0 (n=128), curiosity_reward=0.0000
SPS: 2938
SPS: 2938
SPS: 2938
SPS: 2938
SPS: 2938
global_step=27964800, episodic_return=330.0 (n=128), curiosity_reward=0.0000
SPS: 2938
SPS: 2939
SPS: 2939
SPS: 2939
SPS: 2939
SPS: 2939
SPS: 2939
global_step=28073088, episodic_return=240.0 (n=128), curiosity_reward=0.0000
SPS: 2939
SPS: 2940
SPS: 2940
SPS: 2940
global_step=28144512, episodic_return=200.0 (n=128), curiosity_reward=0.0000
SPS: 2940
SPS: 2940
SPS: 2940
SPS: 2940
SPS: 2940
global_step=28222848, episodic_return=150.0 (n=128), curiosity_reward=0.0000
SPS: 2940
SPS: 2940
SPS: 2941
SPS: 2941
global_step=28295168, episodic_return=90.0 (n=128), curiosity_reward=0.0000
SPS: 2941
SPS: 2941
SPS: 2941
SPS: 2941
SPS: 2941
global_step=28374144, episodic_return=170.0 (n=128), curiosity_reward=0.0000
SPS: 2941
SPS: 2941
SPS: 2941
SPS: 2942
SPS: 2942
global_step=28455936, episodic_return=190.0 (n=128), curiosity_reward=0.0000
SPS: 2942
SPS: 2942
SPS: 2942
SPS: 2942
SPS: 2942
SPS: 2942
global_step=28544896, episodic_return=260.0 (n=128), curiosity_reward=0.0000
SPS: 2942
SPS: 2942
SPS: 2943
SPS: 2943
global_step=28617984, episodic_return=190.0 (n=128), curiosity_reward=0.0000
SPS: 2943
SPS: 2943
SPS: 2943
SPS: 2943
SPS: 2943
global_step=28700288, episodic_return=200.0 (n=128), curiosity_reward=0.0000
SPS: 2943
SPS: 2943
SPS: 2944
SPS: 2944
SPS: 2944
SPS: 2944
global_step=28788096, episodic_return=130.0 (n=128), curiosity_reward=0.0000
SPS: 2944
SPS: 2944
SPS: 2944
SPS: 2944
SPS: 2945
global_step=28878336, episodic_return=250.0 (n=128), curiosity_reward=0.0000
SPS: 2945
SPS: 2945
SPS: 2945
SPS: 2945
SPS: 2945
SPS: 2945
global_step=28971264, episodic_return=240.0 (n=128), curiosity_reward=0.0000
SPS: 2945
SPS: 2945
SPS: 2945
SPS: 2945
global_step=29044992, episodic_return=150.0 (n=128), curiosity_reward=0.0000
SPS: 2945
SPS: 2946
SPS: 2946
SPS: 2946
SPS: 2946
global_step=29124352, episodic_return=200.0 (n=128), curiosity_reward=0.0000
SPS: 2946
SPS: 2946
SPS: 2946
SPS: 2947
SPS: 2947
global_step=29203456, episodic_return=190.0 (n=128), curiosity_reward=0.0000
SPS: 2947
SPS: 2947
SPS: 2947
SPS: 2947
global_step=29268608, episodic_return=130.0 (n=128), curiosity_reward=0.0000
SPS: 2947
SPS: 2947
SPS: 2947
SPS: 2948
SPS: 2948
global_step=29356928, episodic_return=210.0 (n=128), curiosity_reward=0.0000
SPS: 2948
SPS: 2948
SPS: 2948
SPS: 2948
SPS: 2948
global_step=29435136, episodic_return=260.0 (n=128), curiosity_reward=0.0000
SPS: 2948
SPS: 2948
SPS: 2949
SPS: 2949
SPS: 2949
SPS: 2949
global_step=29526400, episodic_return=240.0 (n=128), curiosity_reward=0.0000
SPS: 2949
SPS: 2949
SPS: 2949
SPS: 2949
global_step=29600512, episodic_return=150.0 (n=128), curiosity_reward=0.0000
SPS: 2949
SPS: 2949
SPS: 2950
SPS: 2950
global_step=29663232, episodic_return=210.0 (n=128), curiosity_reward=0.0000
SPS: 2950
SPS: 2950
SPS: 2950
SPS: 2950
SPS: 2950
global_step=29741312, episodic_return=210.0 (n=128), curiosity_reward=0.0000
SPS: 2950
SPS: 2950
SPS: 2951
SPS: 2951
SPS: 2951
global_step=29829248, episodic_return=260.0 (n=128), curiosity_reward=0.0000
SPS: 2951
SPS: 2951
SPS: 2951
SPS: 2951
SPS: 2951
SPS: 2951
global_step=29933568, episodic_return=220.0 (n=128), curiosity_reward=0.0000
SPS: 2952
SPS: 2952
SPS: 2952
SPS: 2952
SPS: 2952
global_step=30006656, episodic_return=130.0 (n=128), curiosity_reward=0.0000
SPS: 2952
SPS: 2952
SPS: 2952
SPS: 2952
SPS: 2952
SPS: 2953
SPS: 2953
SPS: 2953
global_step=30130560, episodic_return=370.0 (n=128), curiosity_reward=0.0000
SPS: 2953
SPS: 2953
SPS: 2953
SPS: 2953
SPS: 2953
SPS: 2953
global_step=30239360, episodic_return=190.0 (n=128), curiosity_reward=0.0000
SPS: 2953
SPS: 2953
SPS: 2953
SPS: 2954
SPS: 2954
SPS: 2954
global_step=30341504, episodic_return=240.0 (n=128), curiosity_reward=0.0000
SPS: 2954
SPS: 2954
SPS: 2954
SPS: 2954
SPS: 2954
SPS: 2954
global_step=30427648, episodic_return=160.0 (n=128), curiosity_reward=0.0000
SPS: 2954
SPS: 2954
SPS: 2955
SPS: 2955
SPS: 2955
global_step=30517248, episodic_return=230.0 (n=128), curiosity_reward=0.0000
SPS: 2955
SPS: 2955
SPS: 2955
SPS: 2955
SPS: 2955
SPS: 2956
global_step=30610688, episodic_return=160.0 (n=128), curiosity_reward=0.0000
SPS: 2956
SPS: 2956
SPS: 2956
SPS: 2956
SPS: 2956
global_step=30696320, episodic_return=180.0 (n=128), curiosity_reward=0.0000
SPS: 2956
SPS: 2956
SPS: 2956
SPS: 2956
SPS: 2956
global_step=30780160, episodic_return=290.0 (n=128), curiosity_reward=0.0000
SPS: 2956
SPS: 2956
SPS: 2957
SPS: 2957
SPS: 2957
SPS: 2957
global_step=30869888, episodic_return=260.0 (n=128), curiosity_reward=0.0000
SPS: 2957
SPS: 2957
SPS: 2957
SPS: 2957
SPS: 2957
global_step=30952960, episodic_return=140.0 (n=128), curiosity_reward=0.0000
SPS: 2958
SPS: 2958
SPS: 2958
SPS: 2958
SPS: 2958
global_step=31046656, episodic_return=170.0 (n=128), curiosity_reward=0.0000
SPS: 2958
SPS: 2958
SPS: 2958
SPS: 2959
SPS: 2959
SPS: 2959
global_step=31136768, episodic_return=270.0 (n=128), curiosity_reward=0.0000
SPS: 2959
SPS: 2959
SPS: 2959
SPS: 2959
SPS: 2959
SPS: 2959
SPS: 2959
global_step=31254016, episodic_return=870.0 (n=128), curiosity_reward=0.0000
SPS: 2959
SPS: 2959
SPS: 2960
SPS: 2960
SPS: 2960
global_step=31340160, episodic_return=150.0 (n=128), curiosity_reward=0.0000
SPS: 2960
SPS: 2960
SPS: 2960
SPS: 2960
SPS: 2960
SPS: 2961
global_step=31428480, episodic_return=260.0 (n=128), curiosity_reward=0.0000
SPS: 2961
SPS: 2961
SPS: 2961
SPS: 2961
SPS: 2961
global_step=31508864, episodic_return=150.0 (n=128), curiosity_reward=0.0000
SPS: 2961
SPS: 2961
SPS: 2961
SPS: 2961
SPS: 2962
SPS: 2962
global_step=31619200, episodic_return=260.0 (n=128), curiosity_reward=0.0000
SPS: 2962
SPS: 2962
SPS: 2962
SPS: 2962
SPS: 2962
global_step=31692032, episodic_return=140.0 (n=128), curiosity_reward=0.0000
SPS: 2962
SPS: 2963
SPS: 2963
SPS: 2963
global_step=31761408, episodic_return=240.0 (n=128), curiosity_reward=0.0000
SPS: 2963
SPS: 2963
SPS: 2963
SPS: 2963
SPS: 2963
SPS: 2963
global_step=31856256, episodic_return=260.0 (n=128), curiosity_reward=0.0000
SPS: 2963
SPS: 2963
SPS: 2964
SPS: 2964
SPS: 2964
SPS: 2964
global_step=31958528, episodic_return=230.0 (n=128), curiosity_reward=0.0000
SPS: 2964
SPS: 2964
SPS: 2964
SPS: 2964
global_step=32027520, episodic_return=160.0 (n=128), curiosity_reward=0.0000
SPS: 2964
SPS: 2964
SPS: 2964
SPS: 2964
SPS: 2964
global_step=32111744, episodic_return=110.0 (n=128), curiosity_reward=0.0000
SPS: 2964
SPS: 2965
SPS: 2965
SPS: 2965
SPS: 2965
global_step=32188800, episodic_return=180.0 (n=128), curiosity_reward=0.0000
SPS: 2965
SPS: 2965
SPS: 2965
SPS: 2965
SPS: 2965
SPS: 2965
global_step=32278784, episodic_return=180.0 (n=128), curiosity_reward=0.0000
SPS: 2965
SPS: 2965
SPS: 2966
SPS: 2966
SPS: 2966
global_step=32366720, episodic_return=240.0 (n=128), curiosity_reward=0.0000
SPS: 2966
SPS: 2966
SPS: 2966
SPS: 2966
SPS: 2966
SPS: 2966
SPS: 2966
global_step=32478848, episodic_return=110.0 (n=128), curiosity_reward=0.0000
SPS: 2967
SPS: 2967
SPS: 2967
SPS: 2967
SPS: 2967
SPS: 2967
global_step=32585216, episodic_return=240.0 (n=128), curiosity_reward=0.0000
SPS: 2967
SPS: 2967
SPS: 2967
SPS: 2968
SPS: 2968
global_step=32654208, episodic_return=140.0 (n=128), curiosity_reward=0.0000
SPS: 2968
SPS: 2968
SPS: 2968
SPS: 2968
global_step=32729600, episodic_return=100.0 (n=128), curiosity_reward=0.0000
SPS: 2968
SPS: 2968
SPS: 2968
SPS: 2968
global_step=32797056, episodic_return=160.0 (n=128), curiosity_reward=0.0000
SPS: 2968
SPS: 2968
SPS: 2969
SPS: 2969
SPS: 2969
SPS: 2969
SPS: 2969
SPS: 2969
SPS: 2969
global_step=32935552, episodic_return=390.0 (n=128), curiosity_reward=0.0000
SPS: 2969
SPS: 2969
SPS: 2969
SPS: 2969
SPS: 2970
SPS: 2970
SPS: 2970
global_step=33061248, episodic_return=350.0 (n=128), curiosity_reward=0.0000
SPS: 2970
SPS: 2970
SPS: 2970
SPS: 2970
SPS: 2970
global_step=33139968, episodic_return=190.0 (n=128), curiosity_reward=0.0000
SPS: 2970
SPS: 2970
SPS: 2970
SPS: 2970
SPS: 2971
global_step=33214080, episodic_return=220.0 (n=128), curiosity_reward=0.0000
SPS: 2971
SPS: 2971
SPS: 2971
SPS: 2971
SPS: 2971
global_step=33306752, episodic_return=210.0 (n=128), curiosity_reward=0.0000
SPS: 2971
SPS: 2971
SPS: 2971
SPS: 2972
SPS: 2972
SPS: 2972
global_step=33403136, episodic_return=190.0 (n=128), curiosity_reward=0.0000
SPS: 2972
SPS: 2972
SPS: 2972
SPS: 2972
SPS: 2972
global_step=33486592, episodic_return=100.0 (n=128), curiosity_reward=0.0000
SPS: 2972
SPS: 2972
SPS: 2972
SPS: 2973
SPS: 2973
SPS: 2973
global_step=33585024, episodic_return=220.0 (n=128), curiosity_reward=0.0000
SPS: 2973
SPS: 2973
SPS: 2973
SPS: 2973
SPS: 2973
SPS: 2973
global_step=33675392, episodic_return=180.0 (n=128), curiosity_reward=0.0000
SPS: 2973
SPS: 2974
SPS: 2974
SPS: 2974
SPS: 2974
SPS: 2974
global_step=33769856, episodic_return=330.0 (n=128), curiosity_reward=0.0000
SPS: 2974
SPS: 2974
SPS: 2974
SPS: 2974
global_step=33847168, episodic_return=100.0 (n=128), curiosity_reward=0.0000
SPS: 2974
SPS: 2974
SPS: 2974
SPS: 2974
SPS: 2974
global_step=33921280, episodic_return=220.0 (n=128), curiosity_reward=0.0000
SPS: 2975
SPS: 2975
SPS: 2975
SPS: 2975
global_step=33989120, episodic_return=130.0 (n=128), curiosity_reward=0.0000
SPS: 2975
SPS: 2975
SPS: 2975
SPS: 2975
SPS: 2975
SPS: 2975
global_step=34089728, episodic_return=130.0 (n=128), curiosity_reward=0.0000
SPS: 2975
SPS: 2975
SPS: 2975
SPS: 2975
SPS: 2976
global_step=34170112, episodic_return=210.0 (n=128), curiosity_reward=0.0000
SPS: 2976
SPS: 2976
SPS: 2976
SPS: 2976
SPS: 2976
SPS: 2976
global_step=34264064, episodic_return=200.0 (n=128), curiosity_reward=0.0000
SPS: 2976
SPS: 2976
SPS: 2976
SPS: 2976
global_step=34339584, episodic_return=160.0 (n=128), curiosity_reward=0.0000
SPS: 2976
SPS: 2977
SPS: 2977
SPS: 2977
SPS: 2977
SPS: 2977
SPS: 2977
global_step=34447104, episodic_return=200.0 (n=128), curiosity_reward=0.0000
SPS: 2977
SPS: 2977
SPS: 2977
SPS: 2977
SPS: 2977
global_step=34529664, episodic_return=160.0 (n=128), curiosity_reward=0.0000
SPS: 2977
SPS: 2977
SPS: 2978
SPS: 2978
SPS: 2978
SPS: 2978
SPS: 2978
global_step=34641536, episodic_return=160.0 (n=128), curiosity_reward=0.0000
SPS: 2978
SPS: 2978
SPS: 2978
SPS: 2978
SPS: 2978
global_step=34730368, episodic_return=200.0 (n=128), curiosity_reward=0.0000
SPS: 2978
SPS: 2978
SPS: 2979
SPS: 2979
SPS: 2979
global_step=34815104, episodic_return=180.0 (n=128), curiosity_reward=0.0000
SPS: 2979
SPS: 2979
SPS: 2979
SPS: 2979
SPS: 2979
global_step=34892160, episodic_return=190.0 (n=128), curiosity_reward=0.0000
SPS: 2979
SPS: 2979
SPS: 2979
SPS: 2979
SPS: 2979
global_step=34963840, episodic_return=210.0 (n=128), curiosity_reward=0.0000
SPS: 2980
SPS: 2980
SPS: 2980
SPS: 2980
global_step=35035136, episodic_return=140.0 (n=128), curiosity_reward=0.0000
SPS: 2980
SPS: 2980
SPS: 2980
SPS: 2980
SPS: 2980
global_step=35111168, episodic_return=230.0 (n=128), curiosity_reward=0.0000
SPS: 2980
SPS: 2980
SPS: 2980
SPS: 2980
SPS: 2980
global_step=35196544, episodic_return=240.0 (n=128), curiosity_reward=0.0000
SPS: 2980
SPS: 2981
SPS: 2981
SPS: 2981
SPS: 2981
global_step=35277056, episodic_return=240.0 (n=128), curiosity_reward=0.0000
SPS: 2981
SPS: 2981
SPS: 2981
SPS: 2981
SPS: 2981
SPS: 2981
global_step=35388544, episodic_return=270.0 (n=128), curiosity_reward=0.0000
SPS: 2982
SPS: 2982
SPS: 2982
SPS: 2982
SPS: 2982
global_step=35467904, episodic_return=130.0 (n=128), curiosity_reward=0.0000
SPS: 2982
SPS: 2982
SPS: 2982
SPS: 2982
global_step=35535360, episodic_return=190.0 (n=128), curiosity_reward=0.0000
SPS: 2982
SPS: 2982
SPS: 2982
SPS: 2982
SPS: 2983
global_step=35612160, episodic_return=160.0 (n=128), curiosity_reward=0.0000
SPS: 2983
SPS: 2983
SPS: 2983
SPS: 2983
SPS: 2983
SPS: 2983
global_step=35714560, episodic_return=150.0 (n=128), curiosity_reward=0.0000
SPS: 2983
SPS: 2983
SPS: 2983
SPS: 2983
SPS: 2983
global_step=35784192, episodic_return=130.0 (n=128), curiosity_reward=0.0000
SPS: 2984
SPS: 2984
SPS: 2984
SPS: 2984
global_step=35853696, episodic_return=180.0 (n=128), curiosity_reward=0.0000
SPS: 2984
SPS: 2984
SPS: 2984
SPS: 2984
global_step=35919616, episodic_return=120.0 (n=128), curiosity_reward=0.0000
SPS: 2984
SPS: 2984
SPS: 2984
SPS: 2984
SPS: 2984
global_step=36002816, episodic_return=200.0 (n=128), curiosity_reward=0.0000
SPS: 2985
SPS: 2985
SPS: 2985
SPS: 2985
global_step=36074240, episodic_return=150.0 (n=128), curiosity_reward=0.0000
SPS: 2985
SPS: 2985
SPS: 2985
SPS: 2985
SPS: 2985
SPS: 2985
SPS: 2985
global_step=36177920, episodic_return=230.0 (n=128), curiosity_reward=0.0000
SPS: 2985
SPS: 2985
SPS: 2985
SPS: 2985
SPS: 2986
global_step=36259840, episodic_return=130.0 (n=128), curiosity_reward=0.0000
SPS: 2986
SPS: 2986
SPS: 2986
SPS: 2986
global_step=36334848, episodic_return=210.0 (n=128), curiosity_reward=0.0000
SPS: 2986
SPS: 2986
SPS: 2986
SPS: 2986
SPS: 2986
global_step=36406144, episodic_return=200.0 (n=128), curiosity_reward=0.0000
SPS: 2986
SPS: 2986
SPS: 2986
SPS: 2986
global_step=36483968, episodic_return=170.0 (n=128), curiosity_reward=0.0000
SPS: 2986
SPS: 2987
SPS: 2987
SPS: 2987
SPS: 2987
global_step=36563584, episodic_return=140.0 (n=128), curiosity_reward=0.0000
SPS: 2987
SPS: 2987
SPS: 2987
SPS: 2987
SPS: 2987
global_step=36641408, episodic_return=150.0 (n=128), curiosity_reward=0.0000
SPS: 2987
SPS: 2987
SPS: 2987
SPS: 2987
SPS: 2987
global_step=36727168, episodic_return=250.0 (n=128), curiosity_reward=0.0000
SPS: 2988
SPS: 2988
SPS: 2988
SPS: 2988
SPS: 2988
global_step=36807552, episodic_return=170.0 (n=128), curiosity_reward=0.0000
SPS: 2988
SPS: 2988
SPS: 2988
SPS: 2988
global_step=36878592, episodic_return=110.0 (n=128), curiosity_reward=0.0000
SPS: 2988
SPS: 2988
SPS: 2988
SPS: 2988
SPS: 2988
global_step=36956288, episodic_return=130.0 (n=128), curiosity_reward=0.0000
SPS: 2988
SPS: 2988
SPS: 2989
SPS: 2989
SPS: 2989
SPS: 2989
global_step=37050240, episodic_return=230.0 (n=128), curiosity_reward=0.0000
SPS: 2989
SPS: 2989
SPS: 2989
SPS: 2989
global_step=37122432, episodic_return=210.0 (n=128), curiosity_reward=0.0000
SPS: 2989
SPS: 2989
SPS: 2989
SPS: 2989
SPS: 2989
SPS: 2989
SPS: 2989
global_step=37233792, episodic_return=270.0 (n=128), curiosity_reward=0.0000
SPS: 2989
SPS: 2990
SPS: 2990
SPS: 2990
SPS: 2990
SPS: 2990
SPS: 2990
global_step=37340544, episodic_return=270.0 (n=128), curiosity_reward=0.0000
SPS: 2990
SPS: 2990
SPS: 2990
SPS: 2990
SPS: 2990
global_step=37430784, episodic_return=220.0 (n=128), curiosity_reward=0.0000
SPS: 2990
SPS: 2990
SPS: 2990
SPS: 2991
SPS: 2990
SPS: 2991
global_step=37521536, episodic_return=200.0 (n=128), curiosity_reward=0.0000
SPS: 2991
SPS: 2991
SPS: 2991
SPS: 2991
global_step=37601152, episodic_return=270.0 (n=128), curiosity_reward=0.0000
SPS: 2991
SPS: 2991
SPS: 2991
SPS: 2991
SPS: 2991
global_step=37676928, episodic_return=120.0 (n=128), curiosity_reward=0.0000
SPS: 2991
SPS: 2991
SPS: 2991
SPS: 2991
SPS: 2991
global_step=37755008, episodic_return=240.0 (n=128), curiosity_reward=0.0000
SPS: 2991
SPS: 2992
SPS: 2992
SPS: 2992
global_step=37824384, episodic_return=150.0 (n=128), curiosity_reward=0.0000
SPS: 2992
SPS: 2992
SPS: 2992
SPS: 2992
global_step=37895168, episodic_return=110.0 (n=128), curiosity_reward=0.0000
SPS: 2992
SPS: 2992
SPS: 2992
SPS: 2993
SPS: 2993
SPS: 2993
global_step=37985792, episodic_return=210.0 (n=128), curiosity_reward=0.0000
SPS: 2993
SPS: 2993
SPS: 2993
SPS: 2993
SPS: 2993
SPS: 2993
SPS: 2993
global_step=38108416, episodic_return=270.0 (n=128), curiosity_reward=0.0000
SPS: 2993
SPS: 2993
SPS: 2993
SPS: 2994
SPS: 2994
global_step=38176640, episodic_return=140.0 (n=128), curiosity_reward=0.0000
SPS: 2994
SPS: 2994
SPS: 2994
SPS: 2994
SPS: 2994
global_step=38261248, episodic_return=130.0 (n=128), curiosity_reward=0.0000
SPS: 2994
SPS: 2994
SPS: 2994
SPS: 2994
global_step=38329344, episodic_return=110.0 (n=128), curiosity_reward=0.0000
SPS: 2994
SPS: 2994
SPS: 2995
SPS: 2995
SPS: 2995
global_step=38417920, episodic_return=220.0 (n=128), curiosity_reward=0.0000
SPS: 2995
SPS: 2995
SPS: 2995
SPS: 2995
SPS: 2995
SPS: 2995
global_step=38503808, episodic_return=210.0 (n=128), curiosity_reward=0.0000
SPS: 2995
SPS: 2995
SPS: 2995
global_step=38561536, episodic_return=150.0 (n=128), curiosity_reward=0.0000
SPS: 2995
SPS: 2995
SPS: 2995
SPS: 2995
SPS: 2995
global_step=38642816, episodic_return=260.0 (n=128), curiosity_reward=0.0000
SPS: 2995
SPS: 2995
SPS: 2996
SPS: 2996
SPS: 2996
global_step=38721920, episodic_return=110.0 (n=128), curiosity_reward=0.0000
SPS: 2996
SPS: 2996
SPS: 2996
SPS: 2996
SPS: 2996
global_step=38805760, episodic_return=150.0 (n=128), curiosity_reward=0.0000
SPS: 2996
SPS: 2996
SPS: 2996
SPS: 2996
SPS: 2996
SPS: 2996
global_step=38905984, episodic_return=190.0 (n=128), curiosity_reward=0.0000
SPS: 2996
SPS: 2997
SPS: 2997
SPS: 2997
SPS: 2997
global_step=38978688, episodic_return=190.0 (n=128), curiosity_reward=0.0000
SPS: 2997
SPS: 2997
SPS: 2997
SPS: 2997
SPS: 2997
SPS: 2997
global_step=39076224, episodic_return=240.0 (n=128), curiosity_reward=0.0000
SPS: 2997
SPS: 2998
SPS: 2998
SPS: 2998
global_step=39146752, episodic_return=80.0 (n=128), curiosity_reward=0.0000
SPS: 2998
SPS: 2998
SPS: 2998
SPS: 2998
SPS: 2998
SPS: 2998
global_step=39255424, episodic_return=320.0 (n=128), curiosity_reward=0.0000
SPS: 2998
SPS: 2998
SPS: 2998
SPS: 2998
SPS: 2998
global_step=39329920, episodic_return=160.0 (n=128), curiosity_reward=0.0000
SPS: 2998
SPS: 2998
SPS: 2998
SPS: 2999
SPS: 2999
global_step=39406720, episodic_return=130.0 (n=128), curiosity_reward=0.0000
SPS: 2999
SPS: 2999
SPS: 2999
SPS: 2999
SPS: 2999
global_step=39489536, episodic_return=180.0 (n=128), curiosity_reward=0.0000
SPS: 2999
SPS: 2999
SPS: 2999
SPS: 2999
SPS: 3000
global_step=39582080, episodic_return=190.0 (n=128), curiosity_reward=0.0000
SPS: 3000
SPS: 3000
SPS: 3000
SPS: 3000
SPS: 3000
SPS: 3000
global_step=39668608, episodic_return=200.0 (n=128), curiosity_reward=0.0000
SPS: 3000
SPS: 3000
SPS: 3000
SPS: 3000
global_step=39741568, episodic_return=140.0 (n=128), curiosity_reward=0.0000
SPS: 3001
SPS: 3001
SPS: 3001
SPS: 3001
SPS: 3001
SPS: 3001
global_step=39841792, episodic_return=170.0 (n=128), curiosity_reward=0.0000
SPS: 3001
SPS: 3001
SPS: 3001
SPS: 3001
SPS: 3001
global_step=39918720, episodic_return=170.0 (n=128), curiosity_reward=0.0000
SPS: 3001
SPS: 3001
SPS: 3001
SPS: 3002
SPS: 3002
Results saved to /runs/h009__h009-alien-s1.csv
slurmstepd: error: run_script_as_user: couldn't change working dir to /home/rogercc/'/scratch/rogercc/cleanrl': No such file or directory
