slurmstepd: error: couldn't chdir to `/home/rogercc/'/scratch/rogercc/cleanrl'': No such file or directory: going to /tmp instead
slurmstepd: error: couldn't chdir to `/home/rogercc/'/scratch/rogercc/cleanrl'': No such file or directory: going to /tmp instead
sending incremental file list
auto-cleanrl.sif

sent 4,938,043,507 bytes  received 35 bytes  429,395,090.61 bytes/sec
total size is 4,945,334,272  speedup is 1.00
/usr/local/lib/python3.10/dist-packages/treevalue/tree/integration/torch.py:23: FutureWarning: `torch.utils._pytree._register_pytree_node` is deprecated. Please use `torch.utils._pytree.register_pytree_node` instead.
  register_for_torch(TreeValue)
/usr/local/lib/python3.10/dist-packages/treevalue/tree/integration/torch.py:24: FutureWarning: `torch.utils._pytree._register_pytree_node` is deprecated. Please use `torch.utils._pytree.register_pytree_node` instead.
  register_for_torch(FastTreeValue)
Gym has been unmaintained since 2022 and does not support NumPy 2.0 amongst other critical functionality.
Please upgrade to Gymnasium, the maintained drop-in replacement of Gym, or contact the authors of your software and request that they upgrade.
See the migration guide at https://gymnasium.farama.org/introduction/migration_guide/ for additional information.
/usr/local/lib/python3.10/dist-packages/tyro/_parsers.py:353: UserWarning: The field `wandb-entity` is annotated with type `<class 'str'>`, but the default value `None` has type `<class 'NoneType'>`. We'll try to handle this gracefully, but it may cause unexpected behavior.
  warnings.warn(message)
/usr/local/lib/python3.10/dist-packages/tyro/_parsers.py:353: UserWarning: The field `target-kl` is annotated with type `<class 'float'>`, but the default value `None` has type `<class 'NoneType'>`. We'll try to handle this gracefully, but it may cause unexpected behavior.
  warnings.warn(message)
SPS: 1470
SPS: 287
SPS: 413
SPS: 530
SPS: 638
SPS: 739
SPS: 834
SPS: 922
SPS: 1005
SPS: 1084
SPS: 1157
SPS: 1226
global_step=49408, episodic_return=210.0 (n=128)
SPS: 1289
SPS: 1349
SPS: 1406
SPS: 1459
SPS: 1509
SPS: 1558
SPS: 1607
SPS: 1651
SPS: 1695
SPS: 1737
SPS: 1778
SPS: 1813
SPS: 1848
SPS: 1882
SPS: 1914
SPS: 1944
global_step=117376, episodic_return=190.0 (n=128)
SPS: 1973
SPS: 2001
SPS: 2028
SPS: 2052
SPS: 2076
SPS: 2102
SPS: 2125
SPS: 2148
SPS: 2170
SPS: 2190
SPS: 2211
SPS: 2230
SPS: 2249
global_step=171648, episodic_return=270.0 (n=128)
SPS: 2266
SPS: 2284
SPS: 2301
SPS: 2318
SPS: 2336
SPS: 2350
SPS: 2365
SPS: 2378
SPS: 2391
SPS: 2405
SPS: 2418
SPS: 2431
SPS: 2444
SPS: 2456
SPS: 2468
SPS: 2480
SPS: 2490
SPS: 2501
SPS: 2512
SPS: 2522
SPS: 2530
SPS: 2540
SPS: 2549
SPS: 2559
SPS: 2570
SPS: 2581
SPS: 2591
global_step=281472, episodic_return=500.0 (n=128)
SPS: 2600
SPS: 2609
SPS: 2617
SPS: 2626
SPS: 2634
SPS: 2643
SPS: 2651
SPS: 2659
SPS: 2667
SPS: 2675
SPS: 2683
SPS: 2690
SPS: 2698
SPS: 2705
SPS: 2713
SPS: 2720
SPS: 2726
global_step=351872, episodic_return=270.0 (n=128)
SPS: 2734
SPS: 2741
SPS: 2747
SPS: 2753
SPS: 2758
SPS: 2764
SPS: 2769
SPS: 2775
SPS: 2779
SPS: 2785
SPS: 2792
SPS: 2797
SPS: 2801
SPS: 2806
SPS: 2813
SPS: 2818
SPS: 2823
SPS: 2827
global_step=425344, episodic_return=500.0 (n=128)
SPS: 2833
SPS: 2837
SPS: 2841
SPS: 2845
SPS: 2849
SPS: 2853
SPS: 2857
SPS: 2862
SPS: 2865
SPS: 2870
SPS: 2874
SPS: 2878
SPS: 2882
SPS: 2885
SPS: 2889
global_step=483456, episodic_return=260.0 (n=128)
SPS: 2893
SPS: 2896
SPS: 2900
SPS: 2903
SPS: 2907
SPS: 2911
SPS: 2915
SPS: 2918
SPS: 2922
SPS: 2926
SPS: 2929
SPS: 2932
SPS: 2935
global_step=538240, episodic_return=220.0 (n=128)
SPS: 2939
SPS: 2942
SPS: 2944
SPS: 2947
SPS: 2950
SPS: 2952
SPS: 2956
SPS: 2958
SPS: 2961
SPS: 2965
SPS: 2968
SPS: 2971
SPS: 2974
SPS: 2978
SPS: 2981
global_step=598912, episodic_return=290.0 (n=128)
SPS: 2983
SPS: 2985
SPS: 2988
SPS: 2991
SPS: 2993
SPS: 2995
SPS: 2998
SPS: 3001
SPS: 3003
SPS: 3005
SPS: 3007
SPS: 3010
SPS: 3013
SPS: 3015
global_step=655616, episodic_return=210.0 (n=128)
SPS: 3017
SPS: 3019
SPS: 3022
SPS: 3023
SPS: 3025
SPS: 3027
SPS: 3029
SPS: 3030
SPS: 3033
SPS: 3035
SPS: 3037
SPS: 3039
global_step=706816, episodic_return=150.0 (n=128)
SPS: 3041
SPS: 3043
SPS: 3044
SPS: 3046
SPS: 3048
SPS: 3050
SPS: 3052
SPS: 3055
SPS: 3057
SPS: 3059
SPS: 3061
SPS: 3063
SPS: 3065
global_step=758400, episodic_return=150.0 (n=128)
SPS: 3067
SPS: 3069
SPS: 3070
SPS: 3072
SPS: 3074
SPS: 3076
SPS: 3078
SPS: 3079
SPS: 3080
SPS: 3082
SPS: 3083
SPS: 3084
global_step=809088, episodic_return=190.0 (n=128)
SPS: 3086
SPS: 3088
SPS: 3090
SPS: 3092
SPS: 3094
SPS: 3095
SPS: 3096
SPS: 3098
SPS: 3099
SPS: 3101
SPS: 3102
SPS: 3103
SPS: 3104
SPS: 3106
SPS: 3107
global_step=868992, episodic_return=260.0 (n=128)
SPS: 3109
SPS: 3110
SPS: 3112
SPS: 3114
SPS: 3116
SPS: 3116
SPS: 3117
SPS: 3118
SPS: 3119
SPS: 3121
SPS: 3122
SPS: 3123
SPS: 3123
SPS: 3124
SPS: 3125
global_step=932352, episodic_return=170.0 (n=128)
SPS: 3127
SPS: 3129
SPS: 3129
SPS: 3131
SPS: 3132
SPS: 3132
SPS: 3134
SPS: 3134
SPS: 3136
SPS: 3137
SPS: 3138
SPS: 3140
SPS: 3141
global_step=984064, episodic_return=170.0 (n=128)
SPS: 3142
SPS: 3143
SPS: 3144
SPS: 3145
SPS: 3146
SPS: 3147
SPS: 3148
SPS: 3150
SPS: 3151
SPS: 3152
SPS: 3153
SPS: 3154
SPS: 3155
SPS: 3156
SPS: 3157
SPS: 3158
SPS: 3159
global_step=1055744, episodic_return=240.0 (n=128)
SPS: 3160
SPS: 3162
SPS: 3163
SPS: 3164
SPS: 3165
SPS: 3167
SPS: 3168
SPS: 3169
SPS: 3170
SPS: 3171
SPS: 3171
SPS: 3172
SPS: 3173
SPS: 3174
SPS: 3176
global_step=1117696, episodic_return=280.0 (n=128)
SPS: 3177
SPS: 3178
SPS: 3178
SPS: 3179
SPS: 3180
SPS: 3181
SPS: 3182
SPS: 3183
SPS: 3184
SPS: 3185
SPS: 3186
SPS: 3187
SPS: 3188
SPS: 3189
SPS: 3190
SPS: 3191
SPS: 3192
SPS: 3193
global_step=1190016, episodic_return=370.0 (n=128)
SPS: 3193
SPS: 3195
SPS: 3195
SPS: 3196
SPS: 3197
SPS: 3198
SPS: 3199
SPS: 3200
SPS: 3200
SPS: 3202
SPS: 3203
SPS: 3204
global_step=1240832, episodic_return=160.0 (n=128)
SPS: 3204
SPS: 3205
SPS: 3206
SPS: 3207
SPS: 3208
SPS: 3208
SPS: 3209
SPS: 3210
SPS: 3210
SPS: 3211
SPS: 3212
SPS: 3213
SPS: 3214
SPS: 3215
SPS: 3215
global_step=1301632, episodic_return=300.0 (n=128)
SPS: 3217
SPS: 3218
SPS: 3218
SPS: 3219
SPS: 3220
SPS: 3221
SPS: 3221
SPS: 3222
SPS: 3223
SPS: 3223
SPS: 3224
SPS: 3224
SPS: 3225
SPS: 3225
SPS: 3226
SPS: 3226
SPS: 3227
SPS: 3228
SPS: 3228
SPS: 3229
global_step=1381504, episodic_return=550.0 (n=128)
SPS: 3230
SPS: 3230
SPS: 3231
SPS: 3232
SPS: 3233
SPS: 3233
SPS: 3233
SPS: 3234
SPS: 3235
SPS: 3235
SPS: 3236
global_step=1426944, episodic_return=130.0 (n=128)
SPS: 3237
SPS: 3238
SPS: 3238
SPS: 3239
SPS: 3239
SPS: 3239
SPS: 3240
SPS: 3240
SPS: 3240
SPS: 3241
SPS: 3242
SPS: 3243
global_step=1478400, episodic_return=190.0 (n=128)
SPS: 3244
SPS: 3244
SPS: 3245
SPS: 3246
SPS: 3246
SPS: 3247
SPS: 3247
SPS: 3248
SPS: 3248
SPS: 3249
SPS: 3250
SPS: 3250
SPS: 3251
SPS: 3251
global_step=1534976, episodic_return=240.0 (n=128)
SPS: 3252
SPS: 3252
SPS: 3252
SPS: 3253
SPS: 3253
SPS: 3254
SPS: 3254
SPS: 3254
SPS: 3255
SPS: 3256
SPS: 3256
SPS: 3257
SPS: 3257
SPS: 3258
SPS: 3258
SPS: 3259
SPS: 3259
global_step=1605120, episodic_return=310.0 (n=128)
SPS: 3260
SPS: 3260
SPS: 3260
SPS: 3261
SPS: 3262
SPS: 3262
SPS: 3263
SPS: 3263
SPS: 3264
SPS: 3264
SPS: 3265
SPS: 3265
SPS: 3265
SPS: 3266
SPS: 3266
SPS: 3266
SPS: 3266
SPS: 3266
global_step=1676800, episodic_return=300.0 (n=128)
SPS: 3266
SPS: 3267
SPS: 3267
SPS: 3267
SPS: 3268
SPS: 3268
SPS: 3268
SPS: 3269
SPS: 3269
SPS: 3269
SPS: 3269
SPS: 3270
SPS: 3270
SPS: 3271
SPS: 3271
SPS: 3272
SPS: 3272
SPS: 3273
SPS: 3273
SPS: 3273
SPS: 3274
SPS: 3275
SPS: 3275
global_step=1770880, episodic_return=330.0 (n=128)
SPS: 3276
SPS: 3276
SPS: 3276
SPS: 3277
SPS: 3278
SPS: 3278
SPS: 3278
SPS: 3279
SPS: 3279
SPS: 3280
SPS: 3280
SPS: 3280
SPS: 3281
SPS: 3281
SPS: 3282
SPS: 3282
SPS: 3282
SPS: 3282
SPS: 3282
SPS: 3283
SPS: 3283
SPS: 3283
global_step=1860992, episodic_return=690.0 (n=128)
SPS: 3284
SPS: 3284
SPS: 3284
SPS: 3284
SPS: 3285
SPS: 3285
SPS: 3285
SPS: 3286
SPS: 3286
SPS: 3286
SPS: 3287
SPS: 3287
SPS: 3288
SPS: 3288
SPS: 3289
SPS: 3289
global_step=1927552, episodic_return=230.0 (n=128)
SPS: 3289
SPS: 3289
SPS: 3290
SPS: 3290
SPS: 3291
SPS: 3291
SPS: 3291
SPS: 3291
SPS: 3291
SPS: 3291
SPS: 3291
SPS: 3291
SPS: 3292
SPS: 3292
SPS: 3292
global_step=1987328, episodic_return=230.0 (n=128)
SPS: 3293
SPS: 3293
SPS: 3293
SPS: 3293
SPS: 3293
SPS: 3293
SPS: 3293
SPS: 3293
SPS: 3293
SPS: 3294
SPS: 3294
SPS: 3294
SPS: 3294
SPS: 3294
SPS: 3294
SPS: 3295
SPS: 3295
SPS: 3296
global_step=2062848, episodic_return=270.0 (n=128)
SPS: 3296
SPS: 3296
SPS: 3296
SPS: 3296
SPS: 3297
SPS: 3297
SPS: 3297
SPS: 3297
SPS: 3297
SPS: 3298
SPS: 3298
SPS: 3298
SPS: 3298
SPS: 3298
SPS: 3298
SPS: 3298
SPS: 3299
SPS: 3299
SPS: 3299
SPS: 3299
SPS: 3299
SPS: 3299
global_step=2151296, episodic_return=240.0 (n=128)
SPS: 3299
SPS: 3299
SPS: 3299
SPS: 3299
SPS: 3300
SPS: 3300
SPS: 3300
SPS: 3300
SPS: 3300
SPS: 3301
SPS: 3301
SPS: 3301
SPS: 3301
SPS: 3302
SPS: 3302
SPS: 3302
SPS: 3302
SPS: 3303
SPS: 3303
SPS: 3303
SPS: 3303
SPS: 3303
global_step=2244096, episodic_return=400.0 (n=128)
SPS: 3304
SPS: 3304
SPS: 3304
SPS: 3304
SPS: 3305
SPS: 3305
SPS: 3305
SPS: 3305
SPS: 3305
SPS: 3306
SPS: 3306
SPS: 3306
SPS: 3306
SPS: 3306
SPS: 3306
SPS: 3306
global_step=2307072, episodic_return=320.0 (n=128)
SPS: 3306
SPS: 3307
SPS: 3307
SPS: 3307
SPS: 3307
SPS: 3308
SPS: 3307
SPS: 3307
SPS: 3308
SPS: 3308
SPS: 3308
SPS: 3308
SPS: 3308
SPS: 3309
SPS: 3309
SPS: 3309
SPS: 3309
global_step=2377984, episodic_return=280.0 (n=128)
SPS: 3309
SPS: 3310
SPS: 3310
SPS: 3310
SPS: 3310
SPS: 3310
SPS: 3311
SPS: 3311
SPS: 3311
SPS: 3312
SPS: 3312
SPS: 3313
SPS: 3313
SPS: 3313
SPS: 3313
SPS: 3313
global_step=2444416, episodic_return=270.0 (n=128)
SPS: 3314
SPS: 3314
SPS: 3314
SPS: 3314
SPS: 3314
SPS: 3315
SPS: 3315
SPS: 3315
SPS: 3315
SPS: 3316
SPS: 3316
SPS: 3316
SPS: 3317
SPS: 3317
SPS: 3317
SPS: 3318
SPS: 3318
SPS: 3318
SPS: 3319
global_step=2519936, episodic_return=280.0 (n=128)
SPS: 3319
SPS: 3319
SPS: 3319
SPS: 3320
SPS: 3320
SPS: 3320
SPS: 3320
SPS: 3320
SPS: 3320
SPS: 3321
SPS: 3321
SPS: 3321
SPS: 3322
SPS: 3322
SPS: 3322
global_step=2583552, episodic_return=300.0 (n=128)
SPS: 3322
SPS: 3323
SPS: 3323
SPS: 3323
SPS: 3324
SPS: 3324
SPS: 3324
SPS: 3325
SPS: 3325
SPS: 3325
SPS: 3325
SPS: 3325
SPS: 3326
SPS: 3326
global_step=2641024, episodic_return=310.0 (n=128)
SPS: 3326
SPS: 3326
SPS: 3327
SPS: 3327
SPS: 3327
SPS: 3328
SPS: 3328
SPS: 3328
SPS: 3328
SPS: 3328
SPS: 3329
SPS: 3329
SPS: 3329
SPS: 3329
SPS: 3329
SPS: 3329
SPS: 3329
SPS: 3329
SPS: 3329
SPS: 3329
global_step=2721536, episodic_return=560.0 (n=128)
SPS: 3329
SPS: 3329
SPS: 3330
SPS: 3330
SPS: 3330
SPS: 3330
SPS: 3330
SPS: 3331
SPS: 3330
SPS: 3331
SPS: 3330
SPS: 3330
SPS: 3330
global_step=2773632, episodic_return=160.0 (n=128)
SPS: 3331
SPS: 3331
SPS: 3331
SPS: 3331
SPS: 3332
SPS: 3332
SPS: 3332
SPS: 3332
SPS: 3332
SPS: 3332
SPS: 3332
SPS: 3332
SPS: 3332
SPS: 3333
SPS: 3333
SPS: 3333
SPS: 3333
SPS: 3333
SPS: 3333
global_step=2852736, episodic_return=180.0 (n=128)
SPS: 3334
SPS: 3334
SPS: 3334
SPS: 3333
SPS: 3333
SPS: 3333
SPS: 3333
SPS: 3333
SPS: 3333
SPS: 3333
SPS: 3334
SPS: 3334
SPS: 3334
SPS: 3334
SPS: 3334
global_step=2915840, episodic_return=220.0 (n=128)
SPS: 3335
SPS: 3335
SPS: 3335
SPS: 3335
SPS: 3335
SPS: 3336
SPS: 3336
SPS: 3336
SPS: 3336
SPS: 3336
SPS: 3336
SPS: 3336
SPS: 3336
SPS: 3336
SPS: 3336
global_step=2976128, episodic_return=280.0 (n=128)
SPS: 3337
SPS: 3337
SPS: 3337
SPS: 3337
SPS: 3338
SPS: 3338
SPS: 3338
SPS: 3337
SPS: 3338
SPS: 3338
SPS: 3338
SPS: 3338
SPS: 3338
SPS: 3338
SPS: 3338
SPS: 3338
SPS: 3338
SPS: 3338
SPS: 3338
SPS: 3338
SPS: 3339
SPS: 3339
SPS: 3339
SPS: 3339
SPS: 3339
SPS: 3339
global_step=3080320, episodic_return=520.0 (n=128)
SPS: 3339
SPS: 3339
SPS: 3339
SPS: 3339
SPS: 3339
SPS: 3339
SPS: 3339
SPS: 3339
SPS: 3339
SPS: 3340
SPS: 3340
SPS: 3340
SPS: 3340
SPS: 3340
SPS: 3340
SPS: 3340
global_step=3147264, episodic_return=190.0 (n=128)
SPS: 3341
SPS: 3341
SPS: 3341
SPS: 3341
SPS: 3341
SPS: 3342
SPS: 3341
SPS: 3342
SPS: 3342
SPS: 3342
SPS: 3342
SPS: 3341
SPS: 3342
SPS: 3342
SPS: 3342
global_step=3208320, episodic_return=290.0 (n=128)
SPS: 3342
SPS: 3342
SPS: 3343
SPS: 3343
SPS: 3343
SPS: 3343
SPS: 3343
SPS: 3343
SPS: 3343
SPS: 3343
SPS: 3343
SPS: 3343
global_step=3257856, episodic_return=140.0 (n=128)
SPS: 3343
SPS: 3344
SPS: 3344
SPS: 3344
SPS: 3344
SPS: 3344
SPS: 3345
SPS: 3345
SPS: 3345
SPS: 3345
SPS: 3345
SPS: 3346
global_step=3307904, episodic_return=280.0 (n=128)
SPS: 3346
SPS: 3346
SPS: 3346
SPS: 3346
SPS: 3346
SPS: 3346
SPS: 3346
SPS: 3346
SPS: 3346
SPS: 3346
SPS: 3346
SPS: 3346
SPS: 3346
SPS: 3346
SPS: 3346
global_step=3370368, episodic_return=270.0 (n=128)
SPS: 3346
SPS: 3346
SPS: 3346
SPS: 3347
SPS: 3347
SPS: 3347
SPS: 3347
SPS: 3347
SPS: 3347
SPS: 3348
SPS: 3348
SPS: 3348
SPS: 3348
SPS: 3348
SPS: 3348
SPS: 3348
global_step=3432832, episodic_return=270.0 (n=128)
SPS: 3348
SPS: 3348
SPS: 3348
SPS: 3348
SPS: 3349
SPS: 3349
SPS: 3349
SPS: 3349
SPS: 3349
SPS: 3349
SPS: 3349
SPS: 3349
SPS: 3349
global_step=3487488, episodic_return=200.0 (n=128)
SPS: 3349
SPS: 3349
SPS: 3349
SPS: 3349
SPS: 3349
SPS: 3349
SPS: 3349
SPS: 3349
SPS: 3350
SPS: 3350
SPS: 3349
global_step=3533696, episodic_return=210.0 (n=128)
SPS: 3349
SPS: 3350
SPS: 3350
SPS: 3350
SPS: 3350
SPS: 3350
SPS: 3350
SPS: 3350
SPS: 3350
SPS: 3350
SPS: 3350
SPS: 3350
SPS: 3350
SPS: 3350
SPS: 3350
SPS: 3350
SPS: 3350
SPS: 3350
global_step=3606400, episodic_return=960.0 (n=128)
SPS: 3350
SPS: 3350
SPS: 3350
SPS: 3350
SPS: 3350
SPS: 3350
SPS: 3350
SPS: 3350
SPS: 3350
SPS: 3350
SPS: 3351
SPS: 3351
SPS: 3351
SPS: 3351
SPS: 3351
SPS: 3351
SPS: 3351
SPS: 3351
SPS: 3351
global_step=3686272, episodic_return=200.0 (n=128)
SPS: 3351
SPS: 3351
SPS: 3351
SPS: 3351
SPS: 3351
SPS: 3351
SPS: 3351
SPS: 3351
SPS: 3351
SPS: 3351
SPS: 3351
SPS: 3351
SPS: 3351
SPS: 3352
SPS: 3352
SPS: 3352
SPS: 3352
SPS: 3352
SPS: 3352
SPS: 3352
global_step=3767168, episodic_return=350.0 (n=128)
SPS: 3352
SPS: 3353
SPS: 3353
SPS: 3353
SPS: 3353
SPS: 3353
SPS: 3353
SPS: 3353
SPS: 3353
SPS: 3353
SPS: 3353
SPS: 3353
SPS: 3353
SPS: 3353
SPS: 3353
global_step=3826048, episodic_return=230.0 (n=128)
SPS: 3353
SPS: 3353
SPS: 3354
SPS: 3354
SPS: 3354
SPS: 3354
SPS: 3354
SPS: 3354
SPS: 3354
SPS: 3354
SPS: 3354
SPS: 3354
SPS: 3354
SPS: 3354
SPS: 3354
global_step=3890432, episodic_return=250.0 (n=128)
SPS: 3354
SPS: 3354
SPS: 3354
SPS: 3354
SPS: 3354
SPS: 3354
SPS: 3354
SPS: 3354
SPS: 3354
SPS: 3354
SPS: 3354
SPS: 3354
SPS: 3354
SPS: 3354
global_step=3946240, episodic_return=210.0 (n=128)
SPS: 3354
SPS: 3354
SPS: 3354
SPS: 3354
SPS: 3354
SPS: 3354
SPS: 3354
SPS: 3354
SPS: 3354
SPS: 3354
SPS: 3355
SPS: 3355
SPS: 3355
SPS: 3355
SPS: 3355
SPS: 3355
SPS: 3355
global_step=4015488, episodic_return=220.0 (n=128)
SPS: 3355
SPS: 3356
SPS: 3356
SPS: 3356
SPS: 3356
SPS: 3356
SPS: 3356
SPS: 3356
SPS: 3356
SPS: 3356
SPS: 3356
SPS: 3356
SPS: 3357
SPS: 3357
SPS: 3357
global_step=4076288, episodic_return=230.0 (n=128)
SPS: 3357
SPS: 3357
SPS: 3357
SPS: 3357
SPS: 3357
SPS: 3357
SPS: 3358
SPS: 3358
SPS: 3358
SPS: 3358
SPS: 3358
global_step=4124288, episodic_return=150.0 (n=128)
SPS: 3357
SPS: 3357
SPS: 3357
SPS: 3357
SPS: 3358
SPS: 3358
SPS: 3358
SPS: 3358
SPS: 3358
SPS: 3358
SPS: 3358
SPS: 3358
SPS: 3358
SPS: 3358
global_step=4179200, episodic_return=120.0 (n=128)
SPS: 3358
SPS: 3358
SPS: 3358
SPS: 3358
SPS: 3358
SPS: 3358
SPS: 3358
SPS: 3358
SPS: 3358
SPS: 3358
SPS: 3358
SPS: 3358
SPS: 3358
SPS: 3358
SPS: 3358
SPS: 3358
global_step=4246784, episodic_return=270.0 (n=128)
SPS: 3358
SPS: 3358
SPS: 3358
SPS: 3358
SPS: 3358
SPS: 3358
SPS: 3359
SPS: 3359
SPS: 3359
SPS: 3359
SPS: 3359
SPS: 3359
SPS: 3359
SPS: 3359
SPS: 3359
global_step=4308864, episodic_return=270.0 (n=128)
SPS: 3359
SPS: 3359
SPS: 3359
SPS: 3360
SPS: 3360
SPS: 3359
SPS: 3359
SPS: 3359
SPS: 3359
SPS: 3359
SPS: 3359
SPS: 3359
SPS: 3360
SPS: 3359
SPS: 3360
global_step=4368896, episodic_return=270.0 (n=128)
SPS: 3360
SPS: 3360
SPS: 3360
SPS: 3360
SPS: 3360
SPS: 3360
SPS: 3360
SPS: 3360
SPS: 3360
SPS: 3360
SPS: 3360
SPS: 3361
SPS: 3361
SPS: 3361
global_step=4425856, episodic_return=220.0 (n=128)
SPS: 3361
SPS: 3361
SPS: 3360
SPS: 3360
SPS: 3360
SPS: 3361
SPS: 3361
SPS: 3361
SPS: 3361
SPS: 3361
SPS: 3361
SPS: 3361
SPS: 3361
global_step=4480768, episodic_return=160.0 (n=128)
SPS: 3361
SPS: 3361
SPS: 3362
SPS: 3362
SPS: 3362
SPS: 3362
SPS: 3362
SPS: 3362
SPS: 3362
SPS: 3362
SPS: 3362
SPS: 3362
SPS: 3362
SPS: 3362
SPS: 3362
global_step=4542336, episodic_return=160.0 (n=128)
SPS: 3362
SPS: 3362
SPS: 3362
SPS: 3362
SPS: 3362
SPS: 3362
SPS: 3362
SPS: 3362
SPS: 3362
SPS: 3362
SPS: 3362
SPS: 3362
SPS: 3362
global_step=4593664, episodic_return=210.0 (n=128)
SPS: 3361
SPS: 3362
SPS: 3361
SPS: 3361
SPS: 3361
SPS: 3362
SPS: 3362
SPS: 3362
SPS: 3362
SPS: 3362
SPS: 3362
SPS: 3362
SPS: 3362
SPS: 3362
SPS: 3362
global_step=4657152, episodic_return=240.0 (n=128)
SPS: 3362
SPS: 3362
SPS: 3362
SPS: 3362
SPS: 3363
SPS: 3363
SPS: 3363
SPS: 3363
SPS: 3363
SPS: 3363
SPS: 3362
SPS: 3362
SPS: 3362
SPS: 3362
global_step=4711808, episodic_return=210.0 (n=128)
SPS: 3363
SPS: 3363
SPS: 3363
SPS: 3363
SPS: 3363
SPS: 3363
SPS: 3363
SPS: 3363
SPS: 3362
SPS: 3362
SPS: 3362
SPS: 3363
SPS: 3363
SPS: 3363
SPS: 3363
SPS: 3363
global_step=4776064, episodic_return=210.0 (n=128)
SPS: 3363
SPS: 3363
SPS: 3363
SPS: 3363
SPS: 3363
SPS: 3363
SPS: 3364
SPS: 3364
SPS: 3364
SPS: 3364
SPS: 3364
global_step=4823680, episodic_return=180.0 (n=128)
SPS: 3364
SPS: 3364
SPS: 3364
SPS: 3364
SPS: 3364
SPS: 3364
SPS: 3364
SPS: 3364
SPS: 3364
SPS: 3364
SPS: 3364
SPS: 3364
SPS: 3364
SPS: 3364
SPS: 3364
SPS: 3364
global_step=4888320, episodic_return=320.0 (n=128)
SPS: 3364
SPS: 3365
SPS: 3365
SPS: 3365
SPS: 3365
SPS: 3365
SPS: 3365
SPS: 3365
SPS: 3365
SPS: 3365
SPS: 3366
SPS: 3366
SPS: 3366
SPS: 3366
SPS: 3366
SPS: 3366
SPS: 3365
SPS: 3365
SPS: 3366
SPS: 3366
SPS: 3366
global_step=4975616, episodic_return=1070.0 (n=128)
SPS: 3366
SPS: 3366
SPS: 3366
SPS: 3366
SPS: 3366
SPS: 3366
SPS: 3366
SPS: 3366
SPS: 3366
SPS: 3366
SPS: 3366
SPS: 3366
SPS: 3366
global_step=5029120, episodic_return=260.0 (n=128)
SPS: 3366
SPS: 3366
SPS: 3366
SPS: 3367
SPS: 3367
SPS: 3367
SPS: 3367
SPS: 3367
SPS: 3367
SPS: 3367
SPS: 3367
SPS: 3367
SPS: 3367
SPS: 3367
SPS: 3367
global_step=5090176, episodic_return=190.0 (n=128)
SPS: 3367
SPS: 3367
SPS: 3366
SPS: 3366
SPS: 3366
SPS: 3366
SPS: 3366
SPS: 3366
SPS: 3366
SPS: 3366
SPS: 3366
SPS: 3366
SPS: 3366
SPS: 3366
SPS: 3366
SPS: 3366
global_step=5154816, episodic_return=280.0 (n=128)
SPS: 3366
SPS: 3366
SPS: 3366
SPS: 3366
SPS: 3366
SPS: 3366
SPS: 3366
SPS: 3366
SPS: 3366
SPS: 3366
SPS: 3366
SPS: 3366
SPS: 3366
SPS: 3366
SPS: 3366
SPS: 3366
SPS: 3366
global_step=5224960, episodic_return=240.0 (n=128)
SPS: 3366
SPS: 3366
SPS: 3366
SPS: 3366
SPS: 3366
SPS: 3366
SPS: 3366
SPS: 3366
SPS: 3366
SPS: 3366
SPS: 3366
global_step=5271040, episodic_return=90.0 (n=128)
SPS: 3366
SPS: 3366
SPS: 3366
SPS: 3366
SPS: 3366
SPS: 3366
SPS: 3366
SPS: 3366
SPS: 3366
SPS: 3366
SPS: 3366
SPS: 3366
global_step=5320192, episodic_return=180.0 (n=128)
SPS: 3366
SPS: 3366
SPS: 3366
SPS: 3366
SPS: 3366
SPS: 3366
SPS: 3366
SPS: 3366
SPS: 3366
SPS: 3366
SPS: 3366
SPS: 3366
SPS: 3366
SPS: 3366
SPS: 3366
global_step=5382016, episodic_return=260.0 (n=128)
SPS: 3366
SPS: 3366
SPS: 3366
SPS: 3366
SPS: 3366
SPS: 3366
SPS: 3367
SPS: 3367
SPS: 3367
SPS: 3367
SPS: 3367
SPS: 3367
SPS: 3367
SPS: 3367
SPS: 3367
SPS: 3367
global_step=5444096, episodic_return=360.0 (n=128)
SPS: 3367
SPS: 3367
SPS: 3367
SPS: 3368
SPS: 3368
SPS: 3368
SPS: 3368
SPS: 3368
SPS: 3368
SPS: 3368
SPS: 3368
SPS: 3368
SPS: 3368
SPS: 3368
SPS: 3368
SPS: 3368
SPS: 3368
SPS: 3368
SPS: 3368
SPS: 3368
SPS: 3368
SPS: 3368
SPS: 3368
SPS: 3368
SPS: 3369
SPS: 3369
SPS: 3369
global_step=5554688, episodic_return=350.0 (n=128)
SPS: 3369
SPS: 3369
SPS: 3369
SPS: 3369
SPS: 3369
SPS: 3369
SPS: 3369
SPS: 3369
SPS: 3369
SPS: 3369
SPS: 3369
SPS: 3369
global_step=5605632, episodic_return=160.0 (n=128)
SPS: 3369
SPS: 3369
SPS: 3369
SPS: 3369
SPS: 3369
SPS: 3369
SPS: 3369
SPS: 3369
SPS: 3369
SPS: 3369
SPS: 3369
SPS: 3369
SPS: 3370
SPS: 3370
SPS: 3370
SPS: 3370
global_step=5670144, episodic_return=270.0 (n=128)
SPS: 3370
SPS: 3370
SPS: 3370
SPS: 3370
SPS: 3370
SPS: 3370
SPS: 3370
SPS: 3370
SPS: 3370
SPS: 3370
SPS: 3370
SPS: 3370
SPS: 3370
SPS: 3370
SPS: 3370
global_step=5734144, episodic_return=290.0 (n=128)
SPS: 3370
SPS: 3370
SPS: 3370
SPS: 3370
SPS: 3370
SPS: 3370
SPS: 3371
SPS: 3371
SPS: 3371
SPS: 3371
SPS: 3371
SPS: 3371
SPS: 3371
SPS: 3371
SPS: 3371
SPS: 3371
SPS: 3371
SPS: 3371
SPS: 3371
SPS: 3371
global_step=5812352, episodic_return=400.0 (n=128)
SPS: 3371
SPS: 3371
SPS: 3371
SPS: 3371
SPS: 3371
SPS: 3371
SPS: 3371
SPS: 3371
SPS: 3372
SPS: 3372
SPS: 3372
SPS: 3372
SPS: 3372
SPS: 3372
SPS: 3372
global_step=5876096, episodic_return=210.0 (n=128)
SPS: 3359
SPS: 3359
SPS: 3359
SPS: 3359
SPS: 3359
SPS: 3359
SPS: 3359
SPS: 3359
SPS: 3359
SPS: 3359
SPS: 3359
global_step=5919232, episodic_return=160.0 (n=128)
SPS: 3359
SPS: 3359
SPS: 3359
SPS: 3359
SPS: 3356
SPS: 3356
SPS: 3356
SPS: 3356
SPS: 3356
SPS: 3356
SPS: 3356
global_step=5965568, episodic_return=160.0 (n=128)
SPS: 3344
SPS: 3344
SPS: 3344
SPS: 3344
SPS: 3344
SPS: 3344
SPS: 3344
SPS: 3344
SPS: 3344
SPS: 3344
SPS: 3344
SPS: 3345
SPS: 3344
SPS: 3345
SPS: 3344
SPS: 3345
SPS: 3345
SPS: 3345
SPS: 3345
SPS: 3345
SPS: 3345
global_step=6052480, episodic_return=640.0 (n=128)
SPS: 3345
SPS: 3345
SPS: 3345
SPS: 3345
SPS: 3345
SPS: 3345
SPS: 3345
SPS: 3345
SPS: 3345
SPS: 3345
SPS: 3345
SPS: 3345
SPS: 3345
SPS: 3346
SPS: 3346
global_step=6112000, episodic_return=250.0 (n=128)
SPS: 3346
SPS: 3346
SPS: 3346
SPS: 3346
SPS: 3346
SPS: 3346
SPS: 3346
SPS: 3346
SPS: 3347
SPS: 3347
SPS: 3347
SPS: 3347
global_step=6162176, episodic_return=170.0 (n=128)
SPS: 3347
SPS: 3347
SPS: 3347
SPS: 3347
SPS: 3347
SPS: 3347
SPS: 3347
SPS: 3347
SPS: 3347
SPS: 3347
SPS: 3348
SPS: 3348
SPS: 3348
SPS: 3348
SPS: 3348
SPS: 3348
global_step=6228352, episodic_return=300.0 (n=128)
SPS: 3348
SPS: 3348
SPS: 3348
SPS: 3348
SPS: 3348
SPS: 3348
SPS: 3348
SPS: 3348
SPS: 3348
SPS: 3348
SPS: 3348
SPS: 3348
SPS: 3349
SPS: 3349
SPS: 3349
SPS: 3349
global_step=6292736, episodic_return=290.0 (n=128)
SPS: 3349
SPS: 3349
SPS: 3349
SPS: 3349
SPS: 3349
SPS: 3349
SPS: 3349
SPS: 3349
SPS: 3349
SPS: 3349
SPS: 3349
SPS: 3349
global_step=6344320, episodic_return=210.0 (n=128)
SPS: 3349
SPS: 3349
SPS: 3349
SPS: 3349
SPS: 3349
SPS: 3349
SPS: 3350
SPS: 3350
SPS: 3350
SPS: 3350
SPS: 3349
SPS: 3349
SPS: 3350
SPS: 3349
global_step=6401280, episodic_return=170.0 (n=128)
SPS: 3349
SPS: 3349
SPS: 3349
SPS: 3350
SPS: 3350
SPS: 3350
SPS: 3350
SPS: 3350
SPS: 3350
SPS: 3350
global_step=6441344, episodic_return=150.0 (n=128)
SPS: 3350
SPS: 3350
SPS: 3350
SPS: 3350
SPS: 3350
SPS: 3350
SPS: 3350
SPS: 3350
SPS: 3350
SPS: 3350
SPS: 3350
SPS: 3350
SPS: 3350
SPS: 3350
SPS: 3350
SPS: 3350
SPS: 3350
SPS: 3350
SPS: 3350
SPS: 3350
SPS: 3350
global_step=6526592, episodic_return=530.0 (n=128)
SPS: 3350
SPS: 3350
SPS: 3350
SPS: 3350
SPS: 3350
SPS: 3350
SPS: 3350
SPS: 3350
SPS: 3350
SPS: 3350
SPS: 3350
SPS: 3350
SPS: 3350
SPS: 3350
SPS: 3350
global_step=6589440, episodic_return=210.0 (n=128)
SPS: 3350
SPS: 3350
SPS: 3350
SPS: 3350
SPS: 3350
SPS: 3351
SPS: 3351
SPS: 3351
SPS: 3351
SPS: 3351
SPS: 3351
SPS: 3351
SPS: 3351
SPS: 3351
SPS: 3351
global_step=6651776, episodic_return=310.0 (n=128)
SPS: 3351
SPS: 3351
SPS: 3351
SPS: 3351
SPS: 3351
SPS: 3351
SPS: 3351
SPS: 3351
SPS: 3351
SPS: 3351
SPS: 3351
SPS: 3351
SPS: 3351
global_step=6704000, episodic_return=210.0 (n=128)
SPS: 3351
SPS: 3351
SPS: 3351
SPS: 3351
SPS: 3351
SPS: 3351
SPS: 3351
SPS: 3352
SPS: 3352
SPS: 3352
SPS: 3352
SPS: 3352
SPS: 3352
SPS: 3352
global_step=6759168, episodic_return=160.0 (n=128)
SPS: 3352
SPS: 3352
SPS: 3352
SPS: 3352
SPS: 3352
SPS: 3352
SPS: 3353
SPS: 3353
SPS: 3353
SPS: 3353
SPS: 3353
SPS: 3353
SPS: 3353
SPS: 3353
SPS: 3353
SPS: 3353
SPS: 3353
global_step=6829952, episodic_return=390.0 (n=128)
SPS: 3353
SPS: 3353
SPS: 3353
SPS: 3353
SPS: 3353
SPS: 3353
SPS: 3353
SPS: 3353
SPS: 3353
SPS: 3354
SPS: 3354
SPS: 3353
SPS: 3354
SPS: 3354
SPS: 3354
SPS: 3354
global_step=6893696, episodic_return=290.0 (n=128)
SPS: 3354
SPS: 3354
SPS: 3354
SPS: 3354
SPS: 3354
SPS: 3354
SPS: 3354
SPS: 3354
SPS: 3354
SPS: 3354
SPS: 3354
SPS: 3354
SPS: 3354
SPS: 3354
SPS: 3354
global_step=6957312, episodic_return=210.0 (n=128)
SPS: 3354
SPS: 3354
SPS: 3354
SPS: 3354
SPS: 3354
SPS: 3354
SPS: 3354
SPS: 3354
SPS: 3354
SPS: 3355
SPS: 3354
SPS: 3355
SPS: 3355
SPS: 3355
SPS: 3355
SPS: 3355
SPS: 3355
global_step=7028224, episodic_return=420.0 (n=128)
SPS: 3355
SPS: 3355
SPS: 3355
SPS: 3355
SPS: 3355
SPS: 3355
SPS: 3355
SPS: 3355
SPS: 3355
SPS: 3355
SPS: 3355
SPS: 3355
SPS: 3355
global_step=7079168, episodic_return=240.0 (n=128)
SPS: 3355
SPS: 3355
SPS: 3355
SPS: 3355
SPS: 3355
SPS: 3355
SPS: 3355
SPS: 3355
SPS: 3355
SPS: 3355
SPS: 3355
SPS: 3355
global_step=7128448, episodic_return=250.0 (n=128)
SPS: 3355
SPS: 3355
SPS: 3354
SPS: 3354
SPS: 3354
SPS: 3354
SPS: 3354
SPS: 3355
SPS: 3355
SPS: 3354
SPS: 3354
SPS: 3354
SPS: 3354
global_step=7183360, episodic_return=140.0 (n=128)
SPS: 3354
SPS: 3354
SPS: 3354
SPS: 3354
SPS: 3354
SPS: 3354
SPS: 3354
SPS: 3354
SPS: 3354
SPS: 3354
SPS: 3354
SPS: 3354
SPS: 3354
SPS: 3354
SPS: 3355
SPS: 3355
SPS: 3355
SPS: 3355
SPS: 3355
global_step=7260160, episodic_return=660.0 (n=128)
SPS: 3355
SPS: 3355
SPS: 3355
SPS: 3355
SPS: 3355
SPS: 3355
SPS: 3355
SPS: 3355
SPS: 3355
SPS: 3355
SPS: 3355
SPS: 3355
SPS: 3355
global_step=7315328, episodic_return=210.0 (n=128)
SPS: 3355
SPS: 3355
SPS: 3356
SPS: 3356
SPS: 3356
SPS: 3356
SPS: 3356
SPS: 3356
SPS: 3356
SPS: 3356
SPS: 3356
SPS: 3356
SPS: 3356
SPS: 3356
global_step=7369728, episodic_return=260.0 (n=128)
SPS: 3356
SPS: 3356
SPS: 3356
SPS: 3356
SPS: 3356
SPS: 3356
SPS: 3356
SPS: 3356
SPS: 3356
SPS: 3356
SPS: 3356
SPS: 3356
SPS: 3356
SPS: 3356
SPS: 3356
global_step=7433984, episodic_return=280.0 (n=128)
SPS: 3356
SPS: 3356
SPS: 3356
SPS: 3356
SPS: 3356
SPS: 3356
SPS: 3356
SPS: 3357
SPS: 3357
SPS: 3357
SPS: 3357
SPS: 3357
SPS: 3357
global_step=7486976, episodic_return=150.0 (n=128)
SPS: 3357
SPS: 3357
SPS: 3357
SPS: 3357
SPS: 3357
SPS: 3357
SPS: 3357
SPS: 3357
SPS: 3357
SPS: 3356
SPS: 3356
SPS: 3356
SPS: 3356
SPS: 3356
SPS: 3356
SPS: 3356
SPS: 3356
global_step=7556608, episodic_return=280.0 (n=128)
SPS: 3356
SPS: 3356
SPS: 3356
SPS: 3356
SPS: 3356
SPS: 3356
SPS: 3356
SPS: 3356
SPS: 3356
SPS: 3356
SPS: 3356
SPS: 3357
SPS: 3357
SPS: 3357
SPS: 3356
SPS: 3356
SPS: 3356
global_step=7624576, episodic_return=320.0 (n=128)
SPS: 3356
SPS: 3356
SPS: 3356
SPS: 3356
SPS: 3356
SPS: 3356
SPS: 3356
SPS: 3356
SPS: 3356
SPS: 3356
SPS: 3356
SPS: 3356
SPS: 3356
SPS: 3356
SPS: 3356
SPS: 3356
SPS: 3356
SPS: 3356
SPS: 3356
SPS: 3356
SPS: 3356
global_step=7710592, episodic_return=420.0 (n=128)
SPS: 3356
SPS: 3356
SPS: 3356
SPS: 3356
SPS: 3356
SPS: 3356
SPS: 3356
SPS: 3357
SPS: 3357
SPS: 3357
SPS: 3357
SPS: 3357
SPS: 3357
global_step=7764608, episodic_return=230.0 (n=128)
SPS: 3357
SPS: 3357
SPS: 3357
SPS: 3357
SPS: 3357
SPS: 3357
SPS: 3357
SPS: 3357
SPS: 3357
SPS: 3357
SPS: 3357
SPS: 3357
global_step=7814528, episodic_return=220.0 (n=128)
SPS: 3357
SPS: 3357
SPS: 3357
SPS: 3357
SPS: 3357
SPS: 3357
SPS: 3357
SPS: 3357
SPS: 3357
SPS: 3357
SPS: 3357
SPS: 3357
SPS: 3357
SPS: 3357
SPS: 3357
SPS: 3357
global_step=7879424, episodic_return=260.0 (n=128)
SPS: 3357
SPS: 3357
SPS: 3357
SPS: 3357
SPS: 3357
SPS: 3357
SPS: 3357
SPS: 3357
SPS: 3357
SPS: 3357
SPS: 3357
SPS: 3357
SPS: 3357
SPS: 3357
SPS: 3357
SPS: 3357
global_step=7944192, episodic_return=250.0 (n=128)
SPS: 3357
SPS: 3358
SPS: 3358
SPS: 3358
SPS: 3358
SPS: 3358
SPS: 3358
SPS: 3358
SPS: 3358
SPS: 3358
SPS: 3358
SPS: 3357
SPS: 3357
SPS: 3357
SPS: 3357
global_step=8005504, episodic_return=290.0 (n=128)
SPS: 3357
SPS: 3357
SPS: 3357
SPS: 3358
SPS: 3358
SPS: 3358
SPS: 3358
SPS: 3358
SPS: 3358
SPS: 3358
SPS: 3358
SPS: 3358
SPS: 3358
SPS: 3358
SPS: 3358
SPS: 3358
SPS: 3358
SPS: 3358
SPS: 3358
SPS: 3358
SPS: 3358
SPS: 3359
SPS: 3359
global_step=8099968, episodic_return=830.0 (n=128)
SPS: 3359
SPS: 3359
SPS: 3359
SPS: 3359
SPS: 3359
SPS: 3359
SPS: 3359
SPS: 3359
SPS: 3359
SPS: 3359
SPS: 3359
SPS: 3359
SPS: 3359
SPS: 3359
SPS: 3359
SPS: 3359
global_step=8166144, episodic_return=360.0 (n=128)
SPS: 3359
SPS: 3359
SPS: 3360
SPS: 3359
SPS: 3359
SPS: 3359
SPS: 3359
SPS: 3359
SPS: 3360
SPS: 3360
SPS: 3360
SPS: 3360
global_step=8215808, episodic_return=300.0 (n=128)
SPS: 3360
SPS: 3360
SPS: 3360
SPS: 3360
SPS: 3360
SPS: 3360
SPS: 3360
SPS: 3360
SPS: 3360
SPS: 3360
SPS: 3360
SPS: 3360
SPS: 3360
SPS: 3360
SPS: 3360
SPS: 3360
SPS: 3360
SPS: 3360
SPS: 3360
SPS: 3360
SPS: 3360
SPS: 3360
SPS: 3360
SPS: 3360
SPS: 3360
global_step=8318208, episodic_return=860.0 (n=128)
SPS: 3360
SPS: 3360
SPS: 3360
SPS: 3360
SPS: 3360
SPS: 3360
SPS: 3360
SPS: 3360
SPS: 3361
SPS: 3361
SPS: 3361
SPS: 3361
SPS: 3361
global_step=8371584, episodic_return=220.0 (n=128)
SPS: 3361
SPS: 3361
SPS: 3361
SPS: 3361
SPS: 3361
SPS: 3361
SPS: 3361
SPS: 3361
SPS: 3361
SPS: 3361
SPS: 3361
SPS: 3362
SPS: 3362
SPS: 3362
SPS: 3362
SPS: 3362
SPS: 3362
SPS: 3362
SPS: 3362
SPS: 3362
SPS: 3362
SPS: 3362
global_step=8460800, episodic_return=330.0 (n=128)
SPS: 3362
SPS: 3362
SPS: 3362
SPS: 3362
SPS: 3362
SPS: 3362
SPS: 3362
SPS: 3362
SPS: 3362
SPS: 3362
SPS: 3363
SPS: 3363
SPS: 3363
global_step=8512768, episodic_return=190.0 (n=128)
SPS: 3363
SPS: 3363
SPS: 3363
SPS: 3363
SPS: 3363
SPS: 3363
SPS: 3363
SPS: 3363
SPS: 3363
SPS: 3363
SPS: 3363
SPS: 3363
SPS: 3363
global_step=8567296, episodic_return=200.0 (n=128)
SPS: 3363
SPS: 3363
SPS: 3363
SPS: 3363
SPS: 3363
SPS: 3363
SPS: 3363
SPS: 3363
SPS: 3363
SPS: 3363
SPS: 3363
SPS: 3363
SPS: 3363
SPS: 3363
SPS: 3363
SPS: 3364
SPS: 3364
SPS: 3364
SPS: 3364
SPS: 3364
global_step=8648576, episodic_return=980.0 (n=128)
SPS: 3364
SPS: 3364
SPS: 3364
SPS: 3364
SPS: 3364
SPS: 3364
SPS: 3364
SPS: 3364
SPS: 3364
SPS: 3364
SPS: 3364
SPS: 3364
SPS: 3364
SPS: 3364
global_step=8704768, episodic_return=230.0 (n=128)
SPS: 3364
SPS: 3364
SPS: 3364
SPS: 3364
SPS: 3364
SPS: 3364
SPS: 3364
SPS: 3365
SPS: 3365
SPS: 3365
SPS: 3365
SPS: 3365
SPS: 3365
SPS: 3365
SPS: 3365
global_step=8766848, episodic_return=260.0 (n=128)
SPS: 3365
SPS: 3365
SPS: 3365
SPS: 3365
SPS: 3365
SPS: 3365
SPS: 3365
SPS: 3365
SPS: 3365
SPS: 3365
SPS: 3365
SPS: 3365
SPS: 3365
SPS: 3365
SPS: 3365
SPS: 3365
SPS: 3365
global_step=8836096, episodic_return=290.0 (n=128)
SPS: 3365
SPS: 3365
SPS: 3365
SPS: 3365
SPS: 3365
SPS: 3365
SPS: 3365
SPS: 3365
SPS: 3365
SPS: 3365
SPS: 3365
SPS: 3365
SPS: 3365
global_step=8892288, episodic_return=140.0 (n=128)
SPS: 3365
SPS: 3365
SPS: 3365
SPS: 3365
SPS: 3365
SPS: 3365
SPS: 3365
SPS: 3365
SPS: 3365
SPS: 3365
SPS: 3365
SPS: 3365
SPS: 3366
SPS: 3366
SPS: 3366
SPS: 3366
SPS: 3366
SPS: 3366
SPS: 3366
global_step=8968704, episodic_return=410.0 (n=128)
SPS: 3366
SPS: 3366
SPS: 3366
SPS: 3366
SPS: 3366
SPS: 3366
SPS: 3366
SPS: 3366
SPS: 3366
SPS: 3366
SPS: 3366
SPS: 3366
SPS: 3366
SPS: 3366
SPS: 3366
global_step=9028992, episodic_return=260.0 (n=128)
SPS: 3366
SPS: 3366
SPS: 3366
SPS: 3366
SPS: 3366
SPS: 3366
SPS: 3366
SPS: 3366
SPS: 3366
SPS: 3366
SPS: 3366
SPS: 3366
SPS: 3366
global_step=9083136, episodic_return=180.0 (n=128)
SPS: 3366
SPS: 3366
SPS: 3366
SPS: 3366
SPS: 3366
SPS: 3366
SPS: 3366
SPS: 3366
SPS: 3366
SPS: 3366
SPS: 3366
SPS: 3366
SPS: 3366
SPS: 3366
SPS: 3366
global_step=9145728, episodic_return=230.0 (n=128)
SPS: 3366
SPS: 3367
SPS: 3367
SPS: 3367
SPS: 3367
SPS: 3367
SPS: 3367
SPS: 3367
SPS: 3367
SPS: 3367
SPS: 3367
SPS: 3367
global_step=9193856, episodic_return=210.0 (n=128)
SPS: 3367
SPS: 3367
SPS: 3367
SPS: 3367
SPS: 3367
SPS: 3367
SPS: 3367
SPS: 3367
SPS: 3367
SPS: 3367
SPS: 3367
SPS: 3367
SPS: 3367
SPS: 3367
SPS: 3367
SPS: 3367
global_step=9259520, episodic_return=160.0 (n=128)
SPS: 3367
SPS: 3367
SPS: 3367
SPS: 3367
SPS: 3367
SPS: 3367
SPS: 3367
SPS: 3367
SPS: 3367
SPS: 3367
SPS: 3367
SPS: 3367
SPS: 3367
global_step=9312896, episodic_return=190.0 (n=128)
SPS: 3367
SPS: 3367
SPS: 3367
SPS: 3367
SPS: 3367
SPS: 3367
SPS: 3367
SPS: 3367
SPS: 3367
SPS: 3367
SPS: 3367
SPS: 3367
SPS: 3367
SPS: 3367
SPS: 3367
SPS: 3367
global_step=9379200, episodic_return=230.0 (n=128)
SPS: 3367
SPS: 3367
SPS: 3368
SPS: 3368
SPS: 3368
SPS: 3368
SPS: 3368
SPS: 3368
SPS: 3368
SPS: 3368
SPS: 3368
SPS: 3368
SPS: 3368
global_step=9429888, episodic_return=120.0 (n=128)
SPS: 3368
SPS: 3368
SPS: 3368
SPS: 3368
SPS: 3368
SPS: 3368
SPS: 3368
SPS: 3368
SPS: 3368
SPS: 3368
global_step=9473408, episodic_return=160.0 (n=128)
SPS: 3368
SPS: 3368
SPS: 3368
SPS: 3368
SPS: 3369
SPS: 3369
SPS: 3369
SPS: 3368
SPS: 3368
SPS: 3368
SPS: 3368
SPS: 3368
SPS: 3368
SPS: 3368
SPS: 3368
SPS: 3368
global_step=9538944, episodic_return=340.0 (n=128)
SPS: 3368
SPS: 3368
SPS: 3368
SPS: 3368
SPS: 3368
SPS: 3368
SPS: 3368
SPS: 3369
SPS: 3369
SPS: 3369
SPS: 3369
SPS: 3369
SPS: 3369
global_step=9591808, episodic_return=180.0 (n=128)
SPS: 3369
SPS: 3369
SPS: 3369
SPS: 3369
SPS: 3369
SPS: 3369
SPS: 3369
SPS: 3369
SPS: 3369
SPS: 3369
SPS: 3369
SPS: 3369
SPS: 3369
SPS: 3369
SPS: 3369
global_step=9653504, episodic_return=180.0 (n=128)
SPS: 3369
SPS: 3369
SPS: 3369
SPS: 3369
SPS: 3369
SPS: 3369
SPS: 3369
SPS: 3369
SPS: 3369
SPS: 3369
SPS: 3369
SPS: 3369
SPS: 3369
SPS: 3369
SPS: 3369
global_step=9714944, episodic_return=220.0 (n=128)
SPS: 3369
SPS: 3369
SPS: 3369
SPS: 3369
SPS: 3369
SPS: 3369
SPS: 3369
SPS: 3369
SPS: 3369
SPS: 3369
SPS: 3369
SPS: 3370
SPS: 3370
SPS: 3370
SPS: 3370
SPS: 3370
SPS: 3370
SPS: 3370
global_step=9789184, episodic_return=290.0 (n=128)
SPS: 3370
SPS: 3370
SPS: 3370
SPS: 3370
SPS: 3370
SPS: 3370
SPS: 3370
SPS: 3370
SPS: 3370
SPS: 3370
SPS: 3370
SPS: 3370
SPS: 3370
SPS: 3370
SPS: 3370
SPS: 3370
global_step=9852800, episodic_return=200.0 (n=128)
SPS: 3370
SPS: 3370
SPS: 3371
SPS: 3371
SPS: 3371
SPS: 3371
SPS: 3371
SPS: 3371
SPS: 3371
SPS: 3371
SPS: 3371
SPS: 3371
SPS: 3371
SPS: 3371
SPS: 3371
SPS: 3371
global_step=9920128, episodic_return=260.0 (n=128)
SPS: 3371
SPS: 3371
SPS: 3371
SPS: 3371
SPS: 3371
SPS: 3371
SPS: 3371
SPS: 3371
SPS: 3371
SPS: 3371
SPS: 3371
SPS: 3371
SPS: 3371
SPS: 3371
SPS: 3371
global_step=9979520, episodic_return=230.0 (n=128)
SPS: 3371
SPS: 3371
SPS: 3371
SPS: 3371
SPS: 3371
Results saved to /runs/h005__h005-mspacman-s1.csv
slurmstepd: error: run_script_as_user: couldn't change working dir to /home/rogercc/'/scratch/rogercc/cleanrl': No such file or directory
