slurmstepd: error: couldn't chdir to `/home/rogercc/'/scratch/rogercc/cleanrl'': No such file or directory: going to /tmp instead
slurmstepd: error: couldn't chdir to `/home/rogercc/'/scratch/rogercc/cleanrl'': No such file or directory: going to /tmp instead
sending incremental file list
auto-cleanrl.sif

sent 4,938,196,680 bytes  received 35 bytes  240,887,644.63 bytes/sec
total size is 4,945,575,936  speedup is 1.00
/usr/local/lib/python3.10/dist-packages/treevalue/tree/integration/torch.py:23: FutureWarning: `torch.utils._pytree._register_pytree_node` is deprecated. Please use `torch.utils._pytree.register_pytree_node` instead.
  register_for_torch(TreeValue)
/usr/local/lib/python3.10/dist-packages/treevalue/tree/integration/torch.py:24: FutureWarning: `torch.utils._pytree._register_pytree_node` is deprecated. Please use `torch.utils._pytree.register_pytree_node` instead.
  register_for_torch(FastTreeValue)
Gym has been unmaintained since 2022 and does not support NumPy 2.0 amongst other critical functionality.
Please upgrade to Gymnasium, the maintained drop-in replacement of Gym, or contact the authors of your software and request that they upgrade.
See the migration guide at https://gymnasium.farama.org/introduction/migration_guide/ for additional information.
/usr/local/lib/python3.10/dist-packages/tyro/_parsers.py:353: UserWarning: The field `wandb-entity` is annotated with type `<class 'str'>`, but the default value `None` has type `<class 'NoneType'>`. We'll try to handle this gracefully, but it may cause unexpected behavior.
  warnings.warn(message)
/usr/local/lib/python3.10/dist-packages/tyro/_parsers.py:353: UserWarning: The field `target-kl` is annotated with type `<class 'float'>`, but the default value `None` has type `<class 'NoneType'>`. We'll try to handle this gracefully, but it may cause unexpected behavior.
  warnings.warn(message)
SPS: 1435
SPS: 2181
SPS: 2568
SPS: 2945
SPS: 3213
SPS: 3468
SPS: 3655
SPS: 3809
SPS: 3962
SPS: 4074
SPS: 4167
SPS: 4267
SPS: 4346
SPS: 4425
SPS: 4505
global_step=64000, episodic_return=1.0 (n=128)
SPS: 4558
SPS: 4608
SPS: 4632
SPS: 4659
SPS: 4701
SPS: 4744
SPS: 4779
SPS: 4817
SPS: 4827
SPS: 4815
SPS: 4811
SPS: 4830
SPS: 4845
SPS: 4870
SPS: 4888
SPS: 4909
SPS: 4927
global_step=132864, episodic_return=3.0 (n=128)
SPS: 4944
SPS: 4957
SPS: 4957
SPS: 4969
SPS: 4985
SPS: 4999
SPS: 5015
SPS: 5032
SPS: 5047
SPS: 5063
SPS: 5076
SPS: 5091
SPS: 5106
SPS: 5117
SPS: 5130
SPS: 5143
SPS: 5149
global_step=201984, episodic_return=0.0 (n=128)
SPS: 5161
SPS: 5168
SPS: 5169
SPS: 5171
SPS: 5178
SPS: 5169
SPS: 5170
SPS: 5178
SPS: 5184
SPS: 5189
SPS: 5197
SPS: 5207
SPS: 5212
SPS: 5217
SPS: 5226
SPS: 5229
global_step=270080, episodic_return=0.0 (n=128)
SPS: 5228
SPS: 5232
SPS: 5233
SPS: 5232
SPS: 5231
SPS: 5234
SPS: 5232
SPS: 5235
SPS: 5237
SPS: 5243
SPS: 5244
SPS: 5241
SPS: 5247
SPS: 5252
SPS: 5256
SPS: 5259
SPS: 5264
SPS: 5267
global_step=341504, episodic_return=0.0 (n=128)
SPS: 5270
SPS: 5270
SPS: 5271
SPS: 5270
SPS: 5271
SPS: 5272
SPS: 5272
SPS: 5268
SPS: 5274
SPS: 5278
SPS: 5273
SPS: 5277
SPS: 5277
SPS: 5280
SPS: 5278
SPS: 5277
global_step=407808, episodic_return=1.0 (n=128)
SPS: 5276
SPS: 5280
SPS: 5283
SPS: 5285
SPS: 5287
SPS: 5289
SPS: 5288
SPS: 5291
SPS: 5291
SPS: 5292
SPS: 5295
SPS: 5299
SPS: 5293
SPS: 5294
SPS: 5289
SPS: 5285
SPS: 5280
SPS: 5279
global_step=482560, episodic_return=1.0 (n=128)
SPS: 5280
SPS: 5280
SPS: 5282
SPS: 5282
SPS: 5279
SPS: 5281
SPS: 5278
SPS: 5279
SPS: 5274
SPS: 5276
SPS: 5274
SPS: 5269
SPS: 5271
SPS: 5275
SPS: 5278
SPS: 5279
SPS: 5280
SPS: 5284
SPS: 5286
global_step=557440, episodic_return=3.0 (n=128)
SPS: 5289
SPS: 5292
SPS: 5292
SPS: 5288
SPS: 5284
SPS: 5288
SPS: 5287
SPS: 5287
SPS: 5288
SPS: 5290
SPS: 5288
SPS: 5286
SPS: 5287
SPS: 5290
SPS: 5292
SPS: 5292
SPS: 5296
SPS: 5297
global_step=631680, episodic_return=6.0 (n=128)
SPS: 5291
SPS: 5292
SPS: 5291
SPS: 5290
SPS: 5290
SPS: 5291
SPS: 5292
SPS: 5293
SPS: 5293
SPS: 5293
SPS: 5294
SPS: 5293
SPS: 5291
SPS: 5288
SPS: 5283
SPS: 5285
SPS: 5287
global_step=700672, episodic_return=0.0 (n=128)
SPS: 5288
SPS: 5290
SPS: 5290
SPS: 5292
SPS: 5292
SPS: 5289
SPS: 5289
SPS: 5292
SPS: 5293
SPS: 5295
SPS: 5295
SPS: 5297
SPS: 5299
SPS: 5302
SPS: 5302
SPS: 5303
global_step=769664, episodic_return=5.0 (n=128)
SPS: 5299
SPS: 5293
SPS: 5291
SPS: 5292
SPS: 5277
SPS: 5276
SPS: 5276
SPS: 5279
SPS: 5279
SPS: 5278
SPS: 5280
SPS: 5282
SPS: 5280
SPS: 5278
SPS: 5274
SPS: 5274
SPS: 5274
SPS: 5273
global_step=839808, episodic_return=0.0 (n=128)
SPS: 5271
SPS: 5271
SPS: 5269
SPS: 5271
SPS: 5271
SPS: 5270
SPS: 5268
SPS: 5266
SPS: 5268
SPS: 5269
SPS: 5270
SPS: 5267
SPS: 5268
SPS: 5270
SPS: 5272
SPS: 5274
global_step=908672, episodic_return=0.0 (n=128)
SPS: 5270
SPS: 5271
SPS: 5270
SPS: 5271
SPS: 5273
SPS: 5272
SPS: 5270
SPS: 5267
SPS: 5266
SPS: 5267
SPS: 5266
SPS: 5267
SPS: 5269
SPS: 5271
SPS: 5268
SPS: 5267
SPS: 5270
SPS: 5271
global_step=982656, episodic_return=1.0 (n=128)
SPS: 5269
SPS: 5270
SPS: 5272
SPS: 5273
SPS: 5273
SPS: 5274
SPS: 5276
SPS: 5277
SPS: 5277
SPS: 5275
SPS: 5277
SPS: 5274
SPS: 5273
SPS: 5272
SPS: 5274
SPS: 5272
SPS: 5274
SPS: 5272
global_step=1055488, episodic_return=2.0 (n=128)
SPS: 5271
SPS: 5273
SPS: 5272
SPS: 5272
SPS: 5271
SPS: 5272
SPS: 5273
SPS: 5271
SPS: 5269
SPS: 5269
SPS: 5267
SPS: 5267
SPS: 5267
SPS: 5267
SPS: 5269
SPS: 5270
SPS: 5271
SPS: 5271
global_step=1128192, episodic_return=3.0 (n=128)
SPS: 5273
SPS: 5273
SPS: 5273
SPS: 5273
SPS: 5275
SPS: 5277
SPS: 5279
SPS: 5281
SPS: 5280
SPS: 5280
SPS: 5280
SPS: 5277
SPS: 5279
SPS: 5279
SPS: 5278
SPS: 5280
SPS: 5281
SPS: 5283
global_step=1200384, episodic_return=0.0 (n=128)
SPS: 5280
SPS: 5280
SPS: 5281
SPS: 5279
SPS: 5278
SPS: 5279
SPS: 5278
SPS: 5275
SPS: 5275
SPS: 5275
SPS: 5273
SPS: 5274
SPS: 5274
SPS: 5275
SPS: 5276
SPS: 5276
SPS: 5276
global_step=1273856, episodic_return=4.0 (n=128)
SPS: 5276
SPS: 5277
SPS: 5277
SPS: 5277
SPS: 5276
SPS: 5276
SPS: 5277
SPS: 5277
SPS: 5279
SPS: 5280
SPS: 5281
SPS: 5283
SPS: 5285
SPS: 5285
SPS: 5286
SPS: 5288
SPS: 5289
global_step=1343232, episodic_return=0.0 (n=128)
SPS: 5288
SPS: 5289
SPS: 5288
SPS: 5289
SPS: 5289
SPS: 5287
SPS: 5287
SPS: 5286
SPS: 5286
SPS: 5284
SPS: 5285
SPS: 5287
SPS: 5286
SPS: 5286
SPS: 5286
SPS: 5287
SPS: 5287
SPS: 5288
SPS: 5288
global_step=1418496, episodic_return=4.0 (n=128)
SPS: 5289
SPS: 5290
SPS: 5291
SPS: 5291
SPS: 5292
SPS: 5293
SPS: 5294
SPS: 5294
SPS: 5295
SPS: 5296
SPS: 5296
SPS: 5295
SPS: 5295
SPS: 5296
SPS: 5296
global_step=1482752, episodic_return=1.0 (n=128)
SPS: 5296
SPS: 5297
SPS: 5297
SPS: 5298
SPS: 5299
SPS: 5300
SPS: 5300
SPS: 5301
SPS: 5302
SPS: 5302
SPS: 5302
SPS: 5303
SPS: 5303
SPS: 5302
SPS: 5302
SPS: 5303
SPS: 5304
SPS: 5305
global_step=1553280, episodic_return=0.0 (n=128)
SPS: 5303
SPS: 5304
SPS: 5304
SPS: 5303
SPS: 5303
SPS: 5304
SPS: 5305
SPS: 5305
SPS: 5306
SPS: 5307
SPS: 5306
SPS: 5307
SPS: 5308
SPS: 5308
SPS: 5308
SPS: 5309
SPS: 5309
SPS: 5309
SPS: 5307
SPS: 5308
global_step=1636480, episodic_return=5.0 (n=128)
SPS: 5310
SPS: 5310
SPS: 5311
SPS: 5312
SPS: 5313
SPS: 5313
SPS: 5312
SPS: 5313
SPS: 5313
SPS: 5313
SPS: 5311
SPS: 5311
SPS: 5310
SPS: 5311
SPS: 5310
SPS: 5309
SPS: 5309
SPS: 5308
global_step=1708288, episodic_return=0.0 (n=128)
SPS: 5309
SPS: 5309
SPS: 5310
SPS: 5310
SPS: 5310
SPS: 5309
SPS: 5308
SPS: 5309
SPS: 5310
SPS: 5310
SPS: 5310
SPS: 5310
SPS: 5309
SPS: 5309
SPS: 5309
SPS: 5310
SPS: 5309
global_step=1780864, episodic_return=1.0 (n=128)
SPS: 5308
SPS: 5309
SPS: 5309
SPS: 5310
SPS: 5310
SPS: 5311
SPS: 5312
SPS: 5312
SPS: 5311
SPS: 5312
SPS: 5312
SPS: 5312
SPS: 5313
SPS: 5313
SPS: 5312
SPS: 5313
SPS: 5313
SPS: 5314
global_step=1854464, episodic_return=1.0 (n=128)
SPS: 5315
SPS: 5316
SPS: 5316
SPS: 5317
SPS: 5317
SPS: 5317
SPS: 5318
SPS: 5318
SPS: 5318
SPS: 5319
SPS: 5320
SPS: 5320
SPS: 5321
SPS: 5321
SPS: 5322
SPS: 5321
SPS: 5319
global_step=1925120, episodic_return=7.0 (n=128)
SPS: 5320
SPS: 5319
SPS: 5320
SPS: 5321
SPS: 5322
SPS: 5323
SPS: 5324
SPS: 5325
SPS: 5325
SPS: 5326
SPS: 5327
SPS: 5327
SPS: 5328
SPS: 5329
SPS: 5329
SPS: 5329
SPS: 5330
global_step=1994368, episodic_return=0.0 (n=128)
SPS: 5330
SPS: 5329
SPS: 5327
SPS: 5328
SPS: 5329
SPS: 5329
SPS: 5328
SPS: 5329
SPS: 5330
SPS: 5330
SPS: 5331
SPS: 5331
SPS: 5330
SPS: 5329
SPS: 5328
SPS: 5327
SPS: 5328
SPS: 5328
SPS: 5327
global_step=2068608, episodic_return=1.0 (n=128)
SPS: 5328
SPS: 5328
SPS: 5327
SPS: 5328
SPS: 5327
SPS: 5326
SPS: 5327
SPS: 5328
SPS: 5329
SPS: 5330
SPS: 5330
SPS: 5331
SPS: 5332
SPS: 5333
SPS: 5332
SPS: 5333
SPS: 5334
global_step=2141696, episodic_return=0.0 (n=128)
SPS: 5334
SPS: 5335
SPS: 5336
SPS: 5336
SPS: 5336
SPS: 5337
SPS: 5338
SPS: 5337
SPS: 5336
SPS: 5336
SPS: 5337
SPS: 5337
SPS: 5338
SPS: 5339
SPS: 5338
SPS: 5338
SPS: 5338
global_step=2208896, episodic_return=0.0 (n=128)
SPS: 5338
SPS: 5339
SPS: 5340
SPS: 5340
SPS: 5341
SPS: 5340
SPS: 5339
SPS: 5340
SPS: 5341
SPS: 5340
SPS: 5339
SPS: 5340
SPS: 5340
SPS: 5341
SPS: 5341
SPS: 5341
global_step=2277376, episodic_return=0.0 (n=128)
SPS: 5341
SPS: 5340
SPS: 5340
SPS: 5339
SPS: 5340
SPS: 5339
SPS: 5340
SPS: 5340
SPS: 5339
SPS: 5338
SPS: 5338
SPS: 5338
SPS: 5339
SPS: 5339
SPS: 5339
SPS: 5340
SPS: 5340
SPS: 5341
global_step=2350080, episodic_return=1.0 (n=128)
SPS: 5341
SPS: 5342
SPS: 5340
SPS: 5339
SPS: 5339
SPS: 5340
SPS: 5340
SPS: 5341
SPS: 5341
SPS: 5342
SPS: 5342
SPS: 5342
SPS: 5343
SPS: 5343
SPS: 5344
SPS: 5345
SPS: 5346
global_step=2420096, episodic_return=0.0 (n=128)
SPS: 5346
SPS: 5347
SPS: 5346
SPS: 5346
SPS: 5347
SPS: 5347
SPS: 5348
SPS: 5348
SPS: 5348
SPS: 5348
SPS: 5348
SPS: 5349
SPS: 5348
SPS: 5347
SPS: 5347
SPS: 5346
SPS: 5347
global_step=2488576, episodic_return=3.0 (n=128)
SPS: 5347
SPS: 5346
SPS: 5346
SPS: 5346
SPS: 5346
SPS: 5345
SPS: 5344
SPS: 5344
SPS: 5343
SPS: 5342
SPS: 5341
SPS: 5340
SPS: 5339
SPS: 5337
SPS: 5337
SPS: 5335
SPS: 5335
global_step=2560000, episodic_return=1.0 (n=128)
SPS: 5335
SPS: 5336
SPS: 5335
SPS: 5335
SPS: 5334
SPS: 5334
SPS: 5335
SPS: 5334
SPS: 5333
SPS: 5332
SPS: 5331
SPS: 5329
SPS: 5328
SPS: 5327
SPS: 5325
SPS: 5324
global_step=2625408, episodic_return=0.0 (n=128)
SPS: 5323
SPS: 5323
SPS: 5322
SPS: 5322
SPS: 5323
SPS: 5323
SPS: 5323
SPS: 5323
SPS: 5323
SPS: 5323
SPS: 5324
SPS: 5324
SPS: 5324
SPS: 5324
SPS: 5325
SPS: 5324
SPS: 5323
global_step=2695040, episodic_return=0.0 (n=128)
SPS: 5324
SPS: 5324
SPS: 5325
SPS: 5324
SPS: 5323
SPS: 5324
SPS: 5324
SPS: 5323
SPS: 5321
SPS: 5321
SPS: 5321
SPS: 5321
SPS: 5321
SPS: 5321
SPS: 5321
SPS: 5320
SPS: 5319
global_step=2764160, episodic_return=0.0 (n=128)
SPS: 5319
SPS: 5317
SPS: 5316
SPS: 5316
SPS: 5316
SPS: 5315
SPS: 5315
SPS: 5315
SPS: 5314
SPS: 5312
SPS: 5311
SPS: 5309
SPS: 5309
SPS: 5309
SPS: 5309
SPS: 5308
SPS: 5308
global_step=2832896, episodic_return=7.0 (n=128)
SPS: 5309
SPS: 5308
SPS: 5308
SPS: 5308
SPS: 5308
SPS: 5309
SPS: 5308
SPS: 5307
SPS: 5306
SPS: 5306
SPS: 5306
SPS: 5306
SPS: 5307
SPS: 5306
SPS: 5306
SPS: 5305
SPS: 5305
global_step=2902912, episodic_return=0.0 (n=128)
SPS: 5306
SPS: 5306
SPS: 5305
SPS: 5305
SPS: 5305
SPS: 5305
SPS: 5304
SPS: 5304
SPS: 5305
SPS: 5305
SPS: 5304
SPS: 5305
SPS: 5305
SPS: 5306
SPS: 5306
SPS: 5307
SPS: 5307
global_step=2971008, episodic_return=0.0 (n=128)
SPS: 5307
SPS: 5307
SPS: 5307
SPS: 5308
SPS: 5307
SPS: 5306
SPS: 5306
SPS: 5306
SPS: 5306
SPS: 5306
SPS: 5305
SPS: 5305
SPS: 5305
SPS: 5304
SPS: 5304
SPS: 5305
SPS: 5305
global_step=3041280, episodic_return=1.0 (n=128)
SPS: 5306
SPS: 5306
SPS: 5306
SPS: 5307
SPS: 5306
SPS: 5305
SPS: 5305
SPS: 5306
SPS: 5305
SPS: 5306
SPS: 5306
SPS: 5305
SPS: 5305
SPS: 5306
SPS: 5305
SPS: 5305
global_step=3106432, episodic_return=3.0 (n=128)
SPS: 5305
SPS: 5304
SPS: 5305
SPS: 5305
SPS: 5305
SPS: 5305
SPS: 5305
SPS: 5305
SPS: 5305
SPS: 5305
SPS: 5304
SPS: 5304
SPS: 5304
SPS: 5304
SPS: 5304
SPS: 5303
global_step=3174272, episodic_return=0.0 (n=128)
SPS: 5303
SPS: 5303
SPS: 5303
SPS: 5303
SPS: 5303
SPS: 5303
SPS: 5303
SPS: 5303
SPS: 5302
SPS: 5303
SPS: 5303
SPS: 5302
SPS: 5303
SPS: 5303
SPS: 5303
SPS: 5303
global_step=3239680, episodic_return=0.0 (n=128)
SPS: 5303
SPS: 5303
SPS: 5303
SPS: 5303
SPS: 5303
SPS: 5303
SPS: 5304
SPS: 5304
SPS: 5304
SPS: 5304
SPS: 5305
SPS: 5303
SPS: 5302
SPS: 5302
SPS: 5301
SPS: 5301
SPS: 5301
SPS: 5301
global_step=3310976, episodic_return=4.0 (n=128)
SPS: 5301
SPS: 5301
SPS: 5302
SPS: 5301
SPS: 5301
SPS: 5301
SPS: 5301
SPS: 5301
SPS: 5300
SPS: 5299
SPS: 5299
SPS: 5299
SPS: 5299
SPS: 5300
SPS: 5300
SPS: 5300
SPS: 5300
SPS: 5300
global_step=3386240, episodic_return=1.0 (n=128)
SPS: 5300
SPS: 5300
SPS: 5300
SPS: 5300
SPS: 5300
SPS: 5300
SPS: 5301
SPS: 5300
SPS: 5301
SPS: 5300
SPS: 5299
SPS: 5298
SPS: 5298
SPS: 5297
SPS: 5297
SPS: 5297
SPS: 5297
SPS: 5297
global_step=3459712, episodic_return=4.0 (n=128)
SPS: 5298
SPS: 5298
SPS: 5298
SPS: 5298
SPS: 5298
SPS: 5298
SPS: 5298
SPS: 5298
SPS: 5299
SPS: 5299
SPS: 5299
SPS: 5300
SPS: 5300
SPS: 5300
SPS: 5301
SPS: 5300
SPS: 5300
SPS: 5300
global_step=3532160, episodic_return=5.0 (n=128)
SPS: 5300
SPS: 5299
SPS: 5298
SPS: 5299
SPS: 5299
SPS: 5299
SPS: 5299
SPS: 5300
SPS: 5300
SPS: 5300
SPS: 5300
SPS: 5299
SPS: 5300
SPS: 5299
SPS: 5299
SPS: 5299
global_step=3600384, episodic_return=0.0 (n=128)
SPS: 5300
SPS: 5300
SPS: 5300
SPS: 5299
SPS: 5300
SPS: 5299
SPS: 5298
SPS: 5299
SPS: 5299
SPS: 5299
SPS: 5299
SPS: 5299
SPS: 5299
SPS: 5299
SPS: 5299
SPS: 5298
SPS: 5299
global_step=3668608, episodic_return=0.0 (n=128)
SPS: 5298
SPS: 5298
SPS: 5297
SPS: 5297
SPS: 5298
SPS: 5298
SPS: 5299
SPS: 5299
SPS: 5299
SPS: 5299
SPS: 5300
SPS: 5300
SPS: 5300
SPS: 5300
SPS: 5300
SPS: 5301
SPS: 5301
global_step=3737984, episodic_return=0.0 (n=128)
SPS: 5301
SPS: 5301
SPS: 5301
SPS: 5301
SPS: 5302
SPS: 5302
SPS: 5302
SPS: 5302
SPS: 5302
SPS: 5302
SPS: 5302
SPS: 5301
SPS: 5301
SPS: 5301
SPS: 5302
SPS: 5302
SPS: 5303
global_step=3805824, episodic_return=0.0 (n=128)
SPS: 5303
SPS: 5303
SPS: 5303
SPS: 5302
SPS: 5303
SPS: 5303
SPS: 5303
SPS: 5303
SPS: 5303
SPS: 5304
SPS: 5304
SPS: 5305
SPS: 5305
SPS: 5306
SPS: 5306
SPS: 5306
SPS: 5307
global_step=3877632, episodic_return=0.0 (n=128)
SPS: 5306
SPS: 5306
SPS: 5306
SPS: 5307
SPS: 5307
SPS: 5308
SPS: 5308
SPS: 5309
SPS: 5308
SPS: 5309
SPS: 5309
SPS: 5310
SPS: 5310
SPS: 5310
SPS: 5310
SPS: 5311
SPS: 5311
global_step=3948288, episodic_return=1.0 (n=128)
SPS: 5311
SPS: 5311
SPS: 5310
SPS: 5310
SPS: 5310
SPS: 5310
SPS: 5310
SPS: 5311
SPS: 5311
SPS: 5311
SPS: 5310
SPS: 5309
SPS: 5309
SPS: 5309
SPS: 5309
SPS: 5308
SPS: 5309
global_step=4017024, episodic_return=0.0 (n=128)
SPS: 5309
SPS: 5308
SPS: 5309
SPS: 5309
SPS: 5309
SPS: 5309
SPS: 5309
SPS: 5310
SPS: 5310
SPS: 5311
SPS: 5311
SPS: 5311
SPS: 5311
SPS: 5312
SPS: 5312
SPS: 5313
global_step=4082944, episodic_return=4.0 (n=128)
SPS: 5312
SPS: 5312
SPS: 5312
SPS: 5312
SPS: 5312
SPS: 5312
SPS: 5313
SPS: 5312
SPS: 5313
SPS: 5313
SPS: 5313
SPS: 5313
SPS: 5314
SPS: 5314
SPS: 5314
SPS: 5313
SPS: 5314
global_step=4149760, episodic_return=0.0 (n=128)
SPS: 5314
SPS: 5314
SPS: 5314
SPS: 5314
SPS: 5315
SPS: 5315
SPS: 5315
SPS: 5315
SPS: 5316
SPS: 5316
SPS: 5316
SPS: 5317
SPS: 5317
SPS: 5318
SPS: 5318
SPS: 5318
SPS: 5318
SPS: 5318
global_step=4223488, episodic_return=0.0 (n=128)
SPS: 5318
SPS: 5318
SPS: 5318
SPS: 5318
SPS: 5318
SPS: 5318
SPS: 5318
SPS: 5318
SPS: 5319
SPS: 5319
SPS: 5319
SPS: 5319
SPS: 5319
SPS: 5320
SPS: 5320
SPS: 5320
SPS: 5320
SPS: 5320
global_step=4298752, episodic_return=1.0 (n=128)
SPS: 5320
SPS: 5321
SPS: 5321
SPS: 5321
SPS: 5321
SPS: 5322
SPS: 5321
SPS: 5322
SPS: 5322
SPS: 5322
SPS: 5322
SPS: 5323
SPS: 5323
SPS: 5323
SPS: 5323
SPS: 5323
SPS: 5323
SPS: 5323
SPS: 5323
SPS: 5323
SPS: 5324
SPS: 5324
global_step=4388096, episodic_return=13.0 (n=128)
SPS: 5324
SPS: 5325
SPS: 5325
SPS: 5325
SPS: 5325
SPS: 5325
SPS: 5326
SPS: 5326
SPS: 5325
SPS: 5325
SPS: 5326
SPS: 5326
SPS: 5326
SPS: 5326
SPS: 5326
SPS: 5326
SPS: 5326
global_step=4456704, episodic_return=11.0 (n=128)
SPS: 5326
SPS: 5326
SPS: 5326
SPS: 5326
SPS: 5326
SPS: 5326
SPS: 5326
SPS: 5326
SPS: 5326
SPS: 5326
SPS: 5325
SPS: 5325
SPS: 5325
SPS: 5325
SPS: 5325
SPS: 5325
SPS: 5325
global_step=4526592, episodic_return=0.0 (n=128)
SPS: 5325
SPS: 5325
SPS: 5325
SPS: 5326
SPS: 5325
SPS: 5325
SPS: 5325
SPS: 5326
SPS: 5326
SPS: 5326
SPS: 5326
SPS: 5326
SPS: 5327
SPS: 5327
SPS: 5327
SPS: 5328
SPS: 5328
SPS: 5328
SPS: 5329
global_step=4604544, episodic_return=6.0 (n=128)
SPS: 5328
SPS: 5329
SPS: 5329
SPS: 5329
SPS: 5329
SPS: 5330
SPS: 5329
SPS: 5329
SPS: 5328
SPS: 5327
SPS: 5328
SPS: 5328
SPS: 5327
SPS: 5327
SPS: 5328
SPS: 5328
SPS: 5328
SPS: 5329
global_step=4678272, episodic_return=4.0 (n=128)
SPS: 5329
SPS: 5329
SPS: 5329
SPS: 5329
SPS: 5330
SPS: 5330
SPS: 5331
SPS: 5331
SPS: 5331
SPS: 5331
SPS: 5332
SPS: 5332
SPS: 5332
SPS: 5332
SPS: 5333
SPS: 5333
SPS: 5332
global_step=4749056, episodic_return=4.0 (n=128)
SPS: 5333
SPS: 5333
SPS: 5333
SPS: 5333
SPS: 5333
SPS: 5333
SPS: 5333
SPS: 5333
SPS: 5333
SPS: 5333
SPS: 5333
SPS: 5333
SPS: 5332
SPS: 5333
SPS: 5333
SPS: 5333
SPS: 5333
global_step=4818560, episodic_return=0.0 (n=128)
SPS: 5334
SPS: 5334
SPS: 5335
SPS: 5335
SPS: 5335
SPS: 5335
SPS: 5336
SPS: 5336
SPS: 5336
SPS: 5336
SPS: 5336
SPS: 5336
SPS: 5336
SPS: 5337
SPS: 5337
SPS: 5337
global_step=4886528, episodic_return=0.0 (n=128)
SPS: 5337
SPS: 5336
SPS: 5336
SPS: 5336
SPS: 5336
SPS: 5336
SPS: 5336
SPS: 5336
SPS: 5336
SPS: 5336
SPS: 5335
SPS: 5336
SPS: 5336
SPS: 5336
SPS: 5336
SPS: 5337
SPS: 5337
SPS: 5337
global_step=4956288, episodic_return=0.0 (n=128)
SPS: 5336
SPS: 5337
SPS: 5337
SPS: 5337
SPS: 5337
SPS: 5337
SPS: 5337
SPS: 5338
SPS: 5338
SPS: 5338
SPS: 5338
SPS: 5338
SPS: 5339
SPS: 5339
SPS: 5339
SPS: 5339
SPS: 5340
SPS: 5339
global_step=5031168, episodic_return=4.0 (n=128)
SPS: 5339
SPS: 5339
SPS: 5339
SPS: 5340
SPS: 5340
SPS: 5340
SPS: 5340
SPS: 5340
SPS: 5340
SPS: 5340
SPS: 5340
SPS: 5340
SPS: 5341
SPS: 5341
SPS: 5341
SPS: 5341
SPS: 5342
global_step=5100288, episodic_return=4.0 (n=128)
SPS: 5342
SPS: 5342
SPS: 5342
SPS: 5342
SPS: 5342
SPS: 5341
SPS: 5341
SPS: 5341
SPS: 5341
SPS: 5340
SPS: 5340
SPS: 5341
SPS: 5341
SPS: 5341
SPS: 5341
SPS: 5341
global_step=5167104, episodic_return=0.0 (n=128)
SPS: 5341
SPS: 5340
SPS: 5340
SPS: 5340
SPS: 5340
SPS: 5340
SPS: 5340
SPS: 5340
SPS: 5340
SPS: 5339
SPS: 5339
SPS: 5339
SPS: 5340
SPS: 5339
SPS: 5338
SPS: 5339
global_step=5232896, episodic_return=1.0 (n=128)
SPS: 5339
SPS: 5339
SPS: 5339
SPS: 5339
SPS: 5339
SPS: 5339
SPS: 5340
SPS: 5340
SPS: 5340
SPS: 5340
SPS: 5340
SPS: 5340
SPS: 5340
SPS: 5340
SPS: 5340
SPS: 5340
SPS: 5340
SPS: 5340
SPS: 5340
global_step=5308672, episodic_return=4.0 (n=128)
SPS: 5340
SPS: 5340
SPS: 5339
SPS: 5339
SPS: 5340
SPS: 5340
SPS: 5340
SPS: 5340
SPS: 5340
SPS: 5340
SPS: 5340
SPS: 5340
SPS: 5340
SPS: 5340
SPS: 5340
SPS: 5340
SPS: 5340
global_step=5380096, episodic_return=1.0 (n=128)
SPS: 5340
SPS: 5340
SPS: 5341
SPS: 5341
SPS: 5340
SPS: 5340
SPS: 5340
SPS: 5340
SPS: 5339
SPS: 5338
SPS: 5338
SPS: 5338
SPS: 5338
SPS: 5338
SPS: 5339
SPS: 5339
SPS: 5339
SPS: 5339
SPS: 5339
global_step=5456128, episodic_return=1.0 (n=128)
SPS: 5340
SPS: 5340
SPS: 5340
SPS: 5340
SPS: 5340
SPS: 5340
SPS: 5340
SPS: 5340
SPS: 5340
SPS: 5340
SPS: 5340
SPS: 5340
SPS: 5340
SPS: 5340
SPS: 5340
SPS: 5340
SPS: 5340
global_step=5528960, episodic_return=4.0 (n=128)
SPS: 5340
SPS: 5341
SPS: 5341
SPS: 5341
SPS: 5341
SPS: 5341
SPS: 5341
SPS: 5341
SPS: 5341
SPS: 5342
SPS: 5341
SPS: 5341
SPS: 5341
SPS: 5341
SPS: 5341
SPS: 5341
SPS: 5341
global_step=5595776, episodic_return=1.0 (n=128)
SPS: 5341
SPS: 5341
SPS: 5341
SPS: 5341
SPS: 5340
SPS: 5341
SPS: 5340
SPS: 5340
SPS: 5340
SPS: 5339
SPS: 5339
SPS: 5340
SPS: 5340
SPS: 5340
SPS: 5339
SPS: 5339
SPS: 5340
global_step=5666176, episodic_return=0.0 (n=128)
SPS: 5340
SPS: 5340
SPS: 5340
SPS: 5341
SPS: 5341
SPS: 5341
SPS: 5341
SPS: 5341
SPS: 5342
SPS: 5341
SPS: 5342
SPS: 5341
SPS: 5341
SPS: 5341
SPS: 5341
SPS: 5341
SPS: 5340
SPS: 5340
global_step=5740672, episodic_return=4.0 (n=128)
SPS: 5340
SPS: 5340
SPS: 5340
SPS: 5340
SPS: 5340
SPS: 5340
SPS: 5340
SPS: 5341
SPS: 5341
SPS: 5341
SPS: 5341
SPS: 5341
SPS: 5341
SPS: 5341
SPS: 5341
SPS: 5341
SPS: 5341
SPS: 5341
global_step=5813504, episodic_return=0.0 (n=128)
SPS: 5342
SPS: 5342
SPS: 5342
SPS: 5342
SPS: 5341
SPS: 5342
SPS: 5342
SPS: 5342
SPS: 5342
SPS: 5342
SPS: 5342
SPS: 5342
SPS: 5342
SPS: 5342
SPS: 5342
SPS: 5343
SPS: 5342
SPS: 5342
global_step=5887616, episodic_return=1.0 (n=128)
SPS: 5343
SPS: 5343
SPS: 5343
SPS: 5343
SPS: 5343
SPS: 5343
SPS: 5344
SPS: 5344
SPS: 5344
SPS: 5344
SPS: 5344
SPS: 5344
SPS: 5344
SPS: 5344
SPS: 5344
SPS: 5344
global_step=5954688, episodic_return=0.0 (n=128)
SPS: 5344
SPS: 5344
SPS: 5345
SPS: 5345
SPS: 5345
SPS: 5345
SPS: 5345
SPS: 5345
SPS: 5345
SPS: 5346
SPS: 5346
SPS: 5346
SPS: 5346
SPS: 5346
SPS: 5347
SPS: 5347
SPS: 5347
SPS: 5347
global_step=6026240, episodic_return=4.0 (n=128)
SPS: 5347
SPS: 5347
SPS: 5347
SPS: 5348
SPS: 5348
SPS: 5348
SPS: 5348
SPS: 5348
SPS: 5348
SPS: 5348
SPS: 5348
SPS: 5348
SPS: 5348
SPS: 5349
SPS: 5349
SPS: 5349
global_step=6094720, episodic_return=0.0 (n=128)
SPS: 5349
SPS: 5349
SPS: 5349
SPS: 5348
SPS: 5349
SPS: 5349
SPS: 5349
SPS: 5349
SPS: 5349
SPS: 5350
SPS: 5349
SPS: 5349
SPS: 5349
SPS: 5349
SPS: 5350
SPS: 5350
SPS: 5350
global_step=6162432, episodic_return=0.0 (n=128)
SPS: 5350
SPS: 5349
SPS: 5349
SPS: 5350
SPS: 5350
SPS: 5350
SPS: 5350
SPS: 5350
SPS: 5350
SPS: 5350
SPS: 5350
SPS: 5351
SPS: 5351
SPS: 5351
SPS: 5351
SPS: 5351
SPS: 5351
SPS: 5351
global_step=6236544, episodic_return=1.0 (n=128)
SPS: 5351
SPS: 5352
SPS: 5352
SPS: 5352
SPS: 5352
SPS: 5352
SPS: 5352
SPS: 5352
SPS: 5352
SPS: 5352
SPS: 5352
SPS: 5352
SPS: 5352
SPS: 5353
SPS: 5352
SPS: 5352
SPS: 5352
global_step=6307840, episodic_return=0.0 (n=128)
SPS: 5353
SPS: 5353
SPS: 5353
SPS: 5353
SPS: 5353
SPS: 5353
SPS: 5353
SPS: 5353
SPS: 5353
SPS: 5353
SPS: 5353
SPS: 5353
SPS: 5353
SPS: 5353
SPS: 5353
SPS: 5353
SPS: 5353
SPS: 5352
global_step=6379904, episodic_return=1.0 (n=128)
SPS: 5351
SPS: 5351
SPS: 5351
SPS: 5351
SPS: 5350
SPS: 5350
SPS: 5350
SPS: 5350
SPS: 5350
SPS: 5351
SPS: 5351
SPS: 5351
SPS: 5351
SPS: 5351
SPS: 5351
SPS: 5350
SPS: 5349
SPS: 5349
SPS: 5349
global_step=6456704, episodic_return=4.0 (n=128)
SPS: 5349
SPS: 5348
SPS: 5348
SPS: 5347
SPS: 5347
SPS: 5346
SPS: 5346
SPS: 5346
SPS: 5345
SPS: 5344
SPS: 5344
SPS: 5345
SPS: 5345
SPS: 5344
SPS: 5344
SPS: 5345
SPS: 5345
global_step=6527488, episodic_return=3.0 (n=128)
SPS: 5345
SPS: 5344
SPS: 5344
SPS: 5344
SPS: 5344
SPS: 5344
SPS: 5344
SPS: 5344
SPS: 5344
SPS: 5344
SPS: 5344
SPS: 5344
SPS: 5344
SPS: 5344
SPS: 5344
SPS: 5344
SPS: 5344
global_step=6598400, episodic_return=0.0 (n=128)
SPS: 5344
SPS: 5344
SPS: 5343
SPS: 5343
SPS: 5343
SPS: 5343
SPS: 5343
SPS: 5343
SPS: 5343
SPS: 5343
SPS: 5344
SPS: 5344
SPS: 5344
SPS: 5344
SPS: 5345
SPS: 5345
SPS: 5345
SPS: 5344
global_step=6671488, episodic_return=4.0 (n=128)
SPS: 5345
SPS: 5345
SPS: 5344
SPS: 5344
SPS: 5344
SPS: 5343
SPS: 5343
SPS: 5342
SPS: 5342
SPS: 5342
SPS: 5342
SPS: 5342
SPS: 5342
SPS: 5342
SPS: 5342
SPS: 5342
SPS: 5343
global_step=6740096, episodic_return=1.0 (n=128)
SPS: 5343
SPS: 5342
SPS: 5343
SPS: 5342
SPS: 5342
SPS: 5342
SPS: 5342
SPS: 5342
SPS: 5343
SPS: 5343
SPS: 5343
SPS: 5343
SPS: 5343
SPS: 5343
SPS: 5343
SPS: 5344
SPS: 5344
SPS: 5344
global_step=6813312, episodic_return=1.0 (n=128)
SPS: 5344
SPS: 5344
SPS: 5344
SPS: 5344
SPS: 5344
SPS: 5345
SPS: 5344
SPS: 5344
SPS: 5344
SPS: 5344
SPS: 5344
SPS: 5344
SPS: 5344
SPS: 5344
SPS: 5344
SPS: 5344
SPS: 5344
SPS: 5344
global_step=6887552, episodic_return=4.0 (n=128)
SPS: 5344
SPS: 5344
SPS: 5344
SPS: 5344
SPS: 5343
SPS: 5343
SPS: 5343
SPS: 5343
SPS: 5342
SPS: 5342
SPS: 5342
SPS: 5342
SPS: 5342
SPS: 5342
SPS: 5342
SPS: 5342
SPS: 5342
SPS: 5342
SPS: 5342
global_step=6965248, episodic_return=5.0 (n=128)
SPS: 5342
SPS: 5342
SPS: 5341
SPS: 5341
SPS: 5341
SPS: 5341
SPS: 5341
SPS: 5341
SPS: 5342
SPS: 5342
SPS: 5342
SPS: 5342
SPS: 5342
SPS: 5342
SPS: 5342
SPS: 5342
global_step=7031936, episodic_return=0.0 (n=128)
SPS: 5342
SPS: 5342
SPS: 5342
SPS: 5342
SPS: 5342
SPS: 5342
SPS: 5342
SPS: 5342
SPS: 5342
SPS: 5342
SPS: 5342
SPS: 5341
SPS: 5341
SPS: 5341
SPS: 5340
SPS: 5340
SPS: 5340
SPS: 5340
global_step=7105920, episodic_return=4.0 (n=128)
SPS: 5340
SPS: 5340
SPS: 5340
SPS: 5340
SPS: 5340
SPS: 5340
SPS: 5340
SPS: 5340
SPS: 5340
SPS: 5340
SPS: 5340
SPS: 5340
SPS: 5340
SPS: 5339
SPS: 5339
SPS: 5339
SPS: 5339
SPS: 5339
global_step=7176960, episodic_return=1.0 (n=128)
SPS: 5339
SPS: 5338
SPS: 5338
SPS: 5338
SPS: 5338
SPS: 5338
SPS: 5337
SPS: 5337
SPS: 5338
SPS: 5338
SPS: 5338
SPS: 5338
SPS: 5338
SPS: 5338
SPS: 5338
SPS: 5338
global_step=7241856, episodic_return=0.0 (n=128)
SPS: 5338
SPS: 5338
SPS: 5338
SPS: 5338
SPS: 5338
SPS: 5338
SPS: 5338
SPS: 5338
SPS: 5338
SPS: 5338
SPS: 5338
SPS: 5338
SPS: 5338
SPS: 5338
SPS: 5338
SPS: 5338
SPS: 5338
SPS: 5338
global_step=7316224, episodic_return=12.0 (n=128)
SPS: 5338
SPS: 5339
SPS: 5339
SPS: 5338
SPS: 5338
SPS: 5338
SPS: 5338
SPS: 5338
SPS: 5338
SPS: 5338
SPS: 5338
SPS: 5338
SPS: 5338
SPS: 5338
SPS: 5338
SPS: 5338
SPS: 5338
global_step=7387904, episodic_return=0.0 (n=128)
SPS: 5338
SPS: 5339
SPS: 5339
SPS: 5339
SPS: 5339
SPS: 5339
SPS: 5339
SPS: 5340
SPS: 5340
SPS: 5340
SPS: 5340
SPS: 5340
SPS: 5340
SPS: 5340
SPS: 5340
SPS: 5340
global_step=7453312, episodic_return=3.0 (n=128)
SPS: 5340
SPS: 5340
SPS: 5340
SPS: 5340
SPS: 5340
SPS: 5340
SPS: 5341
SPS: 5341
SPS: 5341
SPS: 5341
SPS: 5341
SPS: 5342
SPS: 5342
SPS: 5342
SPS: 5342
SPS: 5342
SPS: 5343
global_step=7521792, episodic_return=0.0 (n=128)
SPS: 5343
SPS: 5343
SPS: 5343
SPS: 5343
SPS: 5344
SPS: 5344
SPS: 5344
SPS: 5343
SPS: 5344
SPS: 5344
SPS: 5344
SPS: 5344
SPS: 5344
SPS: 5345
SPS: 5345
SPS: 5345
SPS: 5345
SPS: 5345
global_step=7594368, episodic_return=3.0 (n=128)
SPS: 5345
SPS: 5345
SPS: 5345
SPS: 5345
SPS: 5346
SPS: 5346
SPS: 5346
SPS: 5346
SPS: 5346
SPS: 5346
SPS: 5346
SPS: 5346
SPS: 5346
SPS: 5346
SPS: 5346
SPS: 5346
SPS: 5346
SPS: 5346
global_step=7671296, episodic_return=14.0 (n=128)
SPS: 5346
SPS: 5346
SPS: 5346
SPS: 5346
SPS: 5346
SPS: 5345
SPS: 5346
SPS: 5346
SPS: 5346
SPS: 5346
SPS: 5346
SPS: 5346
SPS: 5346
SPS: 5346
SPS: 5346
SPS: 5346
SPS: 5346
SPS: 5346
global_step=7743616, episodic_return=9.0 (n=128)
SPS: 5346
SPS: 5346
SPS: 5347
SPS: 5347
SPS: 5347
SPS: 5347
SPS: 5347
SPS: 5347
SPS: 5347
SPS: 5348
SPS: 5348
SPS: 5348
SPS: 5348
SPS: 5348
SPS: 5348
SPS: 5349
SPS: 5349
SPS: 5349
global_step=7816832, episodic_return=1.0 (n=128)
SPS: 5349
SPS: 5349
SPS: 5350
SPS: 5350
SPS: 5350
SPS: 5350
SPS: 5350
SPS: 5350
SPS: 5351
SPS: 5351
SPS: 5351
SPS: 5351
SPS: 5351
SPS: 5351
SPS: 5351
SPS: 5351
SPS: 5352
global_step=7888512, episodic_return=1.0 (n=128)
SPS: 5351
SPS: 5352
SPS: 5352
SPS: 5352
SPS: 5352
SPS: 5352
SPS: 5352
SPS: 5352
SPS: 5352
SPS: 5353
SPS: 5353
SPS: 5353
SPS: 5353
SPS: 5353
SPS: 5353
SPS: 5353
SPS: 5353
SPS: 5353
global_step=7959680, episodic_return=0.0 (n=128)
SPS: 5353
SPS: 5353
SPS: 5353
SPS: 5353
SPS: 5353
SPS: 5353
SPS: 5353
SPS: 5353
SPS: 5354
SPS: 5354
SPS: 5354
SPS: 5354
SPS: 5354
SPS: 5354
SPS: 5355
SPS: 5355
SPS: 5355
global_step=8030080, episodic_return=0.0 (n=128)
SPS: 5355
SPS: 5355
SPS: 5356
SPS: 5356
SPS: 5356
SPS: 5356
SPS: 5356
SPS: 5356
SPS: 5356
SPS: 5357
SPS: 5357
SPS: 5357
SPS: 5356
SPS: 5356
SPS: 5357
SPS: 5357
SPS: 5357
global_step=8098304, episodic_return=3.0 (n=128)
SPS: 5357
SPS: 5357
SPS: 5357
SPS: 5357
SPS: 5358
SPS: 5358
SPS: 5358
SPS: 5358
SPS: 5357
SPS: 5357
SPS: 5358
SPS: 5358
SPS: 5357
SPS: 5357
SPS: 5357
SPS: 5358
global_step=8165248, episodic_return=0.0 (n=128)
SPS: 5358
SPS: 5358
SPS: 5358
SPS: 5358
SPS: 5359
SPS: 5359
SPS: 5359
SPS: 5359
SPS: 5358
SPS: 5358
SPS: 5358
SPS: 5358
SPS: 5358
SPS: 5358
SPS: 5358
SPS: 5358
SPS: 5357
SPS: 5357
SPS: 5357
global_step=8242304, episodic_return=8.0 (n=128)
SPS: 5357
SPS: 5357
SPS: 5357
SPS: 5357
SPS: 5357
SPS: 5357
SPS: 5357
SPS: 5357
SPS: 5357
SPS: 5357
SPS: 5357
SPS: 5357
SPS: 5356
SPS: 5357
SPS: 5357
SPS: 5357
SPS: 5357
SPS: 5357
SPS: 5357
SPS: 5357
SPS: 5357
SPS: 5357
SPS: 5357
SPS: 5357
SPS: 5356
SPS: 5357
SPS: 5357
SPS: 5357
global_step=8357760, episodic_return=18.0 (n=128)
SPS: 5357
SPS: 5357
SPS: 5357
SPS: 5356
SPS: 5356
SPS: 5357
SPS: 5356
SPS: 5356
SPS: 5356
SPS: 5356
SPS: 5356
SPS: 5356
SPS: 5356
SPS: 5357
SPS: 5356
SPS: 5356
SPS: 5356
global_step=8427776, episodic_return=0.0 (n=128)
SPS: 5356
SPS: 5357
SPS: 5357
SPS: 5357
SPS: 5357
SPS: 5357
SPS: 5356
SPS: 5356
SPS: 5356
SPS: 5356
SPS: 5356
SPS: 5356
SPS: 5356
SPS: 5354
SPS: 5354
SPS: 5354
SPS: 5354
SPS: 5354
global_step=8499328, episodic_return=5.0 (n=128)
SPS: 5354
SPS: 5354
SPS: 5354
SPS: 5354
SPS: 5354
SPS: 5354
SPS: 5354
SPS: 5355
SPS: 5355
SPS: 5354
SPS: 5354
SPS: 5355
SPS: 5355
SPS: 5354
SPS: 5354
SPS: 5355
SPS: 5355
SPS: 5355
SPS: 5355
SPS: 5355
SPS: 5355
SPS: 5355
SPS: 5355
SPS: 5355
global_step=8601088, episodic_return=1.0 (n=128)
SPS: 5355
SPS: 5355
SPS: 5355
SPS: 5355
SPS: 5355
SPS: 5355
SPS: 5355
SPS: 5355
SPS: 5355
SPS: 5355
SPS: 5354
SPS: 5354
SPS: 5353
SPS: 5353
SPS: 5354
SPS: 5353
SPS: 5353
global_step=8671232, episodic_return=0.0 (n=128)
SPS: 5353
SPS: 5353
SPS: 5353
SPS: 5353
SPS: 5352
SPS: 5352
SPS: 5352
SPS: 5352
SPS: 5352
SPS: 5352
SPS: 5351
SPS: 5351
SPS: 5351
SPS: 5351
SPS: 5351
SPS: 5351
SPS: 5351
SPS: 5351
global_step=8742272, episodic_return=0.0 (n=128)
SPS: 5350
SPS: 5350
SPS: 5350
SPS: 5350
SPS: 5350
SPS: 5349
SPS: 5349
SPS: 5349
SPS: 5349
SPS: 5349
SPS: 5349
SPS: 5349
SPS: 5350
SPS: 5350
SPS: 5349
SPS: 5350
SPS: 5350
global_step=8811648, episodic_return=5.0 (n=128)
SPS: 5350
SPS: 5350
SPS: 5350
SPS: 5350
SPS: 5350
SPS: 5350
SPS: 5350
SPS: 5350
SPS: 5350
SPS: 5350
SPS: 5349
SPS: 5349
SPS: 5349
SPS: 5349
SPS: 5349
SPS: 5349
SPS: 5349
SPS: 5349
global_step=8886528, episodic_return=7.0 (n=128)
SPS: 5349
SPS: 5349
SPS: 5349
SPS: 5349
SPS: 5349
SPS: 5350
SPS: 5349
SPS: 5349
SPS: 5349
SPS: 5349
SPS: 5349
SPS: 5349
SPS: 5349
SPS: 5349
SPS: 5349
SPS: 5349
SPS: 5349
SPS: 5348
global_step=8958336, episodic_return=0.0 (n=128)
SPS: 5348
SPS: 5348
SPS: 5348
SPS: 5348
SPS: 5348
SPS: 5348
SPS: 5348
SPS: 5347
SPS: 5347
SPS: 5347
SPS: 5347
SPS: 5347
SPS: 5347
SPS: 5347
SPS: 5347
SPS: 5347
global_step=9025792, episodic_return=0.0 (n=128)
SPS: 5347
SPS: 5347
SPS: 5347
SPS: 5347
SPS: 5347
SPS: 5347
SPS: 5348
SPS: 5348
SPS: 5348
SPS: 5348
SPS: 5348
SPS: 5348
SPS: 5348
SPS: 5348
SPS: 5348
SPS: 5348
SPS: 5348
SPS: 5348
SPS: 5348
global_step=9101696, episodic_return=4.0 (n=128)
SPS: 5348
SPS: 5348
SPS: 5349
SPS: 5349
SPS: 5349
SPS: 5349
SPS: 5349
SPS: 5349
SPS: 5349
SPS: 5349
SPS: 5349
SPS: 5349
SPS: 5349
SPS: 5349
SPS: 5350
SPS: 5350
global_step=9169536, episodic_return=0.0 (n=128)
SPS: 5349
SPS: 5349
SPS: 5349
SPS: 5349
SPS: 5349
SPS: 5349
SPS: 5350
SPS: 5350
SPS: 5350
SPS: 5350
SPS: 5350
SPS: 5350
SPS: 5350
SPS: 5350
SPS: 5350
SPS: 5350
SPS: 5349
global_step=9239808, episodic_return=3.0 (n=128)
SPS: 5349
SPS: 5349
SPS: 5349
SPS: 5349
SPS: 5349
SPS: 5348
SPS: 5349
SPS: 5349
SPS: 5349
SPS: 5349
SPS: 5348
SPS: 5349
SPS: 5349
SPS: 5349
SPS: 5349
SPS: 5349
global_step=9306112, episodic_return=1.0 (n=128)
SPS: 5349
SPS: 5349
SPS: 5349
SPS: 5349
SPS: 5350
SPS: 5349
SPS: 5350
SPS: 5349
SPS: 5349
SPS: 5349
SPS: 5349
SPS: 5349
SPS: 5349
SPS: 5349
SPS: 5349
SPS: 5349
SPS: 5349
SPS: 5349
SPS: 5350
global_step=9380096, episodic_return=5.0 (n=128)
SPS: 5350
SPS: 5350
SPS: 5350
SPS: 5350
SPS: 5350
SPS: 5350
SPS: 5350
SPS: 5350
SPS: 5350
SPS: 5350
SPS: 5351
SPS: 5351
SPS: 5351
SPS: 5351
SPS: 5351
SPS: 5351
global_step=9447168, episodic_return=1.0 (n=128)
SPS: 5351
SPS: 5351
SPS: 5351
SPS: 5352
SPS: 5352
SPS: 5352
SPS: 5352
SPS: 5352
SPS: 5352
SPS: 5352
SPS: 5352
SPS: 5352
SPS: 5353
SPS: 5353
SPS: 5353
SPS: 5353
SPS: 5353
global_step=9518208, episodic_return=4.0 (n=128)
SPS: 5353
SPS: 5353
SPS: 5353
SPS: 5354
SPS: 5354
SPS: 5354
SPS: 5354
SPS: 5354
SPS: 5354
SPS: 5354
SPS: 5354
SPS: 5355
SPS: 5354
SPS: 5354
SPS: 5355
SPS: 5355
SPS: 5355
global_step=9587328, episodic_return=0.0 (n=128)
SPS: 5355
SPS: 5355
SPS: 5355
SPS: 5355
SPS: 5355
SPS: 5355
SPS: 5355
SPS: 5355
SPS: 5356
SPS: 5356
SPS: 5356
SPS: 5356
SPS: 5356
SPS: 5356
SPS: 5356
SPS: 5356
SPS: 5356
global_step=9655680, episodic_return=0.0 (n=128)
SPS: 5356
SPS: 5356
SPS: 5356
SPS: 5356
SPS: 5356
SPS: 5356
SPS: 5357
SPS: 5357
SPS: 5357
SPS: 5357
SPS: 5357
SPS: 5357
SPS: 5357
SPS: 5356
SPS: 5355
SPS: 5354
SPS: 5353
global_step=9726976, episodic_return=10.0 (n=128)
SPS: 5353
SPS: 5353
SPS: 5353
SPS: 5353
SPS: 5353
SPS: 5353
SPS: 5352
SPS: 5352
SPS: 5352
SPS: 5353
SPS: 5353
SPS: 5353
SPS: 5353
SPS: 5353
SPS: 5353
SPS: 5353
SPS: 5353
SPS: 5353
SPS: 5353
global_step=9804416, episodic_return=1.0 (n=128)
SPS: 5353
SPS: 5353
SPS: 5352
SPS: 5352
SPS: 5353
SPS: 5353
SPS: 5352
SPS: 5352
SPS: 5352
SPS: 5352
SPS: 5352
SPS: 5352
SPS: 5352
SPS: 5352
SPS: 5352
SPS: 5352
global_step=9871232, episodic_return=6.0 (n=128)
SPS: 5352
SPS: 5352
SPS: 5352
SPS: 5352
SPS: 5352
SPS: 5352
SPS: 5352
SPS: 5352
SPS: 5352
SPS: 5352
SPS: 5352
SPS: 5352
SPS: 5352
SPS: 5353
SPS: 5353
SPS: 5352
SPS: 5353
global_step=9938944, episodic_return=0.0 (n=128)
SPS: 5353
SPS: 5353
SPS: 5353
SPS: 5353
SPS: 5353
SPS: 5353
SPS: 5353
SPS: 5353
SPS: 5353
SPS: 5353
SPS: 5354
SPS: 5354
SPS: 5354
SPS: 5354
SPS: 5354
Results saved to /runs/h000__Amidar-v5_s1.csv
slurmstepd: error: run_script_as_user: couldn't change working dir to /home/rogercc/'/scratch/rogercc/cleanrl': No such file or directory
