sending incremental file list
auto-cleanrl.sif

sent 4,938,043,507 bytes  received 35 bytes  395,043,483.36 bytes/sec
total size is 4,945,334,272  speedup is 1.00
/usr/local/lib/python3.10/dist-packages/treevalue/tree/integration/torch.py:23: FutureWarning: `torch.utils._pytree._register_pytree_node` is deprecated. Please use `torch.utils._pytree.register_pytree_node` instead.
  register_for_torch(TreeValue)
/usr/local/lib/python3.10/dist-packages/treevalue/tree/integration/torch.py:24: FutureWarning: `torch.utils._pytree._register_pytree_node` is deprecated. Please use `torch.utils._pytree.register_pytree_node` instead.
  register_for_torch(FastTreeValue)
Gym has been unmaintained since 2022 and does not support NumPy 2.0 amongst other critical functionality.
Please upgrade to Gymnasium, the maintained drop-in replacement of Gym, or contact the authors of your software and request that they upgrade.
See the migration guide at https://gymnasium.farama.org/introduction/migration_guide/ for additional information.
/usr/local/lib/python3.10/dist-packages/tyro/_parsers.py:353: UserWarning: The field `wandb-entity` is annotated with type `<class 'str'>`, but the default value `None` has type `<class 'NoneType'>`. We'll try to handle this gracefully, but it may cause unexpected behavior.
  warnings.warn(message)
/usr/local/lib/python3.10/dist-packages/tyro/_parsers.py:353: UserWarning: The field `target-kl` is annotated with type `<class 'float'>`, but the default value `None` has type `<class 'NoneType'>`. We'll try to handle this gracefully, but it may cause unexpected behavior.
  warnings.warn(message)
SPS: 1452
SPS: 1875
SPS: 2079
SPS: 2202
SPS: 2292
SPS: 2343
SPS: 2393
SPS: 2430
SPS: 2462
SPS: 2484
SPS: 2502
SPS: 2519
SPS: 2538
SPS: 2545
SPS: 2555
global_step=62080, episodic_return=95.0 (n=128)
SPS: 2558
SPS: 2566
SPS: 2571
SPS: 2573
SPS: 2578
SPS: 2581
SPS: 2584
SPS: 2590
SPS: 2592
SPS: 2597
SPS: 2602
SPS: 2605
SPS: 2607
SPS: 2608
SPS: 2610
SPS: 2612
global_step=128000, episodic_return=195.0 (n=128)
SPS: 2615
SPS: 2614
SPS: 2614
SPS: 2615
SPS: 2616
SPS: 2617
SPS: 2616
SPS: 2616
SPS: 2616
SPS: 2617
SPS: 2617
SPS: 2616
SPS: 2617
SPS: 2617
SPS: 2618
SPS: 2618
SPS: 2620
global_step=197632, episodic_return=130.0 (n=128)
SPS: 2620
SPS: 2621
SPS: 2623
SPS: 2624
SPS: 2624
SPS: 2624
SPS: 2623
SPS: 2624
SPS: 2624
SPS: 2624
SPS: 2625
SPS: 2626
SPS: 2625
SPS: 2626
global_step=256768, episodic_return=75.0 (n=128)
SPS: 2625
SPS: 2624
SPS: 2625
SPS: 2625
SPS: 2624
SPS: 2624
SPS: 2625
SPS: 2626
SPS: 2627
SPS: 2627
SPS: 2628
SPS: 2628
SPS: 2629
SPS: 2630
SPS: 2630
SPS: 2631
SPS: 2631
SPS: 2632
global_step=328704, episodic_return=155.0 (n=128)
SPS: 2633
SPS: 2633
SPS: 2633
SPS: 2633
SPS: 2633
SPS: 2633
SPS: 2634
SPS: 2633
SPS: 2634
SPS: 2634
SPS: 2634
SPS: 2635
SPS: 2635
global_step=384128, episodic_return=60.0 (n=128)
SPS: 2635
SPS: 2636
SPS: 2637
SPS: 2638
SPS: 2638
SPS: 2638
SPS: 2638
SPS: 2638
SPS: 2639
SPS: 2638
SPS: 2638
SPS: 2639
SPS: 2639
SPS: 2639
SPS: 2638
SPS: 2638
SPS: 2638
SPS: 2638
SPS: 2638
SPS: 2638
SPS: 2638
SPS: 2638
SPS: 2638
global_step=478720, episodic_return=215.0 (n=128)
SPS: 2638
SPS: 2639
SPS: 2639
SPS: 2639
SPS: 2640
SPS: 2640
SPS: 2640
SPS: 2640
SPS: 2640
SPS: 2640
SPS: 2640
SPS: 2640
SPS: 2639
SPS: 2639
global_step=535040, episodic_return=155.0 (n=128)
SPS: 2639
SPS: 2639
SPS: 2639
SPS: 2639
SPS: 2639
SPS: 2639
SPS: 2639
SPS: 2639
SPS: 2640
SPS: 2640
SPS: 2640
SPS: 2640
SPS: 2640
SPS: 2638
SPS: 2636
global_step=598016, episodic_return=120.0 (n=128)
SPS: 2637
SPS: 2637
SPS: 2638
SPS: 2638
SPS: 2638
SPS: 2638
SPS: 2639
SPS: 2637
SPS: 2637
SPS: 2636
SPS: 2635
SPS: 2635
global_step=645376, episodic_return=80.0 (n=128)
SPS: 2635
SPS: 2634
SPS: 2633
SPS: 2632
SPS: 2630
SPS: 2631
SPS: 2629
SPS: 2630
SPS: 2630
SPS: 2630
SPS: 2630
global_step=692224, episodic_return=105.0 (n=128)
SPS: 2629
SPS: 2628
SPS: 2628
SPS: 2628
SPS: 2628
SPS: 2628
SPS: 2628
SPS: 2629
SPS: 2629
SPS: 2628
SPS: 2627
SPS: 2626
SPS: 2626
SPS: 2626
SPS: 2627
SPS: 2627
SPS: 2627
SPS: 2627
SPS: 2627
SPS: 2626
SPS: 2627
SPS: 2626
SPS: 2626
global_step=785536, episodic_return=225.0 (n=128)
SPS: 2625
SPS: 2625
SPS: 2625
SPS: 2626
SPS: 2625
SPS: 2625
SPS: 2625
SPS: 2626
SPS: 2626
SPS: 2626
SPS: 2626
SPS: 2626
SPS: 2627
SPS: 2627
SPS: 2627
SPS: 2627
SPS: 2627
global_step=855296, episodic_return=165.0 (n=128)
SPS: 2628
SPS: 2628
SPS: 2628
SPS: 2628
SPS: 2627
SPS: 2628
SPS: 2627
SPS: 2627
SPS: 2627
SPS: 2628
SPS: 2627
SPS: 2627
global_step=903808, episodic_return=15.0 (n=128)
SPS: 2627
SPS: 2627
SPS: 2628
SPS: 2628
SPS: 2628
SPS: 2628
SPS: 2628
SPS: 2628
SPS: 2628
SPS: 2628
global_step=945664, episodic_return=35.0 (n=128)
SPS: 2628
SPS: 2628
SPS: 2628
SPS: 2628
SPS: 2628
SPS: 2628
SPS: 2628
SPS: 2628
SPS: 2627
SPS: 2627
SPS: 2627
SPS: 2627
global_step=993152, episodic_return=45.0 (n=128)
SPS: 2627
SPS: 2627
SPS: 2627
SPS: 2627
SPS: 2627
SPS: 2627
SPS: 2627
SPS: 2627
SPS: 2627
SPS: 2628
SPS: 2628
SPS: 2628
global_step=1044480, episodic_return=20.0 (n=128)
SPS: 2628
SPS: 2628
SPS: 2628
SPS: 2628
SPS: 2628
SPS: 2627
SPS: 2627
SPS: 2627
SPS: 2627
SPS: 2627
SPS: 2627
SPS: 2626
SPS: 2626
SPS: 2626
SPS: 2626
SPS: 2626
SPS: 2626
SPS: 2626
SPS: 2626
global_step=1118464, episodic_return=125.0 (n=128)
SPS: 2626
SPS: 2626
SPS: 2626
SPS: 2626
SPS: 2626
SPS: 2626
SPS: 2626
SPS: 2626
SPS: 2626
SPS: 2626
SPS: 2626
SPS: 2626
global_step=1168384, episodic_return=75.0 (n=128)
SPS: 2626
SPS: 2626
SPS: 2626
SPS: 2626
SPS: 2626
SPS: 2626
SPS: 2626
SPS: 2625
SPS: 2626
SPS: 2626
SPS: 2626
SPS: 2626
SPS: 2626
SPS: 2626
SPS: 2626
SPS: 2626
SPS: 2626
SPS: 2626
SPS: 2626
SPS: 2626
global_step=1251712, episodic_return=105.0 (n=128)
SPS: 2626
SPS: 2625
SPS: 2625
SPS: 2625
SPS: 2625
SPS: 2625
SPS: 2625
SPS: 2626
SPS: 2626
SPS: 2625
SPS: 2625
SPS: 2625
SPS: 2625
SPS: 2625
global_step=1308288, episodic_return=60.0 (n=128)
SPS: 2625
SPS: 2625
SPS: 2625
SPS: 2626
SPS: 2625
SPS: 2626
SPS: 2626
SPS: 2626
SPS: 2626
SPS: 2626
SPS: 2626
SPS: 2625
SPS: 2626
SPS: 2625
global_step=1367936, episodic_return=120.0 (n=128)
SPS: 2625
SPS: 2625
SPS: 2625
SPS: 2625
SPS: 2625
SPS: 2625
SPS: 2625
SPS: 2625
SPS: 2624
SPS: 2624
SPS: 2624
SPS: 2624
SPS: 2624
SPS: 2624
SPS: 2624
global_step=1429248, episodic_return=135.0 (n=128)
SPS: 2624
SPS: 2624
SPS: 2624
SPS: 2625
SPS: 2625
SPS: 2625
SPS: 2625
SPS: 2625
SPS: 2625
SPS: 2625
SPS: 2625
SPS: 2625
SPS: 2625
SPS: 2625
SPS: 2625
SPS: 2625
global_step=1493888, episodic_return=155.0 (n=128)
SPS: 2625
SPS: 2625
SPS: 2625
SPS: 2625
SPS: 2625
SPS: 2625
SPS: 2625
SPS: 2625
SPS: 2625
SPS: 2625
SPS: 2625
SPS: 2625
SPS: 2625
SPS: 2625
SPS: 2625
SPS: 2625
SPS: 2625
global_step=1561984, episodic_return=135.0 (n=128)
SPS: 2625
SPS: 2626
SPS: 2626
SPS: 2626
SPS: 2626
SPS: 2626
SPS: 2626
SPS: 2626
SPS: 2626
SPS: 2626
SPS: 2626
SPS: 2626
SPS: 2626
SPS: 2626
SPS: 2626
SPS: 2626
SPS: 2626
SPS: 2626
global_step=1638016, episodic_return=375.0 (n=128)
SPS: 2626
SPS: 2626
SPS: 2626
SPS: 2626
SPS: 2626
SPS: 2627
SPS: 2626
SPS: 2626
SPS: 2626
SPS: 2627
SPS: 2627
SPS: 2627
SPS: 2627
SPS: 2627
SPS: 2627
SPS: 2627
SPS: 2627
SPS: 2627
SPS: 2627
global_step=1715200, episodic_return=355.0 (n=128)
SPS: 2627
SPS: 2627
SPS: 2627
SPS: 2627
SPS: 2627
SPS: 2627
SPS: 2627
SPS: 2627
SPS: 2627
SPS: 2627
SPS: 2627
SPS: 2627
SPS: 2627
SPS: 2627
SPS: 2626
SPS: 2626
global_step=1779968, episodic_return=180.0 (n=128)
SPS: 2626
SPS: 2626
SPS: 2626
SPS: 2626
SPS: 2626
SPS: 2626
SPS: 2626
SPS: 2626
SPS: 2626
SPS: 2626
SPS: 2625
SPS: 2625
SPS: 2625
SPS: 2625
SPS: 2625
SPS: 2625
SPS: 2625
SPS: 2625
SPS: 2625
SPS: 2625
global_step=1862144, episodic_return=215.0 (n=128)
SPS: 2625
SPS: 2625
SPS: 2625
SPS: 2625
SPS: 2625
SPS: 2625
SPS: 2625
SPS: 2625
SPS: 2625
SPS: 2625
SPS: 2625
SPS: 2625
SPS: 2625
SPS: 2625
SPS: 2625
SPS: 2625
SPS: 2625
SPS: 2625
SPS: 2625
SPS: 2625
SPS: 2625
SPS: 2625
global_step=1952512, episodic_return=315.0 (n=128)
SPS: 2625
SPS: 2625
SPS: 2625
SPS: 2625
SPS: 2625
SPS: 2625
SPS: 2625
SPS: 2625
SPS: 2625
SPS: 2624
SPS: 2624
SPS: 2624
SPS: 2624
SPS: 2624
SPS: 2624
SPS: 2624
SPS: 2624
SPS: 2624
SPS: 2624
global_step=2029184, episodic_return=170.0 (n=128)
SPS: 2624
SPS: 2624
SPS: 2624
SPS: 2624
SPS: 2624
SPS: 2624
SPS: 2624
SPS: 2624
SPS: 2624
SPS: 2624
global_step=2072064, episodic_return=125.0 (n=128)
SPS: 2624
SPS: 2624
SPS: 2624
SPS: 2624
SPS: 2624
SPS: 2624
SPS: 2624
SPS: 2624
SPS: 2624
global_step=2108672, episodic_return=30.0 (n=128)
SPS: 2624
SPS: 2624
SPS: 2624
SPS: 2624
SPS: 2624
SPS: 2624
SPS: 2624
SPS: 2624
SPS: 2624
SPS: 2624
SPS: 2624
SPS: 2624
SPS: 2624
global_step=2161536, episodic_return=30.0 (n=128)
SPS: 2624
SPS: 2624
SPS: 2624
SPS: 2624
SPS: 2624
SPS: 2624
SPS: 2624
SPS: 2624
SPS: 2624
SPS: 2624
SPS: 2624
SPS: 2624
SPS: 2624
SPS: 2624
SPS: 2624
SPS: 2624
SPS: 2624
SPS: 2624
SPS: 2624
global_step=2239872, episodic_return=215.0 (n=128)
SPS: 2624
SPS: 2624
SPS: 2624
SPS: 2624
SPS: 2624
SPS: 2624
SPS: 2624
SPS: 2624
SPS: 2624
SPS: 2624
SPS: 2624
SPS: 2624
SPS: 2624
SPS: 2624
SPS: 2624
global_step=2300800, episodic_return=120.0 (n=128)
SPS: 2624
SPS: 2624
SPS: 2624
SPS: 2624
SPS: 2624
SPS: 2624
SPS: 2624
SPS: 2624
SPS: 2624
SPS: 2624
SPS: 2624
SPS: 2624
SPS: 2624
SPS: 2624
SPS: 2624
global_step=2360960, episodic_return=210.0 (n=128)
SPS: 2624
SPS: 2624
SPS: 2624
SPS: 2624
SPS: 2624
SPS: 2624
SPS: 2624
SPS: 2624
SPS: 2624
SPS: 2624
SPS: 2624
SPS: 2624
SPS: 2624
SPS: 2624
SPS: 2624
SPS: 2623
SPS: 2623
SPS: 2623
SPS: 2623
global_step=2437632, episodic_return=75.0 (n=128)
SPS: 2623
SPS: 2624
SPS: 2624
SPS: 2624
SPS: 2624
SPS: 2624
SPS: 2624
SPS: 2624
SPS: 2624
SPS: 2624
SPS: 2624
SPS: 2623
SPS: 2623
global_step=2491776, episodic_return=80.0 (n=128)
SPS: 2623
SPS: 2623
SPS: 2623
SPS: 2623
SPS: 2623
SPS: 2623
SPS: 2623
SPS: 2623
SPS: 2623
SPS: 2624
SPS: 2623
SPS: 2623
global_step=2541952, episodic_return=150.0 (n=128)
SPS: 2623
SPS: 2623
SPS: 2623
SPS: 2624
SPS: 2624
SPS: 2623
SPS: 2624
SPS: 2624
SPS: 2624
global_step=2579840, episodic_return=15.0 (n=128)
SPS: 2624
SPS: 2623
SPS: 2623
SPS: 2623
SPS: 2623
SPS: 2623
SPS: 2623
SPS: 2623
SPS: 2623
SPS: 2623
SPS: 2623
SPS: 2623
SPS: 2623
SPS: 2623
SPS: 2623
SPS: 2624
SPS: 2624
global_step=2647040, episodic_return=115.0 (n=128)
SPS: 2624
SPS: 2623
SPS: 2623
SPS: 2623
SPS: 2623
SPS: 2623
SPS: 2623
SPS: 2623
SPS: 2624
SPS: 2623
SPS: 2624
SPS: 2624
SPS: 2624
SPS: 2624
SPS: 2624
SPS: 2624
SPS: 2624
SPS: 2624
global_step=2721664, episodic_return=155.0 (n=128)
SPS: 2624
SPS: 2624
SPS: 2624
SPS: 2624
SPS: 2624
SPS: 2624
SPS: 2624
SPS: 2624
SPS: 2624
SPS: 2624
SPS: 2624
SPS: 2624
SPS: 2624
SPS: 2624
SPS: 2624
SPS: 2624
SPS: 2624
SPS: 2624
SPS: 2624
SPS: 2624
SPS: 2624
SPS: 2624
global_step=2813440, episodic_return=240.0 (n=128)
SPS: 2624
SPS: 2624
SPS: 2624
SPS: 2624
SPS: 2624
SPS: 2624
SPS: 2624
SPS: 2624
SPS: 2624
SPS: 2624
SPS: 2624
SPS: 2624
SPS: 2624
SPS: 2624
SPS: 2624
SPS: 2624
SPS: 2624
SPS: 2624
SPS: 2624
global_step=2890240, episodic_return=140.0 (n=128)
SPS: 2624
SPS: 2624
SPS: 2624
SPS: 2624
SPS: 2624
SPS: 2624
SPS: 2624
SPS: 2624
SPS: 2624
global_step=2925312, episodic_return=105.0 (n=128)
SPS: 2624
SPS: 2624
SPS: 2624
SPS: 2624
SPS: 2624
SPS: 2624
SPS: 2623
SPS: 2623
SPS: 2623
SPS: 2623
SPS: 2623
SPS: 2623
SPS: 2623
SPS: 2623
SPS: 2623
SPS: 2624
global_step=2993664, episodic_return=370.0 (n=128)
SPS: 2623
SPS: 2623
SPS: 2623
SPS: 2624
SPS: 2624
SPS: 2623
SPS: 2623
SPS: 2623
SPS: 2623
SPS: 2623
SPS: 2623
SPS: 2623
SPS: 2623
SPS: 2623
SPS: 2623
SPS: 2623
SPS: 2623
SPS: 2623
SPS: 2623
global_step=3068800, episodic_return=210.0 (n=128)
SPS: 2623
SPS: 2623
SPS: 2623
SPS: 2623
SPS: 2623
SPS: 2623
SPS: 2623
SPS: 2623
SPS: 2623
global_step=3105536, episodic_return=35.0 (n=128)
SPS: 2623
SPS: 2623
SPS: 2623
SPS: 2623
SPS: 2623
SPS: 2623
SPS: 2623
SPS: 2623
SPS: 2623
SPS: 2623
SPS: 2623
SPS: 2623
SPS: 2623
SPS: 2623
global_step=3164928, episodic_return=65.0 (n=128)
SPS: 2623
SPS: 2623
SPS: 2623
SPS: 2623
SPS: 2623
SPS: 2623
SPS: 2623
SPS: 2623
SPS: 2623
SPS: 2623
SPS: 2623
SPS: 2623
SPS: 2623
SPS: 2623
SPS: 2623
SPS: 2623
SPS: 2623
SPS: 2623
SPS: 2623
SPS: 2623
SPS: 2623
SPS: 2623
SPS: 2623
SPS: 2623
SPS: 2623
SPS: 2623
SPS: 2623
SPS: 2623
SPS: 2623
global_step=3284352, episodic_return=270.0 (n=128)
SPS: 2623
SPS: 2623
SPS: 2623
SPS: 2623
SPS: 2623
SPS: 2623
SPS: 2623
SPS: 2623
SPS: 2623
SPS: 2623
SPS: 2623
SPS: 2623
SPS: 2623
SPS: 2623
SPS: 2623
SPS: 2623
SPS: 2623
SPS: 2623
SPS: 2623
SPS: 2623
SPS: 2623
SPS: 2623
SPS: 2623
SPS: 2623
SPS: 2623
global_step=3384448, episodic_return=290.0 (n=128)
SPS: 2623
SPS: 2623
SPS: 2623
SPS: 2623
SPS: 2623
SPS: 2623
SPS: 2623
SPS: 2623
SPS: 2623
SPS: 2623
SPS: 2623
global_step=3429632, episodic_return=60.0 (n=128)
SPS: 2623
SPS: 2623
SPS: 2623
SPS: 2623
SPS: 2623
SPS: 2623
SPS: 2623
SPS: 2623
SPS: 2623
global_step=3465472, episodic_return=50.0 (n=128)
SPS: 2623
SPS: 2623
SPS: 2623
SPS: 2623
SPS: 2623
SPS: 2623
SPS: 2623
SPS: 2623
SPS: 2623
SPS: 2623
SPS: 2623
SPS: 2622
SPS: 2623
SPS: 2623
SPS: 2623
SPS: 2623
SPS: 2623
SPS: 2623
SPS: 2623
SPS: 2623
SPS: 2623
SPS: 2623
global_step=3559296, episodic_return=315.0 (n=128)
SPS: 2623
SPS: 2623
SPS: 2623
SPS: 2623
SPS: 2623
SPS: 2623
SPS: 2623
SPS: 2623
SPS: 2623
SPS: 2623
SPS: 2623
SPS: 2623
SPS: 2623
SPS: 2623
SPS: 2623
SPS: 2623
SPS: 2623
SPS: 2623
SPS: 2623
SPS: 2623
SPS: 2623
SPS: 2623
global_step=3647744, episodic_return=245.0 (n=128)
SPS: 2623
SPS: 2623
SPS: 2623
SPS: 2623
SPS: 2623
SPS: 2623
SPS: 2623
SPS: 2623
global_step=3681792, episodic_return=45.0 (n=128)
SPS: 2623
SPS: 2623
SPS: 2623
SPS: 2622
SPS: 2622
SPS: 2622
SPS: 2622
SPS: 2623
SPS: 2623
global_step=3716992, episodic_return=100.0 (n=128)
SPS: 2623
SPS: 2623
SPS: 2623
SPS: 2623
SPS: 2623
SPS: 2623
SPS: 2623
SPS: 2623
SPS: 2622
SPS: 2622
SPS: 2622
SPS: 2622
SPS: 2622
SPS: 2622
global_step=3772928, episodic_return=135.0 (n=128)
SPS: 2622
SPS: 2622
SPS: 2622
SPS: 2622
SPS: 2622
SPS: 2622
SPS: 2622
SPS: 2622
SPS: 2622
SPS: 2622
SPS: 2622
SPS: 2622
SPS: 2622
SPS: 2622
SPS: 2622
SPS: 2622
SPS: 2622
global_step=3842944, episodic_return=125.0 (n=128)
SPS: 2622
SPS: 2622
SPS: 2622
SPS: 2622
SPS: 2622
SPS: 2622
SPS: 2622
SPS: 2622
SPS: 2622
SPS: 2622
SPS: 2622
SPS: 2622
SPS: 2622
SPS: 2622
SPS: 2622
SPS: 2622
global_step=3910784, episodic_return=155.0 (n=128)
SPS: 2622
SPS: 2622
SPS: 2622
SPS: 2622
SPS: 2622
SPS: 2622
SPS: 2622
SPS: 2622
SPS: 2622
global_step=3946496, episodic_return=45.0 (n=128)
SPS: 2622
SPS: 2622
SPS: 2622
SPS: 2622
SPS: 2622
SPS: 2622
SPS: 2622
SPS: 2622
SPS: 2622
SPS: 2622
SPS: 2622
SPS: 2622
SPS: 2622
global_step=3998336, episodic_return=105.0 (n=128)
SPS: 2622
SPS: 2622
SPS: 2622
SPS: 2622
SPS: 2622
SPS: 2622
SPS: 2622
SPS: 2622
SPS: 2622
SPS: 2622
SPS: 2622
SPS: 2622
SPS: 2622
SPS: 2622
SPS: 2622
global_step=4062976, episodic_return=145.0 (n=128)
SPS: 2622
SPS: 2622
SPS: 2622
SPS: 2622
SPS: 2621
SPS: 2621
SPS: 2621
SPS: 2621
SPS: 2621
global_step=4097792, episodic_return=80.0 (n=128)
SPS: 2621
SPS: 2621
SPS: 2621
SPS: 2621
SPS: 2621
SPS: 2621
SPS: 2621
SPS: 2621
SPS: 2621
SPS: 2621
SPS: 2621
SPS: 2621
SPS: 2621
SPS: 2621
SPS: 2621
SPS: 2621
SPS: 2621
SPS: 2621
SPS: 2621
SPS: 2621
SPS: 2621
SPS: 2621
SPS: 2621
SPS: 2621
global_step=4196608, episodic_return=475.0 (n=128)
SPS: 2621
SPS: 2621
SPS: 2621
SPS: 2621
SPS: 2621
SPS: 2621
SPS: 2621
SPS: 2621
SPS: 2621
SPS: 2621
SPS: 2621
SPS: 2621
SPS: 2621
SPS: 2621
SPS: 2621
global_step=4256768, episodic_return=130.0 (n=128)
SPS: 2621
SPS: 2621
SPS: 2621
SPS: 2621
SPS: 2621
SPS: 2621
SPS: 2621
SPS: 2621
SPS: 2621
SPS: 2621
SPS: 2621
SPS: 2621
SPS: 2621
SPS: 2621
SPS: 2621
global_step=4317824, episodic_return=155.0 (n=128)
SPS: 2621
SPS: 2621
SPS: 2621
SPS: 2621
SPS: 2621
SPS: 2621
SPS: 2621
SPS: 2621
SPS: 2621
SPS: 2621
SPS: 2621
SPS: 2621
SPS: 2620
SPS: 2620
SPS: 2620
SPS: 2620
global_step=4386048, episodic_return=210.0 (n=128)
SPS: 2620
SPS: 2620
SPS: 2620
SPS: 2620
SPS: 2620
SPS: 2620
SPS: 2620
SPS: 2620
SPS: 2620
global_step=4421888, episodic_return=65.0 (n=128)
SPS: 2620
SPS: 2620
SPS: 2620
SPS: 2620
SPS: 2620
SPS: 2620
SPS: 2620
SPS: 2620
SPS: 2620
SPS: 2620
SPS: 2620
SPS: 2620
SPS: 2620
SPS: 2620
SPS: 2620
SPS: 2620
SPS: 2620
SPS: 2620
global_step=4496768, episodic_return=285.0 (n=128)
SPS: 2620
SPS: 2620
SPS: 2620
SPS: 2620
SPS: 2620
SPS: 2620
SPS: 2620
SPS: 2620
SPS: 2620
SPS: 2620
SPS: 2620
SPS: 2620
SPS: 2620
SPS: 2620
SPS: 2620
SPS: 2620
global_step=4559488, episodic_return=110.0 (n=128)
SPS: 2620
SPS: 2620
SPS: 2620
SPS: 2620
SPS: 2620
SPS: 2620
SPS: 2620
SPS: 2620
SPS: 2620
SPS: 2620
SPS: 2620
SPS: 2620
global_step=4609152, episodic_return=0.0 (n=128)
SPS: 2620
SPS: 2620
SPS: 2620
SPS: 2620
SPS: 2620
SPS: 2620
SPS: 2620
SPS: 2620
SPS: 2620
SPS: 2620
SPS: 2620
SPS: 2620
global_step=4657792, episodic_return=80.0 (n=128)
SPS: 2620
SPS: 2620
SPS: 2620
SPS: 2620
SPS: 2620
SPS: 2620
SPS: 2620
SPS: 2620
SPS: 2620
SPS: 2620
SPS: 2620
SPS: 2620
SPS: 2620
global_step=4713216, episodic_return=110.0 (n=128)
SPS: 2620
SPS: 2620
SPS: 2620
SPS: 2620
SPS: 2620
SPS: 2620
SPS: 2620
SPS: 2620
SPS: 2620
SPS: 2620
SPS: 2620
SPS: 2620
SPS: 2620
SPS: 2620
SPS: 2620
SPS: 2620
SPS: 2620
SPS: 2620
SPS: 2620
SPS: 2620
SPS: 2620
SPS: 2620
SPS: 2620
SPS: 2620
SPS: 2620
SPS: 2620
SPS: 2620
SPS: 2620
global_step=4827776, episodic_return=285.0 (n=128)
SPS: 2620
SPS: 2620
SPS: 2620
SPS: 2620
SPS: 2620
SPS: 2620
SPS: 2620
SPS: 2620
SPS: 2620
SPS: 2620
SPS: 2620
SPS: 2620
SPS: 2620
SPS: 2620
SPS: 2620
SPS: 2620
SPS: 2620
SPS: 2620
SPS: 2620
global_step=4905088, episodic_return=210.0 (n=128)
SPS: 2620
SPS: 2620
SPS: 2620
SPS: 2620
SPS: 2620
SPS: 2620
SPS: 2620
SPS: 2620
SPS: 2620
SPS: 2620
SPS: 2620
SPS: 2620
SPS: 2620
global_step=4959360, episodic_return=75.0 (n=128)
SPS: 2620
SPS: 2620
SPS: 2620
SPS: 2620
SPS: 2620
SPS: 2620
SPS: 2620
SPS: 2620
SPS: 2620
SPS: 2620
SPS: 2620
SPS: 2620
SPS: 2620
SPS: 2620
SPS: 2620
global_step=5019648, episodic_return=120.0 (n=128)
SPS: 2620
SPS: 2620
SPS: 2620
SPS: 2620
SPS: 2620
SPS: 2620
SPS: 2620
SPS: 2620
SPS: 2620
SPS: 2620
SPS: 2620
SPS: 2620
SPS: 2620
SPS: 2620
SPS: 2620
SPS: 2620
SPS: 2620
SPS: 2620
SPS: 2620
SPS: 2620
SPS: 2620
SPS: 2620
SPS: 2620
SPS: 2620
SPS: 2620
SPS: 2620
global_step=5125760, episodic_return=420.0 (n=128)
SPS: 2620
SPS: 2620
SPS: 2620
SPS: 2620
SPS: 2620
SPS: 2620
SPS: 2620
SPS: 2620
SPS: 2620
SPS: 2620
SPS: 2620
SPS: 2620
SPS: 2620
global_step=5177600, episodic_return=150.0 (n=128)
SPS: 2620
SPS: 2620
SPS: 2620
SPS: 2620
SPS: 2620
SPS: 2620
SPS: 2620
SPS: 2620
SPS: 2620
SPS: 2620
SPS: 2620
SPS: 2620
SPS: 2620
SPS: 2620
SPS: 2620
global_step=5240192, episodic_return=70.0 (n=128)
SPS: 2620
SPS: 2620
SPS: 2620
SPS: 2620
SPS: 2620
SPS: 2620
SPS: 2620
SPS: 2620
SPS: 2620
SPS: 2620
SPS: 2620
SPS: 2620
SPS: 2620
SPS: 2620
SPS: 2620
SPS: 2620
SPS: 2620
SPS: 2620
global_step=5315840, episodic_return=165.0 (n=128)
SPS: 2620
SPS: 2620
SPS: 2620
SPS: 2620
SPS: 2620
SPS: 2620
SPS: 2620
SPS: 2620
SPS: 2620
SPS: 2620
SPS: 2620
SPS: 2620
SPS: 2620
SPS: 2620
SPS: 2620
SPS: 2620
SPS: 2620
SPS: 2620
global_step=5387904, episodic_return=95.0 (n=128)
SPS: 2620
SPS: 2620
SPS: 2620
SPS: 2620
SPS: 2620
SPS: 2620
SPS: 2620
SPS: 2620
SPS: 2620
SPS: 2620
SPS: 2620
SPS: 2620
SPS: 2620
SPS: 2620
global_step=5445760, episodic_return=180.0 (n=128)
SPS: 2620
SPS: 2619
SPS: 2619
SPS: 2619
SPS: 2619
SPS: 2619
SPS: 2619
SPS: 2619
SPS: 2619
SPS: 2619
SPS: 2619
SPS: 2619
SPS: 2619
SPS: 2619
SPS: 2619
SPS: 2619
SPS: 2619
SPS: 2619
SPS: 2619
SPS: 2619
SPS: 2619
SPS: 2619
SPS: 2619
global_step=5539712, episodic_return=525.0 (n=128)
SPS: 2619
SPS: 2619
SPS: 2619
SPS: 2619
SPS: 2619
SPS: 2619
SPS: 2619
SPS: 2619
SPS: 2619
SPS: 2619
SPS: 2619
SPS: 2619
SPS: 2619
SPS: 2619
SPS: 2619
SPS: 2619
SPS: 2619
SPS: 2619
global_step=5613696, episodic_return=180.0 (n=128)
SPS: 2619
SPS: 2619
SPS: 2619
SPS: 2619
SPS: 2619
SPS: 2619
SPS: 2619
SPS: 2619
SPS: 2619
SPS: 2619
SPS: 2619
SPS: 2619
SPS: 2619
SPS: 2619
SPS: 2619
global_step=5673472, episodic_return=75.0 (n=128)
SPS: 2619
SPS: 2619
SPS: 2619
SPS: 2619
SPS: 2619
SPS: 2619
SPS: 2619
SPS: 2619
SPS: 2619
SPS: 2619
SPS: 2619
SPS: 2619
global_step=5725568, episodic_return=40.0 (n=128)
SPS: 2619
SPS: 2619
SPS: 2619
SPS: 2619
SPS: 2619
SPS: 2619
SPS: 2619
SPS: 2619
SPS: 2619
SPS: 2619
SPS: 2619
SPS: 2619
SPS: 2619
SPS: 2619
SPS: 2619
SPS: 2619
global_step=5789312, episodic_return=65.0 (n=128)
SPS: 2619
SPS: 2619
SPS: 2619
SPS: 2619
SPS: 2619
SPS: 2619
SPS: 2619
SPS: 2619
SPS: 2619
global_step=5825664, episodic_return=35.0 (n=128)
SPS: 2619
SPS: 2619
SPS: 2619
SPS: 2619
SPS: 2619
SPS: 2619
SPS: 2619
SPS: 2619
SPS: 2619
SPS: 2619
SPS: 2619
SPS: 2619
SPS: 2619
SPS: 2619
SPS: 2620
global_step=5889664, episodic_return=110.0 (n=128)
SPS: 2619
SPS: 2620
SPS: 2620
SPS: 2620
SPS: 2620
SPS: 2620
SPS: 2620
SPS: 2620
SPS: 2620
SPS: 2620
SPS: 2620
global_step=5934976, episodic_return=110.0 (n=128)
SPS: 2620
SPS: 2620
SPS: 2620
SPS: 2620
SPS: 2620
SPS: 2620
SPS: 2620
SPS: 2620
SPS: 2620
SPS: 2620
SPS: 2620
SPS: 2620
SPS: 2620
SPS: 2620
SPS: 2620
SPS: 2620
SPS: 2620
SPS: 2620
SPS: 2620
SPS: 2620
SPS: 2620
SPS: 2620
SPS: 2620
SPS: 2620
global_step=6030208, episodic_return=415.0 (n=128)
SPS: 2620
SPS: 2620
SPS: 2620
SPS: 2620
SPS: 2620
SPS: 2620
SPS: 2620
SPS: 2620
SPS: 2620
SPS: 2620
SPS: 2620
SPS: 2620
SPS: 2620
SPS: 2620
SPS: 2620
SPS: 2620
SPS: 2620
global_step=6099200, episodic_return=210.0 (n=128)
SPS: 2620
SPS: 2620
SPS: 2620
SPS: 2620
SPS: 2620
SPS: 2620
SPS: 2620
SPS: 2620
SPS: 2620
global_step=6138752, episodic_return=110.0 (n=128)
SPS: 2620
SPS: 2620
SPS: 2620
SPS: 2620
SPS: 2620
SPS: 2620
SPS: 2620
SPS: 2620
SPS: 2620
SPS: 2620
SPS: 2620
SPS: 2620
SPS: 2620
SPS: 2620
SPS: 2620
SPS: 2620
SPS: 2620
SPS: 2620
SPS: 2620
SPS: 2620
SPS: 2620
SPS: 2620
SPS: 2620
SPS: 2620
SPS: 2620
SPS: 2620
SPS: 2620
SPS: 2620
SPS: 2620
global_step=6257792, episodic_return=415.0 (n=128)
SPS: 2620
SPS: 2620
SPS: 2620
SPS: 2620
SPS: 2620
SPS: 2620
SPS: 2620
SPS: 2620
SPS: 2620
SPS: 2620
SPS: 2620
SPS: 2620
SPS: 2620
global_step=6311296, episodic_return=110.0 (n=128)
SPS: 2620
SPS: 2620
SPS: 2620
SPS: 2620
SPS: 2620
SPS: 2620
SPS: 2620
SPS: 2620
SPS: 2620
SPS: 2620
SPS: 2620
SPS: 2620
SPS: 2620
SPS: 2620
SPS: 2620
SPS: 2620
SPS: 2620
SPS: 2621
SPS: 2621
SPS: 2621
SPS: 2621
global_step=6395392, episodic_return=260.0 (n=128)
SPS: 2621
SPS: 2621
SPS: 2621
SPS: 2621
SPS: 2621
SPS: 2621
SPS: 2621
SPS: 2621
SPS: 2621
SPS: 2621
SPS: 2621
SPS: 2621
SPS: 2621
SPS: 2621
SPS: 2621
global_step=6459264, episodic_return=135.0 (n=128)
SPS: 2621
SPS: 2621
SPS: 2621
SPS: 2621
SPS: 2621
SPS: 2621
SPS: 2621
SPS: 2621
SPS: 2621
SPS: 2621
SPS: 2621
SPS: 2621
SPS: 2621
SPS: 2621
SPS: 2621
SPS: 2621
SPS: 2621
SPS: 2621
SPS: 2621
SPS: 2621
SPS: 2621
SPS: 2621
SPS: 2621
global_step=6551936, episodic_return=215.0 (n=128)
SPS: 2621
SPS: 2621
SPS: 2621
SPS: 2621
SPS: 2621
SPS: 2621
SPS: 2621
SPS: 2621
SPS: 2621
SPS: 2621
SPS: 2621
SPS: 2621
SPS: 2621
SPS: 2621
SPS: 2621
SPS: 2621
SPS: 2621
SPS: 2621
SPS: 2621
SPS: 2621
SPS: 2621
SPS: 2621
SPS: 2621
SPS: 2621
SPS: 2621
SPS: 2621
SPS: 2621
global_step=6660608, episodic_return=150.0 (n=128)
SPS: 2621
SPS: 2621
SPS: 2621
SPS: 2621
SPS: 2621
SPS: 2621
SPS: 2621
SPS: 2621
SPS: 2621
SPS: 2621
SPS: 2621
SPS: 2621
SPS: 2621
SPS: 2621
global_step=6721408, episodic_return=105.0 (n=128)
SPS: 2621
SPS: 2621
SPS: 2621
SPS: 2621
SPS: 2621
SPS: 2621
SPS: 2621
SPS: 2621
SPS: 2621
SPS: 2621
SPS: 2621
SPS: 2621
SPS: 2621
SPS: 2621
SPS: 2621
global_step=6781184, episodic_return=60.0 (n=128)
SPS: 2621
SPS: 2621
SPS: 2621
SPS: 2621
SPS: 2621
SPS: 2621
SPS: 2621
SPS: 2621
SPS: 2621
SPS: 2621
SPS: 2621
SPS: 2621
SPS: 2621
SPS: 2621
SPS: 2621
SPS: 2621
global_step=6847744, episodic_return=165.0 (n=128)
SPS: 2621
SPS: 2621
SPS: 2621
SPS: 2621
SPS: 2621
SPS: 2621
SPS: 2621
SPS: 2621
SPS: 2621
SPS: 2621
SPS: 2621
SPS: 2621
SPS: 2621
SPS: 2621
SPS: 2621
global_step=6907904, episodic_return=120.0 (n=128)
SPS: 2621
SPS: 2621
SPS: 2621
SPS: 2621
SPS: 2621
SPS: 2621
SPS: 2621
SPS: 2621
SPS: 2622
SPS: 2621
SPS: 2621
SPS: 2621
SPS: 2621
SPS: 2621
SPS: 2621
SPS: 2621
SPS: 2621
SPS: 2621
global_step=6980736, episodic_return=195.0 (n=128)
SPS: 2621
SPS: 2621
SPS: 2621
SPS: 2621
SPS: 2622
SPS: 2622
SPS: 2622
SPS: 2622
SPS: 2622
SPS: 2622
SPS: 2622
SPS: 2622
SPS: 2622
SPS: 2622
SPS: 2622
SPS: 2622
SPS: 2622
global_step=7050624, episodic_return=240.0 (n=128)
SPS: 2622
SPS: 2622
SPS: 2622
SPS: 2622
SPS: 2622
SPS: 2622
SPS: 2622
SPS: 2622
SPS: 2622
SPS: 2622
SPS: 2622
SPS: 2622
SPS: 2622
SPS: 2622
SPS: 2622
SPS: 2622
SPS: 2622
SPS: 2622
SPS: 2622
SPS: 2622
SPS: 2622
SPS: 2622
global_step=7141888, episodic_return=215.0 (n=128)
SPS: 2622
SPS: 2622
SPS: 2622
SPS: 2622
SPS: 2622
SPS: 2622
SPS: 2622
SPS: 2622
SPS: 2622
SPS: 2622
SPS: 2622
SPS: 2622
SPS: 2622
SPS: 2622
SPS: 2622
SPS: 2622
global_step=7206912, episodic_return=180.0 (n=128)
SPS: 2622
SPS: 2622
SPS: 2622
SPS: 2622
SPS: 2622
SPS: 2622
SPS: 2622
SPS: 2622
SPS: 2622
SPS: 2622
SPS: 2622
SPS: 2622
SPS: 2622
SPS: 2622
SPS: 2622
global_step=7267712, episodic_return=150.0 (n=128)
SPS: 2622
SPS: 2622
SPS: 2622
SPS: 2622
SPS: 2622
SPS: 2622
SPS: 2622
SPS: 2622
SPS: 2622
SPS: 2622
SPS: 2622
SPS: 2622
SPS: 2622
SPS: 2622
SPS: 2622
SPS: 2622
global_step=7335552, episodic_return=135.0 (n=128)
SPS: 2622
SPS: 2622
SPS: 2622
SPS: 2622
SPS: 2622
SPS: 2622
SPS: 2622
SPS: 2622
SPS: 2622
SPS: 2622
SPS: 2622
SPS: 2622
SPS: 2622
global_step=7385984, episodic_return=120.0 (n=128)
SPS: 2622
SPS: 2622
SPS: 2622
SPS: 2622
SPS: 2622
SPS: 2622
SPS: 2622
SPS: 2622
SPS: 2622
SPS: 2622
SPS: 2622
SPS: 2622
SPS: 2622
SPS: 2622
SPS: 2622
SPS: 2622
SPS: 2622
SPS: 2622
SPS: 2622
SPS: 2622
SPS: 2622
SPS: 2622
SPS: 2622
SPS: 2622
SPS: 2622
SPS: 2622
SPS: 2622
SPS: 2622
global_step=7501440, episodic_return=240.0 (n=128)
SPS: 2622
SPS: 2622
SPS: 2622
SPS: 2622
SPS: 2622
SPS: 2622
SPS: 2622
SPS: 2622
SPS: 2622
SPS: 2622
SPS: 2622
SPS: 2622
SPS: 2622
SPS: 2622
SPS: 2622
SPS: 2622
SPS: 2622
SPS: 2622
SPS: 2622
SPS: 2622
SPS: 2622
SPS: 2622
SPS: 2622
SPS: 2623
SPS: 2623
SPS: 2623
SPS: 2623
SPS: 2623
global_step=7615488, episodic_return=430.0 (n=128)
SPS: 2623
SPS: 2623
SPS: 2623
SPS: 2623
SPS: 2623
SPS: 2623
SPS: 2623
SPS: 2623
SPS: 2623
SPS: 2623
SPS: 2623
SPS: 2623
SPS: 2623
SPS: 2623
SPS: 2623
SPS: 2623
SPS: 2623
SPS: 2623
SPS: 2623
SPS: 2623
SPS: 2623
SPS: 2623
SPS: 2623
SPS: 2623
SPS: 2623
SPS: 2623
SPS: 2623
global_step=7729152, episodic_return=335.0 (n=128)
SPS: 2623
SPS: 2623
SPS: 2623
SPS: 2623
SPS: 2623
SPS: 2623
SPS: 2623
SPS: 2623
global_step=7761792, episodic_return=60.0 (n=128)
SPS: 2623
SPS: 2623
SPS: 2623
SPS: 2623
SPS: 2623
SPS: 2623
SPS: 2623
SPS: 2623
SPS: 2623
SPS: 2623
SPS: 2623
SPS: 2623
SPS: 2623
SPS: 2623
SPS: 2623
global_step=7819776, episodic_return=80.0 (n=128)
SPS: 2623
SPS: 2623
SPS: 2623
SPS: 2623
SPS: 2623
SPS: 2623
SPS: 2623
SPS: 2623
SPS: 2623
SPS: 2623
SPS: 2623
SPS: 2623
SPS: 2623
SPS: 2623
SPS: 2623
SPS: 2623
global_step=7886080, episodic_return=105.0 (n=128)
SPS: 2623
SPS: 2623
SPS: 2623
SPS: 2623
SPS: 2623
SPS: 2623
SPS: 2623
SPS: 2623
SPS: 2623
SPS: 2623
SPS: 2623
SPS: 2623
SPS: 2623
SPS: 2623
SPS: 2623
SPS: 2623
SPS: 2623
SPS: 2623
SPS: 2624
global_step=7966592, episodic_return=120.0 (n=128)
SPS: 2624
SPS: 2624
SPS: 2624
SPS: 2624
SPS: 2624
SPS: 2624
SPS: 2624
SPS: 2624
SPS: 2624
SPS: 2624
SPS: 2624
SPS: 2624
SPS: 2624
SPS: 2624
SPS: 2624
SPS: 2624
SPS: 2624
global_step=8035968, episodic_return=195.0 (n=128)
SPS: 2624
SPS: 2624
SPS: 2624
SPS: 2624
SPS: 2624
SPS: 2624
SPS: 2624
SPS: 2624
SPS: 2624
SPS: 2624
SPS: 2624
SPS: 2624
SPS: 2624
SPS: 2624
SPS: 2624
SPS: 2624
SPS: 2624
SPS: 2624
SPS: 2624
SPS: 2624
SPS: 2624
SPS: 2624
SPS: 2624
global_step=8130432, episodic_return=140.0 (n=128)
SPS: 2624
SPS: 2624
SPS: 2624
SPS: 2624
SPS: 2624
SPS: 2624
SPS: 2624
SPS: 2624
SPS: 2624
SPS: 2624
SPS: 2624
SPS: 2624
SPS: 2624
SPS: 2624
SPS: 2624
SPS: 2624
SPS: 2624
SPS: 2624
SPS: 2624
global_step=8207488, episodic_return=225.0 (n=128)
SPS: 2624
SPS: 2624
SPS: 2624
SPS: 2624
SPS: 2624
SPS: 2624
SPS: 2624
SPS: 2624
SPS: 2624
global_step=8242304, episodic_return=15.0 (n=128)
SPS: 2624
SPS: 2624
SPS: 2624
SPS: 2624
SPS: 2624
SPS: 2624
SPS: 2624
SPS: 2624
SPS: 2624
global_step=8281216, episodic_return=65.0 (n=128)
SPS: 2624
SPS: 2624
SPS: 2624
SPS: 2624
SPS: 2624
SPS: 2624
SPS: 2624
SPS: 2624
SPS: 2624
SPS: 2624
SPS: 2624
SPS: 2624
SPS: 2624
SPS: 2624
SPS: 2624
global_step=8342528, episodic_return=180.0 (n=128)
SPS: 2624
SPS: 2624
SPS: 2624
SPS: 2624
SPS: 2624
SPS: 2624
SPS: 2624
SPS: 2624
SPS: 2624
SPS: 2624
SPS: 2624
global_step=8386560, episodic_return=155.0 (n=128)
SPS: 2624
SPS: 2624
SPS: 2624
SPS: 2624
SPS: 2624
SPS: 2624
SPS: 2624
SPS: 2624
SPS: 2624
SPS: 2624
SPS: 2624
global_step=8429952, episodic_return=80.0 (n=128)
SPS: 2624
SPS: 2624
SPS: 2624
SPS: 2624
SPS: 2624
SPS: 2624
SPS: 2624
SPS: 2624
SPS: 2624
SPS: 2624
SPS: 2624
global_step=8478464, episodic_return=35.0 (n=128)
SPS: 2624
SPS: 2624
SPS: 2624
SPS: 2624
SPS: 2624
SPS: 2624
SPS: 2624
SPS: 2624
SPS: 2624
SPS: 2624
SPS: 2624
SPS: 2624
SPS: 2624
SPS: 2624
SPS: 2624
global_step=8537216, episodic_return=120.0 (n=128)
SPS: 2624
SPS: 2624
SPS: 2624
SPS: 2624
SPS: 2624
SPS: 2624
SPS: 2624
SPS: 2624
SPS: 2624
SPS: 2624
SPS: 2624
global_step=8583168, episodic_return=120.0 (n=128)
SPS: 2624
SPS: 2624
SPS: 2624
SPS: 2624
SPS: 2624
SPS: 2624
SPS: 2624
SPS: 2624
SPS: 2624
SPS: 2624
SPS: 2624
SPS: 2624
SPS: 2625
SPS: 2625
global_step=8641664, episodic_return=170.0 (n=128)
SPS: 2625
SPS: 2625
SPS: 2625
SPS: 2625
SPS: 2625
SPS: 2625
SPS: 2625
SPS: 2625
SPS: 2625
SPS: 2625
SPS: 2625
SPS: 2625
SPS: 2625
SPS: 2625
SPS: 2625
SPS: 2625
global_step=8707584, episodic_return=135.0 (n=128)
SPS: 2625
SPS: 2625
SPS: 2625
SPS: 2625
SPS: 2625
SPS: 2625
SPS: 2625
SPS: 2625
SPS: 2625
SPS: 2625
SPS: 2625
SPS: 2625
SPS: 2625
SPS: 2625
SPS: 2625
SPS: 2625
SPS: 2625
SPS: 2625
SPS: 2625
SPS: 2625
SPS: 2624
SPS: 2624
SPS: 2624
SPS: 2624
SPS: 2625
SPS: 2625
SPS: 2625
SPS: 2625
global_step=8818816, episodic_return=345.0 (n=128)
SPS: 2625
SPS: 2625
SPS: 2625
SPS: 2625
SPS: 2625
SPS: 2625
SPS: 2625
SPS: 2625
SPS: 2625
global_step=8859520, episodic_return=75.0 (n=128)
SPS: 2625
SPS: 2625
SPS: 2625
SPS: 2625
SPS: 2625
SPS: 2625
SPS: 2625
SPS: 2625
SPS: 2625
SPS: 2625
SPS: 2625
SPS: 2625
SPS: 2625
SPS: 2625
SPS: 2625
SPS: 2625
SPS: 2625
SPS: 2625
global_step=8931328, episodic_return=165.0 (n=128)
SPS: 2625
SPS: 2625
SPS: 2625
SPS: 2625
SPS: 2625
SPS: 2625
SPS: 2625
SPS: 2625
SPS: 2625
global_step=8967424, episodic_return=50.0 (n=128)
SPS: 2625
SPS: 2625
SPS: 2625
SPS: 2625
SPS: 2625
SPS: 2625
SPS: 2625
SPS: 2625
SPS: 2625
SPS: 2625
SPS: 2625
global_step=9011840, episodic_return=80.0 (n=128)
SPS: 2625
SPS: 2625
SPS: 2625
SPS: 2625
SPS: 2625
SPS: 2625
SPS: 2625
SPS: 2625
global_step=9047680, episodic_return=80.0 (n=128)
SPS: 2625
SPS: 2625
SPS: 2625
SPS: 2625
SPS: 2625
SPS: 2625
SPS: 2625
SPS: 2625
SPS: 2625
global_step=9082240, episodic_return=45.0 (n=128)
SPS: 2625
SPS: 2625
SPS: 2625
SPS: 2625
SPS: 2625
SPS: 2625
SPS: 2625
SPS: 2625
SPS: 2625
SPS: 2625
SPS: 2625
SPS: 2625
SPS: 2625
SPS: 2625
SPS: 2625
SPS: 2625
global_step=9147008, episodic_return=135.0 (n=128)
SPS: 2625
SPS: 2625
SPS: 2625
SPS: 2625
SPS: 2625
SPS: 2625
SPS: 2625
SPS: 2625
SPS: 2625
SPS: 2625
SPS: 2625
SPS: 2625
SPS: 2625
SPS: 2625
SPS: 2625
SPS: 2625
global_step=9213696, episodic_return=180.0 (n=128)
SPS: 2625
SPS: 2625
SPS: 2625
SPS: 2625
SPS: 2625
SPS: 2625
SPS: 2625
SPS: 2625
SPS: 2625
SPS: 2625
SPS: 2625
global_step=9260288, episodic_return=50.0 (n=128)
SPS: 2625
SPS: 2625
SPS: 2625
SPS: 2625
SPS: 2625
SPS: 2625
SPS: 2625
SPS: 2625
SPS: 2625
global_step=9296384, episodic_return=65.0 (n=128)
SPS: 2625
SPS: 2625
SPS: 2625
SPS: 2625
SPS: 2625
SPS: 2625
SPS: 2625
SPS: 2625
SPS: 2625
SPS: 2625
SPS: 2625
SPS: 2625
SPS: 2625
SPS: 2625
SPS: 2625
SPS: 2625
global_step=9359744, episodic_return=185.0 (n=128)
SPS: 2625
SPS: 2625
SPS: 2625
SPS: 2625
SPS: 2625
SPS: 2625
SPS: 2625
SPS: 2625
SPS: 2625
SPS: 2625
SPS: 2625
global_step=9405184, episodic_return=140.0 (n=128)
SPS: 2625
SPS: 2625
SPS: 2625
SPS: 2625
SPS: 2625
SPS: 2625
SPS: 2625
SPS: 2625
SPS: 2625
SPS: 2625
SPS: 2625
SPS: 2625
SPS: 2625
SPS: 2625
SPS: 2625
global_step=9466240, episodic_return=70.0 (n=128)
SPS: 2625
SPS: 2625
SPS: 2625
SPS: 2625
SPS: 2625
SPS: 2625
SPS: 2625
SPS: 2625
SPS: 2625
global_step=9506432, episodic_return=35.0 (n=128)
SPS: 2625
SPS: 2625
SPS: 2625
SPS: 2625
SPS: 2625
SPS: 2625
SPS: 2625
SPS: 2625
SPS: 2625
global_step=9543424, episodic_return=75.0 (n=128)
SPS: 2625
SPS: 2625
SPS: 2625
SPS: 2625
SPS: 2625
SPS: 2625
SPS: 2625
SPS: 2625
SPS: 2625
SPS: 2625
SPS: 2625
SPS: 2625
SPS: 2625
SPS: 2625
global_step=9598720, episodic_return=135.0 (n=128)
SPS: 2625
SPS: 2625
SPS: 2625
SPS: 2625
SPS: 2625
SPS: 2625
SPS: 2625
SPS: 2625
SPS: 2625
SPS: 2625
SPS: 2625
SPS: 2625
SPS: 2625
SPS: 2625
SPS: 2625
global_step=9659520, episodic_return=60.0 (n=128)
SPS: 2625
SPS: 2625
SPS: 2625
SPS: 2625
SPS: 2625
SPS: 2624
SPS: 2624
SPS: 2624
SPS: 2624
SPS: 2624
SPS: 2624
SPS: 2624
SPS: 2624
SPS: 2624
SPS: 2624
SPS: 2624
SPS: 2624
SPS: 2624
global_step=9733632, episodic_return=190.0 (n=128)
SPS: 2624
SPS: 2624
SPS: 2624
SPS: 2624
SPS: 2624
SPS: 2624
SPS: 2624
SPS: 2624
SPS: 2624
SPS: 2624
SPS: 2624
SPS: 2624
SPS: 2624
SPS: 2623
SPS: 2623
SPS: 2623
SPS: 2624
SPS: 2624
SPS: 2624
SPS: 2624
global_step=9815424, episodic_return=155.0 (n=128)
SPS: 2624
SPS: 2624
SPS: 2624
SPS: 2624
SPS: 2624
SPS: 2624
SPS: 2624
SPS: 2624
SPS: 2624
SPS: 2624
SPS: 2624
global_step=9862656, episodic_return=50.0 (n=128)
SPS: 2624
SPS: 2624
SPS: 2624
SPS: 2623
SPS: 2623
SPS: 2623
SPS: 2623
SPS: 2623
SPS: 2623
SPS: 2623
SPS: 2623
SPS: 2623
global_step=9911936, episodic_return=20.0 (n=128)
SPS: 2623
SPS: 2623
SPS: 2623
SPS: 2623
SPS: 2623
SPS: 2623
SPS: 2623
SPS: 2623
SPS: 2624
SPS: 2624
SPS: 2624
SPS: 2624
global_step=9959040, episodic_return=80.0 (n=128)
SPS: 2624
SPS: 2624
SPS: 2624
SPS: 2624
SPS: 2624
SPS: 2624
SPS: 2624
SPS: 2624
SPS: 2624
SPS: 2624
Results saved to /runs/h005__h005-spaceinvaders-s1.csv
