slurmstepd: error: couldn't chdir to `/home/rogercc/'/scratch/rogercc/cleanrl'': No such file or directory: going to /tmp instead
slurmstepd: error: couldn't chdir to `/home/rogercc/'/scratch/rogercc/cleanrl'': No such file or directory: going to /tmp instead
sending incremental file list
auto-cleanrl.sif

sent 4,938,043,507 bytes  received 35 bytes  103,958,811.41 bytes/sec
total size is 4,945,334,272  speedup is 1.00
/usr/local/lib/python3.10/dist-packages/treevalue/tree/integration/torch.py:23: FutureWarning: `torch.utils._pytree._register_pytree_node` is deprecated. Please use `torch.utils._pytree.register_pytree_node` instead.
  register_for_torch(TreeValue)
/usr/local/lib/python3.10/dist-packages/treevalue/tree/integration/torch.py:24: FutureWarning: `torch.utils._pytree._register_pytree_node` is deprecated. Please use `torch.utils._pytree.register_pytree_node` instead.
  register_for_torch(FastTreeValue)
Gym has been unmaintained since 2022 and does not support NumPy 2.0 amongst other critical functionality.
Please upgrade to Gymnasium, the maintained drop-in replacement of Gym, or contact the authors of your software and request that they upgrade.
See the migration guide at https://gymnasium.farama.org/introduction/migration_guide/ for additional information.
/usr/local/lib/python3.10/dist-packages/tyro/_parsers.py:353: UserWarning: The field `wandb-entity` is annotated with type `<class 'str'>`, but the default value `None` has type `<class 'NoneType'>`. We'll try to handle this gracefully, but it may cause unexpected behavior.
  warnings.warn(message)
SPS: 2119
SPS: 2955
SPS: 3379
SPS: 2096
SPS: 2357
SPS: 2581
SPS: 2761
SPS: 2929
SPS: 3082
SPS: 3209
SPS: 3321
SPS: 3422
SPS: 3515
SPS: 3600
SPS: 3670
SPS: 3733
SPS: 3784
SPS: 3841
SPS: 3893
SPS: 3935
SPS: 3977
SPS: 4013
SPS: 4040
SPS: 4057
SPS: 4084
SPS: 4092
SPS: 4117
SPS: 4134
SPS: 4159
SPS: 4182
SPS: 4206
SPS: 4232
SPS: 4257
SPS: 4278
SPS: 4288
SPS: 4308
SPS: 4321
SPS: 4336
SPS: 4354
SPS: 4370
SPS: 4377
SPS: 4380
SPS: 4384
SPS: 4388
SPS: 4389
SPS: 4397
SPS: 4403
SPS: 4405
SPS: 4409
SPS: 4417
SPS: 4397
SPS: 4393
SPS: 4403
SPS: 4414
SPS: 4420
SPS: 4428
SPS: 4436
SPS: 4446
SPS: 4456
SPS: 4461
SPS: 4471
SPS: 4481
SPS: 4487
SPS: 4496
SPS: 4507
SPS: 4514
SPS: 4519
SPS: 4522
SPS: 4529
SPS: 4536
SPS: 4542
SPS: 4551
SPS: 4557
SPS: 4564
SPS: 4564
SPS: 4569
SPS: 4571
SPS: 4575
SPS: 4579
SPS: 4585
SPS: 4591
SPS: 4598
SPS: 4603
SPS: 4605
global_step=344960, episodic_return=100.0 (n=128)
SPS: 4594
SPS: 4601
SPS: 4605
SPS: 4601
SPS: 4599
SPS: 4601
SPS: 4601
SPS: 4601
SPS: 4581
SPS: 4584
SPS: 4586
SPS: 4583
SPS: 4583
SPS: 4583
SPS: 4590
SPS: 4594
SPS: 4599
SPS: 4604
SPS: 4608
SPS: 4611
SPS: 4522
SPS: 4527
SPS: 4533
SPS: 4539
SPS: 4543
SPS: 4549
SPS: 4554
SPS: 4559
SPS: 4564
SPS: 4570
SPS: 4573
SPS: 4577
SPS: 4582
SPS: 4586
SPS: 4590
SPS: 4595
SPS: 4589
SPS: 4591
SPS: 4595
SPS: 4599
SPS: 4602
SPS: 4607
SPS: 4610
SPS: 4614
SPS: 4618
SPS: 4621
SPS: 4625
SPS: 4630
SPS: 4633
SPS: 4637
SPS: 4640
SPS: 4643
SPS: 4647
SPS: 4651
SPS: 4654
SPS: 4658
SPS: 4660
SPS: 4662
SPS: 4665
SPS: 4665
SPS: 4664
SPS: 4665
SPS: 4665
SPS: 4665
SPS: 4662
SPS: 4660
SPS: 4658
SPS: 4662
SPS: 4665
SPS: 4667
SPS: 4670
SPS: 4673
SPS: 4677
SPS: 4679
SPS: 4683
SPS: 4686
SPS: 4688
SPS: 4435
SPS: 4439
SPS: 4443
SPS: 4447
SPS: 4450
SPS: 4454
SPS: 4458
global_step=689408, episodic_return=-1000.0 (n=128)
SPS: 4456
SPS: 4459
SPS: 4463
SPS: 4466
SPS: 4469
SPS: 4472
SPS: 4475
SPS: 4478
SPS: 4481
SPS: 4483
SPS: 4487
SPS: 4490
SPS: 4493
SPS: 4496
SPS: 4500
SPS: 4503
SPS: 4505
SPS: 4509
SPS: 4510
SPS: 4513
SPS: 4516
SPS: 4519
SPS: 4522
SPS: 4526
SPS: 4528
SPS: 4530
SPS: 4530
SPS: 4533
SPS: 4535
SPS: 4538
SPS: 4541
SPS: 4543
SPS: 4545
SPS: 4547
SPS: 4548
SPS: 4551
SPS: 4554
SPS: 4556
SPS: 4559
SPS: 4560
SPS: 4558
SPS: 4558
SPS: 4560
SPS: 4562
SPS: 4564
SPS: 4565
SPS: 4567
SPS: 4570
SPS: 4572
SPS: 4573
SPS: 4574
SPS: 4576
SPS: 4577
SPS: 4578
SPS: 4579
SPS: 4580
SPS: 4580
SPS: 4581
SPS: 4581
SPS: 4581
SPS: 4581
SPS: 4582
SPS: 4582
SPS: 4584
SPS: 4587
SPS: 4589
SPS: 4591
SPS: 4593
SPS: 4596
SPS: 4598
SPS: 4600
SPS: 4602
SPS: 4604
SPS: 4606
SPS: 4609
SPS: 4611
SPS: 4611
SPS: 4611
SPS: 4612
SPS: 4614
SPS: 4616
SPS: 4618
SPS: 4621
SPS: 4622
global_step=1034112, episodic_return=-50.0 (n=128)
SPS: 4617
SPS: 4619
SPS: 4621
SPS: 4623
SPS: 4623
SPS: 4625
SPS: 4626
SPS: 4629
SPS: 4630
SPS: 4630
SPS: 4631
SPS: 4633
SPS: 4635
SPS: 4638
SPS: 4639
SPS: 4641
SPS: 4644
SPS: 4645
SPS: 4647
SPS: 4649
SPS: 4652
SPS: 4653
SPS: 4656
SPS: 4658
SPS: 4659
SPS: 4661
SPS: 4662
SPS: 4664
SPS: 4666
SPS: 4668
SPS: 4670
SPS: 4671
SPS: 4672
SPS: 4674
SPS: 4675
SPS: 4677
SPS: 4678
SPS: 4679
SPS: 4680
SPS: 4682
SPS: 4683
SPS: 4684
SPS: 4685
SPS: 4687
SPS: 4688
SPS: 4691
SPS: 4691
SPS: 4692
SPS: 4694
SPS: 4694
SPS: 4695
SPS: 4696
SPS: 4696
SPS: 4697
SPS: 4698
SPS: 4700
SPS: 4701
SPS: 4702
SPS: 4701
SPS: 4701
SPS: 4700
SPS: 4700
SPS: 4699
SPS: 4699
SPS: 4700
SPS: 4701
SPS: 4703
SPS: 4704
SPS: 4706
SPS: 4708
SPS: 4709
SPS: 4708
SPS: 4707
SPS: 4707
SPS: 4707
SPS: 4706
SPS: 4707
SPS: 4706
SPS: 4705
SPS: 4705
SPS: 4705
SPS: 4703
SPS: 4702
SPS: 4701
global_step=1378688, episodic_return=-1000.0 (n=128)
SPS: 4698
SPS: 4697
SPS: 4698
SPS: 4700
SPS: 4701
SPS: 4702
SPS: 4703
SPS: 4703
SPS: 4704
SPS: 4705
SPS: 4706
SPS: 4706
SPS: 4706
SPS: 4706
SPS: 4706
SPS: 4706
SPS: 4707
SPS: 4708
SPS: 4709
SPS: 4711
SPS: 4712
SPS: 4712
SPS: 4713
SPS: 4714
SPS: 4716
SPS: 4715
SPS: 4716
SPS: 4717
SPS: 4718
SPS: 4719
SPS: 4720
SPS: 4721
SPS: 4722
SPS: 4724
SPS: 4724
SPS: 4725
SPS: 4725
SPS: 4725
SPS: 4724
SPS: 4725
SPS: 4727
SPS: 4728
SPS: 4729
SPS: 4730
SPS: 4730
SPS: 4731
SPS: 4732
SPS: 4732
SPS: 4731
SPS: 4731
SPS: 4731
SPS: 4730
SPS: 4730
SPS: 4722
SPS: 4722
SPS: 4722
SPS: 4722
SPS: 4722
SPS: 4722
SPS: 4721
SPS: 4720
SPS: 4720
SPS: 4721
SPS: 4722
SPS: 4723
SPS: 4723
SPS: 4724
SPS: 4725
SPS: 4726
SPS: 4726
SPS: 4727
SPS: 4727
SPS: 4728
SPS: 4729
SPS: 4730
SPS: 4731
SPS: 4731
SPS: 4732
SPS: 4732
SPS: 4733
SPS: 4734
SPS: 4735
SPS: 4736
SPS: 4737
global_step=1724160, episodic_return=-406.0 (n=128)
SPS: 4736
SPS: 4734
SPS: 4734
SPS: 4736
SPS: 4737
SPS: 4738
SPS: 4739
SPS: 4740
SPS: 4740
SPS: 4741
SPS: 4741
SPS: 4740
SPS: 4740
SPS: 4739
SPS: 4739
SPS: 4739
SPS: 4739
SPS: 4739
SPS: 4739
SPS: 4739
SPS: 4739
SPS: 4738
SPS: 4738
SPS: 4737
SPS: 4738
SPS: 4739
SPS: 4740
SPS: 4741
SPS: 4741
SPS: 4742
SPS: 4744
SPS: 4745
SPS: 4746
SPS: 4747
SPS: 4747
SPS: 4748
SPS: 4749
SPS: 4750
SPS: 4751
SPS: 4751
SPS: 4752
SPS: 4753
SPS: 4753
SPS: 4754
SPS: 4753
SPS: 4753
SPS: 4752
SPS: 4752
SPS: 4753
SPS: 4753
SPS: 4754
SPS: 4754
SPS: 4755
SPS: 4756
SPS: 4756
SPS: 4757
SPS: 4757
SPS: 4759
SPS: 4760
SPS: 4761
SPS: 4761
SPS: 4760
SPS: 4761
SPS: 4762
SPS: 4762
SPS: 4762
SPS: 4763
SPS: 4764
SPS: 4764
SPS: 4765
SPS: 4765
SPS: 4765
SPS: 4765
SPS: 4765
SPS: 4765
SPS: 4765
SPS: 4766
SPS: 4767
SPS: 4767
SPS: 4766
SPS: 4766
SPS: 4767
SPS: 4768
SPS: 4769
SPS: 4769
global_step=2069504, episodic_return=-612.0 (n=128)
SPS: 4768
SPS: 4769
SPS: 4769
SPS: 4770
SPS: 4771
SPS: 4772
SPS: 4773
SPS: 4774
SPS: 4774
SPS: 4775
SPS: 4775
SPS: 4776
SPS: 4777
SPS: 4777
SPS: 4777
SPS: 4778
SPS: 4777
SPS: 4777
SPS: 4777
SPS: 4778
SPS: 4778
SPS: 4779
SPS: 4779
SPS: 4778
SPS: 4778
SPS: 4778
SPS: 4778
SPS: 4778
SPS: 4779
SPS: 4779
SPS: 4780
SPS: 4781
SPS: 4782
SPS: 4781
SPS: 4781
SPS: 4780
SPS: 4779
SPS: 4778
SPS: 4778
SPS: 4778
SPS: 4776
SPS: 4777
SPS: 4778
SPS: 4778
SPS: 4779
SPS: 4779
SPS: 4779
SPS: 4779
SPS: 4778
SPS: 4777
SPS: 4777
SPS: 4776
SPS: 4744
SPS: 4743
SPS: 4743
SPS: 4742
SPS: 4741
SPS: 4742
SPS: 4742
SPS: 4741
SPS: 4741
SPS: 4740
SPS: 4740
SPS: 4741
SPS: 4742
SPS: 4743
SPS: 4744
SPS: 4744
SPS: 4745
SPS: 4746
SPS: 4747
SPS: 4748
SPS: 4748
SPS: 4749
SPS: 4750
SPS: 4751
SPS: 4752
SPS: 4752
SPS: 4753
SPS: 4754
SPS: 4754
SPS: 4755
SPS: 4755
SPS: 4755
global_step=2414592, episodic_return=0.0 (n=128)
SPS: 4753
SPS: 4754
SPS: 4755
SPS: 4756
SPS: 4756
SPS: 4757
SPS: 4758
SPS: 4759
SPS: 4759
SPS: 4760
SPS: 4761
SPS: 4762
SPS: 4763
SPS: 4764
SPS: 4764
SPS: 4765
SPS: 4766
SPS: 4740
SPS: 4741
SPS: 4741
SPS: 4741
SPS: 4704
SPS: 4704
SPS: 4705
SPS: 4706
SPS: 4707
SPS: 4707
SPS: 4706
SPS: 4706
SPS: 4707
SPS: 4708
SPS: 4709
SPS: 4709
SPS: 4710
SPS: 4711
SPS: 4711
SPS: 4712
SPS: 4712
SPS: 4712
SPS: 4713
SPS: 4713
SPS: 4713
SPS: 4714
SPS: 4715
SPS: 4715
SPS: 4715
SPS: 4715
SPS: 4714
SPS: 4714
SPS: 4714
SPS: 4713
SPS: 4713
SPS: 4713
SPS: 4713
SPS: 4713
SPS: 4712
SPS: 4713
SPS: 4714
SPS: 4714
SPS: 4715
SPS: 4716
SPS: 4716
SPS: 4717
SPS: 4717
SPS: 4718
SPS: 4719
SPS: 4719
SPS: 4720
SPS: 4720
SPS: 4721
SPS: 4721
SPS: 4722
SPS: 4722
SPS: 4723
SPS: 4635
SPS: 4635
SPS: 4635
SPS: 4635
SPS: 4635
SPS: 4635
SPS: 4635
SPS: 4633
SPS: 4634
SPS: 4633
global_step=2759040, episodic_return=-433.0 (n=128)
SPS: 4632
SPS: 4632
SPS: 4631
SPS: 4632
SPS: 4631
SPS: 4632
SPS: 4632
SPS: 4632
SPS: 4633
SPS: 4633
SPS: 4634
SPS: 4635
SPS: 4635
SPS: 4635
SPS: 4635
SPS: 4635
SPS: 4635
SPS: 4636
SPS: 4636
SPS: 4637
SPS: 4637
SPS: 4637
SPS: 4637
SPS: 4638
SPS: 4638
SPS: 4637
SPS: 4638
SPS: 4638
SPS: 4639
SPS: 4639
SPS: 4640
SPS: 4641
SPS: 4642
SPS: 4642
SPS: 4643
SPS: 4643
SPS: 4644
SPS: 4644
SPS: 4645
SPS: 4646
SPS: 4646
SPS: 4646
SPS: 4647
SPS: 4647
SPS: 4648
SPS: 4649
SPS: 4650
SPS: 4650
SPS: 4651
SPS: 4651
SPS: 4651
SPS: 4652
SPS: 4653
SPS: 4653
SPS: 4654
SPS: 4655
SPS: 4655
SPS: 4656
SPS: 4656
SPS: 4657
SPS: 4658
SPS: 4658
SPS: 4659
SPS: 4659
SPS: 4659
SPS: 4660
SPS: 4660
SPS: 4661
SPS: 4662
SPS: 4662
SPS: 4663
SPS: 4663
SPS: 4664
SPS: 4664
SPS: 4665
SPS: 4665
SPS: 4666
SPS: 4666
SPS: 4667
SPS: 4667
SPS: 4667
SPS: 4668
SPS: 4669
SPS: 4669
global_step=3104384, episodic_return=-1000.0 (n=128)
SPS: 4669
SPS: 4669
SPS: 4669
SPS: 4669
SPS: 4670
SPS: 4670
SPS: 4671
SPS: 4671
SPS: 4671
SPS: 4672
SPS: 4672
SPS: 4673
SPS: 4674
SPS: 4674
SPS: 4675
SPS: 4675
SPS: 4676
SPS: 4677
SPS: 4677
SPS: 4677
SPS: 4678
SPS: 4678
SPS: 4679
SPS: 4679
SPS: 4680
SPS: 4680
SPS: 4681
SPS: 4681
SPS: 4681
SPS: 4681
SPS: 4680
SPS: 4675
SPS: 4675
SPS: 4676
SPS: 4676
SPS: 4676
SPS: 4676
SPS: 4676
SPS: 4676
SPS: 4676
SPS: 4676
SPS: 4676
SPS: 4652
SPS: 4652
SPS: 4652
SPS: 4652
SPS: 4652
SPS: 4652
SPS: 4652
SPS: 4652
SPS: 4095
SPS: 4096
SPS: 4097
SPS: 4098
SPS: 4099
SPS: 4100
SPS: 4101
SPS: 4102
SPS: 4088
SPS: 4089
SPS: 4090
SPS: 4091
SPS: 4092
SPS: 4093
SPS: 4094
SPS: 4095
SPS: 4096
SPS: 4097
SPS: 4097
SPS: 4098
SPS: 4098
SPS: 4099
SPS: 4100
SPS: 4100
SPS: 4101
SPS: 4101
SPS: 4102
SPS: 4102
SPS: 4103
SPS: 4104
SPS: 4105
SPS: 4106
SPS: 4106
SPS: 4107
SPS: 4108
global_step=3449600, episodic_return=-1000.0 (n=128)
SPS: 4108
SPS: 4109
SPS: 4109
SPS: 4109
SPS: 4109
SPS: 4110
SPS: 4111
SPS: 4112
SPS: 4113
SPS: 4113
SPS: 4114
SPS: 4115
SPS: 4116
SPS: 4117
SPS: 4118
SPS: 4119
SPS: 4120
SPS: 4120
SPS: 4122
SPS: 4122
SPS: 4123
SPS: 4124
SPS: 4125
SPS: 4126
SPS: 4127
SPS: 4128
SPS: 4129
SPS: 4130
SPS: 4131
SPS: 4132
SPS: 4133
SPS: 4134
SPS: 4135
SPS: 4136
SPS: 4137
SPS: 4138
SPS: 4139
SPS: 4140
SPS: 4141
SPS: 4142
SPS: 4143
SPS: 4143
SPS: 4144
SPS: 4145
SPS: 4146
SPS: 4147
SPS: 4147
SPS: 4148
SPS: 4149
SPS: 4151
SPS: 4152
SPS: 4152
SPS: 4153
SPS: 4154
SPS: 4155
SPS: 4156
SPS: 4157
SPS: 4158
SPS: 4159
SPS: 4160
SPS: 4161
SPS: 4162
SPS: 4163
SPS: 4164
SPS: 4165
SPS: 4166
SPS: 4166
SPS: 4167
SPS: 4168
SPS: 4168
SPS: 4169
SPS: 4169
SPS: 4170
SPS: 4171
SPS: 4172
SPS: 4172
SPS: 4174
SPS: 4175
SPS: 4175
SPS: 4175
SPS: 4174
SPS: 4175
SPS: 4176
SPS: 4174
global_step=3794944, episodic_return=67.0 (n=128)
SPS: 4174
SPS: 4174
SPS: 4175
SPS: 4176
SPS: 4176
SPS: 4177
SPS: 4177
SPS: 4178
SPS: 4178
SPS: 4178
SPS: 4179
SPS: 4180
SPS: 4181
SPS: 4181
SPS: 4182
SPS: 4183
SPS: 4183
SPS: 4180
SPS: 4181
SPS: 4182
SPS: 4182
SPS: 4183
SPS: 4184
SPS: 4185
SPS: 4185
SPS: 4186
SPS: 4187
SPS: 4187
SPS: 4188
SPS: 4189
SPS: 4189
SPS: 4190
SPS: 4190
SPS: 4191
SPS: 4191
SPS: 4192
SPS: 4192
SPS: 4192
SPS: 4193
SPS: 4193
SPS: 4194
SPS: 4194
SPS: 4195
SPS: 4195
SPS: 4195
SPS: 4196
SPS: 4196
SPS: 4196
SPS: 4197
SPS: 4197
SPS: 4198
SPS: 4199
SPS: 4199
SPS: 4200
SPS: 4200
SPS: 4201
SPS: 4202
SPS: 4202
SPS: 4203
SPS: 4204
SPS: 4205
SPS: 4206
SPS: 4207
SPS: 4207
SPS: 4208
SPS: 4209
SPS: 4209
SPS: 4209
SPS: 4210
SPS: 4210
SPS: 4211
SPS: 4212
SPS: 4213
SPS: 4214
SPS: 4214
SPS: 4215
SPS: 4216
SPS: 4217
SPS: 4217
SPS: 4218
SPS: 4219
SPS: 4219
SPS: 4220
SPS: 4221
global_step=4140032, episodic_return=0.0 (n=128)
SPS: 4221
SPS: 4221
SPS: 4222
SPS: 4222
SPS: 4223
SPS: 4223
SPS: 4223
SPS: 4224
SPS: 4224
SPS: 4224
SPS: 4225
SPS: 4225
SPS: 4225
SPS: 4226
SPS: 4226
SPS: 4227
SPS: 4227
SPS: 4227
SPS: 4227
SPS: 4227
SPS: 4228
SPS: 4228
SPS: 4228
SPS: 4229
SPS: 4229
SPS: 4229
SPS: 4229
SPS: 4230
SPS: 4230
SPS: 4230
SPS: 4231
SPS: 4231
SPS: 4232
SPS: 4233
SPS: 4234
SPS: 4234
SPS: 4235
SPS: 4236
SPS: 4236
SPS: 4237
SPS: 4238
SPS: 4239
SPS: 4239
SPS: 4240
SPS: 4241
SPS: 4242
SPS: 4242
SPS: 4243
SPS: 4244
SPS: 4245
SPS: 4246
SPS: 4246
SPS: 4247
SPS: 4247
SPS: 4247
SPS: 4248
SPS: 4249
SPS: 4249
SPS: 4250
SPS: 4251
SPS: 4251
SPS: 4252
SPS: 4253
SPS: 4253
SPS: 4254
SPS: 4255
SPS: 4256
SPS: 4256
SPS: 4257
SPS: 4258
SPS: 4258
SPS: 4259
SPS: 4260
SPS: 4261
SPS: 4261
SPS: 4262
SPS: 4263
SPS: 4263
SPS: 4264
SPS: 4264
SPS: 4265
SPS: 4266
SPS: 4266
SPS: 4267
SPS: 4267
global_step=4485248, episodic_return=0.0 (n=128)
SPS: 4267
SPS: 4267
SPS: 4268
SPS: 4269
SPS: 4269
SPS: 4270
SPS: 4270
SPS: 4271
SPS: 4271
SPS: 4272
SPS: 4273
SPS: 4274
SPS: 4274
SPS: 4275
SPS: 4275
SPS: 4276
SPS: 4277
SPS: 4277
SPS: 4278
SPS: 4278
SPS: 4279
SPS: 4280
SPS: 4280
SPS: 4281
SPS: 4282
SPS: 4282
SPS: 4283
SPS: 4284
SPS: 4284
SPS: 4285
SPS: 4285
SPS: 4286
SPS: 4286
SPS: 4287
SPS: 4288
SPS: 4288
SPS: 4289
SPS: 4290
SPS: 4290
SPS: 4291
SPS: 4291
SPS: 4292
SPS: 4292
SPS: 4293
SPS: 4293
SPS: 4293
SPS: 4293
SPS: 4294
SPS: 4294
SPS: 4294
SPS: 4295
SPS: 4295
SPS: 4295
SPS: 4296
SPS: 4296
SPS: 4296
SPS: 4296
SPS: 4297
SPS: 4297
SPS: 4297
SPS: 4298
SPS: 4298
SPS: 4298
SPS: 4298
SPS: 4298
SPS: 4299
SPS: 4299
SPS: 4299
SPS: 4300
SPS: 4300
SPS: 4300
SPS: 4301
SPS: 4296
SPS: 4296
SPS: 4296
SPS: 4297
SPS: 4298
SPS: 4298
SPS: 4299
SPS: 4299
SPS: 4300
SPS: 4300
SPS: 4301
SPS: 4301
global_step=4830336, episodic_return=-1000.0 (n=128)
SPS: 4301
SPS: 4301
SPS: 4302
SPS: 4302
SPS: 4303
SPS: 4303
SPS: 4304
SPS: 4305
SPS: 4305
SPS: 4305
SPS: 4306
SPS: 4307
SPS: 4307
SPS: 4308
SPS: 4309
SPS: 4309
SPS: 4310
SPS: 4310
SPS: 4311
SPS: 4312
SPS: 4312
SPS: 4313
SPS: 4313
SPS: 4314
SPS: 4314
SPS: 4315
SPS: 4315
SPS: 4315
SPS: 4315
SPS: 4316
SPS: 4316
SPS: 4316
SPS: 4316
SPS: 4317
SPS: 4316
SPS: 4317
SPS: 4317
SPS: 4318
SPS: 4318
SPS: 4319
SPS: 4320
SPS: 4320
SPS: 4321
SPS: 4321
SPS: 4322
SPS: 4323
SPS: 4323
SPS: 4324
SPS: 4324
SPS: 4325
SPS: 4326
SPS: 4326
SPS: 4327
SPS: 4327
SPS: 4328
SPS: 4329
SPS: 4329
SPS: 4330
SPS: 4330
SPS: 4331
SPS: 4332
SPS: 4332
SPS: 4333
SPS: 4333
SPS: 4334
SPS: 4335
SPS: 4335
SPS: 4336
SPS: 4336
SPS: 4336
SPS: 4337
SPS: 4337
SPS: 4338
SPS: 4338
SPS: 4338
SPS: 4338
SPS: 4338
SPS: 4338
SPS: 4339
SPS: 4340
SPS: 4340
SPS: 4341
SPS: 4341
SPS: 4342
global_step=5175424, episodic_return=-1000.0 (n=128)
SPS: 4342
SPS: 4342
SPS: 4343
SPS: 4343
SPS: 4344
SPS: 4344
SPS: 4345
SPS: 4346
SPS: 4346
SPS: 4346
SPS: 4347
SPS: 4347
SPS: 4348
SPS: 4348
SPS: 4349
SPS: 4349
SPS: 4349
SPS: 4350
SPS: 4350
SPS: 4351
SPS: 4351
SPS: 4352
SPS: 4352
SPS: 4353
SPS: 4353
SPS: 4354
SPS: 4354
SPS: 4354
SPS: 4354
SPS: 4355
SPS: 4355
SPS: 4355
SPS: 4355
SPS: 4355
SPS: 4355
SPS: 4356
SPS: 4356
SPS: 4356
SPS: 4357
SPS: 4356
SPS: 4357
SPS: 4357
SPS: 4357
SPS: 4357
SPS: 4358
SPS: 4358
SPS: 4359
SPS: 4360
SPS: 4360
SPS: 4361
SPS: 4361
SPS: 4362
SPS: 4362
SPS: 4363
SPS: 4363
SPS: 4364
SPS: 4364
SPS: 4365
SPS: 4365
SPS: 4366
SPS: 4367
SPS: 4367
SPS: 4368
SPS: 4368
SPS: 4369
SPS: 4369
SPS: 4370
SPS: 4370
SPS: 4371
SPS: 4371
SPS: 4372
SPS: 4372
SPS: 4373
SPS: 4373
SPS: 4374
SPS: 4374
SPS: 4375
SPS: 4375
SPS: 4376
SPS: 4376
SPS: 4377
SPS: 4377
SPS: 4378
SPS: 4378
global_step=5520256, episodic_return=0.0 (n=128)
SPS: 4378
SPS: 4378
SPS: 4379
SPS: 4379
SPS: 4380
SPS: 4380
SPS: 4381
SPS: 4381
SPS: 4382
SPS: 4382
SPS: 4383
SPS: 4383
SPS: 4384
SPS: 4384
SPS: 4385
SPS: 4385
SPS: 4385
SPS: 4385
SPS: 4386
SPS: 4386
SPS: 4387
SPS: 4387
SPS: 4388
SPS: 4388
SPS: 4389
SPS: 4389
SPS: 4390
SPS: 4390
SPS: 4391
SPS: 4391
SPS: 4392
SPS: 4392
SPS: 4393
SPS: 4393
SPS: 4394
SPS: 4394
SPS: 4394
SPS: 4395
SPS: 4395
SPS: 4396
SPS: 4396
SPS: 4396
SPS: 4397
SPS: 4397
SPS: 4398
SPS: 4398
SPS: 4399
SPS: 4398
SPS: 4398
SPS: 4399
SPS: 4399
SPS: 4400
SPS: 4400
SPS: 4401
SPS: 4401
SPS: 4402
SPS: 4402
SPS: 4403
SPS: 4403
SPS: 4403
SPS: 4404
SPS: 4404
SPS: 4405
SPS: 4405
SPS: 4406
SPS: 4406
SPS: 4406
SPS: 4407
SPS: 4407
SPS: 4408
SPS: 4408
SPS: 4409
SPS: 4409
SPS: 4409
SPS: 4410
SPS: 4410
SPS: 4411
SPS: 4411
SPS: 4411
SPS: 4412
SPS: 4412
SPS: 4413
SPS: 4413
SPS: 4414
global_step=5865344, episodic_return=-827.0 (n=128)
SPS: 4414
SPS: 4414
SPS: 4414
SPS: 4415
SPS: 4415
SPS: 4415
SPS: 4416
SPS: 4416
SPS: 4417
SPS: 4417
SPS: 4396
SPS: 4397
SPS: 4397
SPS: 4397
SPS: 4397
SPS: 4397
SPS: 4397
SPS: 4398
SPS: 4398
SPS: 4399
SPS: 4399
SPS: 4400
SPS: 4400
SPS: 4400
SPS: 4401
SPS: 4401
SPS: 4401
SPS: 4401
SPS: 4401
SPS: 4402
SPS: 4402
SPS: 4402
SPS: 4403
SPS: 4403
SPS: 4404
SPS: 4404
SPS: 4405
SPS: 4405
SPS: 4405
SPS: 4406
SPS: 4406
SPS: 4407
SPS: 4407
SPS: 4408
SPS: 4408
SPS: 4408
SPS: 4409
SPS: 4409
SPS: 4409
SPS: 4410
SPS: 4410
SPS: 4410
SPS: 4411
SPS: 4411
SPS: 4411
SPS: 4412
SPS: 4412
SPS: 4413
SPS: 4413
SPS: 4413
SPS: 4414
SPS: 4414
SPS: 4414
SPS: 4414
SPS: 4414
SPS: 4415
SPS: 4415
SPS: 4415
SPS: 4415
SPS: 4415
SPS: 4415
SPS: 4415
SPS: 4415
SPS: 4416
SPS: 4416
SPS: 4417
SPS: 4417
SPS: 4417
SPS: 4418
SPS: 4418
SPS: 4418
SPS: 4393
SPS: 4394
SPS: 4394
SPS: 4394
global_step=6209920, episodic_return=0.0 (n=128)
SPS: 4393
SPS: 4393
SPS: 4393
SPS: 4394
SPS: 4394
SPS: 4394
SPS: 4395
SPS: 4395
SPS: 4396
SPS: 4396
SPS: 4397
SPS: 4397
SPS: 4397
SPS: 4398
SPS: 4398
SPS: 4398
SPS: 4399
SPS: 4399
SPS: 4400
SPS: 4400
SPS: 4400
SPS: 4401
SPS: 4401
SPS: 4402
SPS: 4402
SPS: 4402
SPS: 4403
SPS: 4403
SPS: 4403
SPS: 4403
SPS: 4403
SPS: 4403
SPS: 4403
SPS: 4404
SPS: 4404
SPS: 4404
SPS: 4404
SPS: 4404
SPS: 4405
SPS: 4405
SPS: 4405
SPS: 4405
SPS: 4405
SPS: 4405
SPS: 4405
SPS: 4405
SPS: 4406
SPS: 4405
SPS: 4406
SPS: 4406
SPS: 4405
SPS: 4406
SPS: 4406
SPS: 4406
SPS: 4407
SPS: 4407
SPS: 4407
SPS: 4407
SPS: 4407
SPS: 4407
SPS: 4408
SPS: 4408
SPS: 4408
SPS: 4408
SPS: 4408
SPS: 4408
SPS: 4409
SPS: 4409
SPS: 4409
SPS: 4409
SPS: 4409
SPS: 4409
SPS: 4410
SPS: 4410
SPS: 4410
SPS: 4410
SPS: 4410
SPS: 4411
SPS: 4390
SPS: 4390
SPS: 4390
SPS: 4391
SPS: 4391
SPS: 4388
global_step=6554880, episodic_return=-900.0 (n=128)
SPS: 4388
SPS: 4388
SPS: 4388
SPS: 4389
SPS: 4389
SPS: 4389
SPS: 4389
SPS: 4389
SPS: 4389
SPS: 4389
SPS: 4389
SPS: 4389
SPS: 4389
SPS: 4390
SPS: 4390
SPS: 4390
SPS: 4390
SPS: 4390
SPS: 4391
SPS: 4391
SPS: 4391
SPS: 4392
SPS: 4392
SPS: 4392
SPS: 4393
SPS: 4393
SPS: 4393
SPS: 4393
SPS: 4394
SPS: 4394
SPS: 4395
SPS: 4395
SPS: 4395
SPS: 4396
SPS: 4396
SPS: 4397
SPS: 4397
SPS: 4398
SPS: 4398
SPS: 4398
SPS: 4399
SPS: 4399
SPS: 4399
SPS: 4400
SPS: 4400
SPS: 4400
SPS: 4401
SPS: 4401
SPS: 4402
SPS: 4402
SPS: 4402
SPS: 4403
SPS: 4403
SPS: 4403
SPS: 4404
SPS: 4404
SPS: 4404
SPS: 4405
SPS: 4405
SPS: 4406
SPS: 4406
SPS: 4406
SPS: 4406
SPS: 4406
SPS: 4407
SPS: 4407
SPS: 4407
SPS: 4407
SPS: 4407
SPS: 4408
SPS: 4408
SPS: 4409
SPS: 4409
SPS: 4410
SPS: 4410
SPS: 4410
SPS: 4411
SPS: 4411
SPS: 4404
SPS: 4404
SPS: 4404
SPS: 4404
SPS: 4405
SPS: 4405
global_step=6899456, episodic_return=-1000.0 (n=128)
SPS: 4405
SPS: 4405
SPS: 4406
SPS: 4406
SPS: 4407
SPS: 4407
SPS: 4408
SPS: 4408
SPS: 4408
SPS: 4409
SPS: 4409
SPS: 4409
SPS: 4409
SPS: 4410
SPS: 4410
SPS: 4410
SPS: 4411
SPS: 4411
SPS: 4411
SPS: 4412
SPS: 4412
SPS: 4412
SPS: 4413
SPS: 4413
SPS: 4413
SPS: 4413
SPS: 4413
SPS: 4414
SPS: 4414
SPS: 4414
SPS: 4415
SPS: 4415
SPS: 4415
SPS: 4416
SPS: 4416
SPS: 4417
SPS: 4417
SPS: 4417
SPS: 4418
SPS: 4418
SPS: 4419
SPS: 4419
SPS: 4419
SPS: 4419
SPS: 4419
SPS: 4419
SPS: 4419
SPS: 4420
SPS: 4420
SPS: 4420
SPS: 4420
SPS: 4420
SPS: 4420
SPS: 4420
SPS: 4421
SPS: 4421
SPS: 4421
SPS: 4421
SPS: 4421
SPS: 4421
SPS: 4422
SPS: 4422
SPS: 4422
SPS: 4422
SPS: 4422
SPS: 4422
SPS: 4423
SPS: 4423
SPS: 4423
SPS: 4423
SPS: 4424
SPS: 4424
SPS: 4425
SPS: 4425
SPS: 4425
SPS: 4426
SPS: 4408
SPS: 4409
SPS: 4409
SPS: 4409
SPS: 4409
SPS: 4410
SPS: 4410
SPS: 4410
global_step=7244544, episodic_return=-1000.0 (n=128)
SPS: 4410
SPS: 4410
SPS: 4411
SPS: 4411
SPS: 4412
SPS: 4412
SPS: 4412
SPS: 4412
SPS: 4412
SPS: 4412
SPS: 4412
SPS: 4412
SPS: 4413
SPS: 4413
SPS: 4414
SPS: 4414
SPS: 4414
SPS: 4415
SPS: 4415
SPS: 4416
SPS: 4416
SPS: 4416
SPS: 4417
SPS: 4417
SPS: 4418
SPS: 4418
SPS: 4418
SPS: 4419
SPS: 4419
SPS: 4420
SPS: 4420
SPS: 4420
SPS: 4421
SPS: 4421
SPS: 4421
SPS: 4422
SPS: 4422
SPS: 4423
SPS: 4423
SPS: 4423
SPS: 4423
SPS: 4424
SPS: 4424
SPS: 4424
SPS: 4424
SPS: 4424
SPS: 4425
SPS: 4418
SPS: 4418
SPS: 4418
SPS: 4418
SPS: 4418
SPS: 4418
SPS: 4419
SPS: 4419
SPS: 4419
SPS: 4419
SPS: 4419
SPS: 4420
SPS: 4420
SPS: 4421
SPS: 4421
SPS: 4421
SPS: 4422
SPS: 4422
SPS: 4422
SPS: 4423
SPS: 4422
SPS: 4422
SPS: 4423
SPS: 4423
SPS: 4424
SPS: 4424
SPS: 4424
SPS: 4425
SPS: 4425
SPS: 4425
SPS: 4425
SPS: 4426
SPS: 4426
SPS: 4426
SPS: 4426
SPS: 4427
SPS: 4427
global_step=7589632, episodic_return=100.0 (n=128)
SPS: 4427
SPS: 4427
SPS: 4427
SPS: 4428
SPS: 4428
SPS: 4428
SPS: 4428
SPS: 4428
SPS: 4428
SPS: 4428
SPS: 4428
SPS: 4428
SPS: 4428
SPS: 4428
SPS: 4429
SPS: 4429
SPS: 4429
SPS: 4425
SPS: 4425
SPS: 4425
SPS: 4426
SPS: 4424
SPS: 4424
SPS: 4424
SPS: 4425
SPS: 4425
SPS: 4425
SPS: 4426
SPS: 4426
SPS: 4426
SPS: 4427
SPS: 4427
SPS: 4427
SPS: 4428
SPS: 4428
SPS: 4428
SPS: 4428
SPS: 4429
SPS: 4429
SPS: 4429
SPS: 4429
SPS: 4429
SPS: 4429
SPS: 4430
SPS: 4430
SPS: 4430
SPS: 4431
SPS: 4431
SPS: 4432
SPS: 4432
SPS: 4432
SPS: 4433
SPS: 4433
SPS: 4433
SPS: 4433
SPS: 4433
SPS: 4433
SPS: 4434
SPS: 4434
SPS: 4434
SPS: 4435
SPS: 4435
SPS: 4435
SPS: 4436
SPS: 4436
SPS: 4436
SPS: 4437
SPS: 4427
SPS: 4427
SPS: 4427
SPS: 4427
SPS: 4427
SPS: 4427
SPS: 4427
SPS: 4419
SPS: 4419
SPS: 4419
SPS: 4419
SPS: 4419
SPS: 4420
SPS: 4420
SPS: 4420
SPS: 4420
SPS: 4420
SPS: 4420
global_step=7934464, episodic_return=0.0 (n=128)
SPS: 4419
SPS: 4420
SPS: 4420
SPS: 4420
SPS: 4420
SPS: 4420
SPS: 4420
SPS: 4420
SPS: 4420
SPS: 4421
SPS: 4420
SPS: 4421
SPS: 4421
SPS: 4421
SPS: 4421
SPS: 4421
SPS: 4421
SPS: 4422
SPS: 4422
SPS: 4422
SPS: 4422
SPS: 4422
SPS: 4423
SPS: 4423
SPS: 4423
SPS: 4424
SPS: 4424
SPS: 4424
SPS: 4425
SPS: 4425
SPS: 4425
SPS: 4426
SPS: 4426
SPS: 4426
SPS: 4427
SPS: 4427
SPS: 4427
SPS: 4428
SPS: 4428
SPS: 4428
SPS: 4428
SPS: 4429
SPS: 4429
SPS: 4429
SPS: 4429
SPS: 4429
SPS: 4429
SPS: 4429
SPS: 4429
SPS: 4429
SPS: 4429
SPS: 4429
SPS: 4429
SPS: 4430
SPS: 4430
SPS: 4430
SPS: 4430
SPS: 4430
SPS: 4430
SPS: 4430
SPS: 4431
SPS: 4431
SPS: 4431
SPS: 4432
SPS: 4432
SPS: 4432
SPS: 4433
SPS: 4433
SPS: 4433
SPS: 4434
SPS: 4434
SPS: 4434
SPS: 4435
SPS: 4435
SPS: 4435
SPS: 4436
SPS: 4436
SPS: 4436
SPS: 4437
SPS: 4437
SPS: 4438
SPS: 4438
SPS: 4438
SPS: 4438
global_step=8279424, episodic_return=-1000.0 (n=128)
SPS: 4438
SPS: 4438
SPS: 4438
SPS: 4439
SPS: 4439
SPS: 4439
SPS: 4439
SPS: 4440
SPS: 4440
SPS: 4440
SPS: 4440
SPS: 4441
SPS: 4441
SPS: 4442
SPS: 4442
SPS: 4442
SPS: 4442
SPS: 4443
SPS: 4443
SPS: 4443
SPS: 4444
SPS: 4444
SPS: 4444
SPS: 4444
SPS: 4445
SPS: 4445
SPS: 4445
SPS: 4446
SPS: 4446
SPS: 4446
SPS: 4446
SPS: 4447
SPS: 4447
SPS: 4447
SPS: 4448
SPS: 4448
SPS: 4448
SPS: 4449
SPS: 4449
SPS: 4449
SPS: 4450
SPS: 4450
SPS: 4450
SPS: 4450
SPS: 4450
SPS: 4451
SPS: 4451
SPS: 4451
SPS: 4452
SPS: 4452
SPS: 4452
SPS: 4452
SPS: 4453
SPS: 4453
SPS: 4453
SPS: 4454
SPS: 4454
SPS: 4454
SPS: 4455
SPS: 4455
SPS: 4455
SPS: 4455
SPS: 4456
SPS: 4456
SPS: 4456
SPS: 4457
SPS: 4457
SPS: 4457
SPS: 4457
SPS: 4457
SPS: 4457
SPS: 4457
SPS: 4458
SPS: 4458
SPS: 4458
SPS: 4459
SPS: 4459
SPS: 4460
SPS: 4460
SPS: 4460
SPS: 4460
SPS: 4461
SPS: 4461
SPS: 4461
global_step=8624640, episodic_return=-1000.0 (n=128)
SPS: 4461
SPS: 4461
SPS: 4462
SPS: 4462
SPS: 4462
SPS: 4463
SPS: 4463
SPS: 4463
SPS: 4463
SPS: 4464
SPS: 4464
SPS: 4464
SPS: 4465
SPS: 4465
SPS: 4465
SPS: 4466
SPS: 4466
SPS: 4466
SPS: 4467
SPS: 4467
SPS: 4467
SPS: 4468
SPS: 4466
SPS: 4466
SPS: 4467
SPS: 4467
SPS: 4467
SPS: 4468
SPS: 4465
SPS: 4466
SPS: 4466
SPS: 4466
SPS: 4466
SPS: 4467
SPS: 4467
SPS: 4467
SPS: 4468
SPS: 4468
SPS: 4468
SPS: 4468
SPS: 4469
SPS: 4469
SPS: 4469
SPS: 4470
SPS: 4470
SPS: 4470
SPS: 4470
SPS: 4471
SPS: 4454
SPS: 4455
SPS: 4455
SPS: 4455
SPS: 4455
SPS: 4456
SPS: 4456
SPS: 4456
SPS: 4457
SPS: 4457
SPS: 4457
SPS: 4458
SPS: 4458
SPS: 4458
SPS: 4458
SPS: 4459
SPS: 4459
SPS: 4459
SPS: 4460
SPS: 4460
SPS: 4460
SPS: 4460
SPS: 4461
SPS: 4461
SPS: 4461
SPS: 4462
SPS: 4462
SPS: 4462
SPS: 4462
SPS: 4463
SPS: 4463
SPS: 4463
SPS: 4464
SPS: 4464
SPS: 4464
SPS: 4464
global_step=8969600, episodic_return=-379.0 (n=128)
SPS: 4454
SPS: 4454
SPS: 4454
SPS: 4454
SPS: 4454
SPS: 4454
SPS: 4454
SPS: 4454
SPS: 4455
SPS: 4455
SPS: 4455
SPS: 4455
SPS: 4455
SPS: 4455
SPS: 4450
SPS: 4450
SPS: 4450
SPS: 4450
SPS: 4450
SPS: 4450
SPS: 4451
SPS: 4451
SPS: 4451
SPS: 4452
SPS: 4452
SPS: 4452
SPS: 4452
SPS: 4453
SPS: 4453
SPS: 4453
SPS: 4454
SPS: 4454
SPS: 4454
SPS: 4455
SPS: 4455
SPS: 4455
SPS: 4455
SPS: 4456
SPS: 4456
SPS: 4456
SPS: 4456
SPS: 4456
SPS: 4457
SPS: 4457
SPS: 4457
SPS: 4457
SPS: 4458
SPS: 4458
SPS: 4458
SPS: 4458
SPS: 4459
SPS: 4459
SPS: 4459
SPS: 4460
SPS: 4460
SPS: 4460
SPS: 4460
SPS: 4461
SPS: 4461
SPS: 4461
SPS: 4461
SPS: 4462
SPS: 4462
SPS: 4462
SPS: 4462
SPS: 4462
SPS: 4463
SPS: 4463
SPS: 4463
SPS: 4463
SPS: 4464
SPS: 4464
SPS: 4464
SPS: 4464
SPS: 4464
SPS: 4465
SPS: 4465
SPS: 4465
SPS: 4466
SPS: 4466
SPS: 4466
SPS: 4466
SPS: 4466
SPS: 4466
global_step=9314176, episodic_return=0.0 (n=128)
SPS: 4466
SPS: 4466
SPS: 4466
SPS: 4466
SPS: 4466
SPS: 4466
SPS: 4466
SPS: 4467
SPS: 4467
SPS: 4467
SPS: 4467
SPS: 4467
SPS: 4467
SPS: 4467
SPS: 4467
SPS: 4467
SPS: 4467
SPS: 4467
SPS: 4467
SPS: 4467
SPS: 4468
SPS: 4468
SPS: 4468
SPS: 4468
SPS: 4469
SPS: 4469
SPS: 4469
SPS: 4469
SPS: 4470
SPS: 4470
SPS: 4470
SPS: 4471
SPS: 4471
SPS: 4471
SPS: 4471
SPS: 4471
SPS: 4471
SPS: 4471
SPS: 4471
SPS: 4471
SPS: 4471
SPS: 4471
SPS: 4471
SPS: 4471
SPS: 4471
SPS: 4472
SPS: 4472
SPS: 4472
SPS: 4472
SPS: 4473
SPS: 4473
SPS: 4473
SPS: 4473
SPS: 4474
SPS: 4474
SPS: 4474
SPS: 4474
SPS: 4474
SPS: 4475
SPS: 4475
SPS: 4475
SPS: 4475
SPS: 4475
SPS: 4476
SPS: 4476
SPS: 4476
SPS: 4476
SPS: 4477
SPS: 4477
SPS: 4477
SPS: 4477
SPS: 4478
SPS: 4478
SPS: 4478
SPS: 4478
SPS: 4479
SPS: 4479
SPS: 4479
SPS: 4479
SPS: 4480
SPS: 4480
SPS: 4480
SPS: 4481
SPS: 4481
SPS: 4480
global_step=9659392, episodic_return=-1000.0 (n=128)
SPS: 4480
SPS: 4480
SPS: 4481
SPS: 4481
SPS: 4481
SPS: 4481
SPS: 4481
SPS: 4482
SPS: 4482
SPS: 4482
SPS: 4482
SPS: 4482
SPS: 4482
SPS: 4483
SPS: 4483
SPS: 4483
SPS: 4483
SPS: 4483
SPS: 4483
SPS: 4484
SPS: 4484
SPS: 4484
SPS: 4484
SPS: 4485
SPS: 4485
SPS: 4485
SPS: 4485
SPS: 4486
SPS: 4486
SPS: 4486
SPS: 4486
SPS: 4487
SPS: 4487
SPS: 4487
SPS: 4487
SPS: 4487
SPS: 4487
SPS: 4488
SPS: 4487
SPS: 4488
SPS: 4488
SPS: 4488
SPS: 4488
SPS: 4488
SPS: 4488
SPS: 4488
SPS: 4488
SPS: 4489
SPS: 4489
SPS: 4489
SPS: 4489
SPS: 4490
SPS: 4490
SPS: 4490
SPS: 4490
SPS: 4490
SPS: 4490
SPS: 4490
SPS: 4490
SPS: 4491
SPS: 4491
SPS: 4491
SPS: 4491
SPS: 4491
SPS: 4492
SPS: 4492
SPS: 4492
SPS: 4492
SPS: 4493
SPS: 4493
SPS: 4493
SPS: 4493
SPS: 4493
SPS: 4494
SPS: 4494
SPS: 4494
SPS: 4494
SPS: 4495
SPS: 4495
SPS: 4495
SPS: 4495
SPS: 4495
SPS: 4495
Traceback (most recent call last):
  File "/src/cleanrl/pqn_atari_envpool_nap.py", line 351, in <module>
    os.makedirs(args.output_dir, exist_ok=True)
  File "/usr/lib/python3.10/os.py", line 225, in makedirs
    mkdir(name, mode)
OSError: [Errno 30] Read-only file system: '/output'
slurmstepd: error: run_script_as_user: couldn't change working dir to /home/rogercc/'/scratch/rogercc/cleanrl': No such file or directory
