slurmstepd: error: couldn't chdir to `/home/rogercc/'/scratch/rogercc/cleanrl'': No such file or directory: going to /tmp instead
slurmstepd: error: couldn't chdir to `/home/rogercc/'/scratch/rogercc/cleanrl'': No such file or directory: going to /tmp instead
sending incremental file list
auto-cleanrl.sif

sent 4,938,043,507 bytes  received 35 bytes  125,013,760.56 bytes/sec
total size is 4,945,334,272  speedup is 1.00
/usr/local/lib/python3.10/dist-packages/treevalue/tree/integration/torch.py:23: FutureWarning: `torch.utils._pytree._register_pytree_node` is deprecated. Please use `torch.utils._pytree.register_pytree_node` instead.
  register_for_torch(TreeValue)
/usr/local/lib/python3.10/dist-packages/treevalue/tree/integration/torch.py:24: FutureWarning: `torch.utils._pytree._register_pytree_node` is deprecated. Please use `torch.utils._pytree.register_pytree_node` instead.
  register_for_torch(FastTreeValue)
Gym has been unmaintained since 2022 and does not support NumPy 2.0 amongst other critical functionality.
Please upgrade to Gymnasium, the maintained drop-in replacement of Gym, or contact the authors of your software and request that they upgrade.
See the migration guide at https://gymnasium.farama.org/introduction/migration_guide/ for additional information.
/usr/local/lib/python3.10/dist-packages/tyro/_parsers.py:353: UserWarning: The field `wandb-entity` is annotated with type `<class 'str'>`, but the default value `None` has type `<class 'NoneType'>`. We'll try to handle this gracefully, but it may cause unexpected behavior.
  warnings.warn(message)
/usr/local/lib/python3.10/dist-packages/tyro/_parsers.py:353: UserWarning: The field `target-kl` is annotated with type `<class 'float'>`, but the default value `None` has type `<class 'NoneType'>`. We'll try to handle this gracefully, but it may cause unexpected behavior.
  warnings.warn(message)
SPS: 1653
SPS: 2402
SPS: 2824
SPS: 3051
SPS: 3242
SPS: 3376
SPS: 3495
SPS: 3614
SPS: 3699
SPS: 3787
SPS: 3857
SPS: 3905
SPS: 3954
SPS: 3977
SPS: 4008
SPS: 4017
SPS: 4029
SPS: 4034
SPS: 4046
SPS: 4066
SPS: 4077
SPS: 4095
SPS: 4104
SPS: 4114
SPS: 4121
SPS: 4122
SPS: 4121
SPS: 4117
SPS: 4110
SPS: 4099
SPS: 4092
SPS: 4089
SPS: 4100
SPS: 4112
SPS: 4119
SPS: 4128
SPS: 4138
SPS: 4134
SPS: 4132
SPS: 4127
SPS: 4120
SPS: 4116
SPS: 4114
SPS: 4120
SPS: 4124
SPS: 4135
SPS: 4138
SPS: 4134
SPS: 4134
SPS: 4132
SPS: 4134
SPS: 4134
SPS: 4135
SPS: 4137
SPS: 4137
SPS: 4133
SPS: 4133
SPS: 4134
SPS: 4139
SPS: 4144
SPS: 4141
SPS: 4138
SPS: 4139
SPS: 4137
SPS: 4138
SPS: 4140
SPS: 4138
SPS: 4139
SPS: 4135
SPS: 4134
SPS: 4131
SPS: 4128
SPS: 4127
SPS: 4126
SPS: 4123
SPS: 4122
SPS: 4118
SPS: 4116
SPS: 4115
SPS: 4115
SPS: 4115
SPS: 4112
SPS: 4112
SPS: 4115
global_step=344960, episodic_return=100.0 (n=128)
SPS: 4112
SPS: 4117
SPS: 4120
SPS: 4126
SPS: 4125
SPS: 4125
SPS: 4128
SPS: 4133
SPS: 4139
SPS: 4141
SPS: 4148
SPS: 4153
SPS: 4157
SPS: 4162
SPS: 4166
SPS: 4171
SPS: 4176
SPS: 4179
SPS: 4183
SPS: 4185
SPS: 4190
SPS: 4193
SPS: 4196
SPS: 4197
SPS: 4201
SPS: 4205
SPS: 4207
SPS: 4209
SPS: 4213
SPS: 4215
SPS: 4217
SPS: 4219
SPS: 4221
SPS: 4222
SPS: 4222
SPS: 4224
SPS: 4226
SPS: 4229
SPS: 4231
SPS: 4230
SPS: 4229
SPS: 4230
SPS: 4229
SPS: 4228
SPS: 4230
SPS: 4230
SPS: 4226
SPS: 4222
SPS: 4219
SPS: 4213
SPS: 4215
SPS: 4211
SPS: 4206
SPS: 4201
SPS: 4199
SPS: 4196
SPS: 4199
SPS: 4199
SPS: 4202
SPS: 4203
SPS: 4203
SPS: 4204
SPS: 4203
SPS: 4204
SPS: 4206
SPS: 4207
SPS: 4208
SPS: 4209
SPS: 4212
SPS: 4212
SPS: 4211
SPS: 4210
SPS: 4208
SPS: 4207
SPS: 4208
SPS: 4206
SPS: 4206
SPS: 4205
SPS: 4205
SPS: 4205
SPS: 4203
SPS: 4203
SPS: 4203
SPS: 4201
global_step=689408, episodic_return=0.0 (n=128)
SPS: 4195
SPS: 4195
SPS: 4194
SPS: 4195
SPS: 4196
SPS: 4197
SPS: 4199
SPS: 4198
SPS: 4198
SPS: 4197
SPS: 4197
SPS: 4197
SPS: 4197
SPS: 4196
SPS: 4196
SPS: 4193
SPS: 4191
SPS: 4191
SPS: 4192
SPS: 4193
SPS: 4194
SPS: 4196
SPS: 4195
SPS: 4197
SPS: 4196
SPS: 4195
SPS: 4195
SPS: 4194
SPS: 4194
SPS: 4193
SPS: 4193
SPS: 4193
SPS: 4194
SPS: 4194
SPS: 4196
SPS: 4196
SPS: 4196
SPS: 4195
SPS: 4195
SPS: 4195
SPS: 4195
SPS: 4196
SPS: 4197
SPS: 4198
SPS: 4198
SPS: 4199
SPS: 4199
SPS: 4198
SPS: 4197
SPS: 4196
SPS: 4194
SPS: 4193
SPS: 4194
SPS: 4195
SPS: 4196
SPS: 4195
SPS: 4194
SPS: 4194
SPS: 4193
SPS: 4193
SPS: 4192
SPS: 4190
SPS: 4189
SPS: 4187
SPS: 4184
SPS: 4184
SPS: 4183
SPS: 4183
SPS: 4182
SPS: 4180
SPS: 4178
SPS: 4176
SPS: 4176
SPS: 4177
SPS: 4175
SPS: 4174
SPS: 4173
SPS: 4173
SPS: 4173
SPS: 4173
SPS: 4173
SPS: 4172
SPS: 4171
SPS: 4171
global_step=1034112, episodic_return=100.0 (n=128)
SPS: 4166
SPS: 4167
SPS: 4165
SPS: 4164
SPS: 4165
SPS: 4165
SPS: 4166
SPS: 4167
SPS: 4169
SPS: 4169
SPS: 4170
SPS: 4171
SPS: 4172
SPS: 4172
SPS: 4173
SPS: 4173
SPS: 4173
SPS: 4173
SPS: 4172
SPS: 4171
SPS: 4170
SPS: 4170
SPS: 4169
SPS: 4169
SPS: 4168
SPS: 4169
SPS: 4170
SPS: 4171
SPS: 4172
SPS: 4171
SPS: 4171
SPS: 4169
SPS: 4168
SPS: 4167
SPS: 4166
SPS: 4165
SPS: 4166
SPS: 4164
SPS: 4166
SPS: 4167
SPS: 4166
SPS: 4168
SPS: 4168
SPS: 4169
SPS: 4168
SPS: 4167
SPS: 4166
SPS: 4167
SPS: 4168
SPS: 4168
SPS: 4169
SPS: 4170
SPS: 4171
SPS: 4173
SPS: 4174
SPS: 4175
SPS: 4176
SPS: 4176
SPS: 4176
SPS: 4176
SPS: 4177
SPS: 4177
SPS: 4177
SPS: 4178
SPS: 4179
SPS: 4179
SPS: 4180
SPS: 4181
SPS: 4182
SPS: 4183
SPS: 4184
SPS: 4185
SPS: 4186
SPS: 4186
SPS: 4187
SPS: 4188
SPS: 4188
SPS: 4188
SPS: 4189
SPS: 4190
SPS: 4189
SPS: 4188
SPS: 4188
SPS: 4188
global_step=1378688, episodic_return=100.0 (n=128)
SPS: 4186
SPS: 4186
SPS: 4186
SPS: 4186
SPS: 4186
SPS: 4185
SPS: 4185
SPS: 4185
SPS: 4186
SPS: 4187
SPS: 4188
SPS: 4188
SPS: 4189
SPS: 4191
SPS: 4192
SPS: 4193
SPS: 4194
SPS: 4194
SPS: 4195
SPS: 4196
SPS: 4197
SPS: 4198
SPS: 4199
SPS: 4200
SPS: 4201
SPS: 4202
SPS: 4203
SPS: 4204
SPS: 4204
SPS: 4205
SPS: 4205
SPS: 4206
SPS: 4207
SPS: 4208
SPS: 4208
SPS: 4209
SPS: 4208
SPS: 4208
SPS: 4208
SPS: 4208
SPS: 4208
SPS: 4208
SPS: 4207
SPS: 4207
SPS: 4207
SPS: 4205
SPS: 4205
SPS: 4205
SPS: 4204
SPS: 4205
SPS: 4206
SPS: 4207
SPS: 4208
SPS: 4208
SPS: 4209
SPS: 4210
SPS: 4210
SPS: 4210
SPS: 4209
SPS: 4210
SPS: 4211
SPS: 4212
SPS: 4211
SPS: 4211
SPS: 4212
SPS: 4212
SPS: 4212
SPS: 4212
SPS: 4212
SPS: 4211
SPS: 4211
SPS: 4211
SPS: 4210
SPS: 4211
SPS: 4210
SPS: 4209
SPS: 4208
SPS: 4207
SPS: 4207
SPS: 4207
SPS: 4206
SPS: 4205
SPS: 4204
SPS: 4203
global_step=1724160, episodic_return=-1000.0 (n=128)
SPS: 4202
SPS: 4200
SPS: 4200
SPS: 4199
SPS: 4198
SPS: 4197
SPS: 4196
SPS: 4196
SPS: 4196
SPS: 4196
SPS: 4197
SPS: 4198
SPS: 4199
SPS: 4199
SPS: 4200
SPS: 4199
SPS: 4199
SPS: 4199
SPS: 4198
SPS: 4197
SPS: 4197
SPS: 4198
SPS: 4198
SPS: 4198
SPS: 4198
SPS: 4198
SPS: 4197
SPS: 4197
SPS: 4197
SPS: 4197
SPS: 4197
SPS: 4197
SPS: 4197
SPS: 4197
SPS: 4196
SPS: 4196
SPS: 4196
SPS: 4195
SPS: 4195
SPS: 4195
SPS: 4195
SPS: 4195
SPS: 4195
SPS: 4195
SPS: 4194
SPS: 4194
SPS: 4194
SPS: 4194
SPS: 4194
SPS: 4193
SPS: 4193
SPS: 4192
SPS: 4191
SPS: 4190
SPS: 4190
SPS: 4189
SPS: 4189
SPS: 4188
SPS: 4187
SPS: 4187
SPS: 4186
SPS: 4185
SPS: 4185
SPS: 4185
SPS: 4185
SPS: 4184
SPS: 4184
SPS: 4185
SPS: 4186
SPS: 4186
SPS: 4186
SPS: 4186
SPS: 4186
SPS: 4186
SPS: 4186
SPS: 4187
SPS: 4188
SPS: 4188
SPS: 4189
SPS: 4190
SPS: 4190
SPS: 4191
SPS: 4192
SPS: 4192
SPS: 4193
global_step=2069504, episodic_return=0.0 (n=128)
SPS: 4191
SPS: 4192
SPS: 4192
SPS: 4193
SPS: 4194
SPS: 4195
SPS: 4196
SPS: 4196
SPS: 4197
SPS: 4197
SPS: 4197
SPS: 4197
SPS: 4197
SPS: 4198
SPS: 4198
SPS: 4199
SPS: 4199
SPS: 4200
SPS: 4200
SPS: 4201
SPS: 4201
SPS: 4202
SPS: 4202
SPS: 4203
SPS: 4203
SPS: 4203
SPS: 4204
SPS: 4204
SPS: 4205
SPS: 4205
SPS: 4206
SPS: 4206
SPS: 4206
SPS: 4206
SPS: 4206
SPS: 4207
SPS: 4207
SPS: 4208
SPS: 4209
SPS: 4209
SPS: 4210
SPS: 4210
SPS: 4211
SPS: 4211
SPS: 4211
SPS: 4212
SPS: 4212
SPS: 4212
SPS: 4213
SPS: 4212
SPS: 4212
SPS: 4213
SPS: 4213
SPS: 4213
SPS: 4213
SPS: 4212
SPS: 4213
SPS: 4213
SPS: 4212
SPS: 4212
SPS: 4212
SPS: 4212
SPS: 4211
SPS: 4211
SPS: 4211
SPS: 4210
SPS: 4210
SPS: 4210
SPS: 4210
SPS: 4210
SPS: 4209
SPS: 4209
SPS: 4209
SPS: 4209
SPS: 4208
SPS: 4208
SPS: 4208
SPS: 4208
SPS: 4208
SPS: 4207
SPS: 4208
SPS: 4207
SPS: 4208
SPS: 4207
global_step=2414592, episodic_return=100.0 (n=128)
SPS: 4206
SPS: 4205
SPS: 4205
SPS: 4205
SPS: 4205
SPS: 4204
SPS: 4203
SPS: 4203
SPS: 4203
SPS: 4203
SPS: 4202
SPS: 4202
SPS: 4202
SPS: 4202
SPS: 4202
SPS: 4202
SPS: 4203
SPS: 4203
SPS: 4203
SPS: 4202
SPS: 4203
SPS: 4203
SPS: 4204
SPS: 4204
SPS: 4205
SPS: 4205
SPS: 4204
SPS: 4204
SPS: 4204
SPS: 4203
SPS: 4203
SPS: 4203
SPS: 4203
SPS: 4202
SPS: 4202
SPS: 4202
SPS: 4202
SPS: 4201
SPS: 4201
SPS: 4200
SPS: 4200
SPS: 4199
SPS: 4199
SPS: 4199
SPS: 4198
SPS: 4198
SPS: 4197
SPS: 4197
SPS: 4197
SPS: 4197
SPS: 4197
SPS: 4197
SPS: 4198
SPS: 4198
SPS: 4198
SPS: 4198
SPS: 4197
SPS: 4197
SPS: 4197
SPS: 4196
SPS: 4196
SPS: 4196
SPS: 4195
SPS: 4195
SPS: 4195
SPS: 4195
SPS: 4195
SPS: 4196
SPS: 4196
SPS: 4197
SPS: 4197
SPS: 4198
SPS: 4198
SPS: 4198
SPS: 4198
SPS: 4199
SPS: 4199
SPS: 4200
SPS: 4200
SPS: 4201
SPS: 4201
SPS: 4201
SPS: 4201
SPS: 4202
global_step=2759040, episodic_return=100.0 (n=128)
SPS: 4200
SPS: 4201
SPS: 4201
SPS: 4202
SPS: 4202
SPS: 4202
SPS: 4203
SPS: 4203
SPS: 4203
SPS: 4204
SPS: 4204
SPS: 4205
SPS: 4205
SPS: 4206
SPS: 4206
SPS: 4206
SPS: 4206
SPS: 4205
SPS: 4204
SPS: 4204
SPS: 4203
SPS: 4203
SPS: 4202
SPS: 4201
SPS: 4200
SPS: 4201
SPS: 4200
SPS: 4200
SPS: 4201
SPS: 4200
SPS: 4200
SPS: 4200
SPS: 4200
SPS: 4200
SPS: 4199
SPS: 4199
SPS: 4199
SPS: 4199
SPS: 4199
SPS: 4199
SPS: 4199
SPS: 4198
SPS: 4198
SPS: 4198
SPS: 4198
SPS: 4199
SPS: 4199
SPS: 4199
SPS: 4199
SPS: 4200
SPS: 4200
SPS: 4201
SPS: 4201
SPS: 4201
SPS: 4202
SPS: 4202
SPS: 4202
SPS: 4203
SPS: 4203
SPS: 4203
SPS: 4203
SPS: 4203
SPS: 4202
SPS: 4202
SPS: 4202
SPS: 4202
SPS: 4202
SPS: 4202
SPS: 4202
SPS: 4203
SPS: 4203
SPS: 4204
SPS: 4204
SPS: 4204
SPS: 4203
SPS: 4203
SPS: 4203
SPS: 4202
SPS: 4203
SPS: 4203
SPS: 4202
SPS: 4202
SPS: 4202
SPS: 4202
global_step=3104384, episodic_return=100.0 (n=128)
SPS: 4201
SPS: 4200
SPS: 4201
SPS: 4201
SPS: 4202
SPS: 4202
SPS: 4203
SPS: 4203
SPS: 4203
SPS: 4203
SPS: 4204
SPS: 4204
SPS: 4204
SPS: 4204
SPS: 4205
SPS: 4205
SPS: 4205
SPS: 4206
SPS: 4206
SPS: 4206
SPS: 4206
SPS: 4206
SPS: 4206
SPS: 4207
SPS: 4207
SPS: 4207
SPS: 4206
SPS: 4207
SPS: 4206
SPS: 4206
SPS: 4206
SPS: 4206
SPS: 4205
SPS: 4205
SPS: 4206
SPS: 4206
SPS: 4206
SPS: 4206
SPS: 4206
SPS: 4206
SPS: 4206
SPS: 4207
SPS: 4207
SPS: 4207
SPS: 4207
SPS: 4207
SPS: 4207
SPS: 4207
SPS: 4207
SPS: 4207
SPS: 4207
SPS: 4206
SPS: 4206
SPS: 4206
SPS: 4205
SPS: 4205
SPS: 4205
SPS: 4205
SPS: 4205
SPS: 4205
SPS: 4204
SPS: 4204
SPS: 4204
SPS: 4204
SPS: 4204
SPS: 4203
SPS: 4204
SPS: 4204
SPS: 4204
SPS: 4205
SPS: 4205
SPS: 4205
SPS: 4206
SPS: 4206
SPS: 4206
SPS: 4207
SPS: 4207
SPS: 4207
SPS: 4207
SPS: 4208
SPS: 4207
SPS: 4208
SPS: 4208
SPS: 4209
SPS: 4209
global_step=3449600, episodic_return=100.0 (n=128)
SPS: 4207
SPS: 4207
SPS: 4207
SPS: 4207
SPS: 4207
SPS: 4206
SPS: 4206
SPS: 4205
SPS: 4205
SPS: 4206
SPS: 4206
SPS: 4207
SPS: 4207
SPS: 4208
SPS: 4208
SPS: 4208
SPS: 4209
SPS: 4209
SPS: 4209
SPS: 4209
SPS: 4210
SPS: 4210
SPS: 4211
SPS: 4211
SPS: 4211
SPS: 4212
SPS: 4212
SPS: 4212
SPS: 4212
SPS: 4212
SPS: 4212
SPS: 4212
SPS: 4212
SPS: 4213
SPS: 4213
SPS: 4214
SPS: 4214
SPS: 4214
SPS: 4215
SPS: 4215
SPS: 4215
SPS: 4216
SPS: 4216
SPS: 4216
SPS: 4216
SPS: 4216
SPS: 4216
SPS: 4216
SPS: 4217
SPS: 4217
SPS: 4217
SPS: 4217
SPS: 4217
SPS: 4217
SPS: 4217
SPS: 4217
SPS: 4217
SPS: 4218
SPS: 4218
SPS: 4218
SPS: 4218
SPS: 4218
SPS: 4218
SPS: 4219
SPS: 4219
SPS: 4219
SPS: 4219
SPS: 4219
SPS: 4219
SPS: 4218
SPS: 4218
SPS: 4218
SPS: 4217
SPS: 4217
SPS: 4217
SPS: 4217
SPS: 4217
SPS: 4216
SPS: 4216
SPS: 4215
SPS: 4215
SPS: 4215
SPS: 4214
SPS: 4214
global_step=3794944, episodic_return=100.0 (n=128)
SPS: 4212
SPS: 4212
SPS: 4212
SPS: 4212
SPS: 4211
SPS: 4211
SPS: 4211
SPS: 4211
SPS: 4211
SPS: 4211
SPS: 4211
SPS: 4211
SPS: 4211
SPS: 4211
SPS: 4211
SPS: 4212
SPS: 4211
SPS: 4211
SPS: 4211
SPS: 4210
SPS: 4210
SPS: 4210
SPS: 4210
SPS: 4210
SPS: 4211
SPS: 4211
SPS: 4211
SPS: 4211
SPS: 4211
SPS: 4211
SPS: 4212
SPS: 4212
SPS: 4212
SPS: 4212
SPS: 4212
SPS: 4212
SPS: 4212
SPS: 4213
SPS: 4212
SPS: 4212
SPS: 4212
SPS: 4212
SPS: 4212
SPS: 4212
SPS: 4212
SPS: 4211
SPS: 4211
SPS: 4211
SPS: 4211
SPS: 4211
SPS: 4211
SPS: 4211
SPS: 4212
SPS: 4212
SPS: 4212
SPS: 4212
SPS: 4212
SPS: 4212
SPS: 4213
SPS: 4213
SPS: 4213
SPS: 4213
SPS: 4213
SPS: 4214
SPS: 4214
SPS: 4214
SPS: 4214
SPS: 4215
SPS: 4215
SPS: 4215
SPS: 4215
SPS: 4215
SPS: 4214
SPS: 4214
SPS: 4213
SPS: 4213
SPS: 4212
SPS: 4211
SPS: 4211
SPS: 4211
SPS: 4211
SPS: 4210
SPS: 4210
SPS: 4210
global_step=4140032, episodic_return=100.0 (n=128)
SPS: 4208
SPS: 4208
SPS: 4208
SPS: 4208
SPS: 4208
SPS: 4208
SPS: 4208
SPS: 4208
SPS: 4208
SPS: 4208
SPS: 4208
SPS: 4208
SPS: 4208
SPS: 4208
SPS: 4209
SPS: 4209
SPS: 4209
SPS: 4209
SPS: 4210
SPS: 4210
SPS: 4210
SPS: 4210
SPS: 4210
SPS: 4210
SPS: 4210
SPS: 4210
SPS: 4210
SPS: 4210
SPS: 4210
SPS: 4210
SPS: 4210
SPS: 4210
SPS: 4210
SPS: 4210
SPS: 4209
SPS: 4209
SPS: 4209
SPS: 4209
SPS: 4209
SPS: 4210
SPS: 4210
SPS: 4210
SPS: 4210
SPS: 4211
SPS: 4211
SPS: 4211
SPS: 4211
SPS: 4212
SPS: 4212
SPS: 4212
SPS: 4213
SPS: 4213
SPS: 4213
SPS: 4213
SPS: 4212
SPS: 4213
SPS: 4213
SPS: 4213
SPS: 4213
SPS: 4213
SPS: 4213
SPS: 4213
SPS: 4213
SPS: 4212
SPS: 4213
SPS: 4213
SPS: 4213
SPS: 4213
SPS: 4213
SPS: 4213
SPS: 4212
SPS: 4212
SPS: 4212
SPS: 4213
SPS: 4213
SPS: 4213
SPS: 4213
SPS: 4213
SPS: 4214
SPS: 4214
SPS: 4214
SPS: 4214
SPS: 4214
SPS: 4214
SPS: 4212
global_step=4485248, episodic_return=100.0 (n=128)
SPS: 4212
SPS: 4212
SPS: 4212
SPS: 4212
SPS: 4213
SPS: 4213
SPS: 4213
SPS: 4213
SPS: 4213
SPS: 4214
SPS: 4214
SPS: 4214
SPS: 4214
SPS: 4215
SPS: 4214
SPS: 4214
SPS: 4214
SPS: 4214
SPS: 4214
SPS: 4214
SPS: 4214
SPS: 4214
SPS: 4214
SPS: 4214
SPS: 4213
SPS: 4213
SPS: 4213
SPS: 4213
SPS: 4213
SPS: 4213
SPS: 4213
SPS: 4213
SPS: 4214
SPS: 4214
SPS: 4214
SPS: 4214
SPS: 4214
SPS: 4214
SPS: 4214
SPS: 4214
SPS: 4214
SPS: 4214
SPS: 4215
SPS: 4215
SPS: 4215
SPS: 4215
SPS: 4215
SPS: 4215
SPS: 4215
SPS: 4215
SPS: 4216
SPS: 4216
SPS: 4216
SPS: 4216
SPS: 4216
SPS: 4216
SPS: 4216
SPS: 4217
SPS: 4217
SPS: 4217
SPS: 4217
SPS: 4217
SPS: 4217
SPS: 4217
SPS: 4217
SPS: 4218
SPS: 4217
SPS: 4217
SPS: 4217
SPS: 4217
SPS: 4217
SPS: 4217
SPS: 4217
SPS: 4217
SPS: 4217
SPS: 4217
SPS: 4217
SPS: 4217
SPS: 4217
SPS: 4217
SPS: 4217
SPS: 4217
SPS: 4217
SPS: 4217
global_step=4830336, episodic_return=100.0 (n=128)
SPS: 4216
SPS: 4216
SPS: 4216
SPS: 4216
SPS: 4216
SPS: 4217
SPS: 4217
SPS: 4217
SPS: 4216
SPS: 4216
SPS: 4216
SPS: 4216
SPS: 4216
SPS: 4215
SPS: 4215
SPS: 4215
SPS: 4215
SPS: 4215
SPS: 4215
SPS: 4214
SPS: 4214
SPS: 4214
SPS: 4214
SPS: 4214
SPS: 4214
SPS: 4214
SPS: 4214
SPS: 4214
SPS: 4215
SPS: 4215
SPS: 4215
SPS: 4215
SPS: 4215
SPS: 4215
SPS: 4215
SPS: 4215
SPS: 4215
SPS: 4215
SPS: 4215
SPS: 4215
SPS: 4216
SPS: 4216
SPS: 4216
SPS: 4216
SPS: 4216
SPS: 4216
SPS: 4216
SPS: 4216
SPS: 4216
SPS: 4216
SPS: 4217
SPS: 4217
SPS: 4217
SPS: 4217
SPS: 4217
SPS: 4217
SPS: 4217
SPS: 4217
SPS: 4217
SPS: 4217
SPS: 4217
SPS: 4217
SPS: 4217
SPS: 4216
SPS: 4216
SPS: 4216
SPS: 4215
SPS: 4215
SPS: 4215
SPS: 4215
SPS: 4215
SPS: 4215
SPS: 4215
SPS: 4215
SPS: 4216
SPS: 4216
SPS: 4215
SPS: 4215
SPS: 4216
SPS: 4216
SPS: 4215
SPS: 4215
SPS: 4215
SPS: 4215
global_step=5175424, episodic_return=100.0 (n=128)
SPS: 4213
SPS: 4213
SPS: 4213
SPS: 4213
SPS: 4213
SPS: 4213
SPS: 4212
SPS: 4212
SPS: 4212
SPS: 4211
SPS: 4211
SPS: 4211
SPS: 4210
SPS: 4210
SPS: 4210
SPS: 4209
SPS: 4209
SPS: 4209
SPS: 4208
SPS: 4208
SPS: 4208
SPS: 4207
SPS: 4207
SPS: 4207
SPS: 4206
SPS: 4206
SPS: 4206
SPS: 4206
SPS: 4205
SPS: 4205
SPS: 4205
SPS: 4205
SPS: 4204
SPS: 4204
SPS: 4204
SPS: 4204
SPS: 4203
SPS: 4203
SPS: 4204
SPS: 4204
SPS: 4204
SPS: 4203
SPS: 4203
SPS: 4203
SPS: 4203
SPS: 4202
SPS: 4202
SPS: 4202
SPS: 4201
SPS: 4202
SPS: 4201
SPS: 4201
SPS: 4201
SPS: 4201
SPS: 4201
SPS: 4201
SPS: 4201
SPS: 4201
SPS: 4201
SPS: 4200
SPS: 4200
SPS: 4200
SPS: 4199
SPS: 4199
SPS: 4200
SPS: 4200
SPS: 4200
SPS: 4200
SPS: 4200
SPS: 4200
SPS: 4200
SPS: 4200
SPS: 4200
SPS: 4199
SPS: 4199
SPS: 4199
SPS: 4199
SPS: 4199
SPS: 4199
SPS: 4199
SPS: 4199
SPS: 4198
SPS: 4198
SPS: 4198
global_step=5520256, episodic_return=100.0 (n=128)
SPS: 4197
SPS: 4196
SPS: 4197
SPS: 4197
SPS: 4197
SPS: 4197
SPS: 4197
SPS: 4197
SPS: 4197
SPS: 4197
SPS: 4197
SPS: 4197
SPS: 4197
SPS: 4197
SPS: 4198
SPS: 4198
SPS: 4198
SPS: 4198
SPS: 4198
SPS: 4198
SPS: 4198
SPS: 4198
SPS: 4199
SPS: 4199
SPS: 4199
SPS: 4199
SPS: 4199
SPS: 4199
SPS: 4199
SPS: 4200
SPS: 4200
SPS: 4200
SPS: 4200
SPS: 4200
SPS: 4200
SPS: 4200
SPS: 4200
SPS: 4200
SPS: 4200
SPS: 4200
SPS: 4200
SPS: 4200
SPS: 4199
SPS: 4199
SPS: 4199
SPS: 4199
SPS: 4199
SPS: 4199
SPS: 4199
SPS: 4200
SPS: 4200
SPS: 4199
SPS: 4199
SPS: 4199
SPS: 4199
SPS: 4199
SPS: 4198
SPS: 4198
SPS: 4198
SPS: 4197
SPS: 4197
SPS: 4197
SPS: 4197
SPS: 4196
SPS: 4196
SPS: 4196
SPS: 4196
SPS: 4196
SPS: 4195
SPS: 4195
SPS: 4195
SPS: 4195
SPS: 4195
SPS: 4195
SPS: 4195
SPS: 4194
SPS: 4194
SPS: 4194
SPS: 4194
SPS: 4194
SPS: 4194
SPS: 4194
SPS: 4194
SPS: 4194
global_step=5865344, episodic_return=0.0 (n=128)
SPS: 4193
SPS: 4192
SPS: 4192
SPS: 4192
SPS: 4192
SPS: 4192
SPS: 4191
SPS: 4191
SPS: 4191
SPS: 4191
SPS: 4191
SPS: 4191
SPS: 4191
SPS: 4191
SPS: 4191
SPS: 4191
SPS: 4191
SPS: 4191
SPS: 4191
SPS: 4191
SPS: 4191
SPS: 4191
SPS: 4190
SPS: 4190
SPS: 4190
SPS: 4190
SPS: 4190
SPS: 4190
SPS: 4190
SPS: 4190
SPS: 4190
SPS: 4189
SPS: 4189
SPS: 4189
SPS: 4189
SPS: 4188
SPS: 4188
SPS: 4187
SPS: 4187
SPS: 4188
SPS: 4188
SPS: 4188
SPS: 4188
SPS: 4188
SPS: 4188
SPS: 4188
SPS: 4188
SPS: 4188
SPS: 4188
SPS: 4188
SPS: 4188
SPS: 4188
SPS: 4188
SPS: 4188
SPS: 4188
SPS: 4188
SPS: 4188
SPS: 4187
SPS: 4187
SPS: 4187
SPS: 4187
SPS: 4187
SPS: 4187
SPS: 4187
SPS: 4187
SPS: 4187
SPS: 4187
SPS: 4187
SPS: 4187
SPS: 4187
SPS: 4187
SPS: 4187
SPS: 4187
SPS: 4186
SPS: 4186
SPS: 4186
SPS: 4186
SPS: 4186
SPS: 4186
SPS: 4186
SPS: 4186
SPS: 4186
SPS: 4186
SPS: 4186
SPS: 4185
global_step=6209920, episodic_return=0.0 (n=128)
SPS: 4185
SPS: 4185
SPS: 4185
SPS: 4185
SPS: 4185
SPS: 4186
SPS: 4186
SPS: 4186
SPS: 4186
SPS: 4186
SPS: 4186
SPS: 4187
SPS: 4187
SPS: 4187
SPS: 4187
SPS: 4187
SPS: 4187
SPS: 4187
SPS: 4187
SPS: 4187
SPS: 4187
SPS: 4187
SPS: 4187
SPS: 4187
SPS: 4187
SPS: 4187
SPS: 4187
SPS: 4187
SPS: 4187
SPS: 4187
SPS: 4186
SPS: 4187
SPS: 4187
SPS: 4187
SPS: 4187
SPS: 4187
SPS: 4187
SPS: 4187
SPS: 4188
SPS: 4188
SPS: 4188
SPS: 4188
SPS: 4188
SPS: 4188
SPS: 4188
SPS: 4189
SPS: 4189
SPS: 4189
SPS: 4189
SPS: 4189
SPS: 4189
SPS: 4189
SPS: 4189
SPS: 4189
SPS: 4189
SPS: 4189
SPS: 4189
SPS: 4189
SPS: 4189
SPS: 4189
SPS: 4189
SPS: 4189
SPS: 4190
SPS: 4190
SPS: 4190
SPS: 4190
SPS: 4191
SPS: 4191
SPS: 4191
SPS: 4191
SPS: 4192
SPS: 4192
SPS: 4192
SPS: 4192
SPS: 4193
SPS: 4193
SPS: 4193
SPS: 4193
SPS: 4193
SPS: 4194
SPS: 4194
SPS: 4194
SPS: 4194
SPS: 4193
global_step=6554880, episodic_return=100.0 (n=128)
SPS: 4192
SPS: 4192
SPS: 4193
SPS: 4193
SPS: 4193
SPS: 4193
SPS: 4193
SPS: 4194
SPS: 4194
SPS: 4194
SPS: 4194
SPS: 4194
SPS: 4194
SPS: 4194
SPS: 4194
SPS: 4195
SPS: 4195
SPS: 4195
SPS: 4195
SPS: 4195
SPS: 4195
SPS: 4195
SPS: 4195
SPS: 4195
SPS: 4195
SPS: 4195
SPS: 4195
SPS: 4195
SPS: 4196
SPS: 4196
SPS: 4196
SPS: 4196
SPS: 4196
SPS: 4196
SPS: 4196
SPS: 4196
SPS: 4196
SPS: 4196
SPS: 4196
SPS: 4197
SPS: 4197
SPS: 4197
SPS: 4197
SPS: 4197
SPS: 4197
SPS: 4197
SPS: 4197
SPS: 4197
SPS: 4197
SPS: 4198
SPS: 4198
SPS: 4198
SPS: 4197
SPS: 4197
SPS: 4197
SPS: 4197
SPS: 4197
SPS: 4197
SPS: 4197
SPS: 4197
SPS: 4197
SPS: 4197
SPS: 4196
SPS: 4197
SPS: 4197
SPS: 4197
SPS: 4197
SPS: 4197
SPS: 4198
SPS: 4198
SPS: 4198
SPS: 4198
SPS: 4198
SPS: 4197
SPS: 4197
SPS: 4197
SPS: 4197
SPS: 4196
SPS: 4196
SPS: 4196
SPS: 4196
SPS: 4196
SPS: 4196
SPS: 4196
global_step=6899456, episodic_return=100.0 (n=128)
SPS: 4195
SPS: 4195
SPS: 4195
SPS: 4195
SPS: 4195
SPS: 4195
SPS: 4195
SPS: 4195
SPS: 4195
SPS: 4195
SPS: 4195
SPS: 4196
SPS: 4196
SPS: 4196
SPS: 4196
SPS: 4196
SPS: 4196
SPS: 4196
SPS: 4197
SPS: 4197
SPS: 4197
SPS: 4197
SPS: 4197
SPS: 4198
SPS: 4198
SPS: 4198
SPS: 4198
SPS: 4198
SPS: 4198
SPS: 4198
SPS: 4198
SPS: 4198
SPS: 4197
SPS: 4197
SPS: 4197
SPS: 4197
SPS: 4197
SPS: 4197
SPS: 4197
SPS: 4197
SPS: 4197
SPS: 4197
SPS: 4197
SPS: 4196
SPS: 4197
SPS: 4197
SPS: 4196
SPS: 4196
SPS: 4196
SPS: 4196
SPS: 4196
SPS: 4196
SPS: 4196
SPS: 4196
SPS: 4195
SPS: 4195
SPS: 4195
SPS: 4196
SPS: 4196
SPS: 4196
SPS: 4196
SPS: 4197
SPS: 4197
SPS: 4197
SPS: 4197
SPS: 4197
SPS: 4197
SPS: 4198
SPS: 4198
SPS: 4198
SPS: 4198
SPS: 4198
SPS: 4199
SPS: 4199
SPS: 4199
SPS: 4199
SPS: 4199
SPS: 4199
SPS: 4200
SPS: 4200
SPS: 4200
SPS: 4200
SPS: 4200
SPS: 4200
global_step=7244544, episodic_return=-1000.0 (n=128)
SPS: 4200
SPS: 4200
SPS: 4200
SPS: 4200
SPS: 4200
SPS: 4200
SPS: 4200
SPS: 4201
SPS: 4201
SPS: 4201
SPS: 4201
SPS: 4201
SPS: 4201
SPS: 4201
SPS: 4201
SPS: 4201
SPS: 4201
SPS: 4201
SPS: 4201
SPS: 4201
SPS: 4201
SPS: 4201
SPS: 4201
SPS: 4201
SPS: 4201
SPS: 4201
SPS: 4201
SPS: 4201
SPS: 4201
SPS: 4201
SPS: 4201
SPS: 4201
SPS: 4202
SPS: 4202
SPS: 4202
SPS: 4202
SPS: 4202
SPS: 4202
SPS: 4202
SPS: 4202
SPS: 4201
SPS: 4202
SPS: 4201
SPS: 4202
SPS: 4202
SPS: 4201
SPS: 4201
SPS: 4201
SPS: 4202
SPS: 4202
SPS: 4202
SPS: 4202
SPS: 4202
SPS: 4202
SPS: 4202
SPS: 4202
SPS: 4202
SPS: 4202
SPS: 4203
SPS: 4203
SPS: 4203
SPS: 4203
SPS: 4203
SPS: 4203
SPS: 4204
SPS: 4203
SPS: 4203
SPS: 4203
SPS: 4203
SPS: 4203
SPS: 4203
SPS: 4203
SPS: 4203
SPS: 4203
SPS: 4203
SPS: 4203
SPS: 4202
SPS: 4202
SPS: 4202
SPS: 4202
SPS: 4202
SPS: 4202
SPS: 4203
SPS: 4203
global_step=7589632, episodic_return=0.0 (n=128)
SPS: 4202
SPS: 4203
SPS: 4203
SPS: 4203
SPS: 4203
SPS: 4203
SPS: 4203
SPS: 4204
SPS: 4204
SPS: 4204
SPS: 4204
SPS: 4204
SPS: 4205
SPS: 4205
SPS: 4205
SPS: 4205
SPS: 4205
SPS: 4206
SPS: 4206
SPS: 4206
SPS: 4206
SPS: 4206
SPS: 4206
SPS: 4206
SPS: 4207
SPS: 4207
SPS: 4207
SPS: 4207
SPS: 4207
SPS: 4207
SPS: 4208
SPS: 4208
SPS: 4208
SPS: 4208
SPS: 4208
SPS: 4208
SPS: 4208
SPS: 4208
SPS: 4208
SPS: 4208
SPS: 4208
SPS: 4208
SPS: 4208
SPS: 4208
SPS: 4208
SPS: 4208
SPS: 4208
SPS: 4208
SPS: 4208
SPS: 4208
SPS: 4208
SPS: 4208
SPS: 4207
SPS: 4208
SPS: 4208
SPS: 4208
SPS: 4208
SPS: 4208
SPS: 4208
SPS: 4208
SPS: 4208
SPS: 4207
SPS: 4207
SPS: 4208
SPS: 4208
SPS: 4208
SPS: 4207
SPS: 4207
SPS: 4207
SPS: 4207
SPS: 4207
SPS: 4207
SPS: 4207
SPS: 4208
SPS: 4208
SPS: 4208
SPS: 4208
SPS: 4208
SPS: 4208
SPS: 4208
SPS: 4208
SPS: 4208
SPS: 4208
SPS: 4208
SPS: 4207
global_step=7934464, episodic_return=100.0 (n=128)
SPS: 4207
SPS: 4207
SPS: 4207
SPS: 4207
SPS: 4207
SPS: 4207
SPS: 4207
SPS: 4207
SPS: 4207
SPS: 4207
SPS: 4207
SPS: 4207
SPS: 4207
SPS: 4207
SPS: 4207
SPS: 4208
SPS: 4208
SPS: 4208
SPS: 4208
SPS: 4208
SPS: 4208
SPS: 4208
SPS: 4208
SPS: 4208
SPS: 4208
SPS: 4208
SPS: 4208
SPS: 4208
SPS: 4208
SPS: 4208
SPS: 4208
SPS: 4208
SPS: 4208
SPS: 4208
SPS: 4208
SPS: 4208
SPS: 4208
SPS: 4208
SPS: 4208
SPS: 4208
SPS: 4208
SPS: 4208
SPS: 4208
SPS: 4208
SPS: 4207
SPS: 4207
SPS: 4207
SPS: 4207
SPS: 4207
SPS: 4207
SPS: 4207
SPS: 4207
SPS: 4207
SPS: 4207
SPS: 4208
SPS: 4208
SPS: 4208
SPS: 4208
SPS: 4208
SPS: 4208
SPS: 4208
SPS: 4208
SPS: 4208
SPS: 4208
SPS: 4207
SPS: 4207
SPS: 4207
SPS: 4207
SPS: 4208
SPS: 4207
SPS: 4207
SPS: 4207
SPS: 4207
SPS: 4207
SPS: 4207
SPS: 4207
SPS: 4207
SPS: 4207
SPS: 4207
SPS: 4207
SPS: 4207
SPS: 4207
SPS: 4207
SPS: 4207
global_step=8279424, episodic_return=0.0 (n=128)
SPS: 4207
SPS: 4207
SPS: 4207
SPS: 4207
SPS: 4207
SPS: 4207
SPS: 4207
SPS: 4207
SPS: 4207
SPS: 4207
SPS: 4207
SPS: 4207
SPS: 4207
SPS: 4207
SPS: 4207
SPS: 4207
SPS: 4207
SPS: 4207
SPS: 4207
SPS: 4207
SPS: 4207
SPS: 4207
SPS: 4207
SPS: 4207
SPS: 4207
SPS: 4207
SPS: 4207
SPS: 4207
SPS: 4207
SPS: 4206
SPS: 4206
SPS: 4206
SPS: 4206
SPS: 4206
SPS: 4206
SPS: 4206
SPS: 4206
SPS: 4206
SPS: 4206
SPS: 4206
SPS: 4206
SPS: 4206
SPS: 4206
SPS: 4206
SPS: 4206
SPS: 4206
SPS: 4206
SPS: 4206
SPS: 4206
SPS: 4206
SPS: 4206
SPS: 4206
SPS: 4207
SPS: 4207
SPS: 4207
SPS: 4207
SPS: 4207
SPS: 4207
SPS: 4207
SPS: 4207
SPS: 4207
SPS: 4207
SPS: 4207
SPS: 4207
SPS: 4207
SPS: 4207
SPS: 4208
SPS: 4208
SPS: 4208
SPS: 4208
SPS: 4208
SPS: 4208
SPS: 4208
SPS: 4208
SPS: 4208
SPS: 4208
SPS: 4209
SPS: 4209
SPS: 4209
SPS: 4209
SPS: 4209
SPS: 4210
SPS: 4210
SPS: 4210
global_step=8624640, episodic_return=100.0 (n=128)
SPS: 4209
SPS: 4209
SPS: 4209
SPS: 4210
SPS: 4210
SPS: 4210
SPS: 4210
SPS: 4210
SPS: 4211
SPS: 4211
SPS: 4211
SPS: 4211
SPS: 4211
SPS: 4211
SPS: 4211
SPS: 4211
SPS: 4211
SPS: 4211
SPS: 4211
SPS: 4211
SPS: 4211
SPS: 4211
SPS: 4211
SPS: 4211
SPS: 4211
SPS: 4211
SPS: 4211
SPS: 4211
SPS: 4211
SPS: 4211
SPS: 4211
SPS: 4211
SPS: 4211
SPS: 4211
SPS: 4211
SPS: 4211
SPS: 4211
SPS: 4211
SPS: 4211
SPS: 4211
SPS: 4211
SPS: 4211
SPS: 4211
SPS: 4211
SPS: 4211
SPS: 4211
SPS: 4211
SPS: 4211
SPS: 4211
SPS: 4211
SPS: 4211
SPS: 4211
SPS: 4211
SPS: 4211
SPS: 4211
SPS: 4211
SPS: 4211
SPS: 4211
SPS: 4212
SPS: 4212
SPS: 4211
SPS: 4211
SPS: 4211
SPS: 4211
SPS: 4211
SPS: 4211
SPS: 4211
SPS: 4211
SPS: 4211
SPS: 4211
SPS: 4211
SPS: 4211
SPS: 4211
SPS: 4211
SPS: 4211
SPS: 4211
SPS: 4211
SPS: 4211
SPS: 4211
SPS: 4211
SPS: 4211
SPS: 4211
SPS: 4211
SPS: 4211
global_step=8969600, episodic_return=100.0 (n=128)
SPS: 4210
SPS: 4210
SPS: 4210
SPS: 4210
SPS: 4210
SPS: 4210
SPS: 4210
SPS: 4210
SPS: 4210
SPS: 4209
SPS: 4209
SPS: 4209
SPS: 4209
SPS: 4209
SPS: 4209
SPS: 4209
SPS: 4209
SPS: 4209
SPS: 4208
SPS: 4208
SPS: 4208
SPS: 4208
SPS: 4208
SPS: 4208
SPS: 4208
SPS: 4208
SPS: 4208
SPS: 4208
SPS: 4207
SPS: 4207
SPS: 4207
SPS: 4207
SPS: 4207
SPS: 4207
SPS: 4207
SPS: 4207
SPS: 4207
SPS: 4207
SPS: 4207
SPS: 4207
SPS: 4207
SPS: 4207
SPS: 4207
SPS: 4207
SPS: 4207
SPS: 4207
SPS: 4207
SPS: 4207
SPS: 4207
SPS: 4207
SPS: 4207
SPS: 4207
SPS: 4207
SPS: 4207
SPS: 4207
SPS: 4207
SPS: 4207
SPS: 4207
SPS: 4207
SPS: 4207
SPS: 4207
SPS: 4207
SPS: 4207
SPS: 4207
SPS: 4207
SPS: 4207
SPS: 4207
SPS: 4207
SPS: 4207
SPS: 4207
SPS: 4207
SPS: 4207
SPS: 4206
SPS: 4206
SPS: 4206
SPS: 4206
SPS: 4206
SPS: 4206
SPS: 4206
SPS: 4206
SPS: 4206
SPS: 4206
SPS: 4206
SPS: 4206
global_step=9314176, episodic_return=100.0 (n=128)
SPS: 4206
SPS: 4206
SPS: 4206
SPS: 4206
SPS: 4206
SPS: 4206
SPS: 4207
SPS: 4207
SPS: 4207
SPS: 4207
SPS: 4207
SPS: 4207
SPS: 4207
SPS: 4207
SPS: 4207
SPS: 4207
SPS: 4207
SPS: 4207
SPS: 4207
SPS: 4207
SPS: 4207
SPS: 4207
SPS: 4207
SPS: 4207
SPS: 4207
SPS: 4207
SPS: 4207
SPS: 4207
SPS: 4207
SPS: 4207
SPS: 4207
SPS: 4207
SPS: 4207
SPS: 4207
SPS: 4207
SPS: 4207
SPS: 4207
SPS: 4207
SPS: 4207
SPS: 4207
SPS: 4207
SPS: 4207
SPS: 4207
SPS: 4207
SPS: 4207
SPS: 4207
SPS: 4207
SPS: 4207
SPS: 4207
SPS: 4207
SPS: 4208
SPS: 4208
SPS: 4208
SPS: 4208
SPS: 4208
SPS: 4208
SPS: 4208
SPS: 4208
SPS: 4208
SPS: 4209
SPS: 4209
SPS: 4209
SPS: 4209
SPS: 4209
SPS: 4209
SPS: 4210
SPS: 4210
SPS: 4210
SPS: 4210
SPS: 4210
SPS: 4210
SPS: 4210
SPS: 4211
SPS: 4211
SPS: 4211
SPS: 4211
SPS: 4211
SPS: 4211
SPS: 4211
SPS: 4212
SPS: 4212
SPS: 4212
SPS: 4212
SPS: 4212
SPS: 4212
global_step=9659392, episodic_return=100.0 (n=128)
SPS: 4212
SPS: 4212
SPS: 4212
SPS: 4212
SPS: 4212
SPS: 4213
SPS: 4213
SPS: 4213
SPS: 4213
SPS: 4213
SPS: 4213
SPS: 4213
SPS: 4214
SPS: 4214
SPS: 4214
SPS: 4214
SPS: 4214
SPS: 4214
SPS: 4214
SPS: 4214
SPS: 4215
SPS: 4215
SPS: 4215
SPS: 4215
SPS: 4215
SPS: 4215
SPS: 4216
SPS: 4216
SPS: 4216
SPS: 4216
SPS: 4216
SPS: 4215
SPS: 4215
SPS: 4215
SPS: 4215
SPS: 4215
SPS: 4215
SPS: 4215
SPS: 4215
SPS: 4215
SPS: 4215
SPS: 4214
SPS: 4214
SPS: 4214
SPS: 4214
SPS: 4214
SPS: 4214
SPS: 4214
SPS: 4214
SPS: 4214
SPS: 4214
SPS: 4214
SPS: 4214
SPS: 4214
SPS: 4214
SPS: 4214
SPS: 4214
SPS: 4213
SPS: 4213
SPS: 4213
SPS: 4213
SPS: 4213
SPS: 4213
SPS: 4213
SPS: 4213
SPS: 4213
SPS: 4213
SPS: 4213
SPS: 4213
SPS: 4213
SPS: 4212
SPS: 4212
SPS: 4212
SPS: 4212
SPS: 4212
SPS: 4212
SPS: 4212
SPS: 4212
SPS: 4212
SPS: 4212
SPS: 4212
SPS: 4212
SPS: 4212
Traceback (most recent call last):
  File "/src/cleanrl/ppo_atari_envpool_layernorm.py", line 381, in <module>
    os.makedirs(args.output_dir, exist_ok=True)
  File "/usr/lib/python3.10/os.py", line 225, in makedirs
    mkdir(name, mode)
OSError: [Errno 30] Read-only file system: '/output'
slurmstepd: error: run_script_as_user: couldn't change working dir to /home/rogercc/'/scratch/rogercc/cleanrl': No such file or directory
