sending incremental file list
auto-cleanrl.sif

sent 4,938,196,675 bytes  received 35 bytes  365,792,348.89 bytes/sec
total size is 4,945,575,936  speedup is 1.00
/usr/local/lib/python3.10/dist-packages/treevalue/tree/integration/torch.py:23: FutureWarning: `torch.utils._pytree._register_pytree_node` is deprecated. Please use `torch.utils._pytree.register_pytree_node` instead.
  register_for_torch(TreeValue)
/usr/local/lib/python3.10/dist-packages/treevalue/tree/integration/torch.py:24: FutureWarning: `torch.utils._pytree._register_pytree_node` is deprecated. Please use `torch.utils._pytree.register_pytree_node` instead.
  register_for_torch(FastTreeValue)
Gym has been unmaintained since 2022 and does not support NumPy 2.0 amongst other critical functionality.
Please upgrade to Gymnasium, the maintained drop-in replacement of Gym, or contact the authors of your software and request that they upgrade.
See the migration guide at https://gymnasium.farama.org/introduction/migration_guide/ for additional information.
/usr/local/lib/python3.10/dist-packages/tyro/_parsers.py:353: UserWarning: The field `wandb-entity` is annotated with type `<class 'str'>`, but the default value `None` has type `<class 'NoneType'>`. We'll try to handle this gracefully, but it may cause unexpected behavior.
  warnings.warn(message)
/usr/local/lib/python3.10/dist-packages/tyro/_parsers.py:353: UserWarning: The field `target-kl` is annotated with type `<class 'float'>`, but the default value `None` has type `<class 'NoneType'>`. We'll try to handle this gracefully, but it may cause unexpected behavior.
  warnings.warn(message)
[ARCH DIAG] Script path: /src/cleanrl/ppo_atari_envpool_crelu.py
[ARCH DIAG] Script MD5: fe4305b3746eb816f7273c870666a63a
[ARCH DIAG] Agent total parameters: 845655
[ARCH DIAG] Network: Sequential(
  (0): Conv2d(4, 16, kernel_size=(8, 8), stride=(4, 4))
  (1): CReLU()
  (2): Conv2d(32, 32, kernel_size=(4, 4), stride=(2, 2))
  (3): CReLU()
  (4): Conv2d(64, 32, kernel_size=(3, 3), stride=(1, 1))
  (5): CReLU()
  (6): Flatten(start_dim=1, end_dim=-1)
  (7): Linear(in_features=3136, out_features=256, bias=True)
  (8): CReLU()
)
[ARCH DIAG] Conv1 weight shape: [16, 4, 8, 8]
SPS: 1727
SPS: 2445
SPS: 2860
SPS: 3072
SPS: 3220
SPS: 3293
SPS: 3395
SPS: 3445
SPS: 3416
SPS: 3414
SPS: 3414
SPS: 3476
SPS: 3477
SPS: 3483
SPS: 3499
global_step=62080, episodic_return=95.0 (n=128)
SPS: 3493
SPS: 3507
SPS: 3524
SPS: 3544
SPS: 3563
SPS: 3576
SPS: 3588
SPS: 3599
SPS: 3606
Results saved to /runs/h051diag__h051diag-spaceinvaders.csv
