slurmstepd: error: couldn't chdir to `/home/rogercc/'/scratch/rogercc/cleanrl'': No such file or directory: going to /tmp instead
slurmstepd: error: couldn't chdir to `/home/rogercc/'/scratch/rogercc/cleanrl'': No such file or directory: going to /tmp instead
sending incremental file list
auto-cleanrl.sif

sent 4,938,043,507 bytes  received 35 bytes  3,717,006.81 bytes/sec
total size is 4,945,334,272  speedup is 1.00
/usr/local/lib/python3.10/dist-packages/treevalue/tree/integration/torch.py:23: FutureWarning: `torch.utils._pytree._register_pytree_node` is deprecated. Please use `torch.utils._pytree.register_pytree_node` instead.
  register_for_torch(TreeValue)
/usr/local/lib/python3.10/dist-packages/treevalue/tree/integration/torch.py:24: FutureWarning: `torch.utils._pytree._register_pytree_node` is deprecated. Please use `torch.utils._pytree.register_pytree_node` instead.
  register_for_torch(FastTreeValue)
Gym has been unmaintained since 2022 and does not support NumPy 2.0 amongst other critical functionality.
Please upgrade to Gymnasium, the maintained drop-in replacement of Gym, or contact the authors of your software and request that they upgrade.
See the migration guide at https://gymnasium.farama.org/introduction/migration_guide/ for additional information.
/usr/local/lib/python3.10/dist-packages/tyro/_parsers.py:353: UserWarning: The field `wandb-entity` is annotated with type `<class 'str'>`, but the default value `None` has type `<class 'NoneType'>`. We'll try to handle this gracefully, but it may cause unexpected behavior.
  warnings.warn(message)
/usr/local/lib/python3.10/dist-packages/tyro/_parsers.py:353: UserWarning: The field `target-kl` is annotated with type `<class 'float'>`, but the default value `None` has type `<class 'NoneType'>`. We'll try to handle this gracefully, but it may cause unexpected behavior.
  warnings.warn(message)
SPS: 1420
SPS: 2144
SPS: 2508
SPS: 2812
SPS: 2998
SPS: 3143
SPS: 3250
SPS: 3321
SPS: 3408
SPS: 3466
SPS: 3536
SPS: 3574
SPS: 3609
SPS: 3644
SPS: 3659
global_step=62080, episodic_return=95.0 (n=128)
SPS: 3676
SPS: 3692
SPS: 3682
SPS: 3684
SPS: 3692
SPS: 3715
SPS: 3735
SPS: 3758
SPS: 3781
SPS: 3798
SPS: 3806
SPS: 3820
SPS: 3841
SPS: 3861
SPS: 3877
SPS: 3888
global_step=128000, episodic_return=195.0 (n=128)
SPS: 3891
SPS: 3897
SPS: 3911
SPS: 3920
SPS: 3930
SPS: 3946
SPS: 3955
SPS: 3949
SPS: 3959
SPS: 3966
SPS: 3973
SPS: 3979
SPS: 3989
SPS: 3997
SPS: 4007
SPS: 4009
SPS: 4008
global_step=197632, episodic_return=130.0 (n=128)
SPS: 4015
SPS: 4021
SPS: 4028
SPS: 4029
SPS: 4036
SPS: 4036
SPS: 4043
SPS: 4047
SPS: 4050
SPS: 4054
SPS: 4059
SPS: 4065
SPS: 4066
SPS: 4070
global_step=256768, episodic_return=75.0 (n=128)
SPS: 4073
SPS: 4071
SPS: 4074
SPS: 4077
SPS: 4084
SPS: 4089
SPS: 4088
SPS: 4087
SPS: 4093
SPS: 4098
SPS: 4101
SPS: 4106
SPS: 4111
SPS: 4115
SPS: 4116
SPS: 4120
SPS: 4123
SPS: 4126
global_step=328704, episodic_return=155.0 (n=128)
SPS: 4127
SPS: 4119
SPS: 4118
SPS: 4121
SPS: 4123
SPS: 4127
SPS: 4126
SPS: 4127
SPS: 4127
SPS: 4127
SPS: 4128
SPS: 4130
SPS: 4131
global_step=384128, episodic_return=60.0 (n=128)
SPS: 4132
SPS: 4134
SPS: 4137
SPS: 4138
SPS: 4140
SPS: 4143
SPS: 4144
SPS: 4146
SPS: 4151
SPS: 4150
SPS: 4151
SPS: 4153
SPS: 4155
SPS: 4153
SPS: 4156
SPS: 4156
SPS: 4157
SPS: 4159
SPS: 4160
SPS: 4162
SPS: 4163
SPS: 4164
SPS: 4164
global_step=478720, episodic_return=215.0 (n=128)
SPS: 4166
SPS: 4168
SPS: 4168
SPS: 4169
SPS: 4171
SPS: 4173
SPS: 4174
SPS: 4177
SPS: 4177
SPS: 4179
SPS: 4182
SPS: 4185
SPS: 4186
SPS: 4188
global_step=535040, episodic_return=155.0 (n=128)
SPS: 4189
SPS: 4190
SPS: 4189
SPS: 4189
SPS: 4188
SPS: 4189
SPS: 4189
SPS: 4190
SPS: 4191
SPS: 4192
SPS: 4193
SPS: 4194
SPS: 4194
SPS: 4196
SPS: 4186
global_step=598016, episodic_return=120.0 (n=128)
SPS: 4178
SPS: 4179
SPS: 4180
SPS: 4180
SPS: 4181
SPS: 4181
SPS: 4182
SPS: 4183
SPS: 4184
SPS: 4186
SPS: 4185
SPS: 4186
global_step=645376, episodic_return=80.0 (n=128)
SPS: 4188
SPS: 4188
SPS: 4188
SPS: 4188
SPS: 4189
SPS: 4190
SPS: 4190
SPS: 4190
SPS: 4189
SPS: 4191
SPS: 4190
SPS: 4192
SPS: 4191
SPS: 4191
SPS: 4192
SPS: 4192
global_step=711168, episodic_return=120.0 (n=128)
SPS: 4192
SPS: 4193
SPS: 4193
SPS: 4192
SPS: 4192
SPS: 4190
SPS: 4190
SPS: 4189
SPS: 4190
SPS: 4191
SPS: 4189
SPS: 4191
SPS: 4191
SPS: 4191
SPS: 4193
global_step=771200, episodic_return=125.0 (n=128)
SPS: 4194
SPS: 4193
SPS: 4193
SPS: 4192
SPS: 4191
SPS: 4191
SPS: 4191
SPS: 4190
SPS: 4190
SPS: 4190
SPS: 4191
SPS: 4192
SPS: 4191
SPS: 4190
SPS: 4189
SPS: 4188
global_step=837376, episodic_return=110.0 (n=128)
SPS: 4187
SPS: 4187
SPS: 4185
SPS: 4179
SPS: 4180
SPS: 4180
SPS: 4180
SPS: 4180
SPS: 4180
SPS: 4181
SPS: 4181
SPS: 4181
SPS: 4182
global_step=890752, episodic_return=135.0 (n=128)
SPS: 4181
SPS: 4182
SPS: 4182
SPS: 4183
SPS: 4182
SPS: 4182
SPS: 4184
SPS: 4185
SPS: 4185
SPS: 4185
SPS: 4184
SPS: 4184
SPS: 4183
SPS: 4183
SPS: 4183
global_step=952320, episodic_return=155.0 (n=128)
SPS: 4184
SPS: 4184
SPS: 4183
SPS: 4184
SPS: 4184
SPS: 4184
SPS: 4184
SPS: 4185
SPS: 4185
global_step=988800, episodic_return=35.0 (n=128)
SPS: 4185
SPS: 4185
SPS: 4185
SPS: 4183
SPS: 4183
SPS: 4181
SPS: 4180
SPS: 4180
SPS: 4181
SPS: 4181
global_step=1032064, episodic_return=105.0 (n=128)
SPS: 4182
SPS: 4181
SPS: 4181
SPS: 4182
SPS: 4182
SPS: 4182
SPS: 4181
SPS: 4180
global_step=1063680, episodic_return=30.0 (n=128)
SPS: 4178
SPS: 4179
SPS: 4178
SPS: 4179
SPS: 4179
SPS: 4179
SPS: 4179
SPS: 4179
SPS: 4180
SPS: 4180
SPS: 4177
SPS: 4176
SPS: 4176
SPS: 4175
SPS: 4173
global_step=1123712, episodic_return=90.0 (n=128)
SPS: 4172
SPS: 4173
SPS: 4173
SPS: 4172
SPS: 4172
SPS: 4172
SPS: 4172
SPS: 4170
SPS: 4169
SPS: 4168
SPS: 4168
SPS: 4167
SPS: 4167
SPS: 4167
SPS: 4167
SPS: 4168
SPS: 4168
SPS: 4169
global_step=1199872, episodic_return=335.0 (n=128)
SPS: 4168
SPS: 4168
SPS: 4167
SPS: 4167
SPS: 4167
SPS: 4167
SPS: 4167
SPS: 4167
SPS: 4167
SPS: 4167
SPS: 4168
SPS: 4168
SPS: 4168
SPS: 4168
SPS: 4168
SPS: 4167
SPS: 4167
global_step=1268224, episodic_return=155.0 (n=128)
SPS: 4167
SPS: 4166
SPS: 4165
SPS: 4165
SPS: 4164
SPS: 4164
SPS: 4164
SPS: 4164
SPS: 4164
SPS: 4164
SPS: 4164
SPS: 4164
SPS: 4165
SPS: 4165
global_step=1326464, episodic_return=140.0 (n=128)
SPS: 4166
SPS: 4166
SPS: 4166
SPS: 4166
SPS: 4167
SPS: 4166
SPS: 4165
SPS: 4163
SPS: 4162
SPS: 4163
SPS: 4162
SPS: 4162
SPS: 4163
SPS: 4164
SPS: 4163
SPS: 4163
SPS: 4163
SPS: 4163
global_step=1400576, episodic_return=195.0 (n=128)
SPS: 4164
SPS: 4165
SPS: 4165
SPS: 4166
SPS: 4166
SPS: 4166
SPS: 4167
SPS: 4167
SPS: 4167
SPS: 4167
SPS: 4167
SPS: 4167
SPS: 4167
SPS: 4168
SPS: 4168
SPS: 4169
SPS: 4169
global_step=1468800, episodic_return=155.0 (n=128)
SPS: 4169
SPS: 4170
SPS: 4170
SPS: 4170
SPS: 4170
SPS: 4170
SPS: 4170
SPS: 4169
SPS: 4170
SPS: 4170
SPS: 4171
SPS: 4171
global_step=1515904, episodic_return=25.0 (n=128)
SPS: 4171
SPS: 4171
SPS: 4171
SPS: 4172
SPS: 4171
SPS: 4172
SPS: 4172
SPS: 4173
SPS: 4173
global_step=1553792, episodic_return=80.0 (n=128)
SPS: 4173
SPS: 4172
SPS: 4172
SPS: 4172
SPS: 4171
SPS: 4171
SPS: 4171
SPS: 4171
SPS: 4171
SPS: 4170
SPS: 4169
SPS: 4169
SPS: 4169
SPS: 4168
SPS: 4166
SPS: 4166
SPS: 4165
SPS: 4165
SPS: 4165
SPS: 4166
global_step=1635328, episodic_return=150.0 (n=128)
SPS: 4166
SPS: 4166
SPS: 4167
SPS: 4167
SPS: 4167
SPS: 4167
SPS: 4167
SPS: 4167
SPS: 4167
SPS: 4167
SPS: 4168
SPS: 4168
SPS: 4169
SPS: 4169
SPS: 4169
SPS: 4170
SPS: 4169
global_step=1705600, episodic_return=310.0 (n=128)
SPS: 4169
SPS: 4169
SPS: 4169
SPS: 4170
SPS: 4170
SPS: 4170
SPS: 4170
SPS: 4171
SPS: 4171
SPS: 4171
SPS: 4171
SPS: 4171
SPS: 4171
SPS: 4171
global_step=1764864, episodic_return=90.0 (n=128)
SPS: 4172
SPS: 4172
SPS: 4172
SPS: 4171
SPS: 4171
SPS: 4171
SPS: 4170
SPS: 4169
SPS: 4169
SPS: 4169
SPS: 4169
SPS: 4169
SPS: 4168
global_step=1815168, episodic_return=90.0 (n=128)
SPS: 4168
SPS: 4168
SPS: 4167
SPS: 4166
SPS: 4166
SPS: 4166
SPS: 4166
SPS: 4166
SPS: 4166
SPS: 4166
SPS: 4165
SPS: 4163
SPS: 4163
global_step=1868672, episodic_return=55.0 (n=128)
SPS: 4163
SPS: 4164
SPS: 4164
SPS: 4164
SPS: 4164
SPS: 4164
SPS: 4163
SPS: 4163
SPS: 4163
global_step=1907072, episodic_return=65.0 (n=128)
SPS: 4163
SPS: 4163
SPS: 4163
SPS: 4162
SPS: 4162
SPS: 4162
SPS: 4162
SPS: 4161
SPS: 4161
SPS: 4160
SPS: 4160
SPS: 4160
SPS: 4160
SPS: 4159
SPS: 4160
global_step=1966336, episodic_return=120.0 (n=128)
SPS: 4160
SPS: 4160
SPS: 4160
SPS: 4159
SPS: 4159
SPS: 4160
SPS: 4160
SPS: 4160
SPS: 4160
SPS: 4160
SPS: 4160
SPS: 4160
SPS: 4161
SPS: 4161
SPS: 4161
SPS: 4161
SPS: 4161
SPS: 4161
SPS: 4162
global_step=2045440, episodic_return=130.0 (n=128)
SPS: 4162
SPS: 4162
SPS: 4161
SPS: 4161
SPS: 4161
SPS: 4161
SPS: 4160
SPS: 4160
SPS: 4160
SPS: 4159
SPS: 4159
SPS: 4159
SPS: 4158
SPS: 4157
SPS: 4157
SPS: 4158
SPS: 4156
SPS: 4155
SPS: 4155
SPS: 4154
SPS: 4154
SPS: 4154
global_step=2136832, episodic_return=455.0 (n=128)
SPS: 4155
SPS: 4155
SPS: 4156
SPS: 4156
SPS: 4157
SPS: 4157
SPS: 4157
SPS: 4158
SPS: 4158
SPS: 4158
SPS: 4158
SPS: 4158
SPS: 4158
SPS: 4158
global_step=2193536, episodic_return=155.0 (n=128)
SPS: 4158
SPS: 4159
SPS: 4158
SPS: 4158
SPS: 4159
SPS: 4159
SPS: 4160
SPS: 4160
SPS: 4160
SPS: 4160
SPS: 4160
SPS: 4160
global_step=2243072, episodic_return=65.0 (n=128)
SPS: 4159
SPS: 4158
SPS: 4159
SPS: 4159
SPS: 4159
SPS: 4159
SPS: 4159
SPS: 4159
SPS: 4159
SPS: 4160
SPS: 4160
SPS: 4160
global_step=2289920, episodic_return=85.0 (n=128)
SPS: 4160
SPS: 4160
SPS: 4160
SPS: 4161
SPS: 4161
SPS: 4161
SPS: 4161
SPS: 4161
SPS: 4162
SPS: 4162
SPS: 4162
SPS: 4162
SPS: 4163
SPS: 4163
SPS: 4162
SPS: 4161
SPS: 4161
SPS: 4161
SPS: 4160
SPS: 4158
SPS: 4158
SPS: 4157
SPS: 4156
SPS: 4155
SPS: 4155
SPS: 4154
SPS: 4153
SPS: 4153
SPS: 4152
SPS: 4152
global_step=2414848, episodic_return=435.0 (n=128)
SPS: 4152
SPS: 4152
SPS: 4152
SPS: 4152
SPS: 4153
SPS: 4153
SPS: 4153
SPS: 4153
SPS: 4154
SPS: 4154
SPS: 4154
SPS: 4154
SPS: 4154
SPS: 4154
SPS: 4154
SPS: 4154
SPS: 4154
global_step=2482816, episodic_return=120.0 (n=128)
SPS: 4154
SPS: 4154
SPS: 4155
SPS: 4155
SPS: 4154
SPS: 4155
SPS: 4155
SPS: 4155
SPS: 4155
SPS: 4155
SPS: 4156
SPS: 4156
SPS: 4156
SPS: 4156
SPS: 4156
SPS: 4156
SPS: 4156
SPS: 4156
SPS: 4156
SPS: 4156
SPS: 4157
SPS: 4157
SPS: 4158
SPS: 4158
global_step=2581632, episodic_return=210.0 (n=128)
SPS: 4158
SPS: 4158
SPS: 4158
SPS: 4158
SPS: 4159
SPS: 4159
SPS: 4159
SPS: 4159
SPS: 4159
SPS: 4159
SPS: 4158
SPS: 4159
SPS: 4159
SPS: 4159
SPS: 4159
SPS: 4159
SPS: 4159
SPS: 4159
SPS: 4159
SPS: 4159
SPS: 4159
SPS: 4159
global_step=2673024, episodic_return=160.0 (n=128)
SPS: 4159
SPS: 4159
SPS: 4159
SPS: 4159
SPS: 4159
SPS: 4159
SPS: 4159
SPS: 4159
SPS: 4159
SPS: 4158
SPS: 4158
SPS: 4158
SPS: 4157
SPS: 4157
SPS: 4156
SPS: 4155
SPS: 4155
SPS: 4154
SPS: 4154
SPS: 4154
SPS: 4153
SPS: 4153
SPS: 4154
SPS: 4154
SPS: 4154
SPS: 4154
global_step=2781184, episodic_return=170.0 (n=128)
SPS: 4154
SPS: 4154
SPS: 4153
SPS: 4153
SPS: 4153
SPS: 4153
SPS: 4153
SPS: 4154
SPS: 4154
SPS: 4154
SPS: 4155
SPS: 4155
SPS: 4155
SPS: 4155
SPS: 4154
SPS: 4153
SPS: 4153
SPS: 4153
SPS: 4153
SPS: 4152
SPS: 4152
SPS: 4151
SPS: 4150
global_step=2874624, episodic_return=220.0 (n=128)
SPS: 4149
SPS: 4149
SPS: 4149
SPS: 4149
SPS: 4149
SPS: 4149
SPS: 4149
SPS: 4150
SPS: 4150
SPS: 4150
SPS: 4150
SPS: 4151
SPS: 4151
SPS: 4151
SPS: 4151
SPS: 4150
SPS: 4150
global_step=2942848, episodic_return=120.0 (n=128)
SPS: 4150
SPS: 4150
SPS: 4151
SPS: 4151
SPS: 4150
SPS: 4150
SPS: 4150
SPS: 4150
SPS: 4151
SPS: 4151
global_step=2985088, episodic_return=110.0 (n=128)
SPS: 4151
SPS: 4150
SPS: 4151
SPS: 4151
SPS: 4151
SPS: 4151
SPS: 4151
SPS: 4152
SPS: 4152
SPS: 4151
SPS: 4151
global_step=3027584, episodic_return=75.0 (n=128)
SPS: 4151
SPS: 4150
SPS: 4150
SPS: 4150
SPS: 4150
SPS: 4151
SPS: 4151
SPS: 4151
SPS: 4151
SPS: 4151
SPS: 4151
SPS: 4151
SPS: 4152
SPS: 4152
global_step=3086592, episodic_return=135.0 (n=128)
SPS: 4152
SPS: 4152
SPS: 4151
SPS: 4151
SPS: 4151
SPS: 4151
SPS: 4151
SPS: 4152
SPS: 4152
SPS: 4153
SPS: 4151
SPS: 4151
SPS: 4151
SPS: 4151
SPS: 4152
SPS: 4152
SPS: 4152
SPS: 4152
global_step=3161216, episodic_return=110.0 (n=128)
SPS: 4152
SPS: 4152
SPS: 4152
SPS: 4153
SPS: 4152
SPS: 4152
SPS: 4153
SPS: 4152
SPS: 4152
SPS: 4151
SPS: 4151
SPS: 4151
SPS: 4150
SPS: 4150
SPS: 4150
SPS: 4150
SPS: 4149
global_step=3228928, episodic_return=155.0 (n=128)
SPS: 4149
SPS: 4148
SPS: 4148
SPS: 4148
SPS: 4148
SPS: 4149
SPS: 4149
SPS: 4149
SPS: 4149
SPS: 4149
global_step=3272576, episodic_return=90.0 (n=128)
SPS: 4149
SPS: 4149
SPS: 4150
SPS: 4150
SPS: 4149
SPS: 4149
SPS: 4149
SPS: 4149
SPS: 4149
SPS: 4149
SPS: 4149
SPS: 4149
SPS: 4149
SPS: 4148
SPS: 4148
SPS: 4148
SPS: 4147
SPS: 4147
global_step=3344768, episodic_return=120.0 (n=128)
SPS: 4147
SPS: 4147
SPS: 4148
SPS: 4148
SPS: 4148
SPS: 4148
SPS: 4148
SPS: 4149
SPS: 4148
SPS: 4148
SPS: 4148
SPS: 4148
global_step=3391872, episodic_return=110.0 (n=128)
SPS: 4148
SPS: 4148
SPS: 4149
SPS: 4149
SPS: 4149
SPS: 4149
SPS: 4149
SPS: 4150
SPS: 4150
global_step=3429120, episodic_return=45.0 (n=128)
SPS: 4150
SPS: 4150
SPS: 4150
SPS: 4151
SPS: 4151
SPS: 4151
SPS: 4151
SPS: 4151
SPS: 4152
SPS: 4152
SPS: 4152
SPS: 4152
SPS: 4152
SPS: 4152
SPS: 4152
global_step=3490304, episodic_return=180.0 (n=128)
SPS: 4153
SPS: 4153
SPS: 4153
SPS: 4153
SPS: 4153
SPS: 4153
SPS: 4153
SPS: 4154
SPS: 4154
SPS: 4154
global_step=3533312, episodic_return=80.0 (n=128)
SPS: 4154
SPS: 4153
SPS: 4153
SPS: 4153
SPS: 4154
SPS: 4154
SPS: 4154
SPS: 4154
SPS: 4153
SPS: 4153
global_step=3575680, episodic_return=50.0 (n=128)
SPS: 4152
SPS: 4152
SPS: 4152
SPS: 4151
SPS: 4151
SPS: 4151
SPS: 4151
SPS: 4150
SPS: 4150
SPS: 4150
SPS: 4150
SPS: 4149
SPS: 4149
SPS: 4149
SPS: 4147
SPS: 4146
global_step=3638016, episodic_return=105.0 (n=128)
SPS: 4146
SPS: 4146
SPS: 4145
SPS: 4145
SPS: 4145
SPS: 4145
SPS: 4144
SPS: 4144
SPS: 4144
SPS: 4144
SPS: 4144
SPS: 4144
SPS: 4145
global_step=3693696, episodic_return=45.0 (n=128)
SPS: 4145
SPS: 4145
SPS: 4145
SPS: 4145
SPS: 4145
SPS: 4145
SPS: 4146
SPS: 4146
SPS: 4146
SPS: 4146
SPS: 4146
SPS: 4147
global_step=3741824, episodic_return=80.0 (n=128)
SPS: 4147
SPS: 4147
SPS: 4147
SPS: 4148
SPS: 4148
SPS: 4148
SPS: 4148
SPS: 4148
SPS: 4148
SPS: 4148
SPS: 4147
SPS: 4147
SPS: 4147
SPS: 4146
global_step=3800320, episodic_return=90.0 (n=128)
SPS: 4146
SPS: 4145
SPS: 4145
SPS: 4145
SPS: 4145
SPS: 4146
SPS: 4146
SPS: 4146
SPS: 4146
SPS: 4147
SPS: 4147
SPS: 4147
SPS: 4146
SPS: 4147
SPS: 4146
global_step=3858560, episodic_return=65.0 (n=128)
SPS: 4147
SPS: 4146
SPS: 4147
SPS: 4147
SPS: 4147
SPS: 4146
SPS: 4145
SPS: 4145
SPS: 4144
SPS: 4144
SPS: 4144
SPS: 4144
SPS: 4144
global_step=3913728, episodic_return=65.0 (n=128)
SPS: 4144
SPS: 4145
SPS: 4145
SPS: 4145
SPS: 4145
SPS: 4145
SPS: 4145
SPS: 4145
SPS: 4145
SPS: 4145
SPS: 4145
SPS: 4145
SPS: 4145
SPS: 4145
SPS: 4145
SPS: 4145
SPS: 4145
SPS: 4145
SPS: 4145
global_step=3992576, episodic_return=120.0 (n=128)
SPS: 4146
SPS: 4146
SPS: 4146
SPS: 4146
SPS: 4146
SPS: 4146
SPS: 4146
SPS: 4146
SPS: 4146
SPS: 4147
SPS: 4147
global_step=4035584, episodic_return=15.0 (n=128)
SPS: 4147
SPS: 4147
SPS: 4147
SPS: 4147
SPS: 4147
SPS: 4147
SPS: 4147
SPS: 4147
SPS: 4147
SPS: 4147
SPS: 4148
SPS: 4148
SPS: 4148
SPS: 4148
SPS: 4148
SPS: 4148
SPS: 4149
SPS: 4148
global_step=4110080, episodic_return=180.0 (n=128)
SPS: 4149
SPS: 4149
SPS: 4149
SPS: 4149
SPS: 4149
SPS: 4149
SPS: 4149
SPS: 4149
SPS: 4149
SPS: 4150
SPS: 4150
SPS: 4150
SPS: 4150
SPS: 4150
SPS: 4150
SPS: 4151
SPS: 4151
SPS: 4151
global_step=4183040, episodic_return=180.0 (n=128)
SPS: 4151
SPS: 4151
SPS: 4150
SPS: 4151
SPS: 4151
SPS: 4151
SPS: 4151
SPS: 4151
SPS: 4151
SPS: 4151
SPS: 4151
global_step=4229888, episodic_return=60.0 (n=128)
SPS: 4151
SPS: 4151
SPS: 4151
SPS: 4152
SPS: 4152
SPS: 4151
SPS: 4151
SPS: 4151
SPS: 4150
SPS: 4150
SPS: 4150
SPS: 4149
SPS: 4149
SPS: 4149
SPS: 4149
SPS: 4149
SPS: 4149
SPS: 4149
SPS: 4149
SPS: 4148
SPS: 4148
SPS: 4147
SPS: 4147
SPS: 4147
SPS: 4147
SPS: 4146
SPS: 4146
SPS: 4146
global_step=4345728, episodic_return=515.0 (n=128)
SPS: 4146
SPS: 4146
SPS: 4146
SPS: 4145
SPS: 4145
SPS: 4145
SPS: 4145
SPS: 4145
SPS: 4145
SPS: 4145
SPS: 4144
SPS: 4144
SPS: 4144
SPS: 4144
SPS: 4143
SPS: 4143
SPS: 4143
SPS: 4142
global_step=4418176, episodic_return=180.0 (n=128)
SPS: 4142
SPS: 4142
SPS: 4142
SPS: 4142
SPS: 4142
SPS: 4141
SPS: 4141
SPS: 4141
SPS: 4141
SPS: 4141
SPS: 4140
SPS: 4140
SPS: 4140
SPS: 4140
SPS: 4140
SPS: 4140
global_step=4484224, episodic_return=110.0 (n=128)
SPS: 4139
SPS: 4139
SPS: 4138
SPS: 4138
SPS: 4138
SPS: 4137
SPS: 4137
SPS: 4137
SPS: 4137
global_step=4519808, episodic_return=35.0 (n=128)
SPS: 4136
SPS: 4136
SPS: 4136
SPS: 4136
SPS: 4135
SPS: 4135
SPS: 4135
SPS: 4135
SPS: 4134
SPS: 4134
SPS: 4134
global_step=4565376, episodic_return=105.0 (n=128)
SPS: 4134
SPS: 4134
SPS: 4133
SPS: 4133
SPS: 4133
SPS: 4133
SPS: 4133
SPS: 4133
SPS: 4132
global_step=4599936, episodic_return=45.0 (n=128)
SPS: 4132
SPS: 4132
SPS: 4132
SPS: 4132
SPS: 4132
SPS: 4132
SPS: 4132
SPS: 4132
SPS: 4132
SPS: 4132
SPS: 4133
SPS: 4133
SPS: 4133
SPS: 4133
SPS: 4133
SPS: 4133
SPS: 4134
SPS: 4133
SPS: 4133
global_step=4679680, episodic_return=210.0 (n=128)
SPS: 4134
SPS: 4134
SPS: 4134
SPS: 4134
SPS: 4134
SPS: 4134
SPS: 4134
SPS: 4134
SPS: 4135
SPS: 4135
SPS: 4135
SPS: 4135
SPS: 4135
SPS: 4135
SPS: 4135
SPS: 4135
SPS: 4136
SPS: 4136
SPS: 4135
SPS: 4135
global_step=4763264, episodic_return=170.0 (n=128)
SPS: 4135
SPS: 4135
SPS: 4135
SPS: 4135
SPS: 4135
SPS: 4135
SPS: 4135
SPS: 4136
SPS: 4136
SPS: 4136
SPS: 4136
SPS: 4137
SPS: 4137
SPS: 4137
SPS: 4137
SPS: 4137
SPS: 4137
SPS: 4137
SPS: 4137
SPS: 4137
SPS: 4137
SPS: 4138
global_step=4852096, episodic_return=215.0 (n=128)
SPS: 4137
SPS: 4137
SPS: 4137
SPS: 4137
SPS: 4138
SPS: 4138
SPS: 4138
SPS: 4138
SPS: 4138
SPS: 4137
SPS: 4137
SPS: 4137
SPS: 4136
SPS: 4136
SPS: 4136
SPS: 4136
SPS: 4136
SPS: 4136
SPS: 4136
global_step=4929280, episodic_return=210.0 (n=128)
SPS: 4136
SPS: 4135
SPS: 4135
SPS: 4135
SPS: 4136
SPS: 4136
SPS: 4136
SPS: 4137
SPS: 4137
SPS: 4137
SPS: 4137
SPS: 4137
SPS: 4137
SPS: 4137
SPS: 4137
SPS: 4137
SPS: 4137
SPS: 4137
SPS: 4138
SPS: 4138
global_step=5009536, episodic_return=225.0 (n=128)
SPS: 4138
SPS: 4138
SPS: 4138
SPS: 4138
SPS: 4138
SPS: 4139
SPS: 4139
SPS: 4139
SPS: 4139
SPS: 4140
SPS: 4140
global_step=5057280, episodic_return=80.0 (n=128)
SPS: 4140
SPS: 4140
SPS: 4140
SPS: 4140
SPS: 4140
SPS: 4140
SPS: 4140
SPS: 4140
SPS: 4140
SPS: 4140
SPS: 4140
SPS: 4140
SPS: 4141
SPS: 4141
SPS: 4141
SPS: 4141
SPS: 4141
SPS: 4141
SPS: 4141
SPS: 4141
global_step=5137152, episodic_return=210.0 (n=128)
SPS: 4142
SPS: 4142
SPS: 4142
SPS: 4142
SPS: 4142
SPS: 4142
SPS: 4142
SPS: 4142
SPS: 4142
SPS: 4142
SPS: 4143
SPS: 4143
global_step=5188608, episodic_return=30.0 (n=128)
SPS: 4143
SPS: 4143
SPS: 4143
SPS: 4143
SPS: 4144
SPS: 4144
SPS: 4144
SPS: 4144
SPS: 4144
global_step=5224960, episodic_return=45.0 (n=128)
SPS: 4144
SPS: 4144
SPS: 4144
SPS: 4144
SPS: 4144
SPS: 4145
SPS: 4145
SPS: 4145
SPS: 4145
SPS: 4145
SPS: 4145
SPS: 4145
SPS: 4145
SPS: 4145
SPS: 4146
SPS: 4146
SPS: 4146
SPS: 4146
SPS: 4146
SPS: 4146
global_step=5306752, episodic_return=240.0 (n=128)
SPS: 4146
SPS: 4146
SPS: 4146
SPS: 4147
SPS: 4147
SPS: 4147
SPS: 4147
SPS: 4147
SPS: 4147
SPS: 4147
SPS: 4147
SPS: 4147
SPS: 4147
SPS: 4147
SPS: 4147
global_step=5366144, episodic_return=135.0 (n=128)
SPS: 4148
SPS: 4148
SPS: 4148
SPS: 4148
SPS: 4148
SPS: 4148
SPS: 4148
SPS: 4148
SPS: 4148
SPS: 4148
SPS: 4148
SPS: 4148
SPS: 4148
global_step=5422080, episodic_return=105.0 (n=128)
SPS: 4148
SPS: 4148
SPS: 4148
SPS: 4147
SPS: 4147
SPS: 4147
SPS: 4147
SPS: 4147
SPS: 4146
SPS: 4146
SPS: 4146
SPS: 4146
SPS: 4146
SPS: 4146
SPS: 4147
SPS: 4147
global_step=5488384, episodic_return=100.0 (n=128)
SPS: 4147
SPS: 4147
SPS: 4147
SPS: 4147
SPS: 4147
SPS: 4147
SPS: 4148
SPS: 4148
SPS: 4148
SPS: 4148
SPS: 4148
SPS: 4148
SPS: 4148
SPS: 4148
SPS: 4149
SPS: 4149
SPS: 4149
SPS: 4149
global_step=5558784, episodic_return=105.0 (n=128)
SPS: 4149
SPS: 4149
SPS: 4149
SPS: 4149
SPS: 4150
SPS: 4149
SPS: 4149
SPS: 4149
SPS: 4149
SPS: 4149
SPS: 4148
SPS: 4148
SPS: 4148
SPS: 4148
global_step=5619456, episodic_return=125.0 (n=128)
SPS: 4148
SPS: 4148
SPS: 4148
SPS: 4148
SPS: 4148
SPS: 4149
SPS: 4148
SPS: 4149
SPS: 4149
SPS: 4149
SPS: 4149
SPS: 4149
SPS: 4149
SPS: 4149
SPS: 4149
SPS: 4150
global_step=5684224, episodic_return=130.0 (n=128)
SPS: 4150
SPS: 4150
SPS: 4150
SPS: 4150
SPS: 4150
SPS: 4150
SPS: 4150
SPS: 4151
SPS: 4151
SPS: 4151
SPS: 4151
SPS: 4151
SPS: 4151
SPS: 4151
SPS: 4151
SPS: 4151
SPS: 4151
SPS: 4151
SPS: 4151
global_step=5762816, episodic_return=155.0 (n=128)
SPS: 4152
SPS: 4152
SPS: 4152
SPS: 4152
SPS: 4152
SPS: 4152
SPS: 4152
SPS: 4152
SPS: 4152
SPS: 4152
SPS: 4152
SPS: 4152
SPS: 4152
SPS: 4152
SPS: 4152
SPS: 4153
SPS: 4153
SPS: 4153
SPS: 4153
SPS: 4153
SPS: 4153
SPS: 4153
SPS: 4153
SPS: 4153
SPS: 4153
global_step=5863168, episodic_return=315.0 (n=128)
SPS: 4153
SPS: 4153
SPS: 4153
SPS: 4153
SPS: 4153
SPS: 4153
SPS: 4153
SPS: 4153
SPS: 4153
SPS: 4153
SPS: 4153
SPS: 4153
SPS: 4154
SPS: 4154
SPS: 4154
SPS: 4154
global_step=5928960, episodic_return=105.0 (n=128)
SPS: 4154
SPS: 4153
SPS: 4153
SPS: 4153
SPS: 4153
SPS: 4153
SPS: 4153
SPS: 4153
SPS: 4152
SPS: 4152
SPS: 4152
SPS: 4151
SPS: 4151
SPS: 4151
global_step=5984640, episodic_return=135.0 (n=128)
SPS: 4151
SPS: 4151
SPS: 4151
SPS: 4151
SPS: 4151
SPS: 4151
SPS: 4151
SPS: 4150
SPS: 4150
SPS: 4150
SPS: 4150
SPS: 4150
SPS: 4149
SPS: 4149
SPS: 4149
global_step=6047360, episodic_return=110.0 (n=128)
SPS: 4149
SPS: 4149
SPS: 4148
SPS: 4148
SPS: 4148
SPS: 4149
SPS: 4149
SPS: 4149
SPS: 4149
SPS: 4149
SPS: 4149
SPS: 4149
SPS: 4149
global_step=6102912, episodic_return=135.0 (n=128)
SPS: 4149
SPS: 4149
SPS: 4149
SPS: 4149
SPS: 4149
SPS: 4149
SPS: 4149
SPS: 4149
SPS: 4148
SPS: 4148
SPS: 4148
SPS: 4148
SPS: 4148
SPS: 4148
SPS: 4148
global_step=6163968, episodic_return=90.0 (n=128)
SPS: 4148
SPS: 4148
SPS: 4148
SPS: 4148
SPS: 4148
SPS: 4148
SPS: 4148
SPS: 4148
SPS: 4148
SPS: 4148
SPS: 4148
SPS: 4148
SPS: 4148
SPS: 4148
SPS: 4148
SPS: 4148
SPS: 4148
SPS: 4148
SPS: 4148
global_step=6240512, episodic_return=240.0 (n=128)
SPS: 4148
SPS: 4148
SPS: 4148
SPS: 4148
SPS: 4148
SPS: 4147
SPS: 4147
SPS: 4147
SPS: 4147
SPS: 4147
SPS: 4146
SPS: 4146
SPS: 4146
SPS: 4146
SPS: 4146
SPS: 4146
SPS: 4146
SPS: 4146
global_step=6314240, episodic_return=180.0 (n=128)
SPS: 4146
SPS: 4146
SPS: 4146
SPS: 4145
SPS: 4145
SPS: 4145
SPS: 4145
SPS: 4145
SPS: 4145
SPS: 4145
SPS: 4145
SPS: 4146
SPS: 4146
SPS: 4146
SPS: 4146
SPS: 4146
SPS: 4146
SPS: 4146
global_step=6388864, episodic_return=355.0 (n=128)
SPS: 4146
SPS: 4147
SPS: 4147
SPS: 4147
SPS: 4147
SPS: 4147
SPS: 4147
SPS: 4147
SPS: 4147
SPS: 4147
SPS: 4147
SPS: 4148
SPS: 4148
SPS: 4148
SPS: 4148
SPS: 4148
global_step=6451328, episodic_return=120.0 (n=128)
SPS: 4148
SPS: 4148
SPS: 4148
SPS: 4148
SPS: 4148
SPS: 4148
SPS: 4148
SPS: 4148
SPS: 4148
SPS: 4148
SPS: 4148
SPS: 4148
global_step=6501376, episodic_return=105.0 (n=128)
SPS: 4148
SPS: 4148
SPS: 4148
SPS: 4149
SPS: 4149
SPS: 4149
SPS: 4149
SPS: 4149
SPS: 4149
SPS: 4149
SPS: 4149
SPS: 4149
SPS: 4149
SPS: 4150
SPS: 4150
SPS: 4150
SPS: 4150
SPS: 4150
SPS: 4150
SPS: 4150
global_step=6583936, episodic_return=265.0 (n=128)
SPS: 4150
SPS: 4150
SPS: 4150
SPS: 4150
SPS: 4150
SPS: 4151
SPS: 4151
SPS: 4151
SPS: 4151
SPS: 4151
SPS: 4151
SPS: 4151
SPS: 4151
SPS: 4151
SPS: 4151
SPS: 4151
SPS: 4151
SPS: 4151
SPS: 4151
SPS: 4152
SPS: 4152
SPS: 4152
SPS: 4152
SPS: 4152
SPS: 4152
SPS: 4152
SPS: 4152
global_step=6693376, episodic_return=425.0 (n=128)
SPS: 4152
SPS: 4152
SPS: 4152
SPS: 4152
SPS: 4152
SPS: 4152
SPS: 4152
SPS: 4152
SPS: 4152
SPS: 4152
SPS: 4152
SPS: 4152
SPS: 4152
SPS: 4152
global_step=6752896, episodic_return=105.0 (n=128)
SPS: 4152
SPS: 4152
SPS: 4152
SPS: 4152
SPS: 4152
SPS: 4152
SPS: 4151
SPS: 4151
SPS: 4151
SPS: 4151
SPS: 4151
SPS: 4151
SPS: 4150
SPS: 4150
SPS: 4150
SPS: 4150
SPS: 4150
SPS: 4149
SPS: 4149
SPS: 4149
SPS: 4149
SPS: 4149
SPS: 4149
SPS: 4149
global_step=6849408, episodic_return=140.0 (n=128)
SPS: 4148
SPS: 4148
SPS: 4148
SPS: 4148
SPS: 4148
SPS: 4148
SPS: 4147
SPS: 4147
SPS: 4147
SPS: 4147
SPS: 4147
SPS: 4146
SPS: 4146
SPS: 4146
SPS: 4146
SPS: 4146
SPS: 4146
SPS: 4145
SPS: 4145
SPS: 4145
SPS: 4145
SPS: 4144
SPS: 4144
global_step=6944384, episodic_return=135.0 (n=128)
SPS: 4144
SPS: 4144
SPS: 4143
SPS: 4143
SPS: 4143
SPS: 4143
SPS: 4143
SPS: 4142
SPS: 4143
SPS: 4143
SPS: 4143
SPS: 4143
SPS: 4143
SPS: 4143
SPS: 4143
SPS: 4142
SPS: 4142
SPS: 4142
SPS: 4141
SPS: 4141
SPS: 4141
SPS: 4141
global_step=7036416, episodic_return=155.0 (n=128)
SPS: 4141
SPS: 4141
SPS: 4141
SPS: 4141
SPS: 4140
SPS: 4140
SPS: 4140
SPS: 4140
SPS: 4140
SPS: 4140
SPS: 4140
SPS: 4140
SPS: 4139
SPS: 4139
SPS: 4139
SPS: 4139
SPS: 4139
SPS: 4139
SPS: 4138
SPS: 4138
SPS: 4138
SPS: 4138
SPS: 4138
global_step=7128064, episodic_return=185.0 (n=128)
SPS: 4138
SPS: 4138
SPS: 4137
SPS: 4137
SPS: 4137
SPS: 4137
SPS: 4137
SPS: 4137
SPS: 4137
SPS: 4137
SPS: 4137
SPS: 4137
SPS: 4136
SPS: 4136
SPS: 4136
global_step=7190528, episodic_return=135.0 (n=128)
SPS: 4136
SPS: 4136
SPS: 4136
SPS: 4136
SPS: 4136
SPS: 4136
SPS: 4136
SPS: 4136
SPS: 4136
SPS: 4136
SPS: 4135
SPS: 4135
SPS: 4135
SPS: 4135
SPS: 4134
SPS: 4134
global_step=7256448, episodic_return=135.0 (n=128)
SPS: 4134
SPS: 4134
SPS: 4134
SPS: 4134
SPS: 4134
SPS: 4134
SPS: 4134
SPS: 4134
SPS: 4133
SPS: 4133
SPS: 4133
global_step=7302528, episodic_return=135.0 (n=128)
SPS: 4133
SPS: 4133
SPS: 4134
SPS: 4134
SPS: 4134
SPS: 4134
SPS: 4134
SPS: 4134
SPS: 4134
SPS: 4134
SPS: 4134
global_step=7347840, episodic_return=90.0 (n=128)
SPS: 4134
SPS: 4134
SPS: 4134
SPS: 4134
SPS: 4135
SPS: 4135
SPS: 4135
SPS: 4135
SPS: 4135
SPS: 4135
global_step=7385600, episodic_return=45.0 (n=128)
SPS: 4135
SPS: 4135
SPS: 4135
SPS: 4135
SPS: 4135
SPS: 4135
SPS: 4135
SPS: 4135
SPS: 4135
SPS: 4135
SPS: 4135
SPS: 4135
SPS: 4135
SPS: 4135
SPS: 4135
SPS: 4135
SPS: 4135
SPS: 4135
SPS: 4134
SPS: 4134
SPS: 4134
SPS: 4134
SPS: 4134
global_step=7480192, episodic_return=140.0 (n=128)
SPS: 4134
SPS: 4134
SPS: 4134
SPS: 4134
SPS: 4134
SPS: 4134
SPS: 4134
SPS: 4133
SPS: 4133
SPS: 4133
SPS: 4133
SPS: 4133
SPS: 4133
SPS: 4133
SPS: 4134
SPS: 4134
global_step=7546112, episodic_return=155.0 (n=128)
SPS: 4134
SPS: 4134
SPS: 4134
SPS: 4134
SPS: 4134
SPS: 4134
SPS: 4134
SPS: 4134
SPS: 4134
SPS: 4134
SPS: 4134
SPS: 4134
SPS: 4134
SPS: 4134
SPS: 4134
SPS: 4134
global_step=7613440, episodic_return=210.0 (n=128)
SPS: 4134
SPS: 4134
SPS: 4134
SPS: 4134
SPS: 4134
SPS: 4134
SPS: 4134
SPS: 4133
SPS: 4133
global_step=7650432, episodic_return=100.0 (n=128)
SPS: 4133
SPS: 4133
SPS: 4134
SPS: 4134
SPS: 4134
SPS: 4134
SPS: 4134
SPS: 4133
SPS: 4134
SPS: 4134
SPS: 4133
SPS: 4133
SPS: 4133
SPS: 4133
SPS: 4133
SPS: 4133
SPS: 4133
SPS: 4132
SPS: 4132
SPS: 4132
global_step=7731584, episodic_return=180.0 (n=128)
SPS: 4132
SPS: 4132
SPS: 4132
SPS: 4132
SPS: 4132
SPS: 4132
SPS: 4133
SPS: 4132
SPS: 4132
SPS: 4132
SPS: 4132
SPS: 4132
SPS: 4132
SPS: 4133
SPS: 4133
SPS: 4133
SPS: 4133
global_step=7802368, episodic_return=200.0 (n=128)
SPS: 4133
SPS: 4133
SPS: 4133
SPS: 4133
SPS: 4133
SPS: 4133
SPS: 4133
SPS: 4133
SPS: 4133
SPS: 4133
SPS: 4133
SPS: 4133
SPS: 4132
SPS: 4132
SPS: 4132
SPS: 4132
global_step=7868160, episodic_return=120.0 (n=128)
SPS: 4132
SPS: 4132
SPS: 4131
SPS: 4131
SPS: 4131
SPS: 4131
SPS: 4131
SPS: 4131
SPS: 4132
SPS: 4132
SPS: 4132
SPS: 4132
SPS: 4132
SPS: 4132
SPS: 4132
SPS: 4132
SPS: 4132
SPS: 4132
SPS: 4133
SPS: 4133
SPS: 4133
SPS: 4133
SPS: 4133
SPS: 4133
SPS: 4133
SPS: 4133
SPS: 4133
SPS: 4133
global_step=7980544, episodic_return=440.0 (n=128)
SPS: 4133
SPS: 4133
SPS: 4133
SPS: 4133
SPS: 4133
SPS: 4133
SPS: 4133
SPS: 4134
SPS: 4134
SPS: 4134
SPS: 4134
SPS: 4134
SPS: 4134
SPS: 4134
SPS: 4134
SPS: 4135
SPS: 4135
SPS: 4135
global_step=8056064, episodic_return=180.0 (n=128)
SPS: 4135
SPS: 4135
SPS: 4135
SPS: 4135
SPS: 4135
SPS: 4135
SPS: 4135
SPS: 4135
SPS: 4135
global_step=8091904, episodic_return=50.0 (n=128)
SPS: 4136
SPS: 4136
SPS: 4136
SPS: 4136
SPS: 4136
SPS: 4136
SPS: 4136
SPS: 4136
SPS: 4136
SPS: 4136
SPS: 4136
SPS: 4136
SPS: 4136
SPS: 4136
SPS: 4136
global_step=8154496, episodic_return=160.0 (n=128)
SPS: 4136
SPS: 4136
SPS: 4136
SPS: 4135
SPS: 4136
SPS: 4136
SPS: 4136
SPS: 4136
SPS: 4136
SPS: 4136
SPS: 4136
SPS: 4136
SPS: 4136
SPS: 4136
SPS: 4136
SPS: 4136
SPS: 4136
SPS: 4136
SPS: 4136
SPS: 4137
SPS: 4137
SPS: 4137
SPS: 4137
global_step=8247040, episodic_return=330.0 (n=128)
SPS: 4137
SPS: 4137
SPS: 4137
SPS: 4137
SPS: 4137
SPS: 4137
SPS: 4137
SPS: 4137
SPS: 4137
SPS: 4137
SPS: 4137
global_step=8292736, episodic_return=105.0 (n=128)
SPS: 4137
SPS: 4137
SPS: 4137
SPS: 4137
SPS: 4137
SPS: 4137
SPS: 4138
SPS: 4138
SPS: 4138
SPS: 4138
SPS: 4138
SPS: 4138
SPS: 4138
SPS: 4138
SPS: 4138
SPS: 4138
SPS: 4138
SPS: 4138
global_step=8367744, episodic_return=150.0 (n=128)
SPS: 4138
SPS: 4139
SPS: 4139
SPS: 4139
SPS: 4139
SPS: 4139
SPS: 4139
SPS: 4139
SPS: 4139
SPS: 4139
SPS: 4139
SPS: 4139
SPS: 4139
global_step=8418048, episodic_return=80.0 (n=128)
SPS: 4139
SPS: 4139
SPS: 4139
SPS: 4139
SPS: 4139
SPS: 4139
SPS: 4139
SPS: 4140
global_step=8453376, episodic_return=60.0 (n=128)
SPS: 4140
SPS: 4140
SPS: 4140
SPS: 4140
SPS: 4140
SPS: 4140
SPS: 4140
SPS: 4140
SPS: 4140
SPS: 4140
global_step=8494720, episodic_return=125.0 (n=128)
SPS: 4140
SPS: 4140
SPS: 4141
SPS: 4141
SPS: 4141
SPS: 4141
SPS: 4141
SPS: 4141
SPS: 4141
SPS: 4141
SPS: 4141
SPS: 4141
SPS: 4141
SPS: 4141
SPS: 4141
SPS: 4141
SPS: 4141
global_step=8562688, episodic_return=210.0 (n=128)
SPS: 4141
SPS: 4141
SPS: 4141
SPS: 4142
SPS: 4142
SPS: 4142
SPS: 4142
SPS: 4142
SPS: 4142
SPS: 4142
SPS: 4142
global_step=8606336, episodic_return=105.0 (n=128)
SPS: 4142
SPS: 4142
SPS: 4142
SPS: 4142
SPS: 4142
SPS: 4142
SPS: 4142
SPS: 4142
SPS: 4142
SPS: 4142
SPS: 4142
SPS: 4142
SPS: 4142
SPS: 4142
SPS: 4143
global_step=8668800, episodic_return=155.0 (n=128)
SPS: 4143
SPS: 4143
SPS: 4143
SPS: 4143
SPS: 4143
SPS: 4143
SPS: 4143
SPS: 4143
SPS: 4143
SPS: 4143
global_step=8711680, episodic_return=80.0 (n=128)
SPS: 4143
SPS: 4143
SPS: 4143
SPS: 4143
SPS: 4143
SPS: 4143
SPS: 4143
SPS: 4144
SPS: 4144
SPS: 4144
global_step=8749184, episodic_return=75.0 (n=128)
SPS: 4144
SPS: 4144
SPS: 4144
SPS: 4144
SPS: 4144
SPS: 4144
SPS: 4144
SPS: 4144
SPS: 4144
SPS: 4144
SPS: 4144
SPS: 4144
SPS: 4144
SPS: 4144
SPS: 4144
SPS: 4145
SPS: 4145
global_step=8822144, episodic_return=180.0 (n=128)
SPS: 4145
SPS: 4144
SPS: 4144
SPS: 4144
SPS: 4144
SPS: 4144
SPS: 4144
SPS: 4144
SPS: 4144
SPS: 4144
SPS: 4144
SPS: 4144
SPS: 4144
SPS: 4144
SPS: 4144
global_step=8882048, episodic_return=145.0 (n=128)
SPS: 4144
SPS: 4144
SPS: 4145
SPS: 4145
SPS: 4145
SPS: 4145
SPS: 4145
SPS: 4145
SPS: 4145
SPS: 4145
SPS: 4145
SPS: 4145
SPS: 4145
SPS: 4145
SPS: 4145
SPS: 4145
SPS: 4145
global_step=8951552, episodic_return=150.0 (n=128)
SPS: 4145
SPS: 4145
SPS: 4145
SPS: 4145
SPS: 4145
SPS: 4145
SPS: 4145
SPS: 4145
SPS: 4145
SPS: 4145
SPS: 4146
SPS: 4146
SPS: 4146
global_step=9006080, episodic_return=105.0 (n=128)
SPS: 4146
SPS: 4146
SPS: 4146
SPS: 4146
SPS: 4146
SPS: 4146
SPS: 4146
SPS: 4146
SPS: 4146
SPS: 4146
SPS: 4146
SPS: 4147
SPS: 4147
SPS: 4147
SPS: 4147
SPS: 4147
SPS: 4147
SPS: 4147
SPS: 4147
SPS: 4147
SPS: 4147
SPS: 4147
global_step=9095168, episodic_return=335.0 (n=128)
SPS: 4147
SPS: 4147
SPS: 4147
SPS: 4147
SPS: 4147
SPS: 4147
SPS: 4147
SPS: 4147
SPS: 4147
global_step=9132288, episodic_return=55.0 (n=128)
SPS: 4147
SPS: 4147
SPS: 4147
SPS: 4147
SPS: 4147
SPS: 4147
SPS: 4148
SPS: 4148
SPS: 4148
SPS: 4148
SPS: 4148
SPS: 4148
global_step=9180800, episodic_return=125.0 (n=128)
SPS: 4148
SPS: 4148
SPS: 4148
SPS: 4148
SPS: 4148
SPS: 4148
SPS: 4148
SPS: 4148
SPS: 4148
SPS: 4148
SPS: 4148
SPS: 4148
SPS: 4148
SPS: 4148
global_step=9239808, episodic_return=25.0 (n=128)
SPS: 4148
SPS: 4148
SPS: 4148
SPS: 4148
SPS: 4149
SPS: 4149
SPS: 4148
SPS: 4148
global_step=9271424, episodic_return=30.0 (n=128)
SPS: 4148
SPS: 4149
SPS: 4149
SPS: 4149
SPS: 4149
SPS: 4149
SPS: 4149
SPS: 4149
SPS: 4149
SPS: 4149
SPS: 4149
global_step=9314944, episodic_return=90.0 (n=128)
SPS: 4149
SPS: 4149
SPS: 4149
SPS: 4149
SPS: 4150
SPS: 4149
SPS: 4149
SPS: 4149
SPS: 4149
SPS: 4149
SPS: 4149
SPS: 4149
SPS: 4149
SPS: 4148
SPS: 4148
SPS: 4148
SPS: 4148
SPS: 4148
SPS: 4148
SPS: 4148
SPS: 4148
global_step=9403008, episodic_return=225.0 (n=128)
SPS: 4148
SPS: 4148
SPS: 4148
SPS: 4148
SPS: 4148
SPS: 4148
SPS: 4148
SPS: 4148
SPS: 4148
SPS: 4149
SPS: 4149
SPS: 4149
SPS: 4149
SPS: 4149
SPS: 4149
SPS: 4149
SPS: 4149
SPS: 4149
SPS: 4149
SPS: 4149
global_step=9482880, episodic_return=230.0 (n=128)
SPS: 4149
SPS: 4149
SPS: 4149
SPS: 4149
SPS: 4149
SPS: 4149
SPS: 4149
SPS: 4149
global_step=9518976, episodic_return=60.0 (n=128)
SPS: 4150
SPS: 4150
SPS: 4150
SPS: 4150
SPS: 4150
SPS: 4150
SPS: 4150
SPS: 4150
SPS: 4150
SPS: 4150
SPS: 4150
SPS: 4150
SPS: 4150
SPS: 4150
SPS: 4150
SPS: 4150
SPS: 4150
SPS: 4150
SPS: 4150
global_step=9595264, episodic_return=155.0 (n=128)
SPS: 4149
SPS: 4149
SPS: 4149
SPS: 4149
SPS: 4149
SPS: 4149
SPS: 4150
SPS: 4150
SPS: 4150
global_step=9632256, episodic_return=55.0 (n=128)
SPS: 4150
SPS: 4150
SPS: 4150
SPS: 4150
SPS: 4150
SPS: 4150
SPS: 4150
SPS: 4150
SPS: 4150
SPS: 4150
SPS: 4151
SPS: 4151
global_step=9681280, episodic_return=85.0 (n=128)
SPS: 4151
SPS: 4151
SPS: 4151
SPS: 4151
SPS: 4151
SPS: 4152
SPS: 4152
SPS: 4152
SPS: 4152
SPS: 4152
SPS: 4152
global_step=9725824, episodic_return=30.0 (n=128)
SPS: 4152
SPS: 4152
SPS: 4152
SPS: 4152
SPS: 4152
SPS: 4152
SPS: 4152
SPS: 4152
SPS: 4152
SPS: 4152
SPS: 4152
SPS: 4152
global_step=9773696, episodic_return=110.0 (n=128)
SPS: 4152
SPS: 4152
SPS: 4152
SPS: 4152
SPS: 4152
SPS: 4153
SPS: 4153
SPS: 4153
SPS: 4153
SPS: 4153
SPS: 4153
SPS: 4153
SPS: 4153
SPS: 4153
SPS: 4153
SPS: 4153
SPS: 4153
global_step=9846656, episodic_return=120.0 (n=128)
SPS: 4153
SPS: 4153
SPS: 4153
SPS: 4153
SPS: 4153
SPS: 4154
SPS: 4154
SPS: 4154
SPS: 4154
SPS: 4154
SPS: 4154
SPS: 4154
SPS: 4154
SPS: 4154
SPS: 4154
SPS: 4154
SPS: 4154
SPS: 4154
SPS: 4154
SPS: 4154
SPS: 4154
SPS: 4154
global_step=9933184, episodic_return=435.0 (n=128)
SPS: 4155
SPS: 4155
SPS: 4155
SPS: 4155
SPS: 4155
SPS: 4155
SPS: 4155
SPS: 4155
SPS: 4155
SPS: 4155
SPS: 4155
SPS: 4155
SPS: 4155
SPS: 4155
SPS: 4155
SPS: 4155
Results saved to /runs/h003__h003-spaceinvaders-s1.csv
slurmstepd: error: run_script_as_user: couldn't change working dir to /home/rogercc/'/scratch/rogercc/cleanrl': No such file or directory
