slurmstepd: error: couldn't chdir to `/home/rogercc/'/scratch/rogercc/cleanrl'': No such file or directory: going to /tmp instead
slurmstepd: error: couldn't chdir to `/home/rogercc/'/scratch/rogercc/cleanrl'': No such file or directory: going to /tmp instead
sending incremental file list
auto-cleanrl.sif

sent 4,938,196,675 bytes  received 35 bytes  5,051,863.64 bytes/sec
total size is 4,945,575,936  speedup is 1.00
/usr/local/lib/python3.10/dist-packages/treevalue/tree/integration/torch.py:23: FutureWarning: `torch.utils._pytree._register_pytree_node` is deprecated. Please use `torch.utils._pytree.register_pytree_node` instead.
  register_for_torch(TreeValue)
/usr/local/lib/python3.10/dist-packages/treevalue/tree/integration/torch.py:24: FutureWarning: `torch.utils._pytree._register_pytree_node` is deprecated. Please use `torch.utils._pytree.register_pytree_node` instead.
  register_for_torch(FastTreeValue)
Gym has been unmaintained since 2022 and does not support NumPy 2.0 amongst other critical functionality.
Please upgrade to Gymnasium, the maintained drop-in replacement of Gym, or contact the authors of your software and request that they upgrade.
See the migration guide at https://gymnasium.farama.org/introduction/migration_guide/ for additional information.
/usr/local/lib/python3.10/dist-packages/tyro/_parsers.py:353: UserWarning: The field `wandb-entity` is annotated with type `<class 'str'>`, but the default value `None` has type `<class 'NoneType'>`. We'll try to handle this gracefully, but it may cause unexpected behavior.
  warnings.warn(message)
/usr/local/lib/python3.10/dist-packages/tyro/_parsers.py:353: UserWarning: The field `target-kl` is annotated with type `<class 'float'>`, but the default value `None` has type `<class 'NoneType'>`. We'll try to handle this gracefully, but it may cause unexpected behavior.
  warnings.warn(message)
SPS: 1148
SPS: 1849
SPS: 2188
SPS: 2516
SPS: 2770
SPS: 2941
SPS: 3023
SPS: 3135
SPS: 3247
SPS: 3338
SPS: 3418
SPS: 3513
SPS: 3572
SPS: 3622
SPS: 3635
SPS: 3677
SPS: 3722
SPS: 3746
SPS: 3776
SPS: 3798
SPS: 3749
SPS: 3715
SPS: 3733
SPS: 3742
SPS: 3734
SPS: 3736
SPS: 3755
SPS: 3767
SPS: 3790
SPS: 3769
SPS: 3793
SPS: 3808
SPS: 3819
SPS: 3836
SPS: 3830
SPS: 3807
SPS: 3805
SPS: 3806
SPS: 3763
SPS: 3760
SPS: 3758
SPS: 3767
SPS: 3709
SPS: 3692
SPS: 3692
SPS: 3691
SPS: 3683
SPS: 3697
SPS: 3708
SPS: 3712
SPS: 3717
SPS: 3703
SPS: 3707
SPS: 3706
SPS: 3707
SPS: 3697
SPS: 3711
SPS: 3722
SPS: 3727
SPS: 3730
SPS: 3723
SPS: 3732
SPS: 3739
SPS: 3746
SPS: 3754
SPS: 3755
SPS: 3763
SPS: 3767
SPS: 3773
SPS: 3773
SPS: 3771
SPS: 3769
SPS: 3766
SPS: 3767
SPS: 3750
SPS: 3740
SPS: 3738
SPS: 3734
SPS: 3735
global_step=324736, episodic_return=2250.0 (n=128)
SPS: 3732
SPS: 3732
SPS: 3725
SPS: 3715
SPS: 3713
SPS: 3713
SPS: 3713
SPS: 3714
SPS: 3714
SPS: 3720
SPS: 3713
SPS: 3706
SPS: 3710
SPS: 3714
SPS: 3722
SPS: 3728
SPS: 3731
SPS: 3736
SPS: 3736
SPS: 3742
SPS: 3737
SPS: 3739
SPS: 3738
SPS: 3738
SPS: 3731
SPS: 3738
SPS: 3742
SPS: 3746
SPS: 3749
SPS: 3755
SPS: 3758
SPS: 3765
SPS: 3768
SPS: 3773
SPS: 3771
SPS: 3775
SPS: 3781
SPS: 3781
SPS: 3784
SPS: 3785
SPS: 3785
SPS: 3788
SPS: 3791
SPS: 3786
SPS: 3783
SPS: 3784
SPS: 3787
SPS: 3785
SPS: 3786
SPS: 3791
SPS: 3793
SPS: 3795
SPS: 3789
SPS: 3787
SPS: 3784
SPS: 3785
SPS: 3783
SPS: 3786
SPS: 3789
SPS: 3791
SPS: 3792
global_step=573824, episodic_return=1590.0 (n=128)
SPS: 3796
SPS: 3798
SPS: 3801
SPS: 3802
SPS: 3803
SPS: 3806
SPS: 3808
SPS: 3808
SPS: 3810
SPS: 3806
SPS: 3801
SPS: 3804
SPS: 3806
SPS: 3806
SPS: 3806
SPS: 3805
SPS: 3802
SPS: 3801
SPS: 3798
SPS: 3792
SPS: 3791
SPS: 3791
SPS: 3783
SPS: 3786
SPS: 3789
SPS: 3791
SPS: 3789
SPS: 3785
SPS: 3787
SPS: 3790
SPS: 3792
SPS: 3781
SPS: 3782
SPS: 3784
SPS: 3786
SPS: 3778
SPS: 3781
SPS: 3784
SPS: 3784
SPS: 3784
SPS: 3782
SPS: 3785
SPS: 3786
SPS: 3787
SPS: 3786
SPS: 3786
SPS: 3788
SPS: 3790
SPS: 3789
SPS: 3783
SPS: 3785
SPS: 3784
SPS: 3785
SPS: 3784
SPS: 3786
SPS: 3786
SPS: 3786
SPS: 3783
SPS: 3782
SPS: 3785
SPS: 3788
SPS: 3789
SPS: 3784
SPS: 3786
SPS: 3788
SPS: 3790
SPS: 3782
SPS: 3784
SPS: 3786
SPS: 3787
SPS: 3789
SPS: 3788
SPS: 3789
SPS: 3789
SPS: 3790
SPS: 3791
SPS: 3793
SPS: 3794
SPS: 3793
SPS: 3794
SPS: 3789
SPS: 3791
SPS: 3793
SPS: 3794
SPS: 3792
SPS: 3788
SPS: 3788
SPS: 3787
SPS: 3787
SPS: 3788
SPS: 3786
SPS: 3788
SPS: 3790
SPS: 3786
SPS: 3788
SPS: 3789
SPS: 3789
SPS: 3787
SPS: 3784
SPS: 3782
SPS: 3782
SPS: 3782
SPS: 3778
SPS: 3779
SPS: 3779
global_step=1004928, episodic_return=3040.0 (n=128)
SPS: 3779
SPS: 3772
SPS: 3770
SPS: 3771
SPS: 3772
SPS: 3769
SPS: 3770
SPS: 3770
SPS: 3770
SPS: 3771
SPS: 3774
SPS: 3774
SPS: 3775
SPS: 3776
SPS: 3778
SPS: 3781
SPS: 3782
SPS: 3783
SPS: 3783
SPS: 3784
SPS: 3786
SPS: 3787
SPS: 3789
SPS: 3787
SPS: 3787
SPS: 3789
SPS: 3790
SPS: 3791
SPS: 3790
SPS: 3791
SPS: 3790
SPS: 3790
SPS: 3790
SPS: 3790
SPS: 3789
SPS: 3788
SPS: 3789
SPS: 3791
SPS: 3792
SPS: 3791
SPS: 3791
SPS: 3790
SPS: 3790
SPS: 3788
SPS: 3788
SPS: 3789
SPS: 3790
SPS: 3791
SPS: 3792
SPS: 3793
SPS: 3792
SPS: 3791
SPS: 3792
SPS: 3794
SPS: 3796
SPS: 3798
SPS: 3799
SPS: 3800
SPS: 3801
SPS: 3796
SPS: 3793
SPS: 3794
global_step=1257856, episodic_return=1410.0 (n=128)
SPS: 3796
SPS: 3797
SPS: 3799
SPS: 3800
SPS: 3802
SPS: 3804
SPS: 3801
SPS: 3802
SPS: 3803
SPS: 3804
SPS: 3805
SPS: 3803
SPS: 3805
SPS: 3805
SPS: 3807
SPS: 3800
SPS: 3802
SPS: 3803
SPS: 3804
SPS: 3805
SPS: 3802
SPS: 3803
SPS: 3804
SPS: 3805
SPS: 3805
SPS: 3806
SPS: 3807
SPS: 3807
SPS: 3807
SPS: 3805
SPS: 3806
SPS: 3807
SPS: 3808
SPS: 3807
SPS: 3809
SPS: 3810
SPS: 3810
SPS: 3812
SPS: 3813
SPS: 3814
SPS: 3814
SPS: 3815
SPS: 3816
SPS: 3818
SPS: 3818
SPS: 3818
SPS: 3819
SPS: 3819
SPS: 3820
SPS: 3821
SPS: 3821
SPS: 3821
SPS: 3821
SPS: 3822
SPS: 3823
SPS: 3823
SPS: 3821
SPS: 3822
SPS: 3823
SPS: 3823
SPS: 3825
SPS: 3823
SPS: 3824
SPS: 3825
SPS: 3825
SPS: 3825
SPS: 3826
SPS: 3827
SPS: 3827
SPS: 3829
SPS: 3825
SPS: 3826
SPS: 3827
SPS: 3827
SPS: 3826
SPS: 3827
global_step=1570816, episodic_return=1370.0 (n=128)
SPS: 3828
SPS: 3829
SPS: 3826
SPS: 3825
SPS: 3826
SPS: 3827
SPS: 3826
SPS: 3822
SPS: 3824
SPS: 3824
SPS: 3825
SPS: 3824
SPS: 3825
SPS: 3825
SPS: 3826
SPS: 3826
SPS: 3826
SPS: 3827
SPS: 3827
SPS: 3828
SPS: 3826
SPS: 3828
SPS: 3828
SPS: 3828
SPS: 3827
SPS: 3826
SPS: 3826
SPS: 3828
SPS: 3829
SPS: 3828
SPS: 3830
SPS: 3831
SPS: 3832
SPS: 3832
SPS: 3831
SPS: 3832
SPS: 3834
SPS: 3834
SPS: 3834
SPS: 3834
SPS: 3836
SPS: 3836
SPS: 3837
SPS: 3837
SPS: 3837
SPS: 3838
SPS: 3839
SPS: 3839
SPS: 3840
SPS: 3841
SPS: 3842
SPS: 3843
SPS: 3843
SPS: 3844
SPS: 3844
SPS: 3845
SPS: 3845
SPS: 3845
SPS: 3845
SPS: 3845
SPS: 3846
SPS: 3847
SPS: 3848
SPS: 3849
SPS: 3850
SPS: 3851
SPS: 3851
SPS: 3850
SPS: 3850
SPS: 3851
SPS: 3852
SPS: 3853
SPS: 3855
SPS: 3856
SPS: 3856
SPS: 3855
SPS: 3854
SPS: 3854
SPS: 3855
SPS: 3855
SPS: 3854
SPS: 3854
SPS: 3853
global_step=1911552, episodic_return=1910.0 (n=128)
SPS: 3854
SPS: 3855
SPS: 3854
SPS: 3854
SPS: 3855
SPS: 3855
SPS: 3856
SPS: 3852
SPS: 3852
SPS: 3854
SPS: 3853
SPS: 3850
SPS: 3851
SPS: 3852
SPS: 3853
SPS: 3853
SPS: 3853
SPS: 3854
SPS: 3854
SPS: 3854
SPS: 3852
SPS: 3854
SPS: 3854
SPS: 3855
SPS: 3856
SPS: 3856
SPS: 3857
SPS: 3857
SPS: 3858
SPS: 3858
SPS: 3858
SPS: 3858
SPS: 3857
SPS: 3857
SPS: 3857
SPS: 3856
SPS: 3857
SPS: 3857
SPS: 3858
SPS: 3859
SPS: 3860
SPS: 3860
SPS: 3860
SPS: 3861
SPS: 3860
SPS: 3861
SPS: 3862
SPS: 3863
SPS: 3862
SPS: 3861
SPS: 3862
SPS: 3862
SPS: 3863
SPS: 3864
SPS: 3864
SPS: 3864
SPS: 3865
global_step=2146048, episodic_return=1340.0 (n=128)
SPS: 3863
SPS: 3863
SPS: 3863
SPS: 3864
SPS: 3863
SPS: 3862
SPS: 3863
SPS: 3863
SPS: 3863
SPS: 3861
SPS: 3862
SPS: 3862
SPS: 3863
SPS: 3863
SPS: 3864
SPS: 3863
SPS: 3865
SPS: 3865
SPS: 3864
SPS: 3864
SPS: 3865
SPS: 3866
SPS: 3865
SPS: 3865
SPS: 3866
SPS: 3867
SPS: 3868
SPS: 3869
SPS: 3869
SPS: 3870
SPS: 3869
SPS: 3870
SPS: 3870
SPS: 3870
SPS: 3870
SPS: 3871
SPS: 3871
SPS: 3872
SPS: 3870
SPS: 3871
SPS: 3871
SPS: 3870
SPS: 3870
SPS: 3870
SPS: 3871
SPS: 3871
SPS: 3871
SPS: 3871
SPS: 3872
SPS: 3872
SPS: 3873
SPS: 3872
SPS: 3872
global_step=2360960, episodic_return=1110.0 (n=128)
SPS: 3871
SPS: 3871
SPS: 3872
SPS: 3872
SPS: 3873
SPS: 3873
SPS: 3874
SPS: 3874
SPS: 3875
SPS: 3875
SPS: 3876
SPS: 3877
SPS: 3875
SPS: 3876
SPS: 3876
SPS: 3876
SPS: 3876
SPS: 3877
SPS: 3878
SPS: 3879
SPS: 3879
SPS: 3880
SPS: 3879
SPS: 3879
SPS: 3880
SPS: 3880
SPS: 3881
SPS: 3879
SPS: 3880
SPS: 3881
SPS: 3881
SPS: 3882
SPS: 3883
SPS: 3883
SPS: 3883
SPS: 3884
SPS: 3884
SPS: 3883
SPS: 3884
SPS: 3884
SPS: 3885
SPS: 3885
SPS: 3885
SPS: 3885
SPS: 3886
SPS: 3887
SPS: 3887
SPS: 3888
SPS: 3888
SPS: 3889
SPS: 3887
SPS: 3887
SPS: 3886
SPS: 3886
SPS: 3886
SPS: 3887
SPS: 3888
SPS: 3888
SPS: 3888
SPS: 3887
SPS: 3887
SPS: 3888
SPS: 3889
SPS: 3889
SPS: 3888
SPS: 3888
SPS: 3889
SPS: 3890
SPS: 3890
SPS: 3890
SPS: 3891
SPS: 3891
SPS: 3891
SPS: 3890
SPS: 3890
SPS: 3890
SPS: 3890
SPS: 3889
SPS: 3889
SPS: 3889
SPS: 3890
SPS: 3891
SPS: 3890
SPS: 3891
SPS: 3892
SPS: 3892
SPS: 3892
SPS: 3891
SPS: 3891
SPS: 3892
global_step=2730880, episodic_return=2480.0 (n=128)
SPS: 3893
SPS: 3893
SPS: 3893
SPS: 3894
SPS: 3894
SPS: 3894
SPS: 3894
SPS: 3892
SPS: 3893
SPS: 3892
SPS: 3891
SPS: 3889
SPS: 3890
SPS: 3889
SPS: 3889
SPS: 3889
SPS: 3890
SPS: 3890
SPS: 3890
SPS: 3890
SPS: 3890
SPS: 3889
SPS: 3890
SPS: 3890
SPS: 3890
SPS: 3890
SPS: 3890
SPS: 3891
SPS: 3889
SPS: 3890
SPS: 3890
SPS: 3891
SPS: 3891
SPS: 3891
SPS: 3891
SPS: 3892
SPS: 3893
SPS: 3892
SPS: 3893
SPS: 3894
SPS: 3894
SPS: 3894
SPS: 3895
SPS: 3896
SPS: 3897
SPS: 3898
SPS: 3898
SPS: 3897
SPS: 3897
SPS: 3897
SPS: 3897
SPS: 3897
SPS: 3897
SPS: 3897
SPS: 3898
SPS: 3898
SPS: 3899
SPS: 3900
SPS: 3900
SPS: 3900
SPS: 3901
SPS: 3900
SPS: 3901
SPS: 3901
SPS: 3901
SPS: 3901
SPS: 3901
SPS: 3902
SPS: 3903
SPS: 3903
SPS: 3903
SPS: 3901
SPS: 3901
global_step=3029120, episodic_return=2100.0 (n=128)
SPS: 3902
SPS: 3902
SPS: 3903
SPS: 3903
SPS: 3903
SPS: 3904
SPS: 3903
SPS: 3903
SPS: 3902
SPS: 3903
SPS: 3903
SPS: 3902
SPS: 3902
SPS: 3903
SPS: 3904
SPS: 3904
SPS: 3903
SPS: 3903
SPS: 3904
SPS: 3904
SPS: 3902
SPS: 3902
SPS: 3902
SPS: 3902
SPS: 3902
SPS: 3901
SPS: 3901
SPS: 3901
SPS: 3901
SPS: 3901
SPS: 3902
SPS: 3902
SPS: 3902
SPS: 3903
SPS: 3903
SPS: 3904
SPS: 3904
SPS: 3905
SPS: 3905
SPS: 3905
SPS: 3905
SPS: 3904
SPS: 3905
SPS: 3905
SPS: 3906
SPS: 3906
SPS: 3907
SPS: 3907
SPS: 3907
SPS: 3907
SPS: 3908
SPS: 3908
SPS: 3908
SPS: 3908
SPS: 3909
SPS: 3909
SPS: 3910
SPS: 3910
SPS: 3910
SPS: 3911
SPS: 3911
SPS: 3912
SPS: 3912
SPS: 3912
SPS: 3912
SPS: 3912
SPS: 3913
SPS: 3913
SPS: 3914
SPS: 3914
SPS: 3914
SPS: 3914
SPS: 3914
SPS: 3915
SPS: 3915
SPS: 3915
global_step=3342336, episodic_return=2170.0 (n=128)
SPS: 3916
SPS: 3916
SPS: 3916
SPS: 3916
SPS: 3916
SPS: 3916
SPS: 3915
SPS: 3915
SPS: 3913
SPS: 3912
SPS: 3910
SPS: 3907
SPS: 3906
SPS: 3904
SPS: 3904
SPS: 3901
SPS: 3901
SPS: 3901
SPS: 3900
SPS: 3901
SPS: 3901
SPS: 3901
SPS: 3901
SPS: 3901
SPS: 3901
SPS: 3900
SPS: 3900
SPS: 3900
SPS: 3900
SPS: 3900
SPS: 3900
SPS: 3901
SPS: 3901
SPS: 3901
SPS: 3902
SPS: 3903
SPS: 3903
SPS: 3903
SPS: 3904
SPS: 3904
SPS: 3905
SPS: 3905
SPS: 3905
SPS: 3906
SPS: 3906
SPS: 3907
SPS: 3907
SPS: 3907
SPS: 3907
SPS: 3907
SPS: 3907
SPS: 3907
SPS: 3907
SPS: 3907
SPS: 3907
SPS: 3907
SPS: 3907
SPS: 3907
SPS: 3907
SPS: 3907
SPS: 3907
SPS: 3907
SPS: 3907
SPS: 3908
SPS: 3909
SPS: 3908
global_step=3611904, episodic_return=1750.0 (n=128)
SPS: 3909
SPS: 3909
SPS: 3908
SPS: 3906
SPS: 3906
SPS: 3906
SPS: 3907
SPS: 3906
SPS: 3906
SPS: 3906
SPS: 3907
SPS: 3907
SPS: 3906
SPS: 3907
SPS: 3907
SPS: 3907
SPS: 3908
SPS: 3908
SPS: 3909
SPS: 3909
SPS: 3910
SPS: 3910
SPS: 3911
SPS: 3912
SPS: 3911
SPS: 3912
SPS: 3912
SPS: 3913
SPS: 3913
SPS: 3914
SPS: 3915
SPS: 3915
SPS: 3915
SPS: 3916
SPS: 3916
SPS: 3917
SPS: 3917
SPS: 3918
SPS: 3918
SPS: 3918
SPS: 3919
SPS: 3919
SPS: 3920
SPS: 3920
SPS: 3921
SPS: 3920
SPS: 3920
SPS: 3920
SPS: 3920
SPS: 3920
SPS: 3919
SPS: 3919
SPS: 3919
SPS: 3919
SPS: 3919
SPS: 3919
SPS: 3919
SPS: 3919
SPS: 3919
SPS: 3919
SPS: 3919
SPS: 3919
SPS: 3919
SPS: 3919
SPS: 3919
SPS: 3919
SPS: 3919
SPS: 3919
SPS: 3919
SPS: 3919
SPS: 3919
SPS: 3919
SPS: 3919
SPS: 3920
SPS: 3920
SPS: 3920
SPS: 3921
SPS: 3921
SPS: 3922
SPS: 3922
SPS: 3923
SPS: 3924
SPS: 3924
SPS: 3924
SPS: 3924
SPS: 3924
SPS: 3924
SPS: 3924
SPS: 3924
SPS: 3924
SPS: 3924
SPS: 3924
SPS: 3924
SPS: 3924
SPS: 3924
SPS: 3924
SPS: 3924
SPS: 3924
SPS: 3925
SPS: 3925
SPS: 3925
SPS: 3925
SPS: 3925
SPS: 3925
SPS: 3925
SPS: 3925
global_step=4044800, episodic_return=3000.0 (n=128)
SPS: 3925
SPS: 3925
SPS: 3925
SPS: 3925
SPS: 3926
SPS: 3926
SPS: 3927
SPS: 3927
SPS: 3927
SPS: 3927
SPS: 3928
SPS: 3929
SPS: 3929
SPS: 3929
SPS: 3929
SPS: 3929
SPS: 3929
SPS: 3928
SPS: 3928
SPS: 3928
SPS: 3928
SPS: 3928
SPS: 3928
SPS: 3928
SPS: 3928
SPS: 3927
SPS: 3927
SPS: 3927
SPS: 3927
SPS: 3927
SPS: 3927
SPS: 3927
SPS: 3927
SPS: 3927
SPS: 3928
SPS: 3928
SPS: 3928
SPS: 3928
SPS: 3928
SPS: 3928
SPS: 3929
SPS: 3929
SPS: 3929
SPS: 3930
SPS: 3930
SPS: 3930
SPS: 3931
global_step=4237440, episodic_return=910.0 (n=128)
SPS: 3931
SPS: 3931
SPS: 3932
SPS: 3932
SPS: 3932
SPS: 3932
SPS: 3932
SPS: 3932
SPS: 3932
SPS: 3933
SPS: 3933
SPS: 3933
SPS: 3933
SPS: 3933
SPS: 3933
SPS: 3933
SPS: 3933
SPS: 3933
SPS: 3933
SPS: 3933
SPS: 3933
SPS: 3933
SPS: 3933
SPS: 3933
SPS: 3933
SPS: 3933
SPS: 3934
SPS: 3934
SPS: 3934
SPS: 3934
SPS: 3935
SPS: 3935
SPS: 3936
SPS: 3936
SPS: 3936
SPS: 3937
SPS: 3937
SPS: 3937
SPS: 3937
SPS: 3937
SPS: 3937
SPS: 3937
SPS: 3937
SPS: 3937
SPS: 3937
SPS: 3937
SPS: 3937
SPS: 3937
SPS: 3937
SPS: 3937
SPS: 3937
SPS: 3937
SPS: 3937
SPS: 3937
SPS: 3936
SPS: 3937
SPS: 3937
SPS: 3937
SPS: 3937
SPS: 3937
SPS: 3937
SPS: 3937
SPS: 3937
SPS: 3937
SPS: 3938
SPS: 3938
global_step=4506368, episodic_return=1850.0 (n=128)
SPS: 3939
SPS: 3939
SPS: 3939
SPS: 3940
SPS: 3940
SPS: 3940
SPS: 3940
SPS: 3941
SPS: 3941
SPS: 3941
SPS: 3941
SPS: 3942
SPS: 3941
SPS: 3942
SPS: 3942
SPS: 3942
SPS: 3942
SPS: 3942
SPS: 3942
SPS: 3943
SPS: 3943
SPS: 3943
SPS: 3944
SPS: 3944
SPS: 3944
SPS: 3944
SPS: 3944
SPS: 3944
SPS: 3943
SPS: 3943
SPS: 3943
SPS: 3942
SPS: 3942
SPS: 3942
SPS: 3942
SPS: 3942
SPS: 3942
SPS: 3942
SPS: 3942
SPS: 3942
SPS: 3941
SPS: 3941
SPS: 3941
SPS: 3941
SPS: 3941
SPS: 3940
SPS: 3940
SPS: 3940
SPS: 3940
SPS: 3940
SPS: 3940
SPS: 3940
SPS: 3940
SPS: 3940
SPS: 3939
SPS: 3939
SPS: 3939
SPS: 3939
SPS: 3939
SPS: 3939
SPS: 3939
SPS: 3939
SPS: 3938
SPS: 3938
global_step=4768256, episodic_return=1430.0 (n=128)
SPS: 3938
SPS: 3937
SPS: 3937
SPS: 3937
SPS: 3937
SPS: 3937
SPS: 3937
SPS: 3937
SPS: 3936
SPS: 3936
SPS: 3937
SPS: 3937
SPS: 3937
SPS: 3937
SPS: 3937
SPS: 3937
SPS: 3937
SPS: 3937
SPS: 3937
SPS: 3937
SPS: 3937
SPS: 3938
SPS: 3938
SPS: 3938
SPS: 3938
SPS: 3939
SPS: 3939
SPS: 3939
SPS: 3939
SPS: 3939
SPS: 3940
SPS: 3940
SPS: 3940
SPS: 3940
SPS: 3940
SPS: 3940
SPS: 3940
SPS: 3940
SPS: 3941
SPS: 3941
SPS: 3941
SPS: 3941
SPS: 3941
SPS: 3941
SPS: 3941
SPS: 3942
SPS: 3942
SPS: 3942
SPS: 3942
SPS: 3942
SPS: 3942
SPS: 3942
SPS: 3943
SPS: 3943
SPS: 3943
SPS: 3943
SPS: 3944
SPS: 3944
SPS: 3944
SPS: 3944
SPS: 3944
SPS: 3945
SPS: 3945
SPS: 3945
SPS: 3945
SPS: 3945
SPS: 3946
SPS: 3945
SPS: 3945
SPS: 3945
SPS: 3946
SPS: 3946
SPS: 3946
SPS: 3946
SPS: 3946
SPS: 3946
SPS: 3946
global_step=5085824, episodic_return=1900.0 (n=128)
SPS: 3946
SPS: 3946
SPS: 3946
SPS: 3946
SPS: 3946
SPS: 3946
SPS: 3946
SPS: 3946
SPS: 3946
SPS: 3946
SPS: 3946
SPS: 3946
SPS: 3946
SPS: 3946
SPS: 3946
SPS: 3946
SPS: 3946
SPS: 3947
SPS: 3947
SPS: 3947
SPS: 3947
SPS: 3947
SPS: 3948
SPS: 3948
SPS: 3948
SPS: 3948
SPS: 3949
SPS: 3949
SPS: 3949
SPS: 3949
SPS: 3949
SPS: 3949
SPS: 3950
SPS: 3950
SPS: 3950
SPS: 3950
SPS: 3950
SPS: 3951
SPS: 3951
SPS: 3951
SPS: 3951
SPS: 3952
SPS: 3952
SPS: 3952
SPS: 3953
SPS: 3953
SPS: 3953
SPS: 3953
SPS: 3953
global_step=5286272, episodic_return=910.0 (n=128)
SPS: 3954
SPS: 3954
SPS: 3953
SPS: 3954
SPS: 3953
SPS: 3954
SPS: 3953
SPS: 3954
SPS: 3954
SPS: 3954
SPS: 3954
SPS: 3954
SPS: 3954
SPS: 3954
SPS: 3954
SPS: 3954
SPS: 3954
SPS: 3955
SPS: 3955
SPS: 3955
SPS: 3955
SPS: 3956
SPS: 3956
SPS: 3956
SPS: 3957
SPS: 3957
SPS: 3957
SPS: 3958
SPS: 3958
SPS: 3958
SPS: 3958
SPS: 3958
SPS: 3958
SPS: 3957
SPS: 3957
SPS: 3957
SPS: 3957
SPS: 3958
SPS: 3958
SPS: 3959
SPS: 3959
SPS: 3959
SPS: 3959
SPS: 3959
SPS: 3960
SPS: 3960
SPS: 3960
SPS: 3961
SPS: 3961
SPS: 3961
SPS: 3962
SPS: 3962
SPS: 3962
SPS: 3962
SPS: 3962
SPS: 3963
SPS: 3963
SPS: 3963
SPS: 3963
SPS: 3963
SPS: 3963
SPS: 3964
SPS: 3964
SPS: 3964
SPS: 3964
global_step=5552640, episodic_return=1410.0 (n=128)
SPS: 3964
SPS: 3964
SPS: 3964
SPS: 3964
SPS: 3965
SPS: 3965
SPS: 3965
SPS: 3965
SPS: 3965
SPS: 3965
SPS: 3965
SPS: 3965
SPS: 3965
SPS: 3965
SPS: 3965
SPS: 3965
SPS: 3966
SPS: 3966
SPS: 3966
SPS: 3967
SPS: 3967
SPS: 3968
SPS: 3968
SPS: 3968
SPS: 3968
SPS: 3968
SPS: 3969
SPS: 3969
SPS: 3970
SPS: 3970
SPS: 3970
SPS: 3970
SPS: 3970
SPS: 3970
SPS: 3971
SPS: 3971
SPS: 3971
SPS: 3971
SPS: 3972
SPS: 3972
SPS: 3972
SPS: 3973
SPS: 3973
SPS: 3973
SPS: 3973
SPS: 3974
SPS: 3974
SPS: 3974
SPS: 3974
SPS: 3974
SPS: 3973
SPS: 3973
SPS: 3973
SPS: 3973
SPS: 3973
SPS: 3973
SPS: 3973
SPS: 3973
SPS: 3973
SPS: 3973
SPS: 3973
SPS: 3973
SPS: 3972
SPS: 3972
SPS: 3972
SPS: 3973
SPS: 3973
SPS: 3973
SPS: 3974
SPS: 3974
SPS: 3974
SPS: 3974
SPS: 3975
SPS: 3975
SPS: 3975
SPS: 3975
SPS: 3976
SPS: 3976
SPS: 3976
global_step=5875328, episodic_return=1960.0 (n=128)
SPS: 3976
SPS: 3976
SPS: 3976
SPS: 3977
SPS: 3977
SPS: 3977
SPS: 3977
SPS: 3978
SPS: 3978
SPS: 3978
SPS: 3978
SPS: 3979
SPS: 3979
SPS: 3979
SPS: 3979
SPS: 3980
SPS: 3980
SPS: 3980
SPS: 3980
SPS: 3980
SPS: 3980
SPS: 3980
SPS: 3980
SPS: 3980
SPS: 3980
SPS: 3979
SPS: 3979
SPS: 3979
SPS: 3979
SPS: 3979
SPS: 3979
SPS: 3979
SPS: 3979
SPS: 3979
SPS: 3979
SPS: 3979
SPS: 3979
global_step=6027776, episodic_return=580.0 (n=128)
SPS: 3979
SPS: 3979
SPS: 3978
SPS: 3978
SPS: 3978
SPS: 3978
SPS: 3978
SPS: 3978
SPS: 3978
SPS: 3978
SPS: 3978
SPS: 3978
SPS: 3978
SPS: 3977
SPS: 3978
SPS: 3977
SPS: 3977
SPS: 3977
SPS: 3977
SPS: 3977
SPS: 3977
SPS: 3977
SPS: 3977
SPS: 3976
SPS: 3976
SPS: 3976
SPS: 3976
SPS: 3976
SPS: 3976
SPS: 3976
SPS: 3976
SPS: 3977
SPS: 3977
SPS: 3977
SPS: 3977
SPS: 3978
SPS: 3978
SPS: 3978
SPS: 3978
SPS: 3978
SPS: 3978
SPS: 3978
SPS: 3979
SPS: 3979
SPS: 3979
SPS: 3979
SPS: 3979
SPS: 3980
SPS: 3980
SPS: 3980
SPS: 3980
SPS: 3981
SPS: 3981
SPS: 3981
SPS: 3981
SPS: 3981
SPS: 3982
SPS: 3982
SPS: 3982
SPS: 3982
SPS: 3982
SPS: 3982
SPS: 3982
SPS: 3982
SPS: 3982
SPS: 3983
SPS: 3983
SPS: 3984
SPS: 3984
SPS: 3984
SPS: 3984
SPS: 3984
SPS: 3985
SPS: 3985
SPS: 3985
SPS: 3985
SPS: 3986
SPS: 3986
SPS: 3986
SPS: 3986
SPS: 3987
SPS: 3987
SPS: 3987
SPS: 3988
SPS: 3988
SPS: 3988
SPS: 3988
SPS: 3988
SPS: 3988
SPS: 3988
SPS: 3988
SPS: 3988
SPS: 3988
SPS: 3988
SPS: 3988
SPS: 3988
SPS: 3989
SPS: 3989
SPS: 3989
SPS: 3988
SPS: 3988
SPS: 3988
SPS: 3988
SPS: 3988
SPS: 3988
SPS: 3988
SPS: 3988
SPS: 3988
SPS: 3988
SPS: 3988
SPS: 3988
SPS: 3988
SPS: 3988
SPS: 3988
SPS: 3988
SPS: 3988
SPS: 3988
SPS: 3989
SPS: 3989
SPS: 3989
SPS: 3989
SPS: 3989
SPS: 3989
SPS: 3989
SPS: 3990
SPS: 3990
SPS: 3990
SPS: 3990
SPS: 3990
SPS: 3990
SPS: 3990
SPS: 3991
SPS: 3991
SPS: 3991
global_step=6576384, episodic_return=3900.0 (n=128)
SPS: 3991
SPS: 3991
SPS: 3991
SPS: 3992
SPS: 3992
SPS: 3992
SPS: 3992
SPS: 3993
SPS: 3993
SPS: 3993
SPS: 3993
SPS: 3994
SPS: 3994
SPS: 3994
SPS: 3994
SPS: 3994
SPS: 3995
SPS: 3995
SPS: 3995
SPS: 3995
SPS: 3996
SPS: 3996
SPS: 3996
SPS: 3996
SPS: 3996
SPS: 3997
SPS: 3997
SPS: 3997
SPS: 3997
SPS: 3997
SPS: 3997
SPS: 3997
SPS: 3998
SPS: 3998
SPS: 3998
SPS: 3999
SPS: 3999
SPS: 3999
SPS: 3999
SPS: 3999
SPS: 3999
SPS: 3999
SPS: 4000
SPS: 4000
SPS: 4000
SPS: 4000
SPS: 4000
SPS: 4000
SPS: 4000
SPS: 4000
SPS: 3999
SPS: 3999
SPS: 3999
SPS: 3999
SPS: 3999
SPS: 3999
SPS: 3999
SPS: 3999
SPS: 3999
SPS: 3999
SPS: 3999
SPS: 4000
SPS: 4000
SPS: 4000
SPS: 4000
SPS: 4000
SPS: 4001
SPS: 4001
SPS: 4001
SPS: 4001
SPS: 4001
SPS: 4002
SPS: 4002
SPS: 4002
SPS: 4002
SPS: 4003
SPS: 4003
SPS: 4003
SPS: 4003
SPS: 4003
SPS: 4004
SPS: 4004
SPS: 4004
SPS: 4004
SPS: 4004
SPS: 4005
SPS: 4005
SPS: 4005
SPS: 4005
SPS: 4006
SPS: 4005
SPS: 4006
SPS: 4006
SPS: 4006
SPS: 4006
SPS: 4007
SPS: 4007
SPS: 4007
SPS: 4007
SPS: 4007
SPS: 4008
SPS: 4008
SPS: 4008
SPS: 4008
SPS: 4008
SPS: 4009
SPS: 4009
SPS: 4009
SPS: 4009
SPS: 4010
SPS: 4010
SPS: 4010
SPS: 4010
SPS: 4010
SPS: 4010
SPS: 4010
global_step=7050112, episodic_return=3810.0 (n=128)
SPS: 4010
SPS: 4010
SPS: 4010
SPS: 4010
SPS: 4009
SPS: 4009
SPS: 4009
SPS: 4009
SPS: 4009
SPS: 4009
SPS: 4009
SPS: 4009
SPS: 4009
SPS: 4008
SPS: 4009
SPS: 4009
SPS: 4009
SPS: 4009
SPS: 4009
SPS: 4009
SPS: 4008
SPS: 4008
SPS: 4008
SPS: 4008
SPS: 4009
SPS: 4008
SPS: 4008
SPS: 4008
SPS: 4008
SPS: 4008
SPS: 4008
SPS: 4008
SPS: 4008
SPS: 4008
SPS: 4008
SPS: 4008
SPS: 4008
SPS: 4008
SPS: 4008
SPS: 4008
SPS: 4008
SPS: 4008
SPS: 4008
SPS: 4008
SPS: 4008
SPS: 4008
SPS: 4008
SPS: 4008
SPS: 4008
SPS: 4008
SPS: 4008
SPS: 4008
SPS: 4008
SPS: 4008
SPS: 4008
SPS: 4008
SPS: 4008
SPS: 4008
SPS: 4008
SPS: 4008
SPS: 4008
SPS: 4008
SPS: 4007
SPS: 4007
SPS: 4007
SPS: 4007
SPS: 4007
SPS: 4007
SPS: 4007
SPS: 4006
SPS: 4006
SPS: 4006
SPS: 4006
SPS: 4006
SPS: 4006
SPS: 4006
SPS: 4006
SPS: 4006
SPS: 4006
SPS: 4006
SPS: 4006
SPS: 4006
global_step=7387392, episodic_return=2200.0 (n=128)
SPS: 4006
SPS: 4006
SPS: 4006
SPS: 4006
SPS: 4007
SPS: 4007
SPS: 4007
SPS: 4006
SPS: 4007
SPS: 4007
SPS: 4007
SPS: 4007
SPS: 4008
SPS: 4008
SPS: 4008
SPS: 4008
SPS: 4008
SPS: 4009
SPS: 4009
SPS: 4009
SPS: 4009
SPS: 4009
SPS: 4009
SPS: 4010
SPS: 4010
SPS: 4010
SPS: 4010
SPS: 4010
SPS: 4010
SPS: 4010
SPS: 4010
SPS: 4010
SPS: 4010
SPS: 4010
SPS: 4010
SPS: 4010
SPS: 4010
SPS: 4010
SPS: 4010
SPS: 4010
SPS: 4010
SPS: 4010
SPS: 4010
SPS: 4010
SPS: 4011
SPS: 4010
SPS: 4011
SPS: 4011
SPS: 4011
SPS: 4011
SPS: 4011
SPS: 4011
SPS: 4011
SPS: 4011
SPS: 4011
SPS: 4011
SPS: 4011
SPS: 4011
SPS: 4011
SPS: 4011
SPS: 4011
SPS: 4011
SPS: 4011
SPS: 4011
SPS: 4011
SPS: 4011
SPS: 4011
global_step=7661952, episodic_return=1830.0 (n=128)
SPS: 4011
SPS: 4011
SPS: 4011
SPS: 4011
SPS: 4011
SPS: 4011
SPS: 4011
SPS: 4011
SPS: 4011
SPS: 4011
SPS: 4011
SPS: 4011
SPS: 4011
SPS: 4011
SPS: 4011
SPS: 4011
SPS: 4011
SPS: 4011
SPS: 4011
SPS: 4010
SPS: 4010
SPS: 4010
SPS: 4010
SPS: 4010
SPS: 4010
SPS: 4010
SPS: 4010
SPS: 4011
SPS: 4011
SPS: 4011
SPS: 4011
SPS: 4011
SPS: 4011
SPS: 4011
SPS: 4012
SPS: 4012
SPS: 4012
SPS: 4012
SPS: 4012
SPS: 4012
SPS: 4013
SPS: 4013
SPS: 4013
SPS: 4013
SPS: 4013
SPS: 4013
SPS: 4013
SPS: 4013
SPS: 4013
SPS: 4013
SPS: 4013
SPS: 4013
SPS: 4013
SPS: 4013
SPS: 4013
SPS: 4013
SPS: 4013
SPS: 4013
SPS: 4013
SPS: 4013
SPS: 4013
SPS: 4013
SPS: 4013
SPS: 4013
SPS: 4013
SPS: 4013
SPS: 4013
SPS: 4013
SPS: 4013
SPS: 4013
SPS: 4013
SPS: 4013
SPS: 4013
SPS: 4013
SPS: 4013
SPS: 4013
SPS: 4013
SPS: 4013
SPS: 4012
SPS: 4013
SPS: 4013
SPS: 4013
SPS: 4013
SPS: 4013
SPS: 4013
SPS: 4013
SPS: 4013
SPS: 4013
SPS: 4013
global_step=8024448, episodic_return=2900.0 (n=128)
SPS: 4013
SPS: 4013
SPS: 4013
SPS: 4013
SPS: 4013
SPS: 4013
SPS: 4013
SPS: 4013
SPS: 4013
SPS: 4013
SPS: 4013
SPS: 4013
SPS: 4013
SPS: 4013
SPS: 4013
SPS: 4013
SPS: 4013
SPS: 4012
SPS: 4012
SPS: 4012
SPS: 4012
SPS: 4012
SPS: 4012
SPS: 4012
SPS: 4012
SPS: 4011
SPS: 4011
SPS: 4011
SPS: 4011
SPS: 4011
SPS: 4011
SPS: 4011
SPS: 4011
SPS: 4011
SPS: 4012
SPS: 4011
SPS: 4011
SPS: 4011
SPS: 4011
SPS: 4011
SPS: 4011
SPS: 4011
SPS: 4011
SPS: 4011
SPS: 4011
SPS: 4011
SPS: 4011
SPS: 4011
SPS: 4011
SPS: 4011
SPS: 4011
SPS: 4011
SPS: 4011
SPS: 4011
SPS: 4011
SPS: 4011
SPS: 4011
SPS: 4011
SPS: 4011
SPS: 4011
SPS: 4011
SPS: 4011
SPS: 4011
SPS: 4011
SPS: 4011
SPS: 4011
SPS: 4011
SPS: 4011
SPS: 4011
SPS: 4011
SPS: 4011
SPS: 4011
SPS: 4011
SPS: 4011
SPS: 4011
SPS: 4011
SPS: 4011
SPS: 4011
SPS: 4011
SPS: 4011
SPS: 4011
SPS: 4011
SPS: 4011
SPS: 4011
SPS: 4011
SPS: 4011
SPS: 4011
SPS: 4011
SPS: 4011
SPS: 4011
SPS: 4011
SPS: 4011
SPS: 4011
SPS: 4011
SPS: 4011
SPS: 4011
SPS: 4011
SPS: 4011
SPS: 4011
SPS: 4011
SPS: 4011
SPS: 4011
SPS: 4011
SPS: 4011
SPS: 4010
SPS: 4011
SPS: 4011
SPS: 4011
SPS: 4010
SPS: 4010
SPS: 4010
SPS: 4010
SPS: 4010
SPS: 4010
SPS: 4010
SPS: 4010
SPS: 4010
SPS: 4010
SPS: 4010
SPS: 4010
SPS: 4010
SPS: 4010
SPS: 4009
SPS: 4010
SPS: 4010
SPS: 4010
global_step=8543744, episodic_return=3800.0 (n=128)
SPS: 4010
SPS: 4009
SPS: 4009
SPS: 4010
SPS: 4010
SPS: 4010
SPS: 4010
SPS: 4010
SPS: 4009
SPS: 4009
SPS: 4010
SPS: 4010
SPS: 4010
SPS: 4010
SPS: 4010
SPS: 4009
SPS: 4009
SPS: 4009
SPS: 4010
SPS: 4010
SPS: 4010
SPS: 4010
SPS: 4010
SPS: 4009
SPS: 4009
SPS: 4009
SPS: 4009
SPS: 4009
SPS: 4010
SPS: 4010
SPS: 4010
SPS: 4010
SPS: 4010
SPS: 4010
SPS: 4010
SPS: 4010
SPS: 4010
SPS: 4009
SPS: 4009
SPS: 4009
SPS: 4009
SPS: 4009
SPS: 4009
SPS: 4009
SPS: 4009
SPS: 4009
SPS: 4009
SPS: 4009
SPS: 4009
SPS: 4010
SPS: 4010
SPS: 4010
SPS: 4010
SPS: 4010
SPS: 4010
SPS: 4010
SPS: 4010
SPS: 4010
SPS: 4010
SPS: 4010
SPS: 4010
SPS: 4010
SPS: 4010
SPS: 4010
SPS: 4010
SPS: 4010
SPS: 4010
SPS: 4010
SPS: 4010
SPS: 4010
SPS: 4010
SPS: 4010
SPS: 4010
SPS: 4009
SPS: 4010
SPS: 4009
SPS: 4009
SPS: 4009
SPS: 4009
SPS: 4009
SPS: 4009
SPS: 4009
SPS: 4009
SPS: 4009
SPS: 4009
SPS: 4009
SPS: 4009
SPS: 4009
SPS: 4009
SPS: 4009
SPS: 4009
SPS: 4009
SPS: 4009
SPS: 4009
SPS: 4009
SPS: 4009
SPS: 4009
SPS: 4009
SPS: 4009
SPS: 4009
SPS: 4009
SPS: 4008
SPS: 4008
SPS: 4009
SPS: 4009
SPS: 4009
SPS: 4009
SPS: 4009
SPS: 4009
SPS: 4009
SPS: 4009
SPS: 4009
SPS: 4009
SPS: 4009
SPS: 4008
SPS: 4008
SPS: 4008
SPS: 4008
SPS: 4008
SPS: 4008
global_step=9033472, episodic_return=3410.0 (n=128)
SPS: 4008
SPS: 4008
SPS: 4008
SPS: 4008
SPS: 4008
SPS: 4008
SPS: 4008
SPS: 4008
SPS: 4008
SPS: 4008
SPS: 4008
SPS: 4008
SPS: 4008
SPS: 4008
SPS: 4008
SPS: 4008
SPS: 4008
SPS: 4008
SPS: 4008
SPS: 4008
SPS: 4008
SPS: 4008
SPS: 4007
SPS: 4007
SPS: 4007
SPS: 4007
SPS: 4007
SPS: 4007
SPS: 4007
SPS: 4007
SPS: 4007
SPS: 4007
SPS: 4007
SPS: 4007
SPS: 4007
SPS: 4007
SPS: 4007
SPS: 4007
SPS: 4007
SPS: 4007
SPS: 4007
SPS: 4007
SPS: 4007
SPS: 4007
SPS: 4007
SPS: 4007
SPS: 4006
SPS: 4006
SPS: 4006
SPS: 4007
SPS: 4007
SPS: 4007
SPS: 4007
SPS: 4007
SPS: 4007
SPS: 4007
SPS: 4007
SPS: 4007
SPS: 4007
SPS: 4007
SPS: 4007
SPS: 4007
SPS: 4007
SPS: 4007
SPS: 4007
SPS: 4007
SPS: 4007
SPS: 4007
SPS: 4007
SPS: 4007
SPS: 4007
SPS: 4007
SPS: 4007
SPS: 4007
SPS: 4007
SPS: 4007
SPS: 4007
SPS: 4006
SPS: 4006
SPS: 4007
SPS: 4007
SPS: 4007
SPS: 4007
SPS: 4007
SPS: 4007
global_step=9382144, episodic_return=2020.0 (n=128)
SPS: 4007
SPS: 4008
SPS: 4008
SPS: 4008
SPS: 4008
SPS: 4008
SPS: 4009
SPS: 4009
SPS: 4009
SPS: 4009
SPS: 4009
SPS: 4009
SPS: 4010
SPS: 4010
SPS: 4010
SPS: 4010
SPS: 4010
SPS: 4009
SPS: 4009
SPS: 4009
SPS: 4009
SPS: 4009
SPS: 4009
SPS: 4009
SPS: 4009
SPS: 4009
SPS: 4009
SPS: 4009
SPS: 4009
SPS: 4008
SPS: 4008
SPS: 4008
SPS: 4008
SPS: 4008
SPS: 4008
SPS: 4008
SPS: 4008
SPS: 4008
SPS: 4008
SPS: 4008
SPS: 4008
SPS: 4008
SPS: 4008
SPS: 4008
SPS: 4008
SPS: 4008
SPS: 4008
SPS: 4008
SPS: 4008
SPS: 4008
SPS: 4008
SPS: 4008
SPS: 4008
SPS: 4008
SPS: 4008
SPS: 4008
SPS: 4008
SPS: 4008
SPS: 4008
SPS: 4008
SPS: 4008
SPS: 4008
SPS: 4008
SPS: 4008
SPS: 4008
SPS: 4008
SPS: 4008
SPS: 4008
SPS: 4008
SPS: 4008
SPS: 4008
SPS: 4007
SPS: 4007
SPS: 4007
SPS: 4007
SPS: 4007
SPS: 4007
SPS: 4007
SPS: 4007
SPS: 4007
SPS: 4007
SPS: 4007
SPS: 4007
SPS: 4007
SPS: 4007
SPS: 4007
SPS: 4007
SPS: 4007
global_step=9741696, episodic_return=2340.0 (n=128)
SPS: 4007
SPS: 4007
SPS: 4006
SPS: 4006
SPS: 4006
SPS: 4006
SPS: 4006
SPS: 4006
SPS: 4006
SPS: 4006
SPS: 4006
SPS: 4006
SPS: 4006
SPS: 4006
SPS: 4006
SPS: 4006
SPS: 4006
SPS: 4006
SPS: 4006
SPS: 4006
SPS: 4006
SPS: 4006
SPS: 4006
SPS: 4006
SPS: 4006
SPS: 4007
SPS: 4007
SPS: 4007
SPS: 4007
SPS: 4007
SPS: 4007
SPS: 4007
SPS: 4008
SPS: 4008
SPS: 4008
SPS: 4008
SPS: 4008
SPS: 4008
SPS: 4008
SPS: 4009
SPS: 4008
SPS: 4009
SPS: 4009
SPS: 4009
SPS: 4009
SPS: 4009
SPS: 4009
SPS: 4009
SPS: 4009
SPS: 4008
SPS: 4008
SPS: 4008
SPS: 4008
SPS: 4008
SPS: 4008
SPS: 4008
SPS: 4008
SPS: 4008
SPS: 4008
SPS: 4008
SPS: 4008
SPS: 4008
SPS: 4008
Results saved to /scratch/rogercc/runs/h025__h025-namethisgame-s1.csv
slurmstepd: error: run_script_as_user: couldn't change working dir to /home/rogercc/'/scratch/rogercc/cleanrl': No such file or directory
