slurmstepd: error: couldn't chdir to `/home/rogercc/'/scratch/rogercc/cleanrl'': No such file or directory: going to /tmp instead
slurmstepd: error: couldn't chdir to `/home/rogercc/'/scratch/rogercc/cleanrl'': No such file or directory: going to /tmp instead
sending incremental file list
auto-cleanrl.sif

sent 4,938,196,680 bytes  received 35 bytes  240,887,644.63 bytes/sec
total size is 4,945,575,936  speedup is 1.00
/usr/local/lib/python3.10/dist-packages/treevalue/tree/integration/torch.py:23: FutureWarning: `torch.utils._pytree._register_pytree_node` is deprecated. Please use `torch.utils._pytree.register_pytree_node` instead.
  register_for_torch(TreeValue)
/usr/local/lib/python3.10/dist-packages/treevalue/tree/integration/torch.py:24: FutureWarning: `torch.utils._pytree._register_pytree_node` is deprecated. Please use `torch.utils._pytree.register_pytree_node` instead.
  register_for_torch(FastTreeValue)
Gym has been unmaintained since 2022 and does not support NumPy 2.0 amongst other critical functionality.
Please upgrade to Gymnasium, the maintained drop-in replacement of Gym, or contact the authors of your software and request that they upgrade.
See the migration guide at https://gymnasium.farama.org/introduction/migration_guide/ for additional information.
/usr/local/lib/python3.10/dist-packages/tyro/_parsers.py:353: UserWarning: The field `wandb-entity` is annotated with type `<class 'str'>`, but the default value `None` has type `<class 'NoneType'>`. We'll try to handle this gracefully, but it may cause unexpected behavior.
  warnings.warn(message)
/usr/local/lib/python3.10/dist-packages/tyro/_parsers.py:353: UserWarning: The field `target-kl` is annotated with type `<class 'float'>`, but the default value `None` has type `<class 'NoneType'>`. We'll try to handle this gracefully, but it may cause unexpected behavior.
  warnings.warn(message)
SPS: 1595
SPS: 2487
SPS: 3070
SPS: 3470
SPS: 3775
SPS: 4010
SPS: 4186
SPS: 4354
SPS: 4487
SPS: 4596
SPS: 4687
SPS: 4758
SPS: 4819
SPS: 4871
SPS: 4916
SPS: 4962
SPS: 5000
SPS: 5036
SPS: 5060
SPS: 5089
SPS: 5116
SPS: 5134
SPS: 5155
SPS: 5174
SPS: 5189
SPS: 5204
SPS: 5218
SPS: 5230
SPS: 5240
SPS: 5251
SPS: 5263
SPS: 5273
SPS: 5281
SPS: 5285
SPS: 5292
SPS: 5296
SPS: 5304
SPS: 5313
SPS: 5319
SPS: 5326
SPS: 5332
SPS: 5339
SPS: 5348
SPS: 5355
SPS: 5360
SPS: 5366
SPS: 5373
SPS: 5380
SPS: 5383
SPS: 5388
SPS: 5394
SPS: 5400
SPS: 5402
SPS: 5408
SPS: 5411
SPS: 5414
SPS: 5419
SPS: 5421
SPS: 5426
SPS: 5430
SPS: 5432
SPS: 5436
SPS: 5439
SPS: 5444
SPS: 5447
SPS: 5450
global_step=272896, episodic_return=2000.0 (n=128)
SPS: 5453
SPS: 5455
SPS: 5457
SPS: 5458
SPS: 5459
SPS: 5460
SPS: 5463
SPS: 5466
SPS: 5469
SPS: 5474
SPS: 5477
SPS: 5481
SPS: 5484
SPS: 5488
SPS: 5492
SPS: 5496
SPS: 5500
SPS: 5505
SPS: 5508
SPS: 5511
SPS: 5513
SPS: 5507
SPS: 5509
SPS: 5511
global_step=369280, episodic_return=1000.0 (n=128)
SPS: 5512
SPS: 5513
SPS: 5515
SPS: 5516
SPS: 5517
SPS: 5517
SPS: 5517
SPS: 5518
SPS: 5519
SPS: 5519
SPS: 5520
SPS: 5522
SPS: 5523
SPS: 5525
SPS: 5527
SPS: 5528
SPS: 5529
SPS: 5529
SPS: 5529
SPS: 5530
SPS: 5530
SPS: 5531
SPS: 5532
global_step=466560, episodic_return=2000.0 (n=128)
SPS: 5533
SPS: 5535
SPS: 5535
SPS: 5535
SPS: 5536
SPS: 5536
SPS: 5537
SPS: 5537
SPS: 5537
SPS: 5538
SPS: 5537
SPS: 5538
SPS: 5539
SPS: 5539
SPS: 5538
SPS: 5539
SPS: 5540
SPS: 5540
SPS: 5540
SPS: 5541
SPS: 5541
SPS: 5541
SPS: 5541
SPS: 5541
SPS: 5541
global_step=569216, episodic_return=1000.0 (n=128)
SPS: 5540
SPS: 5540
SPS: 5540
SPS: 5540
SPS: 5540
SPS: 5540
SPS: 5539
SPS: 5540
SPS: 5540
SPS: 5540
SPS: 5540
SPS: 5540
SPS: 5541
SPS: 5541
SPS: 5542
SPS: 5542
SPS: 5543
SPS: 5543
SPS: 5543
SPS: 5544
SPS: 5544
global_step=651648, episodic_return=1000.0 (n=128)
SPS: 5543
SPS: 5544
SPS: 5545
SPS: 5545
SPS: 5545
SPS: 5546
SPS: 5547
SPS: 5546
SPS: 5547
SPS: 5547
SPS: 5548
SPS: 5548
SPS: 5548
SPS: 5549
SPS: 5549
SPS: 5549
SPS: 5550
SPS: 5549
SPS: 5550
SPS: 5550
SPS: 5550
SPS: 5551
SPS: 5551
SPS: 5551
SPS: 5552
SPS: 5552
SPS: 5552
SPS: 5552
SPS: 5553
SPS: 5553
SPS: 5554
SPS: 5554
SPS: 5554
SPS: 5555
global_step=792576, episodic_return=7000.0 (n=128)
SPS: 5555
SPS: 5556
SPS: 5556
SPS: 5556
SPS: 5556
SPS: 5556
SPS: 5556
SPS: 5557
SPS: 5558
SPS: 5558
SPS: 5558
SPS: 5558
SPS: 5559
SPS: 5559
SPS: 5560
SPS: 5560
SPS: 5561
SPS: 5561
SPS: 5561
SPS: 5561
SPS: 5560
SPS: 5560
SPS: 5560
SPS: 5560
SPS: 5560
SPS: 5560
SPS: 5560
SPS: 5560
SPS: 5561
SPS: 5561
SPS: 5561
SPS: 5561
SPS: 5561
SPS: 5561
SPS: 5562
SPS: 5562
SPS: 5562
SPS: 5562
SPS: 5562
SPS: 5562
SPS: 5563
SPS: 5563
SPS: 5563
SPS: 5564
SPS: 5565
SPS: 5566
SPS: 5567
global_step=985728, episodic_return=2000.0 (n=128)
SPS: 5568
SPS: 5569
SPS: 5570
SPS: 5570
SPS: 5571
SPS: 5572
SPS: 5573
SPS: 5574
SPS: 5575
SPS: 5575
SPS: 5575
SPS: 5575
SPS: 5575
SPS: 5575
SPS: 5575
SPS: 5575
SPS: 5576
SPS: 5576
SPS: 5575
SPS: 5576
SPS: 5576
SPS: 5576
SPS: 5576
SPS: 5577
SPS: 5578
SPS: 5578
SPS: 5579
SPS: 5580
SPS: 5580
SPS: 5580
SPS: 5581
SPS: 5582
SPS: 5583
global_step=1119360, episodic_return=1000.0 (n=128)
SPS: 5583
SPS: 5584
SPS: 5585
SPS: 5585
SPS: 5585
SPS: 5585
SPS: 5584
SPS: 5584
SPS: 5584
SPS: 5585
SPS: 5585
SPS: 5585
SPS: 5585
SPS: 5585
SPS: 5585
SPS: 5586
SPS: 5586
SPS: 5586
SPS: 5586
SPS: 5586
SPS: 5587
SPS: 5586
SPS: 5587
SPS: 5587
SPS: 5587
SPS: 5588
SPS: 5588
SPS: 5589
SPS: 5589
SPS: 5590
SPS: 5591
SPS: 5591
SPS: 5592
SPS: 5592
SPS: 5592
SPS: 5592
SPS: 5592
SPS: 5592
SPS: 5592
SPS: 5592
SPS: 5592
SPS: 5592
SPS: 5592
SPS: 5592
SPS: 5593
SPS: 5593
global_step=1307008, episodic_return=1000.0 (n=128)
SPS: 5594
SPS: 5593
SPS: 5593
SPS: 5594
SPS: 5593
SPS: 5594
SPS: 5594
SPS: 5594
SPS: 5594
SPS: 5594
SPS: 5594
SPS: 5594
SPS: 5594
SPS: 5595
SPS: 5595
SPS: 5595
SPS: 5595
SPS: 5595
SPS: 5596
SPS: 5596
SPS: 5596
SPS: 5596
SPS: 5595
SPS: 5596
SPS: 5596
SPS: 5596
SPS: 5596
SPS: 5596
SPS: 5596
SPS: 5595
SPS: 5596
SPS: 5596
SPS: 5595
SPS: 5595
SPS: 5595
SPS: 5595
SPS: 5594
SPS: 5594
SPS: 5594
SPS: 5594
SPS: 5594
SPS: 5595
SPS: 5595
SPS: 5595
SPS: 5595
SPS: 5595
SPS: 5595
global_step=1502720, episodic_return=10000.0 (n=128)
SPS: 5596
SPS: 5596
SPS: 5596
SPS: 5596
SPS: 5596
SPS: 5596
SPS: 5595
SPS: 5595
SPS: 5595
SPS: 5595
SPS: 5595
SPS: 5594
SPS: 5594
SPS: 5595
SPS: 5595
SPS: 5595
SPS: 5594
SPS: 5594
SPS: 5594
SPS: 5594
SPS: 5594
SPS: 5594
SPS: 5594
SPS: 5594
SPS: 5594
SPS: 5594
SPS: 5594
SPS: 5593
SPS: 5593
SPS: 5593
SPS: 5593
SPS: 5593
SPS: 5593
SPS: 5593
global_step=1638656, episodic_return=1000.0 (n=128)
SPS: 5593
SPS: 5593
SPS: 5593
SPS: 5593
SPS: 5593
SPS: 5593
SPS: 5593
SPS: 5593
SPS: 5593
SPS: 5593
SPS: 5593
SPS: 5593
SPS: 5593
SPS: 5593
SPS: 5592
SPS: 5592
SPS: 5592
SPS: 5592
SPS: 5593
SPS: 5593
SPS: 5594
SPS: 5594
SPS: 5595
SPS: 5595
SPS: 5596
SPS: 5596
SPS: 5597
SPS: 5597
SPS: 5597
SPS: 5597
SPS: 5596
SPS: 5596
SPS: 5596
global_step=1776896, episodic_return=2000.0 (n=128)
SPS: 5596
SPS: 5596
SPS: 5596
SPS: 5596
SPS: 5596
SPS: 5596
SPS: 5596
SPS: 5597
SPS: 5597
SPS: 5597
SPS: 5597
SPS: 5598
SPS: 5598
SPS: 5598
SPS: 5598
SPS: 5598
SPS: 5598
SPS: 5598
SPS: 5598
SPS: 5598
SPS: 5598
SPS: 5598
SPS: 5598
SPS: 5598
SPS: 5598
SPS: 5598
SPS: 5598
SPS: 5598
SPS: 5598
SPS: 5598
SPS: 5598
SPS: 5598
SPS: 5598
SPS: 5597
SPS: 5598
SPS: 5598
SPS: 5597
SPS: 5597
SPS: 5597
SPS: 5598
SPS: 5598
SPS: 5598
SPS: 5598
SPS: 5598
SPS: 5598
SPS: 5598
global_step=1963520, episodic_return=1000.0 (n=128)
SPS: 5598
SPS: 5598
SPS: 5598
SPS: 5599
SPS: 5598
SPS: 5599
SPS: 5599
SPS: 5599
SPS: 5599
SPS: 5599
SPS: 5599
SPS: 5599
SPS: 5599
SPS: 5599
SPS: 5599
SPS: 5600
SPS: 5600
SPS: 5600
SPS: 5600
SPS: 5600
SPS: 5600
SPS: 5600
SPS: 5600
SPS: 5600
SPS: 5600
SPS: 5599
SPS: 5599
global_step=2074880, episodic_return=1000.0 (n=128)
SPS: 5600
SPS: 5599
SPS: 5600
SPS: 5600
SPS: 5600
SPS: 5600
SPS: 5600
SPS: 5600
SPS: 5600
SPS: 5600
SPS: 5600
SPS: 5600
SPS: 5600
SPS: 5600
SPS: 5600
SPS: 5600
SPS: 5600
SPS: 5600
SPS: 5600
SPS: 5600
SPS: 5600
SPS: 5600
SPS: 5601
SPS: 5601
SPS: 5601
SPS: 5601
SPS: 5601
SPS: 5601
SPS: 5601
SPS: 5601
SPS: 5601
SPS: 5602
SPS: 5601
global_step=2210560, episodic_return=1000.0 (n=128)
SPS: 5602
SPS: 5601
SPS: 5601
SPS: 5601
SPS: 5601
SPS: 5601
SPS: 5601
SPS: 5601
SPS: 5601
SPS: 5601
SPS: 5601
SPS: 5601
SPS: 5601
SPS: 5601
SPS: 5601
SPS: 5601
SPS: 5602
SPS: 5601
SPS: 5602
SPS: 5602
SPS: 5602
SPS: 5602
SPS: 5602
SPS: 5602
SPS: 5602
SPS: 5602
SPS: 5602
SPS: 5602
global_step=2324352, episodic_return=1000.0 (n=128)
SPS: 5602
SPS: 5602
SPS: 5602
SPS: 5602
SPS: 5602
SPS: 5602
SPS: 5602
SPS: 5602
SPS: 5602
SPS: 5602
SPS: 5602
SPS: 5601
SPS: 5601
SPS: 5601
SPS: 5601
SPS: 5601
SPS: 5601
SPS: 5601
SPS: 5601
SPS: 5601
SPS: 5601
SPS: 5601
SPS: 5601
SPS: 5601
SPS: 5602
SPS: 5602
SPS: 5602
SPS: 5602
SPS: 5603
SPS: 5603
SPS: 5603
SPS: 5603
SPS: 5603
SPS: 5603
global_step=2463104, episodic_return=2000.0 (n=128)
SPS: 5603
SPS: 5603
SPS: 5603
SPS: 5603
SPS: 5603
SPS: 5603
SPS: 5603
SPS: 5603
SPS: 5603
SPS: 5603
SPS: 5604
SPS: 5604
SPS: 5604
SPS: 5604
SPS: 5604
SPS: 5604
SPS: 5604
SPS: 5604
SPS: 5604
SPS: 5604
SPS: 5604
SPS: 5604
SPS: 5604
SPS: 5604
SPS: 5603
SPS: 5603
SPS: 5603
SPS: 5603
SPS: 5603
SPS: 5603
global_step=2584832, episodic_return=2000.0 (n=128)
SPS: 5603
SPS: 5602
SPS: 5602
SPS: 5602
SPS: 5602
SPS: 5602
SPS: 5602
SPS: 5602
SPS: 5602
SPS: 5602
SPS: 5602
SPS: 5602
SPS: 5601
SPS: 5601
SPS: 5601
SPS: 5601
SPS: 5601
SPS: 5601
SPS: 5601
SPS: 5601
SPS: 5602
SPS: 5602
SPS: 5602
SPS: 5602
SPS: 5602
SPS: 5602
SPS: 5602
SPS: 5602
SPS: 5602
SPS: 5601
SPS: 5602
SPS: 5602
SPS: 5601
global_step=2721664, episodic_return=1000.0 (n=128)
SPS: 5601
SPS: 5601
SPS: 5601
SPS: 5601
SPS: 5602
SPS: 5602
SPS: 5601
SPS: 5601
SPS: 5601
SPS: 5601
SPS: 5602
SPS: 5601
SPS: 5601
SPS: 5602
SPS: 5602
SPS: 5602
SPS: 5602
SPS: 5602
SPS: 5602
SPS: 5602
SPS: 5602
SPS: 5602
SPS: 5602
SPS: 5602
SPS: 5602
SPS: 5603
SPS: 5603
SPS: 5603
SPS: 5603
SPS: 5603
SPS: 5603
SPS: 5603
global_step=2853248, episodic_return=2000.0 (n=128)
SPS: 5603
SPS: 5603
SPS: 5603
SPS: 5603
SPS: 5603
SPS: 5603
SPS: 5603
SPS: 5604
SPS: 5604
SPS: 5604
SPS: 5604
SPS: 5604
SPS: 5604
SPS: 5604
SPS: 5604
SPS: 5604
SPS: 5605
SPS: 5605
SPS: 5605
SPS: 5605
SPS: 5605
SPS: 5605
SPS: 5605
SPS: 5605
SPS: 5605
SPS: 5605
SPS: 5605
SPS: 5606
SPS: 5606
SPS: 5606
SPS: 5606
SPS: 5606
SPS: 5607
SPS: 5607
SPS: 5607
SPS: 5607
SPS: 5607
SPS: 5607
SPS: 5607
SPS: 5607
SPS: 5607
SPS: 5608
SPS: 5608
SPS: 5608
SPS: 5608
SPS: 5608
SPS: 5609
global_step=3044992, episodic_return=7000.0 (n=128)
SPS: 5609
SPS: 5609
SPS: 5610
SPS: 5610
SPS: 5610
SPS: 5611
SPS: 5611
SPS: 5611
SPS: 5611
SPS: 5611
SPS: 5611
SPS: 5611
SPS: 5611
SPS: 5611
SPS: 5611
SPS: 5611
SPS: 5611
SPS: 5611
SPS: 5611
SPS: 5612
SPS: 5612
SPS: 5612
SPS: 5612
SPS: 5613
SPS: 5613
SPS: 5613
SPS: 5613
SPS: 5613
global_step=3159552, episodic_return=2000.0 (n=128)
SPS: 5614
SPS: 5614
SPS: 5614
SPS: 5614
SPS: 5613
SPS: 5613
SPS: 5613
SPS: 5613
SPS: 5613
SPS: 5613
SPS: 5613
SPS: 5613
SPS: 5613
SPS: 5613
SPS: 5613
SPS: 5613
SPS: 5613
SPS: 5613
SPS: 5613
SPS: 5613
SPS: 5613
SPS: 5613
SPS: 5613
SPS: 5613
SPS: 5613
SPS: 5613
SPS: 5613
SPS: 5613
SPS: 5613
SPS: 5613
SPS: 5613
SPS: 5613
SPS: 5613
SPS: 5613
SPS: 5613
SPS: 5613
SPS: 5613
SPS: 5613
SPS: 5613
SPS: 5613
SPS: 5613
SPS: 5613
SPS: 5613
SPS: 5613
SPS: 5613
SPS: 5613
global_step=3347200, episodic_return=1000.0 (n=128)
SPS: 5613
SPS: 5613
SPS: 5613
SPS: 5613
SPS: 5613
SPS: 5613
SPS: 5613
SPS: 5613
SPS: 5614
SPS: 5614
SPS: 5614
SPS: 5614
SPS: 5614
SPS: 5614
SPS: 5614
SPS: 5614
SPS: 5614
SPS: 5614
SPS: 5614
SPS: 5614
SPS: 5614
SPS: 5615
SPS: 5615
SPS: 5615
SPS: 5615
SPS: 5615
SPS: 5615
SPS: 5615
SPS: 5615
SPS: 5615
SPS: 5615
SPS: 5615
SPS: 5615
SPS: 5615
SPS: 5615
SPS: 5615
SPS: 5615
SPS: 5615
SPS: 5615
SPS: 5615
SPS: 5615
SPS: 5614
SPS: 5614
SPS: 5615
SPS: 5615
SPS: 5615
SPS: 5615
SPS: 5614
SPS: 5614
SPS: 5614
SPS: 5614
SPS: 5614
SPS: 5614
SPS: 5615
SPS: 5615
SPS: 5615
SPS: 5615
global_step=3583360, episodic_return=10000.0 (n=128)
SPS: 5615
SPS: 5615
SPS: 5615
SPS: 5615
SPS: 5615
SPS: 5615
SPS: 5615
SPS: 5615
SPS: 5614
SPS: 5615
SPS: 5615
SPS: 5615
SPS: 5615
SPS: 5615
SPS: 5615
SPS: 5616
SPS: 5616
SPS: 5616
SPS: 5616
SPS: 5617
SPS: 5617
SPS: 5617
SPS: 5617
SPS: 5617
SPS: 5617
SPS: 5617
SPS: 5617
SPS: 5617
SPS: 5617
SPS: 5617
SPS: 5617
SPS: 5617
SPS: 5617
SPS: 5617
SPS: 5617
SPS: 5617
SPS: 5617
SPS: 5617
SPS: 5617
SPS: 5617
SPS: 5618
SPS: 5618
SPS: 5618
SPS: 5617
SPS: 5617
SPS: 5617
SPS: 5617
SPS: 5617
SPS: 5617
SPS: 5617
SPS: 5617
SPS: 5618
SPS: 5618
SPS: 5618
SPS: 5618
SPS: 5618
SPS: 5617
global_step=3816704, episodic_return=3000.0 (n=128)
SPS: 5617
SPS: 5618
SPS: 5618
SPS: 5618
SPS: 5617
SPS: 5617
SPS: 5617
SPS: 5617
SPS: 5617
SPS: 5618
SPS: 5617
SPS: 5617
SPS: 5617
SPS: 5617
SPS: 5617
SPS: 5617
SPS: 5617
SPS: 5617
SPS: 5617
SPS: 5617
SPS: 5617
SPS: 5617
SPS: 5617
SPS: 5617
SPS: 5617
SPS: 5617
SPS: 5617
SPS: 5617
SPS: 5617
SPS: 5617
SPS: 5617
SPS: 5618
SPS: 5618
SPS: 5618
SPS: 5618
SPS: 5618
SPS: 5618
SPS: 5617
SPS: 5617
SPS: 5617
SPS: 5618
SPS: 5618
SPS: 5618
global_step=3992576, episodic_return=3000.0 (n=128)
SPS: 5617
SPS: 5618
SPS: 5618
SPS: 5618
SPS: 5618
SPS: 5618
SPS: 5618
SPS: 5618
SPS: 5618
SPS: 5618
SPS: 5618
SPS: 5618
SPS: 5618
SPS: 5618
SPS: 5618
SPS: 5618
SPS: 5618
SPS: 5618
SPS: 5619
SPS: 5618
SPS: 5619
SPS: 5619
SPS: 5619
SPS: 5619
SPS: 5619
SPS: 5619
SPS: 5619
SPS: 5619
SPS: 5619
global_step=4109184, episodic_return=1000.0 (n=128)
SPS: 5619
SPS: 5619
SPS: 5619
SPS: 5619
SPS: 5619
SPS: 5619
SPS: 5619
SPS: 5619
SPS: 5619
SPS: 5619
SPS: 5619
SPS: 5619
SPS: 5619
SPS: 5620
SPS: 5620
SPS: 5620
SPS: 5620
SPS: 5620
SPS: 5620
SPS: 5620
SPS: 5620
SPS: 5620
SPS: 5620
SPS: 5621
SPS: 5621
SPS: 5621
SPS: 5621
SPS: 5621
SPS: 5621
SPS: 5621
SPS: 5621
SPS: 5621
SPS: 5621
SPS: 5622
SPS: 5622
SPS: 5622
SPS: 5622
SPS: 5622
SPS: 5622
SPS: 5622
SPS: 5622
SPS: 5622
SPS: 5622
SPS: 5622
SPS: 5622
SPS: 5622
SPS: 5622
SPS: 5623
SPS: 5623
SPS: 5623
SPS: 5623
SPS: 5623
SPS: 5623
global_step=4326528, episodic_return=3000.0 (n=128)
SPS: 5623
SPS: 5623
SPS: 5623
SPS: 5623
SPS: 5624
SPS: 5624
SPS: 5624
SPS: 5624
SPS: 5624
SPS: 5624
SPS: 5624
SPS: 5624
SPS: 5625
SPS: 5625
SPS: 5625
SPS: 5625
SPS: 5625
SPS: 5625
SPS: 5625
SPS: 5625
SPS: 5625
SPS: 5625
SPS: 5625
SPS: 5626
SPS: 5626
SPS: 5626
SPS: 5626
SPS: 5626
SPS: 5627
SPS: 5627
SPS: 5627
SPS: 5627
SPS: 5627
global_step=4462720, episodic_return=1000.0 (n=128)
SPS: 5628
SPS: 5628
SPS: 5628
SPS: 5628
SPS: 5628
SPS: 5628
SPS: 5628
SPS: 5628
SPS: 5628
SPS: 5628
SPS: 5628
SPS: 5628
SPS: 5628
SPS: 5628
SPS: 5628
SPS: 5628
SPS: 5628
SPS: 5629
SPS: 5629
SPS: 5629
SPS: 5629
SPS: 5629
SPS: 5629
SPS: 5630
SPS: 5630
SPS: 5630
SPS: 5630
SPS: 5630
SPS: 5630
SPS: 5630
SPS: 5630
SPS: 5630
SPS: 5631
SPS: 5631
SPS: 5631
SPS: 5631
global_step=4608384, episodic_return=8000.0 (n=128)
SPS: 5631
SPS: 5631
SPS: 5631
SPS: 5631
SPS: 5631
SPS: 5631
SPS: 5631
SPS: 5631
SPS: 5631
SPS: 5631
SPS: 5631
SPS: 5631
SPS: 5632
SPS: 5632
SPS: 5632
SPS: 5632
SPS: 5632
SPS: 5632
SPS: 5632
SPS: 5632
SPS: 5632
SPS: 5632
SPS: 5632
SPS: 5632
SPS: 5632
SPS: 5633
SPS: 5633
SPS: 5633
SPS: 5633
SPS: 5633
SPS: 5633
SPS: 5633
SPS: 5633
SPS: 5633
SPS: 5633
SPS: 5633
global_step=4757376, episodic_return=2000.0 (n=128)
SPS: 5633
SPS: 5633
SPS: 5633
SPS: 5633
SPS: 5633
SPS: 5633
SPS: 5633
SPS: 5633
SPS: 5634
SPS: 5634
SPS: 5634
SPS: 5634
SPS: 5634
SPS: 5634
SPS: 5634
SPS: 5634
SPS: 5634
SPS: 5634
SPS: 5634
SPS: 5634
SPS: 5634
SPS: 5634
SPS: 5634
SPS: 5634
SPS: 5634
global_step=4859648, episodic_return=1000.0 (n=128)
SPS: 5635
SPS: 5635
SPS: 5635
SPS: 5635
SPS: 5635
SPS: 5635
SPS: 5635
SPS: 5635
SPS: 5635
SPS: 5635
SPS: 5635
SPS: 5635
SPS: 5635
SPS: 5636
SPS: 5636
SPS: 5636
SPS: 5636
SPS: 5636
SPS: 5636
SPS: 5636
SPS: 5636
SPS: 5636
SPS: 5636
SPS: 5636
SPS: 5636
SPS: 5636
SPS: 5636
SPS: 5636
SPS: 5636
SPS: 5636
SPS: 5636
SPS: 5636
SPS: 5636
SPS: 5636
SPS: 5636
SPS: 5636
SPS: 5636
SPS: 5636
SPS: 5636
SPS: 5636
SPS: 5636
SPS: 5636
global_step=5030272, episodic_return=2000.0 (n=128)
SPS: 5636
SPS: 5636
SPS: 5636
SPS: 5636
SPS: 5636
SPS: 5636
SPS: 5636
SPS: 5636
SPS: 5636
SPS: 5636
SPS: 5636
SPS: 5636
SPS: 5636
SPS: 5636
SPS: 5636
SPS: 5636
SPS: 5636
SPS: 5636
SPS: 5636
SPS: 5636
SPS: 5636
SPS: 5636
SPS: 5636
SPS: 5636
SPS: 5637
SPS: 5637
SPS: 5637
SPS: 5637
SPS: 5637
SPS: 5637
SPS: 5637
SPS: 5637
SPS: 5637
SPS: 5636
global_step=5172224, episodic_return=0.0 (n=128)
SPS: 5636
SPS: 5636
SPS: 5637
SPS: 5637
SPS: 5637
SPS: 5637
SPS: 5637
SPS: 5637
SPS: 5637
SPS: 5637
SPS: 5637
SPS: 5637
SPS: 5637
SPS: 5637
SPS: 5637
SPS: 5638
SPS: 5637
SPS: 5638
SPS: 5638
SPS: 5638
SPS: 5638
SPS: 5638
SPS: 5638
SPS: 5638
SPS: 5638
global_step=5274496, episodic_return=1000.0 (n=128)
SPS: 5638
SPS: 5638
SPS: 5638
SPS: 5638
SPS: 5638
SPS: 5638
SPS: 5638
SPS: 5638
SPS: 5638
SPS: 5638
SPS: 5638
SPS: 5638
SPS: 5638
SPS: 5638
SPS: 5638
SPS: 5638
SPS: 5639
SPS: 5639
SPS: 5639
SPS: 5639
SPS: 5639
SPS: 5639
SPS: 5639
SPS: 5640
SPS: 5640
SPS: 5640
SPS: 5640
SPS: 5640
SPS: 5640
SPS: 5640
SPS: 5640
SPS: 5640
SPS: 5640
SPS: 5640
SPS: 5640
SPS: 5640
SPS: 5640
SPS: 5640
SPS: 5640
global_step=5434240, episodic_return=3000.0 (n=128)
SPS: 5640
SPS: 5641
SPS: 5641
SPS: 5641
SPS: 5641
SPS: 5641
SPS: 5641
SPS: 5641
SPS: 5642
SPS: 5642
SPS: 5642
SPS: 5642
SPS: 5642
SPS: 5642
SPS: 5642
SPS: 5642
SPS: 5642
SPS: 5642
SPS: 5643
SPS: 5643
SPS: 5643
SPS: 5643
SPS: 5643
SPS: 5643
SPS: 5643
SPS: 5643
SPS: 5643
SPS: 5643
global_step=5549568, episodic_return=2000.0 (n=128)
SPS: 5644
SPS: 5644
SPS: 5644
SPS: 5644
SPS: 5644
SPS: 5644
SPS: 5644
SPS: 5644
SPS: 5644
SPS: 5644
SPS: 5644
SPS: 5644
SPS: 5644
SPS: 5644
SPS: 5644
SPS: 5644
SPS: 5644
SPS: 5644
SPS: 5644
SPS: 5644
SPS: 5644
SPS: 5644
SPS: 5645
SPS: 5645
SPS: 5645
SPS: 5645
SPS: 5645
SPS: 5645
SPS: 5645
SPS: 5645
SPS: 5645
SPS: 5645
SPS: 5645
global_step=5681792, episodic_return=0.0 (n=128)
SPS: 5645
SPS: 5645
SPS: 5646
SPS: 5646
SPS: 5646
SPS: 5646
SPS: 5646
SPS: 5646
SPS: 5646
SPS: 5646
SPS: 5646
SPS: 5646
SPS: 5646
SPS: 5646
SPS: 5646
SPS: 5646
SPS: 5646
SPS: 5646
SPS: 5646
SPS: 5646
SPS: 5646
SPS: 5646
SPS: 5646
SPS: 5646
SPS: 5646
SPS: 5646
SPS: 5646
SPS: 5646
SPS: 5646
global_step=5801088, episodic_return=2000.0 (n=128)
SPS: 5646
SPS: 5646
SPS: 5646
SPS: 5646
SPS: 5646
SPS: 5646
SPS: 5646
SPS: 5647
SPS: 5647
SPS: 5647
SPS: 5647
SPS: 5647
SPS: 5647
SPS: 5647
SPS: 5647
SPS: 5647
SPS: 5647
SPS: 5647
SPS: 5647
SPS: 5647
SPS: 5647
SPS: 5647
SPS: 5647
SPS: 5647
SPS: 5648
SPS: 5647
SPS: 5648
SPS: 5648
SPS: 5648
SPS: 5648
SPS: 5648
SPS: 5648
SPS: 5648
SPS: 5648
SPS: 5648
SPS: 5648
SPS: 5649
SPS: 5649
SPS: 5649
SPS: 5649
SPS: 5649
SPS: 5649
SPS: 5649
SPS: 5649
SPS: 5649
SPS: 5649
SPS: 5649
SPS: 5649
SPS: 5649
SPS: 5650
global_step=6008192, episodic_return=2000.0 (n=128)
SPS: 5650
SPS: 5650
SPS: 5650
SPS: 5650
SPS: 5650
SPS: 5650
SPS: 5650
SPS: 5650
SPS: 5650
SPS: 5650
SPS: 5650
SPS: 5650
SPS: 5650
SPS: 5650
SPS: 5650
SPS: 5651
SPS: 5651
SPS: 5651
SPS: 5651
SPS: 5651
SPS: 5651
SPS: 5651
SPS: 5651
SPS: 5651
SPS: 5651
SPS: 5651
SPS: 5651
global_step=6116352, episodic_return=2000.0 (n=128)
SPS: 5651
SPS: 5651
SPS: 5651
SPS: 5651
SPS: 5651
SPS: 5651
SPS: 5652
SPS: 5652
SPS: 5652
SPS: 5652
SPS: 5652
SPS: 5652
SPS: 5652
SPS: 5652
SPS: 5652
SPS: 5652
SPS: 5652
SPS: 5652
SPS: 5652
SPS: 5652
SPS: 5652
SPS: 5652
SPS: 5652
SPS: 5652
SPS: 5652
SPS: 5652
SPS: 5652
SPS: 5652
SPS: 5652
SPS: 5652
SPS: 5652
global_step=6246016, episodic_return=7000.0 (n=128)
SPS: 5652
SPS: 5652
SPS: 5652
SPS: 5652
SPS: 5652
SPS: 5652
SPS: 5652
SPS: 5652
SPS: 5652
SPS: 5652
SPS: 5652
SPS: 5652
SPS: 5652
SPS: 5652
SPS: 5652
SPS: 5652
SPS: 5652
SPS: 5652
SPS: 5652
SPS: 5652
SPS: 5653
SPS: 5653
SPS: 5653
SPS: 5653
SPS: 5653
SPS: 5653
SPS: 5653
SPS: 5653
SPS: 5653
SPS: 5653
SPS: 5653
SPS: 5653
SPS: 5653
global_step=6379904, episodic_return=2000.0 (n=128)
SPS: 5653
SPS: 5653
SPS: 5653
SPS: 5654
SPS: 5654
SPS: 5654
SPS: 5654
SPS: 5654
SPS: 5654
SPS: 5654
SPS: 5654
SPS: 5654
SPS: 5654
SPS: 5654
SPS: 5654
SPS: 5655
SPS: 5655
SPS: 5655
SPS: 5655
SPS: 5655
SPS: 5655
SPS: 5655
SPS: 5655
SPS: 5655
SPS: 5655
SPS: 5655
SPS: 5655
SPS: 5655
SPS: 5655
SPS: 5655
SPS: 5655
global_step=6506112, episodic_return=1000.0 (n=128)
SPS: 5655
SPS: 5655
SPS: 5655
SPS: 5655
SPS: 5656
SPS: 5656
SPS: 5656
SPS: 5656
SPS: 5656
SPS: 5656
SPS: 5656
SPS: 5656
SPS: 5656
SPS: 5656
SPS: 5656
SPS: 5656
SPS: 5656
SPS: 5656
SPS: 5656
SPS: 5656
SPS: 5656
SPS: 5656
SPS: 5657
SPS: 5657
SPS: 5657
SPS: 5657
SPS: 5657
global_step=6615168, episodic_return=1000.0 (n=128)
SPS: 5657
SPS: 5657
SPS: 5657
SPS: 5657
SPS: 5657
SPS: 5657
SPS: 5657
SPS: 5657
SPS: 5657
SPS: 5657
SPS: 5657
SPS: 5657
SPS: 5657
SPS: 5657
SPS: 5657
SPS: 5657
SPS: 5657
SPS: 5657
SPS: 5657
SPS: 5657
SPS: 5657
SPS: 5657
SPS: 5657
SPS: 5657
SPS: 5657
SPS: 5658
SPS: 5658
SPS: 5658
SPS: 5658
SPS: 5658
SPS: 5657
SPS: 5657
SPS: 5657
SPS: 5657
SPS: 5657
global_step=6762368, episodic_return=1000.0 (n=128)
SPS: 5657
SPS: 5657
SPS: 5657
SPS: 5657
SPS: 5657
SPS: 5657
SPS: 5657
SPS: 5657
SPS: 5657
SPS: 5657
SPS: 5657
SPS: 5657
SPS: 5658
SPS: 5658
SPS: 5658
SPS: 5658
SPS: 5658
SPS: 5658
SPS: 5658
SPS: 5658
SPS: 5658
SPS: 5658
SPS: 5658
SPS: 5658
SPS: 5658
SPS: 5658
SPS: 5658
SPS: 5658
SPS: 5658
SPS: 5658
SPS: 5658
SPS: 5658
SPS: 5658
SPS: 5658
SPS: 5658
SPS: 5658
SPS: 5659
SPS: 5659
SPS: 5659
SPS: 5659
SPS: 5659
SPS: 5659
SPS: 5659
SPS: 5659
SPS: 5659
SPS: 5659
SPS: 5659
SPS: 5659
SPS: 5659
SPS: 5659
SPS: 5659
global_step=6967552, episodic_return=3000.0 (n=128)
SPS: 5659
SPS: 5659
SPS: 5659
SPS: 5659
SPS: 5659
SPS: 5659
SPS: 5659
SPS: 5659
SPS: 5660
SPS: 5660
SPS: 5660
SPS: 5660
SPS: 5660
SPS: 5660
SPS: 5660
SPS: 5660
SPS: 5660
SPS: 5660
SPS: 5660
SPS: 5660
SPS: 5660
SPS: 5660
SPS: 5660
SPS: 5660
global_step=7067648, episodic_return=1000.0 (n=128)
SPS: 5660
SPS: 5660
SPS: 5660
SPS: 5660
SPS: 5660
SPS: 5660
SPS: 5660
SPS: 5660
SPS: 5661
SPS: 5661
SPS: 5661
SPS: 5660
SPS: 5660
SPS: 5660
SPS: 5661
SPS: 5661
SPS: 5661
SPS: 5661
SPS: 5661
SPS: 5661
SPS: 5661
global_step=7155072, episodic_return=1000.0 (n=128)
SPS: 5661
SPS: 5661
SPS: 5661
SPS: 5661
SPS: 5661
SPS: 5661
SPS: 5661
SPS: 5661
SPS: 5661
SPS: 5661
SPS: 5661
SPS: 5661
SPS: 5661
SPS: 5661
SPS: 5661
SPS: 5661
SPS: 5661
SPS: 5661
SPS: 5661
SPS: 5661
SPS: 5661
global_step=7238656, episodic_return=1000.0 (n=128)
SPS: 5661
SPS: 5661
SPS: 5661
SPS: 5661
SPS: 5661
SPS: 5661
SPS: 5661
SPS: 5661
SPS: 5661
SPS: 5661
SPS: 5661
SPS: 5661
SPS: 5661
SPS: 5661
SPS: 5661
SPS: 5661
SPS: 5661
SPS: 5661
SPS: 5661
SPS: 5661
SPS: 5661
SPS: 5661
SPS: 5661
SPS: 5661
SPS: 5662
SPS: 5662
SPS: 5662
SPS: 5662
SPS: 5662
global_step=7359744, episodic_return=4000.0 (n=128)
SPS: 5662
SPS: 5662
SPS: 5662
SPS: 5662
SPS: 5662
SPS: 5662
SPS: 5662
SPS: 5662
SPS: 5662
SPS: 5662
SPS: 5662
SPS: 5662
SPS: 5662
SPS: 5662
SPS: 5662
SPS: 5662
SPS: 5662
SPS: 5663
SPS: 5663
SPS: 5663
SPS: 5663
SPS: 5663
SPS: 5663
SPS: 5663
SPS: 5663
SPS: 5663
SPS: 5663
SPS: 5663
SPS: 5663
SPS: 5663
SPS: 5663
SPS: 5663
SPS: 5663
SPS: 5663
SPS: 5663
SPS: 5663
SPS: 5663
SPS: 5663
SPS: 5663
SPS: 5663
SPS: 5663
SPS: 5663
SPS: 5663
SPS: 5663
global_step=7537536, episodic_return=1000.0 (n=128)
SPS: 5663
SPS: 5663
SPS: 5663
SPS: 5663
SPS: 5663
SPS: 5663
SPS: 5663
SPS: 5663
SPS: 5663
SPS: 5663
SPS: 5663
SPS: 5662
SPS: 5662
SPS: 5663
SPS: 5663
SPS: 5663
SPS: 5662
SPS: 5663
SPS: 5663
SPS: 5662
SPS: 5662
SPS: 5662
SPS: 5662
SPS: 5662
SPS: 5662
SPS: 5662
SPS: 5662
SPS: 5662
SPS: 5662
SPS: 5662
SPS: 5662
SPS: 5662
SPS: 5662
SPS: 5662
SPS: 5662
SPS: 5662
SPS: 5662
SPS: 5662
SPS: 5661
SPS: 5661
SPS: 5661
SPS: 5661
SPS: 5662
SPS: 5662
SPS: 5662
SPS: 5662
SPS: 5661
SPS: 5661
SPS: 5661
SPS: 5661
SPS: 5661
SPS: 5661
SPS: 5661
SPS: 5661
SPS: 5661
global_step=7762048, episodic_return=7000.0 (n=128)
SPS: 5661
SPS: 5661
SPS: 5661
SPS: 5661
SPS: 5661
SPS: 5661
SPS: 5661
SPS: 5661
SPS: 5661
SPS: 5661
SPS: 5661
SPS: 5661
SPS: 5661
SPS: 5661
SPS: 5661
SPS: 5661
SPS: 5661
SPS: 5661
SPS: 5661
SPS: 5661
SPS: 5661
SPS: 5661
SPS: 5661
SPS: 5661
SPS: 5661
SPS: 5661
SPS: 5661
SPS: 5661
SPS: 5661
SPS: 5661
global_step=7888640, episodic_return=1000.0 (n=128)
SPS: 5661
SPS: 5661
SPS: 5661
SPS: 5661
SPS: 5661
SPS: 5661
SPS: 5660
SPS: 5660
SPS: 5660
SPS: 5660
SPS: 5660
SPS: 5660
SPS: 5660
SPS: 5660
SPS: 5660
SPS: 5660
SPS: 5660
SPS: 5660
SPS: 5660
SPS: 5660
SPS: 5660
SPS: 5660
SPS: 5660
SPS: 5660
SPS: 5660
SPS: 5660
SPS: 5660
SPS: 5660
SPS: 5660
SPS: 5660
SPS: 5660
SPS: 5660
SPS: 5660
SPS: 5660
SPS: 5660
SPS: 5660
global_step=8032640, episodic_return=4000.0 (n=128)
SPS: 5660
SPS: 5660
SPS: 5661
SPS: 5661
SPS: 5661
SPS: 5661
SPS: 5661
SPS: 5661
SPS: 5661
SPS: 5661
SPS: 5661
SPS: 5661
SPS: 5661
SPS: 5661
SPS: 5662
SPS: 5662
SPS: 5662
SPS: 5662
SPS: 5662
SPS: 5662
SPS: 5662
SPS: 5662
SPS: 5662
SPS: 5662
SPS: 5662
SPS: 5662
SPS: 5662
SPS: 5662
SPS: 5662
SPS: 5662
SPS: 5662
SPS: 5662
SPS: 5662
SPS: 5662
SPS: 5662
SPS: 5662
SPS: 5662
SPS: 5663
SPS: 5663
SPS: 5663
SPS: 5663
SPS: 5663
SPS: 5663
global_step=8212480, episodic_return=1000.0 (n=128)
SPS: 5663
SPS: 5663
SPS: 5663
SPS: 5663
SPS: 5663
SPS: 5663
SPS: 5663
SPS: 5663
SPS: 5663
SPS: 5663
SPS: 5663
SPS: 5663
SPS: 5663
SPS: 5663
SPS: 5663
SPS: 5663
SPS: 5663
SPS: 5663
SPS: 5663
SPS: 5663
SPS: 5663
SPS: 5663
SPS: 5663
SPS: 5663
SPS: 5663
SPS: 5662
SPS: 5662
SPS: 5663
SPS: 5662
global_step=8329856, episodic_return=1000.0 (n=128)
SPS: 5662
SPS: 5662
SPS: 5662
SPS: 5662
SPS: 5662
SPS: 5662
SPS: 5662
SPS: 5662
SPS: 5662
SPS: 5662
SPS: 5662
SPS: 5662
SPS: 5662
SPS: 5662
SPS: 5662
SPS: 5662
SPS: 5662
SPS: 5662
SPS: 5662
SPS: 5662
SPS: 5662
SPS: 5662
SPS: 5662
SPS: 5662
SPS: 5662
SPS: 5662
SPS: 5662
SPS: 5662
SPS: 5662
global_step=8446208, episodic_return=1000.0 (n=128)
SPS: 5661
SPS: 5661
SPS: 5661
SPS: 5661
SPS: 5661
SPS: 5661
SPS: 5662
SPS: 5662
SPS: 5661
SPS: 5661
SPS: 5661
SPS: 5661
SPS: 5661
SPS: 5661
SPS: 5661
SPS: 5661
SPS: 5661
SPS: 5661
SPS: 5661
SPS: 5661
SPS: 5661
SPS: 5661
SPS: 5661
SPS: 5661
SPS: 5661
SPS: 5661
SPS: 5661
SPS: 5661
global_step=8560896, episodic_return=1000.0 (n=128)
SPS: 5661
SPS: 5661
SPS: 5662
SPS: 5661
SPS: 5661
SPS: 5661
SPS: 5661
SPS: 5661
SPS: 5661
SPS: 5661
SPS: 5661
SPS: 5661
SPS: 5661
SPS: 5661
SPS: 5661
SPS: 5661
SPS: 5662
SPS: 5662
SPS: 5661
SPS: 5662
SPS: 5662
SPS: 5662
SPS: 5662
SPS: 5662
SPS: 5662
SPS: 5662
SPS: 5662
SPS: 5662
SPS: 5662
SPS: 5662
SPS: 5662
SPS: 5662
SPS: 5662
SPS: 5662
SPS: 5662
SPS: 5662
SPS: 5663
SPS: 5663
SPS: 5663
SPS: 5663
SPS: 5663
SPS: 5663
SPS: 5663
SPS: 5663
SPS: 5663
SPS: 5663
SPS: 5663
SPS: 5663
SPS: 5663
SPS: 5663
SPS: 5663
SPS: 5663
SPS: 5663
SPS: 5663
SPS: 5663
SPS: 5663
SPS: 5663
SPS: 5663
SPS: 5663
SPS: 5663
SPS: 5663
SPS: 5663
SPS: 5663
SPS: 5663
SPS: 5663
SPS: 5663
SPS: 5663
SPS: 5663
SPS: 5662
global_step=8844544, episodic_return=2000.0 (n=128)
SPS: 5662
SPS: 5662
SPS: 5662
SPS: 5662
SPS: 5662
SPS: 5662
SPS: 5662
SPS: 5662
SPS: 5662
SPS: 5662
SPS: 5662
SPS: 5662
SPS: 5662
SPS: 5662
SPS: 5662
SPS: 5662
SPS: 5662
SPS: 5662
SPS: 5662
SPS: 5662
SPS: 5662
SPS: 5662
SPS: 5662
SPS: 5662
SPS: 5662
SPS: 5662
SPS: 5662
SPS: 5662
SPS: 5662
global_step=8965888, episodic_return=2000.0 (n=128)
SPS: 5662
SPS: 5662
SPS: 5662
SPS: 5662
SPS: 5662
SPS: 5662
SPS: 5662
SPS: 5661
SPS: 5661
SPS: 5661
SPS: 5661
SPS: 5661
SPS: 5661
SPS: 5661
SPS: 5661
SPS: 5661
SPS: 5661
SPS: 5661
SPS: 5661
SPS: 5661
SPS: 5661
SPS: 5661
SPS: 5661
SPS: 5661
SPS: 5661
SPS: 5661
SPS: 5661
SPS: 5661
SPS: 5661
SPS: 5661
SPS: 5661
SPS: 5660
SPS: 5660
SPS: 5660
SPS: 5660
global_step=9105920, episodic_return=2000.0 (n=128)
SPS: 5660
SPS: 5660
SPS: 5660
SPS: 5660
SPS: 5660
SPS: 5660
SPS: 5660
SPS: 5660
SPS: 5660
SPS: 5660
SPS: 5660
SPS: 5660
SPS: 5660
SPS: 5660
SPS: 5660
SPS: 5660
SPS: 5660
SPS: 5660
SPS: 5659
SPS: 5659
SPS: 5659
SPS: 5659
SPS: 5659
SPS: 5659
SPS: 5659
SPS: 5659
SPS: 5659
SPS: 5659
SPS: 5659
SPS: 5659
SPS: 5659
SPS: 5659
global_step=9239040, episodic_return=1000.0 (n=128)
SPS: 5659
SPS: 5659
SPS: 5659
SPS: 5659
SPS: 5659
SPS: 5659
SPS: 5659
SPS: 5659
SPS: 5659
SPS: 5659
SPS: 5659
SPS: 5659
SPS: 5659
SPS: 5659
SPS: 5659
SPS: 5659
SPS: 5659
SPS: 5660
SPS: 5660
SPS: 5660
SPS: 5660
SPS: 5660
SPS: 5660
SPS: 5660
SPS: 5660
SPS: 5660
SPS: 5660
SPS: 5660
SPS: 5660
SPS: 5660
SPS: 5660
SPS: 5661
SPS: 5661
SPS: 5661
SPS: 5661
SPS: 5661
SPS: 5661
SPS: 5661
SPS: 5661
SPS: 5661
SPS: 5661
SPS: 5661
SPS: 5661
SPS: 5661
SPS: 5661
SPS: 5661
SPS: 5661
SPS: 5661
SPS: 5661
SPS: 5661
SPS: 5661
SPS: 5661
SPS: 5661
SPS: 5661
SPS: 5661
SPS: 5661
SPS: 5661
SPS: 5661
SPS: 5661
SPS: 5661
SPS: 5661
SPS: 5661
SPS: 5661
SPS: 5661
SPS: 5661
global_step=9503488, episodic_return=7000.0 (n=128)
SPS: 5661
SPS: 5661
SPS: 5661
SPS: 5661
SPS: 5661
SPS: 5661
SPS: 5661
SPS: 5661
SPS: 5661
SPS: 5661
SPS: 5661
SPS: 5661
SPS: 5661
SPS: 5661
SPS: 5661
SPS: 5661
SPS: 5661
SPS: 5661
SPS: 5661
SPS: 5661
SPS: 5661
SPS: 5661
SPS: 5661
SPS: 5661
SPS: 5661
SPS: 5661
SPS: 5661
SPS: 5661
global_step=9618688, episodic_return=3000.0 (n=128)
SPS: 5661
SPS: 5661
SPS: 5661
SPS: 5661
SPS: 5661
SPS: 5661
SPS: 5661
SPS: 5661
SPS: 5661
SPS: 5661
SPS: 5661
SPS: 5661
SPS: 5661
SPS: 5661
SPS: 5661
SPS: 5661
SPS: 5660
SPS: 5660
SPS: 5660
SPS: 5660
SPS: 5660
SPS: 5660
SPS: 5660
SPS: 5660
SPS: 5660
SPS: 5660
SPS: 5660
SPS: 5660
SPS: 5660
SPS: 5660
SPS: 5661
SPS: 5661
SPS: 5661
SPS: 5661
SPS: 5661
global_step=9763328, episodic_return=0.0 (n=128)
SPS: 5661
SPS: 5661
SPS: 5661
SPS: 5661
SPS: 5661
SPS: 5661
SPS: 5661
SPS: 5661
SPS: 5661
SPS: 5661
SPS: 5661
SPS: 5661
SPS: 5661
SPS: 5661
SPS: 5661
SPS: 5661
SPS: 5661
SPS: 5661
SPS: 5661
SPS: 5661
global_step=9845376, episodic_return=1000.0 (n=128)
SPS: 5661
SPS: 5661
SPS: 5661
SPS: 5661
SPS: 5661
SPS: 5661
SPS: 5661
SPS: 5661
SPS: 5661
SPS: 5661
SPS: 5661
SPS: 5661
SPS: 5661
SPS: 5661
SPS: 5661
SPS: 5661
SPS: 5661
SPS: 5661
SPS: 5661
SPS: 5661
SPS: 5661
SPS: 5661
global_step=9934592, episodic_return=1000.0 (n=128)
SPS: 5661
SPS: 5661
SPS: 5661
SPS: 5661
SPS: 5661
SPS: 5661
SPS: 5661
SPS: 5661
SPS: 5661
SPS: 5662
SPS: 5662
SPS: 5662
SPS: 5662
SPS: 5662
SPS: 5662
SPS: 5662
Results saved to /runs/h000__BattleZone-v5_s1.csv
slurmstepd: error: run_script_as_user: couldn't change working dir to /home/rogercc/'/scratch/rogercc/cleanrl': No such file or directory
