slurmstepd: error: couldn't chdir to `/home/rogercc/'/scratch/rogercc/cleanrl'': No such file or directory: going to /tmp instead
slurmstepd: error: couldn't chdir to `/home/rogercc/'/scratch/rogercc/cleanrl'': No such file or directory: going to /tmp instead
sending incremental file list
auto-cleanrl.sif

sent 4,938,196,680 bytes  received 35 bytes  318,593,336.45 bytes/sec
total size is 4,945,575,936  speedup is 1.00
/usr/local/lib/python3.10/dist-packages/treevalue/tree/integration/torch.py:23: FutureWarning: `torch.utils._pytree._register_pytree_node` is deprecated. Please use `torch.utils._pytree.register_pytree_node` instead.
  register_for_torch(TreeValue)
/usr/local/lib/python3.10/dist-packages/treevalue/tree/integration/torch.py:24: FutureWarning: `torch.utils._pytree._register_pytree_node` is deprecated. Please use `torch.utils._pytree.register_pytree_node` instead.
  register_for_torch(FastTreeValue)
Gym has been unmaintained since 2022 and does not support NumPy 2.0 amongst other critical functionality.
Please upgrade to Gymnasium, the maintained drop-in replacement of Gym, or contact the authors of your software and request that they upgrade.
See the migration guide at https://gymnasium.farama.org/introduction/migration_guide/ for additional information.
/usr/local/lib/python3.10/dist-packages/tyro/_parsers.py:353: UserWarning: The field `wandb-entity` is annotated with type `<class 'str'>`, but the default value `None` has type `<class 'NoneType'>`. We'll try to handle this gracefully, but it may cause unexpected behavior.
  warnings.warn(message)
/usr/local/lib/python3.10/dist-packages/tyro/_parsers.py:353: UserWarning: The field `target-kl` is annotated with type `<class 'float'>`, but the default value `None` has type `<class 'NoneType'>`. We'll try to handle this gracefully, but it may cause unexpected behavior.
  warnings.warn(message)
[ARCH DIAG] Agent total parameters: 6725959
[ARCH DIAG] Network: Sequential(
  (0): Conv2d(4, 64, kernel_size=(8, 8), stride=(4, 4))
  (1): ReLU()
  (2): Conv2d(64, 128, kernel_size=(4, 4), stride=(2, 2))
  (3): ReLU()
  (4): Conv2d(128, 128, kernel_size=(3, 3), stride=(1, 1))
  (5): ReLU()
  (6): Flatten(start_dim=1, end_dim=-1)
  (7): Linear(in_features=6272, out_features=1024, bias=True)
  (8): ReLU()
)
SPS: 1420
SPS: 2054
SPS: 2410
SPS: 2638
SPS: 2790
SPS: 2903
SPS: 2993
SPS: 3063
SPS: 3118
SPS: 3162
SPS: 3202
SPS: 3233
SPS: 3263
SPS: 3287
SPS: 3307
global_step=62080, episodic_return=95.0 (n=128)
SPS: 3322
SPS: 3339
SPS: 3354
SPS: 3369
SPS: 3384
SPS: 3398
SPS: 3407
SPS: 3416
SPS: 3425
Results saved to /runs/h056diag__h056diag-spaceinvaders.csv
slurmstepd: error: run_script_as_user: couldn't change working dir to /home/rogercc/'/scratch/rogercc/cleanrl': No such file or directory
