sending incremental file list
auto-cleanrl.sif

sent 4,938,043,507 bytes  received 35 bytes  395,043,483.36 bytes/sec
total size is 4,945,334,272  speedup is 1.00
/usr/local/lib/python3.10/dist-packages/treevalue/tree/integration/torch.py:23: FutureWarning: `torch.utils._pytree._register_pytree_node` is deprecated. Please use `torch.utils._pytree.register_pytree_node` instead.
  register_for_torch(TreeValue)
/usr/local/lib/python3.10/dist-packages/treevalue/tree/integration/torch.py:24: FutureWarning: `torch.utils._pytree._register_pytree_node` is deprecated. Please use `torch.utils._pytree.register_pytree_node` instead.
  register_for_torch(FastTreeValue)
Gym has been unmaintained since 2022 and does not support NumPy 2.0 amongst other critical functionality.
Please upgrade to Gymnasium, the maintained drop-in replacement of Gym, or contact the authors of your software and request that they upgrade.
See the migration guide at https://gymnasium.farama.org/introduction/migration_guide/ for additional information.
/usr/local/lib/python3.10/dist-packages/tyro/_parsers.py:353: UserWarning: The field `wandb-entity` is annotated with type `<class 'str'>`, but the default value `None` has type `<class 'NoneType'>`. We'll try to handle this gracefully, but it may cause unexpected behavior.
  warnings.warn(message)
/usr/local/lib/python3.10/dist-packages/tyro/_parsers.py:353: UserWarning: The field `target-kl` is annotated with type `<class 'float'>`, but the default value `None` has type `<class 'NoneType'>`. We'll try to handle this gracefully, but it may cause unexpected behavior.
  warnings.warn(message)
SPS: 1386
SPS: 1779
SPS: 1985
SPS: 2105
SPS: 2181
SPS: 2232
SPS: 2270
SPS: 2302
SPS: 2325
SPS: 2355
SPS: 2374
SPS: 2385
SPS: 2401
SPS: 2407
SPS: 2417
SPS: 2430
SPS: 2436
SPS: 2444
SPS: 2450
SPS: 2455
SPS: 2456
SPS: 2457
SPS: 2459
SPS: 2464
SPS: 2467
SPS: 2469
SPS: 2466
SPS: 2467
SPS: 2467
SPS: 2471
SPS: 2473
SPS: 2474
SPS: 2475
SPS: 2477
SPS: 2478
SPS: 2479
SPS: 2480
SPS: 2480
SPS: 2482
SPS: 2481
SPS: 2483
SPS: 2483
SPS: 2484
SPS: 2485
SPS: 2485
SPS: 2487
SPS: 2488
SPS: 2489
SPS: 2489
SPS: 2489
SPS: 2490
SPS: 2490
SPS: 2491
SPS: 2491
SPS: 2491
SPS: 2492
SPS: 2492
SPS: 2493
SPS: 2492
SPS: 2493
SPS: 2492
SPS: 2494
SPS: 2493
SPS: 2492
SPS: 2492
SPS: 2493
SPS: 2493
SPS: 2493
global_step=282240, episodic_return=-18.0 (n=128)
SPS: 2494
SPS: 2494
SPS: 2494
SPS: 2495
SPS: 2495
SPS: 2495
SPS: 2495
SPS: 2495
SPS: 2495
SPS: 2496
SPS: 2496
SPS: 2496
SPS: 2497
SPS: 2497
SPS: 2498
SPS: 2499
SPS: 2498
SPS: 2499
SPS: 2499
SPS: 2498
SPS: 2498
SPS: 2498
SPS: 2498
SPS: 2499
SPS: 2498
SPS: 2499
SPS: 2500
SPS: 2500
SPS: 2501
SPS: 2501
SPS: 2502
SPS: 2502
SPS: 2503
SPS: 2503
SPS: 2504
SPS: 2505
SPS: 2505
SPS: 2505
SPS: 2506
SPS: 2506
SPS: 2506
SPS: 2506
SPS: 2506
SPS: 2505
SPS: 2506
SPS: 2505
SPS: 2506
SPS: 2506
SPS: 2506
SPS: 2506
SPS: 2506
SPS: 2506
SPS: 2506
SPS: 2506
SPS: 2507
SPS: 2507
SPS: 2508
SPS: 2508
SPS: 2508
SPS: 2508
SPS: 2509
global_step=530816, episodic_return=-16.0 (n=128)
SPS: 2509
SPS: 2509
SPS: 2509
SPS: 2509
SPS: 2509
SPS: 2509
SPS: 2509
SPS: 2509
SPS: 2510
SPS: 2510
SPS: 2510
SPS: 2510
SPS: 2510
SPS: 2511
SPS: 2511
SPS: 2512
SPS: 2512
SPS: 2512
SPS: 2512
SPS: 2512
SPS: 2512
SPS: 2513
SPS: 2513
SPS: 2512
SPS: 2513
SPS: 2513
SPS: 2513
SPS: 2513
SPS: 2513
SPS: 2513
SPS: 2513
SPS: 2513
SPS: 2514
SPS: 2514
SPS: 2515
SPS: 2515
SPS: 2515
SPS: 2516
SPS: 2516
SPS: 2517
SPS: 2517
SPS: 2517
SPS: 2517
SPS: 2517
SPS: 2517
SPS: 2517
SPS: 2517
SPS: 2517
SPS: 2517
SPS: 2517
SPS: 2517
global_step=741120, episodic_return=-20.0 (n=128)
SPS: 2517
SPS: 2517
SPS: 2517
SPS: 2517
SPS: 2517
SPS: 2517
SPS: 2517
SPS: 2517
SPS: 2517
SPS: 2518
SPS: 2518
SPS: 2518
SPS: 2518
SPS: 2518
SPS: 2518
SPS: 2517
SPS: 2517
SPS: 2517
SPS: 2517
SPS: 2517
SPS: 2517
SPS: 2517
SPS: 2517
SPS: 2518
SPS: 2518
SPS: 2517
SPS: 2518
SPS: 2518
SPS: 2518
SPS: 2519
SPS: 2519
SPS: 2519
SPS: 2519
SPS: 2519
SPS: 2520
SPS: 2520
SPS: 2520
SPS: 2520
SPS: 2521
SPS: 2521
SPS: 2521
SPS: 2521
SPS: 2521
SPS: 2521
SPS: 2521
SPS: 2522
SPS: 2522
SPS: 2522
SPS: 2522
SPS: 2522
SPS: 2523
SPS: 2523
SPS: 2523
SPS: 2523
SPS: 2523
SPS: 2524
SPS: 2524
SPS: 2524
SPS: 2524
global_step=981504, episodic_return=-20.0 (n=128)
SPS: 2524
SPS: 2524
SPS: 2525
SPS: 2525
SPS: 2525
SPS: 2525
SPS: 2526
SPS: 2526
SPS: 2526
SPS: 2526
SPS: 2526
SPS: 2526
SPS: 2526
SPS: 2526
SPS: 2526
SPS: 2526
SPS: 2526
SPS: 2526
SPS: 2526
SPS: 2526
SPS: 2526
SPS: 2526
SPS: 2526
SPS: 2526
SPS: 2526
SPS: 2526
SPS: 2526
SPS: 2526
SPS: 2526
SPS: 2526
SPS: 2526
SPS: 2526
SPS: 2526
SPS: 2527
SPS: 2527
SPS: 2527
SPS: 2527
SPS: 2527
SPS: 2527
SPS: 2527
SPS: 2527
SPS: 2526
SPS: 2526
SPS: 2526
SPS: 2526
SPS: 2527
SPS: 2527
SPS: 2527
SPS: 2527
SPS: 2527
SPS: 2527
SPS: 2527
SPS: 2527
SPS: 2527
SPS: 2527
SPS: 2527
SPS: 2527
SPS: 2527
SPS: 2527
SPS: 2527
SPS: 2527
global_step=1230592, episodic_return=-20.0 (n=128)
SPS: 2527
SPS: 2527
SPS: 2527
SPS: 2527
SPS: 2527
SPS: 2527
SPS: 2526
SPS: 2526
SPS: 2526
SPS: 2526
SPS: 2526
SPS: 2526
SPS: 2526
SPS: 2526
SPS: 2526
SPS: 2526
SPS: 2526
SPS: 2526
SPS: 2526
SPS: 2526
SPS: 2526
SPS: 2526
SPS: 2526
SPS: 2526
SPS: 2526
SPS: 2526
SPS: 2526
SPS: 2526
SPS: 2526
SPS: 2526
SPS: 2526
SPS: 2526
SPS: 2526
SPS: 2525
SPS: 2525
SPS: 2525
SPS: 2525
SPS: 2525
SPS: 2525
SPS: 2525
SPS: 2525
SPS: 2525
SPS: 2525
SPS: 2525
SPS: 2525
SPS: 2524
SPS: 2524
SPS: 2524
SPS: 2524
SPS: 2524
SPS: 2524
SPS: 2524
SPS: 2524
SPS: 2524
SPS: 2524
SPS: 2523
SPS: 2523
SPS: 2524
SPS: 2524
SPS: 2524
SPS: 2524
SPS: 2524
SPS: 2524
SPS: 2524
SPS: 2524
SPS: 2524
SPS: 2524
SPS: 2524
SPS: 2524
SPS: 2524
SPS: 2524
SPS: 2524
SPS: 2524
SPS: 2525
SPS: 2525
SPS: 2525
SPS: 2524
SPS: 2525
SPS: 2524
SPS: 2524
SPS: 2524
global_step=1562880, episodic_return=-20.0 (n=128)
SPS: 2524
SPS: 2524
SPS: 2524
SPS: 2524
SPS: 2524
SPS: 2524
SPS: 2524
SPS: 2524
SPS: 2524
SPS: 2524
SPS: 2524
SPS: 2524
SPS: 2524
SPS: 2524
SPS: 2524
SPS: 2524
SPS: 2524
SPS: 2524
SPS: 2524
SPS: 2524
SPS: 2524
SPS: 2524
SPS: 2524
SPS: 2524
SPS: 2524
SPS: 2524
SPS: 2524
SPS: 2524
SPS: 2524
SPS: 2524
SPS: 2524
SPS: 2524
SPS: 2524
SPS: 2524
SPS: 2524
SPS: 2524
SPS: 2523
SPS: 2523
SPS: 2523
SPS: 2523
SPS: 2523
SPS: 2523
SPS: 2523
SPS: 2523
SPS: 2523
SPS: 2523
SPS: 2523
SPS: 2523
SPS: 2523
SPS: 2523
SPS: 2523
SPS: 2523
SPS: 2523
SPS: 2523
SPS: 2523
SPS: 2523
SPS: 2523
SPS: 2523
global_step=1802240, episodic_return=-18.0 (n=128)
SPS: 2523
SPS: 2523
SPS: 2523
SPS: 2523
SPS: 2523
SPS: 2523
SPS: 2523
SPS: 2523
SPS: 2523
SPS: 2523
SPS: 2522
SPS: 2522
SPS: 2523
SPS: 2523
SPS: 2523
SPS: 2522
SPS: 2522
SPS: 2522
SPS: 2523
SPS: 2523
SPS: 2523
SPS: 2523
SPS: 2523
SPS: 2523
SPS: 2523
SPS: 2523
SPS: 2523
SPS: 2522
SPS: 2522
SPS: 2522
SPS: 2522
SPS: 2522
SPS: 2522
SPS: 2522
SPS: 2522
SPS: 2522
SPS: 2522
SPS: 2522
SPS: 2522
SPS: 2522
SPS: 2522
SPS: 2522
SPS: 2522
SPS: 2522
global_step=1980800, episodic_return=-22.0 (n=128)
SPS: 2522
SPS: 2522
SPS: 2522
SPS: 2522
SPS: 2522
SPS: 2522
SPS: 2522
SPS: 2522
SPS: 2522
SPS: 2522
SPS: 2522
SPS: 2522
SPS: 2522
SPS: 2522
SPS: 2522
SPS: 2522
SPS: 2521
SPS: 2521
SPS: 2521
SPS: 2521
SPS: 2521
SPS: 2521
SPS: 2521
SPS: 2521
SPS: 2521
SPS: 2521
SPS: 2521
SPS: 2521
SPS: 2521
SPS: 2521
SPS: 2521
SPS: 2521
SPS: 2521
SPS: 2521
SPS: 2521
SPS: 2521
SPS: 2521
SPS: 2521
SPS: 2521
SPS: 2521
SPS: 2521
SPS: 2521
SPS: 2521
SPS: 2521
SPS: 2521
SPS: 2521
SPS: 2521
SPS: 2521
SPS: 2521
SPS: 2521
SPS: 2521
SPS: 2521
SPS: 2521
SPS: 2521
SPS: 2521
SPS: 2521
SPS: 2520
SPS: 2520
SPS: 2520
SPS: 2520
SPS: 2520
global_step=2230912, episodic_return=-16.0 (n=128)
SPS: 2520
SPS: 2520
SPS: 2520
SPS: 2520
SPS: 2520
SPS: 2521
SPS: 2521
SPS: 2521
SPS: 2521
SPS: 2521
SPS: 2521
SPS: 2521
SPS: 2521
SPS: 2520
SPS: 2520
SPS: 2520
SPS: 2520
SPS: 2520
SPS: 2520
SPS: 2520
SPS: 2520
SPS: 2520
SPS: 2520
SPS: 2520
SPS: 2520
SPS: 2520
SPS: 2520
SPS: 2520
SPS: 2520
SPS: 2520
SPS: 2520
SPS: 2520
SPS: 2520
SPS: 2520
SPS: 2520
SPS: 2520
SPS: 2520
SPS: 2520
SPS: 2519
SPS: 2519
SPS: 2519
SPS: 2519
SPS: 2519
SPS: 2519
SPS: 2519
SPS: 2519
SPS: 2519
SPS: 2519
SPS: 2519
SPS: 2519
SPS: 2519
SPS: 2519
SPS: 2519
SPS: 2519
SPS: 2519
SPS: 2519
SPS: 2519
SPS: 2519
SPS: 2518
SPS: 2518
SPS: 2518
SPS: 2518
SPS: 2518
SPS: 2518
SPS: 2518
SPS: 2518
SPS: 2519
SPS: 2518
SPS: 2518
SPS: 2519
SPS: 2519
SPS: 2519
global_step=2523392, episodic_return=-16.0 (n=128)
SPS: 2519
SPS: 2518
SPS: 2518
SPS: 2518
SPS: 2518
SPS: 2518
SPS: 2518
SPS: 2518
SPS: 2518
SPS: 2518
SPS: 2518
SPS: 2518
SPS: 2518
SPS: 2518
SPS: 2518
SPS: 2518
SPS: 2518
SPS: 2518
SPS: 2518
SPS: 2518
SPS: 2519
SPS: 2519
SPS: 2519
SPS: 2519
SPS: 2519
SPS: 2519
SPS: 2519
SPS: 2519
SPS: 2519
SPS: 2519
SPS: 2519
SPS: 2519
SPS: 2519
SPS: 2519
SPS: 2519
SPS: 2519
SPS: 2519
SPS: 2519
SPS: 2519
SPS: 2519
SPS: 2519
SPS: 2519
SPS: 2519
SPS: 2519
SPS: 2519
SPS: 2519
SPS: 2519
SPS: 2519
SPS: 2519
SPS: 2519
SPS: 2519
SPS: 2519
SPS: 2519
SPS: 2519
SPS: 2519
SPS: 2519
SPS: 2519
SPS: 2519
SPS: 2519
SPS: 2519
SPS: 2519
SPS: 2519
SPS: 2519
SPS: 2519
SPS: 2519
global_step=2790528, episodic_return=-16.0 (n=128)
SPS: 2519
SPS: 2519
SPS: 2519
SPS: 2519
SPS: 2519
SPS: 2519
SPS: 2519
SPS: 2519
SPS: 2519
SPS: 2519
SPS: 2519
SPS: 2519
SPS: 2519
SPS: 2519
SPS: 2519
SPS: 2519
SPS: 2519
SPS: 2519
SPS: 2519
SPS: 2519
SPS: 2518
SPS: 2518
SPS: 2518
SPS: 2518
SPS: 2518
SPS: 2518
SPS: 2518
SPS: 2518
SPS: 2518
SPS: 2518
SPS: 2518
SPS: 2518
SPS: 2518
SPS: 2518
SPS: 2518
SPS: 2518
SPS: 2518
SPS: 2518
SPS: 2518
SPS: 2518
SPS: 2518
SPS: 2518
SPS: 2518
SPS: 2518
SPS: 2518
SPS: 2518
SPS: 2518
SPS: 2518
SPS: 2518
SPS: 2518
SPS: 2518
SPS: 2518
SPS: 2518
SPS: 2518
SPS: 2518
SPS: 2518
SPS: 2518
SPS: 2518
SPS: 2518
global_step=3032832, episodic_return=-20.0 (n=128)
SPS: 2518
SPS: 2518
SPS: 2518
SPS: 2518
SPS: 2518
SPS: 2518
SPS: 2518
SPS: 2517
SPS: 2517
SPS: 2517
SPS: 2517
SPS: 2517
SPS: 2517
SPS: 2517
SPS: 2517
SPS: 2517
SPS: 2517
SPS: 2517
SPS: 2517
SPS: 2517
SPS: 2517
SPS: 2517
SPS: 2517
SPS: 2517
SPS: 2517
SPS: 2517
SPS: 2517
SPS: 2517
SPS: 2517
SPS: 2517
SPS: 2517
SPS: 2517
SPS: 2517
SPS: 2517
SPS: 2517
SPS: 2517
SPS: 2517
SPS: 2517
SPS: 2517
SPS: 2517
SPS: 2517
SPS: 2517
SPS: 2517
SPS: 2517
SPS: 2517
SPS: 2517
SPS: 2517
SPS: 2517
SPS: 2517
SPS: 2517
SPS: 2516
SPS: 2517
SPS: 2517
SPS: 2516
SPS: 2517
SPS: 2517
SPS: 2517
SPS: 2517
SPS: 2517
SPS: 2516
SPS: 2516
SPS: 2516
SPS: 2516
SPS: 2516
SPS: 2516
SPS: 2516
SPS: 2516
SPS: 2516
SPS: 2516
SPS: 2516
SPS: 2516
SPS: 2516
SPS: 2516
SPS: 2516
SPS: 2516
SPS: 2516
SPS: 2516
SPS: 2516
global_step=3351552, episodic_return=-18.0 (n=128)
SPS: 2516
SPS: 2516
SPS: 2516
SPS: 2516
SPS: 2516
SPS: 2516
SPS: 2516
SPS: 2516
SPS: 2516
SPS: 2516
SPS: 2516
SPS: 2516
SPS: 2516
SPS: 2516
SPS: 2516
SPS: 2515
SPS: 2515
SPS: 2515
SPS: 2515
SPS: 2515
SPS: 2515
SPS: 2515
SPS: 2515
SPS: 2515
SPS: 2515
SPS: 2515
SPS: 2515
SPS: 2515
SPS: 2515
SPS: 2515
SPS: 2515
SPS: 2515
SPS: 2515
SPS: 2515
SPS: 2515
SPS: 2515
SPS: 2515
global_step=3502464, episodic_return=-20.0 (n=128)
SPS: 2515
SPS: 2515
SPS: 2515
SPS: 2515
SPS: 2515
SPS: 2515
SPS: 2515
SPS: 2515
SPS: 2515
SPS: 2515
SPS: 2515
SPS: 2515
SPS: 2515
SPS: 2515
SPS: 2515
SPS: 2515
SPS: 2515
SPS: 2515
SPS: 2515
SPS: 2515
SPS: 2515
SPS: 2515
SPS: 2515
SPS: 2515
SPS: 2515
SPS: 2515
SPS: 2515
SPS: 2515
SPS: 2515
SPS: 2515
SPS: 2515
SPS: 2515
SPS: 2515
SPS: 2515
SPS: 2515
SPS: 2515
SPS: 2515
SPS: 2515
SPS: 2515
SPS: 2515
SPS: 2515
SPS: 2515
SPS: 2515
SPS: 2515
SPS: 2515
SPS: 2515
SPS: 2515
SPS: 2515
SPS: 2515
SPS: 2515
SPS: 2515
SPS: 2515
SPS: 2515
SPS: 2515
global_step=3726720, episodic_return=-22.0 (n=128)
SPS: 2515
SPS: 2515
SPS: 2515
SPS: 2515
SPS: 2514
SPS: 2514
SPS: 2514
SPS: 2514
SPS: 2514
SPS: 2514
SPS: 2515
SPS: 2515
SPS: 2515
SPS: 2515
SPS: 2515
SPS: 2515
SPS: 2515
SPS: 2515
SPS: 2515
SPS: 2515
SPS: 2515
SPS: 2515
SPS: 2515
SPS: 2514
SPS: 2515
SPS: 2514
SPS: 2514
SPS: 2514
SPS: 2514
SPS: 2514
SPS: 2514
SPS: 2514
SPS: 2514
SPS: 2514
SPS: 2514
SPS: 2514
SPS: 2514
SPS: 2514
SPS: 2514
SPS: 2514
SPS: 2514
SPS: 2514
SPS: 2514
SPS: 2514
SPS: 2514
SPS: 2514
SPS: 2514
SPS: 2514
SPS: 2514
SPS: 2514
SPS: 2514
SPS: 2514
SPS: 2514
SPS: 2514
SPS: 2514
global_step=3952384, episodic_return=-20.0 (n=128)
SPS: 2514
SPS: 2514
SPS: 2514
SPS: 2514
SPS: 2514
SPS: 2514
SPS: 2514
SPS: 2514
SPS: 2514
SPS: 2514
SPS: 2514
SPS: 2514
SPS: 2514
SPS: 2514
SPS: 2514
SPS: 2514
SPS: 2514
SPS: 2514
SPS: 2514
SPS: 2514
SPS: 2514
SPS: 2514
SPS: 2514
SPS: 2514
SPS: 2514
SPS: 2514
SPS: 2514
SPS: 2514
SPS: 2514
SPS: 2514
SPS: 2514
SPS: 2514
SPS: 2514
SPS: 2514
SPS: 2514
SPS: 2514
SPS: 2514
SPS: 2514
SPS: 2514
SPS: 2514
SPS: 2514
SPS: 2514
SPS: 2514
SPS: 2514
SPS: 2513
SPS: 2514
SPS: 2514
SPS: 2513
SPS: 2514
SPS: 2514
SPS: 2514
global_step=4158592, episodic_return=-22.0 (n=128)
SPS: 2514
SPS: 2514
SPS: 2514
SPS: 2514
SPS: 2514
SPS: 2514
SPS: 2514
SPS: 2514
SPS: 2514
SPS: 2514
SPS: 2514
SPS: 2513
SPS: 2513
SPS: 2513
SPS: 2513
SPS: 2513
SPS: 2513
SPS: 2513
SPS: 2513
SPS: 2513
SPS: 2513
SPS: 2513
SPS: 2513
SPS: 2514
SPS: 2514
SPS: 2514
SPS: 2514
SPS: 2514
SPS: 2514
SPS: 2513
SPS: 2513
SPS: 2513
SPS: 2513
SPS: 2513
SPS: 2513
SPS: 2513
SPS: 2513
SPS: 2513
SPS: 2513
SPS: 2513
SPS: 2513
SPS: 2513
SPS: 2513
SPS: 2513
SPS: 2513
SPS: 2513
SPS: 2513
SPS: 2513
SPS: 2513
SPS: 2513
SPS: 2513
SPS: 2513
SPS: 2513
SPS: 2513
SPS: 2513
SPS: 2513
SPS: 2513
SPS: 2513
SPS: 2513
SPS: 2513
SPS: 2513
SPS: 2513
SPS: 2513
SPS: 2513
SPS: 2513
SPS: 2513
SPS: 2513
SPS: 2513
SPS: 2513
SPS: 2513
SPS: 2513
SPS: 2513
SPS: 2513
SPS: 2513
SPS: 2513
SPS: 2513
SPS: 2513
SPS: 2513
SPS: 2513
SPS: 2513
SPS: 2513
SPS: 2513
SPS: 2513
global_step=4499328, episodic_return=-12.0 (n=128)
SPS: 2513
SPS: 2513
SPS: 2513
SPS: 2513
SPS: 2513
SPS: 2513
SPS: 2513
SPS: 2513
SPS: 2513
SPS: 2513
SPS: 2513
SPS: 2513
SPS: 2513
SPS: 2513
SPS: 2513
SPS: 2513
SPS: 2513
SPS: 2513
SPS: 2513
SPS: 2513
SPS: 2513
SPS: 2513
SPS: 2513
SPS: 2513
SPS: 2513
SPS: 2513
SPS: 2513
SPS: 2513
SPS: 2513
SPS: 2513
SPS: 2513
SPS: 2513
SPS: 2513
SPS: 2513
SPS: 2513
SPS: 2513
SPS: 2513
SPS: 2513
SPS: 2513
SPS: 2513
SPS: 2513
SPS: 2513
SPS: 2513
SPS: 2513
SPS: 2513
SPS: 2513
SPS: 2513
SPS: 2513
SPS: 2513
SPS: 2513
SPS: 2513
SPS: 2514
SPS: 2514
SPS: 2514
SPS: 2514
SPS: 2513
SPS: 2513
SPS: 2513
SPS: 2513
SPS: 2513
SPS: 2513
SPS: 2513
SPS: 2513
SPS: 2513
SPS: 2513
SPS: 2513
SPS: 2513
SPS: 2513
SPS: 2513
SPS: 2513
SPS: 2513
SPS: 2513
SPS: 2513
global_step=4798720, episodic_return=-20.0 (n=128)
SPS: 2513
SPS: 2513
SPS: 2513
SPS: 2513
SPS: 2513
SPS: 2513
SPS: 2513
SPS: 2513
SPS: 2513
SPS: 2513
SPS: 2513
SPS: 2513
SPS: 2513
SPS: 2513
SPS: 2513
SPS: 2513
SPS: 2513
SPS: 2513
SPS: 2513
SPS: 2513
SPS: 2513
SPS: 2513
SPS: 2513
SPS: 2513
SPS: 2513
SPS: 2513
SPS: 2513
SPS: 2513
SPS: 2513
SPS: 2513
SPS: 2513
SPS: 2513
SPS: 2513
SPS: 2513
SPS: 2513
SPS: 2513
SPS: 2513
SPS: 2513
SPS: 2513
SPS: 2513
SPS: 2513
SPS: 2513
SPS: 2513
SPS: 2513
SPS: 2513
SPS: 2513
SPS: 2512
SPS: 2512
SPS: 2512
SPS: 2512
SPS: 2512
SPS: 2512
SPS: 2512
SPS: 2512
SPS: 2512
SPS: 2512
SPS: 2512
SPS: 2512
SPS: 2512
SPS: 2512
SPS: 2512
SPS: 2512
SPS: 2512
SPS: 2512
SPS: 2512
SPS: 2512
SPS: 2512
SPS: 2512
SPS: 2512
SPS: 2512
SPS: 2512
SPS: 2512
SPS: 2512
SPS: 2512
SPS: 2512
SPS: 2512
global_step=5109376, episodic_return=-16.0 (n=128)
SPS: 2512
SPS: 2512
SPS: 2512
SPS: 2512
SPS: 2512
SPS: 2512
SPS: 2512
SPS: 2512
SPS: 2512
SPS: 2512
SPS: 2512
SPS: 2512
SPS: 2512
SPS: 2512
SPS: 2512
SPS: 2512
SPS: 2512
SPS: 2512
SPS: 2512
SPS: 2512
SPS: 2512
SPS: 2512
SPS: 2512
SPS: 2512
SPS: 2512
SPS: 2512
SPS: 2512
SPS: 2512
SPS: 2512
SPS: 2512
SPS: 2512
SPS: 2512
SPS: 2512
SPS: 2512
SPS: 2512
SPS: 2512
SPS: 2512
SPS: 2512
SPS: 2512
SPS: 2512
SPS: 2512
SPS: 2512
SPS: 2512
SPS: 2512
SPS: 2512
SPS: 2512
SPS: 2512
global_step=5303296, episodic_return=-20.0 (n=128)
SPS: 2512
SPS: 2512
SPS: 2512
SPS: 2512
SPS: 2512
SPS: 2512
SPS: 2512
SPS: 2512
SPS: 2512
SPS: 2512
SPS: 2512
SPS: 2512
SPS: 2512
SPS: 2512
SPS: 2512
SPS: 2512
SPS: 2512
SPS: 2512
SPS: 2512
SPS: 2512
SPS: 2512
SPS: 2512
SPS: 2512
SPS: 2512
SPS: 2512
SPS: 2512
SPS: 2512
SPS: 2512
SPS: 2511
SPS: 2511
SPS: 2511
SPS: 2511
SPS: 2511
SPS: 2511
SPS: 2511
SPS: 2511
SPS: 2511
SPS: 2511
SPS: 2511
SPS: 2511
SPS: 2512
SPS: 2512
SPS: 2512
SPS: 2512
SPS: 2512
SPS: 2512
SPS: 2512
SPS: 2512
SPS: 2512
SPS: 2512
SPS: 2511
SPS: 2511
SPS: 2511
SPS: 2511
SPS: 2511
global_step=5528704, episodic_return=-18.0 (n=128)
SPS: 2511
SPS: 2511
SPS: 2511
SPS: 2511
SPS: 2511
SPS: 2511
SPS: 2511
SPS: 2511
SPS: 2511
SPS: 2511
SPS: 2511
SPS: 2511
SPS: 2511
SPS: 2511
SPS: 2511
SPS: 2511
SPS: 2511
SPS: 2511
SPS: 2511
SPS: 2511
SPS: 2511
SPS: 2511
SPS: 2511
SPS: 2511
SPS: 2511
SPS: 2511
SPS: 2511
SPS: 2511
SPS: 2511
SPS: 2511
SPS: 2511
SPS: 2511
SPS: 2511
SPS: 2511
SPS: 2511
SPS: 2511
SPS: 2511
SPS: 2511
SPS: 2511
SPS: 2511
SPS: 2511
SPS: 2511
SPS: 2511
SPS: 2511
SPS: 2511
SPS: 2511
SPS: 2511
SPS: 2511
SPS: 2511
SPS: 2511
SPS: 2511
SPS: 2511
SPS: 2511
SPS: 2511
SPS: 2511
SPS: 2511
SPS: 2511
SPS: 2511
SPS: 2511
SPS: 2511
SPS: 2511
SPS: 2511
SPS: 2511
SPS: 2511
SPS: 2511
SPS: 2511
SPS: 2511
SPS: 2511
SPS: 2511
SPS: 2511
SPS: 2511
SPS: 2511
SPS: 2511
SPS: 2511
SPS: 2511
SPS: 2511
SPS: 2511
SPS: 2511
SPS: 2511
SPS: 2511
SPS: 2511
global_step=5860224, episodic_return=-14.0 (n=128)
SPS: 2511
SPS: 2511
SPS: 2511
SPS: 2511
SPS: 2511
SPS: 2511
SPS: 2511
SPS: 2511
SPS: 2511
SPS: 2511
SPS: 2511
SPS: 2511
SPS: 2511
SPS: 2511
SPS: 2511
SPS: 2511
SPS: 2511
SPS: 2511
SPS: 2511
SPS: 2511
SPS: 2511
SPS: 2511
SPS: 2511
SPS: 2511
SPS: 2511
SPS: 2511
SPS: 2511
SPS: 2511
SPS: 2511
SPS: 2511
SPS: 2511
SPS: 2511
SPS: 2511
SPS: 2511
SPS: 2511
SPS: 2511
SPS: 2511
SPS: 2511
SPS: 2511
SPS: 2511
SPS: 2511
SPS: 2511
SPS: 2511
SPS: 2511
SPS: 2511
SPS: 2511
SPS: 2511
SPS: 2511
SPS: 2511
SPS: 2511
SPS: 2511
SPS: 2511
SPS: 2511
SPS: 2511
SPS: 2511
global_step=6085376, episodic_return=-18.0 (n=128)
SPS: 2511
SPS: 2511
SPS: 2511
SPS: 2511
SPS: 2511
SPS: 2511
SPS: 2511
SPS: 2511
SPS: 2511
SPS: 2511
SPS: 2511
SPS: 2511
SPS: 2511
SPS: 2511
SPS: 2511
SPS: 2511
SPS: 2511
SPS: 2511
SPS: 2511
SPS: 2511
SPS: 2511
SPS: 2511
SPS: 2511
SPS: 2511
SPS: 2511
SPS: 2511
SPS: 2511
SPS: 2511
SPS: 2511
SPS: 2511
SPS: 2511
SPS: 2511
SPS: 2511
SPS: 2511
SPS: 2511
SPS: 2511
SPS: 2511
SPS: 2511
SPS: 2511
SPS: 2511
SPS: 2511
SPS: 2511
SPS: 2511
SPS: 2511
SPS: 2511
SPS: 2511
SPS: 2511
SPS: 2511
SPS: 2511
SPS: 2511
SPS: 2511
SPS: 2511
SPS: 2511
SPS: 2511
SPS: 2511
SPS: 2511
SPS: 2511
SPS: 2511
SPS: 2511
SPS: 2511
SPS: 2511
SPS: 2511
SPS: 2511
SPS: 2511
global_step=6345856, episodic_return=-14.0 (n=128)
SPS: 2511
SPS: 2511
SPS: 2511
SPS: 2511
SPS: 2511
SPS: 2511
SPS: 2511
SPS: 2511
SPS: 2511
SPS: 2511
SPS: 2511
SPS: 2512
SPS: 2512
SPS: 2512
SPS: 2512
SPS: 2512
SPS: 2512
SPS: 2512
SPS: 2512
SPS: 2512
SPS: 2512
SPS: 2512
SPS: 2512
SPS: 2512
SPS: 2512
SPS: 2512
SPS: 2512
SPS: 2512
SPS: 2512
SPS: 2512
SPS: 2512
SPS: 2512
SPS: 2512
SPS: 2512
SPS: 2512
SPS: 2512
SPS: 2512
SPS: 2512
SPS: 2512
SPS: 2512
SPS: 2512
SPS: 2512
SPS: 2512
SPS: 2512
SPS: 2512
SPS: 2512
SPS: 2512
SPS: 2512
SPS: 2512
SPS: 2512
SPS: 2512
SPS: 2512
SPS: 2512
SPS: 2512
SPS: 2512
SPS: 2512
SPS: 2512
SPS: 2512
SPS: 2512
SPS: 2512
SPS: 2512
SPS: 2512
SPS: 2512
SPS: 2512
SPS: 2512
global_step=6611712, episodic_return=-20.0 (n=128)
SPS: 2512
SPS: 2512
SPS: 2512
SPS: 2512
SPS: 2512
SPS: 2512
SPS: 2512
SPS: 2512
SPS: 2512
SPS: 2512
SPS: 2512
SPS: 2512
SPS: 2512
SPS: 2512
SPS: 2512
SPS: 2512
SPS: 2512
SPS: 2512
SPS: 2512
SPS: 2512
SPS: 2512
SPS: 2512
SPS: 2512
SPS: 2512
SPS: 2512
SPS: 2512
SPS: 2512
SPS: 2512
SPS: 2512
SPS: 2512
SPS: 2512
SPS: 2512
SPS: 2512
SPS: 2512
SPS: 2512
SPS: 2512
SPS: 2512
SPS: 2512
SPS: 2512
SPS: 2512
SPS: 2512
SPS: 2512
SPS: 2512
SPS: 2512
SPS: 2512
SPS: 2512
SPS: 2512
SPS: 2512
SPS: 2512
SPS: 2512
SPS: 2512
SPS: 2512
SPS: 2512
SPS: 2512
SPS: 2512
SPS: 2512
SPS: 2512
SPS: 2512
SPS: 2512
SPS: 2512
SPS: 2512
SPS: 2512
SPS: 2512
SPS: 2512
SPS: 2512
SPS: 2512
SPS: 2512
SPS: 2512
SPS: 2512
SPS: 2512
SPS: 2512
SPS: 2512
SPS: 2512
SPS: 2512
SPS: 2512
SPS: 2512
SPS: 2512
SPS: 2512
SPS: 2512
SPS: 2512
SPS: 2512
SPS: 2512
SPS: 2512
SPS: 2512
SPS: 2512
SPS: 2512
SPS: 2512
SPS: 2512
SPS: 2512
SPS: 2512
SPS: 2512
SPS: 2512
SPS: 2512
global_step=6992512, episodic_return=-12.0 (n=128)
SPS: 2512
SPS: 2512
SPS: 2512
SPS: 2512
SPS: 2512
SPS: 2512
SPS: 2512
SPS: 2512
SPS: 2512
SPS: 2512
SPS: 2512
SPS: 2512
SPS: 2512
SPS: 2512
SPS: 2512
SPS: 2512
SPS: 2512
SPS: 2512
SPS: 2512
SPS: 2512
SPS: 2512
SPS: 2512
SPS: 2512
SPS: 2512
SPS: 2512
SPS: 2512
SPS: 2512
SPS: 2512
SPS: 2512
SPS: 2512
SPS: 2512
SPS: 2512
SPS: 2512
SPS: 2512
SPS: 2512
SPS: 2512
SPS: 2512
SPS: 2512
SPS: 2512
SPS: 2512
SPS: 2512
SPS: 2512
SPS: 2512
SPS: 2512
SPS: 2512
SPS: 2512
SPS: 2512
SPS: 2512
SPS: 2512
SPS: 2512
SPS: 2512
SPS: 2512
SPS: 2512
SPS: 2512
SPS: 2512
SPS: 2512
SPS: 2512
SPS: 2512
SPS: 2512
SPS: 2512
SPS: 2512
global_step=7242624, episodic_return=-18.0 (n=128)
SPS: 2512
SPS: 2512
SPS: 2512
SPS: 2512
SPS: 2512
SPS: 2512
SPS: 2512
SPS: 2512
SPS: 2512
SPS: 2512
SPS: 2512
SPS: 2512
SPS: 2512
SPS: 2512
SPS: 2512
SPS: 2512
SPS: 2512
SPS: 2512
SPS: 2512
SPS: 2512
SPS: 2512
SPS: 2512
SPS: 2512
SPS: 2512
SPS: 2512
SPS: 2512
SPS: 2512
SPS: 2512
SPS: 2512
SPS: 2512
SPS: 2512
SPS: 2512
SPS: 2512
SPS: 2512
SPS: 2512
SPS: 2512
SPS: 2512
SPS: 2512
SPS: 2512
SPS: 2512
SPS: 2513
SPS: 2512
SPS: 2512
SPS: 2512
SPS: 2512
SPS: 2513
SPS: 2512
SPS: 2512
SPS: 2513
SPS: 2513
SPS: 2513
SPS: 2513
SPS: 2513
SPS: 2513
SPS: 2513
SPS: 2513
SPS: 2513
SPS: 2513
SPS: 2513
SPS: 2513
SPS: 2513
SPS: 2513
SPS: 2513
SPS: 2513
SPS: 2513
SPS: 2513
SPS: 2513
global_step=7517184, episodic_return=-20.0 (n=128)
SPS: 2513
SPS: 2513
SPS: 2513
SPS: 2513
SPS: 2513
SPS: 2513
SPS: 2513
SPS: 2513
SPS: 2513
SPS: 2513
SPS: 2513
SPS: 2513
SPS: 2513
SPS: 2513
SPS: 2513
SPS: 2513
SPS: 2513
SPS: 2513
SPS: 2513
SPS: 2513
SPS: 2513
SPS: 2513
SPS: 2513
SPS: 2513
SPS: 2513
SPS: 2513
SPS: 2513
SPS: 2513
SPS: 2513
SPS: 2513
SPS: 2513
SPS: 2513
SPS: 2513
SPS: 2513
SPS: 2513
SPS: 2513
SPS: 2513
SPS: 2513
SPS: 2513
SPS: 2513
SPS: 2513
SPS: 2513
SPS: 2513
SPS: 2513
SPS: 2513
SPS: 2513
SPS: 2513
SPS: 2513
SPS: 2513
SPS: 2513
SPS: 2513
SPS: 2513
SPS: 2513
SPS: 2513
SPS: 2513
SPS: 2513
SPS: 2513
SPS: 2513
SPS: 2513
SPS: 2513
SPS: 2513
SPS: 2513
SPS: 2513
SPS: 2513
SPS: 2513
SPS: 2513
SPS: 2513
SPS: 2513
SPS: 2513
SPS: 2513
SPS: 2513
SPS: 2513
SPS: 2513
SPS: 2513
SPS: 2513
global_step=7824128, episodic_return=-14.0 (n=128)
SPS: 2513
SPS: 2513
SPS: 2513
SPS: 2513
SPS: 2513
SPS: 2513
SPS: 2513
SPS: 2513
SPS: 2513
SPS: 2513
SPS: 2513
SPS: 2513
SPS: 2513
SPS: 2513
SPS: 2513
SPS: 2513
SPS: 2513
SPS: 2513
SPS: 2513
SPS: 2513
SPS: 2513
SPS: 2513
SPS: 2513
SPS: 2513
SPS: 2513
SPS: 2513
SPS: 2513
SPS: 2513
SPS: 2513
SPS: 2513
SPS: 2513
SPS: 2513
SPS: 2513
SPS: 2513
SPS: 2513
SPS: 2513
SPS: 2513
SPS: 2513
SPS: 2513
SPS: 2513
SPS: 2513
SPS: 2513
SPS: 2513
SPS: 2513
SPS: 2513
SPS: 2513
SPS: 2514
SPS: 2514
SPS: 2514
SPS: 2514
SPS: 2514
SPS: 2514
SPS: 2514
SPS: 2514
SPS: 2514
SPS: 2514
SPS: 2514
global_step=8058624, episodic_return=-20.0 (n=128)
SPS: 2514
SPS: 2514
SPS: 2514
SPS: 2514
SPS: 2514
SPS: 2514
SPS: 2514
SPS: 2514
SPS: 2514
SPS: 2514
SPS: 2514
SPS: 2514
SPS: 2514
SPS: 2514
SPS: 2514
SPS: 2514
SPS: 2514
SPS: 2514
SPS: 2514
SPS: 2514
SPS: 2514
SPS: 2514
SPS: 2514
SPS: 2514
SPS: 2514
SPS: 2514
SPS: 2514
SPS: 2514
SPS: 2514
SPS: 2514
SPS: 2514
SPS: 2514
SPS: 2514
SPS: 2514
SPS: 2514
SPS: 2514
SPS: 2514
SPS: 2514
SPS: 2514
SPS: 2514
SPS: 2514
SPS: 2514
SPS: 2514
SPS: 2514
SPS: 2514
SPS: 2514
SPS: 2514
SPS: 2514
SPS: 2514
global_step=8259456, episodic_return=-18.0 (n=128)
SPS: 2514
SPS: 2514
SPS: 2514
SPS: 2514
SPS: 2514
SPS: 2514
SPS: 2514
SPS: 2514
SPS: 2514
SPS: 2514
SPS: 2514
SPS: 2514
SPS: 2514
SPS: 2514
SPS: 2514
SPS: 2514
SPS: 2514
SPS: 2514
SPS: 2514
SPS: 2514
SPS: 2514
SPS: 2514
SPS: 2514
SPS: 2514
SPS: 2514
SPS: 2514
SPS: 2514
SPS: 2514
SPS: 2514
SPS: 2514
SPS: 2514
SPS: 2514
SPS: 2514
SPS: 2514
SPS: 2514
SPS: 2514
SPS: 2514
SPS: 2514
SPS: 2514
SPS: 2514
SPS: 2514
SPS: 2514
SPS: 2514
SPS: 2514
SPS: 2514
SPS: 2514
SPS: 2514
SPS: 2514
SPS: 2514
SPS: 2514
SPS: 2514
SPS: 2514
SPS: 2514
SPS: 2514
SPS: 2514
SPS: 2514
SPS: 2514
SPS: 2514
SPS: 2514
SPS: 2514
SPS: 2514
SPS: 2514
SPS: 2514
SPS: 2514
SPS: 2514
SPS: 2514
SPS: 2514
SPS: 2514
SPS: 2514
SPS: 2514
SPS: 2514
SPS: 2514
SPS: 2514
SPS: 2514
SPS: 2514
SPS: 2514
SPS: 2514
SPS: 2514
SPS: 2514
SPS: 2514
SPS: 2514
SPS: 2514
SPS: 2514
SPS: 2514
SPS: 2514
SPS: 2514
SPS: 2514
SPS: 2514
SPS: 2514
SPS: 2514
SPS: 2514
SPS: 2514
SPS: 2514
SPS: 2514
SPS: 2514
SPS: 2514
SPS: 2514
SPS: 2514
SPS: 2514
SPS: 2514
SPS: 2514
global_step=8672896, episodic_return=-8.0 (n=128)
SPS: 2514
SPS: 2514
SPS: 2514
SPS: 2514
SPS: 2514
SPS: 2514
SPS: 2514
SPS: 2514
SPS: 2514
SPS: 2514
SPS: 2514
SPS: 2514
SPS: 2514
SPS: 2514
SPS: 2514
SPS: 2514
SPS: 2514
SPS: 2514
SPS: 2514
SPS: 2514
SPS: 2514
SPS: 2514
SPS: 2514
SPS: 2514
SPS: 2514
SPS: 2514
SPS: 2514
SPS: 2514
SPS: 2514
SPS: 2514
SPS: 2514
SPS: 2514
SPS: 2514
SPS: 2514
SPS: 2514
SPS: 2514
SPS: 2514
SPS: 2514
SPS: 2514
SPS: 2514
SPS: 2514
SPS: 2514
SPS: 2514
SPS: 2514
SPS: 2514
SPS: 2514
SPS: 2514
SPS: 2514
SPS: 2514
SPS: 2514
SPS: 2514
SPS: 2514
SPS: 2514
SPS: 2514
SPS: 2514
SPS: 2514
SPS: 2514
SPS: 2514
SPS: 2514
SPS: 2514
SPS: 2514
SPS: 2514
SPS: 2514
SPS: 2514
SPS: 2514
SPS: 2514
SPS: 2514
SPS: 2514
SPS: 2514
SPS: 2514
SPS: 2514
SPS: 2514
SPS: 2514
global_step=8973952, episodic_return=-10.0 (n=128)
SPS: 2514
SPS: 2514
SPS: 2514
SPS: 2514
SPS: 2514
SPS: 2514
SPS: 2514
SPS: 2514
SPS: 2514
SPS: 2514
SPS: 2514
SPS: 2514
SPS: 2514
SPS: 2514
SPS: 2514
SPS: 2514
SPS: 2514
SPS: 2514
SPS: 2514
SPS: 2514
SPS: 2514
SPS: 2514
SPS: 2514
SPS: 2514
SPS: 2514
SPS: 2514
SPS: 2514
SPS: 2514
SPS: 2514
SPS: 2514
SPS: 2514
SPS: 2514
SPS: 2514
SPS: 2514
SPS: 2514
SPS: 2514
SPS: 2514
SPS: 2514
SPS: 2514
SPS: 2514
SPS: 2514
SPS: 2514
SPS: 2514
SPS: 2514
SPS: 2514
SPS: 2514
SPS: 2514
SPS: 2514
SPS: 2514
SPS: 2514
SPS: 2514
SPS: 2514
SPS: 2514
SPS: 2514
SPS: 2514
SPS: 2514
SPS: 2514
SPS: 2514
SPS: 2514
SPS: 2514
SPS: 2514
SPS: 2514
SPS: 2514
SPS: 2514
SPS: 2514
SPS: 2514
SPS: 2514
SPS: 2514
SPS: 2514
SPS: 2514
global_step=9260160, episodic_return=-20.0 (n=128)
SPS: 2514
SPS: 2514
SPS: 2514
SPS: 2514
SPS: 2514
SPS: 2514
SPS: 2514
SPS: 2514
SPS: 2514
SPS: 2514
SPS: 2514
SPS: 2514
SPS: 2514
SPS: 2514
SPS: 2514
SPS: 2514
SPS: 2514
SPS: 2514
SPS: 2514
SPS: 2514
SPS: 2514
SPS: 2514
SPS: 2514
SPS: 2514
SPS: 2514
SPS: 2514
SPS: 2514
SPS: 2514
SPS: 2514
SPS: 2514
SPS: 2514
SPS: 2514
SPS: 2514
SPS: 2514
SPS: 2514
SPS: 2514
SPS: 2514
SPS: 2514
SPS: 2514
SPS: 2514
SPS: 2514
SPS: 2514
SPS: 2514
SPS: 2514
SPS: 2514
SPS: 2514
SPS: 2514
SPS: 2514
SPS: 2514
global_step=9458688, episodic_return=-16.0 (n=128)
SPS: 2514
SPS: 2514
SPS: 2514
SPS: 2514
SPS: 2514
SPS: 2514
SPS: 2514
SPS: 2514
SPS: 2514
SPS: 2514
SPS: 2514
SPS: 2514
SPS: 2514
SPS: 2514
SPS: 2514
SPS: 2514
SPS: 2514
SPS: 2514
SPS: 2514
SPS: 2514
SPS: 2514
SPS: 2514
SPS: 2514
SPS: 2515
SPS: 2515
SPS: 2515
SPS: 2515
SPS: 2515
SPS: 2515
SPS: 2515
SPS: 2515
SPS: 2515
SPS: 2515
SPS: 2515
SPS: 2515
SPS: 2515
SPS: 2515
SPS: 2515
SPS: 2515
SPS: 2515
SPS: 2515
SPS: 2515
SPS: 2515
SPS: 2515
SPS: 2515
SPS: 2515
SPS: 2515
SPS: 2515
SPS: 2515
SPS: 2515
SPS: 2515
SPS: 2515
SPS: 2515
SPS: 2515
SPS: 2515
SPS: 2515
SPS: 2515
SPS: 2515
SPS: 2515
global_step=9702656, episodic_return=-20.0 (n=128)
SPS: 2515
SPS: 2515
SPS: 2515
SPS: 2515
SPS: 2515
SPS: 2515
SPS: 2515
SPS: 2515
SPS: 2515
SPS: 2515
SPS: 2515
SPS: 2515
SPS: 2515
SPS: 2515
SPS: 2515
SPS: 2515
SPS: 2515
SPS: 2515
SPS: 2515
SPS: 2515
SPS: 2515
SPS: 2515
SPS: 2515
SPS: 2515
SPS: 2515
SPS: 2515
SPS: 2515
SPS: 2515
SPS: 2515
SPS: 2515
SPS: 2515
SPS: 2515
SPS: 2515
SPS: 2515
SPS: 2515
SPS: 2515
SPS: 2515
SPS: 2515
SPS: 2515
SPS: 2515
SPS: 2515
SPS: 2515
SPS: 2515
SPS: 2515
SPS: 2515
SPS: 2515
SPS: 2515
SPS: 2515
SPS: 2515
SPS: 2515
SPS: 2515
SPS: 2515
SPS: 2515
SPS: 2515
global_step=9920640, episodic_return=-14.0 (n=128)
SPS: 2515
SPS: 2515
SPS: 2515
SPS: 2515
SPS: 2515
SPS: 2515
SPS: 2515
SPS: 2515
SPS: 2515
SPS: 2515
SPS: 2515
SPS: 2515
SPS: 2515
SPS: 2515
SPS: 2515
SPS: 2515
SPS: 2515
SPS: 2515
SPS: 2515
Results saved to /runs/h005__h005-doubledunk-s1.csv
