slurmstepd: error: couldn't chdir to `/home/rogercc/'/scratch/rogercc/cleanrl'': No such file or directory: going to /tmp instead
slurmstepd: error: couldn't chdir to `/home/rogercc/'/scratch/rogercc/cleanrl'': No such file or directory: going to /tmp instead
sending incremental file list
auto-cleanrl.sif

sent 4,938,196,675 bytes  received 35 bytes  11,417,795.86 bytes/sec
total size is 4,945,575,936  speedup is 1.00
/usr/local/lib/python3.10/dist-packages/treevalue/tree/integration/torch.py:23: FutureWarning: `torch.utils._pytree._register_pytree_node` is deprecated. Please use `torch.utils._pytree.register_pytree_node` instead.
  register_for_torch(TreeValue)
/usr/local/lib/python3.10/dist-packages/treevalue/tree/integration/torch.py:24: FutureWarning: `torch.utils._pytree._register_pytree_node` is deprecated. Please use `torch.utils._pytree.register_pytree_node` instead.
  register_for_torch(FastTreeValue)
Gym has been unmaintained since 2022 and does not support NumPy 2.0 amongst other critical functionality.
Please upgrade to Gymnasium, the maintained drop-in replacement of Gym, or contact the authors of your software and request that they upgrade.
See the migration guide at https://gymnasium.farama.org/introduction/migration_guide/ for additional information.
/usr/local/lib/python3.10/dist-packages/tyro/_parsers.py:353: UserWarning: The field `wandb-entity` is annotated with type `<class 'str'>`, but the default value `None` has type `<class 'NoneType'>`. We'll try to handle this gracefully, but it may cause unexpected behavior.
  warnings.warn(message)
SPS: 3754
SPS: 3371
SPS: 3021
SPS: 2802
SPS: 2601
SPS: 2383
SPS: 2268
SPS: 2215
SPS: 2152
SPS: 2106
SPS: 2061
SPS: 2017
SPS: 1982
SPS: 1923
global_step=43120, episodic_return=100.0
SPS: 1901
SPS: 1865
SPS: 1843
SPS: 1815
SPS: 1786
SPS: 1764
SPS: 1744
SPS: 1723
SPS: 1708
SPS: 1703
SPS: 1664
SPS: 1639
SPS: 1625
SPS: 1614
SPS: 1604
SPS: 1596
SPS: 1589
SPS: 1584
SPS: 1566
SPS: 1546
SPS: 1538
SPS: 1535
SPS: 1528
SPS: 1522
SPS: 1516
SPS: 1513
SPS: 1510
global_step=86176, episodic_return=0.0
global_step=86176, episodic_return=0.0
SPS: 1502
SPS: 1499
SPS: 1495
SPS: 1490
SPS: 1489
SPS: 1483
SPS: 1477
SPS: 1471
SPS: 1468
SPS: 1463
SPS: 1453
SPS: 1439
SPS: 1437
SPS: 1435
SPS: 1433
SPS: 1431
SPS: 1430
SPS: 1430
SPS: 1421
SPS: 1418
SPS: 1419
SPS: 1416
SPS: 1417
SPS: 1418
SPS: 1418
SPS: 1419
SPS: 1420
global_step=129264, episodic_return=100.0
SPS: 1418
SPS: 1420
SPS: 1421
SPS: 1422
SPS: 1423
SPS: 1424
SPS: 1424
SPS: 1425
SPS: 1427
SPS: 1428
SPS: 1428
SPS: 1427
SPS: 1428
SPS: 1428
SPS: 1426
SPS: 1421
SPS: 1421
SPS: 1421
SPS: 1422
SPS: 1423
SPS: 1423
SPS: 1422
SPS: 1415
SPS: 1415
SPS: 1413
SPS: 1412
SPS: 1412
global_step=172336, episodic_return=-1000.0
global_step=172336, episodic_return=-1000.0
SPS: 1411
SPS: 1410
SPS: 1410
SPS: 1410
SPS: 1410
SPS: 1410
SPS: 1409
SPS: 1408
SPS: 1408
SPS: 1408
SPS: 1407
SPS: 1405
SPS: 1405
SPS: 1403
SPS: 1403
SPS: 1403
SPS: 1399
SPS: 1396
SPS: 1395
SPS: 1395
SPS: 1395
SPS: 1395
SPS: 1396
SPS: 1395
SPS: 1394
SPS: 1393
SPS: 1393
global_step=215520, episodic_return=100.0
global_step=215520, episodic_return=100.0
SPS: 1392
SPS: 1392
SPS: 1392
SPS: 1392
SPS: 1392
SPS: 1391
SPS: 1390
SPS: 1390
SPS: 1390
SPS: 1390
SPS: 1389
SPS: 1390
SPS: 1390
SPS: 1390
SPS: 1389
SPS: 1390
SPS: 1390
SPS: 1390
SPS: 1391
SPS: 1387
SPS: 1388
SPS: 1388
SPS: 1387
SPS: 1386
SPS: 1387
SPS: 1387
SPS: 1386
global_step=258688, episodic_return=100.0
SPS: 1385
SPS: 1385
SPS: 1385
SPS: 1385
SPS: 1384
SPS: 1384
SPS: 1384
SPS: 1384
SPS: 1384
SPS: 1384
SPS: 1384
SPS: 1384
SPS: 1385
SPS: 1385
SPS: 1385
SPS: 1385
SPS: 1385
SPS: 1384
SPS: 1384
SPS: 1384
SPS: 1384
SPS: 1384
SPS: 1384
SPS: 1384
SPS: 1384
SPS: 1385
SPS: 1382
global_step=301824, episodic_return=100.0
global_step=301824, episodic_return=100.0
SPS: 1382
SPS: 1382
SPS: 1382
SPS: 1381
SPS: 1381
SPS: 1381
SPS: 1381
SPS: 1381
SPS: 1381
SPS: 1382
SPS: 1381
SPS: 1381
SPS: 1381
SPS: 1380
SPS: 1381
SPS: 1381
SPS: 1380
SPS: 1379
SPS: 1379
SPS: 1379
SPS: 1379
SPS: 1379
SPS: 1378
SPS: 1378
SPS: 1377
SPS: 1377
SPS: 1375
global_step=344880, episodic_return=100.0
SPS: 1374
SPS: 1375
SPS: 1374
SPS: 1374
SPS: 1372
SPS: 1370
SPS: 1367
SPS: 1368
SPS: 1367
SPS: 1368
SPS: 1367
SPS: 1367
SPS: 1368
SPS: 1368
SPS: 1367
SPS: 1366
SPS: 1367
SPS: 1367
SPS: 1367
SPS: 1367
SPS: 1367
SPS: 1368
SPS: 1368
SPS: 1367
SPS: 1367
SPS: 1367
SPS: 1366
global_step=388048, episodic_return=100.0
global_step=388048, episodic_return=100.0
SPS: 1366
SPS: 1366
SPS: 1367
SPS: 1366
SPS: 1363
SPS: 1360
SPS: 1359
SPS: 1359
SPS: 1359
SPS: 1358
SPS: 1358
SPS: 1358
SPS: 1358
SPS: 1358
SPS: 1358
SPS: 1358
SPS: 1359
SPS: 1358
SPS: 1358
SPS: 1358
SPS: 1358
SPS: 1358
SPS: 1358
SPS: 1358
SPS: 1358
SPS: 1359
SPS: 1359
global_step=431200, episodic_return=-1000.0
global_step=431200, episodic_return=-1000.0
SPS: 1359
SPS: 1359
SPS: 1359
SPS: 1359
SPS: 1359
SPS: 1360
SPS: 1360
SPS: 1359
SPS: 1358
SPS: 1356
SPS: 1357
SPS: 1358
SPS: 1357
SPS: 1357
SPS: 1357
SPS: 1357
SPS: 1357
SPS: 1357
SPS: 1357
SPS: 1357
SPS: 1357
SPS: 1358
SPS: 1358
SPS: 1359
SPS: 1359
SPS: 1359
SPS: 1359
global_step=474368, episodic_return=100.0
SPS: 1359
SPS: 1359
SPS: 1360
SPS: 1361
SPS: 1361
SPS: 1361
SPS: 1361
SPS: 1362
SPS: 1362
SPS: 1363
SPS: 1363
SPS: 1363
SPS: 1363
SPS: 1363
SPS: 1362
SPS: 1360
SPS: 1360
SPS: 1360
SPS: 1360
SPS: 1361
SPS: 1361
SPS: 1361
SPS: 1361
SPS: 1361
SPS: 1361
SPS: 1361
SPS: 1361
global_step=517504, episodic_return=100.0
global_step=517504, episodic_return=100.0
SPS: 1361
SPS: 1361
SPS: 1361
SPS: 1361
SPS: 1361
SPS: 1361
SPS: 1361
SPS: 1361
SPS: 1361
SPS: 1361
SPS: 1361
SPS: 1361
SPS: 1361
SPS: 1361
SPS: 1360
SPS: 1360
SPS: 1360
SPS: 1360
SPS: 1360
SPS: 1360
SPS: 1360
SPS: 1360
SPS: 1360
SPS: 1360
SPS: 1361
SPS: 1361
SPS: 1361
global_step=560656, episodic_return=100.0
SPS: 1361
SPS: 1362
SPS: 1362
SPS: 1362
SPS: 1363
SPS: 1363
SPS: 1363
SPS: 1363
SPS: 1363
SPS: 1364
SPS: 1364
SPS: 1364
SPS: 1365
SPS: 1365
SPS: 1366
SPS: 1366
SPS: 1367
SPS: 1367
SPS: 1368
SPS: 1368
SPS: 1369
SPS: 1368
SPS: 1367
SPS: 1367
SPS: 1367
SPS: 1367
SPS: 1367
global_step=603792, episodic_return=100.0
global_step=603792, episodic_return=100.0
SPS: 1367
SPS: 1368
SPS: 1368
SPS: 1368
SPS: 1369
SPS: 1369
SPS: 1369
SPS: 1370
SPS: 1370
SPS: 1371
SPS: 1371
SPS: 1371
SPS: 1371
SPS: 1371
SPS: 1371
SPS: 1372
SPS: 1372
SPS: 1372
SPS: 1372
SPS: 1373
SPS: 1373
SPS: 1373
SPS: 1373
SPS: 1374
SPS: 1375
SPS: 1375
SPS: 1376
global_step=646928, episodic_return=0.0
global_step=646928, episodic_return=0.0
SPS: 1376
SPS: 1374
SPS: 1373
SPS: 1373
SPS: 1374
SPS: 1374
SPS: 1375
SPS: 1375
SPS: 1375
SPS: 1375
SPS: 1375
SPS: 1376
SPS: 1376
SPS: 1376
SPS: 1376
SPS: 1377
SPS: 1377
SPS: 1377
SPS: 1378
SPS: 1378
SPS: 1378
SPS: 1378
SPS: 1378
SPS: 1379
SPS: 1379
SPS: 1379
SPS: 1380
global_step=690032, episodic_return=100.0
SPS: 1380
SPS: 1380
SPS: 1380
SPS: 1380
SPS: 1380
SPS: 1381
SPS: 1380
SPS: 1380
SPS: 1379
SPS: 1380
SPS: 1380
SPS: 1380
SPS: 1380
SPS: 1381
SPS: 1381
SPS: 1381
SPS: 1381
SPS: 1381
SPS: 1382
SPS: 1382
SPS: 1383
SPS: 1383
SPS: 1382
SPS: 1382
SPS: 1382
SPS: 1382
SPS: 1382
global_step=733168, episodic_return=100.0
global_step=733168, episodic_return=100.0
SPS: 1381
SPS: 1381
SPS: 1381
SPS: 1381
SPS: 1381
SPS: 1381
SPS: 1381
SPS: 1381
SPS: 1381
SPS: 1380
SPS: 1380
SPS: 1380
SPS: 1380
SPS: 1379
SPS: 1379
SPS: 1379
SPS: 1379
SPS: 1379
SPS: 1379
SPS: 1379
SPS: 1379
SPS: 1379
SPS: 1379
SPS: 1379
SPS: 1379
SPS: 1379
SPS: 1379
global_step=776240, episodic_return=100.0
SPS: 1379
SPS: 1379
SPS: 1378
SPS: 1379
SPS: 1379
SPS: 1379
SPS: 1379
SPS: 1379
SPS: 1379
SPS: 1379
SPS: 1379
SPS: 1379
SPS: 1379
SPS: 1379
SPS: 1379
SPS: 1379
SPS: 1379
SPS: 1379
SPS: 1377
SPS: 1377
SPS: 1377
SPS: 1377
SPS: 1377
SPS: 1377
SPS: 1377
SPS: 1377
SPS: 1377
global_step=819360, episodic_return=100.0
global_step=819360, episodic_return=100.0
SPS: 1377
SPS: 1378
SPS: 1378
SPS: 1379
SPS: 1379
SPS: 1379
SPS: 1380
SPS: 1380
SPS: 1380
SPS: 1380
SPS: 1380
SPS: 1381
SPS: 1381
SPS: 1381
SPS: 1381
SPS: 1381
SPS: 1382
SPS: 1382
SPS: 1382
SPS: 1381
SPS: 1380
SPS: 1380
SPS: 1380
SPS: 1380
SPS: 1380
SPS: 1381
SPS: 1381
global_step=862432, episodic_return=-900.0
global_step=862432, episodic_return=-900.0
SPS: 1381
SPS: 1381
SPS: 1381
SPS: 1381
SPS: 1382
SPS: 1382
SPS: 1382
SPS: 1382
SPS: 1382
SPS: 1382
SPS: 1383
SPS: 1383
SPS: 1383
SPS: 1383
SPS: 1383
SPS: 1383
SPS: 1383
SPS: 1383
SPS: 1384
SPS: 1384
SPS: 1384
SPS: 1384
SPS: 1385
SPS: 1385
SPS: 1385
SPS: 1386
global_step=905568, episodic_return=100.0
SPS: 1386
SPS: 1385
SPS: 1386
SPS: 1386
SPS: 1387
SPS: 1387
SPS: 1387
SPS: 1387
SPS: 1388
SPS: 1388
SPS: 1388
SPS: 1389
SPS: 1389
SPS: 1389
SPS: 1389
SPS: 1389
SPS: 1390
SPS: 1390
SPS: 1390
SPS: 1391
SPS: 1391
SPS: 1391
SPS: 1391
SPS: 1391
SPS: 1392
SPS: 1392
SPS: 1392
global_step=948704, episodic_return=100.0
global_step=948704, episodic_return=100.0
SPS: 1392
SPS: 1392
SPS: 1392
SPS: 1393
SPS: 1393
SPS: 1393
SPS: 1392
SPS: 1391
SPS: 1392
SPS: 1392
SPS: 1392
SPS: 1393
SPS: 1393
SPS: 1394
SPS: 1394
SPS: 1394
SPS: 1394
SPS: 1394
SPS: 1394
SPS: 1394
SPS: 1395
SPS: 1395
SPS: 1395
SPS: 1395
SPS: 1395
SPS: 1395
SPS: 1395
global_step=991808, episodic_return=100.0
SPS: 1395
SPS: 1395
SPS: 1395
SPS: 1395
SPS: 1395
SPS: 1395
SPS: 1395
SPS: 1395
SPS: 1395
SPS: 1395
SPS: 1395
SPS: 1394
SPS: 1394
SPS: 1394
SPS: 1394
SPS: 1394
SPS: 1394
SPS: 1394
SPS: 1394
SPS: 1393
SPS: 1393
SPS: 1393
SPS: 1393
SPS: 1393
SPS: 1393
SPS: 1393
SPS: 1393
global_step=1034928, episodic_return=0.0
global_step=1034928, episodic_return=0.0
SPS: 1393
SPS: 1393
SPS: 1393
SPS: 1392
SPS: 1392
SPS: 1392
SPS: 1392
SPS: 1392
SPS: 1392
SPS: 1392
SPS: 1391
SPS: 1391
SPS: 1391
SPS: 1391
SPS: 1391
SPS: 1391
SPS: 1390
SPS: 1390
SPS: 1390
SPS: 1390
SPS: 1390
SPS: 1390
SPS: 1390
SPS: 1390
SPS: 1390
SPS: 1390
SPS: 1390
global_step=1078080, episodic_return=100.0
global_step=1078080, episodic_return=100.0
SPS: 1390
SPS: 1390
SPS: 1390
SPS: 1390
SPS: 1390
SPS: 1390
SPS: 1390
SPS: 1390
SPS: 1390
SPS: 1391
SPS: 1391
SPS: 1391
SPS: 1391
SPS: 1391
SPS: 1392
SPS: 1392
SPS: 1392
SPS: 1392
SPS: 1392
SPS: 1391
SPS: 1390
SPS: 1390
SPS: 1390
SPS: 1390
SPS: 1391
SPS: 1391
SPS: 1391
global_step=1121200, episodic_return=100.0
SPS: 1391
SPS: 1392
SPS: 1392
SPS: 1392
SPS: 1393
SPS: 1393
SPS: 1393
SPS: 1393
SPS: 1393
SPS: 1393
SPS: 1393
SPS: 1393
SPS: 1392
SPS: 1392
SPS: 1392
SPS: 1392
SPS: 1392
SPS: 1392
SPS: 1392
SPS: 1392
SPS: 1392
SPS: 1392
SPS: 1392
SPS: 1392
SPS: 1392
SPS: 1392
SPS: 1391
global_step=1164272, episodic_return=100.0
global_step=1164272, episodic_return=100.0
SPS: 1391
SPS: 1391
SPS: 1391
SPS: 1391
SPS: 1391
SPS: 1391
SPS: 1391
SPS: 1391
SPS: 1390
SPS: 1389
SPS: 1389
SPS: 1389
SPS: 1389
SPS: 1389
SPS: 1389
SPS: 1389
SPS: 1389
SPS: 1389
SPS: 1389
SPS: 1389
SPS: 1389
SPS: 1389
SPS: 1389
SPS: 1389
SPS: 1389
SPS: 1388
SPS: 1388
global_step=1207424, episodic_return=0.0
SPS: 1388
SPS: 1388
SPS: 1388
SPS: 1388
SPS: 1388
SPS: 1387
SPS: 1388
SPS: 1387
SPS: 1388
SPS: 1387
SPS: 1386
SPS: 1386
SPS: 1386
SPS: 1386
SPS: 1386
SPS: 1386
SPS: 1386
SPS: 1386
SPS: 1386
SPS: 1386
SPS: 1386
SPS: 1386
SPS: 1386
SPS: 1386
SPS: 1386
SPS: 1386
SPS: 1386
global_step=1250608, episodic_return=0.0
global_step=1250608, episodic_return=0.0
SPS: 1385
SPS: 1385
SPS: 1385
SPS: 1385
SPS: 1385
SPS: 1385
SPS: 1385
SPS: 1385
SPS: 1386
SPS: 1386
SPS: 1386
SPS: 1386
SPS: 1386
SPS: 1386
SPS: 1386
SPS: 1386
SPS: 1386
SPS: 1387
SPS: 1387
SPS: 1387
SPS: 1387
SPS: 1387
SPS: 1387
SPS: 1387
SPS: 1387
SPS: 1388
SPS: 1388
global_step=1293728, episodic_return=100.0
global_step=1293728, episodic_return=100.0
SPS: 1388
SPS: 1388
SPS: 1388
SPS: 1388
SPS: 1388
SPS: 1388
SPS: 1388
SPS: 1388
SPS: 1388
SPS: 1389
SPS: 1389
SPS: 1389
SPS: 1389
SPS: 1389
SPS: 1389
SPS: 1389
SPS: 1389
SPS: 1389
SPS: 1389
SPS: 1389
SPS: 1390
SPS: 1390
SPS: 1390
SPS: 1390
SPS: 1390
SPS: 1390
SPS: 1390
global_step=1336832, episodic_return=-1000.0
SPS: 1390
SPS: 1391
SPS: 1391
SPS: 1391
SPS: 1391
SPS: 1391
SPS: 1391
SPS: 1391
SPS: 1390
SPS: 1390
SPS: 1390
SPS: 1390
SPS: 1390
SPS: 1390
SPS: 1390
SPS: 1390
SPS: 1390
SPS: 1390
SPS: 1391
SPS: 1391
SPS: 1391
SPS: 1391
SPS: 1391
SPS: 1391
SPS: 1391
SPS: 1392
SPS: 1392
global_step=1379904, episodic_return=100.0
global_step=1379904, episodic_return=100.0
SPS: 1392
SPS: 1392
SPS: 1393
SPS: 1392
SPS: 1392
SPS: 1393
SPS: 1393
SPS: 1393
SPS: 1393
SPS: 1393
SPS: 1393
SPS: 1393
SPS: 1393
SPS: 1394
SPS: 1393
SPS: 1393
SPS: 1393
SPS: 1392
SPS: 1392
SPS: 1392
SPS: 1392
SPS: 1392
SPS: 1392
SPS: 1392
SPS: 1392
SPS: 1392
SPS: 1392
global_step=1423040, episodic_return=0.0
SPS: 1392
SPS: 1392
SPS: 1392
SPS: 1392
SPS: 1392
SPS: 1392
SPS: 1391
SPS: 1391
SPS: 1392
SPS: 1392
SPS: 1392
SPS: 1392
SPS: 1392
SPS: 1392
SPS: 1393
SPS: 1393
SPS: 1393
SPS: 1393
SPS: 1393
SPS: 1393
SPS: 1392
SPS: 1391
SPS: 1391
SPS: 1391
SPS: 1391
SPS: 1392
SPS: 1392
global_step=1466160, episodic_return=-1000.0
global_step=1466160, episodic_return=-1000.0
SPS: 1392
SPS: 1392
SPS: 1392
SPS: 1392
SPS: 1392
SPS: 1392
SPS: 1392
SPS: 1392
SPS: 1393
SPS: 1393
SPS: 1393
SPS: 1393
SPS: 1392
SPS: 1391
SPS: 1391
SPS: 1392
SPS: 1392
SPS: 1392
SPS: 1392
SPS: 1392
SPS: 1392
SPS: 1392
SPS: 1392
SPS: 1392
SPS: 1392
SPS: 1392
SPS: 1391
global_step=1509280, episodic_return=0.0
global_step=1509280, episodic_return=0.0
SPS: 1391
SPS: 1391
SPS: 1391
SPS: 1391
SPS: 1391
SPS: 1391
SPS: 1391
SPS: 1391
SPS: 1391
SPS: 1391
SPS: 1391
SPS: 1392
SPS: 1392
SPS: 1392
SPS: 1392
SPS: 1392
SPS: 1392
SPS: 1393
SPS: 1393
SPS: 1393
SPS: 1393
SPS: 1394
SPS: 1394
SPS: 1394
SPS: 1394
SPS: 1394
SPS: 1394
global_step=1552416, episodic_return=0.0
SPS: 1394
SPS: 1394
SPS: 1394
SPS: 1394
SPS: 1394
SPS: 1394
SPS: 1393
SPS: 1393
SPS: 1393
SPS: 1393
SPS: 1393
SPS: 1393
SPS: 1393
SPS: 1393
SPS: 1393
SPS: 1394
SPS: 1394
SPS: 1394
SPS: 1394
SPS: 1394
SPS: 1394
SPS: 1394
SPS: 1394
SPS: 1394
SPS: 1395
SPS: 1395
SPS: 1395
global_step=1595584, episodic_return=100.0
global_step=1595584, episodic_return=100.0
SPS: 1394
SPS: 1394
SPS: 1394
SPS: 1394
SPS: 1395
SPS: 1395
SPS: 1395
SPS: 1395
SPS: 1395
SPS: 1394
SPS: 1394
SPS: 1394
SPS: 1394
SPS: 1394
SPS: 1394
SPS: 1394
SPS: 1394
SPS: 1394
SPS: 1394
SPS: 1394
SPS: 1394
SPS: 1394
SPS: 1394
SPS: 1395
SPS: 1395
SPS: 1395
SPS: 1395
global_step=1638656, episodic_return=-52.0
SPS: 1395
SPS: 1395
SPS: 1395
SPS: 1395
SPS: 1395
SPS: 1395
SPS: 1396
SPS: 1396
SPS: 1396
SPS: 1396
SPS: 1396
SPS: 1396
SPS: 1396
SPS: 1396
SPS: 1396
SPS: 1395
SPS: 1395
SPS: 1395
SPS: 1395
SPS: 1395
SPS: 1395
SPS: 1395
SPS: 1396
SPS: 1396
SPS: 1396
SPS: 1396
SPS: 1396
global_step=1681808, episodic_return=100.0
global_step=1681808, episodic_return=100.0
SPS: 1396
SPS: 1396
SPS: 1396
SPS: 1396
SPS: 1396
SPS: 1396
SPS: 1397
SPS: 1397
SPS: 1397
SPS: 1397
SPS: 1397
SPS: 1397
SPS: 1397
SPS: 1397
SPS: 1397
SPS: 1397
SPS: 1397
SPS: 1397
SPS: 1398
SPS: 1398
SPS: 1397
SPS: 1397
SPS: 1396
SPS: 1396
SPS: 1397
SPS: 1397
SPS: 1397
global_step=1724896, episodic_return=-37.0
global_step=1724896, episodic_return=-37.0
SPS: 1397
SPS: 1397
SPS: 1397
SPS: 1397
SPS: 1397
SPS: 1397
SPS: 1397
SPS: 1397
SPS: 1397
SPS: 1397
SPS: 1397
SPS: 1397
SPS: 1397
SPS: 1397
SPS: 1397
SPS: 1398
SPS: 1398
SPS: 1398
SPS: 1398
SPS: 1398
SPS: 1398
SPS: 1398
SPS: 1398
SPS: 1398
SPS: 1398
SPS: 1397
global_step=1767984, episodic_return=-1000.0
SPS: 1396
SPS: 1396
SPS: 1396
SPS: 1396
SPS: 1396
SPS: 1396
SPS: 1396
SPS: 1397
SPS: 1397
SPS: 1397
SPS: 1397
SPS: 1397
SPS: 1397
SPS: 1397
SPS: 1397
SPS: 1398
SPS: 1398
SPS: 1398
SPS: 1398
SPS: 1398
SPS: 1398
SPS: 1398
SPS: 1398
SPS: 1398
SPS: 1398
SPS: 1399
SPS: 1399
global_step=1811072, episodic_return=-1000.0
global_step=1811072, episodic_return=-1000.0
SPS: 1399
SPS: 1399
SPS: 1399
SPS: 1399
SPS: 1399
SPS: 1399
SPS: 1399
SPS: 1399
SPS: 1399
SPS: 1399
SPS: 1399
SPS: 1399
SPS: 1399
SPS: 1399
SPS: 1399
SPS: 1399
SPS: 1399
SPS: 1399
SPS: 1399
SPS: 1399
SPS: 1399
SPS: 1399
SPS: 1399
SPS: 1399
SPS: 1399
SPS: 1399
SPS: 1399
global_step=1854128, episodic_return=-59.0
SPS: 1399
SPS: 1399
SPS: 1399
SPS: 1399
SPS: 1399
SPS: 1399
SPS: 1399
SPS: 1399
SPS: 1399
SPS: 1399
SPS: 1399
SPS: 1399
SPS: 1399
SPS: 1399
SPS: 1399
SPS: 1399
SPS: 1399
SPS: 1400
SPS: 1400
SPS: 1400
SPS: 1400
SPS: 1400
SPS: 1400
SPS: 1400
SPS: 1400
SPS: 1401
SPS: 1401
global_step=1897216, episodic_return=100.0
global_step=1897216, episodic_return=100.0
SPS: 1401
SPS: 1401
SPS: 1401
SPS: 1401
SPS: 1401
SPS: 1401
SPS: 1401
SPS: 1401
SPS: 1402
SPS: 1402
SPS: 1402
SPS: 1402
SPS: 1402
SPS: 1402
SPS: 1402
SPS: 1402
SPS: 1402
SPS: 1402
SPS: 1403
SPS: 1403
SPS: 1403
SPS: 1403
SPS: 1403
SPS: 1403
SPS: 1403
SPS: 1403
SPS: 1404
global_step=1940352, episodic_return=100.0
global_step=1940352, episodic_return=100.0
SPS: 1404
SPS: 1404
SPS: 1404
SPS: 1404
SPS: 1404
SPS: 1404
SPS: 1404
SPS: 1404
SPS: 1404
SPS: 1404
SPS: 1405
SPS: 1405
SPS: 1405
SPS: 1405
SPS: 1405
SPS: 1405
SPS: 1405
SPS: 1405
SPS: 1405
SPS: 1406
SPS: 1406
SPS: 1406
SPS: 1406
SPS: 1406
SPS: 1406
SPS: 1406
SPS: 1405
global_step=1983520, episodic_return=100.0
SPS: 1405
SPS: 1405
SPS: 1405
SPS: 1406
SPS: 1406
SPS: 1406
SPS: 1406
SPS: 1406
SPS: 1406
SPS: 1406
SPS: 1406
SPS: 1406
SPS: 1406
SPS: 1407
SPS: 1407
SPS: 1407
SPS: 1407
SPS: 1407
SPS: 1407
SPS: 1407
SPS: 1407
SPS: 1407
SPS: 1407
SPS: 1407
SPS: 1407
SPS: 1407
SPS: 1408
global_step=2026624, episodic_return=-1000.0
global_step=2026624, episodic_return=-1000.0
SPS: 1408
SPS: 1408
SPS: 1408
SPS: 1408
SPS: 1407
SPS: 1407
SPS: 1407
SPS: 1407
SPS: 1407
SPS: 1407
SPS: 1407
SPS: 1408
SPS: 1408
SPS: 1408
SPS: 1408
SPS: 1408
SPS: 1408
SPS: 1408
SPS: 1408
SPS: 1408
SPS: 1408
SPS: 1409
SPS: 1409
SPS: 1409
SPS: 1409
SPS: 1409
SPS: 1409
global_step=2069744, episodic_return=100.0
SPS: 1409
SPS: 1409
SPS: 1409
SPS: 1409
SPS: 1409
SPS: 1409
SPS: 1410
SPS: 1410
SPS: 1409
SPS: 1410
SPS: 1409
SPS: 1409
SPS: 1409
SPS: 1409
SPS: 1409
SPS: 1409
SPS: 1409
SPS: 1409
SPS: 1410
SPS: 1409
SPS: 1409
SPS: 1409
SPS: 1409
SPS: 1409
SPS: 1409
SPS: 1409
SPS: 1409
global_step=2112816, episodic_return=100.0
global_step=2112816, episodic_return=100.0
SPS: 1409
SPS: 1409
SPS: 1409
SPS: 1409
SPS: 1410
SPS: 1410
SPS: 1410
SPS: 1410
SPS: 1410
SPS: 1410
SPS: 1410
SPS: 1410
SPS: 1410
SPS: 1410
SPS: 1410
SPS: 1410
SPS: 1409
SPS: 1409
SPS: 1409
SPS: 1409
SPS: 1409
SPS: 1409
SPS: 1410
SPS: 1410
SPS: 1410
SPS: 1410
SPS: 1410
global_step=2155888, episodic_return=100.0
global_step=2155888, episodic_return=100.0
SPS: 1410
SPS: 1410
SPS: 1411
SPS: 1411
SPS: 1411
SPS: 1411
SPS: 1411
SPS: 1411
SPS: 1411
SPS: 1411
SPS: 1411
SPS: 1411
SPS: 1410
SPS: 1410
SPS: 1410
SPS: 1410
SPS: 1411
SPS: 1411
SPS: 1411
SPS: 1411
SPS: 1411
SPS: 1410
SPS: 1410
SPS: 1410
SPS: 1410
SPS: 1410
SPS: 1410
global_step=2198960, episodic_return=-116.0
SPS: 1410
SPS: 1410
SPS: 1410
SPS: 1410
SPS: 1410
SPS: 1410
SPS: 1411
SPS: 1411
SPS: 1411
SPS: 1411
SPS: 1411
SPS: 1411
SPS: 1411
SPS: 1411
SPS: 1411
SPS: 1411
SPS: 1411
SPS: 1411
SPS: 1411
SPS: 1411
SPS: 1411
SPS: 1411
SPS: 1411
SPS: 1411
SPS: 1411
SPS: 1411
SPS: 1411
global_step=2242048, episodic_return=-1000.0
global_step=2242048, episodic_return=-1000.0
SPS: 1411
SPS: 1411
SPS: 1411
SPS: 1411
SPS: 1411
SPS: 1411
SPS: 1411
SPS: 1411
SPS: 1411
SPS: 1410
SPS: 1410
SPS: 1409
SPS: 1409
SPS: 1409
SPS: 1409
SPS: 1409
SPS: 1409
SPS: 1409
SPS: 1409
SPS: 1409
SPS: 1409
SPS: 1409
SPS: 1409
SPS: 1409
SPS: 1409
SPS: 1409
SPS: 1409
global_step=2285216, episodic_return=-175.0
SPS: 1409
SPS: 1409
SPS: 1408
SPS: 1408
SPS: 1408
SPS: 1408
SPS: 1408
SPS: 1408
SPS: 1408
SPS: 1408
SPS: 1408
SPS: 1408
SPS: 1407
SPS: 1407
SPS: 1407
SPS: 1407
SPS: 1407
SPS: 1407
SPS: 1407
SPS: 1407
SPS: 1407
SPS: 1407
SPS: 1407
SPS: 1407
SPS: 1407
SPS: 1407
SPS: 1407
global_step=2328304, episodic_return=0.0
global_step=2328304, episodic_return=0.0
SPS: 1407
SPS: 1407
SPS: 1407
SPS: 1407
SPS: 1407
SPS: 1406
SPS: 1406
SPS: 1407
SPS: 1407
SPS: 1407
SPS: 1407
SPS: 1407
SPS: 1407
SPS: 1407
SPS: 1407
SPS: 1407
SPS: 1407
SPS: 1406
SPS: 1406
SPS: 1406
SPS: 1406
SPS: 1406
SPS: 1406
SPS: 1406
SPS: 1406
SPS: 1406
SPS: 1406
global_step=2371472, episodic_return=0.0
global_step=2371472, episodic_return=0.0
SPS: 1406
SPS: 1407
SPS: 1407
SPS: 1407
SPS: 1407
SPS: 1407
SPS: 1407
SPS: 1407
SPS: 1406
SPS: 1406
SPS: 1406
SPS: 1406
SPS: 1406
SPS: 1406
SPS: 1406
SPS: 1406
SPS: 1406
SPS: 1406
SPS: 1406
SPS: 1406
SPS: 1406
SPS: 1406
SPS: 1406
SPS: 1407
SPS: 1407
SPS: 1407
SPS: 1407
global_step=2414624, episodic_return=-1000.0
SPS: 1407
SPS: 1407
SPS: 1407
SPS: 1407
SPS: 1407
SPS: 1407
SPS: 1407
SPS: 1407
SPS: 1407
SPS: 1407
SPS: 1407
SPS: 1407
SPS: 1407
SPS: 1407
SPS: 1407
SPS: 1407
SPS: 1407
SPS: 1407
SPS: 1407
SPS: 1407
SPS: 1406
SPS: 1406
SPS: 1406
SPS: 1406
SPS: 1406
SPS: 1406
SPS: 1406
global_step=2457776, episodic_return=100.0
global_step=2457776, episodic_return=100.0
SPS: 1406
SPS: 1406
SPS: 1406
SPS: 1406
SPS: 1406
SPS: 1406
SPS: 1406
SPS: 1406
SPS: 1406
SPS: 1406
SPS: 1406
SPS: 1406
SPS: 1406
SPS: 1406
SPS: 1406
SPS: 1406
SPS: 1406
SPS: 1405
SPS: 1405
SPS: 1405
SPS: 1405
SPS: 1405
SPS: 1405
SPS: 1405
SPS: 1405
SPS: 1405
SPS: 1405
global_step=2500944, episodic_return=100.0
SPS: 1405
SPS: 1405
SPS: 1405
SPS: 1405
SPS: 1405
SPS: 1404
SPS: 1404
SPS: 1404
SPS: 1404
SPS: 1404
SPS: 1404
SPS: 1404
SPS: 1404
SPS: 1404
SPS: 1404
SPS: 1404
SPS: 1404
SPS: 1404
SPS: 1404
SPS: 1404
SPS: 1404
SPS: 1404
SPS: 1404
SPS: 1404
SPS: 1404
SPS: 1404
SPS: 1404
global_step=2544016, episodic_return=-420.0
global_step=2544016, episodic_return=-420.0
SPS: 1404
SPS: 1404
SPS: 1404
SPS: 1404
SPS: 1404
SPS: 1404
SPS: 1404
SPS: 1404
SPS: 1404
SPS: 1404
SPS: 1404
SPS: 1404
SPS: 1404
SPS: 1404
SPS: 1404
SPS: 1404
SPS: 1404
SPS: 1404
SPS: 1403
SPS: 1404
SPS: 1403
SPS: 1403
SPS: 1403
SPS: 1403
SPS: 1403
SPS: 1403
global_step=2587120, episodic_return=0.0
global_step=2587120, episodic_return=0.0
SPS: 1403
SPS: 1403
SPS: 1403
SPS: 1403
SPS: 1403
SPS: 1404
SPS: 1404
SPS: 1403
SPS: 1403
SPS: 1403
SPS: 1403
SPS: 1403
SPS: 1403
SPS: 1403
SPS: 1403
SPS: 1403
SPS: 1403
SPS: 1403
SPS: 1403
SPS: 1403
SPS: 1403
SPS: 1403
SPS: 1402
SPS: 1403
SPS: 1403
SPS: 1403
SPS: 1402
global_step=2630288, episodic_return=0.0
SPS: 1402
SPS: 1402
SPS: 1402
SPS: 1402
SPS: 1402
SPS: 1402
SPS: 1402
SPS: 1402
SPS: 1402
SPS: 1402
SPS: 1402
SPS: 1402
SPS: 1402
SPS: 1402
SPS: 1402
SPS: 1402
SPS: 1402
SPS: 1402
SPS: 1402
SPS: 1402
SPS: 1402
SPS: 1402
SPS: 1402
SPS: 1402
SPS: 1402
SPS: 1402
SPS: 1402
global_step=2673392, episodic_return=-104.0
global_step=2673392, episodic_return=-104.0
SPS: 1402
SPS: 1401
SPS: 1401
SPS: 1401
SPS: 1401
SPS: 1401
SPS: 1401
SPS: 1401
SPS: 1401
SPS: 1401
SPS: 1401
SPS: 1401
SPS: 1401
SPS: 1401
SPS: 1401
SPS: 1401
SPS: 1401
SPS: 1401
SPS: 1401
SPS: 1401
SPS: 1401
SPS: 1401
SPS: 1400
SPS: 1400
SPS: 1400
SPS: 1400
SPS: 1400
global_step=2716528, episodic_return=0.0
SPS: 1400
SPS: 1400
SPS: 1400
SPS: 1400
SPS: 1399
SPS: 1399
SPS: 1399
SPS: 1399
SPS: 1399
SPS: 1399
SPS: 1399
SPS: 1399
SPS: 1399
SPS: 1399
SPS: 1399
SPS: 1399
SPS: 1399
SPS: 1399
SPS: 1399
SPS: 1399
SPS: 1399
SPS: 1399
SPS: 1399
SPS: 1399
SPS: 1399
SPS: 1399
SPS: 1399
global_step=2759632, episodic_return=100.0
global_step=2759632, episodic_return=100.0
SPS: 1398
SPS: 1398
SPS: 1398
SPS: 1398
SPS: 1398
SPS: 1398
SPS: 1398
SPS: 1398
SPS: 1398
SPS: 1398
SPS: 1398
SPS: 1398
SPS: 1398
SPS: 1398
SPS: 1398
SPS: 1398
SPS: 1398
SPS: 1398
SPS: 1398
SPS: 1398
SPS: 1398
SPS: 1398
SPS: 1398
SPS: 1398
SPS: 1398
SPS: 1398
SPS: 1398
global_step=2802704, episodic_return=-789.0
global_step=2802704, episodic_return=-789.0
SPS: 1398
SPS: 1398
SPS: 1398
SPS: 1398
SPS: 1398
SPS: 1398
SPS: 1398
SPS: 1398
SPS: 1397
SPS: 1397
SPS: 1397
SPS: 1397
SPS: 1397
SPS: 1397
SPS: 1397
SPS: 1397
SPS: 1397
SPS: 1397
SPS: 1397
SPS: 1397
SPS: 1397
SPS: 1397
SPS: 1397
SPS: 1397
SPS: 1397
SPS: 1397
SPS: 1397
global_step=2845840, episodic_return=0.0
SPS: 1397
SPS: 1397
SPS: 1397
SPS: 1397
SPS: 1397
SPS: 1397
SPS: 1397
SPS: 1397
SPS: 1397
SPS: 1397
SPS: 1397
SPS: 1397
SPS: 1397
SPS: 1397
SPS: 1397
SPS: 1397
SPS: 1397
SPS: 1397
SPS: 1397
SPS: 1397
SPS: 1397
SPS: 1397
SPS: 1397
SPS: 1397
SPS: 1397
SPS: 1397
SPS: 1397
global_step=2888960, episodic_return=-1000.0
global_step=2888960, episodic_return=-1000.0
SPS: 1396
SPS: 1396
SPS: 1396
SPS: 1396
SPS: 1396
SPS: 1396
SPS: 1396
SPS: 1396
SPS: 1396
SPS: 1396
SPS: 1396
SPS: 1397
SPS: 1397
SPS: 1396
SPS: 1396
SPS: 1396
SPS: 1396
SPS: 1396
SPS: 1396
SPS: 1396
SPS: 1396
SPS: 1396
SPS: 1396
SPS: 1396
SPS: 1396
SPS: 1396
SPS: 1396
global_step=2932112, episodic_return=100.0
SPS: 1396
SPS: 1396
SPS: 1396
SPS: 1396
SPS: 1397
SPS: 1397
SPS: 1397
SPS: 1397
SPS: 1397
SPS: 1397
SPS: 1397
SPS: 1397
SPS: 1397
SPS: 1397
SPS: 1397
SPS: 1397
SPS: 1397
SPS: 1397
SPS: 1397
SPS: 1397
SPS: 1397
SPS: 1397
SPS: 1397
SPS: 1397
SPS: 1397
SPS: 1397
SPS: 1397
global_step=2975216, episodic_return=0.0
global_step=2975216, episodic_return=0.0
SPS: 1397
SPS: 1397
SPS: 1397
SPS: 1397
SPS: 1397
SPS: 1397
SPS: 1397
SPS: 1398
SPS: 1398
SPS: 1398
SPS: 1398
SPS: 1398
SPS: 1398
SPS: 1398
SPS: 1398
SPS: 1398
SPS: 1398
SPS: 1398
SPS: 1398
SPS: 1398
SPS: 1398
SPS: 1398
SPS: 1398
SPS: 1399
SPS: 1399
SPS: 1399
SPS: 1398
global_step=3018368, episodic_return=-1000.0
global_step=3018368, episodic_return=-1000.0
SPS: 1398
SPS: 1399
SPS: 1399
SPS: 1399
SPS: 1399
SPS: 1399
SPS: 1399
SPS: 1399
SPS: 1399
SPS: 1399
SPS: 1399
SPS: 1399
SPS: 1399
SPS: 1399
SPS: 1399
SPS: 1399
SPS: 1399
SPS: 1399
SPS: 1399
SPS: 1400
SPS: 1400
SPS: 1400
SPS: 1400
SPS: 1400
SPS: 1400
SPS: 1400
SPS: 1400
global_step=3061504, episodic_return=100.0
SPS: 1400
SPS: 1400
SPS: 1400
SPS: 1400
SPS: 1400
SPS: 1400
SPS: 1400
SPS: 1400
SPS: 1399
SPS: 1399
SPS: 1400
SPS: 1400
SPS: 1400
SPS: 1399
SPS: 1400
SPS: 1399
SPS: 1400
SPS: 1400
SPS: 1400
SPS: 1400
SPS: 1400
SPS: 1400
SPS: 1400
SPS: 1400
SPS: 1400
SPS: 1400
SPS: 1399
global_step=3104672, episodic_return=100.0
global_step=3104672, episodic_return=100.0
SPS: 1399
SPS: 1399
SPS: 1399
SPS: 1399
SPS: 1399
SPS: 1399
SPS: 1399
SPS: 1399
SPS: 1399
SPS: 1399
SPS: 1399
SPS: 1399
SPS: 1399
SPS: 1399
SPS: 1399
SPS: 1399
SPS: 1399
SPS: 1399
SPS: 1399
SPS: 1399
SPS: 1399
SPS: 1399
SPS: 1399
SPS: 1399
SPS: 1399
SPS: 1399
SPS: 1399
global_step=3147776, episodic_return=-1000.0
SPS: 1398
SPS: 1398
SPS: 1398
SPS: 1399
SPS: 1399
SPS: 1399
SPS: 1399
SPS: 1399
SPS: 1399
SPS: 1399
SPS: 1398
SPS: 1398
SPS: 1398
SPS: 1398
SPS: 1398
SPS: 1397
SPS: 1397
SPS: 1397
SPS: 1397
SPS: 1397
SPS: 1397
SPS: 1397
SPS: 1397
SPS: 1397
SPS: 1397
SPS: 1397
SPS: 1397
global_step=3190864, episodic_return=100.0
global_step=3190864, episodic_return=100.0
SPS: 1397
SPS: 1397
SPS: 1397
SPS: 1398
SPS: 1398
SPS: 1398
SPS: 1398
SPS: 1398
SPS: 1398
SPS: 1398
SPS: 1398
SPS: 1398
SPS: 1398
SPS: 1398
SPS: 1398
SPS: 1398
SPS: 1398
SPS: 1398
SPS: 1398
SPS: 1397
SPS: 1397
SPS: 1397
SPS: 1397
SPS: 1397
SPS: 1397
SPS: 1397
SPS: 1397
global_step=3233936, episodic_return=-800.0
global_step=3233936, episodic_return=-800.0
SPS: 1397
SPS: 1397
SPS: 1397
SPS: 1397
SPS: 1397
SPS: 1397
SPS: 1397
SPS: 1397
SPS: 1397
SPS: 1397
SPS: 1397
SPS: 1397
SPS: 1397
SPS: 1397
SPS: 1397
SPS: 1397
SPS: 1397
SPS: 1397
SPS: 1397
SPS: 1397
SPS: 1396
SPS: 1396
SPS: 1396
SPS: 1396
SPS: 1396
SPS: 1395
SPS: 1395
global_step=3277072, episodic_return=100.0
SPS: 1395
SPS: 1395
SPS: 1395
SPS: 1395
SPS: 1395
SPS: 1395
SPS: 1395
SPS: 1395
SPS: 1395
SPS: 1395
SPS: 1395
SPS: 1395
SPS: 1395
SPS: 1395
SPS: 1395
SPS: 1395
SPS: 1394
SPS: 1394
SPS: 1394
SPS: 1394
SPS: 1394
SPS: 1394
SPS: 1394
SPS: 1394
SPS: 1394
SPS: 1394
SPS: 1394
global_step=3320256, episodic_return=0.0
global_step=3320256, episodic_return=0.0
SPS: 1394
SPS: 1394
SPS: 1394
SPS: 1394
SPS: 1394
SPS: 1394
SPS: 1394
SPS: 1394
SPS: 1394
SPS: 1394
SPS: 1394
SPS: 1394
SPS: 1394
SPS: 1394
SPS: 1393
SPS: 1393
SPS: 1393
SPS: 1393
SPS: 1393
SPS: 1393
SPS: 1393
SPS: 1393
SPS: 1393
SPS: 1393
SPS: 1393
SPS: 1393
SPS: 1393
global_step=3363424, episodic_return=0.0
SPS: 1393
SPS: 1393
SPS: 1393
SPS: 1393
SPS: 1393
SPS: 1392
SPS: 1392
SPS: 1392
SPS: 1392
SPS: 1392
SPS: 1393
SPS: 1393
SPS: 1392
SPS: 1392
SPS: 1392
SPS: 1392
SPS: 1392
SPS: 1392
SPS: 1392
SPS: 1392
SPS: 1392
SPS: 1392
SPS: 1391
SPS: 1391
SPS: 1391
SPS: 1391
SPS: 1391
global_step=3406512, episodic_return=0.0
global_step=3406512, episodic_return=0.0
SPS: 1391
SPS: 1391
SPS: 1391
SPS: 1391
SPS: 1391
SPS: 1391
SPS: 1391
SPS: 1391
SPS: 1390
SPS: 1390
SPS: 1390
SPS: 1390
SPS: 1390
SPS: 1390
SPS: 1390
SPS: 1390
SPS: 1390
SPS: 1390
SPS: 1390
SPS: 1390
SPS: 1390
SPS: 1390
SPS: 1390
SPS: 1390
SPS: 1390
SPS: 1390
SPS: 1390
global_step=3449616, episodic_return=100.0
global_step=3449616, episodic_return=100.0
SPS: 1390
SPS: 1390
SPS: 1390
SPS: 1390
SPS: 1390
SPS: 1390
SPS: 1390
SPS: 1390
SPS: 1390
SPS: 1390
SPS: 1390
SPS: 1390
SPS: 1390
SPS: 1391
SPS: 1391
SPS: 1390
SPS: 1390
SPS: 1390
SPS: 1390
SPS: 1390
SPS: 1390
SPS: 1390
SPS: 1390
SPS: 1390
SPS: 1390
SPS: 1390
global_step=3492672, episodic_return=100.0
SPS: 1390
SPS: 1390
SPS: 1390
SPS: 1390
SPS: 1390
SPS: 1390
SPS: 1390
SPS: 1390
SPS: 1390
SPS: 1390
SPS: 1390
SPS: 1390
SPS: 1390
SPS: 1390
SPS: 1390
SPS: 1390
SPS: 1390
SPS: 1390
SPS: 1391
SPS: 1391
SPS: 1391
SPS: 1391
SPS: 1391
SPS: 1391
SPS: 1391
SPS: 1391
SPS: 1391
global_step=3535776, episodic_return=100.0
global_step=3535776, episodic_return=100.0
SPS: 1391
SPS: 1391
SPS: 1391
SPS: 1391
SPS: 1391
SPS: 1391
SPS: 1391
SPS: 1391
SPS: 1391
SPS: 1391
SPS: 1392
SPS: 1392
SPS: 1392
SPS: 1392
SPS: 1392
SPS: 1392
SPS: 1392
SPS: 1392
SPS: 1392
SPS: 1392
SPS: 1392
SPS: 1392
SPS: 1392
SPS: 1392
SPS: 1392
SPS: 1392
SPS: 1392
global_step=3578864, episodic_return=0.0
SPS: 1392
SPS: 1392
SPS: 1392
SPS: 1392
SPS: 1392
SPS: 1392
SPS: 1392
SPS: 1392
SPS: 1392
SPS: 1392
SPS: 1392
SPS: 1392
SPS: 1392
SPS: 1392
SPS: 1392
SPS: 1392
SPS: 1392
SPS: 1392
SPS: 1392
SPS: 1392
SPS: 1392
SPS: 1392
SPS: 1392
SPS: 1392
SPS: 1392
SPS: 1392
SPS: 1392
global_step=3622016, episodic_return=-1000.0
global_step=3622016, episodic_return=-1000.0
SPS: 1391
SPS: 1391
SPS: 1391
SPS: 1391
SPS: 1391
SPS: 1391
SPS: 1391
SPS: 1391
SPS: 1391
SPS: 1391
SPS: 1391
SPS: 1391
SPS: 1391
SPS: 1391
SPS: 1391
SPS: 1391
SPS: 1391
SPS: 1391
SPS: 1391
SPS: 1391
SPS: 1391
SPS: 1391
SPS: 1391
SPS: 1391
SPS: 1391
SPS: 1391
SPS: 1391
global_step=3665168, episodic_return=100.0
global_step=3665168, episodic_return=100.0
SPS: 1391
SPS: 1391
SPS: 1391
SPS: 1391
SPS: 1391
SPS: 1391
SPS: 1391
SPS: 1391
SPS: 1391
SPS: 1391
SPS: 1391
SPS: 1391
SPS: 1391
SPS: 1391
SPS: 1391
SPS: 1391
SPS: 1391
SPS: 1391
SPS: 1391
SPS: 1391
SPS: 1391
SPS: 1391
SPS: 1391
SPS: 1391
SPS: 1391
SPS: 1391
SPS: 1392
global_step=3708288, episodic_return=100.0
SPS: 1392
SPS: 1392
SPS: 1392
SPS: 1392
SPS: 1392
SPS: 1392
SPS: 1392
SPS: 1392
SPS: 1392
SPS: 1392
SPS: 1392
SPS: 1392
SPS: 1392
SPS: 1392
SPS: 1392
SPS: 1392
SPS: 1392
SPS: 1392
SPS: 1392
SPS: 1392
SPS: 1392
SPS: 1392
SPS: 1393
SPS: 1393
SPS: 1393
SPS: 1393
SPS: 1393
global_step=3751376, episodic_return=100.0
global_step=3751376, episodic_return=100.0
SPS: 1393
SPS: 1393
SPS: 1393
SPS: 1393
SPS: 1393
SPS: 1393
SPS: 1393
SPS: 1393
SPS: 1393
SPS: 1393
SPS: 1393
SPS: 1393
SPS: 1393
SPS: 1393
SPS: 1393
SPS: 1393
SPS: 1393
SPS: 1393
SPS: 1394
SPS: 1394
SPS: 1394
SPS: 1393
SPS: 1393
SPS: 1393
SPS: 1393
SPS: 1393
SPS: 1393
global_step=3794528, episodic_return=100.0
SPS: 1393
SPS: 1393
SPS: 1393
SPS: 1393
SPS: 1393
SPS: 1393
SPS: 1393
SPS: 1393
SPS: 1393
SPS: 1393
SPS: 1393
SPS: 1393
SPS: 1393
SPS: 1393
SPS: 1393
SPS: 1393
SPS: 1393
SPS: 1393
SPS: 1392
SPS: 1392
SPS: 1392
SPS: 1392
SPS: 1392
SPS: 1392
SPS: 1392
SPS: 1392
SPS: 1392
global_step=3837696, episodic_return=100.0
global_step=3837696, episodic_return=100.0
SPS: 1391
SPS: 1391
SPS: 1391
SPS: 1391
SPS: 1391
SPS: 1391
SPS: 1392
SPS: 1392
SPS: 1391
SPS: 1391
SPS: 1391
SPS: 1391
SPS: 1391
SPS: 1391
SPS: 1391
SPS: 1391
SPS: 1391
SPS: 1392
SPS: 1392
SPS: 1392
SPS: 1392
SPS: 1392
SPS: 1392
SPS: 1392
SPS: 1392
SPS: 1392
SPS: 1392
global_step=3880864, episodic_return=100.0
global_step=3880864, episodic_return=100.0
SPS: 1392
SPS: 1392
SPS: 1391
SPS: 1392
SPS: 1391
SPS: 1391
SPS: 1391
SPS: 1391
SPS: 1391
SPS: 1391
SPS: 1391
SPS: 1391
SPS: 1391
SPS: 1391
SPS: 1391
SPS: 1391
SPS: 1391
SPS: 1391
SPS: 1391
SPS: 1391
SPS: 1391
SPS: 1391
SPS: 1391
SPS: 1391
SPS: 1391
SPS: 1391
SPS: 1391
global_step=3923984, episodic_return=100.0
SPS: 1391
SPS: 1391
SPS: 1391
SPS: 1391
SPS: 1391
SPS: 1391
SPS: 1391
SPS: 1391
SPS: 1391
SPS: 1391
SPS: 1391
SPS: 1391
SPS: 1391
SPS: 1390
SPS: 1390
SPS: 1390
SPS: 1390
SPS: 1390
SPS: 1390
SPS: 1391
SPS: 1391
SPS: 1391
SPS: 1391
SPS: 1391
SPS: 1391
SPS: 1391
SPS: 1391
global_step=3967104, episodic_return=100.0
global_step=3967104, episodic_return=100.0
SPS: 1391
SPS: 1391
SPS: 1391
SPS: 1391
SPS: 1391
SPS: 1391
SPS: 1391
SPS: 1391
SPS: 1391
SPS: 1391
SPS: 1391
SPS: 1391
SPS: 1391
SPS: 1391
SPS: 1391
SPS: 1391
SPS: 1391
SPS: 1391
SPS: 1391
SPS: 1391
SPS: 1391
SPS: 1391
SPS: 1391
SPS: 1391
SPS: 1391
SPS: 1391
SPS: 1391
global_step=4010176, episodic_return=100.0
SPS: 1391
SPS: 1391
SPS: 1391
SPS: 1391
SPS: 1391
SPS: 1391
SPS: 1391
SPS: 1391
SPS: 1391
SPS: 1391
SPS: 1391
SPS: 1391
SPS: 1391
SPS: 1391
SPS: 1391
SPS: 1391
SPS: 1391
SPS: 1391
SPS: 1391
SPS: 1391
SPS: 1391
SPS: 1391
SPS: 1391
SPS: 1391
SPS: 1391
SPS: 1391
SPS: 1391
global_step=4053344, episodic_return=100.0
global_step=4053344, episodic_return=100.0
SPS: 1391
SPS: 1391
SPS: 1391
SPS: 1391
SPS: 1391
SPS: 1391
SPS: 1391
SPS: 1391
SPS: 1391
SPS: 1391
SPS: 1391
SPS: 1391
SPS: 1391
SPS: 1391
SPS: 1391
SPS: 1391
SPS: 1391
SPS: 1391
SPS: 1391
SPS: 1391
SPS: 1391
SPS: 1391
SPS: 1391
SPS: 1391
SPS: 1391
SPS: 1391
SPS: 1392
global_step=4096496, episodic_return=-1000.0
global_step=4096496, episodic_return=-1000.0
SPS: 1391
SPS: 1392
SPS: 1392
SPS: 1392
SPS: 1392
SPS: 1392
SPS: 1392
SPS: 1392
SPS: 1392
SPS: 1392
SPS: 1392
SPS: 1392
SPS: 1392
SPS: 1392
SPS: 1392
SPS: 1392
SPS: 1392
SPS: 1392
SPS: 1392
SPS: 1392
SPS: 1392
SPS: 1392
SPS: 1392
SPS: 1392
SPS: 1392
SPS: 1392
SPS: 1392
global_step=4139568, episodic_return=-1000.0
SPS: 1392
SPS: 1392
SPS: 1392
SPS: 1392
SPS: 1392
SPS: 1392
SPS: 1392
SPS: 1392
SPS: 1392
SPS: 1392
SPS: 1392
SPS: 1392
SPS: 1392
SPS: 1392
SPS: 1392
SPS: 1392
SPS: 1392
SPS: 1392
SPS: 1392
SPS: 1392
SPS: 1392
SPS: 1392
SPS: 1392
SPS: 1392
SPS: 1392
SPS: 1392
SPS: 1392
global_step=4182720, episodic_return=-476.0
global_step=4182720, episodic_return=-476.0
SPS: 1392
SPS: 1392
SPS: 1392
SPS: 1392
SPS: 1392
SPS: 1392
SPS: 1392
SPS: 1392
SPS: 1392
SPS: 1392
SPS: 1392
SPS: 1392
SPS: 1392
SPS: 1392
SPS: 1392
SPS: 1392
SPS: 1392
SPS: 1392
SPS: 1392
SPS: 1392
SPS: 1392
SPS: 1392
SPS: 1392
SPS: 1392
SPS: 1392
SPS: 1392
SPS: 1391
global_step=4225888, episodic_return=0.0
SPS: 1391
SPS: 1391
SPS: 1392
SPS: 1392
SPS: 1392
SPS: 1392
SPS: 1392
SPS: 1392
SPS: 1392
SPS: 1392
SPS: 1392
SPS: 1392
SPS: 1392
SPS: 1392
SPS: 1392
SPS: 1392
SPS: 1392
SPS: 1392
SPS: 1392
SPS: 1392
SPS: 1392
SPS: 1392
SPS: 1392
SPS: 1392
SPS: 1392
SPS: 1392
SPS: 1392
global_step=4269056, episodic_return=0.0
global_step=4269056, episodic_return=0.0
SPS: 1392
SPS: 1392
SPS: 1392
SPS: 1391
SPS: 1391
SPS: 1391
SPS: 1391
SPS: 1391
SPS: 1391
SPS: 1391
SPS: 1391
SPS: 1391
SPS: 1391
SPS: 1391
SPS: 1391
SPS: 1391
SPS: 1391
SPS: 1391
SPS: 1391
SPS: 1391
SPS: 1391
SPS: 1392
SPS: 1392
SPS: 1392
SPS: 1392
SPS: 1392
SPS: 1392
global_step=4312176, episodic_return=0.0
global_step=4312176, episodic_return=0.0
SPS: 1392
SPS: 1392
SPS: 1392
SPS: 1392
SPS: 1392
SPS: 1392
SPS: 1392
SPS: 1392
SPS: 1392
SPS: 1392
SPS: 1392
SPS: 1392
SPS: 1392
SPS: 1392
SPS: 1392
SPS: 1392
SPS: 1392
SPS: 1392
SPS: 1392
SPS: 1392
SPS: 1392
SPS: 1392
SPS: 1393
SPS: 1393
SPS: 1393
SPS: 1393
SPS: 1393
global_step=4355360, episodic_return=-1000.0
SPS: 1393
SPS: 1393
SPS: 1393
SPS: 1393
SPS: 1393
SPS: 1392
SPS: 1392
SPS: 1392
SPS: 1392
SPS: 1392
SPS: 1392
SPS: 1392
SPS: 1392
SPS: 1392
SPS: 1392
SPS: 1392
SPS: 1392
SPS: 1392
SPS: 1392
SPS: 1392
SPS: 1392
SPS: 1392
SPS: 1392
SPS: 1392
SPS: 1392
SPS: 1392
SPS: 1392
global_step=4398528, episodic_return=100.0
global_step=4398528, episodic_return=100.0
SPS: 1392
SPS: 1392
SPS: 1392
SPS: 1392
SPS: 1393
SPS: 1393
SPS: 1392
SPS: 1392
SPS: 1392
SPS: 1392
SPS: 1392
SPS: 1392
SPS: 1392
SPS: 1392
SPS: 1392
SPS: 1392
SPS: 1392
SPS: 1392
SPS: 1392
SPS: 1392
SPS: 1392
SPS: 1392
SPS: 1392
SPS: 1392
SPS: 1392
SPS: 1392
SPS: 1392
global_step=4441632, episodic_return=100.0
SPS: 1392
SPS: 1392
SPS: 1392
SPS: 1392
SPS: 1392
SPS: 1392
SPS: 1392
SPS: 1392
SPS: 1392
SPS: 1392
SPS: 1392
SPS: 1392
SPS: 1392
SPS: 1392
SPS: 1392
SPS: 1392
SPS: 1392
SPS: 1392
SPS: 1392
SPS: 1392
SPS: 1392
SPS: 1392
SPS: 1392
SPS: 1392
SPS: 1392
SPS: 1392
global_step=4484704, episodic_return=100.0
global_step=4484704, episodic_return=100.0
SPS: 1392
SPS: 1392
SPS: 1392
SPS: 1391
SPS: 1391
SPS: 1391
SPS: 1391
SPS: 1391
SPS: 1391
SPS: 1391
SPS: 1391
SPS: 1391
SPS: 1391
SPS: 1391
SPS: 1391
SPS: 1391
SPS: 1391
SPS: 1391
SPS: 1391
SPS: 1391
SPS: 1391
SPS: 1391
SPS: 1391
SPS: 1391
SPS: 1391
SPS: 1391
SPS: 1391
global_step=4527856, episodic_return=-1000.0
global_step=4527856, episodic_return=-1000.0
SPS: 1391
SPS: 1391
SPS: 1391
SPS: 1391
SPS: 1391
SPS: 1391
SPS: 1391
SPS: 1391
SPS: 1391
SPS: 1391
SPS: 1390
SPS: 1390
SPS: 1390
SPS: 1390
SPS: 1390
SPS: 1390
SPS: 1390
SPS: 1390
SPS: 1390
SPS: 1390
SPS: 1390
SPS: 1390
SPS: 1390
SPS: 1390
SPS: 1390
SPS: 1390
SPS: 1390
global_step=4570928, episodic_return=100.0
SPS: 1390
SPS: 1390
SPS: 1390
SPS: 1390
SPS: 1390
SPS: 1390
SPS: 1390
SPS: 1390
SPS: 1390
SPS: 1390
SPS: 1390
SPS: 1390
SPS: 1390
SPS: 1390
SPS: 1390
SPS: 1390
SPS: 1390
SPS: 1390
SPS: 1390
SPS: 1390
SPS: 1390
SPS: 1390
SPS: 1390
SPS: 1390
SPS: 1390
SPS: 1390
SPS: 1391
global_step=4614080, episodic_return=-1000.0
global_step=4614080, episodic_return=-1000.0
SPS: 1390
SPS: 1390
SPS: 1390
SPS: 1390
SPS: 1390
SPS: 1390
SPS: 1390
SPS: 1390
SPS: 1390
SPS: 1390
SPS: 1390
SPS: 1390
SPS: 1390
SPS: 1390
SPS: 1390
SPS: 1390
SPS: 1391
SPS: 1391
SPS: 1391
SPS: 1391
SPS: 1391
SPS: 1391
SPS: 1391
SPS: 1391
SPS: 1391
SPS: 1391
SPS: 1391
global_step=4657232, episodic_return=100.0
SPS: 1391
SPS: 1391
SPS: 1391
SPS: 1391
SPS: 1391
SPS: 1391
SPS: 1391
SPS: 1391
SPS: 1391
SPS: 1391
SPS: 1391
SPS: 1391
SPS: 1391
SPS: 1391
SPS: 1391
SPS: 1391
SPS: 1391
SPS: 1391
SPS: 1391
SPS: 1391
SPS: 1391
SPS: 1391
SPS: 1391
SPS: 1391
SPS: 1391
SPS: 1391
SPS: 1391
global_step=4700352, episodic_return=0.0
global_step=4700352, episodic_return=0.0
SPS: 1391
SPS: 1391
SPS: 1391
SPS: 1391
SPS: 1391
SPS: 1391
SPS: 1391
SPS: 1391
SPS: 1391
SPS: 1391
SPS: 1391
SPS: 1391
SPS: 1391
SPS: 1391
SPS: 1391
SPS: 1391
SPS: 1391
SPS: 1391
SPS: 1391
SPS: 1391
SPS: 1391
SPS: 1391
SPS: 1391
SPS: 1391
SPS: 1391
SPS: 1391
SPS: 1391
global_step=4743456, episodic_return=100.0
global_step=4743456, episodic_return=100.0
SPS: 1391
SPS: 1391
SPS: 1391
SPS: 1391
SPS: 1392
SPS: 1392
SPS: 1392
SPS: 1392
SPS: 1392
SPS: 1392
SPS: 1392
SPS: 1392
SPS: 1392
SPS: 1392
SPS: 1392
SPS: 1392
SPS: 1392
SPS: 1392
SPS: 1392
SPS: 1392
SPS: 1392
SPS: 1392
SPS: 1392
SPS: 1392
SPS: 1392
SPS: 1392
SPS: 1392
global_step=4786624, episodic_return=100.0
SPS: 1392
SPS: 1392
SPS: 1392
SPS: 1392
SPS: 1392
SPS: 1392
SPS: 1392
SPS: 1392
SPS: 1391
SPS: 1392
SPS: 1392
SPS: 1392
SPS: 1392
SPS: 1392
SPS: 1392
SPS: 1392
SPS: 1392
SPS: 1392
SPS: 1392
SPS: 1392
SPS: 1392
SPS: 1392
SPS: 1392
SPS: 1392
SPS: 1392
SPS: 1392
SPS: 1392
global_step=4829744, episodic_return=100.0
global_step=4829744, episodic_return=100.0
SPS: 1392
SPS: 1392
SPS: 1392
SPS: 1392
SPS: 1392
SPS: 1392
SPS: 1392
SPS: 1392
SPS: 1392
SPS: 1392
SPS: 1392
SPS: 1392
SPS: 1392
SPS: 1393
SPS: 1393
SPS: 1393
SPS: 1393
SPS: 1393
SPS: 1393
SPS: 1393
SPS: 1393
SPS: 1393
SPS: 1393
SPS: 1393
SPS: 1393
SPS: 1393
SPS: 1393
global_step=4872848, episodic_return=100.0
SPS: 1393
SPS: 1393
SPS: 1393
SPS: 1393
SPS: 1393
SPS: 1393
SPS: 1393
SPS: 1393
SPS: 1393
SPS: 1393
SPS: 1393
SPS: 1393
SPS: 1393
SPS: 1393
SPS: 1393
SPS: 1393
SPS: 1393
SPS: 1393
SPS: 1393
SPS: 1393
SPS: 1393
SPS: 1393
SPS: 1393
SPS: 1393
SPS: 1393
SPS: 1393
SPS: 1393
global_step=4915952, episodic_return=0.0
global_step=4915952, episodic_return=0.0
SPS: 1393
SPS: 1393
SPS: 1393
SPS: 1393
SPS: 1393
SPS: 1393
SPS: 1393
SPS: 1393
SPS: 1393
SPS: 1393
SPS: 1393
SPS: 1393
SPS: 1393
SPS: 1393
SPS: 1393
SPS: 1393
SPS: 1393
SPS: 1393
SPS: 1393
SPS: 1393
SPS: 1393
SPS: 1393
SPS: 1393
SPS: 1393
SPS: 1393
SPS: 1393
SPS: 1393
global_step=4959120, episodic_return=100.0
global_step=4959120, episodic_return=100.0
SPS: 1393
SPS: 1392
SPS: 1392
SPS: 1392
SPS: 1392
SPS: 1392
SPS: 1392
SPS: 1392
SPS: 1392
SPS: 1392
SPS: 1392
SPS: 1392
SPS: 1392
SPS: 1392
SPS: 1392
SPS: 1392
SPS: 1392
SPS: 1392
SPS: 1392
SPS: 1392
SPS: 1392
SPS: 1392
SPS: 1392
SPS: 1392
SPS: 1392
SPS: 1392
SPS: 1392
global_step=5002192, episodic_return=100.0
SPS: 1392
SPS: 1392
SPS: 1392
SPS: 1393
SPS: 1393
SPS: 1393
SPS: 1393
SPS: 1392
SPS: 1392
SPS: 1392
SPS: 1392
SPS: 1392
SPS: 1392
SPS: 1392
SPS: 1392
SPS: 1392
SPS: 1392
SPS: 1392
SPS: 1392
SPS: 1392
SPS: 1392
SPS: 1392
SPS: 1392
SPS: 1392
SPS: 1392
SPS: 1392
SPS: 1392
global_step=5045296, episodic_return=100.0
global_step=5045296, episodic_return=100.0
SPS: 1392
SPS: 1392
SPS: 1392
SPS: 1392
SPS: 1392
SPS: 1392
SPS: 1392
SPS: 1392
SPS: 1392
SPS: 1392
SPS: 1392
SPS: 1392
SPS: 1392
SPS: 1392
SPS: 1392
SPS: 1392
SPS: 1392
SPS: 1392
SPS: 1392
SPS: 1392
SPS: 1392
SPS: 1392
SPS: 1392
SPS: 1392
SPS: 1392
SPS: 1392
SPS: 1392
global_step=5088448, episodic_return=100.0
SPS: 1392
SPS: 1392
SPS: 1392
SPS: 1392
SPS: 1392
SPS: 1392
SPS: 1392
SPS: 1392
SPS: 1392
SPS: 1392
SPS: 1392
SPS: 1392
SPS: 1392
SPS: 1392
SPS: 1392
SPS: 1392
SPS: 1392
SPS: 1392
SPS: 1392
SPS: 1392
SPS: 1392
SPS: 1392
SPS: 1392
SPS: 1392
SPS: 1391
SPS: 1391
SPS: 1391
global_step=5131552, episodic_return=100.0
global_step=5131552, episodic_return=100.0
SPS: 1391
SPS: 1391
SPS: 1391
SPS: 1391
SPS: 1391
SPS: 1391
SPS: 1391
SPS: 1391
SPS: 1391
SPS: 1391
SPS: 1391
SPS: 1391
SPS: 1391
SPS: 1391
SPS: 1391
SPS: 1391
SPS: 1391
SPS: 1391
SPS: 1391
SPS: 1391
SPS: 1391
SPS: 1391
SPS: 1391
SPS: 1391
SPS: 1391
SPS: 1391
SPS: 1391
global_step=5174704, episodic_return=-1000.0
global_step=5174704, episodic_return=-1000.0
SPS: 1391
SPS: 1391
SPS: 1391
SPS: 1391
SPS: 1391
SPS: 1391
SPS: 1391
SPS: 1391
SPS: 1391
SPS: 1391
SPS: 1391
SPS: 1391
SPS: 1390
SPS: 1390
SPS: 1390
SPS: 1390
SPS: 1390
SPS: 1390
SPS: 1390
SPS: 1391
SPS: 1391
SPS: 1391
SPS: 1391
SPS: 1391
SPS: 1391
SPS: 1391
SPS: 1391
global_step=5217872, episodic_return=100.0
SPS: 1391
SPS: 1391
SPS: 1391
SPS: 1391
SPS: 1391
SPS: 1391
SPS: 1391
SPS: 1391
SPS: 1391
SPS: 1391
SPS: 1391
SPS: 1391
SPS: 1391
SPS: 1391
SPS: 1391
SPS: 1391
SPS: 1391
SPS: 1390
SPS: 1390
SPS: 1390
SPS: 1390
SPS: 1390
SPS: 1390
SPS: 1390
SPS: 1390
SPS: 1390
SPS: 1390
global_step=5260992, episodic_return=0.0
global_step=5260992, episodic_return=0.0
SPS: 1389
SPS: 1389
SPS: 1389
SPS: 1389
SPS: 1389
SPS: 1389
SPS: 1389
SPS: 1388
SPS: 1388
SPS: 1388
SPS: 1388
SPS: 1388
SPS: 1389
SPS: 1389
SPS: 1389
SPS: 1389
SPS: 1389
SPS: 1389
SPS: 1389
SPS: 1389
SPS: 1389
SPS: 1389
SPS: 1389
SPS: 1389
SPS: 1389
SPS: 1389
SPS: 1389
global_step=5304128, episodic_return=56.0
SPS: 1389
SPS: 1389
SPS: 1389
SPS: 1389
SPS: 1389
SPS: 1389
SPS: 1389
SPS: 1389
SPS: 1389
SPS: 1389
SPS: 1389
SPS: 1389
SPS: 1389
SPS: 1389
SPS: 1389
SPS: 1389
SPS: 1389
SPS: 1389
SPS: 1389
SPS: 1389
SPS: 1389
SPS: 1389
SPS: 1389
SPS: 1389
SPS: 1389
SPS: 1389
global_step=5347200, episodic_return=0.0
global_step=5347200, episodic_return=0.0
SPS: 1389
SPS: 1389
SPS: 1389
SPS: 1389
SPS: 1389
SPS: 1389
SPS: 1389
SPS: 1389
SPS: 1389
SPS: 1389
SPS: 1389
SPS: 1389
SPS: 1389
SPS: 1389
SPS: 1389
SPS: 1389
SPS: 1389
SPS: 1389
SPS: 1389
SPS: 1389
SPS: 1389
SPS: 1389
SPS: 1389
SPS: 1389
SPS: 1389
SPS: 1389
SPS: 1389
global_step=5390304, episodic_return=0.0
global_step=5390304, episodic_return=0.0
SPS: 1389
SPS: 1389
SPS: 1388
SPS: 1388
SPS: 1388
SPS: 1388
SPS: 1388
SPS: 1388
SPS: 1388
SPS: 1388
SPS: 1388
SPS: 1388
SPS: 1388
SPS: 1388
SPS: 1388
SPS: 1388
SPS: 1388
SPS: 1388
SPS: 1388
SPS: 1388
SPS: 1388
SPS: 1388
SPS: 1389
SPS: 1389
SPS: 1389
SPS: 1389
SPS: 1389
global_step=5433424, episodic_return=100.0
SPS: 1389
SPS: 1389
SPS: 1389
SPS: 1389
SPS: 1389
SPS: 1389
SPS: 1389
SPS: 1389
SPS: 1389
SPS: 1389
SPS: 1389
SPS: 1388
SPS: 1388
SPS: 1388
SPS: 1388
SPS: 1388
SPS: 1388
SPS: 1388
SPS: 1388
SPS: 1388
SPS: 1388
SPS: 1388
SPS: 1388
SPS: 1388
SPS: 1388
SPS: 1388
SPS: 1388
global_step=5476560, episodic_return=0.0
global_step=5476560, episodic_return=0.0
SPS: 1388
SPS: 1388
SPS: 1388
SPS: 1388
SPS: 1388
SPS: 1388
SPS: 1388
SPS: 1388
SPS: 1388
SPS: 1388
SPS: 1388
SPS: 1388
SPS: 1388
SPS: 1388
SPS: 1388
SPS: 1388
SPS: 1388
SPS: 1388
SPS: 1388
SPS: 1388
SPS: 1388
SPS: 1388
SPS: 1388
SPS: 1387
SPS: 1387
SPS: 1387
SPS: 1387
global_step=5519680, episodic_return=-1000.0
SPS: 1387
SPS: 1387
SPS: 1387
SPS: 1387
SPS: 1387
SPS: 1387
SPS: 1386
SPS: 1386
SPS: 1386
SPS: 1386
SPS: 1387
SPS: 1387
SPS: 1387
SPS: 1387
SPS: 1387
SPS: 1387
SPS: 1387
SPS: 1387
SPS: 1387
SPS: 1387
SPS: 1387
SPS: 1387
SPS: 1387
SPS: 1387
SPS: 1387
SPS: 1387
SPS: 1387
global_step=5562848, episodic_return=0.0
global_step=5562848, episodic_return=0.0
SPS: 1387
SPS: 1387
SPS: 1387
SPS: 1387
SPS: 1387
SPS: 1387
SPS: 1387
SPS: 1387
SPS: 1387
SPS: 1387
SPS: 1387
SPS: 1387
SPS: 1386
SPS: 1386
SPS: 1386
SPS: 1386
SPS: 1386
SPS: 1386
SPS: 1386
SPS: 1386
SPS: 1386
SPS: 1387
SPS: 1387
SPS: 1387
SPS: 1387
SPS: 1387
SPS: 1387
global_step=5605936, episodic_return=100.0
global_step=5605936, episodic_return=100.0
SPS: 1387
SPS: 1387
SPS: 1387
SPS: 1387
SPS: 1387
SPS: 1387
SPS: 1387
SPS: 1387
SPS: 1387
SPS: 1387
SPS: 1387
SPS: 1387
SPS: 1387
SPS: 1387
SPS: 1387
SPS: 1387
SPS: 1387
SPS: 1387
SPS: 1387
SPS: 1387
SPS: 1387
SPS: 1387
SPS: 1387
SPS: 1387
SPS: 1386
SPS: 1386
SPS: 1386
global_step=5649056, episodic_return=-1000.0
SPS: 1386
SPS: 1386
SPS: 1386
SPS: 1386
SPS: 1386
SPS: 1386
SPS: 1386
SPS: 1386
SPS: 1386
SPS: 1386
SPS: 1386
SPS: 1386
SPS: 1386
SPS: 1386
SPS: 1386
SPS: 1386
SPS: 1386
SPS: 1386
SPS: 1386
SPS: 1386
SPS: 1386
SPS: 1386
SPS: 1386
SPS: 1386
SPS: 1386
SPS: 1386
SPS: 1386
global_step=5692224, episodic_return=-1000.0
global_step=5692224, episodic_return=-1000.0
SPS: 1386
SPS: 1386
SPS: 1386
SPS: 1386
SPS: 1386
SPS: 1386
SPS: 1386
SPS: 1386
SPS: 1386
SPS: 1386
SPS: 1386
SPS: 1386
SPS: 1386
SPS: 1385
SPS: 1385
SPS: 1385
SPS: 1385
SPS: 1385
SPS: 1385
SPS: 1385
SPS: 1385
SPS: 1385
SPS: 1385
SPS: 1385
SPS: 1385
SPS: 1385
SPS: 1385
global_step=5735328, episodic_return=0.0
SPS: 1385
SPS: 1385
SPS: 1385
SPS: 1385
SPS: 1385
SPS: 1385
SPS: 1385
SPS: 1385
SPS: 1385
SPS: 1385
SPS: 1385
SPS: 1385
SPS: 1385
SPS: 1385
SPS: 1385
SPS: 1384
SPS: 1384
SPS: 1384
SPS: 1384
SPS: 1384
SPS: 1384
SPS: 1384
SPS: 1384
SPS: 1384
SPS: 1384
SPS: 1384
SPS: 1384
global_step=5778496, episodic_return=0.0
global_step=5778496, episodic_return=0.0
SPS: 1384
SPS: 1384
SPS: 1384
SPS: 1384
SPS: 1384
SPS: 1384
SPS: 1384
SPS: 1384
SPS: 1384
SPS: 1384
SPS: 1383
SPS: 1383
SPS: 1383
SPS: 1383
SPS: 1383
SPS: 1383
SPS: 1383
SPS: 1383
SPS: 1383
SPS: 1383
SPS: 1383
SPS: 1383
SPS: 1383
SPS: 1383
SPS: 1383
SPS: 1384
SPS: 1384
global_step=5821616, episodic_return=100.0
global_step=5821616, episodic_return=100.0
SPS: 1383
SPS: 1383
SPS: 1383
SPS: 1383
SPS: 1383
SPS: 1383
SPS: 1383
SPS: 1383
SPS: 1383
SPS: 1383
SPS: 1382
SPS: 1383
SPS: 1383
SPS: 1383
SPS: 1383
SPS: 1383
SPS: 1383
SPS: 1383
SPS: 1383
SPS: 1383
SPS: 1383
SPS: 1383
SPS: 1383
SPS: 1383
SPS: 1383
SPS: 1383
SPS: 1383
global_step=5864704, episodic_return=-547.0
SPS: 1383
SPS: 1383
SPS: 1383
SPS: 1383
SPS: 1383
SPS: 1383
SPS: 1383
SPS: 1383
SPS: 1383
SPS: 1383
SPS: 1383
SPS: 1383
SPS: 1383
SPS: 1383
SPS: 1383
SPS: 1383
SPS: 1383
SPS: 1383
SPS: 1383
SPS: 1382
SPS: 1383
SPS: 1383
SPS: 1382
SPS: 1382
SPS: 1382
SPS: 1382
SPS: 1382
global_step=5907776, episodic_return=-1000.0
global_step=5907776, episodic_return=-1000.0
SPS: 1382
SPS: 1382
SPS: 1382
SPS: 1382
SPS: 1382
SPS: 1382
SPS: 1382
SPS: 1383
SPS: 1383
SPS: 1383
SPS: 1383
SPS: 1383
SPS: 1383
SPS: 1383
SPS: 1383
SPS: 1383
SPS: 1383
SPS: 1383
SPS: 1383
SPS: 1383
SPS: 1383
SPS: 1383
SPS: 1383
SPS: 1383
SPS: 1383
SPS: 1383
SPS: 1383
global_step=5950960, episodic_return=100.0
SPS: 1383
SPS: 1383
SPS: 1383
SPS: 1383
SPS: 1383
SPS: 1383
SPS: 1383
SPS: 1383
SPS: 1383
SPS: 1383
SPS: 1383
SPS: 1383
SPS: 1383
SPS: 1383
SPS: 1383
SPS: 1383
SPS: 1383
SPS: 1383
SPS: 1383
SPS: 1383
SPS: 1383
SPS: 1383
SPS: 1383
SPS: 1383
SPS: 1383
SPS: 1383
SPS: 1383
global_step=5994064, episodic_return=-1000.0
global_step=5994064, episodic_return=-1000.0
SPS: 1383
SPS: 1383
SPS: 1383
SPS: 1383
SPS: 1383
SPS: 1383
SPS: 1383
SPS: 1383
SPS: 1383
SPS: 1383
SPS: 1382
SPS: 1382
SPS: 1382
SPS: 1382
SPS: 1382
SPS: 1382
SPS: 1382
SPS: 1382
SPS: 1382
SPS: 1382
SPS: 1382
SPS: 1382
SPS: 1382
SPS: 1382
SPS: 1382
SPS: 1382
SPS: 1382
global_step=6037136, episodic_return=100.0
global_step=6037136, episodic_return=100.0
SPS: 1382
SPS: 1382
SPS: 1382
SPS: 1382
SPS: 1382
SPS: 1382
SPS: 1382
SPS: 1382
SPS: 1382
SPS: 1382
SPS: 1382
SPS: 1382
SPS: 1382
SPS: 1382
SPS: 1382
SPS: 1382
SPS: 1382
SPS: 1383
SPS: 1383
SPS: 1383
SPS: 1383
SPS: 1383
SPS: 1383
SPS: 1383
SPS: 1383
SPS: 1383
SPS: 1383
global_step=6080208, episodic_return=-1000.0
SPS: 1383
SPS: 1383
SPS: 1383
SPS: 1383
SPS: 1383
SPS: 1383
SPS: 1383
SPS: 1383
SPS: 1383
SPS: 1383
SPS: 1383
SPS: 1382
SPS: 1382
SPS: 1382
SPS: 1382
SPS: 1382
SPS: 1383
SPS: 1383
SPS: 1382
SPS: 1382
SPS: 1383
SPS: 1382
SPS: 1382
SPS: 1383
SPS: 1383
SPS: 1383
SPS: 1383
global_step=6123328, episodic_return=-1000.0
global_step=6123328, episodic_return=-1000.0
SPS: 1383
SPS: 1383
SPS: 1383
SPS: 1383
SPS: 1383
SPS: 1383
SPS: 1383
SPS: 1383
SPS: 1383
SPS: 1383
SPS: 1383
SPS: 1382
SPS: 1382
SPS: 1382
SPS: 1382
SPS: 1382
SPS: 1382
SPS: 1382
SPS: 1382
SPS: 1382
SPS: 1382
SPS: 1382
SPS: 1382
SPS: 1382
SPS: 1382
SPS: 1382
SPS: 1382
global_step=6166496, episodic_return=0.0
SPS: 1382
SPS: 1381
SPS: 1381
SPS: 1381
SPS: 1381
SPS: 1381
SPS: 1381
SPS: 1381
SPS: 1381
SPS: 1381
SPS: 1381
SPS: 1381
SPS: 1381
SPS: 1381
SPS: 1381
SPS: 1381
SPS: 1381
SPS: 1381
SPS: 1381
SPS: 1381
SPS: 1381
SPS: 1381
SPS: 1381
SPS: 1381
SPS: 1381
SPS: 1381
SPS: 1381
global_step=6209616, episodic_return=-1000.0
global_step=6209616, episodic_return=-1000.0
SPS: 1381
SPS: 1381
SPS: 1381
SPS: 1381
SPS: 1381
SPS: 1381
SPS: 1381
SPS: 1381
SPS: 1381
SPS: 1381
SPS: 1381
SPS: 1381
SPS: 1381
SPS: 1380
SPS: 1380
SPS: 1380
SPS: 1380
SPS: 1380
SPS: 1380
SPS: 1380
SPS: 1380
SPS: 1380
SPS: 1380
SPS: 1380
SPS: 1380
SPS: 1380
global_step=6252784, episodic_return=-1000.0
global_step=6252784, episodic_return=-1000.0
SPS: 1380
SPS: 1380
SPS: 1379
SPS: 1379
SPS: 1380
SPS: 1380
SPS: 1380
SPS: 1380
SPS: 1380
SPS: 1380
SPS: 1380
SPS: 1380
SPS: 1380
SPS: 1380
SPS: 1380
SPS: 1380
SPS: 1380
SPS: 1380
SPS: 1379
SPS: 1380
SPS: 1380
SPS: 1380
SPS: 1380
SPS: 1380
SPS: 1380
SPS: 1380
SPS: 1380
global_step=6295856, episodic_return=0.0
SPS: 1380
SPS: 1380
SPS: 1380
SPS: 1379
SPS: 1379
SPS: 1379
SPS: 1379
SPS: 1379
SPS: 1379
SPS: 1379
SPS: 1379
SPS: 1379
SPS: 1379
SPS: 1379
SPS: 1379
SPS: 1379
SPS: 1379
SPS: 1379
SPS: 1379
SPS: 1379
SPS: 1379
SPS: 1379
SPS: 1379
SPS: 1379
SPS: 1379
SPS: 1379
SPS: 1379
global_step=6338944, episodic_return=100.0
global_step=6338944, episodic_return=100.0
SPS: 1379
SPS: 1379
SPS: 1379
SPS: 1379
SPS: 1379
SPS: 1379
SPS: 1379
SPS: 1379
SPS: 1379
SPS: 1379
SPS: 1379
SPS: 1379
SPS: 1379
SPS: 1379
SPS: 1379
SPS: 1379
SPS: 1379
SPS: 1379
SPS: 1379
SPS: 1379
SPS: 1379
SPS: 1379
SPS: 1379
SPS: 1379
SPS: 1379
SPS: 1379
SPS: 1379
global_step=6382080, episodic_return=-400.0
SPS: 1379
SPS: 1379
SPS: 1379
SPS: 1379
SPS: 1379
SPS: 1379
SPS: 1379
SPS: 1379
SPS: 1379
SPS: 1379
SPS: 1379
SPS: 1379
SPS: 1379
SPS: 1379
SPS: 1379
SPS: 1379
SPS: 1379
SPS: 1380
SPS: 1380
SPS: 1380
SPS: 1380
SPS: 1379
SPS: 1379
SPS: 1379
SPS: 1379
SPS: 1379
SPS: 1379
global_step=6425216, episodic_return=0.0
global_step=6425216, episodic_return=0.0
SPS: 1379
SPS: 1379
SPS: 1379
SPS: 1379
SPS: 1379
SPS: 1379
SPS: 1379
SPS: 1379
SPS: 1379
SPS: 1379
SPS: 1379
SPS: 1379
SPS: 1379
SPS: 1379
SPS: 1379
SPS: 1379
SPS: 1379
SPS: 1379
SPS: 1379
SPS: 1379
SPS: 1379
SPS: 1379
SPS: 1379
SPS: 1380
SPS: 1380
SPS: 1379
SPS: 1379
global_step=6468336, episodic_return=100.0
global_step=6468336, episodic_return=100.0
SPS: 1379
SPS: 1379
SPS: 1379
SPS: 1379
SPS: 1379
SPS: 1379
SPS: 1379
SPS: 1379
SPS: 1379
SPS: 1379
SPS: 1379
SPS: 1379
SPS: 1379
SPS: 1379
SPS: 1379
SPS: 1379
SPS: 1379
SPS: 1379
SPS: 1379
SPS: 1379
SPS: 1379
SPS: 1379
SPS: 1379
SPS: 1379
SPS: 1379
SPS: 1379
SPS: 1379
global_step=6511504, episodic_return=-1000.0
SPS: 1379
SPS: 1379
SPS: 1379
SPS: 1379
SPS: 1379
SPS: 1379
SPS: 1379
SPS: 1379
SPS: 1379
SPS: 1379
SPS: 1379
SPS: 1379
SPS: 1379
SPS: 1379
SPS: 1379
SPS: 1379
SPS: 1379
SPS: 1379
SPS: 1379
SPS: 1379
SPS: 1379
SPS: 1379
SPS: 1379
SPS: 1379
SPS: 1379
SPS: 1379
SPS: 1379
global_step=6554608, episodic_return=100.0
global_step=6554608, episodic_return=100.0
SPS: 1379
SPS: 1379
SPS: 1379
SPS: 1379
SPS: 1379
SPS: 1379
SPS: 1379
SPS: 1379
SPS: 1379
SPS: 1379
SPS: 1379
SPS: 1379
SPS: 1379
SPS: 1379
SPS: 1379
SPS: 1379
SPS: 1379
SPS: 1379
SPS: 1379
SPS: 1379
SPS: 1379
SPS: 1379
SPS: 1379
SPS: 1378
SPS: 1378
SPS: 1378
SPS: 1378
global_step=6597680, episodic_return=-1000.0
SPS: 1378
SPS: 1378
SPS: 1378
SPS: 1378
SPS: 1378
SPS: 1378
SPS: 1378
SPS: 1378
SPS: 1378
SPS: 1378
SPS: 1378
SPS: 1378
SPS: 1378
SPS: 1378
SPS: 1378
SPS: 1378
SPS: 1378
SPS: 1378
SPS: 1378
SPS: 1378
SPS: 1378
SPS: 1378
SPS: 1378
SPS: 1378
SPS: 1378
SPS: 1378
SPS: 1378
global_step=6640816, episodic_return=-73.0
global_step=6640816, episodic_return=-73.0
SPS: 1378
SPS: 1378
SPS: 1378
SPS: 1378
SPS: 1378
SPS: 1378
SPS: 1378
SPS: 1378
SPS: 1378
SPS: 1378
SPS: 1378
SPS: 1378
SPS: 1378
SPS: 1378
SPS: 1378
SPS: 1378
SPS: 1378
SPS: 1378
SPS: 1378
SPS: 1378
SPS: 1378
SPS: 1378
SPS: 1379
SPS: 1379
SPS: 1379
SPS: 1379
SPS: 1379
global_step=6683952, episodic_return=100.0
global_step=6683952, episodic_return=100.0
SPS: 1379
SPS: 1379
SPS: 1379
SPS: 1379
SPS: 1379
SPS: 1379
SPS: 1379
SPS: 1379
SPS: 1379
SPS: 1379
SPS: 1379
SPS: 1379
SPS: 1379
SPS: 1379
SPS: 1379
SPS: 1379
SPS: 1379
SPS: 1379
SPS: 1379
SPS: 1379
SPS: 1378
SPS: 1378
SPS: 1378
SPS: 1378
SPS: 1378
SPS: 1378
SPS: 1379
global_step=6727056, episodic_return=-17.0
SPS: 1379
SPS: 1379
SPS: 1379
SPS: 1379
SPS: 1379
SPS: 1379
SPS: 1379
SPS: 1379
SPS: 1379
SPS: 1379
SPS: 1379
SPS: 1379
SPS: 1379
SPS: 1379
SPS: 1379
SPS: 1379
SPS: 1379
SPS: 1379
SPS: 1379
SPS: 1379
SPS: 1379
SPS: 1379
SPS: 1379
SPS: 1379
SPS: 1379
SPS: 1379
SPS: 1379
global_step=6770144, episodic_return=-1000.0
global_step=6770144, episodic_return=-1000.0
SPS: 1379
SPS: 1379
SPS: 1378
SPS: 1378
SPS: 1378
SPS: 1378
SPS: 1378
SPS: 1379
SPS: 1379
SPS: 1379
SPS: 1379
SPS: 1379
SPS: 1379
SPS: 1379
SPS: 1379
SPS: 1379
SPS: 1379
SPS: 1379
SPS: 1379
SPS: 1379
SPS: 1379
SPS: 1379
SPS: 1379
SPS: 1379
SPS: 1379
SPS: 1379
SPS: 1379
global_step=6813248, episodic_return=0.0
SPS: 1379
SPS: 1379
SPS: 1379
SPS: 1379
SPS: 1379
SPS: 1379
SPS: 1379
SPS: 1379
SPS: 1379
SPS: 1379
SPS: 1379
SPS: 1379
SPS: 1379
SPS: 1379
SPS: 1379
SPS: 1379
SPS: 1379
SPS: 1379
SPS: 1379
SPS: 1379
SPS: 1379
SPS: 1379
SPS: 1379
SPS: 1379
SPS: 1379
SPS: 1379
SPS: 1379
global_step=6856336, episodic_return=-1000.0
global_step=6856336, episodic_return=-1000.0
SPS: 1379
SPS: 1379
SPS: 1379
SPS: 1379
SPS: 1379
SPS: 1379
SPS: 1379
SPS: 1379
SPS: 1379
SPS: 1379
SPS: 1379
SPS: 1379
SPS: 1379
SPS: 1379
SPS: 1379
SPS: 1379
SPS: 1378
SPS: 1378
SPS: 1378
SPS: 1378
SPS: 1378
SPS: 1378
SPS: 1378
SPS: 1378
SPS: 1378
SPS: 1378
SPS: 1378
global_step=6899504, episodic_return=-1000.0
global_step=6899504, episodic_return=-1000.0
SPS: 1378
SPS: 1378
SPS: 1378
SPS: 1378
SPS: 1378
SPS: 1378
SPS: 1378
SPS: 1378
SPS: 1378
SPS: 1378
SPS: 1378
SPS: 1378
SPS: 1378
SPS: 1378
SPS: 1378
SPS: 1378
SPS: 1378
SPS: 1378
SPS: 1378
SPS: 1378
SPS: 1378
SPS: 1378
SPS: 1378
SPS: 1378
SPS: 1378
SPS: 1378
SPS: 1378
global_step=6942576, episodic_return=0.0
SPS: 1378
SPS: 1378
SPS: 1378
SPS: 1378
SPS: 1378
SPS: 1378
SPS: 1378
SPS: 1378
SPS: 1379
SPS: 1379
SPS: 1379
SPS: 1379
SPS: 1379
SPS: 1379
SPS: 1379
SPS: 1379
SPS: 1379
SPS: 1379
SPS: 1379
SPS: 1379
SPS: 1379
SPS: 1379
SPS: 1379
SPS: 1379
SPS: 1379
SPS: 1379
SPS: 1379
global_step=6985680, episodic_return=100.0
global_step=6985680, episodic_return=100.0
SPS: 1379
SPS: 1379
SPS: 1379
SPS: 1379
SPS: 1379
SPS: 1379
SPS: 1379
SPS: 1379
SPS: 1379
SPS: 1379
SPS: 1379
SPS: 1379
SPS: 1379
SPS: 1379
SPS: 1379
SPS: 1379
SPS: 1379
SPS: 1379
SPS: 1379
SPS: 1379
SPS: 1379
SPS: 1379
SPS: 1379
SPS: 1379
SPS: 1379
SPS: 1379
global_step=7028784, episodic_return=100.0
SPS: 1379
SPS: 1379
SPS: 1379
SPS: 1379
SPS: 1379
SPS: 1379
SPS: 1379
SPS: 1379
SPS: 1379
SPS: 1379
SPS: 1379
SPS: 1379
SPS: 1379
SPS: 1380
SPS: 1380
SPS: 1380
SPS: 1380
SPS: 1380
SPS: 1380
SPS: 1380
SPS: 1380
SPS: 1380
SPS: 1380
SPS: 1380
SPS: 1380
SPS: 1380
SPS: 1380
global_step=7071888, episodic_return=0.0
global_step=7071888, episodic_return=0.0
SPS: 1380
SPS: 1380
SPS: 1380
SPS: 1380
SPS: 1380
SPS: 1380
SPS: 1380
SPS: 1380
SPS: 1380
SPS: 1380
SPS: 1380
SPS: 1380
SPS: 1380
SPS: 1380
SPS: 1380
SPS: 1380
SPS: 1380
SPS: 1380
SPS: 1380
SPS: 1380
SPS: 1380
SPS: 1380
SPS: 1380
SPS: 1380
SPS: 1380
SPS: 1380
SPS: 1380
global_step=7114976, episodic_return=100.0
global_step=7114976, episodic_return=100.0
SPS: 1380
SPS: 1380
SPS: 1380
SPS: 1380
SPS: 1380
SPS: 1380
SPS: 1380
SPS: 1380
SPS: 1380
SPS: 1381
SPS: 1381
SPS: 1381
SPS: 1381
SPS: 1381
SPS: 1381
SPS: 1381
SPS: 1381
SPS: 1381
SPS: 1381
SPS: 1381
SPS: 1381
SPS: 1381
SPS: 1381
SPS: 1381
SPS: 1381
SPS: 1381
SPS: 1381
global_step=7158112, episodic_return=0.0
SPS: 1381
SPS: 1381
SPS: 1381
SPS: 1381
SPS: 1381
SPS: 1381
SPS: 1381
SPS: 1381
SPS: 1381
SPS: 1381
SPS: 1381
SPS: 1381
SPS: 1381
SPS: 1381
SPS: 1381
SPS: 1381
SPS: 1381
SPS: 1381
SPS: 1381
SPS: 1381
SPS: 1381
SPS: 1381
SPS: 1381
SPS: 1381
SPS: 1381
SPS: 1381
SPS: 1381
global_step=7201248, episodic_return=-24.0
global_step=7201248, episodic_return=-24.0
SPS: 1381
SPS: 1381
SPS: 1381
SPS: 1381
SPS: 1381
SPS: 1381
SPS: 1381
SPS: 1381
SPS: 1381
SPS: 1381
SPS: 1381
SPS: 1381
SPS: 1381
SPS: 1381
SPS: 1381
SPS: 1381
SPS: 1381
SPS: 1381
SPS: 1381
SPS: 1381
SPS: 1381
SPS: 1381
SPS: 1381
SPS: 1381
SPS: 1381
SPS: 1381
SPS: 1381
global_step=7244336, episodic_return=-63.0
SPS: 1381
SPS: 1381
SPS: 1381
SPS: 1381
SPS: 1381
SPS: 1382
SPS: 1382
SPS: 1382
SPS: 1382
SPS: 1382
SPS: 1382
SPS: 1382
SPS: 1382
SPS: 1382
SPS: 1382
SPS: 1382
SPS: 1382
SPS: 1382
SPS: 1382
SPS: 1382
SPS: 1382
SPS: 1382
SPS: 1382
SPS: 1382
SPS: 1382
SPS: 1382
SPS: 1382
global_step=7287488, episodic_return=100.0
global_step=7287488, episodic_return=100.0
SPS: 1382
SPS: 1382
SPS: 1382
SPS: 1382
SPS: 1382
SPS: 1382
SPS: 1382
SPS: 1382
SPS: 1382
SPS: 1382
SPS: 1382
SPS: 1382
SPS: 1382
SPS: 1382
SPS: 1382
SPS: 1382
SPS: 1382
SPS: 1382
SPS: 1382
SPS: 1382
SPS: 1382
SPS: 1382
SPS: 1382
SPS: 1382
SPS: 1382
SPS: 1382
SPS: 1382
global_step=7330624, episodic_return=100.0
global_step=7330624, episodic_return=100.0
SPS: 1382
SPS: 1382
SPS: 1382
SPS: 1382
SPS: 1382
SPS: 1382
SPS: 1382
SPS: 1382
SPS: 1382
SPS: 1382
SPS: 1382
SPS: 1382
SPS: 1382
SPS: 1382
SPS: 1382
SPS: 1382
SPS: 1381
SPS: 1381
SPS: 1381
SPS: 1381
SPS: 1381
SPS: 1381
SPS: 1381
SPS: 1382
SPS: 1382
SPS: 1382
SPS: 1382
global_step=7373696, episodic_return=100.0
SPS: 1382
SPS: 1382
SPS: 1382
SPS: 1382
SPS: 1382
SPS: 1382
SPS: 1382
SPS: 1382
SPS: 1382
SPS: 1382
SPS: 1382
SPS: 1382
SPS: 1382
SPS: 1382
SPS: 1382
SPS: 1382
SPS: 1382
SPS: 1382
SPS: 1382
SPS: 1382
SPS: 1382
SPS: 1382
SPS: 1382
SPS: 1382
SPS: 1382
SPS: 1382
SPS: 1382
global_step=7416784, episodic_return=100.0
global_step=7416784, episodic_return=100.0
SPS: 1382
SPS: 1382
SPS: 1382
SPS: 1382
SPS: 1382
SPS: 1382
SPS: 1382
SPS: 1382
SPS: 1382
SPS: 1382
SPS: 1382
SPS: 1382
SPS: 1382
SPS: 1382
SPS: 1382
SPS: 1382
SPS: 1382
SPS: 1382
SPS: 1382
SPS: 1382
SPS: 1382
SPS: 1382
SPS: 1382
SPS: 1382
SPS: 1382
SPS: 1382
SPS: 1382
global_step=7459920, episodic_return=-1000.0
SPS: 1382
SPS: 1382
SPS: 1382
SPS: 1382
SPS: 1382
SPS: 1382
SPS: 1382
SPS: 1382
SPS: 1382
SPS: 1382
SPS: 1382
SPS: 1382
SPS: 1382
SPS: 1382
SPS: 1382
SPS: 1381
SPS: 1381
SPS: 1381
SPS: 1381
SPS: 1381
SPS: 1381
SPS: 1381
SPS: 1381
SPS: 1381
SPS: 1381
SPS: 1381
SPS: 1381
global_step=7502992, episodic_return=-1000.0
global_step=7502992, episodic_return=-1000.0
SPS: 1381
SPS: 1381
SPS: 1381
SPS: 1381
SPS: 1381
SPS: 1381
SPS: 1381
SPS: 1381
SPS: 1381
SPS: 1381
SPS: 1381
SPS: 1381
SPS: 1381
SPS: 1381
SPS: 1381
SPS: 1381
SPS: 1382
SPS: 1382
SPS: 1382
SPS: 1381
SPS: 1381
SPS: 1381
SPS: 1381
SPS: 1381
SPS: 1381
SPS: 1381
SPS: 1381
global_step=7546064, episodic_return=-900.0
global_step=7546064, episodic_return=-900.0
SPS: 1381
SPS: 1381
SPS: 1381
SPS: 1381
SPS: 1381
SPS: 1381
SPS: 1381
SPS: 1381
SPS: 1381
SPS: 1381
SPS: 1381
SPS: 1381
SPS: 1381
SPS: 1381
SPS: 1381
SPS: 1381
SPS: 1381
SPS: 1381
SPS: 1381
SPS: 1381
SPS: 1381
SPS: 1382
SPS: 1382
SPS: 1382
SPS: 1382
SPS: 1382
SPS: 1382
global_step=7589248, episodic_return=0.0
SPS: 1382
SPS: 1382
SPS: 1382
SPS: 1382
SPS: 1382
SPS: 1382
SPS: 1382
SPS: 1382
SPS: 1382
SPS: 1382
SPS: 1382
SPS: 1382
SPS: 1382
SPS: 1382
SPS: 1382
SPS: 1382
SPS: 1382
SPS: 1382
SPS: 1382
SPS: 1382
SPS: 1382
SPS: 1382
SPS: 1382
SPS: 1382
SPS: 1382
SPS: 1382
SPS: 1382
global_step=7632352, episodic_return=100.0
global_step=7632352, episodic_return=100.0
SPS: 1382
SPS: 1382
SPS: 1382
SPS: 1382
SPS: 1382
SPS: 1382
SPS: 1382
SPS: 1382
SPS: 1382
SPS: 1382
SPS: 1382
SPS: 1382
SPS: 1382
SPS: 1382
SPS: 1382
SPS: 1382
SPS: 1382
SPS: 1382
SPS: 1382
SPS: 1382
SPS: 1382
SPS: 1382
SPS: 1382
SPS: 1382
SPS: 1382
SPS: 1382
SPS: 1382
global_step=7675472, episodic_return=-52.0
SPS: 1382
SPS: 1382
SPS: 1382
SPS: 1382
SPS: 1382
SPS: 1382
SPS: 1382
SPS: 1382
SPS: 1382
SPS: 1382
SPS: 1383
SPS: 1383
SPS: 1382
SPS: 1383
SPS: 1383
SPS: 1383
SPS: 1383
SPS: 1383
SPS: 1383
SPS: 1383
SPS: 1383
SPS: 1383
SPS: 1383
SPS: 1383
SPS: 1383
SPS: 1383
SPS: 1383
global_step=7718576, episodic_return=-900.0
global_step=7718576, episodic_return=-900.0
SPS: 1383
SPS: 1383
SPS: 1383
SPS: 1383
SPS: 1383
SPS: 1383
SPS: 1383
SPS: 1383
SPS: 1383
SPS: 1383
SPS: 1383
SPS: 1383
SPS: 1383
SPS: 1383
SPS: 1383
SPS: 1383
SPS: 1383
SPS: 1383
SPS: 1383
SPS: 1383
SPS: 1383
SPS: 1383
SPS: 1383
SPS: 1383
SPS: 1383
SPS: 1383
SPS: 1383
global_step=7761744, episodic_return=100.0
global_step=7761744, episodic_return=100.0
SPS: 1383
SPS: 1383
SPS: 1383
SPS: 1383
SPS: 1383
SPS: 1383
SPS: 1383
SPS: 1383
SPS: 1383
SPS: 1383
SPS: 1383
SPS: 1383
SPS: 1383
SPS: 1383
SPS: 1383
SPS: 1383
SPS: 1383
SPS: 1383
SPS: 1383
SPS: 1383
SPS: 1383
SPS: 1384
SPS: 1384
SPS: 1384
SPS: 1384
SPS: 1384
SPS: 1384
global_step=7804912, episodic_return=100.0
SPS: 1384
SPS: 1384
SPS: 1384
SPS: 1384
SPS: 1384
SPS: 1384
SPS: 1384
SPS: 1384
SPS: 1384
SPS: 1384
SPS: 1384
SPS: 1384
SPS: 1384
SPS: 1384
SPS: 1384
SPS: 1384
SPS: 1384
SPS: 1384
SPS: 1384
SPS: 1384
SPS: 1384
SPS: 1384
SPS: 1384
SPS: 1384
SPS: 1384
SPS: 1384
global_step=7848000, episodic_return=0.0
global_step=7848000, episodic_return=0.0
SPS: 1384
SPS: 1384
SPS: 1384
SPS: 1384
SPS: 1384
SPS: 1384
SPS: 1384
SPS: 1384
SPS: 1384
SPS: 1384
SPS: 1384
SPS: 1384
SPS: 1384
SPS: 1384
SPS: 1384
SPS: 1384
SPS: 1384
SPS: 1384
SPS: 1384
SPS: 1384
SPS: 1384
SPS: 1384
SPS: 1384
SPS: 1384
SPS: 1384
SPS: 1384
SPS: 1384
global_step=7891072, episodic_return=-900.0
SPS: 1384
SPS: 1384
SPS: 1384
SPS: 1384
SPS: 1384
SPS: 1384
SPS: 1385
SPS: 1385
SPS: 1385
SPS: 1385
SPS: 1385
SPS: 1385
SPS: 1385
SPS: 1384
SPS: 1384
SPS: 1385
SPS: 1385
SPS: 1385
SPS: 1385
SPS: 1385
SPS: 1385
SPS: 1385
SPS: 1385
SPS: 1385
SPS: 1384
SPS: 1384
SPS: 1384
global_step=7934240, episodic_return=-919.0
global_step=7934240, episodic_return=-919.0
SPS: 1384
SPS: 1384
SPS: 1384
SPS: 1384
SPS: 1384
SPS: 1384
SPS: 1384
SPS: 1384
SPS: 1384
SPS: 1384
SPS: 1384
SPS: 1384
SPS: 1384
SPS: 1384
SPS: 1384
SPS: 1384
SPS: 1384
SPS: 1384
SPS: 1384
SPS: 1384
SPS: 1384
SPS: 1384
SPS: 1384
SPS: 1384
SPS: 1384
SPS: 1384
SPS: 1384
global_step=7977360, episodic_return=-1000.0
global_step=7977360, episodic_return=-1000.0
SPS: 1384
SPS: 1384
SPS: 1384
SPS: 1384
SPS: 1384
SPS: 1384
SPS: 1384
SPS: 1384
SPS: 1384
SPS: 1384
SPS: 1384
SPS: 1384
SPS: 1384
SPS: 1384
SPS: 1384
SPS: 1384
SPS: 1384
SPS: 1384
SPS: 1384
SPS: 1384
SPS: 1384
SPS: 1384
SPS: 1384
SPS: 1384
SPS: 1384
SPS: 1384
SPS: 1384
global_step=8020496, episodic_return=-1000.0
SPS: 1384
SPS: 1384
SPS: 1384
SPS: 1384
SPS: 1384
SPS: 1384
SPS: 1384
SPS: 1384
SPS: 1384
SPS: 1384
SPS: 1384
SPS: 1384
SPS: 1384
SPS: 1384
SPS: 1384
SPS: 1384
SPS: 1384
SPS: 1384
SPS: 1384
SPS: 1384
SPS: 1384
SPS: 1384
SPS: 1384
SPS: 1384
SPS: 1384
SPS: 1384
SPS: 1384
global_step=8063600, episodic_return=100.0
global_step=8063600, episodic_return=100.0
SPS: 1384
SPS: 1384
SPS: 1384
SPS: 1384
SPS: 1384
SPS: 1384
SPS: 1384
SPS: 1384
SPS: 1384
SPS: 1384
SPS: 1384
SPS: 1384
SPS: 1384
SPS: 1384
SPS: 1384
SPS: 1384
SPS: 1384
SPS: 1384
SPS: 1384
SPS: 1384
SPS: 1384
SPS: 1384
SPS: 1384
SPS: 1384
SPS: 1384
SPS: 1384
SPS: 1384
global_step=8106672, episodic_return=-1000.0
SPS: 1384
SPS: 1384
SPS: 1384
SPS: 1384
SPS: 1384
SPS: 1384
SPS: 1384
SPS: 1384
SPS: 1384
SPS: 1384
SPS: 1384
SPS: 1384
SPS: 1384
SPS: 1384
SPS: 1384
SPS: 1384
SPS: 1384
SPS: 1384
SPS: 1384
SPS: 1384
SPS: 1384
SPS: 1384
SPS: 1384
SPS: 1384
SPS: 1383
SPS: 1383
SPS: 1384
global_step=8149808, episodic_return=100.0
global_step=8149808, episodic_return=100.0
SPS: 1384
SPS: 1383
SPS: 1384
SPS: 1384
SPS: 1384
SPS: 1384
SPS: 1384
SPS: 1384
SPS: 1384
SPS: 1384
SPS: 1384
SPS: 1384
SPS: 1384
SPS: 1384
SPS: 1384
SPS: 1384
SPS: 1384
SPS: 1384
SPS: 1384
SPS: 1384
SPS: 1384
SPS: 1384
SPS: 1384
SPS: 1384
SPS: 1384
SPS: 1384
SPS: 1384
global_step=8192944, episodic_return=-1000.0
global_step=8192944, episodic_return=-1000.0
SPS: 1384
SPS: 1384
SPS: 1384
SPS: 1384
SPS: 1384
SPS: 1384
SPS: 1384
SPS: 1384
SPS: 1384
SPS: 1384
SPS: 1384
SPS: 1384
SPS: 1384
SPS: 1384
SPS: 1384
SPS: 1384
SPS: 1384
SPS: 1384
SPS: 1384
SPS: 1384
SPS: 1384
SPS: 1384
SPS: 1384
SPS: 1384
SPS: 1384
SPS: 1384
SPS: 1384
global_step=8236096, episodic_return=0.0
SPS: 1384
SPS: 1384
SPS: 1384
SPS: 1384
SPS: 1384
SPS: 1384
SPS: 1384
SPS: 1384
SPS: 1384
SPS: 1384
SPS: 1384
SPS: 1384
SPS: 1384
SPS: 1384
SPS: 1384
SPS: 1384
SPS: 1384
SPS: 1384
SPS: 1384
SPS: 1384
SPS: 1384
SPS: 1384
SPS: 1384
SPS: 1384
SPS: 1384
SPS: 1384
SPS: 1384
global_step=8279184, episodic_return=-1000.0
global_step=8279184, episodic_return=-1000.0
SPS: 1384
SPS: 1384
SPS: 1384
SPS: 1384
SPS: 1384
SPS: 1384
SPS: 1384
SPS: 1384
SPS: 1384
SPS: 1384
SPS: 1384
SPS: 1384
SPS: 1384
SPS: 1384
SPS: 1384
SPS: 1384
SPS: 1384
SPS: 1384
SPS: 1384
SPS: 1384
SPS: 1384
SPS: 1384
SPS: 1384
SPS: 1384
SPS: 1384
SPS: 1384
SPS: 1384
global_step=8322256, episodic_return=-135.0
SPS: 1384
SPS: 1384
SPS: 1384
SPS: 1384
SPS: 1384
SPS: 1384
SPS: 1384
SPS: 1384
SPS: 1384
SPS: 1384
SPS: 1384
SPS: 1384
SPS: 1384
SPS: 1384
SPS: 1384
SPS: 1384
SPS: 1384
SPS: 1384
SPS: 1384
SPS: 1384
SPS: 1384
SPS: 1384
SPS: 1384
SPS: 1384
SPS: 1384
SPS: 1384
SPS: 1384
global_step=8365344, episodic_return=0.0
global_step=8365344, episodic_return=0.0
SPS: 1384
SPS: 1384
SPS: 1384
SPS: 1384
SPS: 1384
SPS: 1384
SPS: 1384
SPS: 1384
SPS: 1384
SPS: 1384
SPS: 1384
SPS: 1384
SPS: 1384
SPS: 1384
SPS: 1384
SPS: 1384
SPS: 1384
SPS: 1385
SPS: 1385
SPS: 1384
SPS: 1384
SPS: 1384
SPS: 1384
SPS: 1384
SPS: 1384
SPS: 1384
SPS: 1384
global_step=8408448, episodic_return=0.0
global_step=8408448, episodic_return=0.0
SPS: 1384
SPS: 1384
SPS: 1384
SPS: 1384
SPS: 1384
SPS: 1385
SPS: 1385
SPS: 1385
SPS: 1385
SPS: 1385
SPS: 1385
SPS: 1385
SPS: 1385
SPS: 1385
SPS: 1385
SPS: 1385
SPS: 1385
SPS: 1385
SPS: 1385
SPS: 1385
SPS: 1385
SPS: 1385
SPS: 1385
SPS: 1385
SPS: 1385
SPS: 1385
SPS: 1385
global_step=8451584, episodic_return=-1000.0
SPS: 1385
SPS: 1385
SPS: 1385
SPS: 1385
SPS: 1385
SPS: 1385
SPS: 1385
SPS: 1385
SPS: 1385
SPS: 1384
SPS: 1384
SPS: 1384
SPS: 1384
SPS: 1384
SPS: 1384
SPS: 1384
SPS: 1384
SPS: 1384
SPS: 1384
SPS: 1384
SPS: 1384
SPS: 1384
SPS: 1384
SPS: 1384
SPS: 1384
SPS: 1384
SPS: 1384
global_step=8494768, episodic_return=100.0
global_step=8494768, episodic_return=100.0
SPS: 1384
SPS: 1384
SPS: 1384
SPS: 1384
SPS: 1384
SPS: 1384
SPS: 1384
SPS: 1384
SPS: 1384
SPS: 1384
SPS: 1384
SPS: 1384
SPS: 1384
SPS: 1384
SPS: 1384
SPS: 1384
SPS: 1384
SPS: 1384
SPS: 1384
SPS: 1384
SPS: 1384
SPS: 1384
SPS: 1384
SPS: 1384
SPS: 1384
SPS: 1384
SPS: 1384
global_step=8537856, episodic_return=-473.0
SPS: 1384
SPS: 1384
SPS: 1384
SPS: 1384
SPS: 1384
SPS: 1384
SPS: 1384
SPS: 1384
SPS: 1384
SPS: 1384
SPS: 1384
SPS: 1384
SPS: 1384
SPS: 1384
SPS: 1384
SPS: 1384
SPS: 1384
SPS: 1384
SPS: 1384
SPS: 1384
SPS: 1384
SPS: 1384
SPS: 1384
SPS: 1384
SPS: 1384
SPS: 1384
SPS: 1384
global_step=8580960, episodic_return=-900.0
global_step=8580960, episodic_return=-900.0
SPS: 1385
SPS: 1385
SPS: 1385
SPS: 1385
SPS: 1385
SPS: 1385
SPS: 1385
SPS: 1385
SPS: 1385
SPS: 1385
SPS: 1385
SPS: 1385
SPS: 1385
SPS: 1385
SPS: 1385
SPS: 1385
SPS: 1385
SPS: 1385
SPS: 1385
SPS: 1385
SPS: 1385
SPS: 1385
SPS: 1385
SPS: 1385
SPS: 1385
SPS: 1385
SPS: 1385
global_step=8624128, episodic_return=0.0
global_step=8624128, episodic_return=0.0
SPS: 1385
SPS: 1385
SPS: 1385
SPS: 1385
SPS: 1385
SPS: 1385
SPS: 1385
SPS: 1385
SPS: 1385
SPS: 1385
SPS: 1385
SPS: 1385
SPS: 1385
SPS: 1385
SPS: 1385
SPS: 1385
SPS: 1385
SPS: 1385
SPS: 1385
SPS: 1385
SPS: 1385
SPS: 1385
SPS: 1385
SPS: 1385
SPS: 1385
SPS: 1384
SPS: 1384
global_step=8667264, episodic_return=-97.0
SPS: 1384
SPS: 1384
SPS: 1384
SPS: 1384
SPS: 1384
SPS: 1384
SPS: 1384
SPS: 1384
SPS: 1384
SPS: 1384
SPS: 1384
SPS: 1384
SPS: 1384
SPS: 1384
SPS: 1385
SPS: 1385
SPS: 1385
SPS: 1385
SPS: 1385
SPS: 1385
SPS: 1385
SPS: 1385
SPS: 1385
SPS: 1385
SPS: 1385
SPS: 1385
global_step=8710368, episodic_return=0.0
global_step=8710368, episodic_return=0.0
SPS: 1385
SPS: 1385
SPS: 1385
SPS: 1385
SPS: 1385
SPS: 1385
SPS: 1384
SPS: 1384
SPS: 1384
SPS: 1384
SPS: 1384
SPS: 1384
SPS: 1384
SPS: 1384
SPS: 1384
SPS: 1384
SPS: 1384
SPS: 1384
SPS: 1384
SPS: 1384
SPS: 1384
SPS: 1384
SPS: 1384
SPS: 1384
SPS: 1384
SPS: 1384
SPS: 1384
global_step=8753488, episodic_return=0.0
SPS: 1384
SPS: 1384
SPS: 1384
SPS: 1384
SPS: 1384
SPS: 1384
SPS: 1384
SPS: 1384
SPS: 1384
SPS: 1384
SPS: 1384
SPS: 1384
SPS: 1384
SPS: 1384
SPS: 1384
SPS: 1384
SPS: 1384
SPS: 1384
SPS: 1384
SPS: 1384
SPS: 1384
SPS: 1384
SPS: 1384
SPS: 1384
SPS: 1384
SPS: 1384
SPS: 1384
global_step=8796672, episodic_return=40.0
global_step=8796672, episodic_return=40.0
SPS: 1384
SPS: 1384
SPS: 1384
SPS: 1384
SPS: 1384
SPS: 1384
SPS: 1384
SPS: 1384
SPS: 1384
SPS: 1384
SPS: 1384
SPS: 1384
SPS: 1384
SPS: 1384
SPS: 1384
SPS: 1384
SPS: 1384
SPS: 1384
SPS: 1384
SPS: 1384
SPS: 1384
SPS: 1384
SPS: 1384
SPS: 1384
SPS: 1384
SPS: 1384
SPS: 1384
global_step=8839744, episodic_return=-1000.0
global_step=8839744, episodic_return=-1000.0
SPS: 1384
SPS: 1384
SPS: 1384
SPS: 1384
SPS: 1384
SPS: 1384
SPS: 1384
SPS: 1384
SPS: 1384
SPS: 1384
SPS: 1384
SPS: 1384
SPS: 1384
SPS: 1384
SPS: 1384
SPS: 1384
SPS: 1384
SPS: 1384
SPS: 1384
SPS: 1384
SPS: 1384
SPS: 1384
SPS: 1384
SPS: 1384
SPS: 1384
SPS: 1384
SPS: 1384
global_step=8882832, episodic_return=-1000.0
SPS: 1384
SPS: 1384
SPS: 1384
SPS: 1384
SPS: 1384
SPS: 1384
SPS: 1384
SPS: 1384
SPS: 1384
SPS: 1384
SPS: 1384
SPS: 1384
SPS: 1384
SPS: 1384
SPS: 1384
SPS: 1384
SPS: 1384
SPS: 1384
SPS: 1385
SPS: 1385
SPS: 1385
SPS: 1385
SPS: 1385
SPS: 1385
SPS: 1385
SPS: 1385
SPS: 1385
global_step=8925968, episodic_return=-1000.0
global_step=8925968, episodic_return=-1000.0
SPS: 1385
SPS: 1385
SPS: 1385
SPS: 1385
SPS: 1385
SPS: 1385
SPS: 1385
SPS: 1385
SPS: 1385
SPS: 1385
SPS: 1385
SPS: 1385
SPS: 1385
SPS: 1385
SPS: 1385
SPS: 1385
SPS: 1385
SPS: 1385
SPS: 1385
SPS: 1385
SPS: 1385
SPS: 1385
SPS: 1385
SPS: 1385
SPS: 1385
SPS: 1385
SPS: 1385
global_step=8969088, episodic_return=-1000.0
SPS: 1385
SPS: 1385
SPS: 1385
SPS: 1385
SPS: 1385
SPS: 1385
SPS: 1385
SPS: 1385
SPS: 1385
SPS: 1385
SPS: 1385
SPS: 1385
SPS: 1385
SPS: 1385
SPS: 1385
SPS: 1385
SPS: 1385
SPS: 1385
SPS: 1385
SPS: 1385
SPS: 1385
SPS: 1385
SPS: 1385
SPS: 1385
SPS: 1385
SPS: 1385
SPS: 1385
global_step=9012160, episodic_return=100.0
global_step=9012160, episodic_return=100.0
SPS: 1385
SPS: 1385
SPS: 1385
SPS: 1385
SPS: 1385
SPS: 1385
SPS: 1385
SPS: 1385
SPS: 1386
SPS: 1386
SPS: 1386
SPS: 1386
SPS: 1386
SPS: 1386
SPS: 1386
SPS: 1386
SPS: 1386
SPS: 1386
SPS: 1385
SPS: 1385
SPS: 1385
SPS: 1385
SPS: 1385
SPS: 1385
SPS: 1385
SPS: 1385
SPS: 1385
global_step=9055248, episodic_return=0.0
global_step=9055248, episodic_return=0.0
SPS: 1385
SPS: 1385
SPS: 1385
SPS: 1385
SPS: 1385
SPS: 1385
SPS: 1385
SPS: 1385
SPS: 1385
SPS: 1385
SPS: 1385
SPS: 1385
SPS: 1385
SPS: 1385
SPS: 1385
SPS: 1385
SPS: 1385
SPS: 1385
SPS: 1385
SPS: 1385
SPS: 1385
SPS: 1385
SPS: 1385
SPS: 1385
SPS: 1385
SPS: 1385
SPS: 1385
global_step=9098352, episodic_return=-997.0
SPS: 1385
SPS: 1385
SPS: 1385
SPS: 1385
SPS: 1385
SPS: 1385
SPS: 1385
SPS: 1385
SPS: 1385
SPS: 1385
SPS: 1385
SPS: 1385
SPS: 1385
SPS: 1385
SPS: 1385
SPS: 1385
SPS: 1385
SPS: 1385
SPS: 1385
SPS: 1385
SPS: 1385
SPS: 1385
SPS: 1385
SPS: 1385
SPS: 1385
SPS: 1385
SPS: 1385
global_step=9141472, episodic_return=-1000.0
global_step=9141472, episodic_return=-1000.0
SPS: 1385
SPS: 1385
SPS: 1385
SPS: 1385
SPS: 1385
SPS: 1385
SPS: 1385
SPS: 1385
SPS: 1385
SPS: 1385
SPS: 1385
SPS: 1385
SPS: 1385
SPS: 1385
SPS: 1385
SPS: 1385
SPS: 1385
SPS: 1385
SPS: 1385
SPS: 1385
SPS: 1385
SPS: 1385
SPS: 1385
SPS: 1385
SPS: 1385
SPS: 1385
SPS: 1385
global_step=9184656, episodic_return=-171.0
SPS: 1385
SPS: 1385
SPS: 1385
SPS: 1385
SPS: 1385
SPS: 1385
SPS: 1385
SPS: 1385
SPS: 1385
SPS: 1385
SPS: 1385
SPS: 1385
SPS: 1385
SPS: 1385
SPS: 1385
SPS: 1385
SPS: 1385
SPS: 1385
SPS: 1385
SPS: 1385
SPS: 1385
SPS: 1385
SPS: 1385
SPS: 1385
SPS: 1385
SPS: 1385
SPS: 1385
global_step=9227808, episodic_return=-1000.0
global_step=9227808, episodic_return=-1000.0
SPS: 1385
SPS: 1385
SPS: 1385
SPS: 1385
SPS: 1385
SPS: 1385
SPS: 1385
SPS: 1385
SPS: 1385
SPS: 1385
SPS: 1385
SPS: 1385
SPS: 1385
SPS: 1385
SPS: 1385
SPS: 1385
SPS: 1385
SPS: 1385
SPS: 1385
SPS: 1385
SPS: 1385
SPS: 1385
SPS: 1385
SPS: 1385
SPS: 1385
SPS: 1385
SPS: 1385
global_step=9270880, episodic_return=100.0
global_step=9270880, episodic_return=100.0
SPS: 1384
SPS: 1384
SPS: 1384
SPS: 1384
SPS: 1384
SPS: 1385
SPS: 1385
SPS: 1385
SPS: 1385
SPS: 1385
SPS: 1385
SPS: 1385
SPS: 1385
SPS: 1385
SPS: 1385
SPS: 1385
SPS: 1385
SPS: 1385
SPS: 1385
SPS: 1385
SPS: 1385
SPS: 1385
SPS: 1385
SPS: 1385
SPS: 1385
SPS: 1385
SPS: 1385
global_step=9313968, episodic_return=0.0
SPS: 1385
SPS: 1385
SPS: 1385
SPS: 1385
SPS: 1385
SPS: 1385
SPS: 1385
SPS: 1385
SPS: 1385
SPS: 1385
SPS: 1385
SPS: 1385
SPS: 1385
SPS: 1385
SPS: 1385
SPS: 1385
SPS: 1385
SPS: 1385
SPS: 1385
SPS: 1385
SPS: 1385
SPS: 1385
SPS: 1385
SPS: 1385
SPS: 1385
SPS: 1385
SPS: 1385
global_step=9357072, episodic_return=100.0
global_step=9357072, episodic_return=100.0
SPS: 1385
SPS: 1385
SPS: 1385
SPS: 1385
SPS: 1385
SPS: 1385
SPS: 1385
SPS: 1385
SPS: 1385
SPS: 1385
SPS: 1385
SPS: 1385
SPS: 1385
SPS: 1385
SPS: 1385
SPS: 1385
SPS: 1385
SPS: 1385
SPS: 1385
SPS: 1385
SPS: 1385
SPS: 1385
SPS: 1385
SPS: 1385
SPS: 1385
SPS: 1385
SPS: 1385
global_step=9400192, episodic_return=-1000.0
SPS: 1385
SPS: 1385
SPS: 1385
SPS: 1385
SPS: 1385
SPS: 1385
SPS: 1385
SPS: 1385
SPS: 1385
SPS: 1385
SPS: 1385
SPS: 1385
SPS: 1385
SPS: 1385
SPS: 1385
SPS: 1385
SPS: 1386
SPS: 1386
SPS: 1386
SPS: 1386
SPS: 1386
SPS: 1386
SPS: 1386
SPS: 1386
SPS: 1386
SPS: 1386
SPS: 1386
global_step=9443248, episodic_return=-2.0
global_step=9443248, episodic_return=-2.0
SPS: 1386
SPS: 1386
SPS: 1386
SPS: 1386
SPS: 1386
SPS: 1386
SPS: 1386
SPS: 1386
SPS: 1386
SPS: 1386
SPS: 1386
SPS: 1386
SPS: 1386
SPS: 1386
SPS: 1386
SPS: 1386
SPS: 1386
SPS: 1386
SPS: 1386
SPS: 1386
SPS: 1386
SPS: 1386
SPS: 1386
SPS: 1386
SPS: 1386
SPS: 1386
SPS: 1386
global_step=9486416, episodic_return=0.0
global_step=9486416, episodic_return=0.0
SPS: 1386
SPS: 1386
SPS: 1386
SPS: 1386
SPS: 1386
SPS: 1386
SPS: 1386
SPS: 1386
SPS: 1386
SPS: 1386
SPS: 1386
SPS: 1386
SPS: 1386
SPS: 1386
SPS: 1386
SPS: 1386
SPS: 1386
SPS: 1386
SPS: 1386
SPS: 1386
SPS: 1386
SPS: 1386
SPS: 1386
SPS: 1386
SPS: 1386
SPS: 1386
global_step=9529568, episodic_return=57.0
SPS: 1386
SPS: 1386
SPS: 1386
SPS: 1386
SPS: 1386
SPS: 1386
SPS: 1386
SPS: 1386
SPS: 1386
SPS: 1386
SPS: 1386
SPS: 1386
SPS: 1386
SPS: 1386
SPS: 1386
SPS: 1386
SPS: 1386
SPS: 1386
SPS: 1386
SPS: 1386
SPS: 1386
SPS: 1386
SPS: 1386
SPS: 1386
SPS: 1386
SPS: 1386
SPS: 1386
global_step=9572688, episodic_return=-1000.0
global_step=9572688, episodic_return=-1000.0
SPS: 1386
SPS: 1386
SPS: 1386
SPS: 1386
SPS: 1386
SPS: 1386
SPS: 1386
SPS: 1386
SPS: 1386
SPS: 1386
SPS: 1386
SPS: 1386
SPS: 1386
SPS: 1386
SPS: 1386
SPS: 1386
SPS: 1386
SPS: 1386
SPS: 1386
SPS: 1386
SPS: 1386
SPS: 1386
SPS: 1386
SPS: 1386
SPS: 1386
SPS: 1386
SPS: 1386
global_step=9615856, episodic_return=-34.0
SPS: 1386
SPS: 1386
SPS: 1386
SPS: 1386
SPS: 1386
SPS: 1386
SPS: 1386
SPS: 1386
SPS: 1386
SPS: 1386
SPS: 1386
SPS: 1386
SPS: 1386
SPS: 1386
SPS: 1386
SPS: 1386
SPS: 1386
SPS: 1386
SPS: 1386
SPS: 1386
SPS: 1386
SPS: 1386
SPS: 1386
SPS: 1386
SPS: 1386
SPS: 1386
SPS: 1386
global_step=9658944, episodic_return=-1000.0
global_step=9658944, episodic_return=-1000.0
SPS: 1386
SPS: 1386
SPS: 1386
SPS: 1386
SPS: 1386
SPS: 1386
SPS: 1386
SPS: 1386
SPS: 1386
SPS: 1386
SPS: 1386
SPS: 1386
SPS: 1386
SPS: 1386
SPS: 1386
SPS: 1386
SPS: 1386
SPS: 1386
SPS: 1386
SPS: 1386
SPS: 1386
SPS: 1386
SPS: 1386
SPS: 1386
SPS: 1386
SPS: 1386
SPS: 1386
global_step=9702016, episodic_return=100.0
global_step=9702016, episodic_return=100.0
SPS: 1386
SPS: 1386
SPS: 1386
SPS: 1386
SPS: 1386
SPS: 1386
SPS: 1386
SPS: 1386
SPS: 1386
SPS: 1385
SPS: 1385
SPS: 1385
SPS: 1385
SPS: 1385
SPS: 1385
SPS: 1385
SPS: 1385
SPS: 1385
SPS: 1385
SPS: 1385
SPS: 1385
SPS: 1385
SPS: 1385
SPS: 1385
SPS: 1385
SPS: 1385
SPS: 1385
global_step=9745168, episodic_return=-1000.0
SPS: 1385
SPS: 1385
SPS: 1385
SPS: 1385
SPS: 1385
SPS: 1385
SPS: 1385
SPS: 1385
SPS: 1385
SPS: 1385
SPS: 1385
SPS: 1385
SPS: 1385
SPS: 1385
SPS: 1385
SPS: 1385
SPS: 1385
SPS: 1385
SPS: 1385
SPS: 1385
SPS: 1385
SPS: 1385
SPS: 1385
SPS: 1385
SPS: 1384
SPS: 1384
SPS: 1384
global_step=9788272, episodic_return=100.0
global_step=9788272, episodic_return=100.0
SPS: 1384
SPS: 1384
SPS: 1384
SPS: 1384
SPS: 1384
SPS: 1384
SPS: 1384
SPS: 1384
SPS: 1384
SPS: 1384
SPS: 1384
SPS: 1384
SPS: 1384
SPS: 1384
SPS: 1384
SPS: 1384
SPS: 1384
SPS: 1384
SPS: 1384
SPS: 1384
SPS: 1384
SPS: 1384
SPS: 1384
SPS: 1384
SPS: 1384
SPS: 1384
SPS: 1384
global_step=9831392, episodic_return=-330.0
SPS: 1384
SPS: 1384
SPS: 1384
SPS: 1384
SPS: 1384
SPS: 1384
SPS: 1384
SPS: 1383
SPS: 1383
SPS: 1383
SPS: 1383
SPS: 1383
SPS: 1383
SPS: 1383
SPS: 1383
SPS: 1383
SPS: 1383
SPS: 1383
SPS: 1383
SPS: 1383
SPS: 1383
SPS: 1383
SPS: 1383
SPS: 1383
SPS: 1383
SPS: 1383
SPS: 1383
global_step=9874560, episodic_return=-141.0
global_step=9874560, episodic_return=-141.0
SPS: 1383
SPS: 1383
SPS: 1383
SPS: 1383
SPS: 1383
SPS: 1383
SPS: 1383
SPS: 1383
SPS: 1383
SPS: 1383
SPS: 1383
SPS: 1383
SPS: 1383
SPS: 1383
SPS: 1383
SPS: 1383
SPS: 1383
SPS: 1383
SPS: 1383
SPS: 1383
SPS: 1383
SPS: 1383
SPS: 1383
SPS: 1383
SPS: 1383
SPS: 1383
SPS: 1383
global_step=9917712, episodic_return=100.0
global_step=9917712, episodic_return=100.0
SPS: 1383
SPS: 1383
SPS: 1383
SPS: 1383
SPS: 1383
SPS: 1383
SPS: 1383
SPS: 1383
SPS: 1383
SPS: 1383
SPS: 1383
SPS: 1383
SPS: 1383
SPS: 1383
SPS: 1383
SPS: 1383
SPS: 1383
SPS: 1383
SPS: 1383
SPS: 1383
SPS: 1383
SPS: 1383
SPS: 1383
SPS: 1383
SPS: 1383
SPS: 1383
SPS: 1383
global_step=9960800, episodic_return=100.0
SPS: 1383
SPS: 1383
SPS: 1383
SPS: 1383
SPS: 1382
SPS: 1382
SPS: 1382
SPS: 1382
SPS: 1382
SPS: 1382
SPS: 1382
SPS: 1382
SPS: 1382
SPS: 1382
SPS: 1382
SPS: 1382
SPS: 1382
SPS: 1382
SPS: 1383
SPS: 1383
SPS: 1383
SPS: 1383
SPS: 1383
SPS: 1383
SPS: 1383
Results saved to /runs/h054__h054-privateeye-s1.csv
slurmstepd: error: run_script_as_user: couldn't change working dir to /home/rogercc/'/scratch/rogercc/cleanrl': No such file or directory
