slurmstepd: error: couldn't chdir to `/home/rogercc/'/scratch/rogercc/cleanrl'': No such file or directory: going to /tmp instead
slurmstepd: error: couldn't chdir to `/home/rogercc/'/scratch/rogercc/cleanrl'': No such file or directory: going to /tmp instead
sending incremental file list
auto-cleanrl.sif

sent 4,938,196,675 bytes  received 35 bytes  19,872,018.95 bytes/sec
total size is 4,945,575,936  speedup is 1.00
/usr/local/lib/python3.10/dist-packages/treevalue/tree/integration/torch.py:23: FutureWarning: `torch.utils._pytree._register_pytree_node` is deprecated. Please use `torch.utils._pytree.register_pytree_node` instead.
  register_for_torch(TreeValue)
/usr/local/lib/python3.10/dist-packages/treevalue/tree/integration/torch.py:24: FutureWarning: `torch.utils._pytree._register_pytree_node` is deprecated. Please use `torch.utils._pytree.register_pytree_node` instead.
  register_for_torch(FastTreeValue)
Gym has been unmaintained since 2022 and does not support NumPy 2.0 amongst other critical functionality.
Please upgrade to Gymnasium, the maintained drop-in replacement of Gym, or contact the authors of your software and request that they upgrade.
See the migration guide at https://gymnasium.farama.org/introduction/migration_guide/ for additional information.
/usr/local/lib/python3.10/dist-packages/tyro/_parsers.py:353: UserWarning: The field `wandb-entity` is annotated with type `<class 'str'>`, but the default value `None` has type `<class 'NoneType'>`. We'll try to handle this gracefully, but it may cause unexpected behavior.
  warnings.warn(message)
SPS: 1914
SPS: 1907
SPS: 1899
SPS: 1893
SPS: 1886
SPS: 1880
SPS: 1874
SPS: 1870
SPS: 1863
SPS: 1860
SPS: 1821
SPS: 1819
SPS: 1814
SPS: 1810
SPS: 1635
SPS: 1635
SPS: 1634
SPS: 1632
SPS: 1632
SPS: 1631
SPS: 1412
SPS: 1414
SPS: 1417
SPS: 1419
SPS: 1421
SPS: 1404
SPS: 1406
SPS: 1409
SPS: 1411
SPS: 1413
SPS: 1415
SPS: 1417
SPS: 1419
global_step=132832, episodic_return=1600.0
SPS: 1422
SPS: 1414
SPS: 1416
SPS: 1417
SPS: 1419
SPS: 1421
SPS: 1423
SPS: 1377
SPS: 1379
SPS: 1381
SPS: 1382
SPS: 1384
SPS: 1386
SPS: 1388
SPS: 1391
SPS: 664
SPS: 668
SPS: 671
SPS: 675
SPS: 679
SPS: 683
SPS: 638
SPS: 642
SPS: 646
SPS: 650
SPS: 653
SPS: 657
SPS: 660
SPS: 664
SPS: 667
SPS: 671
SPS: 674
SPS: 677
SPS: 681
SPS: 684
SPS: 687
SPS: 691
SPS: 694
SPS: 697
SPS: 700
SPS: 704
SPS: 707
SPS: 710
SPS: 713
SPS: 716
SPS: 719
SPS: 722
SPS: 725
SPS: 728
SPS: 731
SPS: 734
SPS: 737
SPS: 740
SPS: 743
SPS: 746
SPS: 749
SPS: 752
SPS: 754
SPS: 757
SPS: 760
SPS: 763
SPS: 766
SPS: 768
SPS: 771
SPS: 774
SPS: 776
SPS: 779
SPS: 782
SPS: 784
SPS: 787
SPS: 790
SPS: 792
SPS: 795
SPS: 798
SPS: 800
SPS: 803
SPS: 805
SPS: 808
SPS: 810
global_step=259264, episodic_return=2200.0
global_step=259264, episodic_return=2200.0
SPS: 813
SPS: 815
SPS: 818
SPS: 820
SPS: 822
SPS: 825
SPS: 827
SPS: 829
SPS: 832
SPS: 834
SPS: 836
SPS: 839
SPS: 841
SPS: 843
SPS: 846
SPS: 848
SPS: 850
SPS: 853
SPS: 855
SPS: 857
SPS: 859
SPS: 861
SPS: 864
SPS: 866
SPS: 868
SPS: 870
SPS: 872
SPS: 875
SPS: 877
SPS: 853
SPS: 855
SPS: 857
SPS: 860
SPS: 862
SPS: 864
SPS: 866
SPS: 840
SPS: 842
SPS: 844
SPS: 846
SPS: 848
SPS: 844
SPS: 846
SPS: 848
SPS: 850
SPS: 852
SPS: 854
SPS: 856
SPS: 858
SPS: 860
SPS: 860
SPS: 862
SPS: 864
SPS: 866
SPS: 868
SPS: 865
SPS: 867
SPS: 869
SPS: 870
SPS: 872
SPS: 874
SPS: 876
SPS: 877
SPS: 879
SPS: 878
SPS: 880
SPS: 882
SPS: 884
SPS: 882
SPS: 884
SPS: 885
global_step=373104, episodic_return=4300.0
SPS: 882
SPS: 884
SPS: 886
SPS: 887
SPS: 886
SPS: 888
SPS: 890
SPS: 891
SPS: 893
SPS: 895
SPS: 896
SPS: 898
SPS: 900
SPS: 901
SPS: 903
SPS: 904
SPS: 906
SPS: 908
SPS: 909
SPS: 911
SPS: 913
SPS: 914
SPS: 916
SPS: 917
SPS: 919
SPS: 920
SPS: 922
SPS: 923
SPS: 925
SPS: 926
SPS: 928
SPS: 930
SPS: 931
SPS: 933
SPS: 934
SPS: 936
SPS: 937
SPS: 939
SPS: 940
SPS: 942
SPS: 943
SPS: 944
SPS: 946
SPS: 947
SPS: 949
SPS: 950
SPS: 952
SPS: 953
SPS: 954
SPS: 956
SPS: 957
SPS: 959
SPS: 960
SPS: 961
SPS: 963
SPS: 964
SPS: 965
SPS: 967
SPS: 968
SPS: 969
SPS: 971
SPS: 972
SPS: 973
SPS: 975
SPS: 976
SPS: 977
SPS: 979
SPS: 980
SPS: 981
SPS: 982
SPS: 984
SPS: 985
SPS: 986
SPS: 988
SPS: 989
SPS: 990
SPS: 991
SPS: 992
SPS: 994
SPS: 995
SPS: 996
global_step=502976, episodic_return=3200.0
global_step=502976, episodic_return=3200.0
SPS: 997
SPS: 998
SPS: 1000
SPS: 1001
SPS: 1002
SPS: 1003
SPS: 1004
SPS: 1006
SPS: 1007
SPS: 1008
SPS: 1009
SPS: 1010
SPS: 1012
SPS: 1013
SPS: 1014
SPS: 1015
SPS: 1016
SPS: 1017
SPS: 1018
SPS: 1020
SPS: 1021
SPS: 1022
SPS: 1023
SPS: 1024
SPS: 1025
SPS: 1026
SPS: 1027
SPS: 1028
SPS: 1029
SPS: 1030
SPS: 1032
SPS: 1033
SPS: 1034
SPS: 1035
SPS: 1036
SPS: 1037
SPS: 1038
SPS: 1039
SPS: 1040
SPS: 1041
SPS: 1042
SPS: 1043
SPS: 1044
SPS: 1045
SPS: 1046
SPS: 1047
SPS: 1048
SPS: 1049
SPS: 1050
SPS: 1051
SPS: 1052
SPS: 1053
SPS: 1054
SPS: 1055
SPS: 1056
SPS: 1057
SPS: 1058
SPS: 1059
SPS: 1060
SPS: 1061
SPS: 1062
SPS: 1063
SPS: 1064
SPS: 1064
global_step=605616, episodic_return=1420.0
global_step=605616, episodic_return=1420.0
SPS: 1065
SPS: 1066
SPS: 1067
SPS: 1068
SPS: 1069
SPS: 1070
SPS: 1071
SPS: 1072
SPS: 1073
SPS: 1074
SPS: 1075
SPS: 1076
SPS: 1077
SPS: 1077
SPS: 1078
SPS: 1079
SPS: 1080
SPS: 1081
SPS: 1082
SPS: 1083
SPS: 1084
SPS: 1085
SPS: 1086
SPS: 1086
SPS: 1087
SPS: 1088
SPS: 1089
SPS: 1090
SPS: 1091
SPS: 1092
SPS: 1093
SPS: 1094
SPS: 1094
SPS: 1095
SPS: 1096
SPS: 1097
SPS: 1098
SPS: 1099
SPS: 1099
SPS: 1100
SPS: 1101
SPS: 1102
SPS: 1103
SPS: 1104
SPS: 1104
SPS: 1105
SPS: 1106
SPS: 1107
SPS: 1108
SPS: 1109
SPS: 1109
SPS: 1110
SPS: 1111
SPS: 1112
SPS: 1112
SPS: 1113
SPS: 1114
SPS: 1115
SPS: 1116
SPS: 1116
SPS: 1117
SPS: 1118
SPS: 1119
SPS: 1119
SPS: 1120
SPS: 1121
SPS: 1122
SPS: 1122
SPS: 1123
SPS: 1124
SPS: 1125
SPS: 1126
SPS: 1126
SPS: 1127
SPS: 1128
SPS: 1129
SPS: 1129
SPS: 1130
SPS: 1131
SPS: 1131
SPS: 1132
SPS: 1133
SPS: 1134
SPS: 1134
SPS: 1135
SPS: 1136
SPS: 1137
global_step=745536, episodic_return=0.0
SPS: 1137
SPS: 1138
SPS: 1139
SPS: 1140
SPS: 1140
SPS: 1141
SPS: 1142
SPS: 1142
SPS: 1143
SPS: 1144
SPS: 1144
SPS: 1145
SPS: 1146
SPS: 1146
SPS: 1147
SPS: 1148
SPS: 1148
SPS: 1149
SPS: 1150
SPS: 1150
SPS: 1151
SPS: 1152
SPS: 1152
SPS: 1153
SPS: 1154
SPS: 1154
SPS: 1155
SPS: 1156
SPS: 1156
SPS: 1157
SPS: 1158
SPS: 1158
SPS: 1159
SPS: 1160
SPS: 1160
SPS: 1161
SPS: 1161
SPS: 1162
SPS: 1163
SPS: 1163
SPS: 1164
SPS: 1165
SPS: 1165
SPS: 1166
SPS: 1167
SPS: 1167
SPS: 1168
SPS: 1169
SPS: 1169
SPS: 1170
SPS: 1171
SPS: 1171
SPS: 1172
SPS: 1172
SPS: 1173
SPS: 1174
SPS: 1174
SPS: 1175
global_step=837056, episodic_return=3240.0
global_step=837056, episodic_return=3240.0
SPS: 1175
SPS: 1176
SPS: 1177
SPS: 1177
SPS: 1178
SPS: 1179
SPS: 1179
SPS: 1180
SPS: 1180
SPS: 1181
SPS: 1182
SPS: 1182
SPS: 1183
SPS: 1183
SPS: 1184
SPS: 1184
SPS: 1185
SPS: 1186
SPS: 1186
SPS: 1187
SPS: 1187
SPS: 1188
SPS: 1188
SPS: 1189
SPS: 1190
SPS: 1190
SPS: 1191
SPS: 1191
SPS: 1192
SPS: 1192
SPS: 1193
SPS: 1194
SPS: 1194
SPS: 1195
SPS: 1195
SPS: 1196
SPS: 1196
SPS: 1197
SPS: 1197
SPS: 1198
SPS: 1199
SPS: 1199
SPS: 1200
SPS: 1200
SPS: 1201
SPS: 1201
SPS: 1202
SPS: 1202
SPS: 1203
SPS: 1203
SPS: 1204
SPS: 1205
SPS: 1205
SPS: 1206
SPS: 1206
SPS: 1207
SPS: 1207
SPS: 1208
SPS: 1208
SPS: 1209
SPS: 1209
SPS: 1210
SPS: 1210
SPS: 1211
SPS: 1212
SPS: 1212
SPS: 1213
SPS: 1213
SPS: 1214
SPS: 1214
SPS: 1215
SPS: 1215
SPS: 1216
SPS: 1216
SPS: 1217
SPS: 1217
SPS: 1218
SPS: 1218
SPS: 1219
SPS: 1219
SPS: 1220
SPS: 1220
SPS: 1221
SPS: 1221
SPS: 1222
SPS: 1222
SPS: 1223
SPS: 1224
SPS: 1224
SPS: 1225
SPS: 1225
SPS: 1226
SPS: 1226
SPS: 1227
SPS: 1227
SPS: 1228
SPS: 1228
SPS: 1229
global_step=993968, episodic_return=4480.0
SPS: 1229
SPS: 1230
SPS: 1230
SPS: 1231
SPS: 1231
SPS: 1232
SPS: 1232
SPS: 1232
SPS: 1233
SPS: 1233
SPS: 1234
SPS: 1234
SPS: 1235
SPS: 1235
SPS: 1236
SPS: 1236
SPS: 1237
SPS: 1237
SPS: 1238
SPS: 1238
SPS: 1239
SPS: 1239
SPS: 1240
SPS: 1240
SPS: 1241
SPS: 1241
SPS: 1241
SPS: 1242
SPS: 1242
SPS: 1243
SPS: 1243
SPS: 1244
SPS: 1244
SPS: 1245
SPS: 1245
SPS: 1245
SPS: 1246
SPS: 1246
SPS: 1247
SPS: 1247
SPS: 1248
SPS: 1248
SPS: 1248
SPS: 1249
SPS: 1249
SPS: 1250
SPS: 1250
SPS: 1251
SPS: 1251
SPS: 1251
SPS: 1252
SPS: 1252
SPS: 1253
SPS: 1253
SPS: 1254
SPS: 1254
SPS: 1254
global_step=1085696, episodic_return=820.0
global_step=1085696, episodic_return=820.0
SPS: 1255
SPS: 1255
SPS: 1255
SPS: 1255
SPS: 1256
SPS: 1256
SPS: 1257
SPS: 1257
SPS: 1257
SPS: 1258
SPS: 1258
SPS: 1259
SPS: 1259
SPS: 1260
SPS: 1260
SPS: 1260
SPS: 1261
SPS: 1261
SPS: 1262
SPS: 1262
SPS: 1263
SPS: 1263
SPS: 1263
SPS: 1264
SPS: 1264
SPS: 1265
SPS: 1265
SPS: 1266
SPS: 1266
SPS: 1266
SPS: 1267
SPS: 1267
SPS: 1268
SPS: 1268
SPS: 1268
SPS: 1269
SPS: 1269
SPS: 1270
SPS: 1270
SPS: 1270
SPS: 1271
SPS: 1271
SPS: 1271
SPS: 1272
SPS: 1272
SPS: 1273
SPS: 1273
SPS: 1273
SPS: 1274
SPS: 1274
SPS: 1274
SPS: 1275
SPS: 1275
SPS: 1276
SPS: 1276
SPS: 1276
SPS: 1277
SPS: 1277
SPS: 1277
SPS: 1278
SPS: 1278
SPS: 1278
SPS: 1279
SPS: 1279
SPS: 1279
SPS: 1280
SPS: 1280
SPS: 1280
SPS: 1281
SPS: 1281
SPS: 1281
SPS: 1282
SPS: 1282
SPS: 1282
global_step=1204208, episodic_return=820.0
global_step=1204208, episodic_return=820.0
SPS: 1283
SPS: 1283
SPS: 1284
SPS: 1284
SPS: 1284
SPS: 1285
SPS: 1285
SPS: 1285
SPS: 1286
SPS: 1286
SPS: 1286
SPS: 1287
SPS: 1287
SPS: 1287
SPS: 1288
SPS: 1288
SPS: 1288
SPS: 1289
SPS: 1289
SPS: 1289
SPS: 1290
SPS: 1290
SPS: 1290
SPS: 1291
SPS: 1291
SPS: 1291
SPS: 1292
SPS: 1292
SPS: 1293
SPS: 1293
SPS: 1293
SPS: 1294
SPS: 1294
SPS: 1294
SPS: 1295
SPS: 1295
SPS: 1295
SPS: 1296
SPS: 1296
SPS: 1296
SPS: 1297
SPS: 1297
SPS: 1297
SPS: 1297
SPS: 1298
SPS: 1298
SPS: 1298
SPS: 1299
SPS: 1299
SPS: 1299
SPS: 1300
SPS: 1300
SPS: 1300
SPS: 1301
SPS: 1301
SPS: 1301
SPS: 1302
SPS: 1302
SPS: 1302
SPS: 1303
SPS: 1303
SPS: 1303
SPS: 1304
SPS: 1304
SPS: 1304
SPS: 1304
SPS: 1305
SPS: 1305
SPS: 1305
SPS: 1306
SPS: 1306
SPS: 1306
SPS: 1307
SPS: 1307
SPS: 1307
SPS: 1307
SPS: 1308
SPS: 1308
SPS: 1308
SPS: 1309
SPS: 1309
SPS: 1309
SPS: 1310
SPS: 1310
SPS: 1310
SPS: 1311
SPS: 1311
SPS: 1311
SPS: 1312
SPS: 1312
SPS: 1312
SPS: 1313
SPS: 1313
SPS: 1313
SPS: 1314
SPS: 1314
SPS: 1314
SPS: 1314
SPS: 1315
SPS: 1315
SPS: 1315
SPS: 1316
SPS: 1316
SPS: 1316
SPS: 1316
SPS: 1317
SPS: 1317
SPS: 1317
SPS: 1318
SPS: 1318
SPS: 1318
SPS: 1318
SPS: 1319
SPS: 1319
SPS: 1319
SPS: 1320
SPS: 1320
SPS: 1320
SPS: 1321
SPS: 1321
SPS: 1321
SPS: 1321
SPS: 1322
SPS: 1322
SPS: 1322
SPS: 1322
SPS: 1323
SPS: 1323
SPS: 1323
SPS: 1324
SPS: 1324
SPS: 1324
SPS: 1325
SPS: 1325
SPS: 1325
SPS: 1325
SPS: 1326
global_step=1423136, episodic_return=1120.0
SPS: 1326
SPS: 1326
SPS: 1326
SPS: 1327
SPS: 1327
SPS: 1327
SPS: 1328
SPS: 1328
SPS: 1328
SPS: 1328
SPS: 1329
SPS: 1329
SPS: 1329
SPS: 1329
SPS: 1330
SPS: 1330
SPS: 1330
SPS: 1331
SPS: 1331
SPS: 1331
SPS: 1331
SPS: 1332
SPS: 1332
SPS: 1332
SPS: 1332
SPS: 1333
SPS: 1333
SPS: 1333
SPS: 1333
SPS: 1334
SPS: 1334
SPS: 1334
SPS: 1334
SPS: 1335
SPS: 1335
SPS: 1335
SPS: 1335
SPS: 1336
SPS: 1336
SPS: 1336
SPS: 1337
SPS: 1337
SPS: 1337
SPS: 1337
SPS: 1338
SPS: 1338
SPS: 1338
SPS: 1338
SPS: 1339
SPS: 1339
SPS: 1339
SPS: 1340
SPS: 1340
SPS: 1340
SPS: 1340
SPS: 1341
SPS: 1341
SPS: 1341
SPS: 1341
SPS: 1342
SPS: 1342
SPS: 1342
SPS: 1342
SPS: 1343
SPS: 1343
SPS: 1343
SPS: 1343
SPS: 1344
SPS: 1344
SPS: 1344
SPS: 1345
SPS: 1345
SPS: 1345
SPS: 1345
SPS: 1346
SPS: 1346
SPS: 1346
SPS: 1346
SPS: 1347
SPS: 1347
SPS: 1347
SPS: 1347
SPS: 1348
SPS: 1348
SPS: 1348
SPS: 1348
SPS: 1349
SPS: 1349
SPS: 1349
SPS: 1349
global_step=1567776, episodic_return=1140.0
global_step=1567776, episodic_return=1140.0
SPS: 1349
SPS: 1350
SPS: 1350
SPS: 1350
SPS: 1350
SPS: 1351
SPS: 1351
SPS: 1351
SPS: 1351
SPS: 1351
SPS: 1352
SPS: 1352
SPS: 1352
SPS: 1352
SPS: 1352
SPS: 1353
SPS: 1353
SPS: 1353
SPS: 1353
SPS: 1353
SPS: 1354
SPS: 1354
SPS: 1354
SPS: 1354
SPS: 1355
SPS: 1355
SPS: 1355
SPS: 1355
SPS: 1355
SPS: 1356
SPS: 1356
SPS: 1356
SPS: 1356
SPS: 1357
SPS: 1357
SPS: 1357
SPS: 1357
SPS: 1357
SPS: 1358
SPS: 1358
SPS: 1358
SPS: 1358
SPS: 1359
SPS: 1359
SPS: 1359
SPS: 1359
SPS: 1359
SPS: 1360
SPS: 1360
SPS: 1360
SPS: 1360
SPS: 1361
SPS: 1360
SPS: 1360
SPS: 1360
SPS: 1360
SPS: 1361
SPS: 1361
SPS: 1361
SPS: 1361
SPS: 1361
SPS: 1362
SPS: 1362
SPS: 1362
SPS: 1362
SPS: 1363
SPS: 1363
SPS: 1363
SPS: 1363
SPS: 1363
SPS: 1364
SPS: 1364
SPS: 1364
SPS: 1364
SPS: 1364
SPS: 1365
SPS: 1365
SPS: 1365
SPS: 1365
SPS: 1366
SPS: 1366
SPS: 1366
SPS: 1366
SPS: 1366
SPS: 1367
SPS: 1367
SPS: 1367
SPS: 1367
SPS: 1367
SPS: 1368
global_step=1710544, episodic_return=520.0
SPS: 1368
SPS: 1368
SPS: 1368
SPS: 1368
SPS: 1369
SPS: 1369
SPS: 1369
SPS: 1369
SPS: 1369
SPS: 1370
SPS: 1370
SPS: 1370
SPS: 1370
SPS: 1370
SPS: 1371
SPS: 1371
SPS: 1371
SPS: 1371
SPS: 1371
SPS: 1372
SPS: 1372
SPS: 1372
SPS: 1372
SPS: 1372
SPS: 1372
SPS: 1372
SPS: 1372
SPS: 1372
SPS: 1372
SPS: 1373
SPS: 1373
SPS: 1373
SPS: 1373
SPS: 1373
SPS: 1374
SPS: 1374
SPS: 1374
SPS: 1374
SPS: 1374
SPS: 1375
SPS: 1375
SPS: 1375
SPS: 1375
SPS: 1375
SPS: 1376
SPS: 1376
SPS: 1376
SPS: 1376
SPS: 1376
SPS: 1377
SPS: 1377
SPS: 1377
SPS: 1377
SPS: 1377
SPS: 1377
SPS: 1378
SPS: 1378
SPS: 1378
SPS: 1378
SPS: 1378
SPS: 1378
SPS: 1379
SPS: 1379
SPS: 1379
SPS: 1379
SPS: 1379
SPS: 1380
SPS: 1380
SPS: 1380
SPS: 1380
SPS: 1380
SPS: 1380
SPS: 1381
SPS: 1381
SPS: 1381
SPS: 1381
SPS: 1381
SPS: 1381
SPS: 1382
global_step=1838352, episodic_return=2360.0
global_step=1838352, episodic_return=2360.0
SPS: 1382
SPS: 1382
SPS: 1382
SPS: 1382
SPS: 1382
SPS: 1383
SPS: 1383
SPS: 1382
SPS: 1382
SPS: 1383
SPS: 1383
SPS: 1383
SPS: 1383
SPS: 1383
SPS: 1383
SPS: 1384
SPS: 1384
SPS: 1384
SPS: 1384
SPS: 1384
SPS: 1385
SPS: 1385
SPS: 1385
SPS: 1385
SPS: 1385
SPS: 1385
SPS: 1386
SPS: 1386
SPS: 1386
SPS: 1386
SPS: 1386
SPS: 1387
SPS: 1387
SPS: 1387
SPS: 1387
SPS: 1387
SPS: 1387
SPS: 1388
SPS: 1388
SPS: 1388
SPS: 1388
SPS: 1388
SPS: 1388
SPS: 1389
SPS: 1389
SPS: 1389
SPS: 1389
SPS: 1389
SPS: 1389
SPS: 1390
SPS: 1390
global_step=1919376, episodic_return=480.0
global_step=1919376, episodic_return=480.0
SPS: 1390
SPS: 1390
SPS: 1390
SPS: 1391
SPS: 1391
SPS: 1391
SPS: 1391
SPS: 1391
SPS: 1391
SPS: 1392
SPS: 1392
SPS: 1392
SPS: 1392
SPS: 1392
SPS: 1392
SPS: 1393
SPS: 1393
SPS: 1393
SPS: 1392
SPS: 1392
SPS: 1392
SPS: 1393
SPS: 1393
SPS: 1393
SPS: 1393
SPS: 1393
SPS: 1393
SPS: 1393
SPS: 1394
SPS: 1394
SPS: 1394
SPS: 1394
SPS: 1394
SPS: 1394
SPS: 1395
SPS: 1395
SPS: 1395
SPS: 1395
SPS: 1395
SPS: 1395
SPS: 1396
SPS: 1396
SPS: 1396
SPS: 1396
SPS: 1396
SPS: 1396
SPS: 1397
SPS: 1397
SPS: 1397
SPS: 1397
SPS: 1397
SPS: 1397
SPS: 1397
SPS: 1398
SPS: 1398
SPS: 1398
SPS: 1398
SPS: 1398
SPS: 1398
SPS: 1398
SPS: 1399
SPS: 1399
SPS: 1399
SPS: 1399
SPS: 1399
SPS: 1399
SPS: 1399
SPS: 1400
SPS: 1400
SPS: 1400
SPS: 1400
SPS: 1400
SPS: 1400
SPS: 1400
SPS: 1401
SPS: 1401
SPS: 1401
SPS: 1401
SPS: 1401
SPS: 1400
SPS: 1401
global_step=2049392, episodic_return=280.0
SPS: 1401
SPS: 1401
SPS: 1401
SPS: 1401
SPS: 1401
SPS: 1401
SPS: 1402
SPS: 1402
SPS: 1402
SPS: 1402
SPS: 1402
SPS: 1402
SPS: 1403
SPS: 1403
SPS: 1403
SPS: 1403
SPS: 1403
SPS: 1403
SPS: 1403
SPS: 1404
SPS: 1404
SPS: 1404
SPS: 1404
SPS: 1404
SPS: 1404
SPS: 1405
global_step=2090240, episodic_return=80.0
global_step=2090240, episodic_return=80.0
SPS: 1405
SPS: 1405
SPS: 1405
SPS: 1405
SPS: 1405
SPS: 1405
SPS: 1405
SPS: 1406
SPS: 1406
SPS: 1406
SPS: 1406
SPS: 1406
SPS: 1406
SPS: 1406
SPS: 1407
SPS: 1407
SPS: 1407
SPS: 1407
SPS: 1407
SPS: 1407
SPS: 1407
SPS: 1408
SPS: 1408
SPS: 1408
SPS: 1408
SPS: 1408
SPS: 1408
SPS: 1409
SPS: 1409
SPS: 1409
SPS: 1409
SPS: 1409
SPS: 1409
SPS: 1409
SPS: 1409
SPS: 1409
SPS: 1409
SPS: 1409
SPS: 1409
SPS: 1409
SPS: 1410
SPS: 1410
SPS: 1410
SPS: 1410
SPS: 1410
SPS: 1410
SPS: 1410
SPS: 1411
SPS: 1411
SPS: 1411
SPS: 1411
SPS: 1411
global_step=2174240, episodic_return=800.0
SPS: 1411
SPS: 1411
SPS: 1411
SPS: 1412
SPS: 1412
SPS: 1412
SPS: 1412
SPS: 1412
SPS: 1412
SPS: 1412
SPS: 1413
SPS: 1413
SPS: 1413
SPS: 1413
SPS: 1413
SPS: 1413
SPS: 1413
SPS: 1413
SPS: 1414
SPS: 1414
SPS: 1414
SPS: 1414
SPS: 1414
SPS: 1414
SPS: 1414
SPS: 1415
SPS: 1415
SPS: 1415
SPS: 1415
SPS: 1415
SPS: 1415
SPS: 1415
SPS: 1416
SPS: 1416
SPS: 1416
SPS: 1416
SPS: 1416
SPS: 1416
SPS: 1416
SPS: 1417
SPS: 1417
SPS: 1417
SPS: 1417
SPS: 1417
SPS: 1417
SPS: 1417
SPS: 1417
SPS: 1418
global_step=2249952, episodic_return=0.0
global_step=2249952, episodic_return=0.0
SPS: 1418
SPS: 1418
SPS: 1418
SPS: 1418
SPS: 1418
SPS: 1418
SPS: 1419
SPS: 1419
SPS: 1419
SPS: 1419
SPS: 1419
SPS: 1419
SPS: 1419
SPS: 1419
SPS: 1420
SPS: 1420
SPS: 1420
SPS: 1420
SPS: 1420
SPS: 1420
SPS: 1420
SPS: 1421
SPS: 1421
SPS: 1421
SPS: 1421
SPS: 1421
SPS: 1421
SPS: 1421
SPS: 1421
SPS: 1422
SPS: 1422
SPS: 1422
SPS: 1422
SPS: 1422
SPS: 1422
SPS: 1422
SPS: 1423
SPS: 1423
SPS: 1423
SPS: 1423
SPS: 1423
SPS: 1423
SPS: 1423
SPS: 1423
SPS: 1424
SPS: 1424
SPS: 1424
SPS: 1424
SPS: 1424
SPS: 1424
SPS: 1424
SPS: 1424
SPS: 1425
SPS: 1425
SPS: 1425
SPS: 1425
SPS: 1425
SPS: 1425
SPS: 1425
SPS: 1425
SPS: 1426
SPS: 1426
SPS: 1426
SPS: 1426
SPS: 1426
SPS: 1426
SPS: 1426
SPS: 1426
SPS: 1427
SPS: 1427
SPS: 1427
SPS: 1427
SPS: 1427
SPS: 1427
SPS: 1427
SPS: 1427
SPS: 1427
SPS: 1428
SPS: 1428
SPS: 1428
SPS: 1428
SPS: 1428
SPS: 1428
SPS: 1428
SPS: 1428
SPS: 1429
SPS: 1429
SPS: 1429
SPS: 1429
SPS: 1429
SPS: 1429
SPS: 1429
SPS: 1429
SPS: 1429
SPS: 1430
SPS: 1430
SPS: 1430
SPS: 1430
SPS: 1430
SPS: 1430
SPS: 1430
SPS: 1430
SPS: 1430
global_step=2415680, episodic_return=240.0
global_step=2415680, episodic_return=240.0
SPS: 1430
SPS: 1431
SPS: 1431
SPS: 1431
SPS: 1431
SPS: 1431
SPS: 1431
SPS: 1431
SPS: 1431
SPS: 1431
SPS: 1432
SPS: 1432
SPS: 1432
SPS: 1432
SPS: 1432
SPS: 1432
SPS: 1432
SPS: 1432
SPS: 1432
SPS: 1432
SPS: 1433
SPS: 1433
SPS: 1433
SPS: 1433
SPS: 1433
SPS: 1433
SPS: 1433
SPS: 1433
SPS: 1434
SPS: 1434
SPS: 1434
SPS: 1434
SPS: 1434
SPS: 1434
SPS: 1434
SPS: 1434
SPS: 1434
SPS: 1435
SPS: 1435
SPS: 1435
SPS: 1435
SPS: 1435
SPS: 1435
SPS: 1435
SPS: 1435
SPS: 1435
SPS: 1435
SPS: 1436
SPS: 1436
SPS: 1436
SPS: 1436
SPS: 1436
SPS: 1436
SPS: 1436
SPS: 1436
SPS: 1436
SPS: 1437
SPS: 1437
SPS: 1437
SPS: 1437
SPS: 1437
SPS: 1437
SPS: 1437
SPS: 1437
SPS: 1437
SPS: 1438
SPS: 1438
SPS: 1438
SPS: 1438
SPS: 1438
SPS: 1438
SPS: 1438
SPS: 1438
SPS: 1438
SPS: 1438
SPS: 1438
SPS: 1439
SPS: 1439
SPS: 1439
SPS: 1439
SPS: 1439
SPS: 1439
SPS: 1439
SPS: 1439
SPS: 1439
SPS: 1439
SPS: 1439
SPS: 1440
SPS: 1440
SPS: 1440
SPS: 1440
SPS: 1440
SPS: 1440
SPS: 1440
SPS: 1440
SPS: 1440
SPS: 1440
SPS: 1441
SPS: 1441
SPS: 1441
SPS: 1441
SPS: 1441
SPS: 1441
SPS: 1441
SPS: 1441
SPS: 1441
SPS: 1441
SPS: 1442
SPS: 1442
SPS: 1442
SPS: 1442
SPS: 1442
SPS: 1442
SPS: 1442
SPS: 1442
SPS: 1442
SPS: 1442
SPS: 1442
SPS: 1443
SPS: 1443
SPS: 1443
SPS: 1443
SPS: 1443
SPS: 1443
SPS: 1443
global_step=2615456, episodic_return=1240.0
SPS: 1443
SPS: 1443
SPS: 1443
SPS: 1444
SPS: 1444
SPS: 1444
SPS: 1444
SPS: 1444
SPS: 1444
SPS: 1444
SPS: 1444
SPS: 1444
SPS: 1444
SPS: 1444
SPS: 1445
SPS: 1445
SPS: 1445
SPS: 1445
SPS: 1445
SPS: 1445
SPS: 1445
SPS: 1445
SPS: 1445
SPS: 1445
SPS: 1445
SPS: 1446
SPS: 1446
SPS: 1446
SPS: 1446
SPS: 1446
SPS: 1446
SPS: 1446
SPS: 1446
SPS: 1446
SPS: 1446
SPS: 1446
SPS: 1447
SPS: 1447
SPS: 1447
SPS: 1447
SPS: 1447
SPS: 1447
SPS: 1447
SPS: 1447
SPS: 1447
SPS: 1447
SPS: 1447
SPS: 1448
SPS: 1448
SPS: 1448
SPS: 1448
global_step=2696256, episodic_return=1940.0
global_step=2696256, episodic_return=1940.0
SPS: 1448
SPS: 1448
SPS: 1448
SPS: 1448
SPS: 1448
SPS: 1448
SPS: 1449
SPS: 1449
SPS: 1449
SPS: 1449
SPS: 1449
SPS: 1449
SPS: 1449
SPS: 1449
SPS: 1449
SPS: 1449
SPS: 1449
SPS: 1450
global_step=2724864, episodic_return=160.0
SPS: 1450
SPS: 1450
SPS: 1450
SPS: 1450
SPS: 1450
SPS: 1450
SPS: 1450
SPS: 1450
SPS: 1450
SPS: 1450
SPS: 1450
SPS: 1451
SPS: 1451
SPS: 1451
SPS: 1451
SPS: 1451
SPS: 1451
SPS: 1451
SPS: 1451
SPS: 1451
SPS: 1451
SPS: 1452
SPS: 1452
SPS: 1452
SPS: 1452
SPS: 1452
SPS: 1452
SPS: 1452
SPS: 1452
SPS: 1452
SPS: 1452
SPS: 1453
SPS: 1453
SPS: 1453
SPS: 1453
SPS: 1453
SPS: 1453
SPS: 1453
SPS: 1453
SPS: 1453
SPS: 1453
SPS: 1454
SPS: 1454
SPS: 1454
SPS: 1454
SPS: 1454
SPS: 1454
SPS: 1454
SPS: 1454
SPS: 1454
SPS: 1454
SPS: 1454
SPS: 1454
SPS: 1455
SPS: 1455
SPS: 1455
SPS: 1455
SPS: 1455
SPS: 1455
SPS: 1455
SPS: 1455
SPS: 1455
SPS: 1455
SPS: 1455
SPS: 1455
SPS: 1456
SPS: 1456
SPS: 1456
SPS: 1456
SPS: 1456
SPS: 1456
SPS: 1456
SPS: 1456
SPS: 1456
SPS: 1456
SPS: 1456
SPS: 1456
SPS: 1457
SPS: 1457
SPS: 1457
SPS: 1457
SPS: 1457
SPS: 1457
SPS: 1457
global_step=2859968, episodic_return=760.0
global_step=2859968, episodic_return=760.0
SPS: 1457
SPS: 1457
SPS: 1457
SPS: 1457
SPS: 1458
SPS: 1458
SPS: 1458
SPS: 1458
SPS: 1458
SPS: 1458
SPS: 1458
SPS: 1458
SPS: 1458
SPS: 1458
SPS: 1458
SPS: 1458
SPS: 1459
SPS: 1459
SPS: 1459
SPS: 1459
SPS: 1459
SPS: 1459
SPS: 1459
SPS: 1459
SPS: 1459
SPS: 1459
SPS: 1459
SPS: 1459
SPS: 1460
SPS: 1460
SPS: 1460
SPS: 1460
SPS: 1460
SPS: 1460
SPS: 1460
SPS: 1460
SPS: 1460
SPS: 1460
SPS: 1460
SPS: 1460
SPS: 1461
SPS: 1461
SPS: 1461
SPS: 1461
SPS: 1461
SPS: 1461
SPS: 1461
SPS: 1461
SPS: 1461
SPS: 1461
SPS: 1462
SPS: 1462
SPS: 1462
SPS: 1462
SPS: 1462
SPS: 1462
SPS: 1462
SPS: 1462
SPS: 1462
SPS: 1462
SPS: 1462
SPS: 1462
SPS: 1463
SPS: 1463
SPS: 1463
SPS: 1463
SPS: 1463
SPS: 1463
SPS: 1463
SPS: 1463
SPS: 1463
SPS: 1463
SPS: 1463
SPS: 1463
SPS: 1463
SPS: 1464
SPS: 1464
SPS: 1464
SPS: 1464
SPS: 1464
SPS: 1464
SPS: 1464
SPS: 1464
SPS: 1464
SPS: 1464
SPS: 1464
SPS: 1464
SPS: 1464
SPS: 1465
global_step=3002240, episodic_return=1000.0
global_step=3002240, episodic_return=1000.0
SPS: 1465
SPS: 1465
SPS: 1465
SPS: 1465
SPS: 1465
SPS: 1465
SPS: 1465
SPS: 1465
SPS: 1465
SPS: 1465
SPS: 1465
SPS: 1465
SPS: 1466
SPS: 1466
SPS: 1466
SPS: 1466
SPS: 1466
SPS: 1466
SPS: 1466
SPS: 1466
global_step=3035040, episodic_return=80.0
SPS: 1466
SPS: 1466
SPS: 1466
SPS: 1466
SPS: 1466
SPS: 1467
SPS: 1467
SPS: 1467
SPS: 1467
SPS: 1467
SPS: 1467
SPS: 1467
SPS: 1467
SPS: 1467
SPS: 1467
SPS: 1467
SPS: 1467
SPS: 1467
SPS: 1467
SPS: 1468
SPS: 1468
SPS: 1468
SPS: 1468
SPS: 1468
SPS: 1468
SPS: 1468
SPS: 1468
SPS: 1468
SPS: 1468
SPS: 1468
SPS: 1468
SPS: 1468
SPS: 1468
SPS: 1469
SPS: 1469
SPS: 1469
SPS: 1469
SPS: 1469
SPS: 1469
SPS: 1469
SPS: 1469
SPS: 1469
SPS: 1469
SPS: 1469
SPS: 1469
SPS: 1469
SPS: 1470
SPS: 1470
SPS: 1470
SPS: 1470
SPS: 1470
SPS: 1470
SPS: 1470
SPS: 1470
SPS: 1470
SPS: 1470
SPS: 1470
SPS: 1470
SPS: 1470
SPS: 1470
SPS: 1470
SPS: 1471
SPS: 1471
SPS: 1471
SPS: 1471
SPS: 1471
SPS: 1471
SPS: 1471
SPS: 1471
SPS: 1471
SPS: 1471
SPS: 1471
SPS: 1471
SPS: 1471
SPS: 1472
SPS: 1472
SPS: 1472
SPS: 1472
SPS: 1472
SPS: 1472
SPS: 1472
SPS: 1472
SPS: 1472
SPS: 1472
SPS: 1472
SPS: 1472
SPS: 1473
SPS: 1473
SPS: 1473
SPS: 1473
SPS: 1473
SPS: 1473
SPS: 1473
SPS: 1473
SPS: 1473
SPS: 1473
SPS: 1473
SPS: 1473
SPS: 1473
SPS: 1473
SPS: 1473
SPS: 1474
SPS: 1474
SPS: 1474
SPS: 1474
SPS: 1474
SPS: 1474
SPS: 1474
SPS: 1474
SPS: 1474
SPS: 1474
SPS: 1474
SPS: 1474
SPS: 1474
SPS: 1475
SPS: 1475
SPS: 1475
SPS: 1475
SPS: 1475
SPS: 1475
SPS: 1475
SPS: 1475
SPS: 1475
SPS: 1475
SPS: 1475
SPS: 1475
SPS: 1475
SPS: 1475
SPS: 1475
SPS: 1475
SPS: 1476
SPS: 1476
SPS: 1476
SPS: 1476
SPS: 1476
SPS: 1476
SPS: 1476
SPS: 1476
SPS: 1476
SPS: 1476
global_step=3257680, episodic_return=0.0
global_step=3257680, episodic_return=0.0
SPS: 1476
SPS: 1476
SPS: 1476
SPS: 1476
SPS: 1477
SPS: 1477
SPS: 1477
SPS: 1477
SPS: 1477
SPS: 1477
SPS: 1477
SPS: 1477
SPS: 1477
SPS: 1477
SPS: 1477
SPS: 1477
SPS: 1477
SPS: 1477
SPS: 1477
SPS: 1477
SPS: 1477
SPS: 1478
SPS: 1478
SPS: 1478
SPS: 1478
SPS: 1478
SPS: 1478
SPS: 1478
SPS: 1478
SPS: 1478
SPS: 1478
SPS: 1478
SPS: 1478
SPS: 1478
SPS: 1478
SPS: 1478
SPS: 1478
SPS: 1479
SPS: 1479
SPS: 1479
SPS: 1479
SPS: 1479
SPS: 1479
SPS: 1479
SPS: 1479
SPS: 1479
SPS: 1479
SPS: 1479
SPS: 1479
SPS: 1479
SPS: 1479
SPS: 1479
SPS: 1480
SPS: 1480
SPS: 1480
SPS: 1480
SPS: 1480
SPS: 1480
SPS: 1480
SPS: 1480
SPS: 1480
SPS: 1480
SPS: 1480
SPS: 1480
SPS: 1480
SPS: 1480
SPS: 1480
SPS: 1480
global_step=3367696, episodic_return=860.0
SPS: 1481
SPS: 1481
SPS: 1481
SPS: 1481
SPS: 1481
SPS: 1481
SPS: 1481
SPS: 1481
SPS: 1481
SPS: 1481
SPS: 1481
SPS: 1481
SPS: 1481
SPS: 1481
SPS: 1482
SPS: 1482
SPS: 1482
SPS: 1482
SPS: 1482
SPS: 1482
SPS: 1482
SPS: 1482
SPS: 1482
SPS: 1482
SPS: 1482
SPS: 1482
SPS: 1482
SPS: 1483
SPS: 1483
SPS: 1483
SPS: 1483
SPS: 1483
SPS: 1483
SPS: 1483
SPS: 1483
SPS: 1483
SPS: 1483
SPS: 1483
SPS: 1483
SPS: 1483
SPS: 1483
SPS: 1483
SPS: 1483
SPS: 1484
SPS: 1484
SPS: 1484
SPS: 1484
SPS: 1484
global_step=3444192, episodic_return=0.0
global_step=3444192, episodic_return=0.0
SPS: 1484
SPS: 1484
SPS: 1484
SPS: 1484
SPS: 1484
SPS: 1484
SPS: 1484
SPS: 1484
SPS: 1484
SPS: 1484
SPS: 1484
SPS: 1484
SPS: 1484
SPS: 1485
SPS: 1485
SPS: 1485
SPS: 1485
SPS: 1485
SPS: 1485
SPS: 1485
SPS: 1485
SPS: 1485
SPS: 1485
SPS: 1485
SPS: 1485
SPS: 1485
SPS: 1485
SPS: 1485
SPS: 1485
SPS: 1485
SPS: 1485
SPS: 1486
SPS: 1486
SPS: 1486
SPS: 1486
SPS: 1486
SPS: 1486
SPS: 1486
SPS: 1486
SPS: 1486
SPS: 1486
SPS: 1486
SPS: 1486
SPS: 1486
SPS: 1486
SPS: 1486
global_step=3518352, episodic_return=320.0
global_step=3518352, episodic_return=320.0
SPS: 1486
SPS: 1486
SPS: 1486
SPS: 1486
SPS: 1487
SPS: 1487
SPS: 1487
SPS: 1487
SPS: 1487
SPS: 1487
SPS: 1487
SPS: 1487
SPS: 1487
SPS: 1487
SPS: 1487
SPS: 1487
SPS: 1487
SPS: 1487
SPS: 1487
SPS: 1487
SPS: 1487
SPS: 1487
SPS: 1488
SPS: 1488
SPS: 1488
SPS: 1488
SPS: 1488
SPS: 1488
SPS: 1488
SPS: 1488
SPS: 1488
SPS: 1488
SPS: 1488
SPS: 1488
SPS: 1488
SPS: 1488
SPS: 1488
SPS: 1488
SPS: 1488
SPS: 1489
SPS: 1489
SPS: 1489
SPS: 1489
SPS: 1489
SPS: 1489
SPS: 1489
SPS: 1489
SPS: 1489
SPS: 1489
SPS: 1489
SPS: 1489
SPS: 1489
SPS: 1489
SPS: 1489
SPS: 1489
SPS: 1489
global_step=3607488, episodic_return=260.0
SPS: 1490
SPS: 1490
SPS: 1490
SPS: 1490
SPS: 1490
SPS: 1490
SPS: 1490
SPS: 1490
SPS: 1490
SPS: 1490
SPS: 1490
SPS: 1490
SPS: 1490
SPS: 1490
SPS: 1490
SPS: 1490
SPS: 1490
SPS: 1490
SPS: 1490
SPS: 1490
SPS: 1491
SPS: 1491
SPS: 1491
SPS: 1491
SPS: 1491
SPS: 1491
SPS: 1491
SPS: 1491
SPS: 1491
SPS: 1491
SPS: 1491
SPS: 1491
SPS: 1491
SPS: 1491
SPS: 1491
SPS: 1491
SPS: 1491
global_step=3667072, episodic_return=0.0
global_step=3667072, episodic_return=0.0
SPS: 1492
SPS: 1492
SPS: 1492
SPS: 1492
SPS: 1492
SPS: 1492
SPS: 1492
SPS: 1492
SPS: 1492
SPS: 1492
SPS: 1492
SPS: 1492
SPS: 1492
SPS: 1492
SPS: 1492
SPS: 1492
SPS: 1492
SPS: 1492
SPS: 1493
SPS: 1493
SPS: 1493
SPS: 1493
SPS: 1493
SPS: 1493
SPS: 1493
SPS: 1493
SPS: 1493
SPS: 1493
SPS: 1493
SPS: 1493
SPS: 1493
SPS: 1493
SPS: 1493
SPS: 1493
SPS: 1493
SPS: 1493
SPS: 1493
SPS: 1493
SPS: 1493
SPS: 1493
SPS: 1493
SPS: 1494
SPS: 1494
SPS: 1494
SPS: 1494
SPS: 1494
SPS: 1494
SPS: 1494
SPS: 1494
SPS: 1494
SPS: 1494
SPS: 1494
SPS: 1494
SPS: 1494
SPS: 1494
SPS: 1494
SPS: 1494
SPS: 1494
SPS: 1494
SPS: 1494
SPS: 1495
SPS: 1495
SPS: 1495
SPS: 1495
SPS: 1495
SPS: 1495
SPS: 1495
SPS: 1495
SPS: 1495
SPS: 1495
SPS: 1495
SPS: 1495
SPS: 1495
SPS: 1495
SPS: 1495
SPS: 1495
SPS: 1495
SPS: 1495
SPS: 1495
SPS: 1495
SPS: 1496
SPS: 1496
SPS: 1496
SPS: 1496
SPS: 1496
SPS: 1496
SPS: 1496
SPS: 1496
SPS: 1496
SPS: 1496
SPS: 1496
SPS: 1496
global_step=3814080, episodic_return=1020.0
SPS: 1496
SPS: 1496
SPS: 1496
SPS: 1496
SPS: 1496
SPS: 1496
SPS: 1496
SPS: 1496
SPS: 1496
SPS: 1497
SPS: 1497
SPS: 1497
SPS: 1497
SPS: 1497
SPS: 1497
SPS: 1497
SPS: 1497
SPS: 1497
SPS: 1497
SPS: 1497
SPS: 1497
SPS: 1497
SPS: 1497
SPS: 1497
SPS: 1497
SPS: 1497
SPS: 1497
SPS: 1497
SPS: 1498
SPS: 1498
SPS: 1498
SPS: 1498
SPS: 1498
SPS: 1498
SPS: 1498
SPS: 1498
SPS: 1498
SPS: 1498
SPS: 1498
SPS: 1498
SPS: 1498
SPS: 1498
SPS: 1498
SPS: 1498
SPS: 1498
SPS: 1498
SPS: 1499
SPS: 1499
SPS: 1499
SPS: 1499
SPS: 1499
SPS: 1499
SPS: 1499
SPS: 1499
SPS: 1499
SPS: 1499
SPS: 1499
SPS: 1499
SPS: 1499
SPS: 1499
SPS: 1499
SPS: 1499
global_step=3912496, episodic_return=800.0
global_step=3912496, episodic_return=800.0
SPS: 1499
SPS: 1499
SPS: 1499
SPS: 1499
SPS: 1499
SPS: 1499
SPS: 1500
SPS: 1500
SPS: 1500
SPS: 1500
SPS: 1500
SPS: 1500
SPS: 1500
SPS: 1500
SPS: 1500
SPS: 1500
SPS: 1500
SPS: 1500
SPS: 1500
SPS: 1500
SPS: 1500
SPS: 1500
SPS: 1500
SPS: 1500
SPS: 1500
SPS: 1500
SPS: 1501
SPS: 1501
SPS: 1501
SPS: 1501
SPS: 1501
SPS: 1501
SPS: 1501
SPS: 1501
SPS: 1501
SPS: 1501
SPS: 1501
SPS: 1501
SPS: 1501
SPS: 1501
SPS: 1501
SPS: 1501
SPS: 1501
SPS: 1501
SPS: 1501
SPS: 1501
SPS: 1501
SPS: 1501
SPS: 1501
SPS: 1502
SPS: 1502
SPS: 1502
SPS: 1502
SPS: 1502
SPS: 1502
SPS: 1502
SPS: 1502
SPS: 1502
SPS: 1502
SPS: 1502
SPS: 1502
SPS: 1502
SPS: 1502
SPS: 1502
SPS: 1502
SPS: 1502
SPS: 1502
SPS: 1502
SPS: 1502
SPS: 1502
SPS: 1502
SPS: 1502
SPS: 1503
SPS: 1503
SPS: 1503
SPS: 1503
SPS: 1503
SPS: 1503
SPS: 1503
SPS: 1503
SPS: 1503
SPS: 1503
SPS: 1503
SPS: 1503
SPS: 1503
SPS: 1503
SPS: 1503
SPS: 1503
SPS: 1503
SPS: 1503
SPS: 1503
SPS: 1503
SPS: 1503
SPS: 1503
SPS: 1503
SPS: 1504
SPS: 1504
SPS: 1504
SPS: 1504
SPS: 1504
SPS: 1504
SPS: 1504
SPS: 1504
SPS: 1504
SPS: 1504
SPS: 1504
SPS: 1504
SPS: 1504
SPS: 1504
SPS: 1504
SPS: 1504
global_step=4091184, episodic_return=2260.0
global_step=4091184, episodic_return=2260.0
SPS: 1504
SPS: 1504
SPS: 1504
SPS: 1504
SPS: 1504
SPS: 1504
SPS: 1504
SPS: 1504
SPS: 1504
SPS: 1504
SPS: 1505
SPS: 1505
SPS: 1505
SPS: 1505
SPS: 1505
SPS: 1505
SPS: 1505
SPS: 1505
SPS: 1505
SPS: 1505
SPS: 1505
SPS: 1505
SPS: 1505
SPS: 1505
SPS: 1505
SPS: 1505
SPS: 1505
SPS: 1505
SPS: 1505
SPS: 1505
SPS: 1505
SPS: 1505
SPS: 1505
SPS: 1505
SPS: 1505
SPS: 1505
SPS: 1506
SPS: 1506
SPS: 1506
SPS: 1506
SPS: 1506
SPS: 1506
SPS: 1506
SPS: 1506
SPS: 1506
SPS: 1506
SPS: 1506
SPS: 1506
SPS: 1506
SPS: 1506
SPS: 1506
SPS: 1506
SPS: 1506
SPS: 1506
SPS: 1506
SPS: 1506
SPS: 1506
SPS: 1504
SPS: 1504
SPS: 1504
SPS: 1504
SPS: 1504
SPS: 1504
SPS: 1504
SPS: 1504
SPS: 1505
SPS: 1505
SPS: 1505
SPS: 1505
SPS: 1505
SPS: 1505
SPS: 1505
SPS: 1505
SPS: 1505
SPS: 1505
SPS: 1505
SPS: 1505
SPS: 1505
SPS: 1505
global_step=4217072, episodic_return=80.0
SPS: 1505
SPS: 1505
SPS: 1505
SPS: 1505
SPS: 1505
SPS: 1505
SPS: 1505
SPS: 1505
SPS: 1506
SPS: 1506
SPS: 1506
SPS: 1506
SPS: 1506
SPS: 1506
SPS: 1506
SPS: 1506
SPS: 1506
SPS: 1506
SPS: 1506
SPS: 1506
SPS: 1506
SPS: 1506
SPS: 1506
SPS: 1506
SPS: 1506
SPS: 1506
SPS: 1506
SPS: 1506
SPS: 1506
SPS: 1506
SPS: 1506
SPS: 1507
SPS: 1507
SPS: 1507
SPS: 1507
SPS: 1507
SPS: 1507
SPS: 1507
SPS: 1507
SPS: 1507
SPS: 1507
SPS: 1507
SPS: 1507
SPS: 1507
SPS: 1507
SPS: 1507
SPS: 1507
SPS: 1507
SPS: 1507
SPS: 1507
SPS: 1507
SPS: 1507
SPS: 1507
SPS: 1507
SPS: 1507
SPS: 1508
SPS: 1508
SPS: 1508
SPS: 1508
SPS: 1508
SPS: 1508
SPS: 1508
SPS: 1508
SPS: 1508
SPS: 1508
SPS: 1508
SPS: 1508
SPS: 1508
SPS: 1508
SPS: 1508
SPS: 1508
SPS: 1508
SPS: 1508
SPS: 1508
SPS: 1508
SPS: 1508
SPS: 1508
SPS: 1508
SPS: 1508
SPS: 1508
global_step=4344032, episodic_return=1200.0
global_step=4344032, episodic_return=1200.0
SPS: 1508
SPS: 1508
SPS: 1508
SPS: 1509
SPS: 1509
SPS: 1509
SPS: 1509
SPS: 1509
SPS: 1509
SPS: 1509
SPS: 1509
SPS: 1509
SPS: 1509
SPS: 1509
SPS: 1509
SPS: 1509
SPS: 1509
SPS: 1509
SPS: 1509
SPS: 1509
SPS: 1509
SPS: 1509
SPS: 1509
SPS: 1509
SPS: 1509
SPS: 1509
SPS: 1509
SPS: 1509
SPS: 1510
SPS: 1510
SPS: 1510
global_step=4394160, episodic_return=80.0
SPS: 1510
SPS: 1510
SPS: 1510
SPS: 1510
SPS: 1510
SPS: 1510
SPS: 1510
SPS: 1510
SPS: 1510
SPS: 1510
SPS: 1510
SPS: 1510
SPS: 1510
SPS: 1510
SPS: 1510
SPS: 1510
SPS: 1510
SPS: 1510
SPS: 1511
SPS: 1511
SPS: 1511
SPS: 1511
SPS: 1511
SPS: 1511
SPS: 1511
SPS: 1511
SPS: 1511
SPS: 1511
SPS: 1511
SPS: 1511
SPS: 1511
SPS: 1511
SPS: 1511
SPS: 1511
SPS: 1511
SPS: 1511
SPS: 1511
SPS: 1511
SPS: 1511
SPS: 1511
SPS: 1511
SPS: 1511
SPS: 1511
SPS: 1511
SPS: 1512
SPS: 1512
SPS: 1512
SPS: 1512
SPS: 1512
SPS: 1512
SPS: 1512
SPS: 1512
SPS: 1512
SPS: 1512
SPS: 1512
SPS: 1512
SPS: 1512
SPS: 1512
SPS: 1512
SPS: 1512
SPS: 1512
SPS: 1512
SPS: 1512
SPS: 1512
SPS: 1512
SPS: 1512
SPS: 1512
SPS: 1512
SPS: 1513
SPS: 1513
SPS: 1513
global_step=4507216, episodic_return=840.0
global_step=4507216, episodic_return=840.0
SPS: 1513
SPS: 1513
SPS: 1513
SPS: 1513
SPS: 1513
SPS: 1513
SPS: 1513
SPS: 1513
SPS: 1513
SPS: 1513
SPS: 1513
SPS: 1513
SPS: 1513
SPS: 1513
SPS: 1513
SPS: 1513
SPS: 1513
SPS: 1513
SPS: 1513
SPS: 1513
SPS: 1513
SPS: 1513
SPS: 1513
SPS: 1513
SPS: 1513
SPS: 1513
SPS: 1514
SPS: 1514
SPS: 1514
SPS: 1514
SPS: 1514
SPS: 1514
SPS: 1514
SPS: 1514
SPS: 1514
SPS: 1514
SPS: 1514
SPS: 1514
SPS: 1514
SPS: 1514
SPS: 1514
SPS: 1514
SPS: 1514
SPS: 1514
SPS: 1514
SPS: 1514
SPS: 1514
SPS: 1514
SPS: 1514
SPS: 1514
SPS: 1514
SPS: 1514
SPS: 1515
global_step=4593392, episodic_return=340.0
global_step=4593392, episodic_return=340.0
SPS: 1515
SPS: 1515
SPS: 1515
SPS: 1515
SPS: 1515
SPS: 1515
SPS: 1515
SPS: 1515
SPS: 1515
SPS: 1515
SPS: 1515
SPS: 1515
SPS: 1515
SPS: 1515
SPS: 1515
SPS: 1515
SPS: 1515
SPS: 1515
SPS: 1515
SPS: 1515
SPS: 1515
SPS: 1515
SPS: 1515
SPS: 1515
SPS: 1515
SPS: 1515
SPS: 1516
SPS: 1516
SPS: 1516
SPS: 1516
SPS: 1516
SPS: 1516
SPS: 1516
SPS: 1516
SPS: 1516
SPS: 1516
SPS: 1516
SPS: 1516
SPS: 1516
SPS: 1516
SPS: 1516
SPS: 1516
SPS: 1516
SPS: 1516
SPS: 1516
SPS: 1516
SPS: 1516
SPS: 1516
SPS: 1516
SPS: 1516
SPS: 1516
SPS: 1516
SPS: 1516
SPS: 1516
SPS: 1516
SPS: 1516
SPS: 1516
SPS: 1517
SPS: 1517
SPS: 1517
SPS: 1517
SPS: 1517
SPS: 1517
SPS: 1517
SPS: 1517
SPS: 1517
SPS: 1517
SPS: 1517
SPS: 1517
SPS: 1517
SPS: 1517
SPS: 1517
SPS: 1517
SPS: 1517
SPS: 1517
SPS: 1517
SPS: 1517
SPS: 1517
SPS: 1517
SPS: 1517
SPS: 1517
SPS: 1517
SPS: 1517
SPS: 1517
SPS: 1517
SPS: 1517
SPS: 1517
SPS: 1517
SPS: 1517
SPS: 1517
SPS: 1518
SPS: 1518
SPS: 1518
SPS: 1518
SPS: 1518
SPS: 1518
global_step=4747088, episodic_return=1120.0
SPS: 1518
SPS: 1518
SPS: 1518
SPS: 1518
SPS: 1518
SPS: 1518
SPS: 1518
SPS: 1518
SPS: 1518
SPS: 1518
SPS: 1518
SPS: 1518
SPS: 1518
SPS: 1518
SPS: 1518
SPS: 1518
SPS: 1518
SPS: 1518
SPS: 1518
SPS: 1518
SPS: 1518
SPS: 1518
SPS: 1518
SPS: 1519
SPS: 1519
SPS: 1519
SPS: 1519
SPS: 1519
SPS: 1519
SPS: 1519
SPS: 1519
SPS: 1519
SPS: 1519
SPS: 1519
SPS: 1519
SPS: 1519
SPS: 1519
SPS: 1519
SPS: 1519
SPS: 1519
SPS: 1519
SPS: 1519
SPS: 1519
SPS: 1519
SPS: 1519
SPS: 1519
SPS: 1519
SPS: 1519
SPS: 1519
SPS: 1519
SPS: 1519
SPS: 1519
SPS: 1520
SPS: 1520
SPS: 1520
SPS: 1520
SPS: 1520
SPS: 1520
SPS: 1520
SPS: 1520
SPS: 1520
SPS: 1520
SPS: 1520
SPS: 1520
SPS: 1520
SPS: 1520
SPS: 1520
SPS: 1520
SPS: 1520
SPS: 1520
SPS: 1520
SPS: 1520
SPS: 1520
SPS: 1520
SPS: 1520
SPS: 1520
SPS: 1520
SPS: 1520
SPS: 1520
SPS: 1520
SPS: 1521
SPS: 1521
SPS: 1521
SPS: 1521
SPS: 1521
SPS: 1521
SPS: 1521
SPS: 1521
SPS: 1521
SPS: 1521
global_step=4890080, episodic_return=1000.0
global_step=4890080, episodic_return=1000.0
SPS: 1521
SPS: 1521
SPS: 1521
SPS: 1521
SPS: 1521
SPS: 1521
SPS: 1521
SPS: 1521
SPS: 1521
SPS: 1521
SPS: 1521
SPS: 1521
SPS: 1521
SPS: 1521
SPS: 1521
SPS: 1521
SPS: 1521
SPS: 1521
SPS: 1521
SPS: 1522
SPS: 1522
SPS: 1522
SPS: 1522
SPS: 1522
SPS: 1522
SPS: 1522
SPS: 1522
SPS: 1522
SPS: 1522
SPS: 1522
SPS: 1522
SPS: 1522
SPS: 1522
SPS: 1522
SPS: 1522
SPS: 1522
SPS: 1522
SPS: 1522
SPS: 1522
SPS: 1522
SPS: 1522
SPS: 1522
SPS: 1522
SPS: 1522
SPS: 1522
SPS: 1522
SPS: 1522
SPS: 1522
SPS: 1523
SPS: 1523
SPS: 1523
SPS: 1523
SPS: 1523
SPS: 1523
SPS: 1523
SPS: 1523
SPS: 1523
SPS: 1523
SPS: 1523
SPS: 1523
SPS: 1523
SPS: 1523
SPS: 1523
SPS: 1523
SPS: 1523
SPS: 1523
SPS: 1523
SPS: 1523
SPS: 1523
SPS: 1523
SPS: 1523
SPS: 1523
SPS: 1523
SPS: 1523
SPS: 1523
SPS: 1523
SPS: 1523
SPS: 1523
SPS: 1523
SPS: 1524
SPS: 1524
SPS: 1524
SPS: 1524
SPS: 1524
SPS: 1524
SPS: 1524
SPS: 1524
SPS: 1524
SPS: 1524
SPS: 1524
SPS: 1524
SPS: 1524
SPS: 1524
SPS: 1524
SPS: 1524
SPS: 1524
SPS: 1524
SPS: 1524
SPS: 1524
SPS: 1524
SPS: 1524
global_step=5052272, episodic_return=1280.0
SPS: 1524
SPS: 1524
SPS: 1524
SPS: 1524
SPS: 1524
SPS: 1524
SPS: 1524
SPS: 1524
SPS: 1524
SPS: 1524
SPS: 1524
SPS: 1524
SPS: 1524
SPS: 1525
SPS: 1525
SPS: 1525
SPS: 1525
SPS: 1525
SPS: 1525
SPS: 1525
SPS: 1525
SPS: 1525
SPS: 1525
SPS: 1525
SPS: 1525
SPS: 1525
SPS: 1525
SPS: 1525
SPS: 1525
SPS: 1525
SPS: 1525
SPS: 1525
SPS: 1525
SPS: 1525
SPS: 1525
SPS: 1525
SPS: 1525
SPS: 1525
SPS: 1525
SPS: 1525
SPS: 1525
SPS: 1525
SPS: 1525
SPS: 1525
SPS: 1525
SPS: 1525
SPS: 1525
SPS: 1525
SPS: 1526
SPS: 1526
SPS: 1526
SPS: 1526
SPS: 1526
SPS: 1526
SPS: 1526
SPS: 1526
SPS: 1526
SPS: 1526
SPS: 1526
SPS: 1526
SPS: 1526
SPS: 1526
SPS: 1526
SPS: 1526
SPS: 1526
SPS: 1526
SPS: 1526
SPS: 1526
global_step=5160816, episodic_return=840.0
global_step=5160816, episodic_return=840.0
SPS: 1526
SPS: 1526
SPS: 1526
SPS: 1526
SPS: 1526
SPS: 1526
SPS: 1526
SPS: 1526
SPS: 1526
SPS: 1526
SPS: 1526
SPS: 1526
SPS: 1526
SPS: 1526
SPS: 1526
SPS: 1526
SPS: 1526
SPS: 1527
SPS: 1527
SPS: 1527
SPS: 1527
SPS: 1527
SPS: 1527
SPS: 1527
SPS: 1527
SPS: 1527
SPS: 1527
SPS: 1527
SPS: 1527
SPS: 1527
SPS: 1527
SPS: 1527
SPS: 1527
SPS: 1527
SPS: 1527
SPS: 1527
SPS: 1527
SPS: 1527
SPS: 1527
SPS: 1527
SPS: 1527
SPS: 1527
SPS: 1527
SPS: 1527
SPS: 1527
SPS: 1527
SPS: 1527
SPS: 1527
SPS: 1528
SPS: 1528
SPS: 1528
SPS: 1528
SPS: 1528
SPS: 1528
SPS: 1528
SPS: 1528
SPS: 1528
SPS: 1528
SPS: 1528
SPS: 1528
SPS: 1528
SPS: 1528
SPS: 1528
SPS: 1528
SPS: 1528
SPS: 1528
SPS: 1528
SPS: 1528
SPS: 1528
SPS: 1528
SPS: 1528
SPS: 1528
SPS: 1528
SPS: 1528
SPS: 1528
SPS: 1528
SPS: 1528
SPS: 1528
SPS: 1528
SPS: 1528
SPS: 1528
SPS: 1528
SPS: 1528
SPS: 1528
SPS: 1529
SPS: 1529
SPS: 1529
SPS: 1529
SPS: 1529
SPS: 1529
SPS: 1529
SPS: 1529
SPS: 1529
SPS: 1529
SPS: 1529
SPS: 1529
SPS: 1529
SPS: 1529
SPS: 1529
SPS: 1529
SPS: 1529
SPS: 1529
SPS: 1529
SPS: 1529
SPS: 1529
SPS: 1529
SPS: 1529
SPS: 1529
SPS: 1529
SPS: 1529
SPS: 1529
SPS: 1529
SPS: 1529
global_step=5341520, episodic_return=1980.0
global_step=5341520, episodic_return=1980.0
SPS: 1529
SPS: 1529
SPS: 1529
SPS: 1529
SPS: 1529
SPS: 1529
SPS: 1530
SPS: 1530
SPS: 1530
SPS: 1530
SPS: 1530
SPS: 1530
SPS: 1530
SPS: 1530
SPS: 1530
SPS: 1530
SPS: 1530
SPS: 1530
SPS: 1530
SPS: 1530
SPS: 1530
SPS: 1530
SPS: 1530
SPS: 1530
SPS: 1530
SPS: 1530
SPS: 1530
SPS: 1530
SPS: 1530
SPS: 1530
SPS: 1530
SPS: 1530
SPS: 1530
SPS: 1530
SPS: 1530
SPS: 1530
SPS: 1530
SPS: 1531
SPS: 1531
SPS: 1531
SPS: 1531
SPS: 1531
SPS: 1531
SPS: 1531
SPS: 1531
SPS: 1531
SPS: 1531
SPS: 1531
SPS: 1531
SPS: 1531
SPS: 1531
SPS: 1531
SPS: 1531
SPS: 1531
SPS: 1531
SPS: 1531
SPS: 1531
SPS: 1531
SPS: 1531
SPS: 1531
SPS: 1531
SPS: 1531
SPS: 1531
SPS: 1531
SPS: 1531
global_step=5444976, episodic_return=520.0
SPS: 1531
SPS: 1531
SPS: 1531
SPS: 1531
SPS: 1531
SPS: 1531
SPS: 1531
SPS: 1531
SPS: 1531
SPS: 1532
SPS: 1532
SPS: 1532
SPS: 1532
SPS: 1532
SPS: 1532
SPS: 1532
SPS: 1532
SPS: 1532
SPS: 1532
SPS: 1532
SPS: 1532
SPS: 1532
SPS: 1532
SPS: 1532
SPS: 1532
SPS: 1532
SPS: 1532
SPS: 1532
SPS: 1532
SPS: 1532
SPS: 1532
SPS: 1532
SPS: 1532
SPS: 1532
SPS: 1532
SPS: 1532
SPS: 1532
SPS: 1532
SPS: 1532
SPS: 1532
SPS: 1532
SPS: 1532
SPS: 1532
SPS: 1532
SPS: 1532
SPS: 1533
SPS: 1533
SPS: 1533
SPS: 1533
SPS: 1533
SPS: 1533
SPS: 1533
SPS: 1533
SPS: 1533
SPS: 1533
SPS: 1533
SPS: 1533
SPS: 1533
SPS: 1533
SPS: 1533
SPS: 1533
SPS: 1533
SPS: 1533
SPS: 1533
SPS: 1533
SPS: 1533
SPS: 1533
SPS: 1533
SPS: 1533
SPS: 1533
SPS: 1533
SPS: 1533
SPS: 1533
SPS: 1533
SPS: 1533
SPS: 1533
SPS: 1533
SPS: 1533
SPS: 1533
SPS: 1533
SPS: 1533
SPS: 1533
SPS: 1533
SPS: 1533
SPS: 1533
SPS: 1534
SPS: 1534
SPS: 1534
SPS: 1534
SPS: 1534
SPS: 1534
SPS: 1534
SPS: 1534
SPS: 1534
SPS: 1534
SPS: 1534
SPS: 1534
SPS: 1534
SPS: 1534
SPS: 1534
SPS: 1534
SPS: 1534
SPS: 1534
SPS: 1534
SPS: 1534
SPS: 1534
SPS: 1534
SPS: 1534
SPS: 1534
SPS: 1534
SPS: 1534
SPS: 1534
SPS: 1534
SPS: 1534
SPS: 1534
SPS: 1534
SPS: 1534
SPS: 1534
SPS: 1534
SPS: 1534
SPS: 1534
SPS: 1534
SPS: 1534
SPS: 1534
SPS: 1534
SPS: 1534
SPS: 1534
SPS: 1534
SPS: 1534
SPS: 1534
SPS: 1534
SPS: 1534
SPS: 1535
SPS: 1535
SPS: 1535
SPS: 1535
SPS: 1535
global_step=5664656, episodic_return=8620.0
global_step=5664656, episodic_return=8620.0
SPS: 1535
SPS: 1535
SPS: 1535
SPS: 1535
SPS: 1535
SPS: 1535
SPS: 1535
SPS: 1535
SPS: 1535
SPS: 1535
SPS: 1535
SPS: 1535
SPS: 1535
SPS: 1535
SPS: 1535
SPS: 1535
SPS: 1535
SPS: 1535
SPS: 1535
SPS: 1535
SPS: 1535
SPS: 1535
SPS: 1535
SPS: 1535
SPS: 1535
SPS: 1535
SPS: 1535
SPS: 1535
SPS: 1535
SPS: 1535
SPS: 1535
SPS: 1535
SPS: 1535
SPS: 1535
SPS: 1535
SPS: 1535
SPS: 1535
SPS: 1535
SPS: 1535
global_step=5726544, episodic_return=80.0
SPS: 1535
SPS: 1535
SPS: 1535
SPS: 1535
SPS: 1535
SPS: 1535
SPS: 1535
SPS: 1535
SPS: 1535
SPS: 1535
SPS: 1535
SPS: 1535
SPS: 1535
SPS: 1535
SPS: 1535
SPS: 1535
SPS: 1535
SPS: 1535
SPS: 1535
SPS: 1535
SPS: 1535
SPS: 1535
SPS: 1536
SPS: 1536
SPS: 1536
SPS: 1536
SPS: 1536
SPS: 1536
SPS: 1536
SPS: 1536
SPS: 1536
SPS: 1536
SPS: 1536
SPS: 1536
global_step=5781312, episodic_return=0.0
global_step=5781312, episodic_return=0.0
SPS: 1536
SPS: 1536
SPS: 1536
SPS: 1536
SPS: 1536
SPS: 1536
SPS: 1536
SPS: 1536
SPS: 1536
SPS: 1536
SPS: 1536
SPS: 1536
SPS: 1536
SPS: 1536
SPS: 1536
SPS: 1536
SPS: 1536
SPS: 1536
SPS: 1536
SPS: 1536
SPS: 1536
SPS: 1536
SPS: 1536
SPS: 1536
SPS: 1536
SPS: 1536
SPS: 1536
SPS: 1536
SPS: 1537
SPS: 1537
SPS: 1537
SPS: 1537
SPS: 1537
SPS: 1537
SPS: 1537
SPS: 1537
SPS: 1537
SPS: 1537
SPS: 1537
SPS: 1537
SPS: 1537
SPS: 1537
global_step=5849264, episodic_return=960.0
global_step=5849264, episodic_return=960.0
SPS: 1537
SPS: 1537
SPS: 1537
SPS: 1537
SPS: 1537
SPS: 1537
SPS: 1537
SPS: 1537
SPS: 1537
SPS: 1537
SPS: 1537
SPS: 1537
SPS: 1537
SPS: 1537
SPS: 1537
SPS: 1537
SPS: 1537
SPS: 1537
SPS: 1537
SPS: 1537
SPS: 1537
SPS: 1537
SPS: 1537
SPS: 1537
SPS: 1537
SPS: 1537
SPS: 1537
SPS: 1537
SPS: 1537
SPS: 1537
SPS: 1537
SPS: 1537
SPS: 1537
SPS: 1537
SPS: 1537
SPS: 1537
SPS: 1538
SPS: 1538
SPS: 1538
SPS: 1538
SPS: 1538
SPS: 1538
SPS: 1538
SPS: 1538
SPS: 1538
SPS: 1538
SPS: 1538
SPS: 1538
SPS: 1538
SPS: 1538
SPS: 1538
SPS: 1538
SPS: 1538
SPS: 1538
SPS: 1538
SPS: 1538
SPS: 1538
SPS: 1538
SPS: 1538
SPS: 1538
SPS: 1538
SPS: 1538
SPS: 1538
SPS: 1538
SPS: 1538
SPS: 1538
SPS: 1538
SPS: 1538
SPS: 1538
SPS: 1538
SPS: 1538
SPS: 1538
SPS: 1538
SPS: 1537
SPS: 1537
SPS: 1537
SPS: 1537
SPS: 1537
SPS: 1537
SPS: 1537
SPS: 1537
SPS: 1537
SPS: 1537
SPS: 1537
SPS: 1537
SPS: 1537
SPS: 1537
SPS: 1537
SPS: 1537
SPS: 1537
SPS: 1537
SPS: 1537
SPS: 1537
SPS: 1537
SPS: 1537
SPS: 1537
SPS: 1537
SPS: 1537
SPS: 1537
SPS: 1537
SPS: 1538
global_step=6011152, episodic_return=1300.0
SPS: 1538
SPS: 1538
SPS: 1538
SPS: 1538
SPS: 1538
SPS: 1538
SPS: 1538
SPS: 1538
SPS: 1538
SPS: 1538
SPS: 1538
SPS: 1538
SPS: 1538
SPS: 1538
SPS: 1538
SPS: 1538
SPS: 1538
SPS: 1538
SPS: 1538
SPS: 1538
SPS: 1538
SPS: 1538
SPS: 1538
SPS: 1538
SPS: 1538
SPS: 1538
SPS: 1538
SPS: 1538
SPS: 1538
SPS: 1538
SPS: 1538
SPS: 1538
SPS: 1538
SPS: 1538
SPS: 1538
SPS: 1538
SPS: 1538
SPS: 1538
SPS: 1538
SPS: 1538
SPS: 1538
SPS: 1538
SPS: 1538
SPS: 1538
SPS: 1538
SPS: 1538
SPS: 1538
SPS: 1539
SPS: 1537
SPS: 1537
SPS: 1537
SPS: 1537
SPS: 1538
SPS: 1538
SPS: 1538
SPS: 1538
SPS: 1538
SPS: 1538
SPS: 1538
SPS: 1538
SPS: 1538
SPS: 1538
SPS: 1538
SPS: 1538
SPS: 1538
SPS: 1538
SPS: 1538
SPS: 1538
SPS: 1538
SPS: 1538
SPS: 1538
SPS: 1538
SPS: 1538
SPS: 1538
SPS: 1538
SPS: 1538
SPS: 1538
SPS: 1538
SPS: 1538
SPS: 1538
SPS: 1538
SPS: 1538
SPS: 1538
SPS: 1538
SPS: 1538
SPS: 1538
SPS: 1538
SPS: 1538
SPS: 1538
SPS: 1538
SPS: 1538
SPS: 1539
global_step=6158048, episodic_return=1760.0
global_step=6158048, episodic_return=1760.0
SPS: 1539
SPS: 1539
SPS: 1539
SPS: 1539
SPS: 1539
SPS: 1539
SPS: 1539
SPS: 1539
SPS: 1539
SPS: 1539
SPS: 1539
SPS: 1539
SPS: 1539
SPS: 1539
SPS: 1539
SPS: 1539
SPS: 1539
SPS: 1539
SPS: 1539
SPS: 1539
SPS: 1539
SPS: 1539
SPS: 1539
SPS: 1539
SPS: 1539
SPS: 1539
SPS: 1539
SPS: 1539
SPS: 1539
SPS: 1539
SPS: 1539
SPS: 1539
SPS: 1539
SPS: 1539
SPS: 1539
SPS: 1539
SPS: 1539
SPS: 1539
SPS: 1539
SPS: 1539
SPS: 1539
SPS: 1539
SPS: 1539
SPS: 1539
SPS: 1539
SPS: 1539
SPS: 1539
SPS: 1540
SPS: 1540
SPS: 1540
SPS: 1540
SPS: 1540
SPS: 1540
SPS: 1540
SPS: 1540
SPS: 1540
SPS: 1540
SPS: 1540
SPS: 1540
SPS: 1540
SPS: 1540
SPS: 1540
SPS: 1540
SPS: 1540
SPS: 1540
SPS: 1540
SPS: 1540
SPS: 1540
SPS: 1540
SPS: 1540
SPS: 1540
SPS: 1540
SPS: 1540
SPS: 1540
SPS: 1540
SPS: 1540
SPS: 1540
SPS: 1540
SPS: 1540
SPS: 1540
SPS: 1540
SPS: 1540
SPS: 1540
SPS: 1540
SPS: 1540
SPS: 1540
SPS: 1540
SPS: 1540
SPS: 1540
SPS: 1540
SPS: 1540
SPS: 1540
SPS: 1541
SPS: 1541
SPS: 1541
SPS: 1541
SPS: 1541
SPS: 1541
SPS: 1541
SPS: 1541
SPS: 1541
SPS: 1541
SPS: 1541
SPS: 1541
SPS: 1541
SPS: 1541
SPS: 1541
SPS: 1541
SPS: 1541
SPS: 1541
global_step=6333424, episodic_return=1360.0
SPS: 1541
SPS: 1541
SPS: 1541
SPS: 1541
SPS: 1541
SPS: 1541
SPS: 1541
SPS: 1541
SPS: 1541
SPS: 1541
SPS: 1541
SPS: 1541
SPS: 1541
SPS: 1541
SPS: 1541
SPS: 1541
SPS: 1541
SPS: 1541
SPS: 1541
SPS: 1541
SPS: 1541
SPS: 1541
SPS: 1541
SPS: 1541
SPS: 1541
SPS: 1541
SPS: 1541
SPS: 1542
SPS: 1542
SPS: 1542
SPS: 1542
SPS: 1542
SPS: 1542
SPS: 1542
SPS: 1542
SPS: 1542
SPS: 1542
SPS: 1542
SPS: 1542
SPS: 1542
SPS: 1542
SPS: 1542
SPS: 1542
SPS: 1542
SPS: 1542
SPS: 1542
SPS: 1542
SPS: 1542
SPS: 1542
SPS: 1542
SPS: 1542
SPS: 1542
SPS: 1542
SPS: 1542
SPS: 1542
SPS: 1542
SPS: 1542
SPS: 1542
SPS: 1542
SPS: 1542
SPS: 1542
SPS: 1542
SPS: 1542
SPS: 1542
SPS: 1542
SPS: 1542
global_step=6439664, episodic_return=80.0
global_step=6439664, episodic_return=80.0
SPS: 1542
SPS: 1542
SPS: 1542
SPS: 1542
SPS: 1542
SPS: 1542
SPS: 1542
SPS: 1542
SPS: 1542
SPS: 1542
SPS: 1542
SPS: 1542
SPS: 1542
SPS: 1542
SPS: 1542
SPS: 1542
SPS: 1542
SPS: 1542
SPS: 1542
SPS: 1542
SPS: 1543
SPS: 1543
SPS: 1543
SPS: 1543
SPS: 1543
SPS: 1543
SPS: 1543
SPS: 1543
SPS: 1543
SPS: 1543
SPS: 1543
SPS: 1543
SPS: 1543
SPS: 1543
SPS: 1543
SPS: 1543
SPS: 1543
SPS: 1543
SPS: 1543
SPS: 1543
SPS: 1543
SPS: 1543
SPS: 1543
SPS: 1543
SPS: 1543
SPS: 1543
SPS: 1543
SPS: 1543
SPS: 1543
SPS: 1543
SPS: 1543
SPS: 1543
SPS: 1543
SPS: 1543
SPS: 1543
SPS: 1543
SPS: 1543
SPS: 1543
SPS: 1543
SPS: 1543
SPS: 1543
SPS: 1543
SPS: 1543
SPS: 1543
SPS: 1543
SPS: 1543
SPS: 1543
SPS: 1543
SPS: 1543
SPS: 1543
SPS: 1543
SPS: 1543
SPS: 1543
SPS: 1543
SPS: 1543
SPS: 1543
SPS: 1543
SPS: 1543
SPS: 1543
SPS: 1543
SPS: 1544
SPS: 1544
SPS: 1544
SPS: 1544
SPS: 1544
SPS: 1544
SPS: 1544
SPS: 1544
SPS: 1544
SPS: 1544
SPS: 1544
SPS: 1544
SPS: 1544
SPS: 1544
SPS: 1544
SPS: 1544
SPS: 1544
SPS: 1544
SPS: 1544
SPS: 1544
SPS: 1544
SPS: 1544
SPS: 1544
SPS: 1544
SPS: 1544
SPS: 1544
SPS: 1544
SPS: 1544
SPS: 1544
SPS: 1544
SPS: 1544
SPS: 1544
SPS: 1544
SPS: 1544
SPS: 1544
SPS: 1544
SPS: 1544
SPS: 1544
SPS: 1544
SPS: 1544
SPS: 1544
SPS: 1544
SPS: 1544
SPS: 1544
SPS: 1544
SPS: 1544
SPS: 1544
SPS: 1544
SPS: 1544
SPS: 1544
SPS: 1544
SPS: 1545
SPS: 1545
SPS: 1545
SPS: 1545
SPS: 1545
SPS: 1545
SPS: 1545
SPS: 1545
SPS: 1545
SPS: 1545
SPS: 1545
SPS: 1545
SPS: 1545
SPS: 1545
SPS: 1545
SPS: 1545
SPS: 1545
SPS: 1545
SPS: 1545
SPS: 1545
SPS: 1545
SPS: 1545
SPS: 1545
SPS: 1545
SPS: 1545
SPS: 1545
SPS: 1545
SPS: 1545
global_step=6693984, episodic_return=0.0
global_step=6693984, episodic_return=0.0
SPS: 1545
SPS: 1545
SPS: 1545
SPS: 1545
SPS: 1545
SPS: 1545
SPS: 1545
SPS: 1545
SPS: 1545
SPS: 1545
SPS: 1545
SPS: 1545
global_step=6713312, episodic_return=0.0
SPS: 1545
SPS: 1545
SPS: 1545
SPS: 1545
SPS: 1545
SPS: 1545
SPS: 1545
SPS: 1545
SPS: 1545
SPS: 1545
SPS: 1545
SPS: 1545
SPS: 1545
SPS: 1545
SPS: 1545
SPS: 1545
SPS: 1545
SPS: 1545
SPS: 1545
SPS: 1546
SPS: 1546
SPS: 1546
SPS: 1546
SPS: 1546
SPS: 1546
SPS: 1546
SPS: 1546
SPS: 1546
SPS: 1546
SPS: 1546
SPS: 1546
SPS: 1546
global_step=6764128, episodic_return=300.0
global_step=6764128, episodic_return=300.0
SPS: 1546
SPS: 1546
SPS: 1546
SPS: 1546
SPS: 1546
SPS: 1546
SPS: 1546
SPS: 1546
SPS: 1546
SPS: 1546
SPS: 1546
SPS: 1546
SPS: 1546
SPS: 1546
SPS: 1546
SPS: 1546
SPS: 1546
SPS: 1546
SPS: 1546
SPS: 1546
SPS: 1546
SPS: 1546
SPS: 1546
SPS: 1546
SPS: 1546
SPS: 1546
SPS: 1546
SPS: 1546
SPS: 1546
SPS: 1546
SPS: 1546
SPS: 1546
SPS: 1546
SPS: 1546
SPS: 1546
SPS: 1546
SPS: 1546
SPS: 1546
SPS: 1546
SPS: 1546
global_step=6827904, episodic_return=20.0
SPS: 1546
SPS: 1546
SPS: 1546
SPS: 1546
SPS: 1546
SPS: 1546
SPS: 1547
SPS: 1547
SPS: 1547
SPS: 1547
SPS: 1547
SPS: 1547
SPS: 1547
SPS: 1547
SPS: 1547
SPS: 1547
SPS: 1547
SPS: 1547
SPS: 1547
SPS: 1547
SPS: 1547
SPS: 1547
SPS: 1547
SPS: 1547
SPS: 1547
SPS: 1547
SPS: 1547
SPS: 1547
SPS: 1547
SPS: 1547
SPS: 1547
SPS: 1547
SPS: 1547
SPS: 1547
SPS: 1547
SPS: 1547
SPS: 1547
SPS: 1547
SPS: 1547
SPS: 1547
SPS: 1547
SPS: 1547
SPS: 1547
SPS: 1547
SPS: 1547
SPS: 1547
SPS: 1547
SPS: 1547
SPS: 1547
SPS: 1547
SPS: 1547
SPS: 1547
SPS: 1547
SPS: 1547
SPS: 1547
SPS: 1547
SPS: 1547
SPS: 1547
SPS: 1547
SPS: 1547
SPS: 1547
SPS: 1547
SPS: 1547
SPS: 1547
SPS: 1547
SPS: 1547
SPS: 1547
SPS: 1547
SPS: 1547
SPS: 1548
SPS: 1548
SPS: 1548
SPS: 1548
SPS: 1548
SPS: 1548
SPS: 1548
SPS: 1548
SPS: 1548
SPS: 1548
SPS: 1548
SPS: 1548
SPS: 1548
SPS: 1548
SPS: 1548
SPS: 1548
SPS: 1548
SPS: 1548
global_step=6966912, episodic_return=1420.0
global_step=6966912, episodic_return=1420.0
SPS: 1548
SPS: 1548
SPS: 1548
SPS: 1548
SPS: 1548
SPS: 1548
SPS: 1548
SPS: 1548
SPS: 1548
SPS: 1548
SPS: 1548
SPS: 1548
SPS: 1548
SPS: 1548
SPS: 1548
SPS: 1548
SPS: 1548
SPS: 1548
SPS: 1548
SPS: 1548
SPS: 1548
SPS: 1548
SPS: 1548
SPS: 1548
SPS: 1548
SPS: 1548
SPS: 1548
SPS: 1548
SPS: 1548
SPS: 1548
SPS: 1548
SPS: 1548
SPS: 1548
SPS: 1548
SPS: 1548
SPS: 1548
SPS: 1548
SPS: 1548
SPS: 1548
SPS: 1548
SPS: 1548
SPS: 1549
SPS: 1549
SPS: 1549
SPS: 1549
SPS: 1549
SPS: 1549
SPS: 1549
SPS: 1549
SPS: 1549
SPS: 1549
SPS: 1549
SPS: 1549
SPS: 1549
SPS: 1549
SPS: 1549
SPS: 1549
SPS: 1549
SPS: 1549
SPS: 1549
SPS: 1549
SPS: 1549
SPS: 1549
SPS: 1549
SPS: 1549
SPS: 1549
SPS: 1549
SPS: 1549
SPS: 1549
SPS: 1549
SPS: 1549
SPS: 1549
SPS: 1549
SPS: 1549
SPS: 1549
SPS: 1549
SPS: 1549
SPS: 1549
SPS: 1549
SPS: 1549
SPS: 1549
SPS: 1549
SPS: 1549
SPS: 1549
SPS: 1549
SPS: 1549
SPS: 1549
SPS: 1549
SPS: 1549
SPS: 1549
global_step=7110432, episodic_return=1280.0
global_step=7110432, episodic_return=1280.0
SPS: 1549
SPS: 1549
SPS: 1549
SPS: 1549
SPS: 1549
SPS: 1549
SPS: 1549
SPS: 1549
SPS: 1550
SPS: 1550
SPS: 1550
SPS: 1550
SPS: 1550
SPS: 1550
SPS: 1550
SPS: 1550
SPS: 1550
SPS: 1550
global_step=7140384, episodic_return=0.0
SPS: 1550
SPS: 1550
SPS: 1550
SPS: 1550
SPS: 1550
SPS: 1550
SPS: 1550
SPS: 1550
SPS: 1550
SPS: 1550
SPS: 1550
SPS: 1550
SPS: 1550
SPS: 1550
SPS: 1550
SPS: 1550
SPS: 1550
SPS: 1550
SPS: 1550
SPS: 1550
SPS: 1550
SPS: 1550
SPS: 1550
SPS: 1550
SPS: 1550
SPS: 1550
SPS: 1550
SPS: 1550
SPS: 1550
SPS: 1550
SPS: 1550
SPS: 1550
SPS: 1550
SPS: 1550
SPS: 1550
SPS: 1550
SPS: 1550
SPS: 1550
SPS: 1550
SPS: 1550
SPS: 1550
SPS: 1550
SPS: 1550
SPS: 1550
SPS: 1550
SPS: 1550
SPS: 1550
SPS: 1550
SPS: 1550
SPS: 1550
SPS: 1550
SPS: 1550
SPS: 1550
SPS: 1551
SPS: 1551
SPS: 1551
SPS: 1551
SPS: 1551
SPS: 1551
SPS: 1551
SPS: 1551
SPS: 1551
SPS: 1551
SPS: 1551
SPS: 1551
SPS: 1551
SPS: 1551
SPS: 1551
SPS: 1551
SPS: 1551
SPS: 1551
SPS: 1551
SPS: 1551
SPS: 1551
SPS: 1551
global_step=7259568, episodic_return=0.0
global_step=7259568, episodic_return=0.0
SPS: 1551
SPS: 1551
SPS: 1551
SPS: 1551
SPS: 1551
SPS: 1551
SPS: 1551
SPS: 1551
SPS: 1551
SPS: 1551
SPS: 1551
SPS: 1551
SPS: 1551
SPS: 1551
SPS: 1551
SPS: 1551
SPS: 1551
SPS: 1551
SPS: 1551
SPS: 1551
SPS: 1551
SPS: 1551
SPS: 1551
SPS: 1551
SPS: 1551
SPS: 1551
SPS: 1551
SPS: 1551
SPS: 1551
SPS: 1551
SPS: 1551
SPS: 1551
SPS: 1551
SPS: 1551
SPS: 1551
SPS: 1551
SPS: 1551
SPS: 1551
global_step=7321408, episodic_return=0.0
SPS: 1551
SPS: 1551
SPS: 1551
SPS: 1551
SPS: 1551
SPS: 1551
SPS: 1551
SPS: 1551
SPS: 1551
SPS: 1551
SPS: 1551
SPS: 1551
SPS: 1551
SPS: 1551
SPS: 1551
SPS: 1551
SPS: 1551
SPS: 1551
SPS: 1551
SPS: 1551
SPS: 1551
SPS: 1552
SPS: 1552
SPS: 1552
SPS: 1552
SPS: 1552
SPS: 1552
SPS: 1552
SPS: 1552
SPS: 1552
SPS: 1552
SPS: 1552
SPS: 1552
SPS: 1552
SPS: 1552
SPS: 1552
SPS: 1552
SPS: 1552
SPS: 1552
SPS: 1552
SPS: 1552
SPS: 1552
SPS: 1552
SPS: 1552
SPS: 1552
SPS: 1552
SPS: 1552
SPS: 1552
SPS: 1552
SPS: 1552
SPS: 1552
SPS: 1552
SPS: 1552
global_step=7405952, episodic_return=520.0
global_step=7405952, episodic_return=520.0
SPS: 1552
SPS: 1552
SPS: 1552
SPS: 1552
SPS: 1552
SPS: 1552
SPS: 1552
SPS: 1552
SPS: 1552
SPS: 1552
SPS: 1552
SPS: 1552
SPS: 1552
SPS: 1552
SPS: 1552
SPS: 1552
SPS: 1552
SPS: 1552
SPS: 1552
SPS: 1552
SPS: 1552
SPS: 1552
SPS: 1552
SPS: 1552
SPS: 1552
SPS: 1552
SPS: 1552
SPS: 1552
SPS: 1552
SPS: 1552
SPS: 1552
SPS: 1552
SPS: 1552
SPS: 1552
SPS: 1552
SPS: 1552
SPS: 1552
SPS: 1552
SPS: 1552
SPS: 1552
SPS: 1553
SPS: 1553
SPS: 1553
SPS: 1553
SPS: 1553
SPS: 1553
SPS: 1553
SPS: 1553
SPS: 1553
SPS: 1553
SPS: 1553
SPS: 1553
SPS: 1553
SPS: 1553
SPS: 1553
SPS: 1553
SPS: 1553
SPS: 1553
global_step=7499024, episodic_return=560.0
global_step=7499024, episodic_return=560.0
SPS: 1553
SPS: 1553
SPS: 1553
SPS: 1553
SPS: 1553
SPS: 1553
SPS: 1553
SPS: 1553
SPS: 1553
SPS: 1553
SPS: 1553
SPS: 1553
SPS: 1553
SPS: 1553
SPS: 1553
SPS: 1553
SPS: 1553
SPS: 1553
SPS: 1553
SPS: 1553
SPS: 1553
SPS: 1553
SPS: 1553
SPS: 1553
SPS: 1553
SPS: 1553
SPS: 1553
SPS: 1553
SPS: 1553
SPS: 1553
SPS: 1553
SPS: 1553
SPS: 1553
SPS: 1553
SPS: 1553
SPS: 1553
SPS: 1553
SPS: 1553
SPS: 1553
SPS: 1553
SPS: 1553
SPS: 1553
SPS: 1553
SPS: 1553
SPS: 1553
SPS: 1553
SPS: 1553
SPS: 1553
SPS: 1553
SPS: 1553
SPS: 1553
SPS: 1553
global_step=7581920, episodic_return=1100.0
SPS: 1553
SPS: 1553
SPS: 1553
SPS: 1553
SPS: 1553
SPS: 1553
SPS: 1553
SPS: 1553
SPS: 1553
SPS: 1553
SPS: 1553
SPS: 1553
SPS: 1553
SPS: 1553
SPS: 1553
SPS: 1553
SPS: 1553
SPS: 1553
SPS: 1553
SPS: 1553
SPS: 1553
SPS: 1553
SPS: 1553
SPS: 1553
SPS: 1553
SPS: 1553
SPS: 1554
SPS: 1554
SPS: 1554
SPS: 1554
SPS: 1554
SPS: 1554
SPS: 1554
SPS: 1554
SPS: 1554
SPS: 1554
SPS: 1554
SPS: 1554
SPS: 1554
SPS: 1554
SPS: 1554
SPS: 1554
SPS: 1554
SPS: 1554
SPS: 1554
SPS: 1554
SPS: 1554
SPS: 1554
SPS: 1554
SPS: 1554
SPS: 1554
SPS: 1554
SPS: 1554
SPS: 1554
SPS: 1554
SPS: 1554
global_step=7670720, episodic_return=1180.0
global_step=7670720, episodic_return=1180.0
SPS: 1554
SPS: 1554
SPS: 1554
SPS: 1554
SPS: 1554
SPS: 1554
SPS: 1554
SPS: 1554
SPS: 1554
SPS: 1554
SPS: 1554
SPS: 1554
SPS: 1554
SPS: 1554
SPS: 1554
SPS: 1554
SPS: 1554
SPS: 1554
SPS: 1554
SPS: 1554
SPS: 1554
SPS: 1554
SPS: 1554
SPS: 1554
SPS: 1554
SPS: 1554
SPS: 1554
SPS: 1554
SPS: 1554
SPS: 1554
SPS: 1554
SPS: 1554
SPS: 1554
SPS: 1554
SPS: 1554
SPS: 1554
SPS: 1554
SPS: 1554
SPS: 1554
SPS: 1554
SPS: 1555
SPS: 1555
SPS: 1555
SPS: 1555
SPS: 1555
SPS: 1555
SPS: 1555
SPS: 1555
SPS: 1555
SPS: 1555
SPS: 1555
SPS: 1555
SPS: 1555
SPS: 1555
SPS: 1555
SPS: 1555
SPS: 1555
SPS: 1555
SPS: 1555
SPS: 1555
SPS: 1555
SPS: 1555
SPS: 1555
SPS: 1555
SPS: 1555
SPS: 1555
SPS: 1555
SPS: 1555
SPS: 1555
SPS: 1555
SPS: 1555
SPS: 1555
SPS: 1555
SPS: 1555
SPS: 1555
SPS: 1555
SPS: 1555
SPS: 1555
SPS: 1555
SPS: 1555
SPS: 1555
SPS: 1555
SPS: 1555
SPS: 1555
SPS: 1555
SPS: 1555
SPS: 1555
SPS: 1555
SPS: 1555
SPS: 1555
SPS: 1555
SPS: 1555
SPS: 1555
SPS: 1555
SPS: 1555
SPS: 1555
SPS: 1555
SPS: 1555
SPS: 1555
SPS: 1555
SPS: 1555
SPS: 1555
SPS: 1555
SPS: 1555
SPS: 1555
SPS: 1555
SPS: 1555
SPS: 1555
SPS: 1555
SPS: 1555
SPS: 1555
SPS: 1555
SPS: 1555
SPS: 1555
SPS: 1555
SPS: 1555
SPS: 1555
SPS: 1556
SPS: 1556
SPS: 1556
SPS: 1556
SPS: 1556
SPS: 1556
SPS: 1556
SPS: 1556
SPS: 1556
SPS: 1556
SPS: 1556
SPS: 1556
SPS: 1556
SPS: 1556
global_step=7881136, episodic_return=20.0
SPS: 1556
SPS: 1556
SPS: 1556
SPS: 1556
SPS: 1556
SPS: 1556
SPS: 1556
SPS: 1556
SPS: 1556
SPS: 1556
SPS: 1556
SPS: 1556
SPS: 1556
SPS: 1556
SPS: 1556
SPS: 1556
SPS: 1556
SPS: 1556
SPS: 1556
SPS: 1556
SPS: 1556
SPS: 1556
SPS: 1556
SPS: 1556
SPS: 1556
SPS: 1556
SPS: 1556
SPS: 1556
SPS: 1556
SPS: 1556
SPS: 1556
SPS: 1556
SPS: 1556
SPS: 1556
SPS: 1556
SPS: 1556
SPS: 1556
SPS: 1556
SPS: 1556
SPS: 1556
SPS: 1556
SPS: 1556
SPS: 1556
SPS: 1556
SPS: 1556
SPS: 1556
SPS: 1556
SPS: 1556
SPS: 1556
global_step=7959856, episodic_return=260.0
global_step=7959856, episodic_return=260.0
SPS: 1556
SPS: 1556
SPS: 1556
SPS: 1556
SPS: 1556
SPS: 1556
SPS: 1556
SPS: 1556
SPS: 1556
SPS: 1556
SPS: 1556
SPS: 1556
SPS: 1556
SPS: 1556
SPS: 1556
SPS: 1556
SPS: 1556
SPS: 1556
SPS: 1556
SPS: 1557
SPS: 1557
SPS: 1557
SPS: 1557
SPS: 1557
SPS: 1557
SPS: 1557
SPS: 1557
SPS: 1557
SPS: 1557
SPS: 1557
SPS: 1557
SPS: 1557
SPS: 1557
SPS: 1557
SPS: 1557
SPS: 1557
SPS: 1557
SPS: 1557
SPS: 1557
SPS: 1557
SPS: 1557
SPS: 1557
SPS: 1557
SPS: 1557
SPS: 1557
SPS: 1557
SPS: 1557
SPS: 1557
SPS: 1557
SPS: 1557
SPS: 1557
SPS: 1557
SPS: 1557
SPS: 1557
global_step=8044880, episodic_return=860.0
global_step=8044880, episodic_return=860.0
SPS: 1557
SPS: 1557
SPS: 1557
SPS: 1557
SPS: 1557
SPS: 1557
SPS: 1557
SPS: 1557
SPS: 1557
SPS: 1557
SPS: 1557
SPS: 1557
SPS: 1557
SPS: 1557
SPS: 1557
SPS: 1557
SPS: 1557
SPS: 1557
SPS: 1557
SPS: 1557
SPS: 1558
SPS: 1558
SPS: 1558
SPS: 1558
SPS: 1558
SPS: 1558
SPS: 1558
SPS: 1558
SPS: 1558
SPS: 1558
SPS: 1558
SPS: 1558
SPS: 1558
SPS: 1558
SPS: 1558
SPS: 1558
SPS: 1558
SPS: 1558
SPS: 1558
SPS: 1558
SPS: 1558
SPS: 1558
SPS: 1558
SPS: 1558
SPS: 1558
SPS: 1558
SPS: 1558
SPS: 1558
SPS: 1558
SPS: 1558
SPS: 1559
SPS: 1559
SPS: 1559
SPS: 1559
SPS: 1559
SPS: 1559
SPS: 1559
SPS: 1559
SPS: 1559
SPS: 1559
SPS: 1559
SPS: 1559
global_step=8144496, episodic_return=0.0
SPS: 1559
SPS: 1559
SPS: 1559
SPS: 1559
SPS: 1559
SPS: 1559
SPS: 1559
SPS: 1559
SPS: 1559
SPS: 1559
SPS: 1559
SPS: 1559
SPS: 1559
SPS: 1559
SPS: 1560
SPS: 1560
SPS: 1560
SPS: 1560
SPS: 1560
SPS: 1560
SPS: 1560
SPS: 1560
SPS: 1560
SPS: 1560
SPS: 1560
SPS: 1560
SPS: 1560
SPS: 1560
SPS: 1560
SPS: 1560
SPS: 1560
SPS: 1560
SPS: 1560
SPS: 1560
SPS: 1560
SPS: 1560
SPS: 1560
SPS: 1560
SPS: 1560
SPS: 1560
SPS: 1560
SPS: 1561
SPS: 1561
SPS: 1561
SPS: 1561
SPS: 1561
SPS: 1561
SPS: 1561
SPS: 1561
SPS: 1561
SPS: 1561
SPS: 1561
SPS: 1561
SPS: 1561
SPS: 1561
SPS: 1561
SPS: 1561
SPS: 1561
SPS: 1561
SPS: 1561
SPS: 1561
SPS: 1561
SPS: 1561
SPS: 1561
SPS: 1561
SPS: 1561
SPS: 1561
SPS: 1561
SPS: 1562
SPS: 1562
SPS: 1562
SPS: 1562
SPS: 1562
SPS: 1562
SPS: 1562
SPS: 1562
SPS: 1562
SPS: 1562
SPS: 1562
SPS: 1562
SPS: 1562
SPS: 1562
SPS: 1562
SPS: 1562
SPS: 1562
SPS: 1562
SPS: 1562
SPS: 1562
SPS: 1562
SPS: 1562
SPS: 1562
SPS: 1562
SPS: 1562
SPS: 1562
SPS: 1563
SPS: 1563
SPS: 1563
SPS: 1563
SPS: 1563
SPS: 1563
SPS: 1563
SPS: 1563
SPS: 1563
SPS: 1563
SPS: 1563
SPS: 1563
SPS: 1563
SPS: 1563
SPS: 1563
SPS: 1563
SPS: 1563
SPS: 1563
SPS: 1563
SPS: 1563
SPS: 1563
SPS: 1563
SPS: 1563
SPS: 1563
SPS: 1563
SPS: 1563
SPS: 1563
SPS: 1564
SPS: 1564
SPS: 1564
SPS: 1564
SPS: 1564
SPS: 1564
SPS: 1564
SPS: 1564
SPS: 1564
global_step=8352256, episodic_return=80.0
global_step=8352256, episodic_return=80.0
SPS: 1564
SPS: 1564
SPS: 1564
SPS: 1564
SPS: 1564
SPS: 1564
SPS: 1564
SPS: 1564
SPS: 1564
SPS: 1564
SPS: 1564
SPS: 1564
SPS: 1564
SPS: 1564
SPS: 1564
SPS: 1564
SPS: 1564
SPS: 1564
SPS: 1565
SPS: 1565
SPS: 1565
SPS: 1565
SPS: 1565
SPS: 1565
SPS: 1565
SPS: 1565
SPS: 1565
SPS: 1565
SPS: 1565
SPS: 1565
SPS: 1565
SPS: 1565
SPS: 1565
SPS: 1565
SPS: 1565
SPS: 1565
SPS: 1565
SPS: 1565
SPS: 1565
SPS: 1565
SPS: 1565
SPS: 1565
SPS: 1565
SPS: 1565
SPS: 1565
SPS: 1565
SPS: 1565
SPS: 1566
SPS: 1566
SPS: 1566
SPS: 1566
SPS: 1566
SPS: 1566
SPS: 1566
SPS: 1566
SPS: 1566
SPS: 1566
SPS: 1566
SPS: 1566
SPS: 1566
SPS: 1566
SPS: 1566
SPS: 1566
SPS: 1566
SPS: 1566
SPS: 1566
SPS: 1566
SPS: 1566
SPS: 1566
global_step=8462416, episodic_return=400.0
SPS: 1566
SPS: 1566
SPS: 1566
SPS: 1566
SPS: 1567
SPS: 1567
SPS: 1567
SPS: 1567
SPS: 1567
SPS: 1567
SPS: 1567
SPS: 1567
SPS: 1567
SPS: 1567
SPS: 1567
SPS: 1567
SPS: 1567
SPS: 1567
SPS: 1567
SPS: 1567
SPS: 1567
SPS: 1567
SPS: 1567
SPS: 1567
SPS: 1567
SPS: 1567
SPS: 1567
SPS: 1567
SPS: 1567
SPS: 1567
SPS: 1567
SPS: 1567
SPS: 1567
SPS: 1568
SPS: 1568
SPS: 1568
SPS: 1568
SPS: 1568
SPS: 1568
SPS: 1568
SPS: 1568
SPS: 1568
SPS: 1568
SPS: 1568
SPS: 1568
SPS: 1568
SPS: 1568
SPS: 1568
SPS: 1568
SPS: 1568
SPS: 1568
SPS: 1568
SPS: 1568
SPS: 1568
SPS: 1568
SPS: 1568
SPS: 1568
SPS: 1568
SPS: 1568
SPS: 1568
SPS: 1568
SPS: 1569
SPS: 1569
SPS: 1569
SPS: 1569
SPS: 1569
SPS: 1569
SPS: 1569
SPS: 1569
SPS: 1569
SPS: 1569
SPS: 1569
SPS: 1569
SPS: 1569
SPS: 1569
SPS: 1569
SPS: 1569
SPS: 1569
SPS: 1569
SPS: 1569
SPS: 1569
SPS: 1569
SPS: 1569
global_step=8595424, episodic_return=1240.0
global_step=8595424, episodic_return=1240.0
SPS: 1569
SPS: 1569
SPS: 1569
SPS: 1569
SPS: 1569
SPS: 1569
SPS: 1569
SPS: 1570
SPS: 1570
SPS: 1570
SPS: 1570
SPS: 1570
SPS: 1570
SPS: 1570
SPS: 1570
SPS: 1570
SPS: 1570
SPS: 1570
SPS: 1570
SPS: 1570
SPS: 1570
SPS: 1570
SPS: 1570
SPS: 1570
SPS: 1570
SPS: 1570
SPS: 1570
SPS: 1570
SPS: 1570
SPS: 1570
SPS: 1570
SPS: 1570
SPS: 1570
SPS: 1570
SPS: 1570
SPS: 1570
SPS: 1571
SPS: 1571
SPS: 1571
SPS: 1571
SPS: 1571
SPS: 1571
SPS: 1571
SPS: 1571
SPS: 1571
SPS: 1571
SPS: 1571
SPS: 1571
SPS: 1571
SPS: 1571
SPS: 1571
SPS: 1571
SPS: 1571
SPS: 1571
SPS: 1571
SPS: 1571
SPS: 1571
SPS: 1571
SPS: 1571
SPS: 1571
SPS: 1571
SPS: 1571
SPS: 1571
SPS: 1571
SPS: 1572
SPS: 1572
SPS: 1572
SPS: 1572
SPS: 1572
SPS: 1572
SPS: 1572
SPS: 1572
SPS: 1572
SPS: 1572
SPS: 1572
SPS: 1572
SPS: 1572
SPS: 1572
SPS: 1572
SPS: 1572
SPS: 1572
SPS: 1572
SPS: 1572
SPS: 1572
SPS: 1572
SPS: 1572
SPS: 1572
SPS: 1572
SPS: 1572
SPS: 1572
SPS: 1572
SPS: 1572
SPS: 1573
SPS: 1573
SPS: 1573
SPS: 1573
SPS: 1573
SPS: 1573
SPS: 1573
SPS: 1573
global_step=8756016, episodic_return=320.0
global_step=8756016, episodic_return=320.0
SPS: 1573
SPS: 1573
SPS: 1573
SPS: 1573
SPS: 1573
SPS: 1573
SPS: 1573
SPS: 1573
SPS: 1573
SPS: 1573
SPS: 1573
SPS: 1573
SPS: 1573
SPS: 1573
SPS: 1573
SPS: 1573
SPS: 1573
SPS: 1573
SPS: 1573
SPS: 1573
SPS: 1573
SPS: 1574
SPS: 1574
SPS: 1574
SPS: 1574
SPS: 1574
SPS: 1574
SPS: 1574
SPS: 1574
SPS: 1574
SPS: 1574
SPS: 1574
SPS: 1574
SPS: 1574
SPS: 1574
global_step=8811376, episodic_return=240.0
SPS: 1574
SPS: 1574
SPS: 1574
SPS: 1574
SPS: 1574
SPS: 1574
SPS: 1574
SPS: 1574
SPS: 1574
SPS: 1574
SPS: 1574
SPS: 1574
SPS: 1574
SPS: 1574
SPS: 1574
SPS: 1575
SPS: 1575
SPS: 1575
SPS: 1575
SPS: 1575
SPS: 1575
SPS: 1575
SPS: 1575
SPS: 1575
SPS: 1575
SPS: 1575
SPS: 1575
SPS: 1575
SPS: 1575
SPS: 1575
SPS: 1575
SPS: 1575
SPS: 1575
SPS: 1575
SPS: 1575
SPS: 1575
SPS: 1575
global_step=8871072, episodic_return=240.0
global_step=8871072, episodic_return=240.0
SPS: 1575
SPS: 1575
SPS: 1575
SPS: 1575
SPS: 1575
SPS: 1575
SPS: 1575
SPS: 1575
SPS: 1575
SPS: 1576
SPS: 1576
SPS: 1576
SPS: 1576
SPS: 1576
SPS: 1576
SPS: 1576
SPS: 1576
SPS: 1576
SPS: 1576
SPS: 1576
SPS: 1576
SPS: 1576
SPS: 1576
SPS: 1576
SPS: 1576
SPS: 1576
SPS: 1576
SPS: 1576
SPS: 1576
SPS: 1576
SPS: 1576
SPS: 1576
SPS: 1576
SPS: 1576
SPS: 1576
SPS: 1576
SPS: 1576
SPS: 1576
SPS: 1576
SPS: 1577
SPS: 1577
SPS: 1577
SPS: 1577
SPS: 1577
SPS: 1577
SPS: 1577
SPS: 1577
SPS: 1577
SPS: 1577
SPS: 1577
SPS: 1577
SPS: 1577
SPS: 1577
SPS: 1577
SPS: 1577
SPS: 1577
SPS: 1577
SPS: 1577
SPS: 1577
SPS: 1577
SPS: 1577
SPS: 1577
SPS: 1577
SPS: 1577
SPS: 1577
SPS: 1577
SPS: 1577
SPS: 1578
SPS: 1578
SPS: 1578
SPS: 1578
global_step=8985008, episodic_return=700.0
SPS: 1578
SPS: 1578
SPS: 1578
SPS: 1578
SPS: 1578
SPS: 1578
SPS: 1578
SPS: 1578
SPS: 1578
SPS: 1578
SPS: 1578
SPS: 1578
SPS: 1578
SPS: 1578
SPS: 1578
SPS: 1578
SPS: 1578
SPS: 1578
SPS: 1578
SPS: 1578
SPS: 1578
SPS: 1578
SPS: 1578
SPS: 1578
SPS: 1578
SPS: 1578
SPS: 1579
SPS: 1579
SPS: 1579
SPS: 1579
SPS: 1579
SPS: 1579
SPS: 1579
SPS: 1579
SPS: 1579
global_step=9041296, episodic_return=0.0
global_step=9041296, episodic_return=0.0
SPS: 1579
SPS: 1579
SPS: 1579
SPS: 1579
SPS: 1579
SPS: 1579
SPS: 1579
SPS: 1579
SPS: 1579
SPS: 1579
SPS: 1579
SPS: 1579
SPS: 1579
SPS: 1579
SPS: 1579
SPS: 1579
SPS: 1579
SPS: 1579
SPS: 1579
SPS: 1579
SPS: 1579
SPS: 1579
SPS: 1580
SPS: 1580
SPS: 1580
SPS: 1580
SPS: 1580
SPS: 1580
SPS: 1580
SPS: 1580
SPS: 1580
SPS: 1580
SPS: 1580
SPS: 1580
SPS: 1580
SPS: 1580
SPS: 1580
SPS: 1580
SPS: 1580
SPS: 1580
SPS: 1580
SPS: 1580
SPS: 1580
SPS: 1580
SPS: 1580
SPS: 1580
SPS: 1580
SPS: 1580
SPS: 1580
SPS: 1580
SPS: 1580
SPS: 1580
SPS: 1580
SPS: 1580
SPS: 1580
SPS: 1581
SPS: 1581
SPS: 1581
SPS: 1581
SPS: 1581
SPS: 1581
SPS: 1581
SPS: 1581
SPS: 1581
SPS: 1581
SPS: 1581
SPS: 1581
SPS: 1581
SPS: 1581
SPS: 1581
SPS: 1581
SPS: 1581
SPS: 1581
SPS: 1581
SPS: 1581
SPS: 1581
SPS: 1581
SPS: 1581
SPS: 1581
SPS: 1581
SPS: 1581
global_step=9170512, episodic_return=640.0
global_step=9170512, episodic_return=640.0
SPS: 1581
SPS: 1581
SPS: 1581
SPS: 1581
SPS: 1581
SPS: 1581
SPS: 1582
SPS: 1582
SPS: 1582
SPS: 1582
SPS: 1582
SPS: 1582
SPS: 1582
SPS: 1582
SPS: 1582
SPS: 1582
SPS: 1582
SPS: 1582
SPS: 1582
SPS: 1582
SPS: 1582
SPS: 1582
SPS: 1582
SPS: 1582
SPS: 1582
SPS: 1582
SPS: 1582
SPS: 1582
SPS: 1582
SPS: 1582
SPS: 1582
SPS: 1582
SPS: 1582
SPS: 1582
SPS: 1582
SPS: 1582
SPS: 1582
SPS: 1582
SPS: 1582
SPS: 1583
SPS: 1583
SPS: 1583
SPS: 1583
SPS: 1583
SPS: 1583
SPS: 1583
SPS: 1583
SPS: 1583
SPS: 1583
SPS: 1583
SPS: 1583
SPS: 1583
SPS: 1583
SPS: 1583
SPS: 1583
SPS: 1583
SPS: 1583
SPS: 1583
SPS: 1583
SPS: 1583
SPS: 1583
SPS: 1583
SPS: 1583
SPS: 1583
SPS: 1583
SPS: 1583
SPS: 1583
SPS: 1583
SPS: 1583
SPS: 1583
SPS: 1583
SPS: 1583
SPS: 1584
SPS: 1584
SPS: 1584
SPS: 1584
SPS: 1584
SPS: 1584
SPS: 1584
SPS: 1584
SPS: 1584
SPS: 1584
SPS: 1584
SPS: 1584
SPS: 1584
SPS: 1584
SPS: 1584
SPS: 1584
SPS: 1584
SPS: 1584
SPS: 1584
SPS: 1584
SPS: 1584
SPS: 1584
SPS: 1584
SPS: 1584
SPS: 1584
SPS: 1584
SPS: 1584
SPS: 1584
SPS: 1584
global_step=9332768, episodic_return=1200.0
SPS: 1584
SPS: 1585
SPS: 1585
SPS: 1585
SPS: 1585
SPS: 1585
SPS: 1585
SPS: 1585
SPS: 1585
SPS: 1585
SPS: 1585
SPS: 1585
SPS: 1585
SPS: 1585
SPS: 1585
SPS: 1585
SPS: 1585
SPS: 1585
SPS: 1585
SPS: 1585
SPS: 1585
SPS: 1585
SPS: 1585
SPS: 1585
SPS: 1585
SPS: 1585
SPS: 1585
SPS: 1585
SPS: 1585
SPS: 1585
SPS: 1585
SPS: 1585
SPS: 1585
SPS: 1586
SPS: 1586
SPS: 1586
SPS: 1586
SPS: 1586
SPS: 1586
SPS: 1586
SPS: 1586
SPS: 1586
SPS: 1586
SPS: 1586
SPS: 1586
SPS: 1586
SPS: 1586
SPS: 1586
SPS: 1586
SPS: 1586
SPS: 1586
SPS: 1586
SPS: 1586
SPS: 1586
SPS: 1586
SPS: 1586
SPS: 1586
SPS: 1586
SPS: 1586
SPS: 1586
SPS: 1586
SPS: 1586
SPS: 1586
SPS: 1586
SPS: 1586
SPS: 1586
SPS: 1587
SPS: 1587
SPS: 1587
SPS: 1587
SPS: 1587
SPS: 1587
SPS: 1587
SPS: 1587
SPS: 1587
SPS: 1587
SPS: 1587
SPS: 1587
SPS: 1587
SPS: 1587
SPS: 1587
SPS: 1587
SPS: 1587
SPS: 1587
SPS: 1587
SPS: 1587
SPS: 1587
SPS: 1587
SPS: 1587
SPS: 1587
SPS: 1587
SPS: 1587
SPS: 1587
SPS: 1587
SPS: 1587
SPS: 1587
SPS: 1587
SPS: 1587
SPS: 1587
SPS: 1587
SPS: 1588
SPS: 1588
SPS: 1588
SPS: 1588
SPS: 1588
global_step=9500112, episodic_return=800.0
global_step=9500112, episodic_return=800.0
SPS: 1588
SPS: 1588
SPS: 1588
SPS: 1588
SPS: 1588
SPS: 1588
SPS: 1588
SPS: 1588
SPS: 1588
SPS: 1588
SPS: 1588
SPS: 1588
SPS: 1588
SPS: 1588
SPS: 1588
SPS: 1588
SPS: 1588
SPS: 1588
SPS: 1588
SPS: 1588
SPS: 1588
SPS: 1588
SPS: 1588
SPS: 1588
SPS: 1588
SPS: 1588
SPS: 1588
SPS: 1588
SPS: 1588
SPS: 1589
SPS: 1589
SPS: 1589
SPS: 1589
SPS: 1589
SPS: 1589
SPS: 1589
SPS: 1589
SPS: 1589
SPS: 1589
SPS: 1589
SPS: 1589
SPS: 1589
SPS: 1589
SPS: 1589
SPS: 1589
SPS: 1589
SPS: 1589
SPS: 1589
SPS: 1589
SPS: 1589
SPS: 1589
SPS: 1589
SPS: 1589
SPS: 1589
SPS: 1589
SPS: 1589
SPS: 1589
SPS: 1589
SPS: 1589
SPS: 1589
SPS: 1589
SPS: 1589
SPS: 1589
SPS: 1590
SPS: 1590
SPS: 1590
SPS: 1590
SPS: 1590
SPS: 1590
SPS: 1590
SPS: 1590
SPS: 1590
SPS: 1590
SPS: 1590
SPS: 1590
SPS: 1590
SPS: 1590
SPS: 1590
SPS: 1590
SPS: 1590
SPS: 1590
SPS: 1590
SPS: 1590
SPS: 1590
global_step=9634160, episodic_return=900.0
SPS: 1590
SPS: 1590
SPS: 1590
SPS: 1590
SPS: 1590
SPS: 1590
SPS: 1590
SPS: 1590
SPS: 1590
SPS: 1590
SPS: 1590
SPS: 1590
SPS: 1591
SPS: 1591
SPS: 1591
SPS: 1591
SPS: 1591
SPS: 1591
SPS: 1591
SPS: 1591
SPS: 1591
SPS: 1591
SPS: 1591
SPS: 1591
SPS: 1591
SPS: 1591
SPS: 1591
SPS: 1591
SPS: 1591
SPS: 1591
SPS: 1591
SPS: 1591
SPS: 1591
SPS: 1591
SPS: 1591
SPS: 1591
SPS: 1591
SPS: 1591
SPS: 1591
SPS: 1591
SPS: 1591
SPS: 1591
SPS: 1591
SPS: 1591
SPS: 1591
SPS: 1591
SPS: 1591
SPS: 1592
SPS: 1592
SPS: 1592
SPS: 1592
SPS: 1592
SPS: 1592
SPS: 1592
SPS: 1592
global_step=9722656, episodic_return=0.0
global_step=9722656, episodic_return=0.0
SPS: 1592
SPS: 1592
SPS: 1592
SPS: 1592
SPS: 1592
SPS: 1592
SPS: 1592
SPS: 1592
SPS: 1592
SPS: 1592
SPS: 1592
SPS: 1592
SPS: 1592
SPS: 1592
SPS: 1592
SPS: 1592
SPS: 1592
SPS: 1592
SPS: 1592
SPS: 1592
SPS: 1592
SPS: 1592
SPS: 1592
SPS: 1592
SPS: 1592
SPS: 1592
SPS: 1592
SPS: 1593
SPS: 1593
SPS: 1593
SPS: 1593
SPS: 1593
SPS: 1593
SPS: 1593
SPS: 1593
SPS: 1593
SPS: 1593
SPS: 1593
SPS: 1593
SPS: 1593
SPS: 1593
SPS: 1593
SPS: 1593
SPS: 1593
SPS: 1593
SPS: 1593
global_step=9796192, episodic_return=540.0
global_step=9796192, episodic_return=540.0
SPS: 1593
SPS: 1593
SPS: 1593
SPS: 1593
SPS: 1593
SPS: 1593
SPS: 1593
SPS: 1593
SPS: 1593
SPS: 1593
SPS: 1593
SPS: 1593
SPS: 1593
SPS: 1593
SPS: 1593
SPS: 1593
SPS: 1594
SPS: 1594
SPS: 1594
SPS: 1594
SPS: 1594
SPS: 1594
SPS: 1594
SPS: 1594
SPS: 1594
SPS: 1594
SPS: 1594
SPS: 1594
SPS: 1594
SPS: 1594
SPS: 1594
SPS: 1594
SPS: 1594
SPS: 1594
SPS: 1594
SPS: 1594
SPS: 1594
SPS: 1594
SPS: 1594
SPS: 1594
SPS: 1594
global_step=9860960, episodic_return=20.0
SPS: 1594
SPS: 1594
SPS: 1594
SPS: 1594
SPS: 1594
SPS: 1594
SPS: 1594
SPS: 1594
SPS: 1594
SPS: 1595
SPS: 1595
SPS: 1595
SPS: 1595
SPS: 1595
SPS: 1595
SPS: 1595
SPS: 1595
SPS: 1595
SPS: 1595
SPS: 1595
SPS: 1595
SPS: 1595
SPS: 1595
SPS: 1595
SPS: 1595
SPS: 1595
SPS: 1595
SPS: 1595
SPS: 1595
SPS: 1595
SPS: 1595
SPS: 1595
SPS: 1595
SPS: 1595
SPS: 1595
SPS: 1595
SPS: 1595
SPS: 1595
SPS: 1595
SPS: 1595
SPS: 1595
SPS: 1595
SPS: 1595
SPS: 1595
SPS: 1595
SPS: 1596
SPS: 1596
SPS: 1596
SPS: 1596
SPS: 1596
SPS: 1596
SPS: 1596
SPS: 1596
SPS: 1596
SPS: 1596
SPS: 1596
SPS: 1596
SPS: 1596
SPS: 1596
SPS: 1596
SPS: 1596
SPS: 1596
SPS: 1596
SPS: 1596
SPS: 1596
SPS: 1596
SPS: 1596
SPS: 1596
SPS: 1596
SPS: 1596
SPS: 1596
SPS: 1596
SPS: 1596
SPS: 1596
SPS: 1596
SPS: 1596
SPS: 1596
SPS: 1596
SPS: 1596
SPS: 1596
SPS: 1597
SPS: 1597
SPS: 1597
SPS: 1597
SPS: 1597
SPS: 1597
SPS: 1597
Results saved to /runs/h053__h053-solaris-s1.csv
slurmstepd: error: run_script_as_user: couldn't change working dir to /home/rogercc/'/scratch/rogercc/cleanrl': No such file or directory
