slurmstepd: error: couldn't chdir to `/home/rogercc/'/scratch/rogercc/cleanrl'': No such file or directory: going to /tmp instead
slurmstepd: error: couldn't chdir to `/home/rogercc/'/scratch/rogercc/cleanrl'': No such file or directory: going to /tmp instead
sending incremental file list
auto-cleanrl.sif

sent 4,938,043,512 bytes  received 35 bytes  299,275,366.48 bytes/sec
total size is 4,945,334,272  speedup is 1.00
/usr/local/lib/python3.10/dist-packages/treevalue/tree/integration/torch.py:23: FutureWarning: `torch.utils._pytree._register_pytree_node` is deprecated. Please use `torch.utils._pytree.register_pytree_node` instead.
  register_for_torch(TreeValue)
/usr/local/lib/python3.10/dist-packages/treevalue/tree/integration/torch.py:24: FutureWarning: `torch.utils._pytree._register_pytree_node` is deprecated. Please use `torch.utils._pytree.register_pytree_node` instead.
  register_for_torch(FastTreeValue)
Gym has been unmaintained since 2022 and does not support NumPy 2.0 amongst other critical functionality.
Please upgrade to Gymnasium, the maintained drop-in replacement of Gym, or contact the authors of your software and request that they upgrade.
See the migration guide at https://gymnasium.farama.org/introduction/migration_guide/ for additional information.
/usr/local/lib/python3.10/dist-packages/tyro/_parsers.py:353: UserWarning: The field `wandb-entity` is annotated with type `<class 'str'>`, but the default value `None` has type `<class 'NoneType'>`. We'll try to handle this gracefully, but it may cause unexpected behavior.
  warnings.warn(message)
/usr/local/lib/python3.10/dist-packages/tyro/_parsers.py:353: UserWarning: The field `target-kl` is annotated with type `<class 'float'>`, but the default value `None` has type `<class 'NoneType'>`. We'll try to handle this gracefully, but it may cause unexpected behavior.
  warnings.warn(message)
SPS: 1259
SPS: 1763
SPS: 2036
SPS: 2202
SPS: 2313
SPS: 2396
SPS: 2461
SPS: 2516
SPS: 2561
SPS: 2595
SPS: 2624
SPS: 2649
SPS: 2667
SPS: 2684
SPS: 2699
SPS: 2713
SPS: 2727
SPS: 2737
SPS: 2747
SPS: 2756
SPS: 2765
SPS: 2771
SPS: 2777
SPS: 2782
SPS: 2786
SPS: 2791
SPS: 2796
SPS: 2800
SPS: 2803
SPS: 2807
SPS: 2810
SPS: 2812
SPS: 2815
SPS: 2817
SPS: 2818
SPS: 2820
SPS: 2823
SPS: 2826
SPS: 2827
SPS: 2829
SPS: 2831
SPS: 2832
SPS: 2834
SPS: 2835
SPS: 2837
SPS: 2839
SPS: 2841
SPS: 2843
SPS: 2844
SPS: 2845
SPS: 2846
SPS: 2848
SPS: 2849
SPS: 2849
SPS: 2848
SPS: 2849
SPS: 2851
SPS: 2851
SPS: 2853
SPS: 2853
SPS: 2853
SPS: 2855
SPS: 2855
SPS: 2856
SPS: 2857
SPS: 2858
global_step=272896, episodic_return=2000.0 (n=128)
SPS: 2858
SPS: 2859
SPS: 2859
SPS: 2859
SPS: 2860
SPS: 2860
SPS: 2861
SPS: 2861
SPS: 2862
SPS: 2861
SPS: 2860
SPS: 2860
SPS: 2860
SPS: 2860
SPS: 2860
SPS: 2860
SPS: 2860
SPS: 2861
SPS: 2861
SPS: 2860
SPS: 2861
SPS: 2861
SPS: 2862
global_step=366720, episodic_return=2000.0 (n=128)
SPS: 2863
SPS: 2863
SPS: 2863
SPS: 2864
SPS: 2864
SPS: 2864
SPS: 2864
SPS: 2863
SPS: 2862
SPS: 2862
SPS: 2862
SPS: 2862
SPS: 2862
SPS: 2862
SPS: 2862
SPS: 2862
SPS: 2862
SPS: 2862
SPS: 2863
SPS: 2863
SPS: 2863
SPS: 2863
SPS: 2863
SPS: 2864
SPS: 2864
SPS: 2864
SPS: 2864
SPS: 2864
SPS: 2863
SPS: 2863
SPS: 2863
SPS: 2863
global_step=499712, episodic_return=3000.0 (n=128)
SPS: 2863
SPS: 2863
SPS: 2863
SPS: 2863
SPS: 2864
SPS: 2864
SPS: 2864
SPS: 2865
SPS: 2864
SPS: 2865
SPS: 2865
SPS: 2864
SPS: 2864
SPS: 2863
SPS: 2863
SPS: 2863
SPS: 2863
SPS: 2863
SPS: 2863
SPS: 2863
SPS: 2864
SPS: 2864
SPS: 2864
SPS: 2864
SPS: 2864
SPS: 2864
SPS: 2864
SPS: 2865
SPS: 2865
SPS: 2864
SPS: 2864
SPS: 2864
global_step=630272, episodic_return=2000.0 (n=128)
SPS: 2863
SPS: 2863
SPS: 2863
SPS: 2863
SPS: 2863
SPS: 2863
SPS: 2863
SPS: 2862
SPS: 2862
SPS: 2862
SPS: 2862
SPS: 2862
SPS: 2862
SPS: 2862
SPS: 2862
SPS: 2863
SPS: 2863
SPS: 2863
SPS: 2863
SPS: 2863
SPS: 2863
SPS: 2863
SPS: 2863
SPS: 2864
SPS: 2864
SPS: 2864
SPS: 2864
SPS: 2864
SPS: 2864
SPS: 2864
SPS: 2864
SPS: 2864
SPS: 2864
SPS: 2864
SPS: 2864
SPS: 2864
SPS: 2864
SPS: 2864
SPS: 2864
SPS: 2864
SPS: 2864
SPS: 2864
SPS: 2865
SPS: 2865
SPS: 2864
SPS: 2864
SPS: 2864
SPS: 2864
SPS: 2864
SPS: 2864
SPS: 2864
SPS: 2864
SPS: 2864
SPS: 2864
SPS: 2864
SPS: 2864
SPS: 2865
global_step=861056, episodic_return=4000.0 (n=128)
SPS: 2865
SPS: 2865
SPS: 2865
SPS: 2865
SPS: 2865
SPS: 2865
SPS: 2865
SPS: 2865
SPS: 2865
SPS: 2865
SPS: 2865
SPS: 2865
SPS: 2865
SPS: 2865
SPS: 2864
SPS: 2864
SPS: 2864
SPS: 2864
SPS: 2864
SPS: 2865
SPS: 2865
SPS: 2865
SPS: 2865
SPS: 2865
SPS: 2865
SPS: 2865
SPS: 2865
SPS: 2865
global_step=974976, episodic_return=1000.0 (n=128)
SPS: 2865
SPS: 2865
SPS: 2865
SPS: 2865
SPS: 2865
SPS: 2865
SPS: 2865
SPS: 2865
SPS: 2865
SPS: 2865
SPS: 2865
SPS: 2865
SPS: 2865
SPS: 2865
SPS: 2865
SPS: 2865
SPS: 2865
SPS: 2865
SPS: 2865
SPS: 2865
SPS: 2865
SPS: 2865
SPS: 2865
SPS: 2865
SPS: 2865
SPS: 2865
SPS: 2865
SPS: 2865
SPS: 2865
SPS: 2866
SPS: 2866
SPS: 2866
SPS: 2866
SPS: 2866
SPS: 2866
SPS: 2866
SPS: 2866
SPS: 2866
SPS: 2866
SPS: 2866
SPS: 2866
global_step=1145472, episodic_return=3000.0 (n=128)
SPS: 2866
SPS: 2866
SPS: 2866
SPS: 2866
SPS: 2866
SPS: 2866
SPS: 2866
SPS: 2866
SPS: 2866
SPS: 2866
SPS: 2866
SPS: 2866
SPS: 2866
SPS: 2866
SPS: 2866
SPS: 2866
SPS: 2866
SPS: 2866
SPS: 2867
SPS: 2867
SPS: 2867
SPS: 2866
SPS: 2866
SPS: 2866
SPS: 2866
SPS: 2866
SPS: 2866
SPS: 2866
SPS: 2866
SPS: 2866
SPS: 2866
SPS: 2866
global_step=1273984, episodic_return=2000.0 (n=128)
SPS: 2866
SPS: 2866
SPS: 2866
SPS: 2866
SPS: 2866
SPS: 2866
SPS: 2866
SPS: 2866
SPS: 2866
SPS: 2866
SPS: 2866
SPS: 2866
SPS: 2866
SPS: 2866
SPS: 2866
SPS: 2866
SPS: 2866
SPS: 2866
SPS: 2866
SPS: 2866
SPS: 2866
SPS: 2866
SPS: 2866
SPS: 2866
SPS: 2866
SPS: 2867
SPS: 2867
SPS: 2867
SPS: 2867
SPS: 2867
SPS: 2867
SPS: 2867
SPS: 2867
SPS: 2867
SPS: 2867
SPS: 2867
SPS: 2867
SPS: 2867
SPS: 2867
global_step=1435648, episodic_return=11000.0 (n=128)
SPS: 2867
SPS: 2867
SPS: 2867
SPS: 2867
SPS: 2867
SPS: 2867
SPS: 2867
SPS: 2867
SPS: 2866
SPS: 2866
SPS: 2866
SPS: 2866
SPS: 2866
SPS: 2866
SPS: 2866
SPS: 2866
SPS: 2866
SPS: 2866
SPS: 2866
SPS: 2866
SPS: 2866
SPS: 2866
SPS: 2866
SPS: 2866
SPS: 2866
SPS: 2866
SPS: 2866
SPS: 2866
SPS: 2867
SPS: 2867
SPS: 2867
SPS: 2867
SPS: 2867
SPS: 2867
SPS: 2867
SPS: 2867
global_step=1581568, episodic_return=1000.0 (n=128)
SPS: 2867
SPS: 2867
SPS: 2867
SPS: 2867
SPS: 2866
SPS: 2866
SPS: 2866
SPS: 2866
SPS: 2866
SPS: 2866
SPS: 2866
SPS: 2866
SPS: 2866
SPS: 2866
SPS: 2866
SPS: 2866
SPS: 2866
SPS: 2866
SPS: 2865
SPS: 2865
SPS: 2865
SPS: 2865
SPS: 2865
SPS: 2865
SPS: 2865
SPS: 2865
SPS: 2865
SPS: 2865
SPS: 2865
SPS: 2865
SPS: 2865
SPS: 2865
SPS: 2865
SPS: 2865
SPS: 2865
SPS: 2865
SPS: 2865
SPS: 2865
SPS: 2865
SPS: 2865
SPS: 2865
SPS: 2865
global_step=1755520, episodic_return=2000.0 (n=128)
SPS: 2865
SPS: 2865
SPS: 2865
SPS: 2865
SPS: 2865
SPS: 2865
SPS: 2865
SPS: 2865
SPS: 2865
SPS: 2865
SPS: 2865
SPS: 2866
SPS: 2866
SPS: 2866
SPS: 2866
SPS: 2866
SPS: 2866
SPS: 2866
SPS: 2866
SPS: 2866
SPS: 2866
SPS: 2866
SPS: 2866
SPS: 2866
SPS: 2866
SPS: 2866
SPS: 2866
SPS: 2866
SPS: 2866
SPS: 2866
SPS: 2866
SPS: 2866
global_step=1887360, episodic_return=1000.0 (n=128)
SPS: 2866
SPS: 2866
SPS: 2866
SPS: 2866
SPS: 2866
SPS: 2866
SPS: 2866
SPS: 2866
SPS: 2865
SPS: 2865
SPS: 2865
SPS: 2865
SPS: 2865
SPS: 2865
SPS: 2865
SPS: 2865
SPS: 2865
SPS: 2865
SPS: 2865
SPS: 2865
SPS: 2865
SPS: 2865
SPS: 2865
SPS: 2865
SPS: 2865
SPS: 2866
SPS: 2866
SPS: 2866
global_step=1999872, episodic_return=2000.0 (n=128)
SPS: 2866
SPS: 2866
SPS: 2866
SPS: 2866
SPS: 2866
SPS: 2866
SPS: 2866
SPS: 2866
SPS: 2866
SPS: 2866
SPS: 2866
SPS: 2866
SPS: 2866
SPS: 2866
SPS: 2866
SPS: 2866
SPS: 2866
SPS: 2866
SPS: 2866
SPS: 2866
SPS: 2866
SPS: 2866
SPS: 2866
SPS: 2866
SPS: 2866
SPS: 2866
SPS: 2866
SPS: 2866
SPS: 2866
SPS: 2866
SPS: 2866
SPS: 2866
SPS: 2866
SPS: 2865
SPS: 2865
global_step=2144512, episodic_return=1000.0 (n=128)
SPS: 2865
SPS: 2865
SPS: 2865
SPS: 2865
SPS: 2865
SPS: 2865
SPS: 2865
SPS: 2865
SPS: 2865
SPS: 2865
SPS: 2865
SPS: 2865
SPS: 2865
SPS: 2865
SPS: 2865
SPS: 2865
SPS: 2865
SPS: 2865
SPS: 2865
SPS: 2865
SPS: 2865
SPS: 2865
global_step=2232832, episodic_return=0.0 (n=128)
SPS: 2865
SPS: 2865
SPS: 2865
SPS: 2865
SPS: 2865
SPS: 2866
SPS: 2866
SPS: 2866
SPS: 2866
SPS: 2866
SPS: 2866
SPS: 2866
SPS: 2866
SPS: 2866
SPS: 2866
SPS: 2866
SPS: 2866
SPS: 2866
SPS: 2866
SPS: 2866
SPS: 2866
SPS: 2866
SPS: 2866
global_step=2329472, episodic_return=1000.0 (n=128)
SPS: 2866
SPS: 2866
SPS: 2866
SPS: 2866
SPS: 2866
SPS: 2866
SPS: 2866
SPS: 2866
SPS: 2866
SPS: 2866
SPS: 2866
SPS: 2866
SPS: 2866
SPS: 2866
SPS: 2866
SPS: 2866
SPS: 2866
SPS: 2866
SPS: 2866
SPS: 2866
SPS: 2866
SPS: 2866
SPS: 2866
SPS: 2866
SPS: 2866
global_step=2431360, episodic_return=1000.0 (n=128)
SPS: 2866
SPS: 2866
SPS: 2866
SPS: 2866
SPS: 2866
SPS: 2866
SPS: 2866
SPS: 2866
SPS: 2866
SPS: 2866
SPS: 2866
SPS: 2866
SPS: 2866
SPS: 2866
SPS: 2866
SPS: 2866
SPS: 2866
SPS: 2866
SPS: 2866
SPS: 2866
SPS: 2866
SPS: 2866
SPS: 2866
SPS: 2866
SPS: 2866
global_step=2535168, episodic_return=1000.0 (n=128)
SPS: 2866
SPS: 2866
SPS: 2866
SPS: 2866
SPS: 2866
SPS: 2866
SPS: 2866
SPS: 2866
SPS: 2866
SPS: 2866
SPS: 2866
SPS: 2866
SPS: 2866
SPS: 2866
SPS: 2866
SPS: 2866
SPS: 2866
SPS: 2866
SPS: 2866
SPS: 2866
SPS: 2866
SPS: 2866
SPS: 2866
SPS: 2866
SPS: 2866
SPS: 2866
SPS: 2866
SPS: 2866
SPS: 2866
SPS: 2866
SPS: 2866
SPS: 2866
SPS: 2866
SPS: 2866
SPS: 2866
SPS: 2866
global_step=2682112, episodic_return=1000.0 (n=128)
SPS: 2866
SPS: 2866
SPS: 2866
SPS: 2866
SPS: 2866
SPS: 2866
SPS: 2866
SPS: 2866
SPS: 2866
SPS: 2866
SPS: 2866
SPS: 2866
SPS: 2866
SPS: 2866
SPS: 2866
SPS: 2866
SPS: 2866
SPS: 2866
SPS: 2866
SPS: 2866
SPS: 2866
SPS: 2866
SPS: 2866
SPS: 2866
SPS: 2866
global_step=2781952, episodic_return=1000.0 (n=128)
SPS: 2866
SPS: 2866
SPS: 2866
SPS: 2866
SPS: 2866
SPS: 2866
SPS: 2866
SPS: 2866
SPS: 2866
SPS: 2866
SPS: 2866
SPS: 2866
SPS: 2866
SPS: 2866
SPS: 2866
SPS: 2866
SPS: 2866
SPS: 2866
SPS: 2866
SPS: 2866
SPS: 2866
SPS: 2867
SPS: 2867
SPS: 2867
SPS: 2867
SPS: 2867
SPS: 2866
SPS: 2866
SPS: 2866
SPS: 2866
global_step=2905728, episodic_return=8000.0 (n=128)
SPS: 2866
SPS: 2866
SPS: 2866
SPS: 2866
SPS: 2866
SPS: 2866
SPS: 2866
SPS: 2866
SPS: 2866
SPS: 2866
SPS: 2866
SPS: 2866
SPS: 2866
SPS: 2866
SPS: 2866
SPS: 2866
SPS: 2866
SPS: 2867
SPS: 2867
SPS: 2867
SPS: 2866
SPS: 2866
SPS: 2866
SPS: 2866
SPS: 2866
SPS: 2866
SPS: 2866
SPS: 2866
SPS: 2866
SPS: 2866
SPS: 2866
SPS: 2866
SPS: 2866
global_step=3042944, episodic_return=1000.0 (n=128)
SPS: 2866
SPS: 2866
SPS: 2866
SPS: 2866
SPS: 2866
SPS: 2866
SPS: 2866
SPS: 2866
SPS: 2866
SPS: 2866
SPS: 2866
SPS: 2866
SPS: 2866
SPS: 2866
SPS: 2866
SPS: 2866
SPS: 2866
SPS: 2866
SPS: 2866
SPS: 2866
SPS: 2866
SPS: 2866
SPS: 2866
SPS: 2867
SPS: 2867
SPS: 2866
SPS: 2866
SPS: 2866
SPS: 2867
SPS: 2867
SPS: 2866
SPS: 2866
global_step=3174016, episodic_return=8000.0 (n=128)
SPS: 2866
SPS: 2866
SPS: 2866
SPS: 2866
SPS: 2866
SPS: 2866
SPS: 2866
SPS: 2866
SPS: 2866
SPS: 2866
SPS: 2866
SPS: 2866
SPS: 2866
SPS: 2866
SPS: 2866
SPS: 2866
SPS: 2866
SPS: 2866
SPS: 2866
SPS: 2866
SPS: 2866
SPS: 2866
SPS: 2866
SPS: 2866
SPS: 2866
SPS: 2866
SPS: 2866
SPS: 2866
SPS: 2866
SPS: 2866
SPS: 2866
SPS: 2866
SPS: 2866
SPS: 2866
SPS: 2866
SPS: 2866
global_step=3320192, episodic_return=2000.0 (n=128)
SPS: 2866
SPS: 2866
SPS: 2866
SPS: 2866
SPS: 2866
SPS: 2866
SPS: 2866
SPS: 2866
SPS: 2866
SPS: 2866
SPS: 2866
SPS: 2866
SPS: 2866
SPS: 2866
SPS: 2866
SPS: 2866
SPS: 2866
SPS: 2866
SPS: 2866
SPS: 2866
SPS: 2866
SPS: 2866
SPS: 2866
SPS: 2866
SPS: 2866
SPS: 2866
SPS: 2866
SPS: 2866
SPS: 2866
SPS: 2866
SPS: 2866
global_step=3446272, episodic_return=11000.0 (n=128)
SPS: 2866
SPS: 2866
SPS: 2866
SPS: 2866
SPS: 2866
SPS: 2866
SPS: 2866
SPS: 2866
SPS: 2866
SPS: 2866
SPS: 2866
SPS: 2866
SPS: 2866
SPS: 2866
SPS: 2866
SPS: 2866
SPS: 2866
SPS: 2866
SPS: 2866
SPS: 2866
SPS: 2866
SPS: 2866
SPS: 2866
SPS: 2866
SPS: 2866
SPS: 2866
SPS: 2867
SPS: 2867
SPS: 2867
SPS: 2867
SPS: 2867
SPS: 2867
SPS: 2867
global_step=3583104, episodic_return=1000.0 (n=128)
SPS: 2867
SPS: 2866
SPS: 2866
SPS: 2866
SPS: 2866
SPS: 2866
SPS: 2866
SPS: 2866
SPS: 2866
SPS: 2866
SPS: 2866
SPS: 2866
SPS: 2866
SPS: 2866
SPS: 2866
SPS: 2866
SPS: 2866
SPS: 2866
SPS: 2866
SPS: 2866
SPS: 2866
SPS: 2866
SPS: 2866
SPS: 2866
SPS: 2866
global_step=3682688, episodic_return=1000.0 (n=128)
SPS: 2866
SPS: 2866
SPS: 2866
SPS: 2866
SPS: 2866
SPS: 2866
SPS: 2866
SPS: 2866
SPS: 2866
SPS: 2866
SPS: 2866
SPS: 2866
SPS: 2866
SPS: 2866
SPS: 2866
SPS: 2866
SPS: 2866
SPS: 2866
SPS: 2866
SPS: 2866
SPS: 2866
global_step=3772160, episodic_return=1000.0 (n=128)
SPS: 2866
SPS: 2866
SPS: 2866
SPS: 2866
SPS: 2866
SPS: 2866
SPS: 2866
SPS: 2866
SPS: 2866
SPS: 2866
SPS: 2866
SPS: 2866
SPS: 2866
SPS: 2866
SPS: 2866
SPS: 2866
SPS: 2866
SPS: 2866
SPS: 2866
SPS: 2866
SPS: 2866
SPS: 2866
SPS: 2866
SPS: 2866
SPS: 2866
SPS: 2866
SPS: 2866
SPS: 2866
SPS: 2866
SPS: 2866
SPS: 2866
SPS: 2866
SPS: 2866
SPS: 2866
SPS: 2866
SPS: 2866
SPS: 2866
global_step=3920000, episodic_return=5000.0 (n=128)
SPS: 2866
SPS: 2866
SPS: 2866
SPS: 2866
SPS: 2866
SPS: 2866
SPS: 2866
SPS: 2866
SPS: 2866
SPS: 2866
SPS: 2866
SPS: 2866
SPS: 2866
SPS: 2866
SPS: 2866
SPS: 2866
SPS: 2866
SPS: 2866
SPS: 2866
SPS: 2866
SPS: 2866
SPS: 2866
SPS: 2866
SPS: 2866
SPS: 2866
SPS: 2866
SPS: 2866
SPS: 2866
SPS: 2866
SPS: 2866
SPS: 2866
SPS: 2866
SPS: 2866
global_step=4057728, episodic_return=4000.0 (n=128)
SPS: 2866
SPS: 2866
SPS: 2866
SPS: 2866
SPS: 2866
SPS: 2866
SPS: 2866
SPS: 2866
SPS: 2866
SPS: 2866
SPS: 2866
SPS: 2866
SPS: 2866
SPS: 2866
SPS: 2866
SPS: 2866
SPS: 2866
SPS: 2866
SPS: 2866
SPS: 2866
SPS: 2866
SPS: 2866
SPS: 2866
SPS: 2866
SPS: 2866
SPS: 2866
SPS: 2866
SPS: 2866
global_step=4170496, episodic_return=1000.0 (n=128)
SPS: 2866
SPS: 2866
SPS: 2866
SPS: 2866
SPS: 2866
SPS: 2866
SPS: 2866
SPS: 2866
SPS: 2866
SPS: 2866
SPS: 2866
SPS: 2866
SPS: 2866
SPS: 2866
SPS: 2866
SPS: 2866
SPS: 2866
SPS: 2866
SPS: 2866
SPS: 2866
SPS: 2866
SPS: 2866
SPS: 2866
SPS: 2866
SPS: 2866
SPS: 2866
SPS: 2866
SPS: 2866
SPS: 2866
SPS: 2866
SPS: 2866
SPS: 2866
SPS: 2866
SPS: 2866
SPS: 2866
SPS: 2866
SPS: 2866
SPS: 2866
SPS: 2866
SPS: 2866
SPS: 2866
SPS: 2866
SPS: 2866
global_step=4347392, episodic_return=4000.0 (n=128)
SPS: 2866
SPS: 2866
SPS: 2866
SPS: 2866
SPS: 2866
SPS: 2866
SPS: 2866
SPS: 2866
SPS: 2866
SPS: 2866
SPS: 2866
SPS: 2866
SPS: 2866
SPS: 2866
SPS: 2866
SPS: 2866
SPS: 2866
SPS: 2866
SPS: 2866
SPS: 2866
SPS: 2866
SPS: 2866
SPS: 2867
SPS: 2867
SPS: 2867
SPS: 2867
SPS: 2867
SPS: 2867
SPS: 2867
SPS: 2867
SPS: 2867
SPS: 2867
SPS: 2867
SPS: 2867
SPS: 2867
SPS: 2867
SPS: 2867
SPS: 2867
SPS: 2867
SPS: 2867
global_step=4511744, episodic_return=3000.0 (n=128)
SPS: 2867
SPS: 2867
SPS: 2867
SPS: 2867
SPS: 2868
SPS: 2868
SPS: 2868
SPS: 2868
SPS: 2868
SPS: 2868
SPS: 2868
SPS: 2868
SPS: 2868
SPS: 2868
SPS: 2868
SPS: 2868
SPS: 2868
SPS: 2868
SPS: 2868
SPS: 2868
SPS: 2868
SPS: 2868
SPS: 2868
SPS: 2868
SPS: 2868
SPS: 2868
SPS: 2868
SPS: 2868
SPS: 2868
SPS: 2868
SPS: 2868
SPS: 2868
SPS: 2868
SPS: 2869
SPS: 2869
SPS: 2869
SPS: 2869
SPS: 2869
SPS: 2869
SPS: 2869
SPS: 2869
SPS: 2869
SPS: 2869
SPS: 2869
SPS: 2869
SPS: 2869
global_step=4700416, episodic_return=6000.0 (n=128)
SPS: 2869
SPS: 2869
SPS: 2869
SPS: 2869
SPS: 2869
SPS: 2869
SPS: 2869
SPS: 2869
SPS: 2869
SPS: 2869
SPS: 2869
SPS: 2869
SPS: 2869
SPS: 2869
SPS: 2869
SPS: 2870
SPS: 2870
SPS: 2870
SPS: 2870
SPS: 2870
SPS: 2870
SPS: 2870
SPS: 2870
SPS: 2870
SPS: 2870
SPS: 2870
SPS: 2870
SPS: 2870
SPS: 2870
SPS: 2870
SPS: 2870
SPS: 2870
SPS: 2870
SPS: 2870
SPS: 2870
SPS: 2870
SPS: 2870
SPS: 2870
global_step=4856064, episodic_return=9000.0 (n=128)
SPS: 2870
SPS: 2870
SPS: 2870
SPS: 2871
SPS: 2871
SPS: 2871
SPS: 2871
SPS: 2871
SPS: 2871
SPS: 2871
SPS: 2871
SPS: 2871
SPS: 2871
SPS: 2871
SPS: 2871
SPS: 2871
SPS: 2871
SPS: 2871
SPS: 2871
SPS: 2871
SPS: 2871
SPS: 2871
SPS: 2871
SPS: 2871
SPS: 2871
SPS: 2871
SPS: 2871
SPS: 2871
SPS: 2871
SPS: 2871
SPS: 2871
SPS: 2871
SPS: 2871
SPS: 2871
SPS: 2871
SPS: 2871
SPS: 2871
SPS: 2871
SPS: 2872
SPS: 2872
SPS: 2872
SPS: 2872
SPS: 2872
SPS: 2872
SPS: 2872
SPS: 2872
SPS: 2872
SPS: 2872
SPS: 2872
SPS: 2872
SPS: 2872
SPS: 2872
SPS: 2872
global_step=5070976, episodic_return=2000.0 (n=128)
SPS: 2872
SPS: 2872
SPS: 2872
SPS: 2872
SPS: 2872
SPS: 2872
SPS: 2872
SPS: 2872
SPS: 2872
SPS: 2872
SPS: 2872
SPS: 2872
SPS: 2872
SPS: 2872
SPS: 2872
SPS: 2872
SPS: 2872
SPS: 2872
SPS: 2872
SPS: 2872
SPS: 2872
SPS: 2873
SPS: 2873
SPS: 2873
SPS: 2873
SPS: 2873
SPS: 2873
SPS: 2873
SPS: 2873
SPS: 2873
SPS: 2873
SPS: 2873
SPS: 2873
SPS: 2873
SPS: 2873
SPS: 2873
SPS: 2873
global_step=5225600, episodic_return=2000.0 (n=128)
SPS: 2873
SPS: 2873
SPS: 2873
SPS: 2873
SPS: 2873
SPS: 2873
SPS: 2873
SPS: 2873
SPS: 2873
SPS: 2873
SPS: 2873
SPS: 2873
SPS: 2873
SPS: 2873
SPS: 2873
SPS: 2874
SPS: 2874
SPS: 2874
SPS: 2874
SPS: 2874
SPS: 2874
SPS: 2874
SPS: 2874
SPS: 2874
SPS: 2874
SPS: 2874
SPS: 2874
SPS: 2874
SPS: 2874
SPS: 2874
SPS: 2874
SPS: 2874
SPS: 2874
SPS: 2874
SPS: 2874
SPS: 2874
SPS: 2874
SPS: 2874
SPS: 2874
global_step=5383168, episodic_return=3000.0 (n=128)
SPS: 2874
SPS: 2874
SPS: 2874
SPS: 2874
SPS: 2874
SPS: 2874
SPS: 2874
SPS: 2874
SPS: 2875
SPS: 2875
SPS: 2875
SPS: 2875
SPS: 2875
SPS: 2875
SPS: 2875
SPS: 2875
SPS: 2875
SPS: 2875
SPS: 2875
SPS: 2875
global_step=5465088, episodic_return=1000.0 (n=128)
SPS: 2875
SPS: 2875
SPS: 2875
SPS: 2875
SPS: 2875
SPS: 2875
SPS: 2875
SPS: 2875
SPS: 2875
SPS: 2875
SPS: 2875
SPS: 2875
SPS: 2875
SPS: 2875
SPS: 2875
SPS: 2875
SPS: 2875
SPS: 2875
SPS: 2875
SPS: 2875
SPS: 2875
SPS: 2875
SPS: 2876
SPS: 2876
SPS: 2876
global_step=5569920, episodic_return=1000.0 (n=128)
SPS: 2876
SPS: 2876
SPS: 2876
SPS: 2876
SPS: 2876
SPS: 2876
SPS: 2876
SPS: 2876
SPS: 2876
SPS: 2876
SPS: 2876
SPS: 2876
SPS: 2876
SPS: 2876
SPS: 2876
SPS: 2876
SPS: 2876
SPS: 2876
SPS: 2876
SPS: 2876
SPS: 2876
SPS: 2876
SPS: 2876
SPS: 2876
SPS: 2876
SPS: 2876
SPS: 2876
SPS: 2877
SPS: 2877
SPS: 2877
SPS: 2877
SPS: 2877
SPS: 2877
SPS: 2877
SPS: 2877
SPS: 2877
SPS: 2877
SPS: 2877
SPS: 2877
SPS: 2877
SPS: 2877
SPS: 2877
SPS: 2877
SPS: 2877
SPS: 2877
SPS: 2877
SPS: 2877
SPS: 2877
SPS: 2877
SPS: 2877
SPS: 2877
SPS: 2877
SPS: 2877
global_step=5784832, episodic_return=3000.0 (n=128)
SPS: 2877
SPS: 2877
SPS: 2877
SPS: 2877
SPS: 2877
SPS: 2877
SPS: 2877
SPS: 2877
SPS: 2877
SPS: 2877
SPS: 2877
SPS: 2877
SPS: 2877
SPS: 2877
SPS: 2877
SPS: 2877
SPS: 2877
SPS: 2878
SPS: 2878
SPS: 2878
SPS: 2878
SPS: 2878
SPS: 2878
SPS: 2878
SPS: 2878
SPS: 2878
SPS: 2878
SPS: 2878
SPS: 2878
SPS: 2878
SPS: 2878
SPS: 2878
SPS: 2878
SPS: 2878
SPS: 2878
SPS: 2878
SPS: 2878
SPS: 2878
SPS: 2878
SPS: 2878
SPS: 2878
SPS: 2878
SPS: 2878
SPS: 2878
SPS: 2878
SPS: 2878
SPS: 2878
SPS: 2878
SPS: 2878
SPS: 2878
SPS: 2878
SPS: 2878
SPS: 2878
SPS: 2878
SPS: 2878
SPS: 2878
SPS: 2878
SPS: 2879
SPS: 2879
SPS: 2879
SPS: 2879
SPS: 2879
SPS: 2879
SPS: 2879
SPS: 2879
global_step=6050304, episodic_return=2000.0 (n=128)
SPS: 2879
SPS: 2879
SPS: 2879
SPS: 2879
SPS: 2879
SPS: 2879
SPS: 2879
SPS: 2879
SPS: 2879
SPS: 2879
SPS: 2879
SPS: 2879
SPS: 2879
SPS: 2879
SPS: 2879
SPS: 2879
SPS: 2879
SPS: 2879
SPS: 2879
SPS: 2879
SPS: 2879
SPS: 2879
SPS: 2879
SPS: 2879
SPS: 2879
SPS: 2879
SPS: 2879
SPS: 2879
SPS: 2879
SPS: 2879
SPS: 2879
SPS: 2879
SPS: 2879
global_step=6186880, episodic_return=1000.0 (n=128)
SPS: 2879
SPS: 2879
SPS: 2879
SPS: 2879
SPS: 2879
SPS: 2879
SPS: 2879
SPS: 2879
SPS: 2879
SPS: 2879
SPS: 2879
SPS: 2880
SPS: 2880
SPS: 2880
SPS: 2880
SPS: 2880
SPS: 2880
SPS: 2880
SPS: 2880
SPS: 2880
SPS: 2880
SPS: 2880
SPS: 2880
SPS: 2880
SPS: 2880
SPS: 2880
SPS: 2880
SPS: 2880
SPS: 2880
SPS: 2880
SPS: 2880
SPS: 2880
SPS: 2880
SPS: 2880
SPS: 2880
SPS: 2880
SPS: 2880
SPS: 2880
SPS: 2880
SPS: 2880
SPS: 2880
global_step=6354816, episodic_return=1000.0 (n=128)
SPS: 2880
SPS: 2880
SPS: 2880
SPS: 2880
SPS: 2880
SPS: 2880
SPS: 2880
SPS: 2880
SPS: 2881
SPS: 2881
SPS: 2881
SPS: 2881
SPS: 2881
SPS: 2881
SPS: 2881
SPS: 2881
SPS: 2881
SPS: 2881
global_step=6429440, episodic_return=1000.0 (n=128)
SPS: 2881
SPS: 2881
SPS: 2881
SPS: 2881
SPS: 2881
SPS: 2881
SPS: 2881
SPS: 2881
SPS: 2881
SPS: 2881
SPS: 2881
SPS: 2881
SPS: 2881
SPS: 2881
SPS: 2881
SPS: 2881
SPS: 2881
SPS: 2881
SPS: 2881
SPS: 2881
SPS: 2881
SPS: 2881
SPS: 2881
SPS: 2881
SPS: 2881
SPS: 2881
SPS: 2881
SPS: 2881
SPS: 2881
SPS: 2881
SPS: 2881
SPS: 2881
SPS: 2881
SPS: 2881
SPS: 2881
SPS: 2882
global_step=6576128, episodic_return=1000.0 (n=128)
SPS: 2882
SPS: 2882
SPS: 2882
SPS: 2882
SPS: 2882
SPS: 2882
SPS: 2882
SPS: 2882
SPS: 2882
SPS: 2882
SPS: 2882
SPS: 2882
SPS: 2882
SPS: 2882
SPS: 2882
SPS: 2882
SPS: 2882
SPS: 2882
SPS: 2882
SPS: 2882
SPS: 2882
SPS: 2882
SPS: 2882
SPS: 2882
SPS: 2882
SPS: 2882
SPS: 2882
SPS: 2882
SPS: 2882
SPS: 2882
SPS: 2882
SPS: 2882
SPS: 2882
SPS: 2882
SPS: 2882
SPS: 2882
SPS: 2882
SPS: 2882
SPS: 2882
SPS: 2882
SPS: 2882
SPS: 2882
SPS: 2882
SPS: 2882
SPS: 2882
SPS: 2882
SPS: 2882
SPS: 2882
SPS: 2882
SPS: 2882
SPS: 2882
SPS: 2882
SPS: 2882
SPS: 2882
SPS: 2882
global_step=6801408, episodic_return=3000.0 (n=128)
SPS: 2883
SPS: 2883
SPS: 2883
SPS: 2883
SPS: 2883
SPS: 2883
SPS: 2883
SPS: 2883
SPS: 2883
SPS: 2883
SPS: 2883
SPS: 2883
SPS: 2883
SPS: 2883
SPS: 2883
SPS: 2883
SPS: 2883
SPS: 2883
SPS: 2883
SPS: 2883
SPS: 2883
SPS: 2883
SPS: 2883
SPS: 2883
SPS: 2883
SPS: 2883
SPS: 2883
SPS: 2883
SPS: 2883
SPS: 2883
SPS: 2883
SPS: 2883
SPS: 2883
global_step=6938624, episodic_return=1000.0 (n=128)
SPS: 2883
SPS: 2883
SPS: 2883
SPS: 2883
SPS: 2883
SPS: 2883
SPS: 2883
SPS: 2883
SPS: 2883
SPS: 2883
SPS: 2883
SPS: 2883
SPS: 2883
SPS: 2883
SPS: 2883
SPS: 2883
SPS: 2883
SPS: 2883
SPS: 2883
SPS: 2883
SPS: 2883
SPS: 2883
SPS: 2883
SPS: 2884
SPS: 2884
SPS: 2884
SPS: 2884
SPS: 2884
SPS: 2884
SPS: 2884
SPS: 2884
global_step=7063680, episodic_return=1000.0 (n=128)
SPS: 2884
SPS: 2884
SPS: 2884
SPS: 2884
SPS: 2884
SPS: 2884
SPS: 2884
SPS: 2884
SPS: 2884
SPS: 2884
SPS: 2884
SPS: 2884
SPS: 2884
SPS: 2884
SPS: 2884
SPS: 2884
SPS: 2884
SPS: 2884
SPS: 2884
SPS: 2884
SPS: 2884
SPS: 2884
SPS: 2884
SPS: 2884
SPS: 2884
SPS: 2884
SPS: 2884
SPS: 2884
SPS: 2884
SPS: 2884
SPS: 2884
SPS: 2884
SPS: 2884
SPS: 2884
SPS: 2884
SPS: 2884
SPS: 2884
SPS: 2884
SPS: 2884
global_step=7224832, episodic_return=8000.0 (n=128)
SPS: 2884
SPS: 2884
SPS: 2884
SPS: 2884
SPS: 2884
SPS: 2884
SPS: 2884
SPS: 2884
SPS: 2884
SPS: 2884
SPS: 2884
SPS: 2884
SPS: 2884
SPS: 2884
SPS: 2884
SPS: 2884
SPS: 2884
SPS: 2884
SPS: 2884
SPS: 2884
SPS: 2884
SPS: 2884
SPS: 2884
SPS: 2884
SPS: 2884
SPS: 2884
SPS: 2884
SPS: 2884
SPS: 2884
SPS: 2884
SPS: 2884
SPS: 2884
SPS: 2884
SPS: 2884
SPS: 2884
SPS: 2884
SPS: 2885
SPS: 2885
SPS: 2884
global_step=7382016, episodic_return=1000.0 (n=128)
SPS: 2885
SPS: 2885
SPS: 2885
SPS: 2885
SPS: 2885
SPS: 2885
SPS: 2885
SPS: 2885
SPS: 2885
SPS: 2885
SPS: 2885
SPS: 2885
SPS: 2885
SPS: 2885
SPS: 2885
SPS: 2885
SPS: 2885
SPS: 2885
SPS: 2885
SPS: 2885
SPS: 2885
SPS: 2885
SPS: 2885
SPS: 2885
SPS: 2885
SPS: 2885
SPS: 2885
SPS: 2885
SPS: 2885
SPS: 2885
SPS: 2885
SPS: 2885
SPS: 2885
SPS: 2885
SPS: 2885
SPS: 2885
SPS: 2885
SPS: 2885
SPS: 2885
SPS: 2885
SPS: 2885
SPS: 2885
SPS: 2885
SPS: 2885
SPS: 2885
SPS: 2885
SPS: 2885
SPS: 2885
SPS: 2885
SPS: 2885
SPS: 2885
SPS: 2885
SPS: 2885
SPS: 2885
SPS: 2885
SPS: 2885
SPS: 2885
SPS: 2885
SPS: 2885
SPS: 2885
SPS: 2885
SPS: 2885
global_step=7637248, episodic_return=7000.0 (n=128)
SPS: 2885
SPS: 2885
SPS: 2885
SPS: 2885
SPS: 2885
SPS: 2885
SPS: 2885
SPS: 2885
SPS: 2885
SPS: 2885
SPS: 2885
SPS: 2885
SPS: 2885
SPS: 2885
SPS: 2885
SPS: 2885
SPS: 2885
SPS: 2885
SPS: 2885
SPS: 2885
SPS: 2885
SPS: 2885
SPS: 2885
SPS: 2885
SPS: 2885
SPS: 2885
SPS: 2885
SPS: 2885
SPS: 2885
SPS: 2885
SPS: 2885
SPS: 2885
SPS: 2885
SPS: 2885
SPS: 2885
SPS: 2885
SPS: 2885
global_step=7787776, episodic_return=2000.0 (n=128)
SPS: 2885
SPS: 2885
SPS: 2885
SPS: 2885
SPS: 2885
SPS: 2885
SPS: 2885
SPS: 2885
SPS: 2885
SPS: 2885
SPS: 2885
SPS: 2885
SPS: 2885
SPS: 2885
SPS: 2885
SPS: 2885
SPS: 2885
SPS: 2885
SPS: 2885
SPS: 2885
SPS: 2885
SPS: 2885
SPS: 2885
SPS: 2885
SPS: 2885
SPS: 2885
SPS: 2885
SPS: 2885
SPS: 2885
SPS: 2885
SPS: 2885
SPS: 2885
SPS: 2885
SPS: 2885
SPS: 2885
SPS: 2885
global_step=7934080, episodic_return=1000.0 (n=128)
SPS: 2885
SPS: 2885
SPS: 2885
SPS: 2885
SPS: 2885
SPS: 2885
SPS: 2885
SPS: 2885
SPS: 2885
SPS: 2885
SPS: 2885
SPS: 2885
SPS: 2885
SPS: 2885
SPS: 2885
SPS: 2885
SPS: 2885
SPS: 2885
SPS: 2885
SPS: 2885
SPS: 2885
SPS: 2885
SPS: 2885
SPS: 2885
SPS: 2885
SPS: 2885
SPS: 2885
SPS: 2885
SPS: 2885
SPS: 2885
SPS: 2885
SPS: 2885
SPS: 2885
SPS: 2886
SPS: 2886
global_step=8081024, episodic_return=2000.0 (n=128)
SPS: 2886
SPS: 2886
SPS: 2886
SPS: 2886
SPS: 2886
SPS: 2885
SPS: 2886
SPS: 2886
SPS: 2885
SPS: 2885
SPS: 2885
SPS: 2885
SPS: 2886
SPS: 2886
SPS: 2886
SPS: 2886
SPS: 2886
SPS: 2886
SPS: 2886
SPS: 2886
SPS: 2886
SPS: 2886
SPS: 2886
SPS: 2886
SPS: 2886
SPS: 2886
SPS: 2886
SPS: 2886
SPS: 2886
SPS: 2886
SPS: 2886
SPS: 2886
SPS: 2886
global_step=8213504, episodic_return=1000.0 (n=128)
SPS: 2886
SPS: 2886
SPS: 2886
SPS: 2886
SPS: 2886
SPS: 2886
SPS: 2886
SPS: 2886
SPS: 2886
SPS: 2886
SPS: 2886
SPS: 2886
SPS: 2886
SPS: 2886
SPS: 2886
SPS: 2886
SPS: 2886
SPS: 2886
SPS: 2886
SPS: 2886
SPS: 2886
SPS: 2886
SPS: 2886
SPS: 2886
SPS: 2886
SPS: 2886
SPS: 2886
SPS: 2886
global_step=8330240, episodic_return=1000.0 (n=128)
SPS: 2886
SPS: 2886
SPS: 2886
SPS: 2886
SPS: 2886
SPS: 2886
SPS: 2886
SPS: 2886
SPS: 2886
SPS: 2886
SPS: 2886
SPS: 2886
SPS: 2886
SPS: 2886
SPS: 2886
SPS: 2886
SPS: 2886
SPS: 2886
SPS: 2886
SPS: 2886
SPS: 2886
SPS: 2886
SPS: 2886
SPS: 2886
SPS: 2886
SPS: 2886
SPS: 2886
SPS: 2886
global_step=8442240, episodic_return=1000.0 (n=128)
SPS: 2886
SPS: 2886
SPS: 2886
SPS: 2886
SPS: 2886
SPS: 2886
SPS: 2886
SPS: 2886
SPS: 2886
SPS: 2886
SPS: 2886
SPS: 2886
SPS: 2886
SPS: 2886
SPS: 2886
SPS: 2886
SPS: 2886
SPS: 2886
SPS: 2886
SPS: 2886
SPS: 2886
SPS: 2886
SPS: 2886
SPS: 2886
SPS: 2886
SPS: 2886
SPS: 2886
SPS: 2886
SPS: 2886
global_step=8561024, episodic_return=2000.0 (n=128)
SPS: 2886
SPS: 2886
SPS: 2886
SPS: 2886
SPS: 2886
SPS: 2886
SPS: 2886
SPS: 2886
SPS: 2886
SPS: 2886
SPS: 2886
SPS: 2886
SPS: 2886
SPS: 2886
SPS: 2886
SPS: 2886
SPS: 2886
SPS: 2886
SPS: 2886
SPS: 2886
SPS: 2886
SPS: 2886
SPS: 2886
SPS: 2886
SPS: 2886
SPS: 2886
SPS: 2886
SPS: 2886
SPS: 2886
SPS: 2886
global_step=8687104, episodic_return=1000.0 (n=128)
SPS: 2886
SPS: 2886
SPS: 2886
SPS: 2886
SPS: 2886
SPS: 2886
SPS: 2886
SPS: 2886
SPS: 2886
SPS: 2886
SPS: 2886
SPS: 2886
SPS: 2886
SPS: 2886
SPS: 2886
SPS: 2886
SPS: 2886
SPS: 2886
SPS: 2886
SPS: 2886
SPS: 2886
SPS: 2886
SPS: 2886
SPS: 2886
SPS: 2886
global_step=8786816, episodic_return=2000.0 (n=128)
SPS: 2886
SPS: 2886
SPS: 2886
SPS: 2886
SPS: 2886
SPS: 2886
SPS: 2886
SPS: 2886
SPS: 2886
SPS: 2886
SPS: 2886
SPS: 2886
SPS: 2886
SPS: 2886
SPS: 2886
SPS: 2886
SPS: 2886
SPS: 2886
SPS: 2886
SPS: 2886
SPS: 2886
SPS: 2886
SPS: 2886
SPS: 2886
SPS: 2886
SPS: 2886
SPS: 2886
SPS: 2886
SPS: 2886
global_step=8907648, episodic_return=1000.0 (n=128)
SPS: 2886
SPS: 2886
SPS: 2886
SPS: 2886
SPS: 2886
SPS: 2886
SPS: 2886
SPS: 2886
SPS: 2886
SPS: 2886
SPS: 2886
SPS: 2886
SPS: 2886
SPS: 2886
SPS: 2886
SPS: 2886
SPS: 2886
SPS: 2886
SPS: 2886
SPS: 2886
SPS: 2886
SPS: 2886
SPS: 2886
SPS: 2886
SPS: 2886
SPS: 2886
SPS: 2886
SPS: 2886
SPS: 2886
SPS: 2886
SPS: 2886
SPS: 2886
SPS: 2886
SPS: 2886
SPS: 2886
SPS: 2886
SPS: 2886
SPS: 2886
SPS: 2886
SPS: 2886
SPS: 2886
SPS: 2886
SPS: 2886
SPS: 2886
SPS: 2886
SPS: 2886
SPS: 2886
SPS: 2886
SPS: 2886
SPS: 2886
SPS: 2886
SPS: 2886
global_step=9120768, episodic_return=8000.0 (n=128)
SPS: 2886
SPS: 2886
SPS: 2886
SPS: 2886
SPS: 2886
SPS: 2886
SPS: 2886
SPS: 2886
SPS: 2886
SPS: 2886
SPS: 2886
SPS: 2886
SPS: 2886
SPS: 2886
SPS: 2886
SPS: 2886
SPS: 2886
SPS: 2886
SPS: 2886
SPS: 2886
SPS: 2887
SPS: 2887
SPS: 2887
SPS: 2887
SPS: 2887
SPS: 2887
SPS: 2887
SPS: 2887
SPS: 2887
SPS: 2887
SPS: 2887
global_step=9247616, episodic_return=0.0 (n=128)
SPS: 2887
SPS: 2886
SPS: 2886
SPS: 2886
SPS: 2886
SPS: 2886
SPS: 2886
SPS: 2886
SPS: 2886
SPS: 2886
SPS: 2886
SPS: 2886
SPS: 2886
SPS: 2886
SPS: 2886
SPS: 2887
SPS: 2887
SPS: 2887
SPS: 2887
SPS: 2887
SPS: 2887
SPS: 2887
SPS: 2887
SPS: 2887
SPS: 2887
SPS: 2887
SPS: 2887
SPS: 2887
SPS: 2887
SPS: 2887
SPS: 2887
SPS: 2887
SPS: 2887
SPS: 2887
SPS: 2887
SPS: 2887
SPS: 2887
SPS: 2887
SPS: 2887
global_step=9406208, episodic_return=1000.0 (n=128)
SPS: 2887
SPS: 2887
SPS: 2887
SPS: 2887
SPS: 2887
SPS: 2887
SPS: 2887
SPS: 2887
SPS: 2887
SPS: 2887
SPS: 2887
SPS: 2887
SPS: 2887
SPS: 2887
SPS: 2887
SPS: 2887
SPS: 2887
SPS: 2887
SPS: 2887
SPS: 2887
SPS: 2887
SPS: 2887
SPS: 2887
SPS: 2887
global_step=9504512, episodic_return=2000.0 (n=128)
SPS: 2887
SPS: 2887
SPS: 2887
SPS: 2887
SPS: 2887
SPS: 2887
SPS: 2887
SPS: 2887
SPS: 2887
SPS: 2887
SPS: 2887
SPS: 2887
SPS: 2887
SPS: 2887
SPS: 2887
SPS: 2887
SPS: 2887
SPS: 2887
SPS: 2887
SPS: 2887
SPS: 2887
SPS: 2887
SPS: 2887
SPS: 2887
SPS: 2887
SPS: 2887
SPS: 2887
SPS: 2887
SPS: 2887
SPS: 2887
SPS: 2887
global_step=9632128, episodic_return=4000.0 (n=128)
SPS: 2887
SPS: 2887
SPS: 2887
SPS: 2887
SPS: 2887
SPS: 2887
SPS: 2887
SPS: 2887
SPS: 2887
SPS: 2887
SPS: 2887
SPS: 2887
SPS: 2887
SPS: 2887
SPS: 2887
SPS: 2887
SPS: 2887
SPS: 2887
SPS: 2887
SPS: 2887
SPS: 2887
global_step=9717760, episodic_return=1000.0 (n=128)
SPS: 2887
SPS: 2887
SPS: 2887
SPS: 2887
SPS: 2887
SPS: 2887
SPS: 2887
SPS: 2887
SPS: 2887
SPS: 2887
SPS: 2887
SPS: 2887
SPS: 2887
SPS: 2887
SPS: 2887
SPS: 2887
SPS: 2887
SPS: 2887
SPS: 2887
SPS: 2887
SPS: 2887
SPS: 2887
SPS: 2887
SPS: 2887
SPS: 2887
SPS: 2887
SPS: 2887
SPS: 2887
SPS: 2887
SPS: 2887
SPS: 2887
SPS: 2887
SPS: 2887
SPS: 2887
SPS: 2887
SPS: 2887
SPS: 2887
SPS: 2887
SPS: 2887
SPS: 2887
SPS: 2887
SPS: 2887
SPS: 2887
SPS: 2887
SPS: 2887
SPS: 2887
SPS: 2887
SPS: 2887
SPS: 2887
SPS: 2887
SPS: 2887
SPS: 2887
SPS: 2887
SPS: 2887
SPS: 2887
global_step=9943680, episodic_return=2000.0 (n=128)
SPS: 2887
SPS: 2887
SPS: 2887
SPS: 2887
SPS: 2887
SPS: 2887
SPS: 2887
SPS: 2887
SPS: 2887
SPS: 2887
SPS: 2887
SPS: 2887
SPS: 2887
SPS: 2887
Results saved to /runs/h005__h005-battlezone-s1.csv
slurmstepd: error: run_script_as_user: couldn't change working dir to /home/rogercc/'/scratch/rogercc/cleanrl': No such file or directory
