slurmstepd: error: couldn't chdir to `/home/rogercc/'/scratch/rogercc/cleanrl'': No such file or directory: going to /tmp instead
slurmstepd: error: couldn't chdir to `/home/rogercc/'/scratch/rogercc/cleanrl'': No such file or directory: going to /tmp instead
sending incremental file list
auto-cleanrl.sif

sent 4,938,043,507 bytes  received 35 bytes  429,395,090.61 bytes/sec
total size is 4,945,334,272  speedup is 1.00
/usr/local/lib/python3.10/dist-packages/treevalue/tree/integration/torch.py:23: FutureWarning: `torch.utils._pytree._register_pytree_node` is deprecated. Please use `torch.utils._pytree.register_pytree_node` instead.
  register_for_torch(TreeValue)
/usr/local/lib/python3.10/dist-packages/treevalue/tree/integration/torch.py:24: FutureWarning: `torch.utils._pytree._register_pytree_node` is deprecated. Please use `torch.utils._pytree.register_pytree_node` instead.
  register_for_torch(FastTreeValue)
Gym has been unmaintained since 2022 and does not support NumPy 2.0 amongst other critical functionality.
Please upgrade to Gymnasium, the maintained drop-in replacement of Gym, or contact the authors of your software and request that they upgrade.
See the migration guide at https://gymnasium.farama.org/introduction/migration_guide/ for additional information.
/usr/local/lib/python3.10/dist-packages/tyro/_parsers.py:353: UserWarning: The field `wandb-entity` is annotated with type `<class 'str'>`, but the default value `None` has type `<class 'NoneType'>`. We'll try to handle this gracefully, but it may cause unexpected behavior.
  warnings.warn(message)
/usr/local/lib/python3.10/dist-packages/tyro/_parsers.py:353: UserWarning: The field `target-kl` is annotated with type `<class 'float'>`, but the default value `None` has type `<class 'NoneType'>`. We'll try to handle this gracefully, but it may cause unexpected behavior.
  warnings.warn(message)
SPS: 1238
SPS: 1830
SPS: 2134
SPS: 2365
SPS: 2496
SPS: 2593
SPS: 2688
SPS: 2754
SPS: 2791
SPS: 2805
SPS: 2835
SPS: 2851
SPS: 2845
SPS: 2851
SPS: 2848
SPS: 2866
SPS: 2852
SPS: 2857
SPS: 2852
SPS: 2857
SPS: 2854
SPS: 2845
SPS: 2842
SPS: 2848
SPS: 2842
SPS: 2841
SPS: 2846
SPS: 2846
SPS: 2839
SPS: 2837
SPS: 2842
SPS: 2856
SPS: 2865
SPS: 2872
SPS: 2867
SPS: 2868
SPS: 2868
SPS: 2871
SPS: 2874
SPS: 2880
SPS: 2882
SPS: 2880
SPS: 2879
SPS: 2881
SPS: 2879
SPS: 2876
SPS: 2878
SPS: 2870
SPS: 2868
SPS: 2866
SPS: 2867
SPS: 2869
SPS: 2865
SPS: 2862
SPS: 2863
SPS: 2858
SPS: 2857
SPS: 2854
SPS: 2853
SPS: 2856
SPS: 2853
SPS: 2846
SPS: 2845
SPS: 2844
SPS: 2842
SPS: 2834
SPS: 2835
SPS: 2834
SPS: 2834
SPS: 2831
SPS: 2832
SPS: 2828
SPS: 2829
SPS: 2825
SPS: 2823
SPS: 2821
SPS: 2819
SPS: 2820
SPS: 2819
SPS: 2819
SPS: 2819
SPS: 2820
SPS: 2820
SPS: 2820
SPS: 2819
SPS: 2820
SPS: 2819
SPS: 2818
SPS: 2821
SPS: 2825
SPS: 2829
global_step=375296, episodic_return=2330.0 (n=128)
SPS: 2832
SPS: 2835
SPS: 2838
SPS: 2841
SPS: 2843
SPS: 2844
SPS: 2847
SPS: 2850
SPS: 2855
SPS: 2858
SPS: 2861
SPS: 2865
SPS: 2869
SPS: 2871
SPS: 2871
SPS: 2875
SPS: 2877
SPS: 2880
SPS: 2884
SPS: 2886
SPS: 2889
SPS: 2890
SPS: 2891
SPS: 2894
SPS: 2897
SPS: 2899
SPS: 2902
SPS: 2903
SPS: 2905
SPS: 2905
SPS: 2907
SPS: 2908
SPS: 2910
SPS: 2911
SPS: 2913
SPS: 2916
SPS: 2917
SPS: 2918
SPS: 2921
SPS: 2923
SPS: 2926
SPS: 2928
SPS: 2929
SPS: 2930
SPS: 2931
SPS: 2934
SPS: 2936
SPS: 2939
SPS: 2941
SPS: 2942
SPS: 2944
SPS: 2946
SPS: 2947
SPS: 2948
SPS: 2950
SPS: 2951
SPS: 2953
SPS: 2954
SPS: 2954
SPS: 2955
SPS: 2954
SPS: 2955
SPS: 2956
SPS: 2957
SPS: 2958
SPS: 2960
SPS: 2962
SPS: 2963
SPS: 2965
SPS: 2966
SPS: 2969
SPS: 2970
SPS: 2971
SPS: 2971
SPS: 2973
SPS: 2975
SPS: 2977
SPS: 2977
SPS: 2977
SPS: 2978
SPS: 2975
SPS: 2974
SPS: 2972
SPS: 2973
SPS: 2975
SPS: 2977
SPS: 2977
SPS: 2978
SPS: 2980
SPS: 2980
SPS: 2982
SPS: 2982
SPS: 2984
SPS: 2985
SPS: 2986
SPS: 2987
SPS: 2989
SPS: 2989
SPS: 2989
SPS: 2989
SPS: 2990
SPS: 2991
SPS: 2992
SPS: 2993
SPS: 2994
SPS: 2995
SPS: 2996
SPS: 2996
SPS: 2996
SPS: 2997
SPS: 2998
SPS: 2999
SPS: 3000
SPS: 3000
SPS: 3002
SPS: 3003
SPS: 3003
SPS: 3001
SPS: 3001
global_step=863872, episodic_return=3640.0 (n=128)
SPS: 3002
SPS: 3003
SPS: 3003
SPS: 3004
SPS: 3005
SPS: 3005
SPS: 3006
SPS: 3007
SPS: 3008
SPS: 3008
SPS: 3010
SPS: 3011
SPS: 3011
SPS: 3012
SPS: 3014
SPS: 3014
SPS: 3015
SPS: 3016
SPS: 3018
SPS: 3019
SPS: 3020
SPS: 3021
SPS: 3021
SPS: 3022
SPS: 3022
SPS: 3023
SPS: 3024
SPS: 3025
SPS: 3025
SPS: 3026
SPS: 3027
SPS: 3027
SPS: 3028
SPS: 3029
SPS: 3030
SPS: 3031
SPS: 3032
SPS: 3033
SPS: 3032
SPS: 3029
SPS: 3029
SPS: 3028
SPS: 3028
SPS: 3027
SPS: 3026
SPS: 3026
SPS: 3026
SPS: 3027
SPS: 3027
SPS: 3027
SPS: 3027
SPS: 3028
SPS: 3029
SPS: 3029
SPS: 3030
SPS: 3031
SPS: 3031
SPS: 3031
SPS: 3031
SPS: 3031
SPS: 3032
SPS: 3031
SPS: 3032
SPS: 3032
SPS: 3030
SPS: 3029
SPS: 3028
SPS: 3028
SPS: 3029
SPS: 3030
SPS: 3029
SPS: 3029
SPS: 3030
SPS: 3031
SPS: 3031
SPS: 3031
SPS: 3032
SPS: 3033
SPS: 3033
SPS: 3033
SPS: 3034
SPS: 3035
SPS: 3033
SPS: 3034
SPS: 3035
SPS: 3034
SPS: 3035
SPS: 3036
SPS: 3037
SPS: 3038
SPS: 3039
SPS: 3040
SPS: 3041
SPS: 3042
SPS: 3042
SPS: 3043
SPS: 3043
SPS: 3043
SPS: 3043
SPS: 3044
SPS: 3045
SPS: 3045
SPS: 3046
SPS: 3047
SPS: 3047
SPS: 3048
SPS: 3048
SPS: 3048
SPS: 3049
SPS: 3049
SPS: 3049
SPS: 3050
SPS: 3051
SPS: 3051
global_step=1327360, episodic_return=3310.0 (n=128)
SPS: 3051
SPS: 3051
SPS: 3052
SPS: 3052
SPS: 3052
SPS: 3053
SPS: 3054
SPS: 3055
SPS: 3055
SPS: 3055
SPS: 3056
SPS: 3055
SPS: 3055
SPS: 3055
SPS: 3055
SPS: 3054
SPS: 3053
SPS: 3053
SPS: 3053
SPS: 3053
SPS: 3053
SPS: 3053
SPS: 3053
SPS: 3053
SPS: 3053
SPS: 3053
SPS: 3053
SPS: 3053
SPS: 3053
SPS: 3052
SPS: 3053
SPS: 3053
SPS: 3053
SPS: 3053
SPS: 3054
SPS: 3053
SPS: 3053
SPS: 3054
SPS: 3054
SPS: 3053
SPS: 3054
SPS: 3055
SPS: 3055
SPS: 3055
SPS: 3055
SPS: 3054
SPS: 3055
SPS: 3055
SPS: 3054
SPS: 3055
SPS: 3055
SPS: 3055
SPS: 3056
SPS: 3056
SPS: 3056
SPS: 3056
SPS: 3055
SPS: 3054
SPS: 3052
SPS: 3053
SPS: 3053
SPS: 3053
SPS: 3054
SPS: 3054
SPS: 3054
SPS: 3053
SPS: 3053
global_step=1602816, episodic_return=1460.0 (n=128)
SPS: 3052
SPS: 3051
SPS: 3051
SPS: 3050
SPS: 3050
SPS: 3049
SPS: 3048
SPS: 3048
SPS: 3047
SPS: 3046
SPS: 3045
SPS: 3045
SPS: 3045
SPS: 3044
SPS: 3043
SPS: 3044
SPS: 3044
SPS: 3045
SPS: 3046
SPS: 3046
SPS: 3046
SPS: 3045
SPS: 3044
SPS: 3043
SPS: 3044
SPS: 3044
SPS: 3044
SPS: 3045
SPS: 3045
SPS: 3045
SPS: 3045
SPS: 3045
SPS: 3046
SPS: 3047
SPS: 3046
SPS: 3047
SPS: 3048
SPS: 3047
SPS: 3048
SPS: 3048
SPS: 3047
SPS: 3047
SPS: 3047
SPS: 3047
SPS: 3046
SPS: 3046
SPS: 3046
SPS: 3046
SPS: 3045
SPS: 3045
SPS: 3045
SPS: 3046
SPS: 3046
SPS: 3047
SPS: 3047
SPS: 3048
SPS: 3048
SPS: 3049
SPS: 3049
SPS: 3049
SPS: 3050
SPS: 3049
SPS: 3050
SPS: 3050
SPS: 3050
SPS: 3051
SPS: 3052
SPS: 3052
SPS: 3052
SPS: 3052
SPS: 3052
SPS: 3053
SPS: 3053
SPS: 3054
SPS: 3054
SPS: 3055
SPS: 3055
SPS: 3055
SPS: 3055
SPS: 3056
SPS: 3056
SPS: 3056
SPS: 3057
SPS: 3058
SPS: 3058
SPS: 3058
SPS: 3059
SPS: 3059
SPS: 3059
SPS: 3060
SPS: 3060
SPS: 3060
SPS: 3060
SPS: 3060
SPS: 3060
SPS: 3060
SPS: 3060
SPS: 3060
SPS: 3061
SPS: 3061
SPS: 3061
SPS: 3062
SPS: 3062
SPS: 3062
SPS: 3061
SPS: 3061
SPS: 3060
SPS: 3060
SPS: 3059
SPS: 3058
SPS: 3057
SPS: 3056
SPS: 3055
SPS: 3054
SPS: 3053
SPS: 3051
SPS: 3051
SPS: 3050
SPS: 3049
SPS: 3048
global_step=2095232, episodic_return=3240.0 (n=128)
SPS: 3048
SPS: 3047
SPS: 3047
SPS: 3047
SPS: 3047
SPS: 3047
SPS: 3046
SPS: 3047
SPS: 3047
SPS: 3047
SPS: 3047
SPS: 3047
SPS: 3047
SPS: 3047
SPS: 3047
SPS: 3047
SPS: 3047
SPS: 3048
SPS: 3048
SPS: 3048
SPS: 3048
SPS: 3048
SPS: 3047
SPS: 3047
SPS: 3047
SPS: 3048
SPS: 3047
SPS: 3048
SPS: 3047
SPS: 3047
SPS: 3047
SPS: 3047
SPS: 3047
SPS: 3047
SPS: 3047
SPS: 3047
SPS: 3047
SPS: 3047
SPS: 3048
SPS: 3048
SPS: 3048
SPS: 3048
SPS: 3048
SPS: 3047
SPS: 3046
SPS: 3046
SPS: 3046
SPS: 3046
SPS: 3046
SPS: 3046
SPS: 3047
SPS: 3046
SPS: 3047
SPS: 3047
SPS: 3047
SPS: 3046
SPS: 3046
SPS: 3046
SPS: 3047
SPS: 3047
SPS: 3047
SPS: 3047
SPS: 3046
SPS: 3045
SPS: 3046
SPS: 3046
global_step=2366592, episodic_return=1750.0 (n=128)
SPS: 3046
SPS: 3047
SPS: 3047
SPS: 3047
SPS: 3048
SPS: 3048
SPS: 3048
SPS: 3048
SPS: 3049
SPS: 3049
SPS: 3049
SPS: 3050
SPS: 3050
SPS: 3050
SPS: 3050
SPS: 3050
SPS: 3049
SPS: 3049
SPS: 3048
SPS: 3048
SPS: 3049
SPS: 3049
SPS: 3050
SPS: 3050
SPS: 3049
SPS: 3049
SPS: 3048
SPS: 3048
SPS: 3047
SPS: 3047
SPS: 3047
SPS: 3048
SPS: 3048
SPS: 3048
SPS: 3049
SPS: 3048
SPS: 3048
SPS: 3048
SPS: 3048
SPS: 3048
SPS: 3048
SPS: 3049
SPS: 3049
SPS: 3050
SPS: 3050
SPS: 3050
SPS: 3051
SPS: 3051
SPS: 3051
SPS: 3052
SPS: 3052
SPS: 3052
SPS: 3053
global_step=2580992, episodic_return=1080.0 (n=128)
SPS: 3053
SPS: 3053
SPS: 3054
SPS: 3054
SPS: 3054
SPS: 3054
SPS: 3054
SPS: 3055
SPS: 3055
SPS: 3055
SPS: 3055
SPS: 3056
SPS: 3055
SPS: 3056
SPS: 3056
SPS: 3056
SPS: 3056
SPS: 3056
SPS: 3056
SPS: 3056
SPS: 3056
SPS: 3056
SPS: 3056
SPS: 3057
SPS: 3057
SPS: 3057
SPS: 3057
SPS: 3057
SPS: 3057
SPS: 3058
SPS: 3058
SPS: 3057
SPS: 3058
SPS: 3058
SPS: 3058
SPS: 3058
SPS: 3059
SPS: 3059
SPS: 3059
SPS: 3060
SPS: 3060
SPS: 3060
SPS: 3060
SPS: 3060
SPS: 3061
SPS: 3061
SPS: 3061
SPS: 3061
SPS: 3061
SPS: 3062
SPS: 3062
SPS: 3062
SPS: 3062
SPS: 3062
SPS: 3063
SPS: 3063
SPS: 3063
SPS: 3064
SPS: 3064
SPS: 3064
SPS: 3064
SPS: 3065
SPS: 3065
SPS: 3064
global_step=2843648, episodic_return=1470.0 (n=128)
SPS: 3064
SPS: 3065
SPS: 3065
SPS: 3065
SPS: 3065
SPS: 3064
SPS: 3064
SPS: 3064
SPS: 3064
SPS: 3064
SPS: 3063
SPS: 3063
SPS: 3063
SPS: 3063
SPS: 3063
SPS: 3063
SPS: 3062
SPS: 3062
SPS: 3062
SPS: 3061
SPS: 3061
SPS: 3061
SPS: 3061
SPS: 3061
SPS: 3061
SPS: 3060
SPS: 3060
SPS: 3060
SPS: 3060
SPS: 3060
SPS: 3061
SPS: 3061
SPS: 3061
SPS: 3062
SPS: 3061
SPS: 3062
SPS: 3062
SPS: 3062
SPS: 3062
SPS: 3062
SPS: 3061
SPS: 3060
SPS: 3060
SPS: 3059
SPS: 3059
SPS: 3058
SPS: 3058
SPS: 3057
SPS: 3057
SPS: 3056
SPS: 3056
SPS: 3055
SPS: 3055
SPS: 3054
SPS: 3054
SPS: 3054
SPS: 3054
SPS: 3054
SPS: 3054
SPS: 3054
global_step=3091456, episodic_return=1600.0 (n=128)
SPS: 3054
SPS: 3054
SPS: 3054
SPS: 3054
SPS: 3054
SPS: 3054
SPS: 3054
SPS: 3054
SPS: 3054
SPS: 3054
SPS: 3054
SPS: 3054
SPS: 3054
SPS: 3054
SPS: 3055
SPS: 3055
SPS: 3055
SPS: 3055
SPS: 3056
SPS: 3056
SPS: 3056
SPS: 3056
SPS: 3057
SPS: 3057
SPS: 3057
SPS: 3057
SPS: 3058
SPS: 3058
SPS: 3058
SPS: 3059
SPS: 3059
SPS: 3059
SPS: 3059
SPS: 3060
SPS: 3060
SPS: 3060
SPS: 3060
SPS: 3060
SPS: 3060
SPS: 3060
SPS: 3061
SPS: 3060
SPS: 3060
SPS: 3059
SPS: 3059
SPS: 3058
SPS: 3058
SPS: 3057
SPS: 3057
SPS: 3057
SPS: 3057
SPS: 3056
SPS: 3057
SPS: 3057
SPS: 3057
SPS: 3056
SPS: 3055
SPS: 3055
SPS: 3055
SPS: 3054
SPS: 3054
SPS: 3053
SPS: 3053
SPS: 3052
SPS: 3052
SPS: 3051
SPS: 3051
SPS: 3051
SPS: 3050
SPS: 3050
SPS: 3050
SPS: 3050
SPS: 3050
SPS: 3049
SPS: 3048
SPS: 3048
SPS: 3048
SPS: 3047
SPS: 3046
SPS: 3046
SPS: 3045
SPS: 3044
global_step=3427968, episodic_return=2370.0 (n=128)
SPS: 3044
SPS: 3044
SPS: 3043
SPS: 3043
SPS: 3042
SPS: 3042
SPS: 3041
SPS: 3041
SPS: 3041
SPS: 3041
SPS: 3041
SPS: 3041
SPS: 3041
SPS: 3042
SPS: 3042
SPS: 3042
SPS: 3042
SPS: 3042
SPS: 3042
SPS: 3042
SPS: 3042
SPS: 3043
SPS: 3043
SPS: 3043
SPS: 3043
SPS: 3042
SPS: 3043
SPS: 3043
SPS: 3043
SPS: 3043
SPS: 3043
SPS: 3043
SPS: 3044
SPS: 3044
SPS: 3044
SPS: 3045
SPS: 3045
SPS: 3045
SPS: 3045
SPS: 3045
SPS: 3045
SPS: 3045
SPS: 3045
SPS: 3045
SPS: 3045
SPS: 3045
SPS: 3046
SPS: 3046
SPS: 3046
SPS: 3046
SPS: 3046
SPS: 3046
SPS: 3046
SPS: 3046
SPS: 3046
SPS: 3046
SPS: 3047
SPS: 3047
SPS: 3047
SPS: 3047
SPS: 3047
SPS: 3048
SPS: 3048
SPS: 3048
SPS: 3048
SPS: 3048
SPS: 3048
SPS: 3048
SPS: 3049
SPS: 3048
SPS: 3049
SPS: 3048
SPS: 3049
SPS: 3049
SPS: 3049
SPS: 3049
SPS: 3049
SPS: 3049
SPS: 3049
SPS: 3049
SPS: 3049
SPS: 3049
SPS: 3049
SPS: 3049
SPS: 3049
SPS: 3049
SPS: 3050
SPS: 3050
SPS: 3050
SPS: 3050
SPS: 3050
SPS: 3050
SPS: 3050
SPS: 3050
SPS: 3050
SPS: 3050
SPS: 3050
SPS: 3050
SPS: 3050
SPS: 3050
SPS: 3050
SPS: 3049
global_step=3842688, episodic_return=2720.0 (n=128)
SPS: 3049
SPS: 3049
SPS: 3049
SPS: 3049
SPS: 3049
SPS: 3049
SPS: 3049
SPS: 3050
SPS: 3050
SPS: 3050
SPS: 3050
SPS: 3050
SPS: 3050
SPS: 3050
SPS: 3050
SPS: 3050
SPS: 3050
SPS: 3050
SPS: 3050
SPS: 3050
SPS: 3050
SPS: 3050
SPS: 3050
SPS: 3049
SPS: 3049
SPS: 3049
SPS: 3049
SPS: 3049
SPS: 3049
SPS: 3049
SPS: 3049
SPS: 3049
SPS: 3049
SPS: 3049
SPS: 3050
SPS: 3050
SPS: 3049
SPS: 3049
SPS: 3049
SPS: 3049
SPS: 3050
SPS: 3050
SPS: 3050
SPS: 3050
SPS: 3050
SPS: 3051
SPS: 3051
SPS: 3051
SPS: 3051
SPS: 3052
SPS: 3052
SPS: 3052
SPS: 3052
SPS: 3052
SPS: 3052
SPS: 3052
SPS: 3052
SPS: 3053
SPS: 3053
SPS: 3053
SPS: 3053
SPS: 3053
SPS: 3053
SPS: 3054
SPS: 3054
SPS: 3054
SPS: 3054
SPS: 3054
SPS: 3054
SPS: 3054
SPS: 3054
SPS: 3055
SPS: 3055
SPS: 3055
SPS: 3055
SPS: 3055
SPS: 3055
SPS: 3056
SPS: 3056
SPS: 3056
SPS: 3055
SPS: 3055
SPS: 3054
SPS: 3054
SPS: 3054
SPS: 3054
SPS: 3053
SPS: 3053
SPS: 3053
SPS: 3053
SPS: 3053
SPS: 3052
SPS: 3052
SPS: 3052
SPS: 3051
SPS: 3051
SPS: 3051
SPS: 3051
SPS: 3051
SPS: 3051
SPS: 3051
SPS: 3051
SPS: 3051
SPS: 3051
SPS: 3051
SPS: 3051
SPS: 3052
SPS: 3051
SPS: 3051
SPS: 3052
SPS: 3052
SPS: 3052
SPS: 3052
SPS: 3052
SPS: 3052
SPS: 3052
SPS: 3052
SPS: 3052
global_step=4329472, episodic_return=3530.0 (n=128)
SPS: 3053
SPS: 3053
SPS: 3053
SPS: 3053
SPS: 3053
SPS: 3053
SPS: 3053
SPS: 3053
SPS: 3053
SPS: 3053
SPS: 3053
SPS: 3054
SPS: 3054
SPS: 3054
SPS: 3054
SPS: 3054
SPS: 3054
SPS: 3054
SPS: 3054
SPS: 3054
SPS: 3054
SPS: 3054
SPS: 3055
SPS: 3055
SPS: 3055
SPS: 3055
SPS: 3055
SPS: 3055
SPS: 3055
SPS: 3055
SPS: 3055
SPS: 3055
SPS: 3055
SPS: 3056
SPS: 3056
SPS: 3056
SPS: 3056
SPS: 3056
SPS: 3056
SPS: 3056
SPS: 3056
SPS: 3056
SPS: 3056
SPS: 3056
SPS: 3056
SPS: 3056
SPS: 3056
SPS: 3056
SPS: 3055
SPS: 3055
SPS: 3055
SPS: 3054
SPS: 3054
SPS: 3054
SPS: 3053
SPS: 3053
SPS: 3053
SPS: 3052
SPS: 3052
SPS: 3051
SPS: 3051
SPS: 3050
SPS: 3050
SPS: 3049
SPS: 3049
SPS: 3050
global_step=4599168, episodic_return=1770.0 (n=128)
SPS: 3050
SPS: 3050
SPS: 3050
SPS: 3050
SPS: 3050
SPS: 3050
SPS: 3050
SPS: 3050
SPS: 3050
SPS: 3050
SPS: 3050
SPS: 3050
SPS: 3050
SPS: 3050
SPS: 3050
SPS: 3050
SPS: 3050
SPS: 3050
SPS: 3050
SPS: 3050
SPS: 3051
SPS: 3051
SPS: 3051
SPS: 3051
SPS: 3051
SPS: 3051
SPS: 3051
SPS: 3051
SPS: 3052
SPS: 3052
SPS: 3052
SPS: 3052
SPS: 3052
SPS: 3052
SPS: 3051
SPS: 3051
SPS: 3051
SPS: 3051
SPS: 3050
SPS: 3050
SPS: 3050
SPS: 3048
SPS: 3048
SPS: 3048
SPS: 3048
SPS: 3048
SPS: 3048
SPS: 3049
SPS: 3049
SPS: 3049
SPS: 3049
SPS: 3049
SPS: 3049
SPS: 3049
SPS: 3050
SPS: 3050
SPS: 3050
SPS: 3050
SPS: 3050
SPS: 3050
SPS: 3050
SPS: 3050
SPS: 3050
SPS: 3050
SPS: 3049
SPS: 3050
SPS: 3050
global_step=4872064, episodic_return=1720.0 (n=128)
SPS: 3050
SPS: 3050
SPS: 3050
SPS: 3050
SPS: 3050
SPS: 3050
SPS: 3050
SPS: 3050
SPS: 3050
SPS: 3050
SPS: 3050
SPS: 3050
SPS: 3051
SPS: 3051
SPS: 3051
SPS: 3051
SPS: 3051
SPS: 3051
SPS: 3051
SPS: 3051
SPS: 3051
SPS: 3052
SPS: 3052
SPS: 3052
SPS: 3052
SPS: 3052
SPS: 3052
SPS: 3052
SPS: 3052
SPS: 3052
SPS: 3052
SPS: 3053
SPS: 3053
SPS: 3053
SPS: 3053
SPS: 3053
SPS: 3052
SPS: 3052
SPS: 3052
SPS: 3052
SPS: 3052
SPS: 3052
SPS: 3052
SPS: 3052
SPS: 3051
SPS: 3051
SPS: 3051
SPS: 3050
SPS: 3050
SPS: 3050
SPS: 3049
SPS: 3050
SPS: 3050
SPS: 3050
SPS: 3050
SPS: 3050
SPS: 3050
SPS: 3050
SPS: 3051
SPS: 3051
SPS: 3051
SPS: 3051
SPS: 3051
SPS: 3051
SPS: 3051
SPS: 3051
SPS: 3051
SPS: 3051
SPS: 3051
SPS: 3052
SPS: 3052
SPS: 3052
SPS: 3052
SPS: 3051
SPS: 3051
SPS: 3051
SPS: 3051
SPS: 3051
SPS: 3051
SPS: 3051
SPS: 3051
SPS: 3051
SPS: 3051
SPS: 3051
global_step=5216768, episodic_return=2480.0 (n=128)
SPS: 3051
SPS: 3050
SPS: 3050
SPS: 3050
SPS: 3050
SPS: 3050
SPS: 3050
SPS: 3050
SPS: 3050
SPS: 3050
SPS: 3050
SPS: 3050
SPS: 3050
SPS: 3050
SPS: 3050
SPS: 3050
SPS: 3050
SPS: 3050
SPS: 3050
SPS: 3050
SPS: 3050
SPS: 3050
SPS: 3050
SPS: 3050
SPS: 3050
SPS: 3050
SPS: 3050
SPS: 3050
SPS: 3051
SPS: 3051
SPS: 3051
SPS: 3051
SPS: 3051
SPS: 3051
SPS: 3050
SPS: 3050
SPS: 3050
SPS: 3050
SPS: 3050
SPS: 3050
SPS: 3050
SPS: 3049
SPS: 3049
SPS: 3049
SPS: 3049
SPS: 3049
SPS: 3049
SPS: 3049
SPS: 3049
SPS: 3050
SPS: 3050
SPS: 3050
SPS: 3050
SPS: 3050
SPS: 3050
SPS: 3050
SPS: 3050
SPS: 3050
SPS: 3050
SPS: 3050
SPS: 3050
SPS: 3050
SPS: 3051
SPS: 3051
SPS: 3051
SPS: 3051
SPS: 3051
SPS: 3051
SPS: 3051
SPS: 3051
SPS: 3051
SPS: 3051
SPS: 3051
SPS: 3051
SPS: 3051
global_step=5523072, episodic_return=1610.0 (n=128)
SPS: 3052
SPS: 3052
SPS: 3052
SPS: 3052
SPS: 3052
SPS: 3052
SPS: 3052
SPS: 3052
SPS: 3051
SPS: 3052
SPS: 3052
SPS: 3052
SPS: 3052
SPS: 3052
SPS: 3052
SPS: 3052
SPS: 3052
SPS: 3052
SPS: 3052
SPS: 3052
SPS: 3052
SPS: 3053
SPS: 3053
SPS: 3053
SPS: 3053
SPS: 3053
SPS: 3052
SPS: 3052
SPS: 3053
SPS: 3053
SPS: 3053
SPS: 3053
SPS: 3053
SPS: 3053
SPS: 3053
SPS: 3053
SPS: 3054
SPS: 3053
SPS: 3053
SPS: 3053
SPS: 3053
SPS: 3053
SPS: 3052
SPS: 3052
SPS: 3052
SPS: 3052
SPS: 3052
SPS: 3052
SPS: 3051
SPS: 3051
SPS: 3051
SPS: 3052
SPS: 3052
SPS: 3052
SPS: 3052
SPS: 3052
SPS: 3052
SPS: 3052
SPS: 3052
SPS: 3052
SPS: 3052
SPS: 3052
SPS: 3052
SPS: 3052
SPS: 3053
SPS: 3053
SPS: 3053
SPS: 3053
SPS: 3053
SPS: 3054
SPS: 3054
SPS: 3054
SPS: 3054
SPS: 3054
SPS: 3054
SPS: 3054
SPS: 3054
global_step=5838720, episodic_return=2160.0 (n=128)
SPS: 3054
SPS: 3054
SPS: 3054
SPS: 3054
SPS: 3054
SPS: 3055
SPS: 3055
SPS: 3055
SPS: 3055
SPS: 3055
SPS: 3055
SPS: 3055
SPS: 3055
SPS: 3055
SPS: 3055
SPS: 3056
SPS: 3056
SPS: 3056
SPS: 3056
SPS: 3056
SPS: 3055
SPS: 3055
SPS: 3055
SPS: 3055
SPS: 3054
SPS: 3054
SPS: 3054
SPS: 3053
SPS: 3053
SPS: 3053
SPS: 3052
SPS: 3052
SPS: 3052
SPS: 3052
SPS: 3052
SPS: 3052
SPS: 3051
SPS: 3051
SPS: 3051
SPS: 3051
SPS: 3050
SPS: 3050
SPS: 3050
SPS: 3050
SPS: 3050
SPS: 3049
SPS: 3049
SPS: 3049
SPS: 3048
SPS: 3049
SPS: 3049
SPS: 3049
SPS: 3049
SPS: 3049
SPS: 3049
SPS: 3049
SPS: 3049
SPS: 3049
SPS: 3049
SPS: 3049
SPS: 3049
SPS: 3049
SPS: 3049
SPS: 3049
SPS: 3050
SPS: 3050
SPS: 3050
global_step=6114432, episodic_return=2090.0 (n=128)
SPS: 3050
SPS: 3050
SPS: 3050
SPS: 3050
SPS: 3050
SPS: 3050
SPS: 3050
SPS: 3051
SPS: 3051
SPS: 3051
SPS: 3051
SPS: 3051
SPS: 3051
SPS: 3051
SPS: 3051
SPS: 3051
SPS: 3051
SPS: 3051
SPS: 3051
SPS: 3051
SPS: 3051
SPS: 3052
SPS: 3052
SPS: 3051
SPS: 3052
SPS: 3052
SPS: 3052
SPS: 3052
SPS: 3052
SPS: 3052
SPS: 3052
SPS: 3052
SPS: 3052
SPS: 3052
SPS: 3052
SPS: 3052
SPS: 3052
SPS: 3052
SPS: 3052
SPS: 3052
SPS: 3052
SPS: 3052
SPS: 3052
SPS: 3052
SPS: 3052
SPS: 3052
SPS: 3052
SPS: 3052
SPS: 3052
SPS: 3052
SPS: 3052
SPS: 3052
SPS: 3052
SPS: 3052
SPS: 3052
SPS: 3052
SPS: 3052
SPS: 3052
SPS: 3052
SPS: 3052
SPS: 3052
SPS: 3052
global_step=6366464, episodic_return=1390.0 (n=128)
SPS: 3052
SPS: 3052
SPS: 3052
SPS: 3051
SPS: 3051
SPS: 3051
SPS: 3050
SPS: 3050
SPS: 3050
SPS: 3050
SPS: 3050
SPS: 3050
SPS: 3050
SPS: 3050
SPS: 3050
SPS: 3050
SPS: 3050
SPS: 3050
SPS: 3050
SPS: 3050
SPS: 3050
SPS: 3050
SPS: 3050
SPS: 3050
SPS: 3050
SPS: 3050
SPS: 3050
SPS: 3050
SPS: 3050
SPS: 3050
SPS: 3050
SPS: 3050
SPS: 3050
SPS: 3050
SPS: 3050
SPS: 3050
SPS: 3050
SPS: 3050
SPS: 3050
SPS: 3050
SPS: 3050
SPS: 3050
SPS: 3050
SPS: 3049
SPS: 3049
SPS: 3049
SPS: 3048
SPS: 3048
SPS: 3048
SPS: 3048
SPS: 3047
SPS: 3047
SPS: 3047
SPS: 3047
SPS: 3047
SPS: 3047
SPS: 3046
SPS: 3046
SPS: 3046
SPS: 3046
SPS: 3045
SPS: 3045
SPS: 3045
SPS: 3045
SPS: 3044
SPS: 3044
SPS: 3044
SPS: 3044
SPS: 3044
SPS: 3043
SPS: 3043
SPS: 3043
SPS: 3043
SPS: 3044
SPS: 3044
SPS: 3044
SPS: 3044
SPS: 3044
SPS: 3044
SPS: 3044
SPS: 3044
SPS: 3044
SPS: 3045
SPS: 3045
SPS: 3045
SPS: 3045
SPS: 3045
SPS: 3045
SPS: 3045
SPS: 3045
SPS: 3045
SPS: 3045
SPS: 3046
SPS: 3046
SPS: 3045
SPS: 3045
SPS: 3046
SPS: 3046
SPS: 3045
SPS: 3045
SPS: 3045
SPS: 3045
SPS: 3044
SPS: 3044
SPS: 3044
SPS: 3044
SPS: 3043
SPS: 3043
SPS: 3043
SPS: 3043
SPS: 3043
SPS: 3043
SPS: 3043
SPS: 3042
SPS: 3042
SPS: 3042
global_step=6840704, episodic_return=3480.0 (n=128)
SPS: 3042
SPS: 3042
SPS: 3042
SPS: 3043
SPS: 3043
SPS: 3043
SPS: 3043
SPS: 3043
SPS: 3043
SPS: 3043
SPS: 3043
SPS: 3043
SPS: 3042
SPS: 3042
SPS: 3042
SPS: 3042
SPS: 3042
SPS: 3042
SPS: 3042
SPS: 3042
SPS: 3042
SPS: 3041
SPS: 3041
SPS: 3041
SPS: 3041
SPS: 3041
SPS: 3040
SPS: 3040
SPS: 3040
SPS: 3040
SPS: 3039
SPS: 3040
SPS: 3039
SPS: 3039
SPS: 3040
SPS: 3040
SPS: 3040
SPS: 3040
SPS: 3040
SPS: 3040
SPS: 3039
SPS: 3039
SPS: 3039
SPS: 3039
SPS: 3039
SPS: 3039
SPS: 3039
SPS: 3039
SPS: 3039
SPS: 3039
SPS: 3039
SPS: 3039
SPS: 3039
SPS: 3039
SPS: 3039
global_step=7069696, episodic_return=1460.0 (n=128)
SPS: 3039
SPS: 3039
SPS: 3039
SPS: 3039
SPS: 3039
SPS: 3039
SPS: 3038
SPS: 3038
SPS: 3038
SPS: 3038
SPS: 3038
SPS: 3038
SPS: 3038
SPS: 3038
SPS: 3038
SPS: 3038
SPS: 3038
SPS: 3038
SPS: 3038
SPS: 3038
SPS: 3038
SPS: 3038
SPS: 3038
SPS: 3038
SPS: 3038
SPS: 3038
SPS: 3037
SPS: 3037
SPS: 3037
SPS: 3037
SPS: 3037
SPS: 3037
SPS: 3037
SPS: 3038
SPS: 3038
SPS: 3038
SPS: 3038
SPS: 3038
SPS: 3038
SPS: 3038
SPS: 3038
SPS: 3038
SPS: 3038
SPS: 3038
SPS: 3038
SPS: 3038
SPS: 3038
SPS: 3038
SPS: 3038
SPS: 3038
SPS: 3038
SPS: 3038
SPS: 3038
SPS: 3038
SPS: 3038
SPS: 3038
SPS: 3038
SPS: 3038
SPS: 3038
SPS: 3038
SPS: 3038
SPS: 3038
SPS: 3038
SPS: 3039
SPS: 3039
SPS: 3038
SPS: 3038
SPS: 3038
SPS: 3038
SPS: 3038
SPS: 3038
SPS: 3038
SPS: 3038
SPS: 3038
SPS: 3038
SPS: 3038
SPS: 3039
SPS: 3039
SPS: 3039
SPS: 3038
SPS: 3038
SPS: 3038
SPS: 3038
SPS: 3038
global_step=7410304, episodic_return=2280.0 (n=128)
SPS: 3038
SPS: 3038
SPS: 3038
SPS: 3039
SPS: 3039
SPS: 3039
SPS: 3039
SPS: 3039
SPS: 3039
SPS: 3039
SPS: 3039
SPS: 3039
SPS: 3039
SPS: 3039
SPS: 3039
SPS: 3039
SPS: 3039
SPS: 3039
SPS: 3039
SPS: 3039
SPS: 3039
SPS: 3039
SPS: 3039
SPS: 3039
SPS: 3039
SPS: 3039
SPS: 3039
SPS: 3039
SPS: 3039
SPS: 3039
SPS: 3039
SPS: 3039
SPS: 3039
SPS: 3039
SPS: 3039
SPS: 3039
SPS: 3039
SPS: 3039
SPS: 3039
SPS: 3039
SPS: 3039
SPS: 3040
SPS: 3039
SPS: 3039
SPS: 3040
SPS: 3039
SPS: 3040
SPS: 3040
SPS: 3040
SPS: 3040
SPS: 3040
SPS: 3040
SPS: 3039
SPS: 3039
SPS: 3039
SPS: 3039
SPS: 3040
SPS: 3040
SPS: 3040
SPS: 3040
SPS: 3040
SPS: 3040
SPS: 3040
SPS: 3040
SPS: 3040
SPS: 3040
SPS: 3039
SPS: 3039
SPS: 3039
SPS: 3039
SPS: 3039
SPS: 3039
SPS: 3039
SPS: 3039
SPS: 3039
SPS: 3039
SPS: 3039
SPS: 3039
SPS: 3039
SPS: 3039
SPS: 3040
SPS: 3039
SPS: 3039
SPS: 3039
SPS: 3039
SPS: 3039
SPS: 3039
SPS: 3039
SPS: 3039
SPS: 3039
SPS: 3039
SPS: 3039
SPS: 3039
SPS: 3039
SPS: 3039
SPS: 3040
SPS: 3040
SPS: 3040
SPS: 3040
SPS: 3040
SPS: 3040
SPS: 3040
SPS: 3040
SPS: 3040
SPS: 3040
SPS: 3040
SPS: 3040
SPS: 3040
SPS: 3040
SPS: 3040
SPS: 3040
SPS: 3040
SPS: 3040
SPS: 3040
SPS: 3040
SPS: 3040
SPS: 3040
SPS: 3040
SPS: 3040
SPS: 3040
global_step=7902720, episodic_return=3570.0 (n=128)
SPS: 3040
SPS: 3040
SPS: 3040
SPS: 3040
SPS: 3040
SPS: 3040
SPS: 3040
SPS: 3040
SPS: 3040
SPS: 3040
SPS: 3040
SPS: 3040
SPS: 3040
SPS: 3040
SPS: 3040
SPS: 3040
SPS: 3040
SPS: 3041
SPS: 3041
SPS: 3041
SPS: 3041
SPS: 3041
SPS: 3041
SPS: 3041
SPS: 3041
SPS: 3041
SPS: 3042
SPS: 3042
SPS: 3042
SPS: 3042
SPS: 3042
SPS: 3042
SPS: 3042
SPS: 3042
SPS: 3042
SPS: 3042
SPS: 3042
SPS: 3042
SPS: 3042
SPS: 3042
SPS: 3042
SPS: 3042
SPS: 3042
SPS: 3042
SPS: 3043
SPS: 3042
SPS: 3042
SPS: 3043
SPS: 3043
SPS: 3043
SPS: 3043
SPS: 3043
SPS: 3043
SPS: 3043
SPS: 3043
SPS: 3043
SPS: 3043
SPS: 3043
SPS: 3043
SPS: 3043
SPS: 3043
SPS: 3043
SPS: 3043
SPS: 3043
SPS: 3043
SPS: 3044
SPS: 3044
SPS: 3044
SPS: 3044
SPS: 3044
SPS: 3044
SPS: 3044
SPS: 3044
SPS: 3044
SPS: 3044
SPS: 3044
SPS: 3044
SPS: 3044
SPS: 3044
SPS: 3044
SPS: 3044
SPS: 3044
SPS: 3044
SPS: 3044
SPS: 3044
SPS: 3044
SPS: 3044
SPS: 3044
SPS: 3045
SPS: 3045
SPS: 3045
SPS: 3045
SPS: 3045
SPS: 3045
SPS: 3045
SPS: 3045
SPS: 3045
SPS: 3045
SPS: 3045
SPS: 3045
SPS: 3045
SPS: 3045
SPS: 3045
SPS: 3046
SPS: 3046
SPS: 3046
SPS: 3046
SPS: 3046
SPS: 3046
SPS: 3046
SPS: 3046
SPS: 3046
SPS: 3046
SPS: 3047
SPS: 3047
SPS: 3047
global_step=8376576, episodic_return=3330.0 (n=128)
SPS: 3047
SPS: 3047
SPS: 3047
SPS: 3047
SPS: 3046
SPS: 3046
SPS: 3046
SPS: 3046
SPS: 3046
SPS: 3046
SPS: 3046
SPS: 3045
SPS: 3045
SPS: 3045
SPS: 3045
SPS: 3045
SPS: 3045
SPS: 3044
SPS: 3044
SPS: 3044
SPS: 3044
SPS: 3044
SPS: 3043
SPS: 3043
SPS: 3043
SPS: 3043
SPS: 3043
SPS: 3043
SPS: 3043
SPS: 3043
SPS: 3042
SPS: 3042
SPS: 3042
SPS: 3042
SPS: 3042
SPS: 3041
SPS: 3042
SPS: 3041
SPS: 3041
SPS: 3041
SPS: 3041
SPS: 3041
SPS: 3041
SPS: 3041
SPS: 3040
SPS: 3040
SPS: 3040
SPS: 3040
SPS: 3040
SPS: 3040
SPS: 3040
SPS: 3039
SPS: 3039
SPS: 3039
SPS: 3039
SPS: 3039
SPS: 3039
SPS: 3038
SPS: 3038
SPS: 3038
SPS: 3038
SPS: 3038
SPS: 3038
SPS: 3037
SPS: 3037
SPS: 3037
SPS: 3037
SPS: 3037
SPS: 3037
SPS: 3037
SPS: 3037
SPS: 3037
SPS: 3036
SPS: 3036
SPS: 3036
SPS: 3036
SPS: 3035
SPS: 3035
SPS: 3035
SPS: 3035
SPS: 3035
global_step=8709760, episodic_return=2000.0 (n=128)
SPS: 3035
SPS: 3035
SPS: 3035
SPS: 3035
SPS: 3034
SPS: 3034
SPS: 3034
SPS: 3034
SPS: 3034
SPS: 3034
SPS: 3034
SPS: 3034
SPS: 3034
SPS: 3034
SPS: 3033
SPS: 3033
SPS: 3033
SPS: 3033
SPS: 3033
SPS: 3033
SPS: 3033
SPS: 3033
SPS: 3033
SPS: 3033
SPS: 3033
SPS: 3033
SPS: 3034
SPS: 3034
SPS: 3034
SPS: 3034
SPS: 3034
SPS: 3034
SPS: 3034
SPS: 3034
SPS: 3034
SPS: 3034
SPS: 3034
SPS: 3034
SPS: 3034
SPS: 3034
SPS: 3034
SPS: 3034
SPS: 3034
SPS: 3034
SPS: 3034
SPS: 3034
SPS: 3034
SPS: 3034
SPS: 3034
SPS: 3034
SPS: 3034
SPS: 3034
SPS: 3034
SPS: 3034
SPS: 3034
SPS: 3034
SPS: 3034
SPS: 3034
SPS: 3034
SPS: 3034
SPS: 3034
SPS: 3034
SPS: 3034
SPS: 3034
SPS: 3035
SPS: 3035
SPS: 3035
SPS: 3035
SPS: 3035
SPS: 3035
SPS: 3035
SPS: 3035
SPS: 3035
SPS: 3035
SPS: 3035
SPS: 3035
SPS: 3035
SPS: 3035
SPS: 3035
SPS: 3035
SPS: 3035
SPS: 3035
SPS: 3035
SPS: 3035
SPS: 3035
global_step=9056384, episodic_return=2450.0 (n=128)
SPS: 3035
SPS: 3035
SPS: 3034
SPS: 3034
SPS: 3034
SPS: 3034
SPS: 3034
SPS: 3034
SPS: 3034
SPS: 3034
SPS: 3034
SPS: 3034
SPS: 3034
SPS: 3034
SPS: 3034
SPS: 3034
SPS: 3034
SPS: 3034
SPS: 3034
SPS: 3034
SPS: 3035
SPS: 3035
SPS: 3034
SPS: 3034
SPS: 3035
SPS: 3035
SPS: 3035
SPS: 3035
SPS: 3035
SPS: 3035
SPS: 3035
SPS: 3035
SPS: 3035
SPS: 3035
SPS: 3035
SPS: 3035
SPS: 3035
SPS: 3035
SPS: 3035
SPS: 3035
SPS: 3035
SPS: 3035
SPS: 3035
SPS: 3036
SPS: 3036
SPS: 3036
SPS: 3036
SPS: 3036
SPS: 3036
SPS: 3036
SPS: 3036
SPS: 3035
SPS: 3035
SPS: 3035
SPS: 3035
SPS: 3035
SPS: 3035
SPS: 3036
SPS: 3036
SPS: 3036
SPS: 3036
SPS: 3036
SPS: 3036
SPS: 3036
SPS: 3036
SPS: 3036
SPS: 3036
SPS: 3036
SPS: 3036
global_step=9339776, episodic_return=1920.0 (n=128)
SPS: 3036
SPS: 3036
SPS: 3036
SPS: 3036
SPS: 3036
SPS: 3036
SPS: 3036
SPS: 3036
SPS: 3037
SPS: 3037
SPS: 3037
SPS: 3037
SPS: 3037
SPS: 3037
SPS: 3037
SPS: 3037
SPS: 3037
SPS: 3037
SPS: 3037
SPS: 3037
SPS: 3037
SPS: 3037
SPS: 3037
SPS: 3037
SPS: 3037
SPS: 3037
SPS: 3037
SPS: 3037
SPS: 3037
SPS: 3037
SPS: 3037
SPS: 3037
SPS: 3037
SPS: 3037
SPS: 3037
SPS: 3037
SPS: 3037
SPS: 3037
SPS: 3037
SPS: 3037
SPS: 3037
SPS: 3037
SPS: 3037
SPS: 3036
SPS: 3036
SPS: 3036
SPS: 3036
SPS: 3036
SPS: 3036
SPS: 3036
SPS: 3036
SPS: 3036
SPS: 3036
SPS: 3037
SPS: 3037
SPS: 3037
SPS: 3037
SPS: 3037
SPS: 3037
SPS: 3037
SPS: 3037
SPS: 3037
SPS: 3037
SPS: 3037
SPS: 3037
SPS: 3037
SPS: 3037
SPS: 3037
SPS: 3037
SPS: 3037
SPS: 3037
SPS: 3037
SPS: 3038
SPS: 3038
SPS: 3038
SPS: 3038
SPS: 3038
SPS: 3038
SPS: 3038
SPS: 3038
SPS: 3038
SPS: 3038
SPS: 3038
SPS: 3038
SPS: 3038
SPS: 3038
SPS: 3038
global_step=9696768, episodic_return=2420.0 (n=128)
SPS: 3038
SPS: 3038
SPS: 3038
SPS: 3038
SPS: 3038
SPS: 3038
SPS: 3038
SPS: 3038
SPS: 3038
SPS: 3038
SPS: 3038
SPS: 3038
SPS: 3038
SPS: 3038
SPS: 3038
SPS: 3038
SPS: 3038
SPS: 3038
SPS: 3038
SPS: 3038
SPS: 3038
SPS: 3038
SPS: 3038
SPS: 3038
SPS: 3038
SPS: 3038
SPS: 3038
SPS: 3038
SPS: 3038
SPS: 3038
SPS: 3038
SPS: 3038
SPS: 3038
SPS: 3038
SPS: 3038
SPS: 3038
SPS: 3038
SPS: 3038
SPS: 3038
SPS: 3038
SPS: 3037
SPS: 3037
SPS: 3037
SPS: 3037
SPS: 3037
SPS: 3037
SPS: 3037
SPS: 3037
SPS: 3037
SPS: 3037
SPS: 3037
SPS: 3036
SPS: 3036
SPS: 3036
SPS: 3036
SPS: 3036
SPS: 3036
SPS: 3036
SPS: 3036
SPS: 3035
SPS: 3035
SPS: 3035
SPS: 3035
SPS: 3035
SPS: 3035
SPS: 3035
SPS: 3035
SPS: 3035
SPS: 3035
SPS: 3035
SPS: 3035
SPS: 3035
SPS: 3035
SPS: 3035
Results saved to /runs/h005__h005-namethisgame-s1.csv
slurmstepd: error: run_script_as_user: couldn't change working dir to /home/rogercc/'/scratch/rogercc/cleanrl': No such file or directory
