slurmstepd: error: couldn't chdir to `/home/rogercc/'/scratch/rogercc/cleanrl'': No such file or directory: going to /tmp instead
slurmstepd: error: couldn't chdir to `/home/rogercc/'/scratch/rogercc/cleanrl'': No such file or directory: going to /tmp instead
sending incremental file list
auto-cleanrl.sif

sent 4,938,043,507 bytes  received 35 bytes  429,395,090.61 bytes/sec
total size is 4,945,334,272  speedup is 1.00
/usr/local/lib/python3.10/dist-packages/treevalue/tree/integration/torch.py:23: FutureWarning: `torch.utils._pytree._register_pytree_node` is deprecated. Please use `torch.utils._pytree.register_pytree_node` instead.
  register_for_torch(TreeValue)
/usr/local/lib/python3.10/dist-packages/treevalue/tree/integration/torch.py:24: FutureWarning: `torch.utils._pytree._register_pytree_node` is deprecated. Please use `torch.utils._pytree.register_pytree_node` instead.
  register_for_torch(FastTreeValue)
Gym has been unmaintained since 2022 and does not support NumPy 2.0 amongst other critical functionality.
Please upgrade to Gymnasium, the maintained drop-in replacement of Gym, or contact the authors of your software and request that they upgrade.
See the migration guide at https://gymnasium.farama.org/introduction/migration_guide/ for additional information.
/usr/local/lib/python3.10/dist-packages/tyro/_parsers.py:353: UserWarning: The field `wandb-entity` is annotated with type `<class 'str'>`, but the default value `None` has type `<class 'NoneType'>`. We'll try to handle this gracefully, but it may cause unexpected behavior.
  warnings.warn(message)
/usr/local/lib/python3.10/dist-packages/tyro/_parsers.py:353: UserWarning: The field `target-kl` is annotated with type `<class 'float'>`, but the default value `None` has type `<class 'NoneType'>`. We'll try to handle this gracefully, but it may cause unexpected behavior.
  warnings.warn(message)
SPS: 1462
SPS: 2012
SPS: 2339
SPS: 2547
SPS: 2684
SPS: 2796
SPS: 2888
SPS: 2950
SPS: 3010
SPS: 3047
SPS: 3079
SPS: 3103
SPS: 3129
SPS: 3148
SPS: 3154
SPS: 3171
SPS: 3184
SPS: 3190
SPS: 3201
SPS: 3207
SPS: 3216
SPS: 3219
SPS: 3231
SPS: 3236
SPS: 3243
SPS: 3246
SPS: 3250
SPS: 3255
SPS: 3260
SPS: 3266
SPS: 3269
SPS: 3273
SPS: 3275
SPS: 3280
SPS: 3286
SPS: 3287
SPS: 3290
SPS: 3292
SPS: 3295
SPS: 3297
SPS: 3300
SPS: 3305
SPS: 3303
SPS: 3305
SPS: 3307
SPS: 3306
SPS: 3303
SPS: 3304
SPS: 3305
SPS: 3305
SPS: 3305
SPS: 3306
SPS: 3308
SPS: 3310
SPS: 3311
SPS: 3312
SPS: 3312
SPS: 3314
SPS: 3316
SPS: 3314
SPS: 3315
SPS: 3318
SPS: 3319
SPS: 3320
SPS: 3320
SPS: 3323
SPS: 3320
SPS: 3320
SPS: 3321
SPS: 3322
SPS: 3322
SPS: 3323
SPS: 3325
SPS: 3326
SPS: 3326
SPS: 3327
SPS: 3326
SPS: 3327
SPS: 3327
SPS: 3328
SPS: 3327
SPS: 3328
SPS: 3329
SPS: 3330
global_step=344960, episodic_return=100.0 (n=128)
SPS: 3322
SPS: 3324
SPS: 3323
SPS: 3323
SPS: 3322
SPS: 3323
SPS: 3323
SPS: 3323
SPS: 3324
SPS: 3325
SPS: 3326
SPS: 3327
SPS: 3328
SPS: 3326
SPS: 3327
SPS: 3327
SPS: 3327
SPS: 3329
SPS: 3329
SPS: 3329
SPS: 3331
SPS: 3332
SPS: 3331
SPS: 3332
SPS: 3332
SPS: 3332
SPS: 3331
SPS: 3331
SPS: 3332
SPS: 3332
SPS: 3332
SPS: 3333
SPS: 3333
SPS: 3334
SPS: 3334
SPS: 3335
SPS: 3335
SPS: 3336
SPS: 3336
SPS: 3337
SPS: 3337
SPS: 3337
SPS: 3337
SPS: 3338
SPS: 3339
SPS: 3340
SPS: 3340
SPS: 3341
SPS: 3340
SPS: 3339
SPS: 3339
SPS: 3339
SPS: 3338
SPS: 3337
SPS: 3337
SPS: 3337
SPS: 3337
SPS: 3338
SPS: 3338
SPS: 3339
SPS: 3339
SPS: 3338
SPS: 3337
SPS: 3337
SPS: 3337
SPS: 3337
SPS: 3338
SPS: 3337
SPS: 3338
SPS: 3339
SPS: 3340
SPS: 3340
SPS: 3340
SPS: 3341
SPS: 3340
SPS: 3340
SPS: 3339
SPS: 3340
SPS: 3339
SPS: 3339
SPS: 3340
SPS: 3339
SPS: 3339
SPS: 3339
global_step=689408, episodic_return=0.0 (n=128)
SPS: 3336
SPS: 3335
SPS: 3336
SPS: 3336
SPS: 3336
SPS: 3336
SPS: 3336
SPS: 3336
SPS: 3337
SPS: 3338
SPS: 3338
SPS: 3339
SPS: 3339
SPS: 3340
SPS: 3339
SPS: 3340
SPS: 3340
SPS: 3339
SPS: 3339
SPS: 3338
SPS: 3339
SPS: 3339
SPS: 3339
SPS: 3340
SPS: 3340
SPS: 3340
SPS: 3340
SPS: 3341
SPS: 3341
SPS: 3342
SPS: 3342
SPS: 3342
SPS: 3343
SPS: 3343
SPS: 3343
SPS: 3344
SPS: 3343
SPS: 3344
SPS: 3344
SPS: 3344
SPS: 3344
SPS: 3344
SPS: 3344
SPS: 3344
SPS: 3345
SPS: 3345
SPS: 3345
SPS: 3345
SPS: 3344
SPS: 3344
SPS: 3344
SPS: 3344
SPS: 3344
SPS: 3344
SPS: 3344
SPS: 3345
SPS: 3345
SPS: 3345
SPS: 3345
SPS: 3345
SPS: 3344
SPS: 3345
SPS: 3345
SPS: 3345
SPS: 3345
SPS: 3345
SPS: 3345
SPS: 3345
SPS: 3345
SPS: 3345
SPS: 3345
SPS: 3346
SPS: 3346
SPS: 3346
SPS: 3347
SPS: 3347
SPS: 3347
SPS: 3348
SPS: 3348
SPS: 3348
SPS: 3349
SPS: 3349
SPS: 3349
SPS: 3349
global_step=1034112, episodic_return=100.0 (n=128)
SPS: 3348
SPS: 3348
SPS: 3348
SPS: 3349
SPS: 3349
SPS: 3349
SPS: 3349
SPS: 3349
SPS: 3349
SPS: 3349
SPS: 3349
SPS: 3350
SPS: 3350
SPS: 3350
SPS: 3351
SPS: 3351
SPS: 3351
SPS: 3351
SPS: 3352
SPS: 3352
SPS: 3351
SPS: 3351
SPS: 3351
SPS: 3352
SPS: 3352
SPS: 3352
SPS: 3353
SPS: 3353
SPS: 3352
SPS: 3352
SPS: 3352
SPS: 3352
SPS: 3352
SPS: 3352
SPS: 3352
SPS: 3352
SPS: 3353
SPS: 3352
SPS: 3352
SPS: 3352
SPS: 3352
SPS: 3352
SPS: 3352
SPS: 3351
SPS: 3352
SPS: 3352
SPS: 3352
SPS: 3352
SPS: 3351
SPS: 3351
SPS: 3351
SPS: 3351
SPS: 3351
SPS: 3351
SPS: 3351
SPS: 3351
SPS: 3352
SPS: 3352
SPS: 3352
SPS: 3352
SPS: 3352
SPS: 3352
SPS: 3352
SPS: 3352
SPS: 3351
SPS: 3351
SPS: 3351
SPS: 3351
SPS: 3351
SPS: 3351
SPS: 3352
SPS: 3352
SPS: 3352
SPS: 3351
SPS: 3351
SPS: 3351
SPS: 3351
SPS: 3351
SPS: 3351
SPS: 3351
SPS: 3351
SPS: 3351
SPS: 3351
SPS: 3351
global_step=1378688, episodic_return=100.0 (n=128)
SPS: 3349
SPS: 3349
SPS: 3349
SPS: 3349
SPS: 3349
SPS: 3349
SPS: 3349
SPS: 3349
SPS: 3349
SPS: 3349
SPS: 3350
SPS: 3350
SPS: 3350
SPS: 3351
SPS: 3351
SPS: 3351
SPS: 3352
SPS: 3352
SPS: 3352
SPS: 3352
SPS: 3352
SPS: 3352
SPS: 3352
SPS: 3353
SPS: 3353
SPS: 3353
SPS: 3354
SPS: 3354
SPS: 3354
SPS: 3354
SPS: 3354
SPS: 3355
SPS: 3355
SPS: 3355
SPS: 3355
SPS: 3356
SPS: 3356
SPS: 3355
SPS: 3355
SPS: 3355
SPS: 3354
SPS: 3354
SPS: 3354
SPS: 3354
SPS: 3354
SPS: 3354
SPS: 3354
SPS: 3354
SPS: 3354
SPS: 3354
SPS: 3354
SPS: 3354
SPS: 3354
SPS: 3355
SPS: 3355
SPS: 3355
SPS: 3354
SPS: 3354
SPS: 3354
SPS: 3354
SPS: 3354
SPS: 3354
SPS: 3354
SPS: 3354
SPS: 3354
SPS: 3354
SPS: 3354
SPS: 3354
SPS: 3354
SPS: 3354
SPS: 3354
SPS: 3354
SPS: 3354
SPS: 3354
SPS: 3354
SPS: 3354
SPS: 3354
SPS: 3354
SPS: 3355
SPS: 3355
SPS: 3355
SPS: 3355
SPS: 3355
SPS: 3355
global_step=1724160, episodic_return=-1000.0 (n=128)
SPS: 3354
SPS: 3353
SPS: 3353
SPS: 3353
SPS: 3353
SPS: 3353
SPS: 3353
SPS: 3353
SPS: 3354
SPS: 3354
SPS: 3353
SPS: 3353
SPS: 3353
SPS: 3353
SPS: 3353
SPS: 3354
SPS: 3354
SPS: 3354
SPS: 3354
SPS: 3354
SPS: 3354
SPS: 3353
SPS: 3353
SPS: 3353
SPS: 3353
SPS: 3353
SPS: 3353
SPS: 3353
SPS: 3353
SPS: 3353
SPS: 3353
SPS: 3352
SPS: 3353
SPS: 3353
SPS: 3353
SPS: 3353
SPS: 3353
SPS: 3353
SPS: 3352
SPS: 3353
SPS: 3353
SPS: 3353
SPS: 3353
SPS: 3353
SPS: 3353
SPS: 3353
SPS: 3353
SPS: 3353
SPS: 3353
SPS: 3353
SPS: 3353
SPS: 3353
SPS: 3353
SPS: 3353
SPS: 3353
SPS: 3353
SPS: 3354
SPS: 3354
SPS: 3354
SPS: 3354
SPS: 3354
SPS: 3354
SPS: 3354
SPS: 3354
SPS: 3354
SPS: 3354
SPS: 3354
SPS: 3354
SPS: 3355
SPS: 3354
SPS: 3354
SPS: 3354
SPS: 3354
SPS: 3354
SPS: 3354
SPS: 3354
SPS: 3354
SPS: 3354
SPS: 3354
SPS: 3353
SPS: 3353
SPS: 3353
SPS: 3353
SPS: 3353
SPS: 3353
global_step=2069504, episodic_return=0.0 (n=128)
SPS: 3352
SPS: 3352
SPS: 3351
SPS: 3351
SPS: 3351
SPS: 3351
SPS: 3351
SPS: 3351
SPS: 3351
SPS: 3351
SPS: 3351
SPS: 3351
SPS: 3351
SPS: 3351
SPS: 3351
SPS: 3351
SPS: 3351
SPS: 3351
SPS: 3351
SPS: 3350
SPS: 3350
SPS: 3351
SPS: 3351
SPS: 3351
SPS: 3350
SPS: 3350
SPS: 3350
SPS: 3349
SPS: 3350
SPS: 3350
SPS: 3350
SPS: 3350
SPS: 3350
SPS: 3350
SPS: 3350
SPS: 3351
SPS: 3351
SPS: 3351
SPS: 3351
SPS: 3351
SPS: 3351
SPS: 3351
SPS: 3351
SPS: 3351
SPS: 3350
SPS: 3350
SPS: 3350
SPS: 3350
SPS: 3350
SPS: 3350
SPS: 3350
SPS: 3350
SPS: 3350
SPS: 3350
SPS: 3350
SPS: 3350
SPS: 3350
SPS: 3350
SPS: 3350
SPS: 3350
SPS: 3350
SPS: 3350
SPS: 3350
SPS: 3350
SPS: 3350
SPS: 3350
SPS: 3350
SPS: 3350
SPS: 3350
SPS: 3350
SPS: 3350
SPS: 3350
SPS: 3350
SPS: 3351
SPS: 3351
SPS: 3351
SPS: 3351
SPS: 3351
SPS: 3350
SPS: 3350
SPS: 3350
SPS: 3350
SPS: 3350
SPS: 3350
global_step=2414592, episodic_return=100.0 (n=128)
SPS: 3349
SPS: 3349
SPS: 3349
SPS: 3349
SPS: 3349
SPS: 3349
SPS: 3349
SPS: 3349
SPS: 3349
SPS: 3349
SPS: 3349
SPS: 3349
SPS: 3349
SPS: 3349
SPS: 3349
SPS: 3349
SPS: 3348
SPS: 3348
SPS: 3348
SPS: 3348
SPS: 3348
SPS: 3348
SPS: 3348
SPS: 3347
SPS: 3347
SPS: 3347
SPS: 3347
SPS: 3347
SPS: 3347
SPS: 3347
SPS: 3347
SPS: 3347
SPS: 3347
SPS: 3347
SPS: 3348
SPS: 3348
SPS: 3347
SPS: 3347
SPS: 3347
SPS: 3347
SPS: 3347
SPS: 3347
SPS: 3347
SPS: 3347
SPS: 3347
SPS: 3347
SPS: 3347
SPS: 3348
SPS: 3348
SPS: 3348
SPS: 3348
SPS: 3348
SPS: 3348
SPS: 3348
SPS: 3348
SPS: 3348
SPS: 3348
SPS: 3348
SPS: 3348
SPS: 3348
SPS: 3348
SPS: 3348
SPS: 3348
SPS: 3348
SPS: 3348
SPS: 3348
SPS: 3348
SPS: 3348
SPS: 3348
SPS: 3348
SPS: 3348
SPS: 3348
SPS: 3348
SPS: 3348
SPS: 3348
SPS: 3348
SPS: 3348
SPS: 3348
SPS: 3348
SPS: 3348
SPS: 3348
SPS: 3348
SPS: 3348
SPS: 3348
global_step=2759040, episodic_return=0.0 (n=128)
SPS: 3348
SPS: 3347
SPS: 3347
SPS: 3347
SPS: 3348
SPS: 3348
SPS: 3348
SPS: 3348
SPS: 3347
SPS: 3347
SPS: 3347
SPS: 3347
SPS: 3347
SPS: 3347
SPS: 3347
SPS: 3347
SPS: 3347
SPS: 3347
SPS: 3347
SPS: 3347
SPS: 3347
SPS: 3347
SPS: 3347
SPS: 3347
SPS: 3347
SPS: 3347
SPS: 3347
SPS: 3347
SPS: 3347
SPS: 3347
SPS: 3347
SPS: 3347
SPS: 3347
SPS: 3347
SPS: 3347
SPS: 3347
SPS: 3347
SPS: 3347
SPS: 3347
SPS: 3347
SPS: 3347
SPS: 3347
SPS: 3347
SPS: 3347
SPS: 3347
SPS: 3347
SPS: 3347
SPS: 3347
SPS: 3347
SPS: 3347
SPS: 3347
SPS: 3347
SPS: 3347
SPS: 3347
SPS: 3347
SPS: 3347
SPS: 3347
SPS: 3347
SPS: 3347
SPS: 3347
SPS: 3347
SPS: 3347
SPS: 3347
SPS: 3347
SPS: 3347
SPS: 3347
SPS: 3347
SPS: 3348
SPS: 3348
SPS: 3348
SPS: 3348
SPS: 3348
SPS: 3348
SPS: 3348
SPS: 3348
SPS: 3348
SPS: 3348
SPS: 3347
SPS: 3347
SPS: 3347
SPS: 3347
SPS: 3347
SPS: 3347
SPS: 3348
global_step=3104384, episodic_return=100.0 (n=128)
SPS: 3347
SPS: 3347
SPS: 3347
SPS: 3347
SPS: 3346
SPS: 3346
SPS: 3347
SPS: 3347
SPS: 3347
SPS: 3347
SPS: 3347
SPS: 3347
SPS: 3347
SPS: 3347
SPS: 3347
SPS: 3347
SPS: 3347
SPS: 3347
SPS: 3347
SPS: 3348
SPS: 3348
SPS: 3348
SPS: 3348
SPS: 3348
SPS: 3348
SPS: 3348
SPS: 3348
SPS: 3348
SPS: 3348
SPS: 3348
SPS: 3348
SPS: 3348
SPS: 3348
SPS: 3348
SPS: 3348
SPS: 3349
SPS: 3349
SPS: 3349
SPS: 3348
SPS: 3349
SPS: 3348
SPS: 3349
SPS: 3349
SPS: 3349
SPS: 3349
SPS: 3349
SPS: 3349
SPS: 3349
SPS: 3349
SPS: 3349
SPS: 3349
SPS: 3349
SPS: 3349
SPS: 3349
SPS: 3349
SPS: 3349
SPS: 3349
SPS: 3349
SPS: 3349
SPS: 3349
SPS: 3349
SPS: 3349
SPS: 3349
SPS: 3349
SPS: 3349
SPS: 3349
SPS: 3349
SPS: 3349
SPS: 3349
SPS: 3349
SPS: 3349
SPS: 3349
SPS: 3349
SPS: 3349
SPS: 3349
SPS: 3349
SPS: 3349
SPS: 3350
SPS: 3350
SPS: 3350
SPS: 3350
SPS: 3350
SPS: 3349
SPS: 3349
SPS: 3349
global_step=3449600, episodic_return=100.0 (n=128)
SPS: 3348
SPS: 3348
SPS: 3349
SPS: 3349
SPS: 3349
SPS: 3349
SPS: 3349
SPS: 3349
SPS: 3349
SPS: 3349
SPS: 3349
SPS: 3348
SPS: 3348
SPS: 3348
SPS: 3348
SPS: 3348
SPS: 3348
SPS: 3348
SPS: 3349
SPS: 3348
SPS: 3348
SPS: 3348
SPS: 3349
SPS: 3349
SPS: 3349
SPS: 3349
SPS: 3349
SPS: 3349
SPS: 3349
SPS: 3349
SPS: 3349
SPS: 3349
SPS: 3349
SPS: 3349
SPS: 3349
SPS: 3349
SPS: 3349
SPS: 3349
SPS: 3350
SPS: 3350
SPS: 3350
SPS: 3350
SPS: 3350
SPS: 3350
SPS: 3350
SPS: 3350
SPS: 3350
SPS: 3350
SPS: 3350
SPS: 3350
SPS: 3350
SPS: 3350
SPS: 3350
SPS: 3350
SPS: 3350
SPS: 3350
SPS: 3350
SPS: 3350
SPS: 3350
SPS: 3350
SPS: 3350
SPS: 3350
SPS: 3350
SPS: 3350
SPS: 3350
SPS: 3350
SPS: 3350
SPS: 3350
SPS: 3350
SPS: 3350
SPS: 3350
SPS: 3350
SPS: 3350
SPS: 3350
SPS: 3350
SPS: 3350
SPS: 3350
SPS: 3350
SPS: 3350
SPS: 3350
SPS: 3350
SPS: 3350
SPS: 3349
SPS: 3349
global_step=3794944, episodic_return=100.0 (n=128)
SPS: 3348
SPS: 3348
SPS: 3348
SPS: 3349
SPS: 3349
SPS: 3349
SPS: 3349
SPS: 3349
SPS: 3349
SPS: 3349
SPS: 3349
SPS: 3349
SPS: 3349
SPS: 3349
SPS: 3349
SPS: 3349
SPS: 3349
SPS: 3349
SPS: 3349
SPS: 3349
SPS: 3349
SPS: 3349
SPS: 3348
SPS: 3348
SPS: 3348
SPS: 3348
SPS: 3348
SPS: 3348
SPS: 3348
SPS: 3348
SPS: 3348
SPS: 3348
SPS: 3348
SPS: 3348
SPS: 3348
SPS: 3348
SPS: 3348
SPS: 3348
SPS: 3348
SPS: 3348
SPS: 3348
SPS: 3348
SPS: 3348
SPS: 3348
SPS: 3348
SPS: 3348
SPS: 3348
SPS: 3348
SPS: 3348
SPS: 3348
SPS: 3347
SPS: 3347
SPS: 3348
SPS: 3348
SPS: 3348
SPS: 3348
SPS: 3347
SPS: 3347
SPS: 3348
SPS: 3347
SPS: 3348
SPS: 3348
SPS: 3348
SPS: 3348
SPS: 3348
SPS: 3348
SPS: 3348
SPS: 3348
SPS: 3348
SPS: 3348
SPS: 3348
SPS: 3348
SPS: 3348
SPS: 3348
SPS: 3348
SPS: 3348
SPS: 3348
SPS: 3348
SPS: 3348
SPS: 3348
SPS: 3348
SPS: 3348
SPS: 3348
SPS: 3348
global_step=4140032, episodic_return=100.0 (n=128)
SPS: 3347
SPS: 3348
SPS: 3348
SPS: 3348
SPS: 3348
SPS: 3348
SPS: 3348
SPS: 3348
SPS: 3348
SPS: 3348
SPS: 3348
SPS: 3348
SPS: 3348
SPS: 3348
SPS: 3348
SPS: 3348
SPS: 3348
SPS: 3348
SPS: 3348
SPS: 3348
SPS: 3348
SPS: 3348
SPS: 3348
SPS: 3348
SPS: 3348
SPS: 3348
SPS: 3348
SPS: 3348
SPS: 3348
SPS: 3348
SPS: 3348
SPS: 3348
SPS: 3348
SPS: 3348
SPS: 3348
SPS: 3348
SPS: 3348
SPS: 3348
SPS: 3348
SPS: 3348
SPS: 3348
SPS: 3348
SPS: 3348
SPS: 3348
SPS: 3348
SPS: 3348
SPS: 3348
SPS: 3348
SPS: 3348
SPS: 3347
SPS: 3347
SPS: 3347
SPS: 3347
SPS: 3347
SPS: 3347
SPS: 3347
SPS: 3347
SPS: 3347
SPS: 3347
SPS: 3347
SPS: 3347
SPS: 3347
SPS: 3347
SPS: 3347
SPS: 3346
SPS: 3346
SPS: 3346
SPS: 3346
SPS: 3347
SPS: 3347
SPS: 3346
SPS: 3347
SPS: 3347
SPS: 3347
SPS: 3347
SPS: 3347
SPS: 3347
SPS: 3347
SPS: 3347
SPS: 3347
SPS: 3347
SPS: 3347
SPS: 3346
SPS: 3346
SPS: 3346
global_step=4485248, episodic_return=100.0 (n=128)
SPS: 3346
SPS: 3346
SPS: 3346
SPS: 3346
SPS: 3346
SPS: 3346
SPS: 3346
SPS: 3346
SPS: 3346
SPS: 3346
SPS: 3347
SPS: 3347
SPS: 3346
SPS: 3346
SPS: 3346
SPS: 3346
SPS: 3346
SPS: 3346
SPS: 3347
SPS: 3347
SPS: 3347
SPS: 3347
SPS: 3346
SPS: 3346
SPS: 3346
SPS: 3346
SPS: 3346
SPS: 3346
SPS: 3346
SPS: 3346
SPS: 3346
SPS: 3346
SPS: 3346
SPS: 3346
SPS: 3346
SPS: 3346
SPS: 3346
SPS: 3346
SPS: 3346
SPS: 3346
SPS: 3346
SPS: 3346
SPS: 3346
SPS: 3346
SPS: 3346
SPS: 3346
SPS: 3346
SPS: 3346
SPS: 3346
SPS: 3347
SPS: 3346
SPS: 3346
SPS: 3346
SPS: 3346
SPS: 3346
SPS: 3346
SPS: 3346
SPS: 3346
SPS: 3346
SPS: 3346
SPS: 3346
SPS: 3346
SPS: 3346
SPS: 3346
SPS: 3346
SPS: 3346
SPS: 3346
SPS: 3346
SPS: 3346
SPS: 3346
SPS: 3346
SPS: 3346
SPS: 3346
SPS: 3346
SPS: 3346
SPS: 3346
SPS: 3346
SPS: 3346
SPS: 3346
SPS: 3346
SPS: 3346
SPS: 3346
SPS: 3346
SPS: 3346
global_step=4830336, episodic_return=100.0 (n=128)
SPS: 3345
SPS: 3345
SPS: 3345
SPS: 3345
SPS: 3345
SPS: 3345
SPS: 3345
SPS: 3345
SPS: 3345
SPS: 3345
SPS: 3345
SPS: 3345
SPS: 3345
SPS: 3345
SPS: 3345
SPS: 3345
SPS: 3345
SPS: 3345
SPS: 3345
SPS: 3345
SPS: 3345
SPS: 3345
SPS: 3345
SPS: 3345
SPS: 3345
SPS: 3345
SPS: 3345
SPS: 3345
SPS: 3345
SPS: 3345
SPS: 3345
SPS: 3345
SPS: 3345
SPS: 3345
SPS: 3345
SPS: 3345
SPS: 3345
SPS: 3345
SPS: 3345
SPS: 3345
SPS: 3345
SPS: 3345
SPS: 3345
SPS: 3345
SPS: 3345
SPS: 3345
SPS: 3345
SPS: 3345
SPS: 3345
SPS: 3345
SPS: 3345
SPS: 3345
SPS: 3345
SPS: 3345
SPS: 3345
SPS: 3345
SPS: 3345
SPS: 3345
SPS: 3345
SPS: 3345
SPS: 3345
SPS: 3345
SPS: 3345
SPS: 3345
SPS: 3345
SPS: 3345
SPS: 3345
SPS: 3345
SPS: 3345
SPS: 3345
SPS: 3345
SPS: 3345
SPS: 3345
SPS: 3345
SPS: 3345
SPS: 3345
SPS: 3345
SPS: 3345
SPS: 3345
SPS: 3345
SPS: 3345
SPS: 3345
SPS: 3345
SPS: 3345
global_step=5175424, episodic_return=100.0 (n=128)
SPS: 3344
SPS: 3344
SPS: 3344
SPS: 3345
SPS: 3345
SPS: 3345
SPS: 3345
SPS: 3345
SPS: 3345
SPS: 3345
SPS: 3345
SPS: 3345
SPS: 3345
SPS: 3345
SPS: 3345
SPS: 3345
SPS: 3345
SPS: 3345
SPS: 3345
SPS: 3345
SPS: 3345
SPS: 3345
SPS: 3345
SPS: 3345
SPS: 3345
SPS: 3345
SPS: 3345
SPS: 3345
SPS: 3345
SPS: 3345
SPS: 3345
SPS: 3345
SPS: 3345
SPS: 3345
SPS: 3345
SPS: 3345
SPS: 3345
SPS: 3345
SPS: 3345
SPS: 3345
SPS: 3345
SPS: 3345
SPS: 3345
SPS: 3345
SPS: 3345
SPS: 3345
SPS: 3345
SPS: 3345
SPS: 3345
SPS: 3345
SPS: 3345
SPS: 3345
SPS: 3345
SPS: 3345
SPS: 3345
SPS: 3345
SPS: 3345
SPS: 3345
SPS: 3345
SPS: 3345
SPS: 3345
SPS: 3345
SPS: 3345
SPS: 3345
SPS: 3345
SPS: 3345
SPS: 3345
SPS: 3345
SPS: 3345
SPS: 3345
SPS: 3345
SPS: 3345
SPS: 3345
SPS: 3345
SPS: 3345
SPS: 3345
SPS: 3345
SPS: 3345
SPS: 3345
SPS: 3345
SPS: 3345
SPS: 3345
SPS: 3345
SPS: 3345
global_step=5520256, episodic_return=100.0 (n=128)
SPS: 3344
SPS: 3344
SPS: 3345
SPS: 3345
SPS: 3345
SPS: 3345
SPS: 3345
SPS: 3345
SPS: 3345
SPS: 3345
SPS: 3345
SPS: 3345
SPS: 3345
SPS: 3345
SPS: 3345
SPS: 3345
SPS: 3345
SPS: 3345
SPS: 3345
SPS: 3345
SPS: 3345
SPS: 3345
SPS: 3344
SPS: 3345
SPS: 3345
SPS: 3345
SPS: 3344
SPS: 3344
SPS: 3345
SPS: 3345
SPS: 3345
SPS: 3345
SPS: 3345
SPS: 3345
SPS: 3345
SPS: 3345
SPS: 3345
SPS: 3345
SPS: 3345
SPS: 3345
SPS: 3345
SPS: 3345
SPS: 3345
SPS: 3345
SPS: 3345
SPS: 3345
SPS: 3345
SPS: 3345
SPS: 3345
SPS: 3345
SPS: 3345
SPS: 3345
SPS: 3345
SPS: 3345
SPS: 3345
SPS: 3345
SPS: 3345
SPS: 3344
SPS: 3345
SPS: 3344
SPS: 3344
SPS: 3344
SPS: 3344
SPS: 3344
SPS: 3344
SPS: 3344
SPS: 3344
SPS: 3344
SPS: 3344
SPS: 3344
SPS: 3344
SPS: 3344
SPS: 3344
SPS: 3344
SPS: 3344
SPS: 3343
SPS: 3343
SPS: 3343
SPS: 3343
SPS: 3343
SPS: 3343
SPS: 3343
SPS: 3343
SPS: 3343
global_step=5865344, episodic_return=0.0 (n=128)
SPS: 3342
SPS: 3342
SPS: 3342
SPS: 3342
SPS: 3342
SPS: 3342
SPS: 3342
SPS: 3342
SPS: 3343
SPS: 3342
SPS: 3342
SPS: 3343
SPS: 3343
SPS: 3343
SPS: 3343
SPS: 3343
SPS: 3343
SPS: 3343
SPS: 3343
SPS: 3343
SPS: 3343
SPS: 3343
SPS: 3343
SPS: 3343
SPS: 3343
SPS: 3343
SPS: 3343
SPS: 3343
SPS: 3343
SPS: 3343
SPS: 3343
SPS: 3343
SPS: 3343
SPS: 3343
SPS: 3343
SPS: 3343
SPS: 3343
SPS: 3343
SPS: 3343
SPS: 3343
SPS: 3343
SPS: 3343
SPS: 3343
SPS: 3343
SPS: 3343
SPS: 3343
SPS: 3343
SPS: 3343
SPS: 3343
SPS: 3343
SPS: 3343
SPS: 3343
SPS: 3343
SPS: 3343
SPS: 3343
SPS: 3343
SPS: 3343
SPS: 3343
SPS: 3343
SPS: 3343
SPS: 3343
SPS: 3343
SPS: 3343
SPS: 3343
SPS: 3343
SPS: 3343
SPS: 3343
SPS: 3343
SPS: 3343
SPS: 3343
SPS: 3343
SPS: 3343
SPS: 3343
SPS: 3343
SPS: 3343
SPS: 3343
SPS: 3343
SPS: 3343
SPS: 3343
SPS: 3343
SPS: 3343
SPS: 3344
SPS: 3344
SPS: 3344
SPS: 3343
global_step=6209920, episodic_return=-600.0 (n=128)
SPS: 3343
SPS: 3343
SPS: 3343
SPS: 3343
SPS: 3343
SPS: 3343
SPS: 3343
SPS: 3343
SPS: 3343
SPS: 3343
SPS: 3343
SPS: 3343
SPS: 3343
SPS: 3343
SPS: 3343
SPS: 3343
SPS: 3343
SPS: 3343
SPS: 3343
SPS: 3343
SPS: 3343
SPS: 3344
SPS: 3344
SPS: 3344
SPS: 3344
SPS: 3344
SPS: 3344
SPS: 3344
SPS: 3344
SPS: 3344
SPS: 3344
SPS: 3344
SPS: 3344
SPS: 3344
SPS: 3344
SPS: 3344
SPS: 3344
SPS: 3344
SPS: 3344
SPS: 3344
SPS: 3344
SPS: 3344
SPS: 3344
SPS: 3344
SPS: 3344
SPS: 3344
SPS: 3344
SPS: 3344
SPS: 3344
SPS: 3344
SPS: 3344
SPS: 3345
SPS: 3345
SPS: 3345
SPS: 3345
SPS: 3345
SPS: 3345
SPS: 3345
SPS: 3345
SPS: 3345
SPS: 3345
SPS: 3345
SPS: 3345
SPS: 3345
SPS: 3345
SPS: 3345
SPS: 3345
SPS: 3345
SPS: 3345
SPS: 3345
SPS: 3345
SPS: 3345
SPS: 3345
SPS: 3345
SPS: 3345
SPS: 3345
SPS: 3345
SPS: 3345
SPS: 3345
SPS: 3345
SPS: 3345
SPS: 3345
SPS: 3345
SPS: 3345
global_step=6554880, episodic_return=100.0 (n=128)
SPS: 3344
SPS: 3344
SPS: 3344
SPS: 3344
SPS: 3344
SPS: 3344
SPS: 3344
SPS: 3344
SPS: 3344
SPS: 3345
SPS: 3345
SPS: 3345
SPS: 3345
SPS: 3345
SPS: 3345
SPS: 3345
SPS: 3345
SPS: 3345
SPS: 3345
SPS: 3345
SPS: 3345
SPS: 3345
SPS: 3345
SPS: 3344
SPS: 3345
SPS: 3345
SPS: 3345
SPS: 3344
SPS: 3345
SPS: 3345
SPS: 3345
SPS: 3345
SPS: 3345
SPS: 3345
SPS: 3345
SPS: 3345
SPS: 3345
SPS: 3344
SPS: 3345
SPS: 3344
SPS: 3344
SPS: 3344
SPS: 3344
SPS: 3344
SPS: 3344
SPS: 3344
SPS: 3344
SPS: 3344
SPS: 3344
SPS: 3344
SPS: 3344
SPS: 3344
SPS: 3344
SPS: 3344
SPS: 3344
SPS: 3344
SPS: 3344
SPS: 3344
SPS: 3344
SPS: 3344
SPS: 3344
SPS: 3344
SPS: 3344
SPS: 3344
SPS: 3344
SPS: 3344
SPS: 3344
SPS: 3344
SPS: 3344
SPS: 3344
SPS: 3344
SPS: 3344
SPS: 3344
SPS: 3344
SPS: 3344
SPS: 3344
SPS: 3344
SPS: 3344
SPS: 3344
SPS: 3344
SPS: 3344
SPS: 3344
SPS: 3344
SPS: 3344
global_step=6899456, episodic_return=100.0 (n=128)
SPS: 3344
SPS: 3344
SPS: 3344
SPS: 3344
SPS: 3344
SPS: 3344
SPS: 3344
SPS: 3344
SPS: 3344
SPS: 3344
SPS: 3344
SPS: 3344
SPS: 3344
SPS: 3344
SPS: 3344
SPS: 3344
SPS: 3344
SPS: 3344
SPS: 3344
SPS: 3344
SPS: 3344
SPS: 3344
SPS: 3344
SPS: 3344
SPS: 3344
SPS: 3344
SPS: 3344
SPS: 3344
SPS: 3344
SPS: 3344
SPS: 3344
SPS: 3344
SPS: 3344
SPS: 3344
SPS: 3344
SPS: 3344
SPS: 3344
SPS: 3344
SPS: 3344
SPS: 3344
SPS: 3344
SPS: 3344
SPS: 3344
SPS: 3344
SPS: 3344
SPS: 3344
SPS: 3344
SPS: 3344
SPS: 3344
SPS: 3344
SPS: 3344
SPS: 3344
SPS: 3344
SPS: 3344
SPS: 3344
SPS: 3344
SPS: 3344
SPS: 3344
SPS: 3344
SPS: 3344
SPS: 3344
SPS: 3344
SPS: 3344
SPS: 3344
SPS: 3344
SPS: 3344
SPS: 3344
SPS: 3344
SPS: 3344
SPS: 3344
SPS: 3344
SPS: 3344
SPS: 3344
SPS: 3344
SPS: 3344
SPS: 3344
SPS: 3344
SPS: 3344
SPS: 3344
SPS: 3344
SPS: 3344
SPS: 3344
SPS: 3345
SPS: 3345
global_step=7244544, episodic_return=0.0 (n=128)
SPS: 3344
SPS: 3344
SPS: 3344
SPS: 3344
SPS: 3344
SPS: 3344
SPS: 3345
SPS: 3345
SPS: 3345
SPS: 3345
SPS: 3345
SPS: 3345
SPS: 3345
SPS: 3345
SPS: 3345
SPS: 3345
SPS: 3345
SPS: 3345
SPS: 3345
SPS: 3345
SPS: 3345
SPS: 3345
SPS: 3345
SPS: 3345
SPS: 3345
SPS: 3345
SPS: 3345
SPS: 3345
SPS: 3345
SPS: 3345
SPS: 3345
SPS: 3345
SPS: 3345
SPS: 3345
SPS: 3345
SPS: 3345
SPS: 3345
SPS: 3345
SPS: 3345
SPS: 3345
SPS: 3345
SPS: 3345
SPS: 3345
SPS: 3345
SPS: 3345
SPS: 3345
SPS: 3345
SPS: 3345
SPS: 3345
SPS: 3345
SPS: 3345
SPS: 3345
SPS: 3345
SPS: 3345
SPS: 3345
SPS: 3345
SPS: 3345
SPS: 3344
SPS: 3345
SPS: 3345
SPS: 3345
SPS: 3345
SPS: 3345
SPS: 3345
SPS: 3345
SPS: 3345
SPS: 3345
SPS: 3345
SPS: 3345
SPS: 3345
SPS: 3345
SPS: 3345
SPS: 3345
SPS: 3345
SPS: 3345
SPS: 3345
SPS: 3345
SPS: 3345
SPS: 3345
SPS: 3345
SPS: 3345
SPS: 3345
SPS: 3345
SPS: 3345
global_step=7589632, episodic_return=0.0 (n=128)
SPS: 3345
SPS: 3344
SPS: 3345
SPS: 3344
SPS: 3345
SPS: 3345
SPS: 3345
SPS: 3345
SPS: 3345
SPS: 3345
SPS: 3345
SPS: 3345
SPS: 3345
SPS: 3345
SPS: 3345
SPS: 3345
SPS: 3345
SPS: 3345
SPS: 3345
SPS: 3345
SPS: 3326
SPS: 3327
SPS: 3327
SPS: 3325
SPS: 3325
SPS: 3325
SPS: 3325
SPS: 3325
SPS: 3325
SPS: 3325
SPS: 3325
SPS: 3325
SPS: 3325
SPS: 3325
SPS: 3325
SPS: 3325
SPS: 3325
SPS: 3325
SPS: 3325
SPS: 3325
SPS: 3325
SPS: 3325
SPS: 3314
SPS: 3314
SPS: 3311
SPS: 3311
SPS: 3311
SPS: 3311
SPS: 3311
SPS: 3311
SPS: 3311
SPS: 3311
SPS: 3311
SPS: 3311
SPS: 3311
SPS: 3311
SPS: 3311
SPS: 3311
SPS: 3311
SPS: 3311
SPS: 3311
SPS: 3311
SPS: 3311
SPS: 3311
SPS: 3312
SPS: 3312
SPS: 3312
SPS: 3312
SPS: 3312
SPS: 3312
SPS: 3312
SPS: 3312
SPS: 3312
SPS: 3312
SPS: 3312
SPS: 3312
SPS: 3312
SPS: 3312
SPS: 3312
SPS: 3312
SPS: 3312
SPS: 3312
SPS: 3312
SPS: 3312
SPS: 3312
global_step=7934464, episodic_return=100.0 (n=128)
SPS: 3312
SPS: 3312
SPS: 3312
SPS: 3312
SPS: 3312
SPS: 3312
SPS: 3312
SPS: 3312
SPS: 3312
SPS: 3312
SPS: 3312
SPS: 3312
SPS: 3312
SPS: 3312
SPS: 3312
SPS: 3312
SPS: 3312
SPS: 3312
SPS: 3312
SPS: 3312
SPS: 3312
SPS: 3312
SPS: 3312
SPS: 3312
SPS: 3312
SPS: 3312
SPS: 3312
SPS: 3312
SPS: 3312
SPS: 3312
SPS: 3312
SPS: 3312
SPS: 3312
SPS: 3312
SPS: 3312
SPS: 3312
SPS: 3312
SPS: 3312
SPS: 3312
SPS: 3312
SPS: 3312
SPS: 3312
SPS: 3312
SPS: 3312
SPS: 3312
SPS: 3312
SPS: 3312
SPS: 3313
SPS: 3313
SPS: 3313
SPS: 3313
SPS: 3313
SPS: 3313
SPS: 3313
SPS: 3313
SPS: 3313
SPS: 3313
SPS: 3313
SPS: 3313
SPS: 3313
SPS: 3313
SPS: 3313
SPS: 3313
SPS: 3313
SPS: 3313
SPS: 3313
SPS: 3313
SPS: 3313
SPS: 3313
SPS: 3313
SPS: 3313
SPS: 3313
SPS: 3313
SPS: 3313
SPS: 3313
SPS: 3313
SPS: 3313
SPS: 3313
SPS: 3313
SPS: 3314
SPS: 3313
SPS: 3313
SPS: 3314
SPS: 3313
global_step=8279424, episodic_return=100.0 (n=128)
SPS: 3313
SPS: 3313
SPS: 3313
SPS: 3313
SPS: 3313
SPS: 3302
SPS: 3303
SPS: 3301
SPS: 3301
SPS: 3301
SPS: 3301
SPS: 3301
SPS: 3301
SPS: 3301
SPS: 3301
SPS: 3301
SPS: 3301
SPS: 3301
SPS: 3301
SPS: 3301
SPS: 3301
SPS: 3301
SPS: 3301
SPS: 3301
SPS: 3301
SPS: 3301
SPS: 3301
SPS: 3301
SPS: 3301
SPS: 3301
SPS: 3301
SPS: 3301
SPS: 3301
SPS: 3301
SPS: 3301
SPS: 3301
SPS: 3302
SPS: 3302
SPS: 3302
SPS: 3302
SPS: 3302
SPS: 3302
SPS: 3302
SPS: 3302
SPS: 3302
SPS: 3302
SPS: 3302
SPS: 3301
SPS: 3301
SPS: 3301
SPS: 3301
SPS: 3301
SPS: 3301
SPS: 3301
SPS: 3301
SPS: 3301
SPS: 3301
SPS: 3301
SPS: 3301
SPS: 3301
SPS: 3301
SPS: 3301
SPS: 3301
SPS: 3301
SPS: 3301
SPS: 3302
SPS: 3302
SPS: 3302
SPS: 3302
SPS: 3302
SPS: 3302
SPS: 3302
SPS: 3302
SPS: 3302
SPS: 3302
SPS: 3302
SPS: 3302
SPS: 3302
SPS: 3302
SPS: 3302
SPS: 3302
SPS: 3302
SPS: 3302
SPS: 3302
global_step=8624640, episodic_return=100.0 (n=128)
SPS: 3302
SPS: 3302
SPS: 3302
SPS: 3302
SPS: 3302
SPS: 3302
SPS: 3302
SPS: 3302
SPS: 3302
SPS: 3302
SPS: 3302
SPS: 3302
SPS: 3302
SPS: 3302
SPS: 3302
SPS: 3302
SPS: 3302
SPS: 3302
SPS: 3302
SPS: 3302
SPS: 3302
SPS: 3302
SPS: 3302
SPS: 3302
SPS: 3302
SPS: 3302
SPS: 3302
SPS: 3302
SPS: 3302
SPS: 3302
SPS: 3302
SPS: 3302
SPS: 3302
SPS: 3302
SPS: 3302
SPS: 3302
SPS: 3302
SPS: 3302
SPS: 3302
SPS: 3302
SPS: 3302
SPS: 3302
SPS: 3302
SPS: 3302
SPS: 3302
SPS: 3302
SPS: 3302
SPS: 3303
SPS: 3303
SPS: 3303
SPS: 3303
SPS: 3303
SPS: 3303
SPS: 3303
SPS: 3303
SPS: 3303
SPS: 3303
SPS: 3303
SPS: 3303
SPS: 3303
SPS: 3303
SPS: 3303
SPS: 3303
SPS: 3303
SPS: 3303
SPS: 3303
SPS: 3303
SPS: 3303
SPS: 3303
SPS: 3303
SPS: 3303
SPS: 3303
SPS: 3303
SPS: 3303
SPS: 3303
SPS: 3303
SPS: 3303
SPS: 3303
SPS: 3303
SPS: 3303
SPS: 3303
SPS: 3303
SPS: 3303
SPS: 3303
global_step=8969600, episodic_return=100.0 (n=128)
SPS: 3303
SPS: 3303
SPS: 3303
SPS: 3303
SPS: 3303
SPS: 3303
SPS: 3303
SPS: 3303
SPS: 3303
SPS: 3303
SPS: 3303
SPS: 3303
SPS: 3303
SPS: 3303
SPS: 3303
SPS: 3303
SPS: 3303
SPS: 3303
SPS: 3303
SPS: 3303
SPS: 3303
SPS: 3303
SPS: 3303
SPS: 3303
SPS: 3303
SPS: 3303
SPS: 3303
SPS: 3303
SPS: 3303
SPS: 3303
SPS: 3303
SPS: 3303
SPS: 3304
SPS: 3304
SPS: 3304
SPS: 3304
SPS: 3304
SPS: 3304
SPS: 3304
SPS: 3304
SPS: 3304
SPS: 3304
SPS: 3304
SPS: 3304
SPS: 3304
SPS: 3304
SPS: 3304
SPS: 3304
SPS: 3304
SPS: 3304
SPS: 3304
SPS: 3304
SPS: 3304
SPS: 3304
SPS: 3304
SPS: 3304
SPS: 3304
SPS: 3304
SPS: 3304
SPS: 3304
SPS: 3304
SPS: 3304
SPS: 3304
SPS: 3304
SPS: 3304
SPS: 3304
SPS: 3304
SPS: 3304
SPS: 3304
SPS: 3304
SPS: 3304
SPS: 3304
SPS: 3304
SPS: 3304
SPS: 3304
SPS: 3304
SPS: 3304
SPS: 3304
SPS: 3304
SPS: 3305
SPS: 3305
SPS: 3304
SPS: 3305
SPS: 3305
global_step=9314176, episodic_return=100.0 (n=128)
SPS: 3304
SPS: 3304
SPS: 3304
SPS: 3304
SPS: 3304
SPS: 3304
SPS: 3305
SPS: 3305
SPS: 3305
SPS: 3305
SPS: 3305
SPS: 3305
SPS: 3305
SPS: 3305
SPS: 3305
SPS: 3305
SPS: 3305
SPS: 3305
SPS: 3305
SPS: 3305
SPS: 3305
SPS: 3305
SPS: 3305
SPS: 3305
SPS: 3305
SPS: 3305
SPS: 3305
SPS: 3305
SPS: 3305
SPS: 3305
SPS: 3305
SPS: 3305
SPS: 3305
SPS: 3305
SPS: 3305
SPS: 3306
SPS: 3306
SPS: 3306
SPS: 3306
SPS: 3306
SPS: 3306
SPS: 3306
SPS: 3306
SPS: 3306
SPS: 3306
SPS: 3306
SPS: 3306
SPS: 3306
SPS: 3306
SPS: 3306
SPS: 3306
SPS: 3306
SPS: 3306
SPS: 3306
SPS: 3306
SPS: 3306
SPS: 3306
SPS: 3306
SPS: 3306
SPS: 3306
SPS: 3306
SPS: 3306
SPS: 3306
SPS: 3306
SPS: 3306
SPS: 3306
SPS: 3306
SPS: 3307
SPS: 3307
SPS: 3307
SPS: 3307
SPS: 3307
SPS: 3307
SPS: 3307
SPS: 3307
SPS: 3307
SPS: 3307
SPS: 3307
SPS: 3307
SPS: 3307
SPS: 3307
SPS: 3307
SPS: 3307
SPS: 3307
SPS: 3307
global_step=9659392, episodic_return=0.0 (n=128)
SPS: 3306
SPS: 3307
SPS: 3307
SPS: 3307
SPS: 3307
SPS: 3307
SPS: 3307
SPS: 3307
SPS: 3307
SPS: 3307
SPS: 3307
SPS: 3307
SPS: 3307
SPS: 3307
SPS: 3307
SPS: 3307
SPS: 3307
SPS: 3307
SPS: 3307
SPS: 3307
SPS: 3307
SPS: 3307
SPS: 3307
SPS: 3307
SPS: 3307
SPS: 3307
SPS: 3307
SPS: 3307
SPS: 3307
SPS: 3308
SPS: 3308
SPS: 3308
SPS: 3308
SPS: 3308
SPS: 3308
SPS: 3308
SPS: 3308
SPS: 3308
SPS: 3308
SPS: 3308
SPS: 3308
SPS: 3308
SPS: 3308
SPS: 3308
SPS: 3308
SPS: 3308
SPS: 3308
SPS: 3308
SPS: 3308
SPS: 3308
SPS: 3308
SPS: 3308
SPS: 3308
SPS: 3308
SPS: 3308
SPS: 3308
SPS: 3308
SPS: 3308
SPS: 3308
SPS: 3308
SPS: 3308
SPS: 3308
SPS: 3308
SPS: 3308
SPS: 3308
SPS: 3308
SPS: 3308
SPS: 3308
SPS: 3308
SPS: 3308
SPS: 3308
SPS: 3309
SPS: 3309
SPS: 3309
SPS: 3309
SPS: 3309
SPS: 3309
SPS: 3309
SPS: 3309
SPS: 3309
SPS: 3309
SPS: 3309
SPS: 3309
Results saved to /runs/h005__h005-privateeye-s1.csv
slurmstepd: error: run_script_as_user: couldn't change working dir to /home/rogercc/'/scratch/rogercc/cleanrl': No such file or directory
