slurmstepd: error: couldn't chdir to `/home/rogercc/'/scratch/rogercc/cleanrl'': No such file or directory: going to /tmp instead
slurmstepd: error: couldn't chdir to `/home/rogercc/'/scratch/rogercc/cleanrl'': No such file or directory: going to /tmp instead
sending incremental file list
auto-cleanrl.sif

sent 4,938,196,680 bytes  received 35 bytes  266,929,552.16 bytes/sec
total size is 4,945,575,936  speedup is 1.00
/usr/local/lib/python3.10/dist-packages/treevalue/tree/integration/torch.py:23: FutureWarning: `torch.utils._pytree._register_pytree_node` is deprecated. Please use `torch.utils._pytree.register_pytree_node` instead.
  register_for_torch(TreeValue)
/usr/local/lib/python3.10/dist-packages/treevalue/tree/integration/torch.py:24: FutureWarning: `torch.utils._pytree._register_pytree_node` is deprecated. Please use `torch.utils._pytree.register_pytree_node` instead.
  register_for_torch(FastTreeValue)
Gym has been unmaintained since 2022 and does not support NumPy 2.0 amongst other critical functionality.
Please upgrade to Gymnasium, the maintained drop-in replacement of Gym, or contact the authors of your software and request that they upgrade.
See the migration guide at https://gymnasium.farama.org/introduction/migration_guide/ for additional information.
/usr/local/lib/python3.10/dist-packages/tyro/_parsers.py:353: UserWarning: The field `wandb-entity` is annotated with type `<class 'str'>`, but the default value `None` has type `<class 'NoneType'>`. We'll try to handle this gracefully, but it may cause unexpected behavior.
  warnings.warn(message)
/usr/local/lib/python3.10/dist-packages/tyro/_parsers.py:353: UserWarning: The field `target-kl` is annotated with type `<class 'float'>`, but the default value `None` has type `<class 'NoneType'>`. We'll try to handle this gracefully, but it may cause unexpected behavior.
  warnings.warn(message)
SPS: 1613
SPS: 2456
SPS: 2922
SPS: 3215
SPS: 3447
SPS: 3636
SPS: 3773
SPS: 3875
SPS: 3962
SPS: 4020
SPS: 4087
SPS: 4133
SPS: 4160
SPS: 4185
SPS: 4212
global_step=62080, episodic_return=95.0 (n=128)
SPS: 4245
SPS: 4275
SPS: 4311
SPS: 4350
SPS: 4372
SPS: 4399
SPS: 4429
SPS: 4463
SPS: 4508
SPS: 4526
SPS: 4548
SPS: 4571
SPS: 4591
SPS: 4615
SPS: 4633
SPS: 4645
global_step=128000, episodic_return=195.0 (n=128)
SPS: 4648
SPS: 4667
SPS: 4687
SPS: 4708
SPS: 4721
SPS: 4724
SPS: 4737
SPS: 4750
SPS: 4755
SPS: 4751
SPS: 4758
SPS: 4769
SPS: 4782
SPS: 4801
SPS: 4802
SPS: 4807
SPS: 4814
global_step=197632, episodic_return=130.0 (n=128)
SPS: 4821
SPS: 4828
SPS: 4833
SPS: 4843
SPS: 4853
SPS: 4853
SPS: 4858
SPS: 4869
SPS: 4878
SPS: 4879
SPS: 4882
SPS: 4894
SPS: 4905
SPS: 4917
global_step=256768, episodic_return=75.0 (n=128)
SPS: 4912
SPS: 4915
SPS: 4913
SPS: 4918
SPS: 4919
SPS: 4924
SPS: 4926
SPS: 4928
SPS: 4932
SPS: 4939
SPS: 4946
SPS: 4950
SPS: 4954
SPS: 4958
SPS: 4961
SPS: 4967
SPS: 4969
SPS: 4972
global_step=328704, episodic_return=155.0 (n=128)
SPS: 4969
SPS: 4973
SPS: 4973
SPS: 4980
SPS: 4987
SPS: 4993
SPS: 4995
SPS: 4997
SPS: 4997
SPS: 4999
SPS: 4997
SPS: 5000
SPS: 5004
global_step=384128, episodic_return=60.0 (n=128)
SPS: 5006
SPS: 5013
SPS: 5017
SPS: 5017
SPS: 5018
SPS: 5023
SPS: 5024
SPS: 5026
SPS: 5022
SPS: 5025
SPS: 5028
SPS: 5028
SPS: 5029
SPS: 5031
SPS: 5034
SPS: 5038
SPS: 5039
SPS: 5040
SPS: 5042
SPS: 5038
SPS: 5037
SPS: 5040
SPS: 5040
global_step=478720, episodic_return=215.0 (n=128)
SPS: 5041
SPS: 5043
SPS: 5043
SPS: 5044
SPS: 5044
SPS: 5047
SPS: 5050
SPS: 5050
SPS: 5053
SPS: 5052
SPS: 5054
SPS: 5058
SPS: 5058
SPS: 5059
global_step=535040, episodic_return=155.0 (n=128)
SPS: 5061
SPS: 5058
SPS: 5054
SPS: 5056
SPS: 5056
SPS: 5058
SPS: 5056
SPS: 5057
SPS: 5056
SPS: 5055
SPS: 5057
SPS: 5059
SPS: 5061
SPS: 5065
SPS: 5069
global_step=598016, episodic_return=120.0 (n=128)
SPS: 5072
SPS: 5077
SPS: 5080
SPS: 5084
SPS: 5087
SPS: 5089
SPS: 5093
SPS: 5097
SPS: 5101
SPS: 5105
SPS: 5109
SPS: 5111
global_step=645376, episodic_return=80.0 (n=128)
SPS: 5115
SPS: 5118
SPS: 5121
SPS: 5125
SPS: 5129
SPS: 5133
SPS: 5136
SPS: 5140
SPS: 5143
SPS: 5147
SPS: 5149
SPS: 5153
SPS: 5156
SPS: 5156
SPS: 5157
SPS: 5159
global_step=711168, episodic_return=120.0 (n=128)
SPS: 5162
SPS: 5165
SPS: 5168
SPS: 5171
SPS: 5174
SPS: 5177
SPS: 5178
SPS: 5182
SPS: 5184
SPS: 5187
SPS: 5190
SPS: 5193
SPS: 5196
SPS: 5196
SPS: 5198
global_step=771200, episodic_return=125.0 (n=128)
SPS: 5201
SPS: 5200
SPS: 5200
SPS: 5201
SPS: 5201
SPS: 5200
SPS: 5202
SPS: 5205
SPS: 5208
SPS: 5210
SPS: 5202
SPS: 5201
SPS: 5201
SPS: 5202
SPS: 5201
SPS: 5201
global_step=837376, episodic_return=110.0 (n=128)
SPS: 5201
SPS: 5201
SPS: 5202
SPS: 5203
SPS: 5205
SPS: 5207
SPS: 5210
SPS: 5211
SPS: 5213
SPS: 5215
SPS: 5214
SPS: 5214
SPS: 5215
global_step=890752, episodic_return=135.0 (n=128)
SPS: 5215
SPS: 5215
SPS: 5215
SPS: 5216
SPS: 5216
SPS: 5214
SPS: 5216
SPS: 5218
SPS: 5219
SPS: 5218
SPS: 5218
SPS: 5220
SPS: 5222
SPS: 5222
SPS: 5223
global_step=952320, episodic_return=155.0 (n=128)
SPS: 5224
SPS: 5224
SPS: 5225
SPS: 5228
SPS: 5229
SPS: 5229
SPS: 5229
SPS: 5230
SPS: 5232
global_step=988800, episodic_return=35.0 (n=128)
SPS: 5231
SPS: 5232
SPS: 5234
SPS: 5236
SPS: 5238
SPS: 5238
SPS: 5238
SPS: 5237
SPS: 5238
SPS: 5240
global_step=1032064, episodic_return=105.0 (n=128)
SPS: 5241
SPS: 5241
SPS: 5243
SPS: 5245
SPS: 5246
SPS: 5248
SPS: 5248
SPS: 5248
global_step=1063680, episodic_return=30.0 (n=128)
SPS: 5249
SPS: 5250
SPS: 5252
SPS: 5253
SPS: 5255
SPS: 5256
SPS: 5258
SPS: 5258
SPS: 5260
SPS: 5261
SPS: 5261
SPS: 5260
SPS: 5262
SPS: 5263
SPS: 5265
global_step=1123712, episodic_return=90.0 (n=128)
SPS: 5267
SPS: 5269
SPS: 5270
SPS: 5272
SPS: 5274
SPS: 5275
SPS: 5277
SPS: 5279
SPS: 5281
SPS: 5279
SPS: 5280
SPS: 5280
SPS: 5280
SPS: 5281
SPS: 5282
SPS: 5284
SPS: 5283
SPS: 5281
global_step=1199872, episodic_return=335.0 (n=128)
SPS: 5279
SPS: 5277
SPS: 5277
SPS: 5276
SPS: 5277
SPS: 5277
SPS: 5275
SPS: 5275
SPS: 5275
SPS: 5276
SPS: 5276
SPS: 5276
SPS: 5276
SPS: 5276
SPS: 5276
SPS: 5276
SPS: 5276
global_step=1268224, episodic_return=155.0 (n=128)
SPS: 5276
SPS: 5275
SPS: 5273
SPS: 5272
SPS: 5272
SPS: 5272
SPS: 5270
SPS: 5270
SPS: 5269
SPS: 5270
SPS: 5270
SPS: 5271
SPS: 5271
SPS: 5271
global_step=1326464, episodic_return=140.0 (n=128)
SPS: 5271
SPS: 5273
SPS: 5274
SPS: 5275
SPS: 5277
SPS: 5278
SPS: 5280
SPS: 5281
SPS: 5282
SPS: 5284
SPS: 5285
SPS: 5286
SPS: 5286
SPS: 5288
SPS: 5289
SPS: 5290
SPS: 5291
SPS: 5293
global_step=1400576, episodic_return=195.0 (n=128)
SPS: 5294
SPS: 5296
SPS: 5295
SPS: 5295
SPS: 5294
SPS: 5295
SPS: 5295
SPS: 5295
SPS: 5295
SPS: 5294
SPS: 5296
SPS: 5297
SPS: 5298
SPS: 5299
SPS: 5298
SPS: 5298
SPS: 5299
global_step=1468800, episodic_return=155.0 (n=128)
SPS: 5298
SPS: 5298
SPS: 5297
SPS: 5296
SPS: 5296
SPS: 5297
SPS: 5297
SPS: 5298
SPS: 5299
SPS: 5299
SPS: 5299
SPS: 5298
global_step=1515904, episodic_return=25.0 (n=128)
SPS: 5294
SPS: 5293
SPS: 5291
SPS: 5293
SPS: 5294
SPS: 5295
SPS: 5296
SPS: 5298
SPS: 5298
global_step=1553792, episodic_return=80.0 (n=128)
SPS: 5299
SPS: 5300
SPS: 5301
SPS: 5303
SPS: 5304
SPS: 5304
SPS: 5303
SPS: 5303
SPS: 5303
SPS: 5303
SPS: 5303
SPS: 5301
SPS: 5301
SPS: 5301
SPS: 5300
SPS: 5299
SPS: 5298
SPS: 5297
SPS: 5297
SPS: 5296
global_step=1635328, episodic_return=150.0 (n=128)
SPS: 5297
SPS: 5297
SPS: 5298
SPS: 5299
SPS: 5300
SPS: 5302
SPS: 5303
SPS: 5303
SPS: 5305
SPS: 5306
SPS: 5304
SPS: 5304
SPS: 5304
SPS: 5304
SPS: 5303
SPS: 5302
SPS: 5303
global_step=1705600, episodic_return=310.0 (n=128)
SPS: 5304
SPS: 5305
SPS: 5304
SPS: 5304
SPS: 5304
SPS: 5302
SPS: 5302
SPS: 5301
SPS: 5301
SPS: 5301
SPS: 5301
SPS: 5302
SPS: 5303
SPS: 5304
global_step=1764864, episodic_return=90.0 (n=128)
SPS: 5303
SPS: 5304
SPS: 5306
SPS: 5307
SPS: 5308
SPS: 5309
SPS: 5310
SPS: 5311
SPS: 5311
SPS: 5312
SPS: 5313
SPS: 5314
SPS: 5315
global_step=1815168, episodic_return=90.0 (n=128)
SPS: 5316
SPS: 5317
SPS: 5318
SPS: 5318
SPS: 5317
SPS: 5317
SPS: 5319
SPS: 5319
SPS: 5320
SPS: 5321
SPS: 5321
SPS: 5322
SPS: 5322
global_step=1868672, episodic_return=55.0 (n=128)
SPS: 5322
SPS: 5322
SPS: 5321
SPS: 5321
SPS: 5320
SPS: 5321
SPS: 5322
SPS: 5321
SPS: 5322
global_step=1907072, episodic_return=65.0 (n=128)
SPS: 5321
SPS: 5322
SPS: 5321
SPS: 5322
SPS: 5323
SPS: 5324
SPS: 5325
SPS: 5326
SPS: 5324
SPS: 5325
SPS: 5323
SPS: 5324
SPS: 5324
SPS: 5325
SPS: 5326
global_step=1966336, episodic_return=120.0 (n=128)
SPS: 5327
SPS: 5327
SPS: 5328
SPS: 5329
SPS: 5329
SPS: 5330
SPS: 5331
SPS: 5329
SPS: 5330
SPS: 5330
SPS: 5328
SPS: 5328
SPS: 5328
SPS: 5328
SPS: 5327
SPS: 5327
SPS: 5327
SPS: 5327
SPS: 5327
global_step=2045440, episodic_return=130.0 (n=128)
SPS: 5328
SPS: 5328
SPS: 5329
SPS: 5329
SPS: 5330
SPS: 5331
SPS: 5332
SPS: 5333
SPS: 5333
SPS: 5334
SPS: 5334
SPS: 5335
SPS: 5336
SPS: 5335
SPS: 5336
SPS: 5336
SPS: 5336
SPS: 5337
SPS: 5338
SPS: 5338
SPS: 5339
SPS: 5340
global_step=2136832, episodic_return=455.0 (n=128)
SPS: 5340
SPS: 5341
SPS: 5342
SPS: 5342
SPS: 5343
SPS: 5344
SPS: 5344
SPS: 5345
SPS: 5345
SPS: 5346
SPS: 5346
SPS: 5347
SPS: 5348
SPS: 5348
global_step=2193536, episodic_return=155.0 (n=128)
SPS: 5349
SPS: 5350
SPS: 5351
SPS: 5352
SPS: 5351
SPS: 5351
SPS: 5351
SPS: 5351
SPS: 5351
SPS: 5352
SPS: 5353
SPS: 5352
global_step=2243072, episodic_return=65.0 (n=128)
SPS: 5353
SPS: 5353
SPS: 5354
SPS: 5354
SPS: 5354
SPS: 5354
SPS: 5354
SPS: 5354
SPS: 5355
SPS: 5356
SPS: 5357
SPS: 5357
global_step=2289920, episodic_return=85.0 (n=128)
SPS: 5358
SPS: 5359
SPS: 5359
SPS: 5359
SPS: 5359
SPS: 5359
SPS: 5359
SPS: 5359
SPS: 5358
SPS: 5356
SPS: 5355
SPS: 5354
SPS: 5354
SPS: 5354
SPS: 5354
SPS: 5354
SPS: 5355
SPS: 5356
SPS: 5356
SPS: 5356
SPS: 5356
SPS: 5356
SPS: 5355
SPS: 5355
SPS: 5355
SPS: 5355
SPS: 5355
SPS: 5356
SPS: 5356
SPS: 5357
global_step=2414848, episodic_return=435.0 (n=128)
SPS: 5358
SPS: 5358
SPS: 5357
SPS: 5357
SPS: 5357
SPS: 5358
SPS: 5358
SPS: 5358
SPS: 5357
SPS: 5355
SPS: 5351
SPS: 5350
SPS: 5350
SPS: 5350
SPS: 5351
SPS: 5352
SPS: 5352
global_step=2482816, episodic_return=120.0 (n=128)
SPS: 5353
SPS: 5353
SPS: 5354
SPS: 5355
SPS: 5355
SPS: 5356
SPS: 5356
SPS: 5357
SPS: 5357
SPS: 5357
SPS: 5357
SPS: 5356
SPS: 5356
SPS: 5357
SPS: 5358
SPS: 5358
SPS: 5359
SPS: 5359
SPS: 5360
SPS: 5361
SPS: 5361
SPS: 5362
SPS: 5362
SPS: 5362
global_step=2581632, episodic_return=210.0 (n=128)
SPS: 5362
SPS: 5362
SPS: 5362
SPS: 5362
SPS: 5362
SPS: 5363
SPS: 5363
SPS: 5363
SPS: 5363
SPS: 5364
SPS: 5364
SPS: 5364
SPS: 5364
SPS: 5364
SPS: 5364
SPS: 5365
SPS: 5365
SPS: 5365
SPS: 5365
SPS: 5364
SPS: 5362
SPS: 5362
global_step=2673024, episodic_return=160.0 (n=128)
SPS: 5362
SPS: 5362
SPS: 5362
SPS: 5363
SPS: 5363
SPS: 5363
SPS: 5363
SPS: 5363
SPS: 5363
SPS: 5363
SPS: 5364
SPS: 5363
SPS: 5362
SPS: 5361
SPS: 5360
SPS: 5359
SPS: 5359
SPS: 5358
SPS: 5357
SPS: 5357
SPS: 5356
SPS: 5355
SPS: 5354
SPS: 5355
SPS: 5353
SPS: 5353
global_step=2781184, episodic_return=170.0 (n=128)
SPS: 5354
SPS: 5354
SPS: 5353
SPS: 5352
SPS: 5351
SPS: 5350
SPS: 5350
SPS: 5349
SPS: 5348
SPS: 5347
SPS: 5347
SPS: 5347
SPS: 5347
SPS: 5348
SPS: 5348
SPS: 5348
SPS: 5349
SPS: 5349
SPS: 5349
SPS: 5349
SPS: 5349
SPS: 5350
SPS: 5350
global_step=2874624, episodic_return=220.0 (n=128)
SPS: 5350
SPS: 5350
SPS: 5350
SPS: 5350
SPS: 5351
SPS: 5351
SPS: 5351
SPS: 5351
SPS: 5351
SPS: 5351
SPS: 5352
SPS: 5351
SPS: 5350
SPS: 5349
SPS: 5347
SPS: 5346
SPS: 5345
global_step=2942848, episodic_return=120.0 (n=128)
SPS: 5344
SPS: 5344
SPS: 5345
SPS: 5344
SPS: 5344
SPS: 5344
SPS: 5344
SPS: 5344
SPS: 5344
SPS: 5345
global_step=2985088, episodic_return=110.0 (n=128)
SPS: 5345
SPS: 5345
SPS: 5345
SPS: 5345
SPS: 5345
SPS: 5345
SPS: 5344
SPS: 5343
SPS: 5342
SPS: 5341
SPS: 5342
global_step=3027584, episodic_return=75.0 (n=128)
SPS: 5342
SPS: 5342
SPS: 5342
SPS: 5342
SPS: 5343
SPS: 5342
SPS: 5343
SPS: 5343
SPS: 5343
SPS: 5344
SPS: 5344
SPS: 5345
SPS: 5344
SPS: 5345
global_step=3086592, episodic_return=135.0 (n=128)
SPS: 5345
SPS: 5344
SPS: 5345
SPS: 5345
SPS: 5346
SPS: 5346
SPS: 5347
SPS: 5347
SPS: 5346
SPS: 5347
SPS: 5347
SPS: 5347
SPS: 5347
SPS: 5346
SPS: 5346
SPS: 5346
SPS: 5347
SPS: 5347
global_step=3161216, episodic_return=110.0 (n=128)
SPS: 5347
SPS: 5347
SPS: 5347
SPS: 5347
SPS: 5347
SPS: 5347
SPS: 5347
SPS: 5347
SPS: 5347
SPS: 5347
SPS: 5348
SPS: 5348
SPS: 5348
SPS: 5348
SPS: 5348
SPS: 5348
SPS: 5349
global_step=3228928, episodic_return=155.0 (n=128)
SPS: 5349
SPS: 5349
SPS: 5349
SPS: 5348
SPS: 5348
SPS: 5348
SPS: 5347
SPS: 5346
SPS: 5345
SPS: 5346
global_step=3272576, episodic_return=90.0 (n=128)
SPS: 5346
SPS: 5346
SPS: 5346
SPS: 5347
SPS: 5347
SPS: 5347
SPS: 5347
SPS: 5348
SPS: 5348
SPS: 5348
SPS: 5348
SPS: 5348
SPS: 5349
SPS: 5349
SPS: 5349
SPS: 5349
SPS: 5349
SPS: 5349
global_step=3344768, episodic_return=120.0 (n=128)
SPS: 5349
SPS: 5349
SPS: 5348
SPS: 5349
SPS: 5349
SPS: 5349
SPS: 5349
SPS: 5349
SPS: 5349
SPS: 5349
SPS: 5349
SPS: 5348
global_step=3391872, episodic_return=110.0 (n=128)
SPS: 5348
SPS: 5349
SPS: 5349
SPS: 5349
SPS: 5349
SPS: 5349
SPS: 5349
SPS: 5348
SPS: 5348
global_step=3429120, episodic_return=45.0 (n=128)
SPS: 5348
SPS: 5348
SPS: 5348
SPS: 5348
SPS: 5348
SPS: 5347
SPS: 5346
SPS: 5346
SPS: 5345
SPS: 5345
SPS: 5344
SPS: 5344
SPS: 5344
SPS: 5344
SPS: 5344
global_step=3490304, episodic_return=180.0 (n=128)
SPS: 5345
SPS: 5344
SPS: 5343
SPS: 5342
SPS: 5342
SPS: 5342
SPS: 5342
SPS: 5342
SPS: 5342
SPS: 5343
global_step=3533312, episodic_return=80.0 (n=128)
SPS: 5342
SPS: 5342
SPS: 5342
SPS: 5343
SPS: 5343
SPS: 5343
SPS: 5343
SPS: 5343
SPS: 5343
SPS: 5343
global_step=3575680, episodic_return=50.0 (n=128)
SPS: 5342
SPS: 5342
SPS: 5341
SPS: 5340
SPS: 5339
SPS: 5338
SPS: 5338
SPS: 5338
SPS: 5337
SPS: 5337
SPS: 5337
SPS: 5337
SPS: 5337
SPS: 5337
SPS: 5338
SPS: 5338
global_step=3638016, episodic_return=105.0 (n=128)
SPS: 5338
SPS: 5339
SPS: 5339
SPS: 5339
SPS: 5340
SPS: 5340
SPS: 5340
SPS: 5340
SPS: 5340
SPS: 5340
SPS: 5340
SPS: 5340
SPS: 5341
global_step=3693696, episodic_return=45.0 (n=128)
SPS: 5340
SPS: 5341
SPS: 5340
SPS: 5339
SPS: 5339
SPS: 5338
SPS: 5337
SPS: 5336
SPS: 5335
SPS: 5335
SPS: 5335
SPS: 5334
global_step=3741824, episodic_return=80.0 (n=128)
SPS: 5334
SPS: 5335
SPS: 5335
SPS: 5334
SPS: 5335
SPS: 5335
SPS: 5335
SPS: 5335
SPS: 5335
SPS: 5336
SPS: 5335
SPS: 5335
SPS: 5335
SPS: 5335
global_step=3800320, episodic_return=90.0 (n=128)
SPS: 5335
SPS: 5335
SPS: 5335
SPS: 5335
SPS: 5335
SPS: 5335
SPS: 5335
SPS: 5336
SPS: 5336
SPS: 5336
SPS: 5335
SPS: 5335
SPS: 5335
SPS: 5335
SPS: 5336
global_step=3858560, episodic_return=65.0 (n=128)
SPS: 5336
SPS: 5336
SPS: 5336
SPS: 5335
SPS: 5335
SPS: 5335
SPS: 5335
SPS: 5335
SPS: 5335
SPS: 5334
SPS: 5334
SPS: 5334
SPS: 5334
global_step=3913728, episodic_return=65.0 (n=128)
SPS: 5334
SPS: 5335
SPS: 5335
SPS: 5334
SPS: 5334
SPS: 5334
SPS: 5333
SPS: 5332
SPS: 5332
SPS: 5331
SPS: 5330
SPS: 5329
SPS: 5329
SPS: 5328
SPS: 5327
SPS: 5326
SPS: 5325
SPS: 5325
SPS: 5325
global_step=3992576, episodic_return=120.0 (n=128)
SPS: 5324
SPS: 5323
SPS: 5322
SPS: 5322
SPS: 5321
SPS: 5321
SPS: 5321
SPS: 5321
SPS: 5321
SPS: 5321
SPS: 5321
global_step=4035584, episodic_return=15.0 (n=128)
SPS: 5319
SPS: 5317
SPS: 5316
SPS: 5316
SPS: 5315
SPS: 5315
SPS: 5315
SPS: 5315
SPS: 5314
SPS: 5314
SPS: 5315
SPS: 5315
SPS: 5316
SPS: 5316
SPS: 5317
SPS: 5317
SPS: 5317
SPS: 5317
global_step=4110080, episodic_return=180.0 (n=128)
SPS: 5318
SPS: 5317
SPS: 5317
SPS: 5317
SPS: 5317
SPS: 5317
SPS: 5317
SPS: 5318
SPS: 5318
SPS: 5318
SPS: 5318
SPS: 5318
SPS: 5318
SPS: 5318
SPS: 5318
SPS: 5318
SPS: 5318
SPS: 5318
global_step=4183040, episodic_return=180.0 (n=128)
SPS: 5318
SPS: 5318
SPS: 5318
SPS: 5319
SPS: 5318
SPS: 5318
SPS: 5318
SPS: 5318
SPS: 5318
SPS: 5318
SPS: 5318
global_step=4229888, episodic_return=60.0 (n=128)
SPS: 5318
SPS: 5318
SPS: 5317
SPS: 5316
SPS: 5315
SPS: 5315
SPS: 5315
SPS: 5314
SPS: 5313
SPS: 5313
SPS: 5312
SPS: 5312
SPS: 5311
SPS: 5311
SPS: 5311
SPS: 5310
SPS: 5310
SPS: 5309
SPS: 5309
SPS: 5309
SPS: 5308
SPS: 5308
SPS: 5307
SPS: 5307
SPS: 5307
SPS: 5307
SPS: 5307
SPS: 5307
global_step=4345728, episodic_return=515.0 (n=128)
SPS: 5308
SPS: 5308
SPS: 5308
SPS: 5308
SPS: 5308
SPS: 5308
SPS: 5308
SPS: 5308
SPS: 5308
SPS: 5307
SPS: 5306
SPS: 5306
SPS: 5305
SPS: 5305
SPS: 5304
SPS: 5303
SPS: 5303
SPS: 5302
global_step=4418176, episodic_return=180.0 (n=128)
SPS: 5302
SPS: 5302
SPS: 5301
SPS: 5300
SPS: 5300
SPS: 5300
SPS: 5299
SPS: 5299
SPS: 5299
SPS: 5299
SPS: 5298
SPS: 5297
SPS: 5297
SPS: 5296
SPS: 5296
SPS: 5296
global_step=4484224, episodic_return=110.0 (n=128)
SPS: 5295
SPS: 5296
SPS: 5296
SPS: 5295
SPS: 5295
SPS: 5294
SPS: 5294
SPS: 5293
SPS: 5293
global_step=4519808, episodic_return=35.0 (n=128)
SPS: 5293
SPS: 5292
SPS: 5291
SPS: 5290
SPS: 5290
SPS: 5289
SPS: 5289
SPS: 5288
SPS: 5288
SPS: 5287
SPS: 5287
global_step=4565376, episodic_return=105.0 (n=128)
SPS: 5286
SPS: 5286
SPS: 5286
SPS: 5286
SPS: 5286
SPS: 5285
SPS: 5285
SPS: 5285
SPS: 5285
global_step=4599936, episodic_return=45.0 (n=128)
SPS: 5284
SPS: 5284
SPS: 5284
SPS: 5283
SPS: 5283
SPS: 5283
SPS: 5282
SPS: 5282
SPS: 5281
SPS: 5282
SPS: 5282
SPS: 5282
SPS: 5282
SPS: 5282
SPS: 5282
SPS: 5282
SPS: 5283
SPS: 5283
SPS: 5283
global_step=4679680, episodic_return=210.0 (n=128)
SPS: 5283
SPS: 5283
SPS: 5283
SPS: 5283
SPS: 5283
SPS: 5283
SPS: 5283
SPS: 5283
SPS: 5283
SPS: 5283
SPS: 5283
SPS: 5283
SPS: 5283
SPS: 5283
SPS: 5283
SPS: 5283
SPS: 5284
SPS: 5284
SPS: 5284
SPS: 5283
global_step=4763264, episodic_return=170.0 (n=128)
SPS: 5283
SPS: 5283
SPS: 5283
SPS: 5283
SPS: 5284
SPS: 5284
SPS: 5284
SPS: 5284
SPS: 5285
SPS: 5285
SPS: 5285
SPS: 5285
SPS: 5285
SPS: 5285
SPS: 5285
SPS: 5286
SPS: 5286
SPS: 5286
SPS: 5286
SPS: 5286
SPS: 5286
SPS: 5286
global_step=4852096, episodic_return=215.0 (n=128)
SPS: 5286
SPS: 5285
SPS: 5285
SPS: 5285
SPS: 5285
SPS: 5285
SPS: 5285
SPS: 5285
SPS: 5284
SPS: 5284
SPS: 5284
SPS: 5284
SPS: 5285
SPS: 5285
SPS: 5285
SPS: 5285
SPS: 5285
SPS: 5285
SPS: 5285
global_step=4929280, episodic_return=210.0 (n=128)
SPS: 5285
SPS: 5286
SPS: 5286
SPS: 5286
SPS: 5287
SPS: 5287
SPS: 5287
SPS: 5287
SPS: 5287
SPS: 5286
SPS: 5286
SPS: 5287
SPS: 5286
SPS: 5287
SPS: 5287
SPS: 5287
SPS: 5287
SPS: 5287
SPS: 5287
SPS: 5287
global_step=5009536, episodic_return=225.0 (n=128)
SPS: 5287
SPS: 5287
SPS: 5287
SPS: 5287
SPS: 5288
SPS: 5288
SPS: 5288
SPS: 5288
SPS: 5289
SPS: 5289
SPS: 5290
global_step=5057280, episodic_return=80.0 (n=128)
SPS: 5290
SPS: 5290
SPS: 5291
SPS: 5291
SPS: 5290
SPS: 5290
SPS: 5290
SPS: 5290
SPS: 5291
SPS: 5291
SPS: 5291
SPS: 5290
SPS: 5290
SPS: 5290
SPS: 5289
SPS: 5288
SPS: 5288
SPS: 5288
SPS: 5287
SPS: 5287
global_step=5137152, episodic_return=210.0 (n=128)
SPS: 5286
SPS: 5286
SPS: 5285
SPS: 5285
SPS: 5284
SPS: 5284
SPS: 5284
SPS: 5283
SPS: 5283
SPS: 5282
SPS: 5281
SPS: 5280
global_step=5188608, episodic_return=30.0 (n=128)
SPS: 5280
SPS: 5279
SPS: 5279
SPS: 5278
SPS: 5278
SPS: 5277
SPS: 5277
SPS: 5276
SPS: 5276
global_step=5224960, episodic_return=45.0 (n=128)
SPS: 5275
SPS: 5275
SPS: 5275
SPS: 5274
SPS: 5274
SPS: 5274
SPS: 5274
SPS: 5274
SPS: 5274
SPS: 5274
SPS: 5274
SPS: 5275
SPS: 5275
SPS: 5275
SPS: 5275
SPS: 5275
SPS: 5275
SPS: 5276
SPS: 5276
SPS: 5276
global_step=5306752, episodic_return=240.0 (n=128)
SPS: 5275
SPS: 5275
SPS: 5276
SPS: 5276
SPS: 5275
SPS: 5275
SPS: 5274
SPS: 5274
SPS: 5274
SPS: 5274
SPS: 5273
SPS: 5273
SPS: 5274
SPS: 5274
SPS: 5274
global_step=5366144, episodic_return=135.0 (n=128)
SPS: 5274
SPS: 5274
SPS: 5274
SPS: 5273
SPS: 5273
SPS: 5273
SPS: 5272
SPS: 5272
SPS: 5272
SPS: 5272
SPS: 5273
SPS: 5273
SPS: 5273
global_step=5422080, episodic_return=105.0 (n=128)
SPS: 5273
SPS: 5273
SPS: 5273
SPS: 5273
SPS: 5273
SPS: 5273
SPS: 5273
SPS: 5273
SPS: 5274
SPS: 5274
SPS: 5274
SPS: 5275
SPS: 5275
SPS: 5275
SPS: 5275
SPS: 5274
global_step=5488384, episodic_return=100.0 (n=128)
SPS: 5274
SPS: 5275
SPS: 5275
SPS: 5275
SPS: 5275
SPS: 5275
SPS: 5276
SPS: 5276
SPS: 5276
SPS: 5276
SPS: 5277
SPS: 5277
SPS: 5277
SPS: 5277
SPS: 5277
SPS: 5277
SPS: 5276
SPS: 5276
global_step=5558784, episodic_return=105.0 (n=128)
SPS: 5275
SPS: 5275
SPS: 5275
SPS: 5275
SPS: 5275
SPS: 5274
SPS: 5272
SPS: 5271
SPS: 5271
SPS: 5271
SPS: 5270
SPS: 5270
SPS: 5270
SPS: 5269
global_step=5619456, episodic_return=125.0 (n=128)
SPS: 5269
SPS: 5270
SPS: 5269
SPS: 5269
SPS: 5270
SPS: 5270
SPS: 5270
SPS: 5270
SPS: 5271
SPS: 5271
SPS: 5271
SPS: 5271
SPS: 5271
SPS: 5271
SPS: 5271
SPS: 5271
global_step=5684224, episodic_return=130.0 (n=128)
SPS: 5271
SPS: 5271
SPS: 5271
SPS: 5271
SPS: 5272
SPS: 5272
SPS: 5272
SPS: 5272
SPS: 5272
SPS: 5271
SPS: 5271
SPS: 5272
SPS: 5272
SPS: 5272
SPS: 5272
SPS: 5272
SPS: 5273
SPS: 5273
SPS: 5273
global_step=5762816, episodic_return=155.0 (n=128)
SPS: 5273
SPS: 5273
SPS: 5273
SPS: 5273
SPS: 5273
SPS: 5273
SPS: 5273
SPS: 5273
SPS: 5273
SPS: 5273
SPS: 5273
SPS: 5273
SPS: 5273
SPS: 5273
SPS: 5273
SPS: 5273
SPS: 5273
SPS: 5273
SPS: 5273
SPS: 5274
SPS: 5274
SPS: 5274
SPS: 5274
SPS: 5274
SPS: 5274
global_step=5863168, episodic_return=315.0 (n=128)
SPS: 5274
SPS: 5274
SPS: 5274
SPS: 5274
SPS: 5274
SPS: 5274
SPS: 5274
SPS: 5274
SPS: 5274
SPS: 5274
SPS: 5274
SPS: 5274
SPS: 5274
SPS: 5274
SPS: 5273
SPS: 5272
global_step=5928960, episodic_return=105.0 (n=128)
SPS: 5272
SPS: 5272
SPS: 5272
SPS: 5271
SPS: 5271
SPS: 5271
SPS: 5271
SPS: 5270
SPS: 5270
SPS: 5270
SPS: 5270
SPS: 5270
SPS: 5270
SPS: 5270
global_step=5984640, episodic_return=135.0 (n=128)
SPS: 5270
SPS: 5270
SPS: 5270
SPS: 5269
SPS: 5269
SPS: 5269
SPS: 5269
SPS: 5269
SPS: 5269
SPS: 5269
SPS: 5268
SPS: 5268
SPS: 5268
SPS: 5268
SPS: 5269
global_step=6047360, episodic_return=110.0 (n=128)
SPS: 5269
SPS: 5269
SPS: 5269
SPS: 5269
SPS: 5269
SPS: 5269
SPS: 5269
SPS: 5269
SPS: 5269
SPS: 5269
SPS: 5269
SPS: 5269
SPS: 5270
global_step=6102912, episodic_return=135.0 (n=128)
SPS: 5270
SPS: 5270
SPS: 5270
SPS: 5270
SPS: 5270
SPS: 5270
SPS: 5270
SPS: 5269
SPS: 5269
SPS: 5270
SPS: 5270
SPS: 5270
SPS: 5270
SPS: 5270
SPS: 5270
global_step=6163968, episodic_return=90.0 (n=128)
SPS: 5270
SPS: 5271
SPS: 5271
SPS: 5271
SPS: 5271
SPS: 5271
SPS: 5271
SPS: 5271
SPS: 5271
SPS: 5271
SPS: 5271
SPS: 5271
SPS: 5271
SPS: 5271
SPS: 5272
SPS: 5272
SPS: 5272
SPS: 5272
SPS: 5271
global_step=6240512, episodic_return=240.0 (n=128)
SPS: 5271
SPS: 5271
SPS: 5271
SPS: 5271
SPS: 5272
SPS: 5271
SPS: 5271
SPS: 5271
SPS: 5272
SPS: 5272
SPS: 5272
SPS: 5271
SPS: 5271
SPS: 5271
SPS: 5271
SPS: 5271
SPS: 5271
SPS: 5271
global_step=6314240, episodic_return=180.0 (n=128)
SPS: 5271
SPS: 5271
SPS: 5270
SPS: 5270
SPS: 5270
SPS: 5271
SPS: 5270
SPS: 5270
SPS: 5270
SPS: 5270
SPS: 5269
SPS: 5269
SPS: 5269
SPS: 5269
SPS: 5268
SPS: 5268
SPS: 5268
SPS: 5267
global_step=6388864, episodic_return=355.0 (n=128)
SPS: 5267
SPS: 5267
SPS: 5266
SPS: 5266
SPS: 5266
SPS: 5266
SPS: 5266
SPS: 5266
SPS: 5265
SPS: 5265
SPS: 5265
SPS: 5264
SPS: 5264
SPS: 5264
SPS: 5264
SPS: 5263
global_step=6451328, episodic_return=120.0 (n=128)
SPS: 5263
SPS: 5263
SPS: 5263
SPS: 5262
SPS: 5262
SPS: 5262
SPS: 5262
SPS: 5262
SPS: 5262
SPS: 5262
SPS: 5261
SPS: 5261
global_step=6501376, episodic_return=105.0 (n=128)
SPS: 5261
SPS: 5262
SPS: 5261
SPS: 5261
SPS: 5261
SPS: 5261
SPS: 5261
SPS: 5261
SPS: 5260
SPS: 5260
SPS: 5260
SPS: 5259
SPS: 5259
SPS: 5259
SPS: 5258
SPS: 5258
SPS: 5257
SPS: 5257
SPS: 5257
SPS: 5257
global_step=6583936, episodic_return=265.0 (n=128)
SPS: 5256
SPS: 5256
SPS: 5256
SPS: 5255
SPS: 5255
SPS: 5255
SPS: 5255
SPS: 5254
SPS: 5254
SPS: 5253
SPS: 5253
SPS: 5253
SPS: 5253
SPS: 5252
SPS: 5252
SPS: 5252
SPS: 5251
SPS: 5252
SPS: 5252
SPS: 5252
SPS: 5252
SPS: 5252
SPS: 5252
SPS: 5252
SPS: 5252
SPS: 5252
SPS: 5253
global_step=6693376, episodic_return=425.0 (n=128)
SPS: 5252
SPS: 5252
SPS: 5253
SPS: 5252
SPS: 5252
SPS: 5252
SPS: 5251
SPS: 5251
SPS: 5251
SPS: 5251
SPS: 5251
SPS: 5251
SPS: 5250
SPS: 5250
global_step=6752896, episodic_return=105.0 (n=128)
SPS: 5251
SPS: 5250
SPS: 5250
SPS: 5251
SPS: 5251
SPS: 5251
SPS: 5250
SPS: 5251
SPS: 5251
SPS: 5251
SPS: 5251
SPS: 5251
SPS: 5251
SPS: 5251
SPS: 5251
SPS: 5251
SPS: 5251
SPS: 5251
SPS: 5251
SPS: 5251
SPS: 5252
SPS: 5252
SPS: 5252
SPS: 5252
global_step=6849408, episodic_return=140.0 (n=128)
SPS: 5252
SPS: 5252
SPS: 5252
SPS: 5252
SPS: 5252
SPS: 5252
SPS: 5252
SPS: 5252
SPS: 5253
SPS: 5253
SPS: 5253
SPS: 5253
SPS: 5253
SPS: 5253
SPS: 5253
SPS: 5254
SPS: 5254
SPS: 5254
SPS: 5254
SPS: 5254
SPS: 5254
SPS: 5254
SPS: 5253
global_step=6944384, episodic_return=135.0 (n=128)
SPS: 5253
SPS: 5253
SPS: 5253
SPS: 5253
SPS: 5254
SPS: 5254
SPS: 5254
SPS: 5254
SPS: 5254
SPS: 5254
SPS: 5255
SPS: 5255
SPS: 5254
SPS: 5254
SPS: 5255
SPS: 5255
SPS: 5255
SPS: 5255
SPS: 5255
SPS: 5255
SPS: 5255
SPS: 5255
global_step=7036416, episodic_return=155.0 (n=128)
SPS: 5255
SPS: 5254
SPS: 5254
SPS: 5254
SPS: 5254
SPS: 5254
SPS: 5253
SPS: 5253
SPS: 5253
SPS: 5253
SPS: 5252
SPS: 5252
SPS: 5252
SPS: 5252
SPS: 5252
SPS: 5252
SPS: 5253
SPS: 5253
SPS: 5253
SPS: 5253
SPS: 5253
SPS: 5253
SPS: 5253
global_step=7128064, episodic_return=185.0 (n=128)
SPS: 5253
SPS: 5253
SPS: 5254
SPS: 5253
SPS: 5254
SPS: 5254
SPS: 5254
SPS: 5254
SPS: 5254
SPS: 5254
SPS: 5254
SPS: 5254
SPS: 5254
SPS: 5254
SPS: 5254
global_step=7190528, episodic_return=135.0 (n=128)
SPS: 5254
SPS: 5254
SPS: 5254
SPS: 5254
SPS: 5254
SPS: 5255
SPS: 5255
SPS: 5255
SPS: 5255
SPS: 5255
SPS: 5255
SPS: 5255
SPS: 5255
SPS: 5255
SPS: 5255
SPS: 5255
global_step=7256448, episodic_return=135.0 (n=128)
SPS: 5255
SPS: 5255
SPS: 5255
SPS: 5256
SPS: 5256
SPS: 5256
SPS: 5256
SPS: 5256
SPS: 5256
SPS: 5256
SPS: 5256
global_step=7302528, episodic_return=135.0 (n=128)
SPS: 5256
SPS: 5256
SPS: 5256
SPS: 5256
SPS: 5256
SPS: 5257
SPS: 5257
SPS: 5257
SPS: 5257
SPS: 5257
SPS: 5257
global_step=7347840, episodic_return=90.0 (n=128)
SPS: 5257
SPS: 5256
SPS: 5257
SPS: 5257
SPS: 5257
SPS: 5257
SPS: 5257
SPS: 5257
SPS: 5258
SPS: 5257
global_step=7385600, episodic_return=45.0 (n=128)
SPS: 5257
SPS: 5257
SPS: 5257
SPS: 5258
SPS: 5258
SPS: 5258
SPS: 5258
SPS: 5258
SPS: 5258
SPS: 5257
SPS: 5257
SPS: 5257
SPS: 5257
SPS: 5256
SPS: 5256
SPS: 5256
SPS: 5256
SPS: 5256
SPS: 5255
SPS: 5255
SPS: 5255
SPS: 5255
SPS: 5254
global_step=7480192, episodic_return=140.0 (n=128)
SPS: 5254
SPS: 5254
SPS: 5254
SPS: 5254
SPS: 5253
SPS: 5253
SPS: 5253
SPS: 5253
SPS: 5253
SPS: 5252
SPS: 5252
SPS: 5252
SPS: 5252
SPS: 5252
SPS: 5252
SPS: 5252
global_step=7546112, episodic_return=155.0 (n=128)
SPS: 5252
SPS: 5253
SPS: 5253
SPS: 5252
SPS: 5252
SPS: 5252
SPS: 5252
SPS: 5252
SPS: 5253
SPS: 5253
SPS: 5253
SPS: 5253
SPS: 5253
SPS: 5253
SPS: 5253
SPS: 5254
global_step=7613440, episodic_return=210.0 (n=128)
SPS: 5254
SPS: 5254
SPS: 5254
SPS: 5254
SPS: 5254
SPS: 5254
SPS: 5254
SPS: 5254
SPS: 5254
global_step=7650432, episodic_return=100.0 (n=128)
SPS: 5255
SPS: 5254
SPS: 5254
SPS: 5254
SPS: 5254
SPS: 5253
SPS: 5253
SPS: 5253
SPS: 5253
SPS: 5252
SPS: 5252
SPS: 5252
SPS: 5252
SPS: 5252
SPS: 5252
SPS: 5252
SPS: 5252
SPS: 5252
SPS: 5252
SPS: 5252
global_step=7731584, episodic_return=180.0 (n=128)
SPS: 5252
SPS: 5253
SPS: 5253
SPS: 5253
SPS: 5253
SPS: 5253
SPS: 5253
SPS: 5253
SPS: 5254
SPS: 5254
SPS: 5254
SPS: 5254
SPS: 5254
SPS: 5254
SPS: 5254
SPS: 5254
SPS: 5254
global_step=7802368, episodic_return=200.0 (n=128)
SPS: 5254
SPS: 5254
SPS: 5254
SPS: 5254
SPS: 5254
SPS: 5255
SPS: 5255
SPS: 5255
SPS: 5255
SPS: 5255
SPS: 5255
SPS: 5255
SPS: 5256
SPS: 5256
SPS: 5255
SPS: 5255
global_step=7868160, episodic_return=120.0 (n=128)
SPS: 5255
SPS: 5254
SPS: 5254
SPS: 5254
SPS: 5254
SPS: 5254
SPS: 5254
SPS: 5254
SPS: 5254
SPS: 5254
SPS: 5254
SPS: 5254
SPS: 5253
SPS: 5253
SPS: 5253
SPS: 5253
SPS: 5253
SPS: 5254
SPS: 5254
SPS: 5254
SPS: 5254
SPS: 5254
SPS: 5254
SPS: 5254
SPS: 5255
SPS: 5255
SPS: 5255
SPS: 5255
global_step=7980544, episodic_return=440.0 (n=128)
SPS: 5255
SPS: 5256
SPS: 5256
SPS: 5256
SPS: 5256
SPS: 5256
SPS: 5256
SPS: 5255
SPS: 5255
SPS: 5255
SPS: 5255
SPS: 5255
SPS: 5256
SPS: 5256
SPS: 5256
SPS: 5256
SPS: 5256
SPS: 5256
global_step=8056064, episodic_return=180.0 (n=128)
SPS: 5256
SPS: 5257
SPS: 5257
SPS: 5257
SPS: 5257
SPS: 5257
SPS: 5257
SPS: 5257
SPS: 5257
global_step=8091904, episodic_return=50.0 (n=128)
SPS: 5257
SPS: 5256
SPS: 5256
SPS: 5255
SPS: 5254
SPS: 5255
SPS: 5255
SPS: 5255
SPS: 5255
SPS: 5255
SPS: 5255
SPS: 5255
SPS: 5255
SPS: 5255
SPS: 5255
global_step=8154496, episodic_return=160.0 (n=128)
SPS: 5255
SPS: 5255
SPS: 5256
SPS: 5256
SPS: 5255
SPS: 5255
SPS: 5255
SPS: 5254
SPS: 5254
SPS: 5254
SPS: 5254
SPS: 5254
SPS: 5253
SPS: 5253
SPS: 5253
SPS: 5253
SPS: 5252
SPS: 5252
SPS: 5252
SPS: 5251
SPS: 5251
SPS: 5251
SPS: 5250
global_step=8247040, episodic_return=330.0 (n=128)
SPS: 5250
SPS: 5249
SPS: 5249
SPS: 5249
SPS: 5249
SPS: 5248
SPS: 5248
SPS: 5249
SPS: 5249
SPS: 5249
SPS: 5249
global_step=8292736, episodic_return=105.0 (n=128)
SPS: 5249
SPS: 5250
SPS: 5250
SPS: 5250
SPS: 5250
SPS: 5250
SPS: 5250
SPS: 5250
SPS: 5251
SPS: 5251
SPS: 5251
SPS: 5251
SPS: 5251
SPS: 5251
SPS: 5251
SPS: 5252
SPS: 5252
SPS: 5252
global_step=8367744, episodic_return=150.0 (n=128)
SPS: 5252
SPS: 5252
SPS: 5252
SPS: 5252
SPS: 5252
SPS: 5252
SPS: 5252
SPS: 5252
SPS: 5252
SPS: 5251
SPS: 5251
SPS: 5251
SPS: 5250
global_step=8418048, episodic_return=80.0 (n=128)
SPS: 5250
SPS: 5250
SPS: 5250
SPS: 5249
SPS: 5249
SPS: 5249
SPS: 5249
SPS: 5249
global_step=8453376, episodic_return=60.0 (n=128)
SPS: 5249
SPS: 5250
SPS: 5250
SPS: 5250
SPS: 5250
SPS: 5250
SPS: 5250
SPS: 5250
SPS: 5250
SPS: 5250
global_step=8494720, episodic_return=125.0 (n=128)
SPS: 5250
SPS: 5251
SPS: 5251
SPS: 5251
SPS: 5251
SPS: 5251
SPS: 5251
SPS: 5251
SPS: 5251
SPS: 5251
SPS: 5252
SPS: 5252
SPS: 5252
SPS: 5252
SPS: 5252
SPS: 5251
SPS: 5251
global_step=8562688, episodic_return=210.0 (n=128)
SPS: 5251
SPS: 5251
SPS: 5251
SPS: 5250
SPS: 5250
SPS: 5250
SPS: 5250
SPS: 5249
SPS: 5249
SPS: 5249
SPS: 5249
global_step=8606336, episodic_return=105.0 (n=128)
SPS: 5249
SPS: 5248
SPS: 5248
SPS: 5248
SPS: 5248
SPS: 5248
SPS: 5248
SPS: 5248
SPS: 5248
SPS: 5247
SPS: 5247
SPS: 5247
SPS: 5247
SPS: 5247
SPS: 5246
global_step=8668800, episodic_return=155.0 (n=128)
SPS: 5246
SPS: 5246
SPS: 5246
SPS: 5245
SPS: 5245
SPS: 5245
SPS: 5245
SPS: 5244
SPS: 5244
SPS: 5244
global_step=8711680, episodic_return=80.0 (n=128)
SPS: 5244
SPS: 5244
SPS: 5244
SPS: 5245
SPS: 5245
SPS: 5245
SPS: 5245
SPS: 5245
SPS: 5245
SPS: 5245
global_step=8749184, episodic_return=75.0 (n=128)
SPS: 5246
SPS: 5246
SPS: 5246
SPS: 5245
SPS: 5246
SPS: 5246
SPS: 5246
SPS: 5246
SPS: 5246
SPS: 5246
SPS: 5246
SPS: 5246
SPS: 5246
SPS: 5246
SPS: 5246
SPS: 5246
SPS: 5246
global_step=8822144, episodic_return=180.0 (n=128)
SPS: 5247
SPS: 5246
SPS: 5246
SPS: 5246
SPS: 5246
SPS: 5246
SPS: 5246
SPS: 5246
SPS: 5247
SPS: 5247
SPS: 5247
SPS: 5246
SPS: 5246
SPS: 5246
SPS: 5246
global_step=8882048, episodic_return=145.0 (n=128)
SPS: 5246
SPS: 5246
SPS: 5247
SPS: 5247
SPS: 5247
SPS: 5247
SPS: 5247
SPS: 5247
SPS: 5247
SPS: 5247
SPS: 5247
SPS: 5247
SPS: 5246
SPS: 5246
SPS: 5246
SPS: 5245
SPS: 5245
global_step=8951552, episodic_return=150.0 (n=128)
SPS: 5245
SPS: 5245
SPS: 5245
SPS: 5245
SPS: 5244
SPS: 5244
SPS: 5244
SPS: 5244
SPS: 5244
SPS: 5243
SPS: 5243
SPS: 5243
SPS: 5243
global_step=9006080, episodic_return=105.0 (n=128)
SPS: 5243
SPS: 5243
SPS: 5243
SPS: 5243
SPS: 5244
SPS: 5244
SPS: 5244
SPS: 5244
SPS: 5244
SPS: 5244
SPS: 5244
SPS: 5244
SPS: 5244
SPS: 5244
SPS: 5244
SPS: 5244
SPS: 5244
SPS: 5244
SPS: 5244
SPS: 5244
SPS: 5244
SPS: 5244
global_step=9095168, episodic_return=335.0 (n=128)
SPS: 5244
SPS: 5244
SPS: 5244
SPS: 5243
SPS: 5243
SPS: 5243
SPS: 5243
SPS: 5242
SPS: 5242
global_step=9132288, episodic_return=55.0 (n=128)
SPS: 5242
SPS: 5242
SPS: 5242
SPS: 5241
SPS: 5241
SPS: 5241
SPS: 5241
SPS: 5240
SPS: 5240
SPS: 5240
SPS: 5239
SPS: 5239
global_step=9180800, episodic_return=125.0 (n=128)
SPS: 5239
SPS: 5239
SPS: 5239
SPS: 5239
SPS: 5239
SPS: 5239
SPS: 5239
SPS: 5239
SPS: 5240
SPS: 5240
SPS: 5240
SPS: 5240
SPS: 5240
SPS: 5240
global_step=9239808, episodic_return=25.0 (n=128)
SPS: 5240
SPS: 5240
SPS: 5240
SPS: 5240
SPS: 5241
SPS: 5241
SPS: 5241
SPS: 5241
global_step=9271424, episodic_return=30.0 (n=128)
SPS: 5241
SPS: 5241
SPS: 5241
SPS: 5241
SPS: 5241
SPS: 5241
SPS: 5241
SPS: 5241
SPS: 5241
SPS: 5242
SPS: 5242
global_step=9314944, episodic_return=90.0 (n=128)
SPS: 5242
SPS: 5242
SPS: 5242
SPS: 5242
SPS: 5242
SPS: 5242
SPS: 5242
SPS: 5242
SPS: 5243
SPS: 5243
SPS: 5243
SPS: 5243
SPS: 5243
SPS: 5243
SPS: 5243
SPS: 5243
SPS: 5243
SPS: 5244
SPS: 5244
SPS: 5244
SPS: 5244
global_step=9403008, episodic_return=225.0 (n=128)
SPS: 5244
SPS: 5244
SPS: 5244
SPS: 5245
SPS: 5245
SPS: 5245
SPS: 5245
SPS: 5245
SPS: 5245
SPS: 5245
SPS: 5245
SPS: 5245
SPS: 5246
SPS: 5246
SPS: 5246
SPS: 5246
SPS: 5246
SPS: 5246
SPS: 5246
SPS: 5246
global_step=9482880, episodic_return=230.0 (n=128)
SPS: 5246
SPS: 5246
SPS: 5246
SPS: 5246
SPS: 5246
SPS: 5246
SPS: 5247
SPS: 5247
global_step=9518976, episodic_return=60.0 (n=128)
SPS: 5247
SPS: 5246
SPS: 5246
SPS: 5246
SPS: 5246
SPS: 5245
SPS: 5245
SPS: 5245
SPS: 5244
SPS: 5244
SPS: 5244
SPS: 5244
SPS: 5243
SPS: 5243
SPS: 5243
SPS: 5243
SPS: 5243
SPS: 5243
SPS: 5243
global_step=9595264, episodic_return=155.0 (n=128)
SPS: 5244
SPS: 5243
SPS: 5243
SPS: 5244
SPS: 5244
SPS: 5244
SPS: 5244
SPS: 5244
SPS: 5243
global_step=9632256, episodic_return=55.0 (n=128)
SPS: 5244
SPS: 5244
SPS: 5244
SPS: 5244
SPS: 5244
SPS: 5244
SPS: 5244
SPS: 5244
SPS: 5244
SPS: 5244
SPS: 5244
SPS: 5244
global_step=9681280, episodic_return=85.0 (n=128)
SPS: 5244
SPS: 5244
SPS: 5244
SPS: 5244
SPS: 5244
SPS: 5244
SPS: 5244
SPS: 5244
SPS: 5244
SPS: 5244
SPS: 5244
global_step=9725824, episodic_return=30.0 (n=128)
SPS: 5244
SPS: 5244
SPS: 5244
SPS: 5244
SPS: 5244
SPS: 5244
SPS: 5244
SPS: 5244
SPS: 5244
SPS: 5244
SPS: 5244
SPS: 5244
global_step=9773696, episodic_return=110.0 (n=128)
SPS: 5244
SPS: 5244
SPS: 5244
SPS: 5244
SPS: 5244
SPS: 5244
SPS: 5244
SPS: 5244
SPS: 5244
SPS: 5244
SPS: 5244
SPS: 5244
SPS: 5244
SPS: 5244
SPS: 5244
SPS: 5244
SPS: 5244
global_step=9846656, episodic_return=120.0 (n=128)
SPS: 5244
SPS: 5244
SPS: 5244
SPS: 5244
SPS: 5244
SPS: 5244
SPS: 5244
SPS: 5244
SPS: 5244
SPS: 5245
SPS: 5245
SPS: 5245
SPS: 5245
SPS: 5245
SPS: 5245
SPS: 5245
SPS: 5245
SPS: 5245
SPS: 5245
SPS: 5245
SPS: 5245
SPS: 5245
global_step=9933184, episodic_return=435.0 (n=128)
SPS: 5246
SPS: 5246
SPS: 5246
SPS: 5246
SPS: 5246
SPS: 5246
SPS: 5246
SPS: 5246
SPS: 5246
SPS: 5246
SPS: 5246
SPS: 5246
SPS: 5246
SPS: 5245
SPS: 5245
SPS: 5245
Results saved to /runs/h000__SpaceInvaders-v5_s1.csv
slurmstepd: error: run_script_as_user: couldn't change working dir to /home/rogercc/'/scratch/rogercc/cleanrl': No such file or directory
