slurmstepd: error: couldn't chdir to `/home/rogercc/'/scratch/rogercc/cleanrl'': No such file or directory: going to /tmp instead
slurmstepd: error: couldn't chdir to `/home/rogercc/'/scratch/rogercc/cleanrl'': No such file or directory: going to /tmp instead
sending incremental file list
auto-cleanrl.sif

sent 4,938,043,507 bytes  received 35 bytes  429,395,090.61 bytes/sec
total size is 4,945,334,272  speedup is 1.00
/usr/local/lib/python3.10/dist-packages/treevalue/tree/integration/torch.py:23: FutureWarning: `torch.utils._pytree._register_pytree_node` is deprecated. Please use `torch.utils._pytree.register_pytree_node` instead.
  register_for_torch(TreeValue)
/usr/local/lib/python3.10/dist-packages/treevalue/tree/integration/torch.py:24: FutureWarning: `torch.utils._pytree._register_pytree_node` is deprecated. Please use `torch.utils._pytree.register_pytree_node` instead.
  register_for_torch(FastTreeValue)
Gym has been unmaintained since 2022 and does not support NumPy 2.0 amongst other critical functionality.
Please upgrade to Gymnasium, the maintained drop-in replacement of Gym, or contact the authors of your software and request that they upgrade.
See the migration guide at https://gymnasium.farama.org/introduction/migration_guide/ for additional information.
/usr/local/lib/python3.10/dist-packages/tyro/_parsers.py:353: UserWarning: The field `wandb-entity` is annotated with type `<class 'str'>`, but the default value `None` has type `<class 'NoneType'>`. We'll try to handle this gracefully, but it may cause unexpected behavior.
  warnings.warn(message)
/usr/local/lib/python3.10/dist-packages/tyro/_parsers.py:353: UserWarning: The field `target-kl` is annotated with type `<class 'float'>`, but the default value `None` has type `<class 'NoneType'>`. We'll try to handle this gracefully, but it may cause unexpected behavior.
  warnings.warn(message)
SPS: 1437
SPS: 1973
SPS: 2275
SPS: 2472
SPS: 2574
SPS: 2658
SPS: 2729
SPS: 2788
SPS: 2837
SPS: 2874
SPS: 2909
SPS: 2926
SPS: 2949
SPS: 2959
SPS: 2976
SPS: 2991
SPS: 2996
SPS: 2995
SPS: 2993
global_step=81280, episodic_return=150.0 (n=128)
SPS: 2985
SPS: 2988
SPS: 2994
SPS: 3002
SPS: 3004
SPS: 3010
SPS: 3019
SPS: 3026
SPS: 3032
SPS: 3037
SPS: 3042
SPS: 3049
SPS: 3053
SPS: 3057
SPS: 3063
SPS: 3067
SPS: 3067
SPS: 3068
SPS: 3066
SPS: 3068
SPS: 3072
SPS: 3076
global_step=169344, episodic_return=260.0 (n=128)
SPS: 3076
SPS: 3072
SPS: 3077
SPS: 3078
SPS: 3077
SPS: 3076
SPS: 3077
SPS: 3079
SPS: 3080
SPS: 3082
SPS: 3081
SPS: 3081
SPS: 3082
SPS: 3083
SPS: 3085
SPS: 3085
SPS: 3083
SPS: 3085
SPS: 3086
SPS: 3086
SPS: 3085
global_step=258048, episodic_return=210.0 (n=128)
SPS: 3084
SPS: 3085
SPS: 3086
SPS: 3085
SPS: 3084
SPS: 3087
SPS: 3090
SPS: 3092
SPS: 3093
SPS: 3094
SPS: 3095
SPS: 3096
SPS: 3097
SPS: 3098
SPS: 3099
SPS: 3101
SPS: 3100
SPS: 3102
SPS: 3100
SPS: 3101
SPS: 3102
SPS: 3101
global_step=345856, episodic_return=210.0 (n=128)
SPS: 3101
SPS: 3102
SPS: 3102
SPS: 3104
SPS: 3105
SPS: 3106
SPS: 3107
SPS: 3107
SPS: 3107
SPS: 3108
SPS: 3111
SPS: 3112
SPS: 3113
SPS: 3113
SPS: 3114
SPS: 3115
SPS: 3115
SPS: 3116
SPS: 3117
SPS: 3118
global_step=427776, episodic_return=150.0 (n=128)
SPS: 3118
SPS: 3118
SPS: 3119
SPS: 3118
SPS: 3119
SPS: 3120
SPS: 3121
SPS: 3120
SPS: 3119
SPS: 3119
SPS: 3119
SPS: 3120
SPS: 3120
SPS: 3120
SPS: 3120
SPS: 3121
SPS: 3121
SPS: 3122
global_step=502656, episodic_return=230.0 (n=128)
SPS: 3122
SPS: 3122
SPS: 3122
SPS: 3123
SPS: 3123
SPS: 3124
SPS: 3125
SPS: 3126
SPS: 3128
SPS: 3129
SPS: 3129
SPS: 3129
SPS: 3130
SPS: 3130
SPS: 3130
SPS: 3131
SPS: 3131
SPS: 3130
SPS: 3129
global_step=579968, episodic_return=130.0 (n=128)
SPS: 3130
SPS: 3130
SPS: 3131
SPS: 3131
SPS: 3131
SPS: 3131
SPS: 3132
SPS: 3132
SPS: 3133
SPS: 3133
SPS: 3133
SPS: 3133
SPS: 3133
SPS: 3133
SPS: 3133
SPS: 3133
SPS: 3133
SPS: 3134
SPS: 3134
SPS: 3135
SPS: 3135
SPS: 3135
SPS: 3135
SPS: 3136
global_step=678016, episodic_return=240.0 (n=128)
SPS: 3136
SPS: 3136
SPS: 3136
SPS: 3137
SPS: 3137
SPS: 3136
SPS: 3137
SPS: 3137
SPS: 3137
SPS: 3138
SPS: 3138
SPS: 3138
SPS: 3137
SPS: 3137
SPS: 3137
SPS: 3136
SPS: 3136
global_step=746112, episodic_return=120.0 (n=128)
SPS: 3134
SPS: 3135
SPS: 3135
SPS: 3135
SPS: 3136
SPS: 3135
SPS: 3135
SPS: 3136
SPS: 3136
SPS: 3136
SPS: 3136
SPS: 3136
SPS: 3135
SPS: 3136
SPS: 3136
SPS: 3136
SPS: 3136
SPS: 3136
SPS: 3136
SPS: 3135
global_step=829184, episodic_return=230.0 (n=128)
SPS: 3136
SPS: 3136
SPS: 3136
SPS: 3137
SPS: 3137
SPS: 3137
SPS: 3138
SPS: 3138
SPS: 3137
SPS: 3138
SPS: 3139
SPS: 3139
SPS: 3139
SPS: 3139
SPS: 3139
SPS: 3139
SPS: 3139
global_step=900992, episodic_return=190.0 (n=128)
SPS: 3139
SPS: 3138
SPS: 3138
SPS: 3138
SPS: 3138
SPS: 3138
SPS: 3138
SPS: 3138
SPS: 3138
SPS: 3138
SPS: 3138
SPS: 3138
SPS: 3138
SPS: 3138
SPS: 3137
SPS: 3137
SPS: 3138
SPS: 3138
SPS: 3138
SPS: 3138
global_step=980992, episodic_return=130.0 (n=128)
SPS: 3138
SPS: 3137
SPS: 3137
SPS: 3136
SPS: 3136
SPS: 3136
SPS: 3136
SPS: 3136
SPS: 3136
SPS: 3136
SPS: 3136
SPS: 3137
SPS: 3137
SPS: 3137
SPS: 3137
SPS: 3137
SPS: 3138
SPS: 3138
SPS: 3138
SPS: 3138
SPS: 3137
SPS: 3137
SPS: 3137
SPS: 3137
SPS: 3138
global_step=1083520, episodic_return=220.0 (n=128)
SPS: 3137
SPS: 3138
SPS: 3137
SPS: 3137
SPS: 3137
SPS: 3137
SPS: 3138
SPS: 3138
SPS: 3138
SPS: 3138
SPS: 3138
SPS: 3138
SPS: 3138
SPS: 3138
SPS: 3139
SPS: 3139
SPS: 3139
SPS: 3139
SPS: 3139
SPS: 3140
global_step=1163904, episodic_return=130.0 (n=128)
SPS: 3140
SPS: 3139
SPS: 3140
SPS: 3140
SPS: 3140
SPS: 3140
SPS: 3140
SPS: 3140
SPS: 3140
SPS: 3140
SPS: 3139
SPS: 3139
SPS: 3138
SPS: 3138
SPS: 3139
SPS: 3139
SPS: 3139
SPS: 3139
SPS: 3139
SPS: 3138
SPS: 3138
SPS: 3138
global_step=1254656, episodic_return=220.0 (n=128)
SPS: 3138
SPS: 3138
SPS: 3138
SPS: 3138
SPS: 3138
SPS: 3138
SPS: 3138
SPS: 3138
SPS: 3139
SPS: 3138
SPS: 3138
SPS: 3138
SPS: 3138
SPS: 3139
SPS: 3138
SPS: 3138
SPS: 3138
SPS: 3138
SPS: 3139
SPS: 3138
SPS: 3138
SPS: 3138
SPS: 3138
global_step=1347712, episodic_return=200.0 (n=128)
SPS: 3138
SPS: 3138
SPS: 3139
SPS: 3139
SPS: 3138
SPS: 3138
SPS: 3138
SPS: 3137
SPS: 3138
SPS: 3137
SPS: 3137
SPS: 3137
SPS: 3137
SPS: 3137
SPS: 3137
SPS: 3137
SPS: 3138
SPS: 3138
global_step=1424768, episodic_return=110.0 (n=128)
SPS: 3138
SPS: 3138
SPS: 3137
SPS: 3137
SPS: 3137
SPS: 3137
SPS: 3137
SPS: 3137
SPS: 3137
SPS: 3137
SPS: 3137
SPS: 3138
SPS: 3138
SPS: 3138
SPS: 3138
SPS: 3138
SPS: 3138
SPS: 3138
SPS: 3138
global_step=1500160, episodic_return=140.0 (n=128)
SPS: 3138
SPS: 3139
SPS: 3139
SPS: 3139
SPS: 3139
SPS: 3139
SPS: 3139
SPS: 3139
SPS: 3139
SPS: 3139
SPS: 3139
SPS: 3139
SPS: 3139
SPS: 3139
SPS: 3139
SPS: 3140
SPS: 3140
SPS: 3140
SPS: 3139
SPS: 3139
SPS: 3139
global_step=1587456, episodic_return=210.0 (n=128)
SPS: 3139
SPS: 3138
SPS: 3138
SPS: 3138
SPS: 3138
SPS: 3138
SPS: 3138
SPS: 3138
SPS: 3138
SPS: 3138
SPS: 3138
SPS: 3138
SPS: 3138
SPS: 3139
SPS: 3139
SPS: 3139
SPS: 3138
SPS: 3138
SPS: 3138
SPS: 3138
global_step=1667712, episodic_return=240.0 (n=128)
SPS: 3138
SPS: 3138
SPS: 3138
SPS: 3138
SPS: 3138
SPS: 3138
SPS: 3138
SPS: 3138
SPS: 3138
SPS: 3138
SPS: 3138
SPS: 3138
SPS: 3139
SPS: 3139
SPS: 3139
SPS: 3139
SPS: 3139
SPS: 3139
SPS: 3139
global_step=1748992, episodic_return=130.0 (n=128)
SPS: 3139
SPS: 3139
SPS: 3139
SPS: 3139
SPS: 3139
SPS: 3139
SPS: 3139
SPS: 3139
SPS: 3139
SPS: 3139
SPS: 3139
SPS: 3138
SPS: 3138
SPS: 3138
SPS: 3138
SPS: 3138
SPS: 3139
SPS: 3139
SPS: 3138
SPS: 3139
SPS: 3138
SPS: 3139
global_step=1837440, episodic_return=210.0 (n=128)
SPS: 3139
SPS: 3139
SPS: 3139
SPS: 3139
SPS: 3139
SPS: 3139
SPS: 3139
SPS: 3139
SPS: 3139
SPS: 3139
SPS: 3139
SPS: 3139
SPS: 3139
SPS: 3139
SPS: 3139
SPS: 3139
SPS: 3139
SPS: 3139
global_step=1908864, episodic_return=200.0 (n=128)
SPS: 3139
SPS: 3139
SPS: 3139
SPS: 3139
SPS: 3139
SPS: 3139
SPS: 3139
SPS: 3139
SPS: 3139
SPS: 3139
SPS: 3140
SPS: 3140
SPS: 3140
global_step=1965568, episodic_return=170.0 (n=128)
SPS: 3140
SPS: 3139
SPS: 3139
SPS: 3139
SPS: 3139
SPS: 3140
SPS: 3140
SPS: 3140
SPS: 3140
SPS: 3140
SPS: 3140
SPS: 3140
SPS: 3140
SPS: 3140
SPS: 3140
SPS: 3140
SPS: 3140
SPS: 3140
SPS: 3140
SPS: 3140
SPS: 3140
SPS: 3140
SPS: 3140
global_step=2057984, episodic_return=240.0 (n=128)
SPS: 3140
SPS: 3140
SPS: 3140
SPS: 3140
SPS: 3140
SPS: 3140
SPS: 3140
SPS: 3140
SPS: 3140
SPS: 3140
SPS: 3139
SPS: 3140
SPS: 3140
SPS: 3140
SPS: 3140
SPS: 3140
SPS: 3140
SPS: 3140
SPS: 3140
SPS: 3140
SPS: 3140
global_step=2145920, episodic_return=220.0 (n=128)
SPS: 3140
SPS: 3141
SPS: 3140
SPS: 3140
SPS: 3140
SPS: 3140
SPS: 3140
SPS: 3140
SPS: 3140
SPS: 3141
SPS: 3141
SPS: 3140
SPS: 3140
SPS: 3140
SPS: 3140
SPS: 3140
SPS: 3140
SPS: 3141
SPS: 3141
SPS: 3141
global_step=2228096, episodic_return=150.0 (n=128)
SPS: 3140
SPS: 3140
SPS: 3140
SPS: 3141
SPS: 3140
SPS: 3140
SPS: 3141
SPS: 3141
SPS: 3140
SPS: 3141
SPS: 3140
SPS: 3140
SPS: 3141
SPS: 3141
SPS: 3141
SPS: 3141
SPS: 3141
SPS: 3141
global_step=2301952, episodic_return=260.0 (n=128)
SPS: 3141
SPS: 3141
SPS: 3141
SPS: 3141
SPS: 3141
SPS: 3141
SPS: 3141
SPS: 3141
SPS: 3141
SPS: 3141
SPS: 3141
SPS: 3141
SPS: 3142
SPS: 3141
SPS: 3141
SPS: 3141
SPS: 3141
SPS: 3141
SPS: 3141
SPS: 3141
SPS: 3141
global_step=2385280, episodic_return=170.0 (n=128)
SPS: 3141
SPS: 3141
SPS: 3141
SPS: 3141
SPS: 3141
SPS: 3140
SPS: 3140
SPS: 3140
SPS: 3141
SPS: 3141
SPS: 3141
SPS: 3141
SPS: 3141
SPS: 3141
SPS: 3141
SPS: 3140
SPS: 3140
SPS: 3141
global_step=2460544, episodic_return=250.0 (n=128)
SPS: 3141
SPS: 3141
SPS: 3141
SPS: 3141
SPS: 3141
SPS: 3141
SPS: 3141
SPS: 3141
SPS: 3141
SPS: 3141
SPS: 3141
SPS: 3141
SPS: 3141
SPS: 3141
SPS: 3142
SPS: 3142
global_step=2523904, episodic_return=190.0 (n=128)
SPS: 3142
SPS: 3142
SPS: 3141
SPS: 3141
SPS: 3142
SPS: 3142
SPS: 3142
SPS: 3142
SPS: 3142
SPS: 3142
SPS: 3142
SPS: 3142
SPS: 3142
SPS: 3142
SPS: 3142
SPS: 3142
SPS: 3142
SPS: 3141
global_step=2599168, episodic_return=200.0 (n=128)
SPS: 3141
SPS: 3141
SPS: 3141
SPS: 3141
SPS: 3141
SPS: 3141
SPS: 3141
SPS: 3141
SPS: 3141
SPS: 3141
SPS: 3142
SPS: 3142
SPS: 3142
SPS: 3142
SPS: 3142
SPS: 3142
SPS: 3142
SPS: 3142
global_step=2674560, episodic_return=90.0 (n=128)
SPS: 3142
SPS: 3142
SPS: 3142
SPS: 3142
SPS: 3142
SPS: 3142
SPS: 3142
SPS: 3142
SPS: 3142
SPS: 3142
SPS: 3142
SPS: 3142
SPS: 3143
SPS: 3143
SPS: 3143
SPS: 3143
SPS: 3143
SPS: 3143
global_step=2746496, episodic_return=110.0 (n=128)
SPS: 3143
SPS: 3143
SPS: 3143
SPS: 3143
SPS: 3143
SPS: 3143
SPS: 3143
SPS: 3143
SPS: 3143
SPS: 3143
SPS: 3143
SPS: 3143
SPS: 3143
SPS: 3143
SPS: 3143
SPS: 3143
SPS: 3143
global_step=2815232, episodic_return=170.0 (n=128)
SPS: 3143
SPS: 3143
SPS: 3143
SPS: 3143
SPS: 3143
SPS: 3143
SPS: 3143
SPS: 3143
SPS: 3143
SPS: 3143
SPS: 3143
SPS: 3143
SPS: 3143
SPS: 3143
SPS: 3143
SPS: 3143
SPS: 3143
SPS: 3143
SPS: 3143
SPS: 3143
SPS: 3143
SPS: 3143
SPS: 3143
SPS: 3143
global_step=2912768, episodic_return=150.0 (n=128)
SPS: 3143
SPS: 3143
SPS: 3143
SPS: 3143
SPS: 3144
SPS: 3143
SPS: 3144
SPS: 3144
SPS: 3144
SPS: 3144
SPS: 3144
SPS: 3144
SPS: 3144
SPS: 3144
SPS: 3144
SPS: 3144
SPS: 3144
SPS: 3144
SPS: 3144
SPS: 3144
SPS: 3144
SPS: 3144
SPS: 3144
global_step=3009152, episodic_return=220.0 (n=128)
SPS: 3144
SPS: 3144
SPS: 3144
SPS: 3144
SPS: 3144
SPS: 3144
SPS: 3144
SPS: 3144
SPS: 3145
SPS: 3145
SPS: 3145
SPS: 3145
SPS: 3144
SPS: 3145
SPS: 3145
SPS: 3144
SPS: 3144
SPS: 3144
SPS: 3144
SPS: 3144
SPS: 3144
SPS: 3144
SPS: 3144
global_step=3102464, episodic_return=270.0 (n=128)
SPS: 3144
SPS: 3144
SPS: 3144
SPS: 3144
SPS: 3144
SPS: 3144
SPS: 3144
SPS: 3144
SPS: 3144
SPS: 3144
SPS: 3144
SPS: 3144
SPS: 3144
global_step=3156864, episodic_return=200.0 (n=128)
SPS: 3144
SPS: 3144
SPS: 3144
SPS: 3143
SPS: 3143
SPS: 3143
SPS: 3143
SPS: 3143
SPS: 3144
SPS: 3144
SPS: 3144
SPS: 3144
SPS: 3144
SPS: 3144
SPS: 3144
SPS: 3144
SPS: 3143
SPS: 3143
SPS: 3143
global_step=3233024, episodic_return=170.0 (n=128)
SPS: 3143
SPS: 3143
SPS: 3143
SPS: 3143
SPS: 3143
SPS: 3143
SPS: 3143
SPS: 3143
SPS: 3143
SPS: 3143
SPS: 3143
SPS: 3143
SPS: 3143
SPS: 3143
SPS: 3143
SPS: 3143
global_step=3301376, episodic_return=160.0 (n=128)
SPS: 3143
SPS: 3143
SPS: 3143
SPS: 3143
SPS: 3143
SPS: 3143
SPS: 3143
SPS: 3143
SPS: 3144
SPS: 3144
SPS: 3144
SPS: 3144
SPS: 3144
SPS: 3144
SPS: 3144
SPS: 3143
SPS: 3144
SPS: 3144
SPS: 3144
SPS: 3144
global_step=3380352, episodic_return=170.0 (n=128)
SPS: 3144
SPS: 3144
SPS: 3144
SPS: 3144
SPS: 3144
SPS: 3144
SPS: 3144
SPS: 3144
SPS: 3144
SPS: 3144
SPS: 3144
SPS: 3144
SPS: 3144
SPS: 3144
SPS: 3144
SPS: 3144
SPS: 3144
SPS: 3144
SPS: 3143
SPS: 3143
SPS: 3143
global_step=3468288, episodic_return=230.0 (n=128)
SPS: 3143
SPS: 3143
SPS: 3143
SPS: 3143
SPS: 3143
SPS: 3142
SPS: 3142
SPS: 3142
SPS: 3142
SPS: 3142
SPS: 3142
SPS: 3142
SPS: 3142
SPS: 3142
SPS: 3142
SPS: 3142
SPS: 3142
SPS: 3142
SPS: 3142
SPS: 3142
global_step=3549696, episodic_return=170.0 (n=128)
SPS: 3142
SPS: 3142
SPS: 3142
SPS: 3142
SPS: 3142
SPS: 3142
SPS: 3142
SPS: 3142
SPS: 3142
SPS: 3142
SPS: 3142
SPS: 3141
SPS: 3141
SPS: 3142
SPS: 3142
SPS: 3141
SPS: 3142
SPS: 3141
SPS: 3141
SPS: 3141
SPS: 3141
SPS: 3142
global_step=3638272, episodic_return=150.0 (n=128)
SPS: 3142
SPS: 3141
SPS: 3141
SPS: 3141
SPS: 3141
SPS: 3142
SPS: 3141
SPS: 3141
SPS: 3141
SPS: 3141
SPS: 3141
SPS: 3141
SPS: 3141
SPS: 3142
SPS: 3142
SPS: 3142
SPS: 3142
SPS: 3142
SPS: 3142
SPS: 3142
SPS: 3142
SPS: 3142
global_step=3730816, episodic_return=90.0 (n=128)
SPS: 3142
SPS: 3142
SPS: 3142
SPS: 3142
SPS: 3142
SPS: 3142
SPS: 3142
SPS: 3142
SPS: 3142
SPS: 3142
SPS: 3142
SPS: 3142
SPS: 3142
SPS: 3142
SPS: 3142
SPS: 3142
SPS: 3142
SPS: 3142
SPS: 3141
global_step=3806720, episodic_return=160.0 (n=128)
SPS: 3142
SPS: 3142
SPS: 3142
SPS: 3142
SPS: 3142
SPS: 3142
SPS: 3142
SPS: 3142
SPS: 3142
SPS: 3142
SPS: 3142
SPS: 3142
SPS: 3142
SPS: 3142
SPS: 3142
SPS: 3142
SPS: 3142
SPS: 3142
SPS: 3142
SPS: 3142
SPS: 3142
SPS: 3142
SPS: 3142
SPS: 3142
SPS: 3142
SPS: 3142
SPS: 3142
SPS: 3142
SPS: 3142
SPS: 3142
SPS: 3142
SPS: 3142
global_step=3938816, episodic_return=340.0 (n=128)
SPS: 3142
SPS: 3142
SPS: 3142
SPS: 3142
SPS: 3142
SPS: 3142
SPS: 3142
SPS: 3142
SPS: 3142
SPS: 3137
SPS: 3137
SPS: 3137
SPS: 3137
SPS: 3137
SPS: 3137
SPS: 3137
SPS: 3137
SPS: 3137
SPS: 3136
global_step=4017024, episodic_return=150.0 (n=128)
SPS: 3135
SPS: 3135
SPS: 3135
SPS: 3135
SPS: 3135
SPS: 3135
SPS: 3135
SPS: 3135
SPS: 3135
SPS: 3135
SPS: 3135
SPS: 3135
SPS: 3135
SPS: 3135
SPS: 3135
SPS: 3135
SPS: 3135
SPS: 3135
SPS: 3135
SPS: 3135
SPS: 3135
global_step=4104192, episodic_return=160.0 (n=128)
SPS: 3131
SPS: 3131
SPS: 3131
SPS: 3131
SPS: 3131
SPS: 3131
SPS: 3131
SPS: 3131
SPS: 3131
SPS: 3131
SPS: 3131
SPS: 3131
SPS: 3131
SPS: 3131
SPS: 3131
SPS: 3131
global_step=4169344, episodic_return=130.0 (n=128)
SPS: 3131
SPS: 3131
SPS: 3131
SPS: 3131
SPS: 3131
SPS: 3131
SPS: 3131
SPS: 3131
SPS: 3131
SPS: 3131
SPS: 3131
SPS: 3131
SPS: 3131
SPS: 3131
SPS: 3131
SPS: 3131
SPS: 3131
global_step=4237824, episodic_return=150.0 (n=128)
SPS: 3132
SPS: 3131
SPS: 3131
SPS: 3132
SPS: 3132
SPS: 3132
SPS: 3132
SPS: 3131
SPS: 3132
SPS: 3132
SPS: 3132
SPS: 3132
SPS: 3132
SPS: 3132
SPS: 3132
SPS: 3132
global_step=4302592, episodic_return=140.0 (n=128)
SPS: 3132
SPS: 3132
SPS: 3132
SPS: 3132
SPS: 3131
SPS: 3131
SPS: 3131
SPS: 3131
SPS: 3131
SPS: 3131
SPS: 3131
SPS: 3132
SPS: 3132
SPS: 3132
SPS: 3132
SPS: 3132
SPS: 3132
SPS: 3132
SPS: 3132
SPS: 3132
global_step=4386688, episodic_return=230.0 (n=128)
SPS: 3132
SPS: 3132
SPS: 3132
SPS: 3132
SPS: 3132
SPS: 3132
SPS: 3132
SPS: 3132
SPS: 3132
SPS: 3132
SPS: 3132
SPS: 3132
SPS: 3132
SPS: 3132
SPS: 3132
SPS: 3132
SPS: 3132
SPS: 3132
SPS: 3132
SPS: 3132
SPS: 3132
global_step=4472448, episodic_return=170.0 (n=128)
SPS: 3132
SPS: 3132
SPS: 3132
SPS: 3132
SPS: 3132
SPS: 3132
SPS: 3132
SPS: 3132
SPS: 3132
SPS: 3132
SPS: 3132
SPS: 3132
SPS: 3132
SPS: 3132
SPS: 3132
SPS: 3132
SPS: 3132
SPS: 3132
SPS: 3132
SPS: 3133
SPS: 3133
SPS: 3133
global_step=4559872, episodic_return=190.0 (n=128)
SPS: 3133
SPS: 3133
SPS: 3133
SPS: 3133
SPS: 3133
SPS: 3133
SPS: 3133
SPS: 3133
SPS: 3133
SPS: 3133
SPS: 3133
SPS: 3133
SPS: 3133
SPS: 3133
SPS: 3133
SPS: 3133
SPS: 3133
SPS: 3133
SPS: 3133
global_step=4636928, episodic_return=160.0 (n=128)
SPS: 3133
SPS: 3133
SPS: 3133
SPS: 3133
SPS: 3134
SPS: 3134
SPS: 3134
SPS: 3133
SPS: 3133
SPS: 3134
SPS: 3134
SPS: 3134
SPS: 3134
SPS: 3134
SPS: 3133
SPS: 3133
SPS: 3134
SPS: 3134
SPS: 3133
SPS: 3133
SPS: 3133
global_step=4724608, episodic_return=300.0 (n=128)
SPS: 3133
SPS: 3134
SPS: 3134
SPS: 3134
SPS: 3134
SPS: 3134
SPS: 3134
SPS: 3134
SPS: 3134
SPS: 3134
SPS: 3134
SPS: 3134
SPS: 3134
SPS: 3134
SPS: 3134
SPS: 3134
SPS: 3134
SPS: 3134
SPS: 3134
SPS: 3135
SPS: 3134
SPS: 3134
SPS: 3134
SPS: 3134
SPS: 3135
SPS: 3135
global_step=4830464, episodic_return=330.0 (n=128)
SPS: 3135
SPS: 3135
SPS: 3135
SPS: 3135
SPS: 3135
SPS: 3135
SPS: 3135
SPS: 3135
SPS: 3135
SPS: 3135
SPS: 3135
SPS: 3135
SPS: 3135
SPS: 3135
SPS: 3135
SPS: 3135
SPS: 3135
SPS: 3135
SPS: 3135
global_step=4908544, episodic_return=140.0 (n=128)
SPS: 3135
SPS: 3135
SPS: 3135
SPS: 3135
SPS: 3135
SPS: 3135
SPS: 3135
SPS: 3135
SPS: 3135
SPS: 3135
SPS: 3135
SPS: 3135
SPS: 3135
SPS: 3135
SPS: 3135
SPS: 3135
SPS: 3135
SPS: 3135
SPS: 3135
SPS: 3135
global_step=4989312, episodic_return=170.0 (n=128)
SPS: 3135
SPS: 3135
SPS: 3135
SPS: 3135
SPS: 3135
SPS: 3135
SPS: 3135
SPS: 3135
SPS: 3135
SPS: 3135
SPS: 3135
SPS: 3135
SPS: 3135
SPS: 3135
SPS: 3135
SPS: 3135
SPS: 3135
SPS: 3135
SPS: 3135
SPS: 3135
global_step=5073408, episodic_return=270.0 (n=128)
SPS: 3135
SPS: 3135
SPS: 3135
SPS: 3135
SPS: 3135
SPS: 3135
SPS: 3135
SPS: 3135
SPS: 3135
SPS: 3135
SPS: 3135
SPS: 3135
SPS: 3135
SPS: 3135
SPS: 3135
SPS: 3135
SPS: 3135
SPS: 3136
SPS: 3136
global_step=5149568, episodic_return=270.0 (n=128)
SPS: 3136
SPS: 3136
SPS: 3136
SPS: 3135
SPS: 3135
SPS: 3135
SPS: 3135
SPS: 3135
SPS: 3135
SPS: 3135
SPS: 3135
SPS: 3136
SPS: 3136
SPS: 3136
SPS: 3136
SPS: 3136
SPS: 3136
SPS: 3136
SPS: 3136
global_step=5230080, episodic_return=160.0 (n=128)
SPS: 3136
SPS: 3136
SPS: 3136
SPS: 3136
SPS: 3136
SPS: 3136
SPS: 3136
SPS: 3136
SPS: 3136
SPS: 3136
SPS: 3136
SPS: 3136
SPS: 3136
SPS: 3136
SPS: 3136
SPS: 3136
SPS: 3136
SPS: 3136
SPS: 3136
SPS: 3136
SPS: 3136
global_step=5312896, episodic_return=200.0 (n=128)
SPS: 3136
SPS: 3136
SPS: 3136
SPS: 3136
SPS: 3136
SPS: 3136
SPS: 3136
SPS: 3136
SPS: 3136
SPS: 3136
SPS: 3136
SPS: 3136
SPS: 3136
SPS: 3136
SPS: 3136
SPS: 3136
SPS: 3136
SPS: 3136
SPS: 3136
SPS: 3136
SPS: 3136
SPS: 3136
global_step=5403264, episodic_return=260.0 (n=128)
SPS: 3136
SPS: 3136
SPS: 3136
SPS: 3136
SPS: 3136
SPS: 3136
SPS: 3136
SPS: 3136
SPS: 3136
SPS: 3136
SPS: 3136
SPS: 3136
SPS: 3136
SPS: 3136
SPS: 3136
SPS: 3136
SPS: 3136
SPS: 3136
SPS: 3136
SPS: 3136
SPS: 3136
SPS: 3136
SPS: 3136
global_step=5497728, episodic_return=210.0 (n=128)
SPS: 3136
SPS: 3136
SPS: 3136
SPS: 3136
SPS: 3136
SPS: 3136
SPS: 3136
SPS: 3136
SPS: 3136
SPS: 3136
SPS: 3136
SPS: 3136
SPS: 3136
SPS: 3136
SPS: 3136
SPS: 3136
SPS: 3136
SPS: 3136
SPS: 3136
SPS: 3136
SPS: 3136
SPS: 3136
SPS: 3136
SPS: 3136
SPS: 3136
SPS: 3136
SPS: 3136
SPS: 3136
global_step=5614592, episodic_return=360.0 (n=128)
SPS: 3136
SPS: 3136
SPS: 3136
SPS: 3136
SPS: 3136
SPS: 3136
SPS: 3136
SPS: 3136
SPS: 3136
SPS: 3136
SPS: 3136
SPS: 3136
SPS: 3136
SPS: 3136
SPS: 3136
SPS: 3136
SPS: 3136
global_step=5681408, episodic_return=160.0 (n=128)
SPS: 3136
SPS: 3136
SPS: 3136
SPS: 3136
SPS: 3136
SPS: 3136
SPS: 3136
SPS: 3136
SPS: 3136
SPS: 3136
SPS: 3137
SPS: 3137
SPS: 3137
SPS: 3137
SPS: 3137
SPS: 3137
SPS: 3137
SPS: 3137
SPS: 3137
SPS: 3137
SPS: 3137
SPS: 3137
SPS: 3137
SPS: 3137
SPS: 3137
global_step=5784704, episodic_return=260.0 (n=128)
SPS: 3137
SPS: 3137
SPS: 3137
SPS: 3137
SPS: 3137
SPS: 3137
SPS: 3137
SPS: 3137
SPS: 3137
SPS: 3137
SPS: 3137
SPS: 3137
SPS: 3137
SPS: 3137
SPS: 3137
SPS: 3137
SPS: 3137
SPS: 3137
SPS: 3137
global_step=5864064, episodic_return=150.0 (n=128)
SPS: 3138
SPS: 3138
SPS: 3138
SPS: 3138
SPS: 3138
SPS: 3138
SPS: 3138
SPS: 3138
SPS: 3138
SPS: 3138
SPS: 3138
SPS: 3138
SPS: 3138
SPS: 3138
SPS: 3138
SPS: 3138
SPS: 3138
SPS: 3138
SPS: 3138
SPS: 3138
SPS: 3138
global_step=5951360, episodic_return=140.0 (n=128)
SPS: 3138
SPS: 3138
SPS: 3138
SPS: 3138
SPS: 3138
SPS: 3138
SPS: 3138
SPS: 3138
SPS: 3138
SPS: 3138
SPS: 3138
SPS: 3138
SPS: 3138
SPS: 3138
SPS: 3138
SPS: 3138
SPS: 3138
SPS: 3138
SPS: 3138
global_step=6027904, episodic_return=100.0 (n=128)
SPS: 3138
SPS: 3138
SPS: 3138
SPS: 3138
SPS: 3138
SPS: 3138
SPS: 3138
SPS: 3138
SPS: 3138
SPS: 3138
SPS: 3138
SPS: 3138
SPS: 3138
SPS: 3138
SPS: 3138
SPS: 3138
SPS: 3138
SPS: 3138
SPS: 3138
SPS: 3138
SPS: 3138
SPS: 3138
SPS: 3138
SPS: 3138
SPS: 3138
SPS: 3138
SPS: 3138
SPS: 3138
SPS: 3138
global_step=6144896, episodic_return=700.0 (n=128)
SPS: 3138
SPS: 3138
SPS: 3138
SPS: 3138
SPS: 3138
SPS: 3138
SPS: 3138
SPS: 3138
SPS: 3138
SPS: 3138
SPS: 3138
SPS: 3138
SPS: 3138
SPS: 3138
SPS: 3138
global_step=6207232, episodic_return=140.0 (n=128)
SPS: 3138
SPS: 3138
SPS: 3138
SPS: 3138
SPS: 3138
SPS: 3138
SPS: 3138
SPS: 3138
SPS: 3138
SPS: 3138
SPS: 3138
SPS: 3138
SPS: 3138
SPS: 3138
SPS: 3138
SPS: 3138
SPS: 3138
SPS: 3138
SPS: 3138
SPS: 3138
SPS: 3138
SPS: 3138
SPS: 3138
SPS: 3138
global_step=6304128, episodic_return=260.0 (n=128)
SPS: 3138
SPS: 3138
SPS: 3138
SPS: 3138
SPS: 3138
SPS: 3138
SPS: 3138
SPS: 3138
SPS: 3138
SPS: 3138
SPS: 3138
SPS: 3138
SPS: 3138
SPS: 3138
SPS: 3138
SPS: 3138
SPS: 3138
SPS: 3138
SPS: 3138
SPS: 3138
SPS: 3138
SPS: 3138
SPS: 3138
SPS: 3138
SPS: 3138
global_step=6408576, episodic_return=320.0 (n=128)
SPS: 3138
SPS: 3138
SPS: 3138
SPS: 3138
SPS: 3138
SPS: 3138
SPS: 3138
SPS: 3138
SPS: 3138
SPS: 3138
SPS: 3138
SPS: 3138
SPS: 3138
SPS: 3138
SPS: 3138
SPS: 3138
SPS: 3138
global_step=6476416, episodic_return=120.0 (n=128)
SPS: 3138
SPS: 3138
SPS: 3138
SPS: 3138
SPS: 3138
SPS: 3138
SPS: 3138
SPS: 3138
SPS: 3138
SPS: 3138
SPS: 3138
SPS: 3138
SPS: 3138
SPS: 3138
SPS: 3138
SPS: 3138
SPS: 3138
SPS: 3138
SPS: 3138
global_step=6553728, episodic_return=210.0 (n=128)
SPS: 3138
SPS: 3138
SPS: 3138
SPS: 3138
SPS: 3138
SPS: 3138
SPS: 3138
SPS: 3138
SPS: 3138
SPS: 3138
SPS: 3138
SPS: 3138
SPS: 3138
SPS: 3138
SPS: 3138
SPS: 3138
SPS: 3138
SPS: 3138
SPS: 3138
global_step=6632064, episodic_return=220.0 (n=128)
SPS: 3138
SPS: 3138
SPS: 3138
SPS: 3138
SPS: 3138
SPS: 3138
SPS: 3138
SPS: 3138
SPS: 3138
SPS: 3138
SPS: 3138
SPS: 3138
SPS: 3138
SPS: 3138
SPS: 3138
SPS: 3138
SPS: 3138
SPS: 3138
SPS: 3138
SPS: 3138
global_step=6716800, episodic_return=140.0 (n=128)
SPS: 3138
SPS: 3138
SPS: 3138
SPS: 3138
SPS: 3138
SPS: 3138
SPS: 3138
SPS: 3138
SPS: 3138
SPS: 3138
SPS: 3138
SPS: 3138
SPS: 3138
SPS: 3138
SPS: 3138
SPS: 3138
SPS: 3138
SPS: 3138
SPS: 3138
SPS: 3138
SPS: 3138
SPS: 3138
SPS: 3138
global_step=6809728, episodic_return=210.0 (n=128)
SPS: 3138
SPS: 3138
SPS: 3138
SPS: 3138
SPS: 3138
SPS: 3138
SPS: 3138
SPS: 3138
SPS: 3138
SPS: 3138
SPS: 3138
SPS: 3138
SPS: 3138
SPS: 3138
SPS: 3138
SPS: 3138
SPS: 3138
SPS: 3138
global_step=6882816, episodic_return=220.0 (n=128)
SPS: 3138
SPS: 3138
SPS: 3138
SPS: 3138
SPS: 3138
SPS: 3138
SPS: 3138
SPS: 3138
SPS: 3138
SPS: 3138
SPS: 3138
SPS: 3138
SPS: 3138
SPS: 3138
SPS: 3138
SPS: 3138
SPS: 3138
SPS: 3138
SPS: 3138
global_step=6961280, episodic_return=140.0 (n=128)
SPS: 3138
SPS: 3138
SPS: 3138
SPS: 3138
SPS: 3138
SPS: 3138
SPS: 3138
SPS: 3138
SPS: 3138
SPS: 3138
SPS: 3138
SPS: 3138
SPS: 3138
SPS: 3138
SPS: 3138
SPS: 3138
SPS: 3138
SPS: 3138
SPS: 3138
global_step=7038976, episodic_return=190.0 (n=128)
SPS: 3138
SPS: 3138
SPS: 3138
SPS: 3138
SPS: 3138
SPS: 3138
SPS: 3138
SPS: 3138
SPS: 3138
SPS: 3138
SPS: 3138
SPS: 3138
SPS: 3138
SPS: 3138
SPS: 3138
SPS: 3138
SPS: 3138
SPS: 3138
SPS: 3138
global_step=7115904, episodic_return=230.0 (n=128)
SPS: 3138
SPS: 3138
SPS: 3138
SPS: 3138
SPS: 3138
SPS: 3138
SPS: 3138
SPS: 3138
SPS: 3138
SPS: 3138
SPS: 3138
SPS: 3138
SPS: 3138
SPS: 3138
SPS: 3138
SPS: 3138
SPS: 3138
SPS: 3138
SPS: 3138
SPS: 3138
SPS: 3138
global_step=7204608, episodic_return=150.0 (n=128)
SPS: 3138
SPS: 3138
SPS: 3138
SPS: 3138
SPS: 3138
SPS: 3138
SPS: 3138
SPS: 3138
SPS: 3138
SPS: 3138
SPS: 3138
SPS: 3138
SPS: 3138
SPS: 3138
SPS: 3138
SPS: 3138
SPS: 3138
SPS: 3138
SPS: 3138
SPS: 3138
SPS: 3138
SPS: 3138
SPS: 3138
global_step=7298560, episodic_return=120.0 (n=128)
SPS: 3137
SPS: 3137
SPS: 3137
SPS: 3137
SPS: 3137
SPS: 3137
SPS: 3137
SPS: 3137
SPS: 3137
SPS: 3137
SPS: 3137
SPS: 3137
SPS: 3137
SPS: 3137
SPS: 3137
SPS: 3137
SPS: 3137
SPS: 3137
SPS: 3137
SPS: 3137
SPS: 3137
SPS: 3137
SPS: 3137
global_step=7391744, episodic_return=280.0 (n=128)
SPS: 3137
SPS: 3137
SPS: 3137
SPS: 3137
SPS: 3137
SPS: 3137
SPS: 3137
SPS: 3137
SPS: 3137
SPS: 3137
SPS: 3137
SPS: 3137
SPS: 3137
SPS: 3137
SPS: 3136
SPS: 3136
SPS: 3136
SPS: 3136
SPS: 3136
SPS: 3136
SPS: 3136
SPS: 3136
SPS: 3137
SPS: 3137
SPS: 3137
SPS: 3136
SPS: 3136
SPS: 3136
global_step=7504768, episodic_return=770.0 (n=128)
SPS: 3136
SPS: 3136
SPS: 3136
SPS: 3136
SPS: 3136
SPS: 3136
SPS: 3136
SPS: 3136
SPS: 3136
SPS: 3136
SPS: 3136
SPS: 3136
SPS: 3136
SPS: 3136
SPS: 3136
SPS: 3136
SPS: 3136
SPS: 3136
global_step=7580288, episodic_return=140.0 (n=128)
SPS: 3136
SPS: 3136
SPS: 3136
SPS: 3136
SPS: 3136
SPS: 3136
SPS: 3136
SPS: 3136
SPS: 3136
SPS: 3136
SPS: 3136
SPS: 3136
SPS: 3136
SPS: 3136
SPS: 3136
SPS: 3136
SPS: 3136
SPS: 3136
SPS: 3136
SPS: 3136
SPS: 3136
SPS: 3136
SPS: 3136
SPS: 3136
SPS: 3136
global_step=7681664, episodic_return=210.0 (n=128)
SPS: 3136
SPS: 3136
SPS: 3136
SPS: 3136
SPS: 3136
SPS: 3136
SPS: 3136
SPS: 3136
SPS: 3136
SPS: 3136
SPS: 3136
SPS: 3136
SPS: 3136
SPS: 3136
SPS: 3136
SPS: 3136
SPS: 3136
global_step=7752064, episodic_return=150.0 (n=128)
SPS: 3136
SPS: 3136
SPS: 3136
SPS: 3136
SPS: 3132
SPS: 3132
SPS: 3128
SPS: 3128
SPS: 3128
SPS: 3128
SPS: 3128
SPS: 3128
SPS: 3128
SPS: 3112
SPS: 3112
SPS: 3112
SPS: 3107
SPS: 3107
SPS: 3107
SPS: 3107
SPS: 3107
SPS: 3107
global_step=7842688, episodic_return=220.0 (n=128)
SPS: 3107
SPS: 3107
SPS: 3107
SPS: 3107
SPS: 3107
SPS: 3107
SPS: 3107
SPS: 3107
SPS: 3107
SPS: 3107
SPS: 3107
SPS: 3107
SPS: 3100
SPS: 3100
SPS: 3100
SPS: 3100
SPS: 3100
SPS: 3100
SPS: 3100
SPS: 3100
global_step=7925376, episodic_return=210.0 (n=128)
SPS: 3100
SPS: 3100
SPS: 3100
SPS: 3100
SPS: 3100
SPS: 3100
SPS: 3100
SPS: 3100
SPS: 3100
SPS: 3100
SPS: 3100
SPS: 3100
SPS: 3100
SPS: 3100
SPS: 3100
SPS: 3100
SPS: 3100
SPS: 3100
global_step=7996416, episodic_return=230.0 (n=128)
SPS: 3100
SPS: 3100
SPS: 3100
SPS: 3100
SPS: 3100
SPS: 3100
SPS: 3100
SPS: 3100
SPS: 3100
SPS: 3100
SPS: 3100
SPS: 3100
SPS: 3100
SPS: 3100
SPS: 3100
SPS: 3100
SPS: 3100
SPS: 3100
SPS: 3100
SPS: 3100
SPS: 3100
global_step=8081920, episodic_return=200.0 (n=128)
SPS: 3100
SPS: 3100
SPS: 3100
SPS: 3100
SPS: 3100
SPS: 3100
SPS: 3100
SPS: 3100
SPS: 3100
SPS: 3100
SPS: 3100
SPS: 3100
SPS: 3100
SPS: 3100
SPS: 3100
SPS: 3100
SPS: 3100
SPS: 3100
SPS: 3100
SPS: 3100
SPS: 3100
global_step=8168832, episodic_return=180.0 (n=128)
SPS: 3100
SPS: 3100
SPS: 3101
SPS: 3101
SPS: 3101
SPS: 3101
SPS: 3101
SPS: 3101
SPS: 3101
SPS: 3101
SPS: 3101
SPS: 3101
SPS: 3101
SPS: 3101
SPS: 3101
SPS: 3101
SPS: 3101
SPS: 3101
SPS: 3101
SPS: 3101
SPS: 3101
global_step=8254720, episodic_return=220.0 (n=128)
SPS: 3101
SPS: 3101
SPS: 3101
SPS: 3101
SPS: 3101
SPS: 3101
SPS: 3101
SPS: 3101
SPS: 3101
SPS: 3101
SPS: 3101
SPS: 3101
SPS: 3101
SPS: 3101
SPS: 3101
global_step=8318720, episodic_return=130.0 (n=128)
SPS: 3101
SPS: 3101
SPS: 3101
SPS: 3101
SPS: 3101
SPS: 3101
SPS: 3101
SPS: 3101
SPS: 3101
SPS: 3101
SPS: 3101
SPS: 3101
SPS: 3101
SPS: 3101
SPS: 3101
SPS: 3101
SPS: 3101
SPS: 3101
SPS: 3101
SPS: 3089
SPS: 3090
SPS: 3089
global_step=8405888, episodic_return=130.0 (n=128)
SPS: 3089
SPS: 3089
SPS: 3089
SPS: 3089
SPS: 3089
SPS: 3089
SPS: 3089
SPS: 3089
SPS: 3089
SPS: 3089
SPS: 3089
SPS: 3089
SPS: 3089
SPS: 3089
SPS: 3089
SPS: 3089
SPS: 3089
SPS: 3089
SPS: 3089
global_step=8482944, episodic_return=120.0 (n=128)
SPS: 3089
SPS: 3090
SPS: 3090
SPS: 3090
SPS: 3090
SPS: 3090
SPS: 3090
SPS: 3090
SPS: 3090
SPS: 3090
SPS: 3090
SPS: 3090
SPS: 3090
SPS: 3090
SPS: 3090
SPS: 3090
SPS: 3090
global_step=8556288, episodic_return=180.0 (n=128)
SPS: 3090
SPS: 3090
SPS: 3090
SPS: 3090
SPS: 3090
SPS: 3090
SPS: 3090
SPS: 3090
SPS: 3090
SPS: 3090
SPS: 3091
SPS: 3091
SPS: 3091
SPS: 3091
SPS: 3091
SPS: 3091
SPS: 3091
SPS: 3091
SPS: 3091
SPS: 3091
SPS: 3091
SPS: 3091
SPS: 3091
SPS: 3091
global_step=8652672, episodic_return=140.0 (n=128)
SPS: 3091
SPS: 3091
SPS: 3091
SPS: 3091
SPS: 3091
SPS: 3091
SPS: 3091
SPS: 3091
SPS: 3091
SPS: 3091
SPS: 3091
SPS: 3091
SPS: 3091
SPS: 3091
SPS: 3091
SPS: 3091
SPS: 3091
SPS: 3091
SPS: 3091
global_step=8731392, episodic_return=180.0 (n=128)
SPS: 3091
SPS: 3091
SPS: 3091
SPS: 3091
SPS: 3091
SPS: 3091
SPS: 3091
SPS: 3091
SPS: 3092
SPS: 3092
SPS: 3092
SPS: 3092
SPS: 3092
SPS: 3092
SPS: 3092
SPS: 3092
SPS: 3092
SPS: 3092
SPS: 3092
SPS: 3092
SPS: 3092
SPS: 3092
global_step=8822400, episodic_return=200.0 (n=128)
SPS: 3092
SPS: 3092
SPS: 3092
SPS: 3092
SPS: 3092
SPS: 3092
SPS: 3092
SPS: 3092
SPS: 3092
SPS: 3092
SPS: 3092
SPS: 3092
SPS: 3092
SPS: 3092
SPS: 3092
SPS: 3092
SPS: 3092
SPS: 3092
SPS: 3092
SPS: 3092
SPS: 3092
SPS: 3092
SPS: 3092
SPS: 3092
SPS: 3092
global_step=8921856, episodic_return=230.0 (n=128)
SPS: 3092
SPS: 3092
SPS: 3092
SPS: 3092
SPS: 3092
SPS: 3093
SPS: 3092
SPS: 3092
SPS: 3093
SPS: 3093
SPS: 3093
SPS: 3093
SPS: 3093
SPS: 3093
SPS: 3093
SPS: 3093
SPS: 3093
SPS: 3093
SPS: 3093
SPS: 3093
SPS: 3093
SPS: 3093
SPS: 3093
global_step=9017472, episodic_return=240.0 (n=128)
SPS: 3093
SPS: 3093
SPS: 3093
SPS: 3093
SPS: 3093
SPS: 3093
SPS: 3093
SPS: 3093
SPS: 3093
SPS: 3093
SPS: 3093
SPS: 3093
SPS: 3093
SPS: 3093
SPS: 3093
SPS: 3093
global_step=9084288, episodic_return=190.0 (n=128)
SPS: 3093
SPS: 3093
SPS: 3093
SPS: 3094
SPS: 3094
SPS: 3094
SPS: 3094
SPS: 3094
SPS: 3094
SPS: 3094
SPS: 3094
SPS: 3094
SPS: 3094
SPS: 3094
SPS: 3094
SPS: 3094
SPS: 3094
SPS: 3094
SPS: 3094
SPS: 3094
SPS: 3094
global_step=9169536, episodic_return=170.0 (n=128)
SPS: 3094
SPS: 3094
SPS: 3094
SPS: 3094
SPS: 3094
SPS: 3094
SPS: 3094
SPS: 3094
SPS: 3094
SPS: 3094
SPS: 3094
SPS: 3094
SPS: 3094
SPS: 3094
SPS: 3094
SPS: 3094
SPS: 3094
SPS: 3094
SPS: 3094
global_step=9246848, episodic_return=160.0 (n=128)
SPS: 3095
SPS: 3095
SPS: 3095
SPS: 3095
SPS: 3095
SPS: 3095
SPS: 3095
SPS: 3095
SPS: 3095
SPS: 3095
SPS: 3095
SPS: 3095
SPS: 3095
SPS: 3095
SPS: 3095
SPS: 3095
SPS: 3095
SPS: 3095
SPS: 3095
SPS: 3095
SPS: 3095
SPS: 3095
SPS: 3095
SPS: 3095
SPS: 3095
SPS: 3095
SPS: 3096
SPS: 3096
SPS: 3096
global_step=9364608, episodic_return=860.0 (n=128)
SPS: 3096
SPS: 3096
SPS: 3096
SPS: 3096
SPS: 3096
SPS: 3096
SPS: 3096
SPS: 3096
SPS: 3096
SPS: 3096
SPS: 3096
SPS: 3096
SPS: 3096
SPS: 3096
SPS: 3096
SPS: 3096
SPS: 3096
SPS: 3096
SPS: 3096
SPS: 3096
global_step=9447040, episodic_return=190.0 (n=128)
SPS: 3096
SPS: 3096
SPS: 3096
SPS: 3096
SPS: 3096
SPS: 3096
SPS: 3096
SPS: 3096
SPS: 3096
SPS: 3096
SPS: 3096
SPS: 3096
SPS: 3096
SPS: 3096
SPS: 3096
SPS: 3096
SPS: 3096
SPS: 3096
SPS: 3096
SPS: 3096
SPS: 3096
SPS: 3096
global_step=9536896, episodic_return=220.0 (n=128)
SPS: 3096
SPS: 3096
SPS: 3096
SPS: 3096
SPS: 3096
SPS: 3096
SPS: 3096
SPS: 3097
SPS: 3097
SPS: 3097
SPS: 3097
SPS: 3097
SPS: 3097
SPS: 3097
SPS: 3097
SPS: 3097
SPS: 3097
SPS: 3097
SPS: 3097
SPS: 3097
SPS: 3097
global_step=9625600, episodic_return=230.0 (n=128)
SPS: 3097
SPS: 3097
SPS: 3097
SPS: 3097
SPS: 3097
SPS: 3097
SPS: 3097
SPS: 3097
SPS: 3097
SPS: 3097
SPS: 3097
SPS: 3097
SPS: 3097
SPS: 3097
SPS: 3097
SPS: 3097
SPS: 3097
SPS: 3097
SPS: 3097
SPS: 3097
SPS: 3097
SPS: 3097
SPS: 3097
SPS: 3097
SPS: 3097
global_step=9727488, episodic_return=250.0 (n=128)
SPS: 3097
SPS: 3097
SPS: 3097
SPS: 3097
SPS: 3097
SPS: 3098
SPS: 3097
SPS: 3097
SPS: 3098
SPS: 3098
SPS: 3098
SPS: 3098
SPS: 3098
SPS: 3097
SPS: 3098
SPS: 3098
SPS: 3098
SPS: 3098
SPS: 3098
SPS: 3098
SPS: 3098
global_step=9811712, episodic_return=140.0 (n=128)
SPS: 3098
SPS: 3098
SPS: 3098
SPS: 3098
SPS: 3098
SPS: 3098
SPS: 3098
SPS: 3098
SPS: 3098
SPS: 3098
SPS: 3098
SPS: 3098
SPS: 3098
SPS: 3098
SPS: 3098
SPS: 3098
SPS: 3098
SPS: 3098
global_step=9886464, episodic_return=130.0 (n=128)
SPS: 3098
SPS: 3098
SPS: 3098
SPS: 3098
SPS: 3098
SPS: 3098
SPS: 3098
SPS: 3098
SPS: 3098
SPS: 3098
SPS: 3098
SPS: 3098
SPS: 3098
SPS: 3098
SPS: 3098
SPS: 3098
SPS: 3098
SPS: 3098
global_step=9960832, episodic_return=120.0 (n=128)
SPS: 3098
SPS: 3098
SPS: 3098
SPS: 3098
SPS: 3098
SPS: 3098
SPS: 3098
SPS: 3098
SPS: 3098
SPS: 3098
Results saved to /runs/h005__h005-alien-s1.csv
slurmstepd: error: run_script_as_user: couldn't change working dir to /home/rogercc/'/scratch/rogercc/cleanrl': No such file or directory
