slurmstepd: error: couldn't chdir to `/home/rogercc/'/scratch/rogercc/cleanrl'': No such file or directory: going to /tmp instead
slurmstepd: error: couldn't chdir to `/home/rogercc/'/scratch/rogercc/cleanrl'': No such file or directory: going to /tmp instead
sending incremental file list
auto-cleanrl.sif

sent 4,938,043,507 bytes  received 35 bytes  365,781,003.11 bytes/sec
total size is 4,945,334,272  speedup is 1.00
/usr/local/lib/python3.10/dist-packages/treevalue/tree/integration/torch.py:23: FutureWarning: `torch.utils._pytree._register_pytree_node` is deprecated. Please use `torch.utils._pytree.register_pytree_node` instead.
  register_for_torch(TreeValue)
/usr/local/lib/python3.10/dist-packages/treevalue/tree/integration/torch.py:24: FutureWarning: `torch.utils._pytree._register_pytree_node` is deprecated. Please use `torch.utils._pytree.register_pytree_node` instead.
  register_for_torch(FastTreeValue)
Gym has been unmaintained since 2022 and does not support NumPy 2.0 amongst other critical functionality.
Please upgrade to Gymnasium, the maintained drop-in replacement of Gym, or contact the authors of your software and request that they upgrade.
See the migration guide at https://gymnasium.farama.org/introduction/migration_guide/ for additional information.
/usr/local/lib/python3.10/dist-packages/tyro/_parsers.py:353: UserWarning: The field `wandb-entity` is annotated with type `<class 'str'>`, but the default value `None` has type `<class 'NoneType'>`. We'll try to handle this gracefully, but it may cause unexpected behavior.
  warnings.warn(message)
/usr/local/lib/python3.10/dist-packages/tyro/_parsers.py:353: UserWarning: The field `target-kl` is annotated with type `<class 'float'>`, but the default value `None` has type `<class 'NoneType'>`. We'll try to handle this gracefully, but it may cause unexpected behavior.
  warnings.warn(message)
SPS: 1189
SPS: 1650
SPS: 1890
SPS: 2037
SPS: 2133
SPS: 2208
SPS: 2279
SPS: 2330
SPS: 2369
SPS: 2391
SPS: 2413
SPS: 2433
SPS: 2452
SPS: 2472
SPS: 2486
SPS: 2495
SPS: 2509
SPS: 2517
SPS: 2523
SPS: 2531
SPS: 2543
SPS: 2553
SPS: 2559
global_step=98176, episodic_return=380.0 (n=128)
SPS: 2565
SPS: 2571
SPS: 2578
SPS: 2582
SPS: 2587
SPS: 2590
SPS: 2594
SPS: 2598
SPS: 2603
SPS: 2605
SPS: 2608
SPS: 2611
SPS: 2612
SPS: 2614
SPS: 2616
SPS: 2617
SPS: 2618
SPS: 2616
SPS: 2617
SPS: 2618
SPS: 2620
SPS: 2620
SPS: 2622
SPS: 2625
SPS: 2626
SPS: 2628
SPS: 2631
global_step=205952, episodic_return=420.0 (n=128)
SPS: 2632
SPS: 2632
SPS: 2635
SPS: 2637
SPS: 2638
SPS: 2639
SPS: 2640
SPS: 2642
SPS: 2642
SPS: 2643
SPS: 2645
SPS: 2646
SPS: 2646
SPS: 2646
SPS: 2647
SPS: 2648
SPS: 2649
SPS: 2650
SPS: 2650
SPS: 2650
SPS: 2650
SPS: 2651
SPS: 2651
SPS: 2652
SPS: 2653
SPS: 2654
SPS: 2655
SPS: 2654
SPS: 2655
SPS: 2657
SPS: 2655
SPS: 2656
SPS: 2656
SPS: 2656
SPS: 2657
SPS: 2658
SPS: 2659
SPS: 2659
SPS: 2659
SPS: 2659
SPS: 2660
SPS: 2660
SPS: 2661
SPS: 2661
SPS: 2661
SPS: 2662
SPS: 2662
SPS: 2662
SPS: 2663
SPS: 2663
SPS: 2664
SPS: 2665
SPS: 2666
SPS: 2667
SPS: 2668
SPS: 2668
SPS: 2668
SPS: 2669
SPS: 2669
SPS: 2670
SPS: 2670
SPS: 2671
SPS: 2672
SPS: 2672
SPS: 2672
SPS: 2673
SPS: 2673
SPS: 2673
SPS: 2674
SPS: 2675
SPS: 2673
SPS: 2673
SPS: 2673
SPS: 2674
SPS: 2674
SPS: 2673
SPS: 2672
SPS: 2672
SPS: 2673
SPS: 2673
SPS: 2674
SPS: 2674
SPS: 2674
SPS: 2674
SPS: 2673
SPS: 2673
SPS: 2673
SPS: 2673
SPS: 2673
SPS: 2673
SPS: 2673
SPS: 2673
SPS: 2673
SPS: 2674
SPS: 2674
SPS: 2674
SPS: 2675
SPS: 2674
SPS: 2673
SPS: 2673
SPS: 2672
SPS: 2672
SPS: 2672
SPS: 2672
SPS: 2672
SPS: 2672
SPS: 2673
SPS: 2673
SPS: 2673
SPS: 2673
SPS: 2668
SPS: 2667
SPS: 2668
SPS: 2668
SPS: 2668
SPS: 2668
SPS: 2668
SPS: 2669
global_step=688896, episodic_return=940.0 (n=128)
SPS: 2669
SPS: 2670
SPS: 2670
SPS: 2671
SPS: 2670
SPS: 2671
SPS: 2671
SPS: 2671
SPS: 2671
SPS: 2671
SPS: 2670
SPS: 2670
SPS: 2671
SPS: 2671
SPS: 2671
SPS: 2671
SPS: 2672
global_step=758272, episodic_return=220.0 (n=128)
SPS: 2671
SPS: 2672
SPS: 2672
SPS: 2672
SPS: 2672
SPS: 2671
SPS: 2670
SPS: 2671
SPS: 2672
SPS: 2672
SPS: 2672
SPS: 2672
SPS: 2673
SPS: 2673
SPS: 2673
SPS: 2673
SPS: 2674
SPS: 2674
SPS: 2675
SPS: 2675
SPS: 2676
SPS: 2676
SPS: 2676
global_step=853376, episodic_return=1690.0 (n=128)
SPS: 2676
SPS: 2676
SPS: 2676
SPS: 2676
SPS: 2676
SPS: 2676
SPS: 2676
SPS: 2676
SPS: 2675
SPS: 2676
SPS: 2675
SPS: 2676
SPS: 2676
SPS: 2676
SPS: 2676
SPS: 2676
SPS: 2677
SPS: 2677
SPS: 2678
global_step=930048, episodic_return=220.0 (n=128)
SPS: 2678
SPS: 2678
SPS: 2679
SPS: 2679
SPS: 2679
SPS: 2679
SPS: 2679
SPS: 2679
SPS: 2679
SPS: 2679
SPS: 2679
SPS: 2679
SPS: 2679
SPS: 2676
SPS: 2677
SPS: 2677
SPS: 2677
SPS: 2677
SPS: 2677
SPS: 2677
SPS: 2677
SPS: 2677
SPS: 2677
SPS: 2677
SPS: 2678
SPS: 2678
SPS: 2678
SPS: 2678
SPS: 2678
global_step=1051008, episodic_return=440.0 (n=128)
SPS: 2678
SPS: 2678
SPS: 2678
SPS: 2678
SPS: 2678
SPS: 2678
SPS: 2678
SPS: 2678
SPS: 2678
SPS: 2678
SPS: 2678
SPS: 2678
SPS: 2678
SPS: 2678
SPS: 2678
SPS: 2678
SPS: 2678
SPS: 2678
SPS: 2678
SPS: 2678
SPS: 2678
SPS: 2678
SPS: 2678
SPS: 2678
SPS: 2676
SPS: 2676
SPS: 2676
SPS: 2677
SPS: 2676
SPS: 2677
SPS: 2677
global_step=1176576, episodic_return=280.0 (n=128)
SPS: 2676
SPS: 2677
SPS: 2677
SPS: 2677
SPS: 2677
SPS: 2678
SPS: 2677
SPS: 2678
SPS: 2678
SPS: 2678
SPS: 2678
SPS: 2678
SPS: 2678
SPS: 2678
SPS: 2679
SPS: 2678
SPS: 2679
SPS: 2679
SPS: 2679
SPS: 2679
SPS: 2679
SPS: 2679
SPS: 2679
SPS: 2679
SPS: 2679
SPS: 2679
SPS: 2679
SPS: 2679
SPS: 2679
SPS: 2679
SPS: 2679
SPS: 2679
SPS: 2679
SPS: 2677
SPS: 2677
SPS: 2677
SPS: 2676
SPS: 2676
SPS: 2676
SPS: 2676
SPS: 2676
SPS: 2676
SPS: 2676
SPS: 2677
SPS: 2677
SPS: 2677
SPS: 2677
SPS: 2676
SPS: 2677
SPS: 2677
SPS: 2677
SPS: 2677
SPS: 2677
SPS: 2677
SPS: 2677
SPS: 2677
SPS: 2678
SPS: 2678
SPS: 2678
SPS: 2678
SPS: 2678
SPS: 2678
SPS: 2677
SPS: 2676
SPS: 2677
SPS: 2677
SPS: 2677
SPS: 2677
SPS: 2677
SPS: 2677
SPS: 2677
SPS: 2677
SPS: 2677
SPS: 2678
global_step=1481216, episodic_return=1370.0 (n=128)
SPS: 2678
SPS: 2678
SPS: 2678
SPS: 2678
SPS: 2678
SPS: 2679
SPS: 2679
SPS: 2679
SPS: 2679
SPS: 2679
SPS: 2679
SPS: 2679
SPS: 2679
SPS: 2679
SPS: 2678
SPS: 2678
SPS: 2679
SPS: 2679
SPS: 2679
global_step=1559168, episodic_return=360.0 (n=128)
SPS: 2678
SPS: 2679
SPS: 2679
SPS: 2679
SPS: 2680
SPS: 2679
SPS: 2680
SPS: 2680
SPS: 2680
SPS: 2680
SPS: 2680
SPS: 2680
SPS: 2680
SPS: 2680
SPS: 2681
SPS: 2681
SPS: 2681
SPS: 2681
SPS: 2681
SPS: 2681
SPS: 2681
SPS: 2681
SPS: 2680
SPS: 2680
global_step=1657856, episodic_return=1220.0 (n=128)
SPS: 2680
SPS: 2680
SPS: 2679
SPS: 2679
SPS: 2679
SPS: 2679
SPS: 2679
SPS: 2679
SPS: 2679
SPS: 2679
SPS: 2679
SPS: 2679
SPS: 2679
SPS: 2679
SPS: 2679
SPS: 2679
SPS: 2679
SPS: 2679
SPS: 2679
SPS: 2679
SPS: 2679
global_step=1742848, episodic_return=380.0 (n=128)
SPS: 2679
SPS: 2679
SPS: 2679
SPS: 2679
SPS: 2679
SPS: 2679
SPS: 2679
SPS: 2679
SPS: 2679
SPS: 2679
SPS: 2679
SPS: 2679
SPS: 2679
SPS: 2679
SPS: 2679
SPS: 2678
SPS: 2678
SPS: 2678
SPS: 2678
SPS: 2678
SPS: 2678
SPS: 2678
SPS: 2679
global_step=1837440, episodic_return=440.0 (n=128)
SPS: 2679
SPS: 2679
SPS: 2679
SPS: 2679
SPS: 2679
SPS: 2679
SPS: 2679
SPS: 2680
SPS: 2680
SPS: 2680
SPS: 2680
SPS: 2680
SPS: 2680
SPS: 2680
SPS: 2680
SPS: 2680
SPS: 2680
SPS: 2680
SPS: 2680
SPS: 2679
global_step=1920384, episodic_return=400.0 (n=128)
SPS: 2679
SPS: 2679
SPS: 2679
SPS: 2679
SPS: 2679
SPS: 2679
SPS: 2679
SPS: 2680
SPS: 2680
SPS: 2680
SPS: 2680
SPS: 2680
SPS: 2679
SPS: 2679
SPS: 2678
SPS: 2678
SPS: 2678
SPS: 2678
SPS: 2679
SPS: 2679
SPS: 2678
SPS: 2679
SPS: 2678
SPS: 2679
SPS: 2679
SPS: 2679
SPS: 2679
SPS: 2679
SPS: 2679
SPS: 2679
SPS: 2679
SPS: 2679
SPS: 2679
SPS: 2679
SPS: 2679
SPS: 2680
SPS: 2680
SPS: 2680
SPS: 2680
SPS: 2680
SPS: 2680
SPS: 2680
SPS: 2680
SPS: 2680
SPS: 2680
SPS: 2680
SPS: 2680
SPS: 2680
SPS: 2681
SPS: 2680
SPS: 2681
SPS: 2681
SPS: 2679
SPS: 2679
global_step=2139776, episodic_return=360.0 (n=128)
SPS: 2679
SPS: 2679
SPS: 2679
SPS: 2679
SPS: 2679
SPS: 2679
SPS: 2679
SPS: 2679
SPS: 2679
SPS: 2679
SPS: 2679
SPS: 2679
SPS: 2679
SPS: 2679
SPS: 2679
SPS: 2679
SPS: 2678
SPS: 2678
SPS: 2678
SPS: 2678
SPS: 2677
SPS: 2677
SPS: 2677
SPS: 2676
SPS: 2676
SPS: 2677
SPS: 2677
SPS: 2677
SPS: 2677
SPS: 2677
SPS: 2677
SPS: 2677
SPS: 2677
SPS: 2677
SPS: 2677
SPS: 2677
SPS: 2677
SPS: 2677
SPS: 2677
SPS: 2677
SPS: 2677
SPS: 2677
SPS: 2677
SPS: 2677
SPS: 2677
SPS: 2677
SPS: 2678
SPS: 2678
SPS: 2678
SPS: 2678
SPS: 2678
SPS: 2678
SPS: 2678
SPS: 2678
SPS: 2679
SPS: 2679
SPS: 2679
SPS: 2679
SPS: 2678
SPS: 2678
SPS: 2679
SPS: 2679
SPS: 2679
SPS: 2679
SPS: 2679
SPS: 2679
SPS: 2679
SPS: 2679
SPS: 2680
SPS: 2680
SPS: 2680
SPS: 2680
SPS: 2680
SPS: 2680
SPS: 2680
SPS: 2680
SPS: 2680
SPS: 2680
SPS: 2679
SPS: 2679
SPS: 2679
SPS: 2679
SPS: 2679
SPS: 2679
SPS: 2680
SPS: 2679
SPS: 2680
SPS: 2680
SPS: 2680
SPS: 2680
SPS: 2680
SPS: 2680
SPS: 2680
SPS: 2680
SPS: 2680
SPS: 2680
SPS: 2680
SPS: 2680
SPS: 2680
SPS: 2680
SPS: 2680
SPS: 2680
SPS: 2680
SPS: 2680
SPS: 2680
SPS: 2680
SPS: 2680
SPS: 2680
global_step=2583296, episodic_return=1210.0 (n=128)
SPS: 2680
SPS: 2681
SPS: 2681
SPS: 2681
SPS: 2681
SPS: 2681
SPS: 2681
SPS: 2681
SPS: 2681
SPS: 2681
SPS: 2681
SPS: 2680
SPS: 2680
SPS: 2681
SPS: 2680
SPS: 2680
SPS: 2680
SPS: 2680
SPS: 2680
SPS: 2680
SPS: 2680
SPS: 2680
SPS: 2680
SPS: 2680
SPS: 2680
SPS: 2681
SPS: 2680
global_step=2694016, episodic_return=140.0 (n=128)
SPS: 2681
SPS: 2681
SPS: 2681
SPS: 2681
SPS: 2681
SPS: 2681
SPS: 2681
SPS: 2681
SPS: 2681
SPS: 2681
SPS: 2681
SPS: 2681
SPS: 2681
SPS: 2681
SPS: 2681
SPS: 2681
SPS: 2681
SPS: 2681
SPS: 2681
SPS: 2681
SPS: 2681
SPS: 2681
global_step=2783488, episodic_return=480.0 (n=128)
SPS: 2681
SPS: 2680
SPS: 2680
SPS: 2679
SPS: 2680
SPS: 2680
SPS: 2680
SPS: 2680
SPS: 2680
SPS: 2680
SPS: 2680
SPS: 2680
SPS: 2680
SPS: 2680
SPS: 2680
SPS: 2680
SPS: 2680
SPS: 2680
SPS: 2680
global_step=2862208, episodic_return=360.0 (n=128)
SPS: 2680
SPS: 2680
SPS: 2680
SPS: 2680
SPS: 2680
SPS: 2680
SPS: 2680
SPS: 2680
SPS: 2680
SPS: 2680
SPS: 2680
SPS: 2680
SPS: 2680
SPS: 2680
SPS: 2680
SPS: 2680
SPS: 2680
SPS: 2680
SPS: 2680
SPS: 2680
SPS: 2680
SPS: 2680
SPS: 2680
SPS: 2680
SPS: 2680
SPS: 2680
SPS: 2680
SPS: 2680
SPS: 2680
SPS: 2680
SPS: 2680
SPS: 2680
SPS: 2680
SPS: 2680
SPS: 2680
SPS: 2680
SPS: 2681
SPS: 2681
SPS: 2681
SPS: 2681
SPS: 2681
SPS: 2681
SPS: 2681
SPS: 2681
SPS: 2681
SPS: 2681
SPS: 2681
SPS: 2681
SPS: 2681
global_step=3059968, episodic_return=640.0 (n=128)
SPS: 2681
SPS: 2681
SPS: 2681
SPS: 2681
SPS: 2680
SPS: 2680
SPS: 2680
SPS: 2680
SPS: 2680
SPS: 2680
SPS: 2680
SPS: 2680
SPS: 2680
SPS: 2679
SPS: 2680
SPS: 2680
SPS: 2680
SPS: 2680
SPS: 2680
SPS: 2680
SPS: 2680
SPS: 2680
global_step=3153280, episodic_return=420.0 (n=128)
SPS: 2679
SPS: 2679
SPS: 2680
SPS: 2680
SPS: 2680
SPS: 2680
SPS: 2680
SPS: 2680
SPS: 2680
SPS: 2680
SPS: 2680
SPS: 2680
SPS: 2680
SPS: 2680
SPS: 2680
SPS: 2680
SPS: 2680
SPS: 2680
SPS: 2680
SPS: 2680
SPS: 2680
SPS: 2680
SPS: 2680
SPS: 2679
SPS: 2679
SPS: 2679
SPS: 2679
SPS: 2679
SPS: 2679
SPS: 2679
SPS: 2678
SPS: 2678
SPS: 2678
SPS: 2678
SPS: 2678
SPS: 2678
SPS: 2678
SPS: 2677
SPS: 2677
SPS: 2677
SPS: 2677
SPS: 2677
SPS: 2677
SPS: 2677
SPS: 2677
SPS: 2677
SPS: 2677
SPS: 2677
SPS: 2676
SPS: 2676
SPS: 2676
SPS: 2676
SPS: 2676
SPS: 2676
SPS: 2676
SPS: 2676
SPS: 2676
SPS: 2675
SPS: 2675
SPS: 2675
SPS: 2675
SPS: 2675
SPS: 2675
SPS: 2675
SPS: 2675
SPS: 2675
SPS: 2675
SPS: 2675
SPS: 2675
SPS: 2675
SPS: 2675
SPS: 2675
SPS: 2674
SPS: 2674
SPS: 2674
SPS: 2675
SPS: 2675
SPS: 2675
global_step=3473280, episodic_return=240.0 (n=128)
SPS: 2675
SPS: 2675
SPS: 2675
SPS: 2675
SPS: 2675
SPS: 2675
SPS: 2675
SPS: 2675
SPS: 2675
SPS: 2675
SPS: 2675
SPS: 2675
SPS: 2675
SPS: 2675
SPS: 2675
SPS: 2675
SPS: 2675
SPS: 2675
SPS: 2676
SPS: 2676
SPS: 2676
SPS: 2676
SPS: 2676
SPS: 2676
SPS: 2676
SPS: 2676
SPS: 2676
SPS: 2676
SPS: 2676
SPS: 2676
SPS: 2676
SPS: 2675
SPS: 2675
SPS: 2675
SPS: 2675
SPS: 2675
SPS: 2676
SPS: 2676
SPS: 2676
SPS: 2676
SPS: 2676
SPS: 2676
SPS: 2676
SPS: 2676
SPS: 2675
SPS: 2675
SPS: 2675
SPS: 2675
SPS: 2675
SPS: 2675
SPS: 2675
SPS: 2675
SPS: 2675
SPS: 2675
SPS: 2675
SPS: 2674
SPS: 2674
SPS: 2674
SPS: 2674
SPS: 2674
SPS: 2674
SPS: 2674
SPS: 2674
SPS: 2674
SPS: 2674
SPS: 2674
SPS: 2674
SPS: 2674
SPS: 2674
SPS: 2674
SPS: 2674
SPS: 2673
SPS: 2673
SPS: 2673
SPS: 2673
SPS: 2673
SPS: 2673
SPS: 2673
SPS: 2673
SPS: 2673
SPS: 2673
SPS: 2673
SPS: 2673
SPS: 2673
SPS: 2673
SPS: 2673
SPS: 2672
SPS: 2672
SPS: 2672
SPS: 2672
SPS: 2672
SPS: 2672
SPS: 2672
SPS: 2672
SPS: 2672
SPS: 2672
SPS: 2672
SPS: 2672
SPS: 2672
SPS: 2672
SPS: 2672
SPS: 2672
SPS: 2672
SPS: 2672
SPS: 2672
SPS: 2672
SPS: 2672
SPS: 2672
SPS: 2672
SPS: 2672
SPS: 2672
SPS: 2671
SPS: 2672
SPS: 2672
SPS: 2671
SPS: 2671
SPS: 2671
SPS: 2671
SPS: 2671
SPS: 2672
SPS: 2672
SPS: 2672
SPS: 2672
SPS: 2672
SPS: 2672
SPS: 2672
SPS: 2672
SPS: 2672
SPS: 2672
SPS: 2672
SPS: 2672
SPS: 2672
SPS: 2672
SPS: 2672
SPS: 2672
SPS: 2672
SPS: 2672
SPS: 2672
SPS: 2672
SPS: 2672
SPS: 2672
global_step=4047872, episodic_return=970.0 (n=128)
SPS: 2672
SPS: 2672
SPS: 2673
SPS: 2673
SPS: 2673
SPS: 2673
SPS: 2673
SPS: 2673
SPS: 2673
SPS: 2673
SPS: 2672
SPS: 2673
SPS: 2673
SPS: 2672
SPS: 2672
SPS: 2673
SPS: 2673
SPS: 2673
SPS: 2673
SPS: 2673
SPS: 2673
SPS: 2673
global_step=4138368, episodic_return=620.0 (n=128)
SPS: 2673
SPS: 2673
SPS: 2673
SPS: 2673
SPS: 2673
SPS: 2673
SPS: 2673
SPS: 2673
SPS: 2673
SPS: 2673
SPS: 2673
SPS: 2673
SPS: 2673
SPS: 2673
SPS: 2673
SPS: 2673
SPS: 2674
SPS: 2674
SPS: 2674
SPS: 2674
SPS: 2674
SPS: 2674
SPS: 2674
SPS: 2674
global_step=4239104, episodic_return=1050.0 (n=128)
SPS: 2674
SPS: 2674
SPS: 2674
SPS: 2674
SPS: 2674
SPS: 2673
SPS: 2673
SPS: 2673
SPS: 2673
SPS: 2673
SPS: 2673
SPS: 2673
SPS: 2673
SPS: 2673
SPS: 2673
SPS: 2673
SPS: 2673
SPS: 2673
SPS: 2673
SPS: 2673
SPS: 2673
global_step=4321792, episodic_return=320.0 (n=128)
SPS: 2673
SPS: 2673
SPS: 2673
SPS: 2674
SPS: 2674
SPS: 2674
SPS: 2674
SPS: 2674
SPS: 2674
SPS: 2674
SPS: 2674
SPS: 2674
SPS: 2674
SPS: 2674
SPS: 2674
SPS: 2674
SPS: 2674
SPS: 2674
SPS: 2674
SPS: 2674
SPS: 2675
SPS: 2675
SPS: 2675
SPS: 2674
SPS: 2674
SPS: 2674
SPS: 2674
SPS: 2674
SPS: 2674
SPS: 2674
SPS: 2674
SPS: 2674
SPS: 2674
SPS: 2674
SPS: 2675
SPS: 2675
SPS: 2675
SPS: 2675
SPS: 2675
SPS: 2675
SPS: 2675
SPS: 2675
SPS: 2675
SPS: 2675
SPS: 2675
SPS: 2674
global_step=4511360, episodic_return=1520.0 (n=128)
SPS: 2674
SPS: 2674
SPS: 2675
SPS: 2675
SPS: 2675
SPS: 2675
SPS: 2675
SPS: 2675
SPS: 2675
SPS: 2675
SPS: 2675
SPS: 2675
SPS: 2675
SPS: 2675
SPS: 2675
SPS: 2675
SPS: 2675
SPS: 2675
SPS: 2675
SPS: 2675
SPS: 2675
SPS: 2675
SPS: 2675
SPS: 2675
SPS: 2675
SPS: 2675
SPS: 2675
SPS: 2675
SPS: 2675
SPS: 2675
SPS: 2676
SPS: 2676
global_step=4642304, episodic_return=1780.0 (n=128)
SPS: 2676
SPS: 2676
SPS: 2676
SPS: 2676
SPS: 2676
SPS: 2676
SPS: 2676
SPS: 2676
SPS: 2676
SPS: 2676
SPS: 2676
SPS: 2676
SPS: 2676
SPS: 2676
SPS: 2676
SPS: 2676
SPS: 2676
SPS: 2676
SPS: 2676
SPS: 2676
SPS: 2676
SPS: 2676
global_step=4733312, episodic_return=890.0 (n=128)
SPS: 2676
SPS: 2676
SPS: 2676
SPS: 2676
SPS: 2675
SPS: 2675
SPS: 2675
SPS: 2675
SPS: 2675
SPS: 2675
SPS: 2675
SPS: 2675
SPS: 2675
SPS: 2675
SPS: 2675
SPS: 2675
SPS: 2675
global_step=4803072, episodic_return=280.0 (n=128)
SPS: 2675
SPS: 2675
SPS: 2675
SPS: 2675
SPS: 2675
SPS: 2675
SPS: 2675
SPS: 2675
SPS: 2675
SPS: 2675
SPS: 2675
SPS: 2675
SPS: 2675
SPS: 2675
SPS: 2675
SPS: 2675
SPS: 2675
SPS: 2675
global_step=4877440, episodic_return=240.0 (n=128)
SPS: 2675
SPS: 2675
SPS: 2675
SPS: 2675
SPS: 2675
SPS: 2675
SPS: 2675
SPS: 2675
SPS: 2675
SPS: 2675
SPS: 2675
SPS: 2675
SPS: 2675
SPS: 2675
SPS: 2675
SPS: 2675
SPS: 2675
SPS: 2675
SPS: 2675
SPS: 2675
SPS: 2675
SPS: 2675
global_step=4965760, episodic_return=880.0 (n=128)
SPS: 2675
SPS: 2675
SPS: 2675
SPS: 2675
SPS: 2675
SPS: 2675
SPS: 2675
SPS: 2675
SPS: 2675
SPS: 2675
SPS: 2675
SPS: 2675
SPS: 2675
SPS: 2675
SPS: 2675
SPS: 2675
SPS: 2675
SPS: 2675
SPS: 2675
SPS: 2675
SPS: 2675
SPS: 2675
SPS: 2675
SPS: 2675
SPS: 2675
SPS: 2675
SPS: 2674
SPS: 2674
SPS: 2674
SPS: 2674
SPS: 2674
SPS: 2674
global_step=5098368, episodic_return=3120.0 (n=128)
SPS: 2674
SPS: 2674
SPS: 2674
SPS: 2674
SPS: 2674
SPS: 2674
SPS: 2674
SPS: 2674
SPS: 2674
SPS: 2674
SPS: 2674
SPS: 2674
SPS: 2674
SPS: 2674
SPS: 2674
SPS: 2674
SPS: 2674
SPS: 2674
SPS: 2674
SPS: 2674
SPS: 2674
SPS: 2674
SPS: 2674
SPS: 2674
SPS: 2674
SPS: 2675
SPS: 2675
SPS: 2674
SPS: 2675
SPS: 2675
SPS: 2675
SPS: 2675
SPS: 2675
SPS: 2675
SPS: 2675
SPS: 2675
SPS: 2675
SPS: 2675
SPS: 2675
SPS: 2675
SPS: 2675
SPS: 2675
SPS: 2675
SPS: 2675
SPS: 2675
SPS: 2675
SPS: 2675
SPS: 2675
SPS: 2675
SPS: 2675
SPS: 2675
SPS: 2675
SPS: 2675
SPS: 2675
SPS: 2675
SPS: 2675
SPS: 2675
SPS: 2675
SPS: 2675
SPS: 2675
SPS: 2675
SPS: 2676
SPS: 2675
SPS: 2675
SPS: 2675
SPS: 2675
SPS: 2676
SPS: 2676
SPS: 2676
SPS: 2676
SPS: 2676
SPS: 2676
SPS: 2676
SPS: 2676
SPS: 2676
SPS: 2676
SPS: 2676
SPS: 2676
SPS: 2676
SPS: 2676
SPS: 2676
SPS: 2676
SPS: 2676
SPS: 2676
SPS: 2676
SPS: 2676
SPS: 2676
SPS: 2676
SPS: 2676
SPS: 2676
SPS: 2676
SPS: 2676
SPS: 2676
SPS: 2676
SPS: 2676
SPS: 2676
SPS: 2676
SPS: 2676
SPS: 2676
global_step=5502848, episodic_return=500.0 (n=128)
SPS: 2676
SPS: 2676
SPS: 2676
SPS: 2676
SPS: 2676
SPS: 2676
SPS: 2676
SPS: 2676
SPS: 2676
SPS: 2676
SPS: 2676
SPS: 2676
SPS: 2676
SPS: 2676
SPS: 2676
SPS: 2676
SPS: 2676
SPS: 2676
SPS: 2676
SPS: 2676
SPS: 2676
SPS: 2676
SPS: 2676
SPS: 2676
SPS: 2676
SPS: 2676
SPS: 2676
SPS: 2676
SPS: 2676
SPS: 2676
SPS: 2676
SPS: 2676
SPS: 2676
SPS: 2676
SPS: 2676
SPS: 2676
SPS: 2676
SPS: 2676
SPS: 2676
SPS: 2676
SPS: 2676
SPS: 2676
SPS: 2676
SPS: 2676
SPS: 2676
SPS: 2676
SPS: 2676
SPS: 2676
SPS: 2676
SPS: 2676
SPS: 2676
SPS: 2676
global_step=5715072, episodic_return=400.0 (n=128)
SPS: 2676
SPS: 2676
SPS: 2676
SPS: 2676
SPS: 2676
SPS: 2676
SPS: 2676
SPS: 2676
SPS: 2676
SPS: 2676
SPS: 2677
SPS: 2677
SPS: 2676
SPS: 2676
SPS: 2676
SPS: 2676
SPS: 2676
global_step=5785856, episodic_return=340.0 (n=128)
SPS: 2676
SPS: 2676
SPS: 2676
SPS: 2676
SPS: 2677
SPS: 2677
SPS: 2677
SPS: 2677
SPS: 2677
SPS: 2677
SPS: 2677
SPS: 2677
SPS: 2677
SPS: 2677
SPS: 2677
SPS: 2677
SPS: 2677
SPS: 2677
SPS: 2677
SPS: 2677
SPS: 2677
SPS: 2677
SPS: 2677
SPS: 2677
SPS: 2677
SPS: 2677
SPS: 2677
SPS: 2677
SPS: 2677
SPS: 2677
global_step=5909504, episodic_return=540.0 (n=128)
SPS: 2677
SPS: 2677
SPS: 2677
SPS: 2677
SPS: 2677
SPS: 2677
SPS: 2677
SPS: 2677
SPS: 2677
SPS: 2677
SPS: 2677
SPS: 2677
SPS: 2677
SPS: 2677
SPS: 2677
SPS: 2677
SPS: 2677
SPS: 2677
SPS: 2677
global_step=5987712, episodic_return=480.0 (n=128)
SPS: 2677
SPS: 2677
SPS: 2677
SPS: 2677
SPS: 2677
SPS: 2677
SPS: 2677
SPS: 2677
SPS: 2677
SPS: 2677
SPS: 2677
SPS: 2677
SPS: 2677
SPS: 2677
SPS: 2677
SPS: 2677
global_step=6053120, episodic_return=400.0 (n=128)
SPS: 2677
SPS: 2677
SPS: 2677
SPS: 2677
SPS: 2677
SPS: 2677
SPS: 2677
SPS: 2677
SPS: 2677
SPS: 2677
SPS: 2677
SPS: 2677
SPS: 2677
SPS: 2677
SPS: 2677
SPS: 2677
SPS: 2677
SPS: 2677
SPS: 2677
SPS: 2677
SPS: 2677
SPS: 2677
SPS: 2677
SPS: 2677
SPS: 2677
SPS: 2677
SPS: 2677
SPS: 2677
SPS: 2677
global_step=6168960, episodic_return=2440.0 (n=128)
SPS: 2677
SPS: 2677
SPS: 2677
SPS: 2677
SPS: 2677
SPS: 2677
SPS: 2677
SPS: 2677
SPS: 2677
SPS: 2677
SPS: 2677
SPS: 2677
SPS: 2677
SPS: 2677
SPS: 2677
SPS: 2677
SPS: 2677
SPS: 2677
global_step=6243456, episodic_return=300.0 (n=128)
SPS: 2677
SPS: 2677
SPS: 2677
SPS: 2678
SPS: 2678
SPS: 2678
SPS: 2678
SPS: 2678
SPS: 2678
SPS: 2678
SPS: 2678
SPS: 2678
SPS: 2678
SPS: 2678
SPS: 2678
SPS: 2678
SPS: 2678
SPS: 2678
SPS: 2678
SPS: 2678
SPS: 2678
SPS: 2678
SPS: 2678
SPS: 2678
SPS: 2678
SPS: 2678
SPS: 2678
SPS: 2678
SPS: 2678
SPS: 2678
SPS: 2678
SPS: 2678
SPS: 2678
SPS: 2679
SPS: 2679
SPS: 2678
SPS: 2678
SPS: 2678
SPS: 2678
SPS: 2678
SPS: 2678
SPS: 2678
SPS: 2678
SPS: 2678
SPS: 2678
SPS: 2678
SPS: 2678
SPS: 2679
SPS: 2678
SPS: 2679
SPS: 2679
SPS: 2679
SPS: 2679
SPS: 2679
SPS: 2679
SPS: 2679
SPS: 2679
SPS: 2679
SPS: 2679
SPS: 2679
SPS: 2679
SPS: 2679
SPS: 2679
SPS: 2679
SPS: 2679
SPS: 2679
SPS: 2679
SPS: 2679
SPS: 2679
SPS: 2679
SPS: 2679
SPS: 2679
SPS: 2679
SPS: 2679
SPS: 2679
SPS: 2679
SPS: 2679
SPS: 2679
SPS: 2679
SPS: 2679
SPS: 2679
SPS: 2679
SPS: 2679
SPS: 2679
SPS: 2679
SPS: 2679
SPS: 2679
SPS: 2679
SPS: 2679
SPS: 2679
SPS: 2679
SPS: 2679
SPS: 2678
SPS: 2678
SPS: 2678
SPS: 2678
SPS: 2678
SPS: 2678
SPS: 2678
SPS: 2678
SPS: 2679
SPS: 2679
SPS: 2679
SPS: 2679
SPS: 2679
SPS: 2679
SPS: 2679
SPS: 2679
SPS: 2679
SPS: 2679
global_step=6695936, episodic_return=140.0 (n=128)
SPS: 2679
SPS: 2679
SPS: 2679
SPS: 2679
SPS: 2679
SPS: 2679
SPS: 2679
SPS: 2679
SPS: 2679
SPS: 2679
SPS: 2679
SPS: 2679
SPS: 2679
SPS: 2679
SPS: 2679
SPS: 2679
SPS: 2679
SPS: 2679
SPS: 2679
SPS: 2679
SPS: 2679
SPS: 2680
SPS: 2680
SPS: 2680
SPS: 2680
SPS: 2680
SPS: 2680
SPS: 2680
global_step=6809344, episodic_return=280.0 (n=128)
SPS: 2680
SPS: 2680
SPS: 2680
SPS: 2680
SPS: 2680
SPS: 2680
SPS: 2680
SPS: 2680
SPS: 2680
SPS: 2680
SPS: 2680
SPS: 2680
SPS: 2680
SPS: 2680
SPS: 2680
SPS: 2680
SPS: 2680
SPS: 2680
global_step=6885120, episodic_return=480.0 (n=128)
SPS: 2681
SPS: 2681
SPS: 2681
SPS: 2681
SPS: 2681
SPS: 2681
SPS: 2681
SPS: 2681
SPS: 2681
SPS: 2681
SPS: 2681
SPS: 2681
SPS: 2681
SPS: 2681
SPS: 2681
SPS: 2681
SPS: 2681
SPS: 2681
SPS: 2681
global_step=6961536, episodic_return=400.0 (n=128)
SPS: 2681
SPS: 2681
SPS: 2681
SPS: 2681
SPS: 2681
SPS: 2681
SPS: 2681
SPS: 2681
SPS: 2681
SPS: 2681
SPS: 2681
SPS: 2682
SPS: 2682
SPS: 2682
SPS: 2682
SPS: 2682
SPS: 2682
SPS: 2682
SPS: 2682
SPS: 2682
SPS: 2682
SPS: 2682
SPS: 2682
SPS: 2682
SPS: 2682
global_step=7063296, episodic_return=1780.0 (n=128)
SPS: 2682
SPS: 2682
SPS: 2682
SPS: 2682
SPS: 2682
SPS: 2682
SPS: 2682
SPS: 2682
SPS: 2682
SPS: 2682
SPS: 2682
SPS: 2682
SPS: 2682
SPS: 2682
SPS: 2682
global_step=7126784, episodic_return=280.0 (n=128)
SPS: 2682
SPS: 2682
SPS: 2682
SPS: 2682
SPS: 2682
SPS: 2682
SPS: 2682
SPS: 2682
SPS: 2682
SPS: 2682
SPS: 2683
SPS: 2683
SPS: 2683
SPS: 2683
SPS: 2683
SPS: 2683
SPS: 2683
SPS: 2683
SPS: 2683
SPS: 2683
SPS: 2683
SPS: 2683
SPS: 2683
SPS: 2683
SPS: 2683
SPS: 2683
SPS: 2683
SPS: 2683
SPS: 2683
SPS: 2683
SPS: 2683
SPS: 2683
global_step=7257216, episodic_return=1470.0 (n=128)
SPS: 2683
SPS: 2683
SPS: 2683
SPS: 2683
SPS: 2683
SPS: 2683
SPS: 2683
SPS: 2683
SPS: 2683
SPS: 2683
SPS: 2683
SPS: 2683
SPS: 2683
SPS: 2683
SPS: 2683
SPS: 2683
SPS: 2683
SPS: 2683
SPS: 2683
SPS: 2683
SPS: 2683
SPS: 2683
SPS: 2683
SPS: 2683
SPS: 2683
SPS: 2683
global_step=7364096, episodic_return=420.0 (n=128)
SPS: 2683
SPS: 2683
SPS: 2683
SPS: 2683
SPS: 2683
SPS: 2683
SPS: 2683
SPS: 2683
SPS: 2683
SPS: 2683
SPS: 2684
SPS: 2684
SPS: 2684
SPS: 2684
SPS: 2684
SPS: 2684
SPS: 2684
SPS: 2684
SPS: 2684
SPS: 2684
SPS: 2684
SPS: 2684
SPS: 2684
global_step=7455232, episodic_return=580.0 (n=128)
SPS: 2684
SPS: 2684
SPS: 2684
SPS: 2684
SPS: 2684
SPS: 2684
SPS: 2684
SPS: 2684
SPS: 2684
SPS: 2684
SPS: 2684
SPS: 2684
SPS: 2684
SPS: 2684
SPS: 2684
SPS: 2684
SPS: 2684
SPS: 2684
SPS: 2684
global_step=7535104, episodic_return=320.0 (n=128)
SPS: 2684
SPS: 2684
SPS: 2684
SPS: 2684
SPS: 2684
SPS: 2684
SPS: 2684
SPS: 2684
SPS: 2684
SPS: 2684
SPS: 2684
SPS: 2684
SPS: 2684
SPS: 2684
SPS: 2684
SPS: 2684
SPS: 2684
SPS: 2684
SPS: 2683
SPS: 2683
SPS: 2683
SPS: 2683
SPS: 2683
SPS: 2683
SPS: 2683
SPS: 2683
SPS: 2683
SPS: 2683
SPS: 2683
SPS: 2683
global_step=7657984, episodic_return=2750.0 (n=128)
SPS: 2683
SPS: 2683
SPS: 2683
SPS: 2683
SPS: 2683
SPS: 2683
SPS: 2683
SPS: 2683
SPS: 2683
SPS: 2683
SPS: 2683
SPS: 2683
SPS: 2683
SPS: 2683
SPS: 2683
SPS: 2683
SPS: 2683
SPS: 2683
SPS: 2683
SPS: 2683
SPS: 2683
SPS: 2683
SPS: 2683
global_step=7752192, episodic_return=830.0 (n=128)
SPS: 2683
SPS: 2683
SPS: 2683
SPS: 2683
SPS: 2683
SPS: 2683
SPS: 2683
SPS: 2683
SPS: 2683
SPS: 2683
SPS: 2683
SPS: 2683
SPS: 2683
SPS: 2683
SPS: 2683
SPS: 2683
SPS: 2683
SPS: 2683
SPS: 2683
SPS: 2684
SPS: 2684
SPS: 2684
SPS: 2684
SPS: 2684
SPS: 2684
global_step=7853312, episodic_return=2200.0 (n=128)
SPS: 2684
SPS: 2684
SPS: 2684
SPS: 2684
SPS: 2684
SPS: 2684
SPS: 2684
SPS: 2684
SPS: 2684
SPS: 2684
SPS: 2684
SPS: 2684
SPS: 2684
SPS: 2684
SPS: 2684
SPS: 2684
SPS: 2684
SPS: 2684
SPS: 2684
SPS: 2684
SPS: 2684
SPS: 2684
global_step=7945856, episodic_return=420.0 (n=128)
SPS: 2684
SPS: 2684
SPS: 2684
SPS: 2684
SPS: 2684
SPS: 2684
SPS: 2684
SPS: 2684
SPS: 2684
SPS: 2684
SPS: 2684
SPS: 2684
SPS: 2684
SPS: 2684
SPS: 2684
SPS: 2684
SPS: 2684
SPS: 2684
SPS: 2684
SPS: 2684
SPS: 2684
SPS: 2684
SPS: 2684
SPS: 2684
SPS: 2684
SPS: 2684
SPS: 2684
SPS: 2684
SPS: 2684
SPS: 2684
SPS: 2684
SPS: 2684
SPS: 2684
SPS: 2684
SPS: 2684
SPS: 2684
SPS: 2684
SPS: 2684
SPS: 2684
SPS: 2684
SPS: 2684
SPS: 2684
SPS: 2684
global_step=8119808, episodic_return=1240.0 (n=128)
SPS: 2684
SPS: 2684
SPS: 2684
SPS: 2684
SPS: 2684
SPS: 2684
SPS: 2684
SPS: 2684
SPS: 2684
SPS: 2684
SPS: 2684
SPS: 2684
SPS: 2685
SPS: 2685
SPS: 2685
SPS: 2685
SPS: 2685
SPS: 2685
SPS: 2685
SPS: 2685
SPS: 2685
SPS: 2684
SPS: 2684
SPS: 2684
SPS: 2684
SPS: 2684
SPS: 2684
SPS: 2684
SPS: 2684
SPS: 2684
SPS: 2684
SPS: 2684
SPS: 2684
SPS: 2684
SPS: 2684
SPS: 2684
SPS: 2684
SPS: 2684
SPS: 2684
SPS: 2684
SPS: 2685
SPS: 2684
SPS: 2685
SPS: 2685
SPS: 2685
SPS: 2685
SPS: 2685
SPS: 2685
SPS: 2685
SPS: 2685
SPS: 2685
SPS: 2685
SPS: 2685
SPS: 2685
SPS: 2685
SPS: 2685
SPS: 2685
SPS: 2685
SPS: 2685
SPS: 2685
SPS: 2685
SPS: 2685
SPS: 2685
SPS: 2684
SPS: 2685
SPS: 2685
SPS: 2685
SPS: 2685
SPS: 2685
SPS: 2685
SPS: 2685
SPS: 2685
SPS: 2685
SPS: 2685
SPS: 2685
SPS: 2685
SPS: 2685
SPS: 2685
SPS: 2685
SPS: 2685
SPS: 2685
SPS: 2685
SPS: 2685
global_step=8461312, episodic_return=2320.0 (n=128)
SPS: 2685
SPS: 2685
SPS: 2685
SPS: 2685
SPS: 2685
SPS: 2685
SPS: 2685
SPS: 2685
SPS: 2685
SPS: 2685
SPS: 2685
SPS: 2685
SPS: 2685
SPS: 2685
SPS: 2685
SPS: 2685
SPS: 2685
SPS: 2685
SPS: 2685
SPS: 2685
SPS: 2685
SPS: 2685
SPS: 2685
SPS: 2685
SPS: 2685
SPS: 2685
SPS: 2685
SPS: 2685
SPS: 2685
SPS: 2685
SPS: 2685
SPS: 2685
SPS: 2685
SPS: 2685
SPS: 2685
SPS: 2685
SPS: 2685
SPS: 2685
SPS: 2685
SPS: 2685
SPS: 2685
SPS: 2685
SPS: 2685
SPS: 2685
SPS: 2685
SPS: 2685
SPS: 2685
SPS: 2685
SPS: 2685
SPS: 2685
SPS: 2685
SPS: 2685
SPS: 2685
SPS: 2685
SPS: 2685
SPS: 2685
SPS: 2685
SPS: 2685
global_step=8699776, episodic_return=480.0 (n=128)
SPS: 2685
SPS: 2685
SPS: 2685
SPS: 2685
SPS: 2685
SPS: 2685
SPS: 2685
SPS: 2685
SPS: 2685
SPS: 2685
SPS: 2685
SPS: 2686
SPS: 2686
SPS: 2686
SPS: 2686
SPS: 2686
SPS: 2686
SPS: 2686
SPS: 2686
SPS: 2686
SPS: 2686
SPS: 2686
SPS: 2686
SPS: 2686
SPS: 2686
SPS: 2686
SPS: 2686
SPS: 2686
SPS: 2686
SPS: 2686
SPS: 2686
SPS: 2686
SPS: 2686
SPS: 2686
SPS: 2686
SPS: 2686
SPS: 2686
SPS: 2686
SPS: 2686
SPS: 2686
SPS: 2686
SPS: 2686
SPS: 2686
SPS: 2686
SPS: 2686
SPS: 2686
SPS: 2686
SPS: 2686
SPS: 2686
SPS: 2686
global_step=8903168, episodic_return=2010.0 (n=128)
SPS: 2686
SPS: 2686
SPS: 2686
SPS: 2686
SPS: 2686
SPS: 2686
SPS: 2686
SPS: 2686
SPS: 2686
SPS: 2686
SPS: 2686
SPS: 2686
SPS: 2686
SPS: 2686
SPS: 2686
SPS: 2686
SPS: 2686
SPS: 2686
SPS: 2686
SPS: 2686
SPS: 2686
SPS: 2686
SPS: 2686
SPS: 2686
SPS: 2686
SPS: 2686
SPS: 2686
SPS: 2686
SPS: 2686
SPS: 2686
SPS: 2686
SPS: 2686
SPS: 2686
global_step=9037952, episodic_return=1220.0 (n=128)
SPS: 2686
SPS: 2686
SPS: 2686
SPS: 2686
SPS: 2686
SPS: 2686
SPS: 2686
SPS: 2686
SPS: 2686
SPS: 2686
SPS: 2686
SPS: 2686
SPS: 2686
SPS: 2686
global_step=9094016, episodic_return=140.0 (n=128)
SPS: 2686
SPS: 2686
SPS: 2686
SPS: 2686
SPS: 2686
SPS: 2686
SPS: 2686
SPS: 2686
SPS: 2686
SPS: 2686
SPS: 2686
SPS: 2686
SPS: 2686
SPS: 2686
SPS: 2687
SPS: 2687
SPS: 2687
SPS: 2687
SPS: 2687
SPS: 2687
SPS: 2687
SPS: 2687
SPS: 2687
SPS: 2687
SPS: 2687
SPS: 2687
SPS: 2687
global_step=9206656, episodic_return=120.0 (n=128)
SPS: 2687
SPS: 2687
SPS: 2687
SPS: 2687
SPS: 2687
SPS: 2687
SPS: 2687
SPS: 2687
SPS: 2687
SPS: 2687
SPS: 2687
SPS: 2687
SPS: 2687
SPS: 2687
SPS: 2687
SPS: 2687
SPS: 2687
SPS: 2687
SPS: 2687
SPS: 2687
SPS: 2687
SPS: 2687
SPS: 2687
SPS: 2687
SPS: 2687
SPS: 2687
SPS: 2687
SPS: 2687
global_step=9321856, episodic_return=500.0 (n=128)
SPS: 2687
SPS: 2687
SPS: 2687
SPS: 2687
SPS: 2687
SPS: 2687
SPS: 2687
SPS: 2687
SPS: 2687
SPS: 2687
SPS: 2687
SPS: 2687
SPS: 2687
SPS: 2687
SPS: 2687
SPS: 2687
SPS: 2687
SPS: 2687
SPS: 2687
SPS: 2687
SPS: 2687
SPS: 2687
SPS: 2687
SPS: 2687
SPS: 2687
global_step=9424384, episodic_return=820.0 (n=128)
SPS: 2687
SPS: 2687
SPS: 2687
SPS: 2687
SPS: 2687
SPS: 2687
SPS: 2687
SPS: 2687
SPS: 2687
SPS: 2687
SPS: 2688
SPS: 2688
SPS: 2688
SPS: 2688
SPS: 2688
SPS: 2688
SPS: 2688
SPS: 2688
SPS: 2688
SPS: 2688
SPS: 2688
SPS: 2688
SPS: 2688
SPS: 2688
SPS: 2688
SPS: 2688
SPS: 2688
SPS: 2688
SPS: 2688
SPS: 2688
SPS: 2688
SPS: 2688
SPS: 2688
SPS: 2688
SPS: 2688
SPS: 2688
SPS: 2688
SPS: 2688
SPS: 2688
SPS: 2688
SPS: 2688
SPS: 2688
SPS: 2688
SPS: 2688
SPS: 2688
SPS: 2688
SPS: 2688
SPS: 2688
SPS: 2688
SPS: 2688
SPS: 2688
SPS: 2687
SPS: 2687
SPS: 2687
SPS: 2687
SPS: 2687
SPS: 2687
SPS: 2687
SPS: 2687
SPS: 2687
SPS: 2687
SPS: 2687
SPS: 2687
global_step=9679488, episodic_return=260.0 (n=128)
SPS: 2687
SPS: 2687
SPS: 2687
SPS: 2687
SPS: 2687
SPS: 2687
SPS: 2687
SPS: 2687
SPS: 2687
SPS: 2687
SPS: 2687
SPS: 2687
SPS: 2687
SPS: 2687
SPS: 2687
SPS: 2687
SPS: 2687
SPS: 2687
SPS: 2687
global_step=9758848, episodic_return=460.0 (n=128)
SPS: 2687
SPS: 2688
SPS: 2688
SPS: 2688
SPS: 2688
SPS: 2688
SPS: 2688
SPS: 2688
SPS: 2688
SPS: 2688
SPS: 2688
SPS: 2688
SPS: 2688
SPS: 2688
SPS: 2688
SPS: 2688
SPS: 2688
SPS: 2688
global_step=9834368, episodic_return=340.0 (n=128)
SPS: 2688
SPS: 2688
SPS: 2688
SPS: 2688
SPS: 2688
SPS: 2688
SPS: 2688
SPS: 2688
SPS: 2688
SPS: 2688
SPS: 2688
SPS: 2688
SPS: 2688
SPS: 2688
SPS: 2688
SPS: 2688
SPS: 2688
SPS: 2688
SPS: 2688
SPS: 2688
SPS: 2688
SPS: 2688
SPS: 2688
SPS: 2688
SPS: 2688
SPS: 2688
global_step=9940736, episodic_return=360.0 (n=128)
SPS: 2688
SPS: 2688
SPS: 2688
SPS: 2688
SPS: 2688
SPS: 2688
SPS: 2688
SPS: 2688
SPS: 2688
SPS: 2688
SPS: 2688
SPS: 2688
SPS: 2688
SPS: 2688
SPS: 2688
Results saved to /runs/h005__h005-phoenix-s1.csv
slurmstepd: error: run_script_as_user: couldn't change working dir to /home/rogercc/'/scratch/rogercc/cleanrl': No such file or directory
