slurmstepd: error: couldn't chdir to `/home/rogercc/'/scratch/rogercc/cleanrl'': No such file or directory: going to /tmp instead
slurmstepd: error: couldn't chdir to `/home/rogercc/'/scratch/rogercc/cleanrl'': No such file or directory: going to /tmp instead
sending incremental file list
auto-cleanrl.sif

sent 4,938,043,507 bytes  received 35 bytes  6,930,587.43 bytes/sec
total size is 4,945,334,272  speedup is 1.00
/usr/local/lib/python3.10/dist-packages/treevalue/tree/integration/torch.py:23: FutureWarning: `torch.utils._pytree._register_pytree_node` is deprecated. Please use `torch.utils._pytree.register_pytree_node` instead.
  register_for_torch(TreeValue)
/usr/local/lib/python3.10/dist-packages/treevalue/tree/integration/torch.py:24: FutureWarning: `torch.utils._pytree._register_pytree_node` is deprecated. Please use `torch.utils._pytree.register_pytree_node` instead.
  register_for_torch(FastTreeValue)
Gym has been unmaintained since 2022 and does not support NumPy 2.0 amongst other critical functionality.
Please upgrade to Gymnasium, the maintained drop-in replacement of Gym, or contact the authors of your software and request that they upgrade.
See the migration guide at https://gymnasium.farama.org/introduction/migration_guide/ for additional information.
/usr/local/lib/python3.10/dist-packages/tyro/_parsers.py:353: UserWarning: The field `wandb-entity` is annotated with type `<class 'str'>`, but the default value `None` has type `<class 'NoneType'>`. We'll try to handle this gracefully, but it may cause unexpected behavior.
  warnings.warn(message)
/usr/local/lib/python3.10/dist-packages/tyro/_parsers.py:353: UserWarning: The field `target-kl` is annotated with type `<class 'float'>`, but the default value `None` has type `<class 'NoneType'>`. We'll try to handle this gracefully, but it may cause unexpected behavior.
  warnings.warn(message)
SPS: 1144
SPS: 1556
SPS: 1710
SPS: 1845
SPS: 1933
SPS: 2004
SPS: 2066
SPS: 2108
SPS: 2144
SPS: 2170
SPS: 2202
SPS: 2225
SPS: 2238
SPS: 2255
SPS: 2264
global_step=64000, episodic_return=1.0 (n=128)
SPS: 2269
SPS: 2272
SPS: 2275
SPS: 2282
SPS: 2289
SPS: 2299
SPS: 2310
SPS: 2320
SPS: 2328
SPS: 2333
SPS: 2338
SPS: 2344
SPS: 2349
SPS: 2352
SPS: 2357
SPS: 2360
SPS: 2364
global_step=132864, episodic_return=3.0 (n=128)
SPS: 2368
SPS: 2371
SPS: 2370
SPS: 2370
SPS: 2373
SPS: 2374
SPS: 2375
SPS: 2368
SPS: 2371
SPS: 2373
SPS: 2373
SPS: 2376
SPS: 2378
SPS: 2379
SPS: 2380
SPS: 2383
SPS: 2385
global_step=201984, episodic_return=0.0 (n=128)
SPS: 2388
SPS: 2389
SPS: 2389
SPS: 2388
SPS: 2387
SPS: 2388
SPS: 2389
SPS: 2390
SPS: 2391
SPS: 2392
SPS: 2393
SPS: 2394
SPS: 2395
SPS: 2397
SPS: 2398
SPS: 2399
global_step=270080, episodic_return=0.0 (n=128)
SPS: 2400
SPS: 2400
SPS: 2400
SPS: 2401
SPS: 2401
SPS: 2401
SPS: 2402
SPS: 2404
SPS: 2406
SPS: 2407
SPS: 2403
SPS: 2405
SPS: 2405
SPS: 2405
SPS: 2406
SPS: 2407
SPS: 2408
SPS: 2409
global_step=341504, episodic_return=0.0 (n=128)
SPS: 2410
SPS: 2410
SPS: 2409
SPS: 2407
SPS: 2406
SPS: 2407
SPS: 2407
SPS: 2407
SPS: 2408
SPS: 2409
SPS: 2408
SPS: 2409
SPS: 2409
SPS: 2410
SPS: 2410
SPS: 2410
global_step=407808, episodic_return=1.0 (n=128)
SPS: 2411
SPS: 2411
SPS: 2411
SPS: 2412
SPS: 2410
SPS: 2410
SPS: 2409
SPS: 2409
SPS: 2409
SPS: 2409
SPS: 2409
SPS: 2409
SPS: 2408
SPS: 2409
SPS: 2409
SPS: 2409
SPS: 2410
SPS: 2410
global_step=482560, episodic_return=1.0 (n=128)
SPS: 2411
SPS: 2410
SPS: 2410
SPS: 2411
SPS: 2411
SPS: 2411
SPS: 2411
SPS: 2410
SPS: 2411
SPS: 2411
SPS: 2411
SPS: 2412
SPS: 2412
SPS: 2413
SPS: 2414
SPS: 2413
SPS: 2413
SPS: 2414
SPS: 2414
global_step=557440, episodic_return=3.0 (n=128)
SPS: 2414
SPS: 2414
SPS: 2415
SPS: 2414
SPS: 2414
SPS: 2414
SPS: 2414
SPS: 2414
SPS: 2415
SPS: 2415
SPS: 2416
SPS: 2415
SPS: 2413
SPS: 2413
SPS: 2413
SPS: 2414
SPS: 2414
SPS: 2414
global_step=631552, episodic_return=6.0 (n=128)
SPS: 2414
SPS: 2414
SPS: 2414
SPS: 2414
SPS: 2414
SPS: 2414
SPS: 2413
SPS: 2414
SPS: 2413
SPS: 2414
SPS: 2414
SPS: 2414
SPS: 2414
SPS: 2414
SPS: 2414
SPS: 2414
SPS: 2414
SPS: 2413
SPS: 2412
SPS: 2412
global_step=715776, episodic_return=1.0 (n=128)
SPS: 2412
SPS: 2411
SPS: 2411
SPS: 2411
SPS: 2411
SPS: 2411
SPS: 2411
SPS: 2411
SPS: 2410
SPS: 2410
SPS: 2409
SPS: 2409
SPS: 2409
SPS: 2409
SPS: 2409
SPS: 2409
SPS: 2408
SPS: 2408
global_step=789632, episodic_return=1.0 (n=128)
SPS: 2408
SPS: 2408
SPS: 2408
SPS: 2408
SPS: 2408
SPS: 2408
SPS: 2408
SPS: 2408
SPS: 2409
SPS: 2408
SPS: 2409
SPS: 2407
SPS: 2406
SPS: 2406
SPS: 2406
SPS: 2405
SPS: 2404
SPS: 2404
SPS: 2404
global_step=866432, episodic_return=4.0 (n=128)
SPS: 2403
SPS: 2402
SPS: 2401
SPS: 2400
SPS: 2399
SPS: 2399
SPS: 2398
SPS: 2398
SPS: 2398
SPS: 2398
SPS: 2398
SPS: 2397
SPS: 2397
SPS: 2395
SPS: 2395
SPS: 2395
SPS: 2395
SPS: 2395
global_step=941952, episodic_return=9.0 (n=128)
SPS: 2394
SPS: 2394
SPS: 2394
SPS: 2394
SPS: 2394
SPS: 2394
SPS: 2395
SPS: 2395
SPS: 2395
SPS: 2395
SPS: 2395
SPS: 2396
SPS: 2396
SPS: 2396
SPS: 2396
SPS: 2396
SPS: 2395
global_step=1010944, episodic_return=2.0 (n=128)
SPS: 2395
SPS: 2395
SPS: 2395
SPS: 2395
SPS: 2395
SPS: 2396
SPS: 2396
SPS: 2396
SPS: 2394
SPS: 2394
SPS: 2394
SPS: 2394
SPS: 2394
SPS: 2395
SPS: 2395
SPS: 2395
SPS: 2395
global_step=1078528, episodic_return=1.0 (n=128)
SPS: 2396
SPS: 2395
SPS: 2396
SPS: 2396
SPS: 2397
SPS: 2397
SPS: 2398
SPS: 2398
SPS: 2398
SPS: 2398
SPS: 2398
SPS: 2398
SPS: 2398
SPS: 2398
SPS: 2398
SPS: 2398
SPS: 2398
global_step=1148800, episodic_return=0.0 (n=128)
SPS: 2398
SPS: 2398
SPS: 2397
SPS: 2398
SPS: 2398
SPS: 2399
SPS: 2399
SPS: 2399
SPS: 2399
SPS: 2400
SPS: 2399
SPS: 2400
SPS: 2400
SPS: 2399
SPS: 2399
SPS: 2400
SPS: 2400
SPS: 2400
global_step=1223936, episodic_return=3.0 (n=128)
SPS: 2400
SPS: 2400
SPS: 2400
SPS: 2400
SPS: 2400
SPS: 2400
SPS: 2400
SPS: 2401
SPS: 2401
SPS: 2401
SPS: 2401
SPS: 2402
SPS: 2402
SPS: 2402
SPS: 2402
SPS: 2402
SPS: 2402
global_step=1291392, episodic_return=0.0 (n=128)
SPS: 2403
SPS: 2403
SPS: 2403
SPS: 2403
SPS: 2403
SPS: 2403
SPS: 2404
SPS: 2404
SPS: 2404
SPS: 2404
SPS: 2404
SPS: 2404
SPS: 2403
SPS: 2403
SPS: 2403
SPS: 2403
global_step=1358208, episodic_return=1.0 (n=128)
SPS: 2403
SPS: 2403
SPS: 2402
SPS: 2402
SPS: 2403
SPS: 2403
SPS: 2403
SPS: 2403
SPS: 2403
SPS: 2403
SPS: 2403
SPS: 2403
SPS: 2403
SPS: 2403
SPS: 2403
SPS: 2404
SPS: 2404
SPS: 2403
global_step=1430400, episodic_return=7.0 (n=128)
SPS: 2403
SPS: 2403
SPS: 2403
SPS: 2403
SPS: 2403
SPS: 2403
SPS: 2403
SPS: 2403
SPS: 2403
SPS: 2403
SPS: 2403
SPS: 2403
SPS: 2403
SPS: 2402
SPS: 2402
SPS: 2402
SPS: 2401
global_step=1500416, episodic_return=0.0 (n=128)
SPS: 2401
SPS: 2402
SPS: 2402
SPS: 2402
SPS: 2401
SPS: 2401
SPS: 2401
SPS: 2401
SPS: 2401
SPS: 2401
SPS: 2402
SPS: 2402
SPS: 2402
SPS: 2402
SPS: 2402
SPS: 2402
SPS: 2402
global_step=1571200, episodic_return=4.0 (n=128)
SPS: 2402
SPS: 2402
SPS: 2402
SPS: 2402
SPS: 2403
SPS: 2403
SPS: 2403
SPS: 2403
SPS: 2403
SPS: 2403
SPS: 2403
SPS: 2403
SPS: 2403
SPS: 2403
SPS: 2404
SPS: 2402
SPS: 2402
global_step=1642368, episodic_return=0.0 (n=128)
SPS: 2402
SPS: 2402
SPS: 2402
SPS: 2402
SPS: 2402
SPS: 2403
SPS: 2402
SPS: 2402
SPS: 2402
SPS: 2402
SPS: 2402
SPS: 2402
SPS: 2402
SPS: 2403
SPS: 2403
SPS: 2403
SPS: 2403
SPS: 2403
SPS: 2403
global_step=1716608, episodic_return=0.0 (n=128)
SPS: 2403
SPS: 2403
SPS: 2403
SPS: 2403
SPS: 2404
SPS: 2404
SPS: 2404
SPS: 2404
SPS: 2404
SPS: 2404
SPS: 2404
SPS: 2404
SPS: 2404
SPS: 2404
SPS: 2404
SPS: 2403
SPS: 2403
global_step=1787776, episodic_return=0.0 (n=128)
SPS: 2403
SPS: 2403
SPS: 2404
SPS: 2404
SPS: 2404
SPS: 2404
SPS: 2404
SPS: 2404
SPS: 2404
SPS: 2404
SPS: 2404
SPS: 2404
SPS: 2404
SPS: 2404
SPS: 2404
SPS: 2404
SPS: 2404
SPS: 2404
global_step=1863552, episodic_return=5.0 (n=128)
SPS: 2404
SPS: 2404
SPS: 2404
SPS: 2404
SPS: 2404
SPS: 2404
SPS: 2403
SPS: 2403
SPS: 2403
SPS: 2403
SPS: 2403
SPS: 2404
SPS: 2404
SPS: 2404
SPS: 2404
SPS: 2404
SPS: 2404
SPS: 2404
global_step=1933568, episodic_return=0.0 (n=128)
SPS: 2403
SPS: 2403
SPS: 2403
SPS: 2403
SPS: 2403
SPS: 2403
SPS: 2403
SPS: 2403
SPS: 2403
SPS: 2403
SPS: 2403
SPS: 2403
SPS: 2403
SPS: 2403
SPS: 2403
SPS: 2403
global_step=2002048, episodic_return=0.0 (n=128)
SPS: 2403
SPS: 2403
SPS: 2403
SPS: 2403
SPS: 2403
SPS: 2403
SPS: 2403
SPS: 2403
SPS: 2403
SPS: 2403
SPS: 2403
SPS: 2403
SPS: 2403
SPS: 2403
SPS: 2403
SPS: 2403
SPS: 2403
global_step=2069888, episodic_return=0.0 (n=128)
SPS: 2403
SPS: 2403
SPS: 2403
SPS: 2403
SPS: 2403
SPS: 2402
SPS: 2402
SPS: 2402
SPS: 2402
SPS: 2402
SPS: 2402
SPS: 2402
SPS: 2402
SPS: 2402
SPS: 2402
SPS: 2402
SPS: 2402
SPS: 2402
SPS: 2402
global_step=2147200, episodic_return=0.0 (n=128)
SPS: 2402
SPS: 2402
SPS: 2402
SPS: 2402
SPS: 2402
SPS: 2402
SPS: 2401
SPS: 2401
SPS: 2401
SPS: 2401
SPS: 2401
SPS: 2401
SPS: 2401
SPS: 2402
SPS: 2401
SPS: 2401
global_step=2212224, episodic_return=0.0 (n=128)
SPS: 2401
SPS: 2401
SPS: 2401
SPS: 2401
SPS: 2401
SPS: 2401
SPS: 2401
SPS: 2401
SPS: 2401
SPS: 2401
SPS: 2401
SPS: 2401
SPS: 2401
SPS: 2402
SPS: 2402
SPS: 2402
SPS: 2402
SPS: 2402
SPS: 2402
SPS: 2402
SPS: 2402
SPS: 2402
SPS: 2402
SPS: 2402
SPS: 2402
SPS: 2402
global_step=2319616, episodic_return=2.0 (n=128)
SPS: 2402
SPS: 2402
SPS: 2402
SPS: 2402
SPS: 2402
SPS: 2399
SPS: 2398
SPS: 2398
SPS: 2398
SPS: 2397
SPS: 2397
SPS: 2397
SPS: 2397
SPS: 2397
SPS: 2397
SPS: 2397
SPS: 2397
global_step=2388352, episodic_return=0.0 (n=128)
SPS: 2397
SPS: 2397
SPS: 2397
SPS: 2397
SPS: 2398
SPS: 2398
SPS: 2398
SPS: 2398
SPS: 2398
SPS: 2398
SPS: 2398
SPS: 2398
SPS: 2398
SPS: 2398
SPS: 2398
SPS: 2399
SPS: 2399
global_step=2461568, episodic_return=1.0 (n=128)
SPS: 2399
SPS: 2399
SPS: 2399
SPS: 2399
SPS: 2399
SPS: 2399
SPS: 2399
SPS: 2399
SPS: 2399
SPS: 2399
SPS: 2399
SPS: 2399
SPS: 2399
SPS: 2399
SPS: 2399
SPS: 2399
global_step=2527232, episodic_return=1.0 (n=128)
SPS: 2399
SPS: 2399
SPS: 2399
SPS: 2399
SPS: 2399
SPS: 2399
SPS: 2400
SPS: 2400
SPS: 2400
SPS: 2400
SPS: 2400
SPS: 2400
SPS: 2400
SPS: 2400
SPS: 2400
SPS: 2400
SPS: 2400
SPS: 2400
global_step=2597504, episodic_return=0.0 (n=128)
SPS: 2400
SPS: 2400
SPS: 2400
SPS: 2400
SPS: 2400
SPS: 2400
SPS: 2400
SPS: 2400
SPS: 2400
SPS: 2400
SPS: 2400
SPS: 2400
SPS: 2401
SPS: 2401
SPS: 2400
SPS: 2401
global_step=2663808, episodic_return=1.0 (n=128)
SPS: 2401
SPS: 2401
SPS: 2401
SPS: 2400
SPS: 2401
SPS: 2401
SPS: 2401
SPS: 2400
SPS: 2401
SPS: 2401
SPS: 2401
SPS: 2401
SPS: 2400
SPS: 2400
SPS: 2401
SPS: 2401
global_step=2731904, episodic_return=0.0 (n=128)
SPS: 2401
SPS: 2401
SPS: 2401
SPS: 2401
SPS: 2401
SPS: 2401
SPS: 2401
SPS: 2401
SPS: 2401
SPS: 2402
SPS: 2402
SPS: 2402
SPS: 2402
SPS: 2402
SPS: 2402
SPS: 2402
SPS: 2402
SPS: 2402
global_step=2804352, episodic_return=0.0 (n=128)
SPS: 2402
SPS: 2402
SPS: 2402
SPS: 2402
SPS: 2402
SPS: 2402
SPS: 2402
SPS: 2403
SPS: 2402
SPS: 2403
SPS: 2403
SPS: 2403
SPS: 2403
SPS: 2403
SPS: 2403
SPS: 2403
SPS: 2403
global_step=2873216, episodic_return=0.0 (n=128)
SPS: 2404
SPS: 2404
SPS: 2404
SPS: 2404
SPS: 2404
SPS: 2404
SPS: 2404
SPS: 2404
SPS: 2404
SPS: 2404
SPS: 2404
SPS: 2404
SPS: 2404
SPS: 2404
SPS: 2404
SPS: 2405
SPS: 2405
global_step=2941312, episodic_return=0.0 (n=128)
SPS: 2405
SPS: 2405
SPS: 2405
SPS: 2405
SPS: 2405
SPS: 2405
SPS: 2405
SPS: 2405
SPS: 2405
SPS: 2405
SPS: 2405
SPS: 2405
SPS: 2406
SPS: 2406
SPS: 2406
SPS: 2406
SPS: 2406
global_step=3014528, episodic_return=1.0 (n=128)
SPS: 2406
SPS: 2406
SPS: 2406
SPS: 2407
SPS: 2407
SPS: 2407
SPS: 2407
SPS: 2407
SPS: 2407
SPS: 2407
SPS: 2407
SPS: 2407
SPS: 2407
SPS: 2407
SPS: 2407
SPS: 2408
SPS: 2408
global_step=3083392, episodic_return=0.0 (n=128)
SPS: 2408
SPS: 2408
SPS: 2408
SPS: 2408
SPS: 2408
SPS: 2408
SPS: 2408
SPS: 2408
SPS: 2408
SPS: 2408
SPS: 2408
SPS: 2408
SPS: 2408
SPS: 2408
SPS: 2408
SPS: 2408
SPS: 2409
global_step=3150208, episodic_return=0.0 (n=128)
SPS: 2409
SPS: 2409
SPS: 2409
SPS: 2409
SPS: 2409
SPS: 2409
SPS: 2408
SPS: 2408
SPS: 2408
SPS: 2408
SPS: 2408
SPS: 2408
SPS: 2408
SPS: 2408
SPS: 2408
SPS: 2408
global_step=3217664, episodic_return=0.0 (n=128)
SPS: 2408
SPS: 2408
SPS: 2408
SPS: 2408
SPS: 2408
SPS: 2408
SPS: 2408
SPS: 2408
SPS: 2408
SPS: 2408
SPS: 2408
SPS: 2408
SPS: 2408
SPS: 2408
SPS: 2408
SPS: 2408
SPS: 2408
global_step=3286272, episodic_return=0.0 (n=128)
SPS: 2408
SPS: 2408
SPS: 2408
SPS: 2408
SPS: 2408
SPS: 2408
SPS: 2408
SPS: 2408
SPS: 2408
SPS: 2408
SPS: 2408
SPS: 2408
SPS: 2408
SPS: 2408
SPS: 2408
SPS: 2408
global_step=3354240, episodic_return=0.0 (n=128)
SPS: 2408
SPS: 2408
SPS: 2408
SPS: 2408
SPS: 2408
SPS: 2408
SPS: 2408
SPS: 2408
SPS: 2409
SPS: 2409
SPS: 2409
SPS: 2408
SPS: 2408
SPS: 2408
SPS: 2408
SPS: 2408
SPS: 2408
SPS: 2408
SPS: 2408
global_step=3428864, episodic_return=1.0 (n=128)
SPS: 2408
SPS: 2408
SPS: 2408
SPS: 2408
SPS: 2408
SPS: 2408
SPS: 2408
SPS: 2408
SPS: 2408
SPS: 2408
SPS: 2408
SPS: 2408
SPS: 2408
SPS: 2408
SPS: 2408
SPS: 2408
SPS: 2408
global_step=3501056, episodic_return=0.0 (n=128)
SPS: 2408
SPS: 2408
SPS: 2408
SPS: 2408
SPS: 2408
SPS: 2408
SPS: 2408
SPS: 2408
SPS: 2408
SPS: 2408
SPS: 2408
SPS: 2407
SPS: 2407
SPS: 2407
SPS: 2407
SPS: 2407
SPS: 2407
SPS: 2407
SPS: 2407
global_step=3576448, episodic_return=5.0 (n=128)
SPS: 2407
SPS: 2407
SPS: 2407
SPS: 2407
SPS: 2407
SPS: 2407
SPS: 2407
SPS: 2407
SPS: 2407
SPS: 2407
SPS: 2407
SPS: 2407
SPS: 2407
SPS: 2407
SPS: 2407
SPS: 2407
SPS: 2407
global_step=3647744, episodic_return=5.0 (n=128)
SPS: 2407
SPS: 2407
SPS: 2407
SPS: 2408
SPS: 2408
SPS: 2408
SPS: 2408
SPS: 2408
SPS: 2408
SPS: 2407
SPS: 2407
SPS: 2407
SPS: 2407
SPS: 2407
SPS: 2407
SPS: 2407
SPS: 2407
global_step=3717248, episodic_return=0.0 (n=128)
SPS: 2407
SPS: 2407
SPS: 2407
SPS: 2407
SPS: 2407
SPS: 2407
SPS: 2407
SPS: 2407
SPS: 2407
SPS: 2407
SPS: 2407
SPS: 2407
SPS: 2407
SPS: 2407
SPS: 2407
SPS: 2407
SPS: 2407
global_step=3788288, episodic_return=4.0 (n=128)
SPS: 2407
SPS: 2407
SPS: 2407
SPS: 2407
SPS: 2407
SPS: 2407
SPS: 2407
SPS: 2407
SPS: 2407
SPS: 2407
SPS: 2407
SPS: 2407
SPS: 2407
SPS: 2407
SPS: 2407
SPS: 2407
SPS: 2407
SPS: 2407
SPS: 2407
global_step=3863296, episodic_return=3.0 (n=128)
SPS: 2407
SPS: 2407
SPS: 2407
SPS: 2407
SPS: 2407
SPS: 2407
SPS: 2407
SPS: 2407
SPS: 2406
SPS: 2406
SPS: 2407
SPS: 2407
SPS: 2407
SPS: 2407
SPS: 2407
SPS: 2407
SPS: 2407
global_step=3936128, episodic_return=0.0 (n=128)
SPS: 2407
SPS: 2407
SPS: 2407
SPS: 2407
SPS: 2407
SPS: 2407
SPS: 2407
SPS: 2407
SPS: 2407
SPS: 2407
SPS: 2407
SPS: 2407
SPS: 2407
SPS: 2406
SPS: 2407
SPS: 2407
SPS: 2407
SPS: 2407
SPS: 2407
global_step=4010240, episodic_return=4.0 (n=128)
SPS: 2407
SPS: 2407
SPS: 2407
SPS: 2407
SPS: 2407
SPS: 2407
SPS: 2407
SPS: 2407
SPS: 2407
SPS: 2407
SPS: 2407
SPS: 2407
SPS: 2407
SPS: 2407
SPS: 2407
SPS: 2407
global_step=4077056, episodic_return=0.0 (n=128)
SPS: 2407
SPS: 2407
SPS: 2407
SPS: 2407
SPS: 2407
SPS: 2407
SPS: 2407
SPS: 2407
SPS: 2407
SPS: 2407
SPS: 2407
SPS: 2407
SPS: 2407
SPS: 2407
SPS: 2408
SPS: 2408
SPS: 2408
global_step=4146176, episodic_return=0.0 (n=128)
SPS: 2408
SPS: 2408
SPS: 2408
SPS: 2408
SPS: 2408
SPS: 2408
SPS: 2408
SPS: 2408
SPS: 2408
SPS: 2409
SPS: 2409
SPS: 2408
SPS: 2408
SPS: 2409
SPS: 2409
SPS: 2409
SPS: 2409
global_step=4218368, episodic_return=0.0 (n=128)
SPS: 2409
SPS: 2409
SPS: 2409
SPS: 2409
SPS: 2409
SPS: 2409
SPS: 2409
SPS: 2409
SPS: 2409
SPS: 2409
SPS: 2409
SPS: 2409
SPS: 2409
SPS: 2409
SPS: 2409
SPS: 2409
SPS: 2409
SPS: 2409
global_step=4290176, episodic_return=0.0 (n=128)
SPS: 2409
SPS: 2409
SPS: 2409
SPS: 2409
SPS: 2409
SPS: 2409
SPS: 2409
SPS: 2409
SPS: 2409
SPS: 2409
SPS: 2410
SPS: 2410
SPS: 2410
SPS: 2410
SPS: 2409
SPS: 2409
SPS: 2409
SPS: 2410
global_step=4365184, episodic_return=1.0 (n=128)
SPS: 2410
SPS: 2410
SPS: 2410
SPS: 2410
SPS: 2410
SPS: 2410
SPS: 2410
SPS: 2410
SPS: 2410
SPS: 2410
SPS: 2410
SPS: 2410
SPS: 2410
SPS: 2410
SPS: 2410
SPS: 2410
SPS: 2410
SPS: 2410
global_step=4436352, episodic_return=11.0 (n=128)
SPS: 2410
SPS: 2410
SPS: 2410
SPS: 2410
SPS: 2409
SPS: 2409
SPS: 2409
SPS: 2409
SPS: 2409
SPS: 2409
SPS: 2409
SPS: 2409
SPS: 2409
SPS: 2409
SPS: 2409
SPS: 2409
SPS: 2409
global_step=4506240, episodic_return=6.0 (n=128)
SPS: 2409
SPS: 2409
SPS: 2409
SPS: 2409
SPS: 2409
SPS: 2409
SPS: 2409
SPS: 2409
SPS: 2409
SPS: 2409
SPS: 2409
SPS: 2409
SPS: 2409
SPS: 2409
SPS: 2409
SPS: 2409
SPS: 2409
global_step=4579072, episodic_return=0.0 (n=128)
SPS: 2409
SPS: 2409
SPS: 2409
SPS: 2409
SPS: 2409
SPS: 2409
SPS: 2409
SPS: 2409
SPS: 2409
SPS: 2409
SPS: 2409
SPS: 2409
SPS: 2409
SPS: 2409
SPS: 2409
SPS: 2409
SPS: 2409
global_step=4648576, episodic_return=0.0 (n=128)
SPS: 2409
SPS: 2409
SPS: 2409
SPS: 2409
SPS: 2409
SPS: 2409
SPS: 2409
SPS: 2409
SPS: 2409
SPS: 2409
SPS: 2409
SPS: 2409
SPS: 2410
SPS: 2410
SPS: 2410
SPS: 2410
SPS: 2410
global_step=4718464, episodic_return=0.0 (n=128)
SPS: 2410
SPS: 2409
SPS: 2409
SPS: 2409
SPS: 2409
SPS: 2409
SPS: 2409
SPS: 2410
SPS: 2410
SPS: 2410
SPS: 2410
SPS: 2410
SPS: 2410
SPS: 2410
SPS: 2410
SPS: 2410
SPS: 2409
global_step=4788096, episodic_return=5.0 (n=128)
SPS: 2410
SPS: 2409
SPS: 2409
SPS: 2409
SPS: 2409
SPS: 2409
SPS: 2409
SPS: 2409
SPS: 2409
SPS: 2409
SPS: 2409
SPS: 2409
SPS: 2409
SPS: 2409
SPS: 2409
SPS: 2409
SPS: 2409
global_step=4854912, episodic_return=3.0 (n=128)
SPS: 2409
SPS: 2409
SPS: 2409
SPS: 2409
SPS: 2409
SPS: 2409
SPS: 2409
SPS: 2409
SPS: 2409
SPS: 2409
SPS: 2409
SPS: 2409
SPS: 2409
SPS: 2409
SPS: 2409
SPS: 2409
SPS: 2409
global_step=4926080, episodic_return=3.0 (n=128)
SPS: 2409
SPS: 2409
SPS: 2409
SPS: 2409
SPS: 2409
SPS: 2409
SPS: 2409
SPS: 2409
SPS: 2409
SPS: 2409
SPS: 2409
SPS: 2409
SPS: 2409
SPS: 2409
SPS: 2409
SPS: 2409
SPS: 2409
global_step=4995584, episodic_return=5.0 (n=128)
SPS: 2409
SPS: 2409
SPS: 2409
SPS: 2409
SPS: 2409
SPS: 2409
SPS: 2409
SPS: 2409
SPS: 2409
SPS: 2409
SPS: 2409
SPS: 2409
SPS: 2409
SPS: 2409
SPS: 2409
SPS: 2409
SPS: 2409
global_step=5065856, episodic_return=0.0 (n=128)
SPS: 2409
SPS: 2409
SPS: 2409
SPS: 2409
SPS: 2409
SPS: 2409
SPS: 2409
SPS: 2409
SPS: 2409
SPS: 2409
SPS: 2409
SPS: 2409
SPS: 2409
SPS: 2409
SPS: 2409
SPS: 2409
SPS: 2409
global_step=5136256, episodic_return=0.0 (n=128)
SPS: 2409
SPS: 2409
SPS: 2409
SPS: 2409
SPS: 2409
SPS: 2409
SPS: 2409
SPS: 2409
SPS: 2409
SPS: 2409
SPS: 2409
SPS: 2409
SPS: 2409
SPS: 2409
SPS: 2409
SPS: 2409
SPS: 2409
SPS: 2409
global_step=5209344, episodic_return=4.0 (n=128)
SPS: 2409
SPS: 2409
SPS: 2409
SPS: 2409
SPS: 2409
SPS: 2409
SPS: 2409
SPS: 2409
SPS: 2409
SPS: 2409
SPS: 2409
SPS: 2409
SPS: 2409
SPS: 2409
SPS: 2409
SPS: 2409
SPS: 2409
global_step=5278464, episodic_return=0.0 (n=128)
SPS: 2409
SPS: 2409
SPS: 2409
SPS: 2409
SPS: 2409
SPS: 2409
SPS: 2409
SPS: 2409
SPS: 2409
SPS: 2409
SPS: 2409
SPS: 2409
SPS: 2409
SPS: 2409
SPS: 2409
SPS: 2409
SPS: 2409
SPS: 2409
global_step=5350656, episodic_return=5.0 (n=128)
SPS: 2409
SPS: 2409
SPS: 2409
SPS: 2409
SPS: 2409
SPS: 2409
SPS: 2409
SPS: 2409
SPS: 2408
SPS: 2409
SPS: 2409
SPS: 2409
SPS: 2409
SPS: 2409
SPS: 2409
SPS: 2409
SPS: 2409
SPS: 2409
global_step=5424640, episodic_return=1.0 (n=128)
SPS: 2409
SPS: 2409
SPS: 2409
SPS: 2409
SPS: 2409
SPS: 2409
SPS: 2409
SPS: 2409
SPS: 2409
SPS: 2409
SPS: 2409
SPS: 2409
SPS: 2409
SPS: 2410
SPS: 2410
SPS: 2410
SPS: 2410
SPS: 2410
global_step=5496960, episodic_return=1.0 (n=128)
SPS: 2410
SPS: 2410
SPS: 2410
SPS: 2410
SPS: 2410
SPS: 2410
SPS: 2410
SPS: 2410
SPS: 2410
SPS: 2410
SPS: 2410
SPS: 2410
SPS: 2410
SPS: 2410
SPS: 2410
SPS: 2410
SPS: 2410
global_step=5567488, episodic_return=0.0 (n=128)
SPS: 2410
SPS: 2410
SPS: 2410
SPS: 2410
SPS: 2410
SPS: 2410
SPS: 2410
SPS: 2410
SPS: 2410
SPS: 2410
SPS: 2410
SPS: 2410
SPS: 2410
SPS: 2410
SPS: 2410
SPS: 2410
SPS: 2410
global_step=5637120, episodic_return=0.0 (n=128)
SPS: 2410
SPS: 2410
SPS: 2410
SPS: 2410
SPS: 2410
SPS: 2410
SPS: 2410
SPS: 2410
SPS: 2411
SPS: 2411
SPS: 2411
SPS: 2411
SPS: 2411
SPS: 2411
SPS: 2411
SPS: 2411
SPS: 2411
SPS: 2411
global_step=5710080, episodic_return=9.0 (n=128)
SPS: 2411
SPS: 2411
SPS: 2411
SPS: 2411
SPS: 2411
SPS: 2411
SPS: 2411
SPS: 2411
SPS: 2411
SPS: 2411
SPS: 2411
SPS: 2411
SPS: 2411
SPS: 2411
SPS: 2411
SPS: 2411
SPS: 2411
SPS: 2411
global_step=5786752, episodic_return=4.0 (n=128)
SPS: 2411
SPS: 2411
SPS: 2411
SPS: 2411
SPS: 2411
SPS: 2411
SPS: 2411
SPS: 2411
SPS: 2411
SPS: 2411
SPS: 2411
SPS: 2411
SPS: 2411
SPS: 2411
SPS: 2411
SPS: 2411
SPS: 2411
SPS: 2411
SPS: 2411
global_step=5862784, episodic_return=1.0 (n=128)
SPS: 2411
SPS: 2411
SPS: 2411
SPS: 2411
SPS: 2411
SPS: 2411
SPS: 2411
SPS: 2411
SPS: 2411
SPS: 2411
SPS: 2411
SPS: 2411
SPS: 2411
SPS: 2411
SPS: 2411
SPS: 2411
global_step=5930496, episodic_return=1.0 (n=128)
SPS: 2411
SPS: 2411
SPS: 2411
SPS: 2411
SPS: 2411
SPS: 2410
SPS: 2410
SPS: 2410
SPS: 2410
SPS: 2410
SPS: 2410
SPS: 2410
SPS: 2410
SPS: 2410
SPS: 2410
SPS: 2410
SPS: 2410
global_step=5999232, episodic_return=1.0 (n=128)
SPS: 2410
SPS: 2410
SPS: 2410
SPS: 2410
SPS: 2410
SPS: 2410
SPS: 2410
SPS: 2410
SPS: 2410
SPS: 2410
SPS: 2410
SPS: 2410
SPS: 2410
SPS: 2410
SPS: 2410
SPS: 2410
SPS: 2410
SPS: 2410
global_step=6072960, episodic_return=3.0 (n=128)
SPS: 2410
SPS: 2409
SPS: 2409
SPS: 2409
SPS: 2409
SPS: 2409
SPS: 2409
SPS: 2409
SPS: 2409
SPS: 2409
SPS: 2409
SPS: 2409
SPS: 2409
SPS: 2409
SPS: 2409
SPS: 2409
global_step=6138752, episodic_return=0.0 (n=128)
SPS: 2409
SPS: 2409
SPS: 2409
SPS: 2409
SPS: 2409
SPS: 2409
SPS: 2409
SPS: 2409
SPS: 2409
SPS: 2409
SPS: 2409
SPS: 2409
SPS: 2409
SPS: 2409
SPS: 2409
SPS: 2409
SPS: 2408
global_step=6207360, episodic_return=0.0 (n=128)
SPS: 2408
SPS: 2408
SPS: 2408
SPS: 2408
SPS: 2408
SPS: 2408
SPS: 2408
SPS: 2408
SPS: 2408
SPS: 2408
SPS: 2408
SPS: 2408
SPS: 2408
SPS: 2408
SPS: 2408
SPS: 2408
SPS: 2408
global_step=6278016, episodic_return=3.0 (n=128)
SPS: 2408
SPS: 2408
SPS: 2408
SPS: 2408
SPS: 2408
SPS: 2408
SPS: 2408
SPS: 2408
SPS: 2408
SPS: 2408
SPS: 2408
SPS: 2408
SPS: 2408
SPS: 2408
SPS: 2408
SPS: 2408
SPS: 2408
global_step=6347776, episodic_return=5.0 (n=128)
SPS: 2408
SPS: 2408
SPS: 2408
SPS: 2408
SPS: 2408
SPS: 2408
SPS: 2408
SPS: 2408
SPS: 2408
SPS: 2408
SPS: 2408
SPS: 2408
SPS: 2408
SPS: 2408
SPS: 2409
SPS: 2409
SPS: 2409
SPS: 2409
global_step=6419200, episodic_return=1.0 (n=128)
SPS: 2409
SPS: 2409
SPS: 2409
SPS: 2409
SPS: 2409
SPS: 2409
SPS: 2409
SPS: 2409
SPS: 2409
SPS: 2409
SPS: 2409
SPS: 2409
SPS: 2409
SPS: 2409
SPS: 2409
SPS: 2409
SPS: 2408
SPS: 2408
global_step=6492672, episodic_return=3.0 (n=128)
SPS: 2408
SPS: 2409
SPS: 2409
SPS: 2409
SPS: 2408
SPS: 2408
SPS: 2408
SPS: 2408
SPS: 2408
SPS: 2408
SPS: 2408
SPS: 2408
SPS: 2408
SPS: 2408
SPS: 2409
SPS: 2409
global_step=6561536, episodic_return=0.0 (n=128)
SPS: 2408
SPS: 2408
SPS: 2408
SPS: 2408
SPS: 2408
SPS: 2408
SPS: 2408
SPS: 2408
SPS: 2408
SPS: 2408
SPS: 2408
SPS: 2408
SPS: 2408
SPS: 2408
SPS: 2408
SPS: 2408
SPS: 2408
SPS: 2408
global_step=6634368, episodic_return=2.0 (n=128)
SPS: 2408
SPS: 2408
SPS: 2408
SPS: 2408
SPS: 2408
SPS: 2408
SPS: 2408
SPS: 2408
SPS: 2408
SPS: 2408
SPS: 2408
SPS: 2408
SPS: 2408
SPS: 2408
SPS: 2408
SPS: 2408
global_step=6700288, episodic_return=1.0 (n=128)
SPS: 2408
SPS: 2408
SPS: 2408
SPS: 2408
SPS: 2408
SPS: 2408
SPS: 2408
SPS: 2408
SPS: 2408
SPS: 2408
SPS: 2408
SPS: 2408
SPS: 2408
SPS: 2408
SPS: 2408
SPS: 2408
SPS: 2407
global_step=6767872, episodic_return=0.0 (n=128)
SPS: 2407
SPS: 2407
SPS: 2407
SPS: 2407
SPS: 2407
SPS: 2407
SPS: 2407
SPS: 2407
SPS: 2407
SPS: 2407
SPS: 2407
SPS: 2407
SPS: 2407
SPS: 2407
SPS: 2407
SPS: 2406
SPS: 2406
SPS: 2407
global_step=6840704, episodic_return=3.0 (n=128)
SPS: 2407
SPS: 2406
SPS: 2406
SPS: 2406
SPS: 2406
SPS: 2406
SPS: 2406
SPS: 2406
SPS: 2406
SPS: 2406
SPS: 2406
SPS: 2406
SPS: 2406
SPS: 2406
SPS: 2406
SPS: 2406
global_step=6906752, episodic_return=0.0 (n=128)
SPS: 2406
SPS: 2406
SPS: 2406
SPS: 2406
SPS: 2406
SPS: 2406
SPS: 2406
SPS: 2406
SPS: 2406
SPS: 2406
SPS: 2406
SPS: 2406
SPS: 2406
SPS: 2406
SPS: 2406
SPS: 2406
SPS: 2406
global_step=6977792, episodic_return=5.0 (n=128)
SPS: 2406
SPS: 2406
SPS: 2406
SPS: 2406
SPS: 2406
SPS: 2406
SPS: 2406
SPS: 2406
SPS: 2406
SPS: 2406
SPS: 2406
SPS: 2406
SPS: 2406
SPS: 2406
SPS: 2406
SPS: 2406
SPS: 2406
global_step=7047168, episodic_return=0.0 (n=128)
SPS: 2406
SPS: 2406
SPS: 2406
SPS: 2406
SPS: 2406
SPS: 2406
SPS: 2406
SPS: 2406
SPS: 2406
SPS: 2406
SPS: 2406
SPS: 2406
SPS: 2406
SPS: 2406
SPS: 2406
SPS: 2406
SPS: 2406
SPS: 2406
SPS: 2406
global_step=7124224, episodic_return=9.0 (n=128)
SPS: 2406
SPS: 2406
SPS: 2406
SPS: 2406
SPS: 2406
SPS: 2405
SPS: 2405
SPS: 2405
SPS: 2404
SPS: 2404
SPS: 2404
SPS: 2404
SPS: 2404
SPS: 2404
SPS: 2404
SPS: 2404
SPS: 2404
global_step=7194496, episodic_return=1.0 (n=128)
SPS: 2404
SPS: 2404
SPS: 2404
SPS: 2404
SPS: 2404
SPS: 2404
SPS: 2404
SPS: 2404
SPS: 2404
SPS: 2404
SPS: 2404
SPS: 2404
SPS: 2404
SPS: 2404
SPS: 2404
SPS: 2404
global_step=7260544, episodic_return=0.0 (n=128)
SPS: 2404
SPS: 2404
SPS: 2404
SPS: 2404
SPS: 2404
SPS: 2404
SPS: 2404
SPS: 2404
SPS: 2403
SPS: 2403
SPS: 2403
SPS: 2403
SPS: 2403
SPS: 2403
SPS: 2403
SPS: 2403
SPS: 2403
global_step=7330432, episodic_return=0.0 (n=128)
SPS: 2403
SPS: 2403
SPS: 2403
SPS: 2403
SPS: 2403
SPS: 2403
SPS: 2403
SPS: 2403
SPS: 2403
SPS: 2403
SPS: 2403
SPS: 2403
SPS: 2403
SPS: 2403
SPS: 2402
SPS: 2402
global_step=7396864, episodic_return=3.0 (n=128)
SPS: 2402
SPS: 2402
SPS: 2402
SPS: 2402
SPS: 2402
SPS: 2402
SPS: 2402
SPS: 2402
SPS: 2402
SPS: 2402
SPS: 2402
SPS: 2402
SPS: 2402
SPS: 2402
SPS: 2402
SPS: 2402
SPS: 2402
SPS: 2402
SPS: 2402
SPS: 2402
SPS: 2402
global_step=7481728, episodic_return=5.0 (n=128)
SPS: 2402
SPS: 2402
SPS: 2402
SPS: 2402
SPS: 2402
SPS: 2402
SPS: 2402
SPS: 2402
SPS: 2402
SPS: 2402
SPS: 2402
SPS: 2402
SPS: 2402
SPS: 2402
SPS: 2402
SPS: 2402
global_step=7548544, episodic_return=0.0 (n=128)
SPS: 2402
SPS: 2402
SPS: 2402
SPS: 2402
SPS: 2402
SPS: 2402
SPS: 2402
SPS: 2402
SPS: 2402
SPS: 2402
SPS: 2402
SPS: 2402
SPS: 2402
SPS: 2402
SPS: 2402
SPS: 2402
SPS: 2402
SPS: 2402
SPS: 2402
SPS: 2402
global_step=7627136, episodic_return=10.0 (n=128)
SPS: 2402
SPS: 2402
SPS: 2402
SPS: 2402
SPS: 2402
SPS: 2402
SPS: 2402
SPS: 2403
SPS: 2403
SPS: 2403
SPS: 2403
SPS: 2403
SPS: 2403
SPS: 2403
SPS: 2403
SPS: 2403
SPS: 2403
SPS: 2402
SPS: 2402
global_step=7705472, episodic_return=5.0 (n=128)
SPS: 2402
SPS: 2402
SPS: 2402
SPS: 2402
SPS: 2402
SPS: 2403
SPS: 2403
SPS: 2403
SPS: 2403
SPS: 2403
SPS: 2403
SPS: 2403
SPS: 2403
SPS: 2403
SPS: 2403
SPS: 2403
SPS: 2403
global_step=7777408, episodic_return=5.0 (n=128)
SPS: 2403
SPS: 2403
SPS: 2403
SPS: 2403
SPS: 2403
SPS: 2403
SPS: 2403
SPS: 2403
SPS: 2403
SPS: 2403
SPS: 2403
SPS: 2403
SPS: 2403
SPS: 2403
SPS: 2403
SPS: 2403
SPS: 2403
SPS: 2403
global_step=7849216, episodic_return=2.0 (n=128)
SPS: 2403
SPS: 2403
SPS: 2403
SPS: 2403
SPS: 2403
SPS: 2403
SPS: 2403
SPS: 2403
SPS: 2403
SPS: 2403
SPS: 2403
SPS: 2403
SPS: 2403
SPS: 2403
SPS: 2403
SPS: 2403
global_step=7917440, episodic_return=0.0 (n=128)
SPS: 2403
SPS: 2403
SPS: 2403
SPS: 2403
SPS: 2403
SPS: 2403
SPS: 2403
SPS: 2403
SPS: 2403
SPS: 2403
SPS: 2403
SPS: 2403
SPS: 2403
SPS: 2403
SPS: 2403
SPS: 2403
SPS: 2403
SPS: 2403
global_step=7989504, episodic_return=1.0 (n=128)
SPS: 2403
SPS: 2403
SPS: 2403
SPS: 2403
SPS: 2403
SPS: 2403
SPS: 2403
SPS: 2403
SPS: 2403
SPS: 2403
SPS: 2403
SPS: 2403
SPS: 2403
SPS: 2403
SPS: 2403
SPS: 2403
SPS: 2403
global_step=8058368, episodic_return=0.0 (n=128)
SPS: 2403
SPS: 2403
SPS: 2403
SPS: 2403
SPS: 2403
SPS: 2403
SPS: 2403
SPS: 2403
SPS: 2403
SPS: 2403
SPS: 2403
SPS: 2403
SPS: 2403
SPS: 2403
SPS: 2403
SPS: 2403
SPS: 2403
SPS: 2403
global_step=8131712, episodic_return=1.0 (n=128)
SPS: 2403
SPS: 2403
SPS: 2403
SPS: 2403
SPS: 2403
SPS: 2403
SPS: 2403
SPS: 2403
SPS: 2403
SPS: 2403
SPS: 2403
SPS: 2403
SPS: 2403
SPS: 2403
SPS: 2403
SPS: 2403
global_step=8199808, episodic_return=0.0 (n=128)
SPS: 2403
SPS: 2403
SPS: 2403
SPS: 2403
SPS: 2403
SPS: 2403
SPS: 2403
SPS: 2403
SPS: 2403
SPS: 2403
SPS: 2403
SPS: 2403
SPS: 2403
SPS: 2403
SPS: 2403
SPS: 2403
SPS: 2403
SPS: 2403
global_step=8271360, episodic_return=4.0 (n=128)
SPS: 2403
SPS: 2403
SPS: 2403
SPS: 2403
SPS: 2403
SPS: 2403
SPS: 2403
SPS: 2403
SPS: 2403
SPS: 2403
SPS: 2403
SPS: 2403
SPS: 2403
SPS: 2403
SPS: 2403
SPS: 2403
SPS: 2403
global_step=8341120, episodic_return=2.0 (n=128)
SPS: 2403
SPS: 2403
SPS: 2403
SPS: 2403
SPS: 2403
SPS: 2403
SPS: 2403
SPS: 2403
SPS: 2403
SPS: 2403
SPS: 2403
SPS: 2403
SPS: 2403
SPS: 2403
SPS: 2403
SPS: 2403
SPS: 2403
global_step=8412800, episodic_return=0.0 (n=128)
SPS: 2403
SPS: 2403
SPS: 2403
SPS: 2403
SPS: 2403
SPS: 2403
SPS: 2403
SPS: 2403
SPS: 2403
SPS: 2403
SPS: 2403
SPS: 2403
SPS: 2403
SPS: 2403
SPS: 2403
SPS: 2403
SPS: 2403
SPS: 2403
global_step=8483200, episodic_return=0.0 (n=128)
SPS: 2403
SPS: 2403
SPS: 2403
SPS: 2403
SPS: 2403
SPS: 2403
SPS: 2403
SPS: 2403
SPS: 2403
SPS: 2403
SPS: 2403
SPS: 2403
SPS: 2403
SPS: 2403
SPS: 2403
SPS: 2403
SPS: 2403
global_step=8554496, episodic_return=3.0 (n=128)
SPS: 2403
SPS: 2403
SPS: 2403
SPS: 2403
SPS: 2403
SPS: 2403
SPS: 2403
SPS: 2403
SPS: 2403
SPS: 2403
SPS: 2403
SPS: 2403
SPS: 2403
SPS: 2403
SPS: 2403
SPS: 2403
SPS: 2403
SPS: 2403
global_step=8628608, episodic_return=1.0 (n=128)
SPS: 2403
SPS: 2403
SPS: 2403
SPS: 2403
SPS: 2403
SPS: 2403
SPS: 2403
SPS: 2403
SPS: 2403
SPS: 2403
SPS: 2403
SPS: 2403
SPS: 2403
SPS: 2403
SPS: 2403
SPS: 2403
SPS: 2403
SPS: 2403
global_step=8702976, episodic_return=1.0 (n=128)
SPS: 2403
SPS: 2403
SPS: 2403
SPS: 2403
SPS: 2403
SPS: 2403
SPS: 2403
SPS: 2403
SPS: 2403
SPS: 2403
SPS: 2403
SPS: 2403
SPS: 2403
SPS: 2403
SPS: 2403
SPS: 2403
SPS: 2403
SPS: 2403
SPS: 2403
global_step=8780160, episodic_return=10.0 (n=128)
SPS: 2403
SPS: 2403
SPS: 2403
SPS: 2403
SPS: 2403
SPS: 2403
SPS: 2403
SPS: 2403
SPS: 2403
SPS: 2403
SPS: 2403
SPS: 2403
SPS: 2403
SPS: 2403
SPS: 2403
SPS: 2403
SPS: 2403
SPS: 2403
global_step=8851584, episodic_return=0.0 (n=128)
SPS: 2403
SPS: 2403
SPS: 2403
SPS: 2403
SPS: 2403
SPS: 2403
SPS: 2403
SPS: 2403
SPS: 2403
SPS: 2403
SPS: 2403
SPS: 2403
SPS: 2403
SPS: 2403
SPS: 2403
SPS: 2403
global_step=8919296, episodic_return=0.0 (n=128)
SPS: 2403
SPS: 2403
SPS: 2403
SPS: 2403
SPS: 2403
SPS: 2403
SPS: 2403
SPS: 2403
SPS: 2403
SPS: 2403
SPS: 2403
SPS: 2403
SPS: 2403
SPS: 2403
SPS: 2403
SPS: 2403
global_step=8985344, episodic_return=0.0 (n=128)
SPS: 2403
SPS: 2403
SPS: 2403
SPS: 2403
SPS: 2403
SPS: 2403
SPS: 2403
SPS: 2403
SPS: 2403
SPS: 2403
SPS: 2403
SPS: 2403
SPS: 2403
SPS: 2403
SPS: 2403
SPS: 2403
SPS: 2403
SPS: 2403
SPS: 2403
SPS: 2403
SPS: 2403
global_step=9068800, episodic_return=2.0 (n=128)
SPS: 2403
SPS: 2403
SPS: 2403
SPS: 2403
SPS: 2403
SPS: 2403
SPS: 2403
SPS: 2403
SPS: 2403
SPS: 2403
SPS: 2403
SPS: 2403
SPS: 2403
SPS: 2403
SPS: 2403
SPS: 2403
global_step=9135744, episodic_return=0.0 (n=128)
SPS: 2403
SPS: 2403
SPS: 2403
SPS: 2403
SPS: 2403
SPS: 2403
SPS: 2403
SPS: 2403
SPS: 2403
SPS: 2403
SPS: 2403
SPS: 2403
SPS: 2403
SPS: 2403
SPS: 2403
SPS: 2403
global_step=9203712, episodic_return=0.0 (n=128)
SPS: 2403
SPS: 2403
SPS: 2403
SPS: 2403
SPS: 2403
SPS: 2403
SPS: 2403
SPS: 2403
SPS: 2403
SPS: 2404
SPS: 2404
SPS: 2404
SPS: 2404
SPS: 2404
SPS: 2404
SPS: 2404
SPS: 2404
global_step=9270528, episodic_return=0.0 (n=128)
SPS: 2404
SPS: 2404
SPS: 2404
SPS: 2404
SPS: 2404
SPS: 2404
SPS: 2404
SPS: 2404
SPS: 2404
SPS: 2404
SPS: 2404
SPS: 2404
SPS: 2404
SPS: 2404
SPS: 2404
SPS: 2404
SPS: 2404
global_step=9339904, episodic_return=0.0 (n=128)
SPS: 2404
SPS: 2404
SPS: 2404
SPS: 2404
SPS: 2404
SPS: 2404
SPS: 2404
SPS: 2404
SPS: 2404
SPS: 2404
SPS: 2404
SPS: 2404
SPS: 2404
SPS: 2404
SPS: 2404
SPS: 2404
SPS: 2404
global_step=9410176, episodic_return=0.0 (n=128)
SPS: 2404
SPS: 2404
SPS: 2404
SPS: 2404
SPS: 2404
SPS: 2404
SPS: 2404
SPS: 2404
SPS: 2404
SPS: 2404
SPS: 2404
SPS: 2404
SPS: 2404
SPS: 2404
SPS: 2404
SPS: 2404
SPS: 2404
SPS: 2404
global_step=9486336, episodic_return=3.0 (n=128)
SPS: 2404
SPS: 2404
SPS: 2404
SPS: 2404
SPS: 2404
SPS: 2404
SPS: 2404
SPS: 2404
SPS: 2404
SPS: 2404
SPS: 2404
SPS: 2404
SPS: 2404
SPS: 2404
SPS: 2404
SPS: 2404
SPS: 2404
global_step=9555328, episodic_return=0.0 (n=128)
SPS: 2404
SPS: 2404
SPS: 2404
SPS: 2404
SPS: 2404
SPS: 2404
SPS: 2404
SPS: 2404
SPS: 2404
SPS: 2404
SPS: 2404
SPS: 2404
SPS: 2404
SPS: 2404
SPS: 2404
SPS: 2404
SPS: 2404
SPS: 2404
global_step=9628032, episodic_return=0.0 (n=128)
SPS: 2405
SPS: 2405
SPS: 2405
SPS: 2405
SPS: 2405
SPS: 2405
SPS: 2405
SPS: 2405
SPS: 2405
SPS: 2405
SPS: 2405
SPS: 2405
SPS: 2405
SPS: 2405
SPS: 2405
SPS: 2405
SPS: 2405
SPS: 2405
SPS: 2405
global_step=9703552, episodic_return=9.0 (n=128)
SPS: 2405
SPS: 2405
SPS: 2405
SPS: 2405
SPS: 2405
SPS: 2405
SPS: 2405
SPS: 2405
SPS: 2405
SPS: 2405
SPS: 2405
SPS: 2405
SPS: 2405
SPS: 2405
SPS: 2405
SPS: 2405
SPS: 2405
global_step=9773696, episodic_return=4.0 (n=128)
SPS: 2405
SPS: 2405
SPS: 2405
SPS: 2405
SPS: 2405
SPS: 2405
SPS: 2405
SPS: 2405
SPS: 2405
SPS: 2405
SPS: 2405
SPS: 2405
SPS: 2405
SPS: 2405
SPS: 2405
SPS: 2405
SPS: 2405
global_step=9844352, episodic_return=1.0 (n=128)
SPS: 2405
SPS: 2405
SPS: 2405
SPS: 2405
SPS: 2405
SPS: 2405
SPS: 2405
SPS: 2405
SPS: 2405
SPS: 2405
SPS: 2405
SPS: 2405
SPS: 2405
SPS: 2405
SPS: 2405
SPS: 2405
SPS: 2405
global_step=9916160, episodic_return=1.0 (n=128)
SPS: 2405
SPS: 2405
SPS: 2405
SPS: 2405
SPS: 2405
SPS: 2405
SPS: 2405
SPS: 2405
SPS: 2405
SPS: 2405
SPS: 2405
SPS: 2405
SPS: 2405
SPS: 2405
SPS: 2405
SPS: 2405
SPS: 2405
SPS: 2405
global_step=9986560, episodic_return=5.0 (n=128)
SPS: 2405
SPS: 2405
SPS: 2405
Results saved to /runs/h005__h005-amidar-s1.csv
slurmstepd: error: run_script_as_user: couldn't change working dir to /home/rogercc/'/scratch/rogercc/cleanrl': No such file or directory
