slurmstepd: error: couldn't chdir to `/home/rogercc/'/scratch/rogercc/cleanrl'': No such file or directory: going to /tmp instead
slurmstepd: error: couldn't chdir to `/home/rogercc/'/scratch/rogercc/cleanrl'': No such file or directory: going to /tmp instead
sending incremental file list
auto-cleanrl.sif

sent 4,938,043,507 bytes  received 35 bytes  2,966,682.81 bytes/sec
total size is 4,945,334,272  speedup is 1.00
/usr/local/lib/python3.10/dist-packages/treevalue/tree/integration/torch.py:23: FutureWarning: `torch.utils._pytree._register_pytree_node` is deprecated. Please use `torch.utils._pytree.register_pytree_node` instead.
  register_for_torch(TreeValue)
/usr/local/lib/python3.10/dist-packages/treevalue/tree/integration/torch.py:24: FutureWarning: `torch.utils._pytree._register_pytree_node` is deprecated. Please use `torch.utils._pytree.register_pytree_node` instead.
  register_for_torch(FastTreeValue)
Gym has been unmaintained since 2022 and does not support NumPy 2.0 amongst other critical functionality.
Please upgrade to Gymnasium, the maintained drop-in replacement of Gym, or contact the authors of your software and request that they upgrade.
See the migration guide at https://gymnasium.farama.org/introduction/migration_guide/ for additional information.
/usr/local/lib/python3.10/dist-packages/tyro/_parsers.py:353: UserWarning: The field `wandb-entity` is annotated with type `<class 'str'>`, but the default value `None` has type `<class 'NoneType'>`. We'll try to handle this gracefully, but it may cause unexpected behavior.
  warnings.warn(message)
/usr/local/lib/python3.10/dist-packages/tyro/_parsers.py:353: UserWarning: The field `target-kl` is annotated with type `<class 'float'>`, but the default value `None` has type `<class 'NoneType'>`. We'll try to handle this gracefully, but it may cause unexpected behavior.
  warnings.warn(message)
SPS: 1126
SPS: 1589
SPS: 1831
SPS: 1988
SPS: 2096
SPS: 2167
SPS: 2206
SPS: 2254
SPS: 2294
SPS: 2318
SPS: 2343
SPS: 2364
SPS: 2382
SPS: 2393
SPS: 2406
SPS: 2414
SPS: 2428
SPS: 2438
SPS: 2448
SPS: 2457
SPS: 2461
SPS: 2468
SPS: 2479
SPS: 2488
SPS: 2492
SPS: 2498
SPS: 2502
SPS: 2502
SPS: 2503
SPS: 2505
SPS: 2500
SPS: 2500
SPS: 2500
SPS: 2499
SPS: 2501
SPS: 2503
SPS: 2505
SPS: 2509
SPS: 2512
SPS: 2514
SPS: 2517
SPS: 2520
SPS: 2522
SPS: 2525
SPS: 2514
SPS: 2515
SPS: 2518
SPS: 2520
SPS: 2520
SPS: 2522
SPS: 2525
SPS: 2525
SPS: 2525
SPS: 2527
SPS: 2525
SPS: 2521
SPS: 2521
SPS: 2520
SPS: 2521
SPS: 2520
SPS: 2520
SPS: 2520
SPS: 2520
SPS: 2522
SPS: 2524
SPS: 2526
SPS: 2527
SPS: 2529
SPS: 2531
SPS: 2532
SPS: 2532
SPS: 2532
SPS: 2531
SPS: 2530
SPS: 2531
SPS: 2533
SPS: 2534
SPS: 2535
SPS: 2535
SPS: 2533
SPS: 2532
SPS: 2535
SPS: 2535
SPS: 2538
SPS: 2537
SPS: 2538
SPS: 2540
global_step=358528, episodic_return=0.0 (n=128)
SPS: 2542
SPS: 2541
SPS: 2543
SPS: 2544
SPS: 2546
SPS: 2547
SPS: 2548
SPS: 2549
SPS: 2550
SPS: 2551
SPS: 2553
SPS: 2553
SPS: 2553
SPS: 2555
SPS: 2556
SPS: 2558
SPS: 2558
SPS: 2557
SPS: 2558
SPS: 2559
SPS: 2560
SPS: 2559
SPS: 2560
SPS: 2560
SPS: 2560
SPS: 2559
SPS: 2560
SPS: 2560
SPS: 2561
SPS: 2561
SPS: 2562
SPS: 2564
SPS: 2565
SPS: 2565
SPS: 2566
SPS: 2561
SPS: 2561
SPS: 2560
SPS: 2561
SPS: 2561
SPS: 2561
SPS: 2561
SPS: 2561
SPS: 2562
SPS: 2561
SPS: 2560
SPS: 2561
SPS: 2559
SPS: 2559
SPS: 2558
SPS: 2557
SPS: 2557
SPS: 2555
SPS: 2555
SPS: 2555
global_step=585472, episodic_return=0.0 (n=128)
SPS: 2554
SPS: 2552
SPS: 2551
SPS: 2551
SPS: 2551
SPS: 2550
SPS: 2551
SPS: 2551
SPS: 2552
SPS: 2552
SPS: 2553
SPS: 2553
SPS: 2553
SPS: 2553
SPS: 2554
SPS: 2554
SPS: 2554
SPS: 2554
SPS: 2554
SPS: 2554
SPS: 2554
SPS: 2553
SPS: 2553
SPS: 2553
SPS: 2553
SPS: 2552
SPS: 2551
SPS: 2551
SPS: 2550
SPS: 2551
SPS: 2550
SPS: 2549
SPS: 2549
SPS: 2550
SPS: 2550
SPS: 2551
SPS: 2551
SPS: 2551
SPS: 2551
SPS: 2551
SPS: 2551
SPS: 2552
SPS: 2552
SPS: 2552
SPS: 2553
SPS: 2554
SPS: 2554
SPS: 2554
SPS: 2554
global_step=782720, episodic_return=0.0 (n=128)
SPS: 2555
SPS: 2555
SPS: 2555
SPS: 2555
SPS: 2555
SPS: 2556
SPS: 2555
SPS: 2555
SPS: 2556
SPS: 2556
SPS: 2557
SPS: 2557
SPS: 2557
SPS: 2557
SPS: 2558
SPS: 2558
SPS: 2559
SPS: 2559
SPS: 2560
SPS: 2560
SPS: 2559
SPS: 2559
SPS: 2559
SPS: 2558
SPS: 2558
SPS: 2559
SPS: 2559
SPS: 2559
SPS: 2559
SPS: 2558
SPS: 2557
SPS: 2557
SPS: 2556
SPS: 2555
global_step=921728, episodic_return=0.0 (n=128)
SPS: 2555
SPS: 2556
SPS: 2555
SPS: 2555
SPS: 2555
SPS: 2554
SPS: 2553
SPS: 2553
SPS: 2553
SPS: 2554
SPS: 2552
SPS: 2552
SPS: 2552
SPS: 2552
SPS: 2552
SPS: 2551
SPS: 2551
SPS: 2551
SPS: 2551
SPS: 2551
SPS: 2551
SPS: 2552
SPS: 2552
SPS: 2553
SPS: 2553
SPS: 2554
SPS: 2554
SPS: 2555
SPS: 2555
SPS: 2555
SPS: 2555
SPS: 2555
SPS: 2555
SPS: 2555
SPS: 2556
SPS: 2556
SPS: 2556
SPS: 2556
SPS: 2557
SPS: 2557
SPS: 2557
SPS: 2557
SPS: 2558
SPS: 2558
SPS: 2558
SPS: 2558
SPS: 2559
SPS: 2559
SPS: 2559
SPS: 2559
SPS: 2559
SPS: 2559
SPS: 2560
SPS: 2560
SPS: 2560
SPS: 2560
SPS: 2560
SPS: 2560
SPS: 2561
SPS: 2561
SPS: 2561
SPS: 2561
SPS: 2561
global_step=1181568, episodic_return=0.0 (n=128)
SPS: 2562
SPS: 2562
SPS: 2562
SPS: 2563
SPS: 2563
SPS: 2564
SPS: 2564
SPS: 2564
SPS: 2564
SPS: 2565
SPS: 2564
SPS: 2564
SPS: 2563
SPS: 2563
SPS: 2562
SPS: 2562
SPS: 2561
SPS: 2561
SPS: 2561
SPS: 2561
SPS: 2560
SPS: 2560
SPS: 2560
SPS: 2559
SPS: 2558
SPS: 2557
SPS: 2557
SPS: 2557
SPS: 2557
SPS: 2557
SPS: 2557
SPS: 2557
SPS: 2557
SPS: 2557
SPS: 2557
SPS: 2557
SPS: 2557
SPS: 2557
SPS: 2557
SPS: 2557
SPS: 2558
SPS: 2557
SPS: 2558
SPS: 2558
SPS: 2558
SPS: 2558
SPS: 2558
SPS: 2558
SPS: 2557
SPS: 2557
SPS: 2557
SPS: 2556
SPS: 2556
SPS: 2555
SPS: 2555
SPS: 2554
SPS: 2553
SPS: 2553
SPS: 2553
SPS: 2553
SPS: 2553
SPS: 2553
SPS: 2553
SPS: 2553
SPS: 2553
SPS: 2553
SPS: 2553
SPS: 2554
SPS: 2554
SPS: 2554
SPS: 2555
SPS: 2555
SPS: 2555
SPS: 2555
SPS: 2555
SPS: 2555
SPS: 2555
SPS: 2555
SPS: 2555
SPS: 2555
SPS: 2555
SPS: 2555
global_step=1519232, episodic_return=0.0 (n=128)
SPS: 2556
SPS: 2556
SPS: 2556
SPS: 2556
SPS: 2556
SPS: 2556
SPS: 2556
SPS: 2556
SPS: 2557
SPS: 2557
SPS: 2557
SPS: 2557
SPS: 2557
SPS: 2558
SPS: 2557
SPS: 2558
SPS: 2558
SPS: 2558
SPS: 2558
SPS: 2558
SPS: 2559
SPS: 2559
SPS: 2559
SPS: 2559
SPS: 2559
SPS: 2559
SPS: 2559
SPS: 2559
SPS: 2559
SPS: 2559
SPS: 2559
SPS: 2559
SPS: 2559
SPS: 2560
SPS: 2560
SPS: 2560
SPS: 2560
SPS: 2561
SPS: 2561
SPS: 2561
SPS: 2561
SPS: 2562
SPS: 2562
SPS: 2562
SPS: 2562
SPS: 2562
SPS: 2562
SPS: 2562
SPS: 2562
SPS: 2562
SPS: 2562
SPS: 2563
SPS: 2562
SPS: 2562
SPS: 2562
SPS: 2562
global_step=1745664, episodic_return=0.0 (n=128)
SPS: 2562
SPS: 2561
SPS: 2562
SPS: 2562
SPS: 2562
SPS: 2562
SPS: 2562
SPS: 2562
SPS: 2562
SPS: 2562
SPS: 2563
SPS: 2562
SPS: 2562
SPS: 2563
SPS: 2563
SPS: 2563
SPS: 2563
SPS: 2563
SPS: 2564
SPS: 2564
SPS: 2564
SPS: 2564
SPS: 2564
SPS: 2564
SPS: 2564
SPS: 2563
SPS: 2563
SPS: 2563
SPS: 2562
SPS: 2562
SPS: 2562
SPS: 2562
SPS: 2562
SPS: 2562
SPS: 2562
SPS: 2562
SPS: 2563
SPS: 2563
SPS: 2563
SPS: 2563
SPS: 2563
SPS: 2563
SPS: 2563
SPS: 2563
SPS: 2563
SPS: 2563
SPS: 2563
global_step=1940352, episodic_return=0.0 (n=128)
SPS: 2564
SPS: 2564
SPS: 2564
SPS: 2564
SPS: 2563
SPS: 2563
SPS: 2563
SPS: 2563
SPS: 2563
SPS: 2563
SPS: 2563
SPS: 2563
SPS: 2563
SPS: 2562
SPS: 2562
SPS: 2562
SPS: 2562
SPS: 2561
SPS: 2561
SPS: 2561
SPS: 2561
SPS: 2561
SPS: 2561
SPS: 2561
SPS: 2561
SPS: 2561
SPS: 2561
SPS: 2560
SPS: 2559
SPS: 2559
SPS: 2560
SPS: 2560
SPS: 2560
SPS: 2560
global_step=2078080, episodic_return=0.0 (n=128)
SPS: 2561
SPS: 2561
SPS: 2561
SPS: 2561
SPS: 2561
SPS: 2561
SPS: 2561
SPS: 2561
SPS: 2562
SPS: 2562
SPS: 2561
SPS: 2561
SPS: 2562
SPS: 2562
SPS: 2562
SPS: 2562
SPS: 2562
SPS: 2562
SPS: 2562
SPS: 2562
SPS: 2562
SPS: 2563
SPS: 2563
SPS: 2563
SPS: 2563
SPS: 2563
SPS: 2563
SPS: 2563
SPS: 2563
SPS: 2563
SPS: 2563
SPS: 2563
SPS: 2564
SPS: 2564
SPS: 2564
SPS: 2564
SPS: 2564
SPS: 2564
SPS: 2563
SPS: 2563
SPS: 2563
SPS: 2564
SPS: 2563
SPS: 2564
SPS: 2564
SPS: 2564
SPS: 2564
SPS: 2564
SPS: 2564
SPS: 2564
SPS: 2564
SPS: 2564
SPS: 2564
SPS: 2564
SPS: 2564
SPS: 2564
SPS: 2564
SPS: 2565
SPS: 2565
SPS: 2565
SPS: 2565
SPS: 2565
SPS: 2565
SPS: 2565
global_step=2340864, episodic_return=0.0 (n=128)
SPS: 2565
SPS: 2565
SPS: 2565
SPS: 2565
SPS: 2565
SPS: 2565
SPS: 2565
SPS: 2565
SPS: 2565
SPS: 2565
SPS: 2565
SPS: 2565
SPS: 2565
SPS: 2565
SPS: 2565
SPS: 2565
SPS: 2566
SPS: 2566
SPS: 2566
SPS: 2566
SPS: 2566
SPS: 2566
SPS: 2566
SPS: 2566
SPS: 2566
SPS: 2566
SPS: 2566
SPS: 2566
SPS: 2566
SPS: 2566
SPS: 2566
SPS: 2566
SPS: 2566
SPS: 2566
SPS: 2566
SPS: 2566
SPS: 2566
SPS: 2566
SPS: 2566
SPS: 2567
SPS: 2567
SPS: 2567
SPS: 2567
SPS: 2567
SPS: 2567
SPS: 2568
SPS: 2568
SPS: 2568
SPS: 2568
SPS: 2568
SPS: 2568
SPS: 2568
SPS: 2568
SPS: 2568
SPS: 2568
SPS: 2568
SPS: 2569
SPS: 2568
SPS: 2568
SPS: 2568
SPS: 2568
SPS: 2569
SPS: 2569
SPS: 2569
SPS: 2569
SPS: 2569
SPS: 2569
SPS: 2569
SPS: 2570
SPS: 2570
SPS: 2570
SPS: 2570
SPS: 2570
SPS: 2570
SPS: 2570
SPS: 2570
SPS: 2570
SPS: 2570
SPS: 2570
SPS: 2570
SPS: 2569
SPS: 2569
SPS: 2569
SPS: 2569
SPS: 2569
global_step=2687488, episodic_return=0.0 (n=128)
SPS: 2569
SPS: 2569
SPS: 2568
SPS: 2568
SPS: 2568
SPS: 2568
SPS: 2568
SPS: 2568
SPS: 2568
SPS: 2568
SPS: 2568
SPS: 2568
SPS: 2568
SPS: 2568
SPS: 2568
SPS: 2568
SPS: 2569
SPS: 2569
SPS: 2569
SPS: 2569
SPS: 2569
SPS: 2569
SPS: 2569
SPS: 2568
SPS: 2568
SPS: 2568
SPS: 2568
SPS: 2568
SPS: 2568
SPS: 2568
SPS: 2568
SPS: 2568
SPS: 2568
SPS: 2569
SPS: 2569
SPS: 2569
SPS: 2569
SPS: 2569
SPS: 2569
SPS: 2569
SPS: 2569
SPS: 2570
SPS: 2570
SPS: 2570
SPS: 2570
global_step=2874240, episodic_return=0.0 (n=128)
SPS: 2570
SPS: 2570
SPS: 2570
SPS: 2570
SPS: 2570
SPS: 2570
SPS: 2570
SPS: 2570
SPS: 2570
SPS: 2570
SPS: 2570
SPS: 2571
SPS: 2571
SPS: 2570
SPS: 2571
SPS: 2571
SPS: 2571
SPS: 2571
SPS: 2571
SPS: 2571
SPS: 2571
SPS: 2571
SPS: 2571
SPS: 2571
SPS: 2571
SPS: 2571
SPS: 2571
SPS: 2571
SPS: 2572
SPS: 2572
SPS: 2572
SPS: 2572
SPS: 2572
SPS: 2572
SPS: 2571
SPS: 2571
SPS: 2572
SPS: 2572
SPS: 2572
SPS: 2572
SPS: 2572
SPS: 2572
SPS: 2572
SPS: 2571
SPS: 2572
SPS: 2572
SPS: 2572
SPS: 2572
SPS: 2572
SPS: 2572
SPS: 2572
SPS: 2572
SPS: 2572
SPS: 2572
SPS: 2573
SPS: 2573
SPS: 2573
SPS: 2573
SPS: 2573
SPS: 2573
SPS: 2573
SPS: 2573
SPS: 2573
SPS: 2573
global_step=3134208, episodic_return=0.0 (n=128)
SPS: 2573
SPS: 2573
SPS: 2573
SPS: 2573
SPS: 2573
SPS: 2573
SPS: 2574
SPS: 2574
SPS: 2574
SPS: 2574
SPS: 2574
SPS: 2574
SPS: 2574
SPS: 2574
SPS: 2573
SPS: 2573
SPS: 2573
SPS: 2573
SPS: 2573
SPS: 2573
SPS: 2573
SPS: 2573
SPS: 2572
SPS: 2572
SPS: 2572
SPS: 2572
SPS: 2572
SPS: 2572
SPS: 2572
SPS: 2573
SPS: 2573
SPS: 2573
SPS: 2573
SPS: 2573
SPS: 2573
SPS: 2573
SPS: 2573
SPS: 2573
SPS: 2573
SPS: 2573
SPS: 2573
SPS: 2573
SPS: 2573
SPS: 2573
SPS: 2573
SPS: 2573
SPS: 2572
SPS: 2572
SPS: 2572
SPS: 2572
SPS: 2572
SPS: 2572
SPS: 2572
global_step=3351040, episodic_return=0.0 (n=128)
SPS: 2572
SPS: 2572
SPS: 2572
SPS: 2571
SPS: 2571
SPS: 2571
SPS: 2571
SPS: 2571
SPS: 2571
SPS: 2570
SPS: 2570
SPS: 2570
SPS: 2570
SPS: 2570
SPS: 2570
SPS: 2570
SPS: 2570
SPS: 2570
SPS: 2570
SPS: 2570
SPS: 2570
SPS: 2570
SPS: 2570
SPS: 2570
SPS: 2570
SPS: 2570
SPS: 2571
SPS: 2571
SPS: 2571
SPS: 2571
SPS: 2571
SPS: 2571
SPS: 2571
SPS: 2571
SPS: 2571
SPS: 2571
SPS: 2571
SPS: 2571
SPS: 2571
SPS: 2571
SPS: 2571
SPS: 2572
SPS: 2571
SPS: 2571
SPS: 2571
SPS: 2571
SPS: 2571
SPS: 2570
SPS: 2570
SPS: 2570
SPS: 2570
SPS: 2570
SPS: 2570
SPS: 2570
SPS: 2570
global_step=3579264, episodic_return=0.0 (n=128)
SPS: 2570
SPS: 2570
SPS: 2570
SPS: 2570
SPS: 2570
SPS: 2570
SPS: 2570
SPS: 2570
SPS: 2570
SPS: 2569
SPS: 2569
SPS: 2569
SPS: 2568
SPS: 2568
SPS: 2568
SPS: 2568
SPS: 2568
SPS: 2568
SPS: 2568
SPS: 2568
SPS: 2568
SPS: 2568
SPS: 2568
SPS: 2568
SPS: 2568
SPS: 2568
SPS: 2568
SPS: 2568
SPS: 2568
SPS: 2568
SPS: 2568
SPS: 2568
SPS: 2568
SPS: 2568
SPS: 2568
SPS: 2568
SPS: 2568
SPS: 2569
SPS: 2568
SPS: 2569
SPS: 2569
SPS: 2569
SPS: 2569
SPS: 2569
SPS: 2569
SPS: 2569
SPS: 2569
SPS: 2569
SPS: 2569
SPS: 2569
SPS: 2569
SPS: 2569
SPS: 2570
SPS: 2570
SPS: 2570
SPS: 2570
SPS: 2570
SPS: 2570
SPS: 2570
SPS: 2570
SPS: 2570
SPS: 2570
SPS: 2570
SPS: 2570
SPS: 2570
SPS: 2570
SPS: 2570
SPS: 2570
SPS: 2570
SPS: 2570
SPS: 2570
SPS: 2571
SPS: 2571
SPS: 2571
SPS: 2571
SPS: 2571
SPS: 2571
SPS: 2571
SPS: 2571
SPS: 2571
SPS: 2571
SPS: 2570
SPS: 2570
SPS: 2570
SPS: 2570
SPS: 2570
SPS: 2570
SPS: 2570
SPS: 2570
global_step=3943680, episodic_return=0.0 (n=128)
SPS: 2570
SPS: 2570
SPS: 2570
SPS: 2570
SPS: 2570
SPS: 2570
SPS: 2570
SPS: 2570
SPS: 2570
SPS: 2570
SPS: 2570
SPS: 2570
SPS: 2570
SPS: 2570
SPS: 2570
SPS: 2570
SPS: 2570
SPS: 2570
SPS: 2570
SPS: 2570
SPS: 2570
SPS: 2570
SPS: 2569
SPS: 2569
SPS: 2569
SPS: 2569
SPS: 2569
SPS: 2569
SPS: 2569
SPS: 2569
SPS: 2569
SPS: 2569
SPS: 2569
SPS: 2570
SPS: 2570
SPS: 2570
SPS: 2570
SPS: 2570
SPS: 2570
SPS: 2570
global_step=4107776, episodic_return=0.0 (n=128)
SPS: 2570
SPS: 2570
SPS: 2570
SPS: 2570
SPS: 2570
SPS: 2570
SPS: 2570
SPS: 2571
SPS: 2571
SPS: 2571
SPS: 2571
SPS: 2571
SPS: 2571
SPS: 2571
SPS: 2571
SPS: 2571
SPS: 2571
SPS: 2571
SPS: 2571
SPS: 2571
SPS: 2570
SPS: 2570
SPS: 2570
SPS: 2570
SPS: 2570
SPS: 2569
SPS: 2569
SPS: 2569
SPS: 2569
SPS: 2569
SPS: 2569
SPS: 2569
SPS: 2569
SPS: 2569
SPS: 2568
SPS: 2568
SPS: 2568
SPS: 2568
SPS: 2568
SPS: 2567
SPS: 2567
SPS: 2567
SPS: 2568
SPS: 2568
SPS: 2568
SPS: 2568
SPS: 2568
SPS: 2568
SPS: 2567
SPS: 2567
SPS: 2567
SPS: 2567
SPS: 2567
SPS: 2567
SPS: 2566
SPS: 2566
SPS: 2566
SPS: 2566
SPS: 2566
SPS: 2566
SPS: 2566
SPS: 2566
SPS: 2565
SPS: 2565
SPS: 2565
SPS: 2565
SPS: 2565
SPS: 2566
SPS: 2565
SPS: 2566
SPS: 2566
SPS: 2566
SPS: 2566
SPS: 2566
SPS: 2566
SPS: 2566
SPS: 2566
SPS: 2566
SPS: 2566
SPS: 2566
SPS: 2566
SPS: 2566
SPS: 2566
SPS: 2566
SPS: 2566
SPS: 2566
SPS: 2566
SPS: 2566
SPS: 2566
SPS: 2566
SPS: 2566
SPS: 2567
SPS: 2567
SPS: 2566
SPS: 2567
SPS: 2567
SPS: 2567
global_step=4502016, episodic_return=0.0 (n=128)
SPS: 2567
SPS: 2567
SPS: 2567
SPS: 2567
SPS: 2567
SPS: 2567
SPS: 2567
SPS: 2567
SPS: 2568
SPS: 2568
SPS: 2568
SPS: 2568
SPS: 2568
SPS: 2568
SPS: 2568
SPS: 2568
SPS: 2568
SPS: 2568
SPS: 2568
SPS: 2568
SPS: 2568
SPS: 2568
SPS: 2568
SPS: 2568
SPS: 2568
SPS: 2568
SPS: 2568
SPS: 2568
SPS: 2568
SPS: 2568
SPS: 2568
SPS: 2568
SPS: 2568
SPS: 2568
SPS: 2568
SPS: 2568
SPS: 2568
SPS: 2568
SPS: 2568
SPS: 2569
SPS: 2569
SPS: 2569
SPS: 2569
SPS: 2569
SPS: 2569
global_step=4689280, episodic_return=0.0 (n=128)
SPS: 2569
SPS: 2569
SPS: 2569
SPS: 2569
SPS: 2569
SPS: 2569
SPS: 2568
SPS: 2568
SPS: 2568
SPS: 2568
SPS: 2568
SPS: 2568
SPS: 2568
SPS: 2568
SPS: 2568
SPS: 2568
SPS: 2568
SPS: 2568
SPS: 2568
SPS: 2568
SPS: 2568
SPS: 2568
SPS: 2568
SPS: 2568
SPS: 2568
SPS: 2568
SPS: 2568
SPS: 2568
SPS: 2568
SPS: 2568
SPS: 2568
SPS: 2568
SPS: 2568
SPS: 2568
SPS: 2568
SPS: 2568
SPS: 2568
SPS: 2568
SPS: 2568
SPS: 2568
SPS: 2568
SPS: 2568
SPS: 2568
SPS: 2569
SPS: 2569
SPS: 2569
SPS: 2569
SPS: 2569
SPS: 2569
SPS: 2569
SPS: 2569
SPS: 2569
SPS: 2569
SPS: 2569
SPS: 2569
SPS: 2569
SPS: 2569
SPS: 2570
SPS: 2570
SPS: 2570
SPS: 2570
SPS: 2570
SPS: 2569
SPS: 2569
SPS: 2569
SPS: 2569
SPS: 2569
SPS: 2569
SPS: 2568
SPS: 2568
SPS: 2568
SPS: 2568
SPS: 2568
SPS: 2568
SPS: 2568
SPS: 2568
SPS: 2568
SPS: 2568
SPS: 2568
SPS: 2568
SPS: 2568
SPS: 2568
SPS: 2568
SPS: 2568
SPS: 2568
SPS: 2568
SPS: 2568
SPS: 2568
SPS: 2568
SPS: 2568
SPS: 2568
SPS: 2568
SPS: 2567
SPS: 2567
SPS: 2567
SPS: 2567
SPS: 2567
SPS: 2567
SPS: 2567
SPS: 2567
SPS: 2567
SPS: 2567
SPS: 2567
SPS: 2567
global_step=5111936, episodic_return=0.0 (n=128)
SPS: 2567
SPS: 2567
SPS: 2567
SPS: 2567
SPS: 2567
SPS: 2567
SPS: 2566
SPS: 2566
SPS: 2566
SPS: 2566
SPS: 2566
SPS: 2566
SPS: 2566
SPS: 2566
SPS: 2566
SPS: 2567
SPS: 2567
SPS: 2567
SPS: 2567
SPS: 2567
SPS: 2567
SPS: 2567
SPS: 2567
SPS: 2567
SPS: 2566
SPS: 2566
SPS: 2566
SPS: 2566
SPS: 2566
SPS: 2566
SPS: 2566
SPS: 2566
SPS: 2567
SPS: 2566
SPS: 2566
SPS: 2566
SPS: 2566
SPS: 2566
SPS: 2566
SPS: 2566
SPS: 2566
SPS: 2566
SPS: 2566
SPS: 2566
SPS: 2566
SPS: 2566
SPS: 2566
SPS: 2566
SPS: 2566
SPS: 2566
SPS: 2566
SPS: 2567
SPS: 2567
SPS: 2567
SPS: 2567
SPS: 2567
SPS: 2567
SPS: 2567
SPS: 2567
SPS: 2567
SPS: 2567
SPS: 2567
SPS: 2567
SPS: 2567
SPS: 2567
SPS: 2567
SPS: 2567
SPS: 2567
SPS: 2567
SPS: 2567
SPS: 2567
SPS: 2567
SPS: 2567
SPS: 2567
SPS: 2567
SPS: 2567
SPS: 2568
SPS: 2568
SPS: 2568
SPS: 2568
SPS: 2568
SPS: 2568
global_step=5450368, episodic_return=0.0 (n=128)
SPS: 2568
SPS: 2568
SPS: 2568
SPS: 2568
SPS: 2568
SPS: 2568
SPS: 2568
SPS: 2568
SPS: 2568
SPS: 2568
SPS: 2568
SPS: 2568
SPS: 2568
SPS: 2568
SPS: 2568
SPS: 2568
SPS: 2568
SPS: 2568
SPS: 2568
SPS: 2568
SPS: 2568
SPS: 2568
SPS: 2568
SPS: 2568
SPS: 2568
SPS: 2568
SPS: 2568
SPS: 2568
SPS: 2568
SPS: 2568
SPS: 2569
SPS: 2569
SPS: 2569
SPS: 2569
SPS: 2569
SPS: 2569
SPS: 2569
SPS: 2569
SPS: 2569
SPS: 2569
SPS: 2569
SPS: 2569
SPS: 2569
SPS: 2569
SPS: 2569
SPS: 2569
SPS: 2569
SPS: 2569
SPS: 2569
SPS: 2569
SPS: 2569
SPS: 2569
SPS: 2569
SPS: 2570
SPS: 2570
SPS: 2570
SPS: 2570
SPS: 2570
SPS: 2570
SPS: 2570
SPS: 2570
SPS: 2570
SPS: 2570
SPS: 2570
SPS: 2570
SPS: 2570
SPS: 2570
SPS: 2570
SPS: 2570
SPS: 2570
SPS: 2570
SPS: 2570
SPS: 2570
SPS: 2570
SPS: 2570
SPS: 2570
SPS: 2570
SPS: 2570
SPS: 2570
SPS: 2570
SPS: 2570
SPS: 2570
SPS: 2570
SPS: 2570
SPS: 2570
SPS: 2570
SPS: 2570
SPS: 2570
SPS: 2570
SPS: 2570
SPS: 2570
SPS: 2570
SPS: 2570
SPS: 2569
SPS: 2569
SPS: 2569
SPS: 2569
SPS: 2569
SPS: 2569
SPS: 2569
global_step=5859584, episodic_return=0.0 (n=128)
SPS: 2569
SPS: 2569
SPS: 2569
SPS: 2569
SPS: 2569
SPS: 2569
SPS: 2568
SPS: 2568
SPS: 2568
SPS: 2568
SPS: 2568
SPS: 2568
SPS: 2568
SPS: 2568
SPS: 2568
SPS: 2568
SPS: 2568
SPS: 2568
SPS: 2568
SPS: 2568
SPS: 2568
SPS: 2568
SPS: 2568
SPS: 2568
SPS: 2568
SPS: 2568
SPS: 2568
SPS: 2567
SPS: 2568
SPS: 2568
SPS: 2568
SPS: 2567
SPS: 2567
SPS: 2567
SPS: 2568
SPS: 2568
SPS: 2568
SPS: 2568
SPS: 2568
SPS: 2568
global_step=6025088, episodic_return=0.0 (n=128)
SPS: 2568
SPS: 2568
SPS: 2568
SPS: 2568
SPS: 2568
SPS: 2568
SPS: 2568
SPS: 2568
SPS: 2568
SPS: 2568
SPS: 2568
SPS: 2568
SPS: 2568
SPS: 2569
SPS: 2569
SPS: 2569
SPS: 2569
SPS: 2569
SPS: 2569
SPS: 2569
SPS: 2569
SPS: 2569
SPS: 2569
SPS: 2569
SPS: 2569
SPS: 2569
SPS: 2569
SPS: 2569
SPS: 2569
SPS: 2569
SPS: 2569
SPS: 2569
SPS: 2569
SPS: 2569
SPS: 2569
SPS: 2569
SPS: 2569
SPS: 2569
SPS: 2569
SPS: 2569
SPS: 2569
SPS: 2569
SPS: 2569
SPS: 2569
SPS: 2569
SPS: 2569
SPS: 2569
SPS: 2569
SPS: 2569
SPS: 2569
SPS: 2569
SPS: 2569
SPS: 2569
SPS: 2569
global_step=6243712, episodic_return=0.0 (n=128)
SPS: 2569
SPS: 2569
SPS: 2569
SPS: 2569
SPS: 2570
SPS: 2570
SPS: 2570
SPS: 2570
SPS: 2570
SPS: 2570
SPS: 2570
SPS: 2570
SPS: 2570
SPS: 2570
SPS: 2570
SPS: 2570
SPS: 2570
SPS: 2570
SPS: 2570
SPS: 2570
SPS: 2570
SPS: 2570
SPS: 2570
SPS: 2570
SPS: 2570
SPS: 2570
SPS: 2570
SPS: 2570
SPS: 2570
SPS: 2570
SPS: 2570
SPS: 2570
SPS: 2570
SPS: 2570
SPS: 2570
SPS: 2570
SPS: 2570
SPS: 2570
SPS: 2570
SPS: 2570
SPS: 2570
SPS: 2570
SPS: 2571
SPS: 2570
SPS: 2571
SPS: 2571
SPS: 2571
SPS: 2571
SPS: 2571
SPS: 2571
SPS: 2571
SPS: 2571
SPS: 2571
SPS: 2571
global_step=6466304, episodic_return=0.0 (n=128)
SPS: 2571
SPS: 2571
SPS: 2571
SPS: 2571
SPS: 2571
SPS: 2571
SPS: 2571
SPS: 2571
SPS: 2571
SPS: 2571
SPS: 2571
SPS: 2571
SPS: 2571
SPS: 2571
SPS: 2571
SPS: 2571
SPS: 2571
SPS: 2571
SPS: 2571
SPS: 2571
SPS: 2571
SPS: 2571
SPS: 2572
SPS: 2571
SPS: 2571
SPS: 2572
SPS: 2572
SPS: 2572
SPS: 2572
SPS: 2571
SPS: 2571
SPS: 2571
SPS: 2571
SPS: 2571
SPS: 2571
SPS: 2571
SPS: 2571
SPS: 2571
SPS: 2571
SPS: 2571
SPS: 2571
SPS: 2571
SPS: 2571
SPS: 2571
SPS: 2571
SPS: 2571
SPS: 2571
SPS: 2571
SPS: 2571
SPS: 2571
SPS: 2571
SPS: 2571
SPS: 2571
SPS: 2571
SPS: 2571
SPS: 2571
SPS: 2571
SPS: 2571
SPS: 2571
SPS: 2571
SPS: 2571
SPS: 2571
SPS: 2571
SPS: 2571
SPS: 2571
SPS: 2571
SPS: 2571
SPS: 2571
SPS: 2571
SPS: 2571
SPS: 2571
SPS: 2571
SPS: 2572
SPS: 2571
SPS: 2572
SPS: 2572
SPS: 2572
SPS: 2571
SPS: 2571
SPS: 2571
SPS: 2571
SPS: 2572
SPS: 2572
SPS: 2572
SPS: 2572
SPS: 2572
SPS: 2572
SPS: 2572
SPS: 2572
SPS: 2572
SPS: 2572
SPS: 2572
SPS: 2572
SPS: 2572
SPS: 2572
SPS: 2572
SPS: 2572
SPS: 2572
SPS: 2572
SPS: 2572
SPS: 2571
SPS: 2571
SPS: 2571
SPS: 2571
SPS: 2571
SPS: 2571
SPS: 2572
SPS: 2572
SPS: 2572
SPS: 2572
SPS: 2572
SPS: 2572
SPS: 2572
SPS: 2572
SPS: 2572
SPS: 2572
SPS: 2572
SPS: 2572
SPS: 2572
SPS: 2572
SPS: 2572
SPS: 2572
SPS: 2572
SPS: 2572
SPS: 2572
SPS: 2572
SPS: 2572
SPS: 2572
SPS: 2572
SPS: 2572
SPS: 2572
SPS: 2572
SPS: 2572
SPS: 2572
SPS: 2572
SPS: 2572
SPS: 2572
SPS: 2572
SPS: 2572
SPS: 2572
SPS: 2572
SPS: 2572
SPS: 2572
SPS: 2572
SPS: 2572
SPS: 2572
global_step=7063040, episodic_return=0.0 (n=128)
SPS: 2572
SPS: 2572
SPS: 2572
SPS: 2572
SPS: 2572
SPS: 2572
SPS: 2572
SPS: 2572
SPS: 2572
SPS: 2572
SPS: 2572
SPS: 2572
SPS: 2572
SPS: 2572
SPS: 2572
SPS: 2572
SPS: 2572
SPS: 2572
SPS: 2572
SPS: 2572
SPS: 2572
SPS: 2572
SPS: 2572
SPS: 2572
SPS: 2572
SPS: 2572
SPS: 2572
SPS: 2572
SPS: 2572
SPS: 2572
SPS: 2572
SPS: 2572
SPS: 2572
SPS: 2572
SPS: 2572
SPS: 2572
SPS: 2572
SPS: 2572
SPS: 2572
SPS: 2572
SPS: 2572
SPS: 2572
SPS: 2572
SPS: 2572
SPS: 2572
SPS: 2572
SPS: 2572
SPS: 2572
SPS: 2572
SPS: 2571
SPS: 2571
SPS: 2571
SPS: 2571
SPS: 2571
global_step=7286656, episodic_return=0.0 (n=128)
SPS: 2571
SPS: 2571
SPS: 2571
SPS: 2571
SPS: 2571
SPS: 2571
SPS: 2571
SPS: 2571
SPS: 2571
SPS: 2571
SPS: 2571
SPS: 2570
SPS: 2570
SPS: 2570
SPS: 2570
SPS: 2571
SPS: 2571
SPS: 2571
SPS: 2571
SPS: 2570
SPS: 2570
SPS: 2570
SPS: 2570
SPS: 2570
SPS: 2570
SPS: 2570
SPS: 2570
SPS: 2570
SPS: 2570
SPS: 2570
SPS: 2570
SPS: 2570
SPS: 2570
SPS: 2570
SPS: 2570
global_step=7428992, episodic_return=0.0 (n=128)
SPS: 2570
SPS: 2570
SPS: 2570
SPS: 2570
SPS: 2570
SPS: 2570
SPS: 2570
SPS: 2570
SPS: 2570
SPS: 2570
SPS: 2570
SPS: 2570
SPS: 2570
SPS: 2570
SPS: 2570
SPS: 2570
SPS: 2570
SPS: 2570
SPS: 2570
SPS: 2570
SPS: 2571
SPS: 2571
SPS: 2571
SPS: 2571
SPS: 2571
SPS: 2571
SPS: 2571
SPS: 2571
SPS: 2571
SPS: 2571
SPS: 2571
SPS: 2571
SPS: 2571
SPS: 2571
SPS: 2571
SPS: 2571
SPS: 2571
SPS: 2571
SPS: 2571
SPS: 2571
SPS: 2571
SPS: 2571
SPS: 2571
SPS: 2571
SPS: 2571
SPS: 2571
global_step=7614976, episodic_return=0.0 (n=128)
SPS: 2571
SPS: 2571
SPS: 2571
SPS: 2571
SPS: 2572
SPS: 2571
SPS: 2571
SPS: 2571
SPS: 2571
SPS: 2571
SPS: 2571
SPS: 2571
SPS: 2571
SPS: 2571
SPS: 2571
SPS: 2570
SPS: 2570
SPS: 2570
SPS: 2570
SPS: 2570
SPS: 2570
SPS: 2570
SPS: 2570
SPS: 2570
SPS: 2570
SPS: 2570
SPS: 2570
SPS: 2570
SPS: 2570
SPS: 2569
SPS: 2569
SPS: 2569
SPS: 2569
SPS: 2569
SPS: 2569
SPS: 2569
SPS: 2569
SPS: 2569
SPS: 2569
SPS: 2569
SPS: 2569
SPS: 2569
SPS: 2569
SPS: 2569
SPS: 2568
SPS: 2568
SPS: 2568
SPS: 2568
SPS: 2568
SPS: 2568
SPS: 2568
SPS: 2568
SPS: 2569
SPS: 2569
SPS: 2569
SPS: 2569
SPS: 2569
SPS: 2569
SPS: 2569
SPS: 2569
SPS: 2569
SPS: 2568
SPS: 2568
SPS: 2568
SPS: 2568
SPS: 2568
SPS: 2568
SPS: 2568
SPS: 2568
SPS: 2568
SPS: 2568
SPS: 2568
SPS: 2568
SPS: 2568
SPS: 2568
SPS: 2567
SPS: 2567
SPS: 2567
SPS: 2567
SPS: 2567
SPS: 2567
SPS: 2567
SPS: 2567
SPS: 2567
SPS: 2566
SPS: 2566
SPS: 2566
SPS: 2566
SPS: 2566
SPS: 2566
SPS: 2566
SPS: 2566
SPS: 2566
SPS: 2566
SPS: 2566
SPS: 2566
SPS: 2566
SPS: 2566
SPS: 2566
SPS: 2566
SPS: 2566
SPS: 2566
SPS: 2566
global_step=8040320, episodic_return=0.0 (n=128)
SPS: 2566
SPS: 2566
SPS: 2566
SPS: 2566
SPS: 2566
SPS: 2566
SPS: 2566
SPS: 2566
SPS: 2566
SPS: 2566
SPS: 2566
SPS: 2566
SPS: 2566
SPS: 2566
SPS: 2566
SPS: 2566
SPS: 2566
SPS: 2566
SPS: 2566
SPS: 2566
SPS: 2566
SPS: 2567
SPS: 2567
SPS: 2567
SPS: 2567
SPS: 2567
SPS: 2567
SPS: 2567
SPS: 2567
SPS: 2567
SPS: 2567
SPS: 2567
SPS: 2567
SPS: 2567
SPS: 2567
SPS: 2567
SPS: 2567
SPS: 2567
SPS: 2567
SPS: 2567
SPS: 2567
SPS: 2567
SPS: 2567
SPS: 2567
SPS: 2567
SPS: 2567
SPS: 2567
SPS: 2567
SPS: 2567
SPS: 2567
SPS: 2568
SPS: 2568
SPS: 2568
SPS: 2568
SPS: 2568
SPS: 2568
SPS: 2568
SPS: 2568
SPS: 2568
SPS: 2568
SPS: 2568
SPS: 2568
SPS: 2568
SPS: 2568
SPS: 2568
SPS: 2568
SPS: 2568
SPS: 2568
SPS: 2568
SPS: 2568
SPS: 2568
SPS: 2568
SPS: 2568
SPS: 2567
SPS: 2567
SPS: 2567
SPS: 2568
SPS: 2567
global_step=8359296, episodic_return=0.0 (n=128)
SPS: 2567
SPS: 2568
SPS: 2568
SPS: 2568
SPS: 2568
SPS: 2568
SPS: 2568
SPS: 2568
SPS: 2568
SPS: 2568
SPS: 2568
SPS: 2568
SPS: 2568
SPS: 2568
SPS: 2568
SPS: 2568
SPS: 2568
SPS: 2568
SPS: 2568
SPS: 2568
SPS: 2568
SPS: 2568
SPS: 2568
SPS: 2567
SPS: 2567
SPS: 2567
SPS: 2567
SPS: 2567
SPS: 2567
SPS: 2567
SPS: 2567
SPS: 2567
SPS: 2567
SPS: 2567
SPS: 2567
SPS: 2567
SPS: 2567
SPS: 2566
SPS: 2566
SPS: 2566
SPS: 2566
SPS: 2566
SPS: 2566
SPS: 2566
SPS: 2566
SPS: 2566
SPS: 2566
SPS: 2566
SPS: 2566
SPS: 2566
SPS: 2566
SPS: 2566
SPS: 2566
SPS: 2566
SPS: 2566
SPS: 2566
SPS: 2566
SPS: 2566
SPS: 2566
SPS: 2566
SPS: 2566
SPS: 2566
SPS: 2566
SPS: 2565
SPS: 2565
SPS: 2565
SPS: 2565
SPS: 2565
SPS: 2565
SPS: 2565
SPS: 2565
SPS: 2565
global_step=8653440, episodic_return=0.0 (n=128)
SPS: 2565
SPS: 2565
SPS: 2565
SPS: 2565
SPS: 2565
SPS: 2565
SPS: 2565
SPS: 2565
SPS: 2565
SPS: 2564
SPS: 2564
SPS: 2564
SPS: 2564
SPS: 2564
SPS: 2564
SPS: 2564
SPS: 2564
SPS: 2564
SPS: 2564
SPS: 2564
SPS: 2564
SPS: 2564
SPS: 2564
SPS: 2564
SPS: 2564
SPS: 2564
SPS: 2564
SPS: 2564
SPS: 2564
SPS: 2564
SPS: 2564
SPS: 2564
SPS: 2564
SPS: 2564
SPS: 2564
SPS: 2564
SPS: 2564
SPS: 2564
SPS: 2564
SPS: 2564
SPS: 2564
SPS: 2564
SPS: 2565
SPS: 2564
SPS: 2565
SPS: 2565
SPS: 2565
SPS: 2565
SPS: 2565
SPS: 2565
SPS: 2565
SPS: 2565
SPS: 2565
SPS: 2565
SPS: 2565
SPS: 2565
SPS: 2565
SPS: 2565
SPS: 2565
SPS: 2565
SPS: 2565
SPS: 2565
SPS: 2565
SPS: 2565
SPS: 2565
SPS: 2565
SPS: 2565
SPS: 2565
SPS: 2565
SPS: 2565
SPS: 2565
SPS: 2565
SPS: 2565
SPS: 2565
SPS: 2565
SPS: 2565
SPS: 2565
SPS: 2565
SPS: 2565
SPS: 2565
SPS: 2565
SPS: 2565
SPS: 2565
SPS: 2565
SPS: 2565
SPS: 2565
SPS: 2565
SPS: 2565
SPS: 2566
SPS: 2566
SPS: 2566
SPS: 2566
SPS: 2565
SPS: 2565
SPS: 2565
global_step=9043328, episodic_return=0.0 (n=128)
SPS: 2566
SPS: 2565
SPS: 2565
SPS: 2565
SPS: 2565
SPS: 2565
SPS: 2565
SPS: 2565
SPS: 2565
SPS: 2565
SPS: 2565
SPS: 2565
SPS: 2565
SPS: 2565
SPS: 2565
SPS: 2565
SPS: 2565
SPS: 2565
SPS: 2565
SPS: 2565
SPS: 2565
SPS: 2564
SPS: 2564
SPS: 2564
SPS: 2564
SPS: 2564
SPS: 2564
SPS: 2564
SPS: 2564
SPS: 2564
SPS: 2564
SPS: 2565
SPS: 2565
SPS: 2565
SPS: 2565
SPS: 2565
SPS: 2565
SPS: 2565
SPS: 2565
SPS: 2565
SPS: 2565
SPS: 2565
SPS: 2565
SPS: 2565
SPS: 2565
SPS: 2565
SPS: 2565
SPS: 2565
SPS: 2565
SPS: 2565
SPS: 2565
SPS: 2565
SPS: 2565
SPS: 2565
SPS: 2565
SPS: 2565
SPS: 2565
SPS: 2565
SPS: 2565
SPS: 2565
SPS: 2565
SPS: 2565
SPS: 2565
SPS: 2565
global_step=9304576, episodic_return=0.0 (n=128)
SPS: 2566
SPS: 2566
SPS: 2566
SPS: 2566
SPS: 2566
SPS: 2566
SPS: 2566
SPS: 2566
SPS: 2566
SPS: 2566
SPS: 2566
SPS: 2566
SPS: 2566
SPS: 2566
SPS: 2566
SPS: 2566
SPS: 2566
SPS: 2566
SPS: 2566
SPS: 2566
SPS: 2566
SPS: 2566
SPS: 2566
SPS: 2566
SPS: 2566
SPS: 2566
SPS: 2566
SPS: 2566
SPS: 2566
SPS: 2566
SPS: 2566
SPS: 2566
SPS: 2566
SPS: 2566
SPS: 2566
global_step=9446656, episodic_return=0.0 (n=128)
SPS: 2566
SPS: 2566
SPS: 2566
SPS: 2566
SPS: 2566
SPS: 2566
SPS: 2566
SPS: 2566
SPS: 2566
SPS: 2566
SPS: 2566
SPS: 2566
SPS: 2566
SPS: 2566
SPS: 2566
SPS: 2566
SPS: 2566
SPS: 2566
SPS: 2566
SPS: 2566
SPS: 2566
SPS: 2566
SPS: 2566
SPS: 2566
SPS: 2566
SPS: 2566
SPS: 2566
SPS: 2566
global_step=9561728, episodic_return=0.0 (n=128)
SPS: 2567
SPS: 2567
SPS: 2567
SPS: 2567
SPS: 2567
SPS: 2567
SPS: 2567
SPS: 2567
SPS: 2567
SPS: 2567
SPS: 2567
SPS: 2567
SPS: 2567
SPS: 2567
SPS: 2567
SPS: 2567
SPS: 2567
SPS: 2567
SPS: 2567
SPS: 2567
SPS: 2567
SPS: 2567
SPS: 2566
SPS: 2566
SPS: 2566
SPS: 2566
SPS: 2566
SPS: 2566
SPS: 2566
SPS: 2566
SPS: 2566
SPS: 2566
SPS: 2566
SPS: 2566
SPS: 2566
SPS: 2566
SPS: 2566
SPS: 2566
SPS: 2566
SPS: 2566
SPS: 2566
SPS: 2566
SPS: 2566
SPS: 2566
SPS: 2566
SPS: 2567
SPS: 2566
SPS: 2566
SPS: 2566
SPS: 2566
SPS: 2566
SPS: 2566
SPS: 2566
SPS: 2566
SPS: 2566
SPS: 2566
SPS: 2566
SPS: 2566
SPS: 2566
SPS: 2566
SPS: 2566
SPS: 2566
SPS: 2566
SPS: 2566
global_step=9826304, episodic_return=0.0 (n=128)
SPS: 2566
SPS: 2566
SPS: 2567
SPS: 2567
SPS: 2567
SPS: 2567
SPS: 2567
SPS: 2567
SPS: 2567
SPS: 2567
SPS: 2567
SPS: 2567
SPS: 2567
SPS: 2567
SPS: 2567
SPS: 2567
SPS: 2566
SPS: 2566
SPS: 2566
SPS: 2566
SPS: 2567
SPS: 2567
SPS: 2567
SPS: 2567
SPS: 2567
SPS: 2567
SPS: 2567
SPS: 2567
SPS: 2567
SPS: 2567
SPS: 2567
SPS: 2567
SPS: 2567
SPS: 2567
SPS: 2567
SPS: 2567
SPS: 2567
SPS: 2567
SPS: 2567
SPS: 2567
SPS: 2567
SPS: 2567
SPS: 2567
Results saved to /runs/h005__h005-venture-s1.csv
slurmstepd: error: run_script_as_user: couldn't change working dir to /home/rogercc/'/scratch/rogercc/cleanrl': No such file or directory
