slurmstepd: error: couldn't chdir to `/home/rogercc/'/scratch/rogercc/cleanrl'': No such file or directory: going to /tmp instead
slurmstepd: error: couldn't chdir to `/home/rogercc/'/scratch/rogercc/cleanrl'': No such file or directory: going to /tmp instead
sending incremental file list
auto-cleanrl.sif

sent 4,938,196,675 bytes  received 35 bytes  365,792,348.89 bytes/sec
total size is 4,945,575,936  speedup is 1.00
/usr/local/lib/python3.10/dist-packages/treevalue/tree/integration/torch.py:23: FutureWarning: `torch.utils._pytree._register_pytree_node` is deprecated. Please use `torch.utils._pytree.register_pytree_node` instead.
  register_for_torch(TreeValue)
/usr/local/lib/python3.10/dist-packages/treevalue/tree/integration/torch.py:24: FutureWarning: `torch.utils._pytree._register_pytree_node` is deprecated. Please use `torch.utils._pytree.register_pytree_node` instead.
  register_for_torch(FastTreeValue)
Gym has been unmaintained since 2022 and does not support NumPy 2.0 amongst other critical functionality.
Please upgrade to Gymnasium, the maintained drop-in replacement of Gym, or contact the authors of your software and request that they upgrade.
See the migration guide at https://gymnasium.farama.org/introduction/migration_guide/ for additional information.
/usr/local/lib/python3.10/dist-packages/tyro/_parsers.py:353: UserWarning: The field `wandb-entity` is annotated with type `<class 'str'>`, but the default value `None` has type `<class 'NoneType'>`. We'll try to handle this gracefully, but it may cause unexpected behavior.
  warnings.warn(message)
/usr/local/lib/python3.10/dist-packages/tyro/_parsers.py:353: UserWarning: The field `target-kl` is annotated with type `<class 'float'>`, but the default value `None` has type `<class 'NoneType'>`. We'll try to handle this gracefully, but it may cause unexpected behavior.
  warnings.warn(message)
SPS: 1558
SPS: 18
SPS: 27
SPS: 36
SPS: 45
SPS: 54
SPS: 63
SPS: 72
SPS: 81
SPS: 89
SPS: 98
SPS: 107
SPS: 116
SPS: 124
SPS: 133
SPS: 142
SPS: 150
SPS: 159
SPS: 167
SPS: 176
SPS: 184
SPS: 192
SPS: 201
SPS: 209
SPS: 217
SPS: 225
SPS: 234
SPS: 242
SPS: 250
SPS: 258
SPS: 266
SPS: 274
SPS: 282
SPS: 290
SPS: 298
SPS: 305
SPS: 313
SPS: 321
SPS: 329
SPS: 337
SPS: 344
SPS: 352
SPS: 360
SPS: 367
SPS: 375
SPS: 377
SPS: 384
SPS: 392
SPS: 399
SPS: 406
SPS: 414
SPS: 421
SPS: 428
SPS: 435
SPS: 442
SPS: 449
SPS: 457
SPS: 464
SPS: 471
SPS: 478
SPS: 485
SPS: 492
SPS: 499
SPS: 505
SPS: 512
SPS: 519
SPS: 526
SPS: 533
SPS: 540
SPS: 546
SPS: 553
SPS: 560
SPS: 567
SPS: 574
SPS: 580
SPS: 587
SPS: 593
SPS: 600
SPS: 606
SPS: 613
SPS: 620
SPS: 626
SPS: 632
SPS: 639
SPS: 645
SPS: 651
SPS: 658
SPS: 664
SPS: 670
SPS: 676
SPS: 682
SPS: 689
SPS: 695
SPS: 701
SPS: 707
SPS: 713
SPS: 720
SPS: 726
SPS: 732
SPS: 738
SPS: 744
SPS: 750
SPS: 756
global_step=425600, episodic_return=0.0 (n=128)
SPS: 761
SPS: 767
SPS: 773
SPS: 779
SPS: 785
SPS: 790
SPS: 796
SPS: 802
SPS: 808
SPS: 813
SPS: 819
SPS: 825
SPS: 831
SPS: 836
SPS: 842
SPS: 848
SPS: 854
SPS: 859
SPS: 865
SPS: 870
SPS: 876
SPS: 881
SPS: 887
SPS: 892
SPS: 897
SPS: 903
SPS: 908
SPS: 914
SPS: 919
SPS: 924
SPS: 930
SPS: 935
SPS: 940
SPS: 946
SPS: 951
SPS: 956
SPS: 961
SPS: 966
SPS: 971
SPS: 977
SPS: 982
SPS: 987
SPS: 992
SPS: 997
SPS: 1002
SPS: 1007
SPS: 1012
SPS: 1017
SPS: 1022
SPS: 1027
SPS: 1032
SPS: 1036
SPS: 1041
SPS: 1046
SPS: 1051
SPS: 1055
SPS: 1060
SPS: 1065
SPS: 1070
SPS: 1074
SPS: 1079
SPS: 1084
SPS: 1089
SPS: 1093
SPS: 1098
SPS: 1102
SPS: 1107
SPS: 1112
SPS: 1117
SPS: 1121
SPS: 1126
SPS: 1131
SPS: 1136
SPS: 1140
SPS: 1145
SPS: 1150
SPS: 1154
SPS: 1159
SPS: 1164
SPS: 1168
SPS: 1173
SPS: 1177
SPS: 1182
SPS: 1186
SPS: 1191
SPS: 1195
SPS: 1199
SPS: 1204
SPS: 1208
SPS: 1213
SPS: 1217
SPS: 1221
SPS: 1226
SPS: 1230
SPS: 1234
SPS: 1238
SPS: 1242
SPS: 1247
SPS: 1251
SPS: 1256
SPS: 1260
SPS: 1264
SPS: 1268
SPS: 1273
global_step=850816, episodic_return=0.0 (n=128)
SPS: 1277
SPS: 1281
SPS: 1285
SPS: 1289
SPS: 1293
SPS: 1297
SPS: 1301
SPS: 1305
SPS: 1309
SPS: 1314
SPS: 1318
SPS: 1322
SPS: 1326
SPS: 1329
SPS: 1333
SPS: 1337
SPS: 1341
SPS: 1345
SPS: 1349
SPS: 1353
SPS: 1357
SPS: 1361
SPS: 1365
SPS: 1369
SPS: 1372
SPS: 1376
SPS: 1380
SPS: 1383
SPS: 1387
SPS: 1391
SPS: 1394
SPS: 1398
SPS: 1401
SPS: 1405
SPS: 1409
SPS: 1412
SPS: 1416
SPS: 1419
SPS: 1422
SPS: 1426
SPS: 1430
SPS: 1433
SPS: 1437
SPS: 1441
SPS: 1444
SPS: 1448
SPS: 1452
SPS: 1455
SPS: 1459
SPS: 1462
SPS: 1466
SPS: 1469
SPS: 1473
SPS: 1476
SPS: 1480
SPS: 1483
SPS: 1487
SPS: 1490
SPS: 1494
SPS: 1497
SPS: 1501
SPS: 1505
SPS: 1508
SPS: 1512
SPS: 1515
SPS: 1519
SPS: 1522
SPS: 1526
SPS: 1530
SPS: 1533
SPS: 1537
SPS: 1540
SPS: 1543
SPS: 1547
SPS: 1550
SPS: 1554
SPS: 1557
SPS: 1560
SPS: 1564
SPS: 1567
SPS: 1571
SPS: 1574
SPS: 1577
SPS: 1581
SPS: 1584
SPS: 1588
SPS: 1591
SPS: 1594
SPS: 1597
SPS: 1601
SPS: 1604
SPS: 1607
SPS: 1610
SPS: 1613
SPS: 1616
SPS: 1619
SPS: 1622
SPS: 1625
SPS: 1629
SPS: 1632
SPS: 1635
SPS: 1639
SPS: 1642
SPS: 1645
global_step=1276288, episodic_return=0.0 (n=128)
SPS: 1648
SPS: 1652
SPS: 1655
SPS: 1658
SPS: 1661
SPS: 1664
SPS: 1666
SPS: 1669
SPS: 1672
SPS: 1675
SPS: 1678
SPS: 1681
SPS: 1684
SPS: 1687
SPS: 1690
SPS: 1693
SPS: 1696
SPS: 1699
SPS: 1701
SPS: 1704
SPS: 1707
SPS: 1710
SPS: 1713
SPS: 1716
SPS: 1719
SPS: 1722
SPS: 1725
SPS: 1728
SPS: 1731
SPS: 1734
SPS: 1737
SPS: 1740
SPS: 1742
SPS: 1745
SPS: 1747
SPS: 1750
SPS: 1753
SPS: 1755
SPS: 1758
SPS: 1761
SPS: 1764
SPS: 1767
SPS: 1769
SPS: 1772
SPS: 1774
SPS: 1777
SPS: 1780
SPS: 1783
SPS: 1785
SPS: 1788
SPS: 1791
SPS: 1793
SPS: 1796
SPS: 1799
SPS: 1801
SPS: 1804
SPS: 1807
SPS: 1809
SPS: 1812
SPS: 1814
SPS: 1817
SPS: 1819
SPS: 1822
SPS: 1824
SPS: 1827
SPS: 1829
SPS: 1832
SPS: 1834
SPS: 1837
SPS: 1839
SPS: 1842
SPS: 1844
SPS: 1847
SPS: 1849
SPS: 1852
SPS: 1854
SPS: 1857
SPS: 1860
SPS: 1862
SPS: 1865
SPS: 1867
SPS: 1870
SPS: 1872
SPS: 1875
SPS: 1877
SPS: 1880
SPS: 1883
SPS: 1885
SPS: 1888
SPS: 1890
SPS: 1893
SPS: 1895
SPS: 1898
SPS: 1900
SPS: 1902
SPS: 1904
SPS: 1907
SPS: 1909
SPS: 1911
SPS: 1913
SPS: 1915
SPS: 1917
SPS: 1920
SPS: 1922
global_step=1701504, episodic_return=0.0 (n=128)
SPS: 1924
SPS: 1926
SPS: 1928
SPS: 1930
SPS: 1932
SPS: 1935
SPS: 1937
SPS: 1939
SPS: 1941
SPS: 1943
SPS: 1946
SPS: 1948
SPS: 1950
SPS: 1952
SPS: 1955
SPS: 1957
SPS: 1959
SPS: 1961
SPS: 1964
SPS: 1966
SPS: 1968
SPS: 1970
SPS: 1972
SPS: 1974
SPS: 1977
SPS: 1979
SPS: 1981
SPS: 1984
SPS: 1986
SPS: 1988
SPS: 1991
SPS: 1993
SPS: 1995
SPS: 1998
SPS: 2000
SPS: 2002
SPS: 2005
SPS: 2007
SPS: 2009
SPS: 2012
SPS: 2014
SPS: 2016
SPS: 2018
SPS: 2021
SPS: 2023
SPS: 2025
SPS: 2027
SPS: 2029
SPS: 2031
SPS: 2033
SPS: 2035
SPS: 2037
SPS: 2039
SPS: 2041
SPS: 2044
SPS: 2046
SPS: 2048
SPS: 2050
SPS: 2052
SPS: 2054
SPS: 2056
SPS: 2059
SPS: 2061
SPS: 2063
SPS: 2065
SPS: 2067
SPS: 2069
SPS: 2072
SPS: 2074
SPS: 2076
SPS: 2079
SPS: 2081
SPS: 2083
SPS: 2085
SPS: 2087
SPS: 2090
SPS: 2092
SPS: 2094
SPS: 2096
SPS: 2098
SPS: 2100
SPS: 2102
SPS: 2104
SPS: 2106
SPS: 2108
SPS: 2111
SPS: 2113
SPS: 2115
SPS: 2117
SPS: 2119
SPS: 2121
SPS: 2124
SPS: 2126
SPS: 2128
SPS: 2130
SPS: 2132
SPS: 2133
SPS: 2135
SPS: 2137
SPS: 2139
SPS: 2141
SPS: 2143
SPS: 2144
SPS: 2146
global_step=2127616, episodic_return=0.0 (n=128)
SPS: 2148
SPS: 2149
SPS: 2151
SPS: 2153
SPS: 2155
SPS: 2157
SPS: 2158
SPS: 2160
SPS: 2162
SPS: 2164
SPS: 2166
SPS: 2168
SPS: 2170
SPS: 2172
SPS: 2173
SPS: 2175
SPS: 2177
SPS: 2179
SPS: 2181
SPS: 2182
SPS: 2184
SPS: 2186
SPS: 2188
SPS: 2189
SPS: 2191
SPS: 2193
SPS: 2194
SPS: 2196
SPS: 2198
SPS: 2199
SPS: 2201
SPS: 2203
SPS: 2205
SPS: 2207
SPS: 2209
SPS: 2211
SPS: 2212
SPS: 2214
SPS: 2216
SPS: 2218
SPS: 2220
SPS: 2221
SPS: 2223
SPS: 2225
SPS: 2227
SPS: 2228
SPS: 2230
SPS: 2231
SPS: 2233
SPS: 2235
SPS: 2236
SPS: 2238
SPS: 2240
SPS: 2241
SPS: 2243
SPS: 2245
SPS: 2246
SPS: 2248
SPS: 2250
SPS: 2252
SPS: 2254
SPS: 2255
SPS: 2256
SPS: 2258
SPS: 2260
SPS: 2262
SPS: 2263
SPS: 2265
SPS: 2267
SPS: 2268
SPS: 2270
SPS: 2272
SPS: 2274
SPS: 2275
SPS: 2277
SPS: 2279
SPS: 2280
SPS: 2282
SPS: 2284
SPS: 2285
SPS: 2287
SPS: 2289
SPS: 2290
SPS: 2292
SPS: 2294
SPS: 2296
SPS: 2297
SPS: 2298
SPS: 2299
SPS: 2301
SPS: 2303
SPS: 2304
SPS: 2305
SPS: 2307
SPS: 2308
SPS: 2310
SPS: 2311
SPS: 2312
SPS: 2314
SPS: 2315
SPS: 2316
SPS: 2318
SPS: 2319
SPS: 2321
global_step=2553600, episodic_return=0.0 (n=128)
SPS: 2322
SPS: 2324
SPS: 2325
SPS: 2326
SPS: 2328
SPS: 2329
SPS: 2330
SPS: 2332
SPS: 2333
SPS: 2334
SPS: 2336
SPS: 2337
SPS: 2338
SPS: 2340
SPS: 2341
SPS: 2342
SPS: 2344
SPS: 2345
SPS: 2346
SPS: 2348
SPS: 2349
SPS: 2350
SPS: 2352
SPS: 2353
SPS: 2354
SPS: 2356
SPS: 2357
SPS: 2359
SPS: 2360
SPS: 2361
SPS: 2363
SPS: 2364
SPS: 2366
SPS: 2367
SPS: 2368
SPS: 2370
SPS: 2371
SPS: 2372
SPS: 2373
SPS: 2375
SPS: 2376
SPS: 2377
SPS: 2379
SPS: 2380
SPS: 2381
SPS: 2382
SPS: 2384
SPS: 2385
SPS: 2386
SPS: 2388
SPS: 2389
SPS: 2390
SPS: 2392
SPS: 2393
SPS: 2395
SPS: 2396
SPS: 2397
SPS: 2399
SPS: 2400
SPS: 2401
SPS: 2403
SPS: 2404
SPS: 2405
SPS: 2407
SPS: 2408
SPS: 2409
SPS: 2410
SPS: 2412
SPS: 2413
SPS: 2414
SPS: 2415
SPS: 2416
SPS: 2418
SPS: 2419
SPS: 2420
SPS: 2422
SPS: 2423
SPS: 2424
SPS: 2426
SPS: 2427
SPS: 2429
SPS: 2430
SPS: 2432
SPS: 2433
SPS: 2434
SPS: 2436
SPS: 2437
SPS: 2438
SPS: 2439
SPS: 2441
SPS: 2442
SPS: 2443
SPS: 2445
SPS: 2446
SPS: 2448
SPS: 2449
SPS: 2450
SPS: 2452
SPS: 2454
SPS: 2455
SPS: 2456
SPS: 2457
SPS: 2458
SPS: 2459
global_step=2979456, episodic_return=0.0 (n=128)
SPS: 2460
SPS: 2461
SPS: 2462
SPS: 2464
SPS: 2465
SPS: 2466
SPS: 2468
SPS: 2469
SPS: 2470
SPS: 2472
SPS: 2473
SPS: 2474
SPS: 2476
SPS: 2477
SPS: 2479
SPS: 2480
SPS: 2481
SPS: 2483
SPS: 2484
SPS: 2486
SPS: 2487
SPS: 2488
SPS: 2490
SPS: 2491
SPS: 2492
SPS: 2494
SPS: 2495
SPS: 2495
SPS: 2496
SPS: 2497
SPS: 2498
SPS: 2499
SPS: 2500
SPS: 2501
SPS: 2502
SPS: 2503
SPS: 2505
SPS: 2506
SPS: 2507
SPS: 2508
SPS: 2509
SPS: 2511
SPS: 2512
SPS: 2514
SPS: 2515
SPS: 2516
SPS: 2518
SPS: 2519
SPS: 2517
SPS: 2518
SPS: 2519
SPS: 2521
SPS: 2522
SPS: 2523
SPS: 2524
SPS: 2525
SPS: 2527
SPS: 2521
SPS: 2522
SPS: 2523
SPS: 2524
SPS: 2525
SPS: 2527
SPS: 2528
SPS: 2529
SPS: 2530
SPS: 2531
SPS: 2532
SPS: 2533
SPS: 2535
SPS: 2536
SPS: 2537
SPS: 2538
SPS: 2539
SPS: 2541
SPS: 2542
SPS: 2543
SPS: 2544
SPS: 2546
SPS: 2547
SPS: 2548
SPS: 2549
SPS: 2550
SPS: 2550
SPS: 2551
SPS: 2552
SPS: 2553
SPS: 2552
SPS: 2553
SPS: 2554
SPS: 2555
SPS: 2555
SPS: 2556
SPS: 2557
SPS: 2559
SPS: 2560
SPS: 2561
SPS: 2561
SPS: 2562
SPS: 2563
SPS: 2565
SPS: 2566
SPS: 2567
SPS: 2568
global_step=3404672, episodic_return=0.0 (n=128)
SPS: 2568
SPS: 2570
SPS: 2571
SPS: 2572
SPS: 2573
SPS: 2574
SPS: 2575
SPS: 2576
SPS: 2577
SPS: 2579
SPS: 2580
SPS: 2581
SPS: 2582
SPS: 2566
SPS: 2567
SPS: 2568
SPS: 2569
SPS: 2570
SPS: 2572
SPS: 2573
SPS: 2574
SPS: 2567
SPS: 2568
SPS: 2569
SPS: 2570
SPS: 2571
SPS: 2572
SPS: 2573
SPS: 2575
SPS: 2576
SPS: 2577
SPS: 2578
SPS: 2580
SPS: 2581
SPS: 2582
SPS: 2583
SPS: 2584
SPS: 2585
SPS: 2586
SPS: 2587
SPS: 2588
SPS: 2590
SPS: 2591
SPS: 2592
SPS: 2593
SPS: 2594
SPS: 2595
SPS: 2596
SPS: 2597
SPS: 2598
SPS: 2600
SPS: 2601
SPS: 2602
SPS: 2603
SPS: 2603
SPS: 2604
SPS: 2605
SPS: 2606
SPS: 2607
SPS: 2608
SPS: 2609
SPS: 2610
SPS: 2611
SPS: 2612
SPS: 2612
SPS: 2613
SPS: 2614
SPS: 2616
SPS: 2617
SPS: 2618
SPS: 2619
SPS: 2619
SPS: 2620
SPS: 2621
SPS: 2622
SPS: 2622
SPS: 2623
SPS: 2614
SPS: 2615
SPS: 2616
SPS: 2617
SPS: 2618
SPS: 2619
SPS: 2620
SPS: 2621
SPS: 2622
SPS: 2623
SPS: 2624
SPS: 2625
SPS: 2626
SPS: 2627
SPS: 2628
SPS: 2629
SPS: 2630
SPS: 2631
SPS: 2632
SPS: 2633
SPS: 2633
SPS: 2634
SPS: 2635
SPS: 2636
SPS: 2637
SPS: 2638
SPS: 2639
global_step=3830656, episodic_return=0.0 (n=128)
SPS: 2639
SPS: 2640
SPS: 2641
SPS: 2642
SPS: 2643
SPS: 2644
SPS: 2645
SPS: 2646
SPS: 2647
SPS: 2648
SPS: 2649
SPS: 2650
SPS: 2640
SPS: 2641
SPS: 2641
SPS: 2642
SPS: 2643
SPS: 2644
SPS: 2645
SPS: 2645
SPS: 2646
SPS: 2647
SPS: 2648
SPS: 2648
SPS: 2649
SPS: 2650
SPS: 2651
SPS: 2652
SPS: 2653
SPS: 2653
SPS: 2654
SPS: 2655
SPS: 2656
SPS: 2657
SPS: 2657
SPS: 2658
SPS: 2659
SPS: 2660
SPS: 2661
SPS: 2661
SPS: 2662
SPS: 2663
SPS: 2664
SPS: 2665
SPS: 2665
SPS: 2666
SPS: 2667
SPS: 2668
SPS: 2668
SPS: 2669
SPS: 2670
SPS: 2671
SPS: 2671
SPS: 2672
SPS: 2673
SPS: 2673
SPS: 2674
SPS: 2675
SPS: 2676
SPS: 2676
SPS: 2677
SPS: 2678
SPS: 2678
SPS: 2679
SPS: 2680
SPS: 2681
SPS: 2681
SPS: 2682
SPS: 2683
SPS: 2684
SPS: 2685
SPS: 2686
SPS: 2687
SPS: 2687
SPS: 2688
SPS: 2689
SPS: 2690
SPS: 2691
SPS: 2692
SPS: 2692
SPS: 2693
SPS: 2694
SPS: 2695
SPS: 2695
SPS: 2696
SPS: 2696
SPS: 2697
SPS: 2698
SPS: 2699
SPS: 2699
SPS: 2700
SPS: 2701
SPS: 2697
SPS: 2697
SPS: 2698
SPS: 2687
SPS: 2688
SPS: 2688
SPS: 2689
SPS: 2684
SPS: 2685
SPS: 2686
SPS: 2686
SPS: 2687
global_step=4256512, episodic_return=0.0 (n=128)
SPS: 2687
SPS: 2687
SPS: 2688
SPS: 2689
SPS: 2690
SPS: 2691
SPS: 2691
SPS: 2692
SPS: 2692
SPS: 2693
SPS: 2694
SPS: 2695
SPS: 2696
SPS: 2696
SPS: 2697
SPS: 2698
SPS: 2698
SPS: 2699
SPS: 2700
SPS: 2700
SPS: 2701
SPS: 2701
SPS: 2702
SPS: 2703
SPS: 2704
SPS: 2704
SPS: 2705
SPS: 2706
SPS: 2706
SPS: 2707
SPS: 2707
SPS: 2708
SPS: 2709
SPS: 2710
SPS: 2710
SPS: 2711
SPS: 2712
SPS: 2695
SPS: 2696
SPS: 2696
SPS: 2697
SPS: 2698
SPS: 2699
SPS: 2700
SPS: 2700
SPS: 2701
SPS: 2702
SPS: 2703
SPS: 2704
SPS: 2705
SPS: 2705
SPS: 2706
SPS: 2707
SPS: 2708
SPS: 2708
SPS: 2709
SPS: 2710
SPS: 2711
SPS: 2712
SPS: 2713
SPS: 2713
SPS: 2714
SPS: 2715
SPS: 2716
SPS: 2717
SPS: 2718
SPS: 2719
SPS: 2719
SPS: 2720
SPS: 2721
SPS: 2721
SPS: 2722
SPS: 2723
SPS: 2723
SPS: 2724
SPS: 2713
SPS: 2714
SPS: 2715
SPS: 2715
SPS: 2709
SPS: 2710
SPS: 2701
SPS: 2701
SPS: 2702
SPS: 2703
SPS: 2703
SPS: 2704
SPS: 2705
SPS: 2705
SPS: 2706
SPS: 2707
SPS: 2707
SPS: 2708
SPS: 2709
SPS: 2710
SPS: 2710
SPS: 2711
SPS: 2712
SPS: 2712
SPS: 2713
SPS: 2714
SPS: 2714
SPS: 2715
SPS: 2716
global_step=4682624, episodic_return=0.0 (n=128)
SPS: 2716
SPS: 2717
SPS: 2718
SPS: 2718
SPS: 2719
SPS: 2719
SPS: 2720
SPS: 2721
SPS: 2721
SPS: 2722
SPS: 2722
SPS: 2723
SPS: 2724
SPS: 2724
SPS: 2725
SPS: 2726
SPS: 2726
SPS: 2727
SPS: 2728
SPS: 2728
SPS: 2729
SPS: 2730
SPS: 2731
SPS: 2732
SPS: 2732
SPS: 2733
SPS: 2734
SPS: 2734
SPS: 2735
SPS: 2736
SPS: 2736
SPS: 2737
SPS: 2738
SPS: 2739
SPS: 2739
SPS: 2740
SPS: 2741
SPS: 2741
SPS: 2742
SPS: 2742
SPS: 2743
SPS: 2744
SPS: 2744
SPS: 2745
SPS: 2746
SPS: 2747
SPS: 2747
SPS: 2748
SPS: 2749
SPS: 2749
SPS: 2749
SPS: 2750
SPS: 2750
SPS: 2751
SPS: 2752
SPS: 2753
SPS: 2754
SPS: 2754
SPS: 2755
SPS: 2756
SPS: 2756
SPS: 2757
SPS: 2758
SPS: 2759
SPS: 2759
SPS: 2760
SPS: 2761
SPS: 2761
SPS: 2762
SPS: 2762
SPS: 2763
SPS: 2764
SPS: 2765
SPS: 2765
SPS: 2766
SPS: 2767
SPS: 2768
SPS: 2769
SPS: 2769
SPS: 2770
SPS: 2771
SPS: 2772
SPS: 2773
SPS: 2773
SPS: 2774
SPS: 2775
SPS: 2776
SPS: 2777
SPS: 2777
SPS: 2778
SPS: 2779
SPS: 2780
SPS: 2781
SPS: 2782
SPS: 2782
SPS: 2783
SPS: 2784
SPS: 2785
SPS: 2785
SPS: 2786
SPS: 2787
SPS: 2788
SPS: 2788
SPS: 2789
global_step=5108352, episodic_return=0.0 (n=128)
SPS: 2789
SPS: 2790
SPS: 2791
SPS: 2792
SPS: 2792
SPS: 2793
SPS: 2794
SPS: 2795
SPS: 2795
SPS: 2796
SPS: 2797
SPS: 2797
SPS: 2798
SPS: 2799
SPS: 2800
SPS: 2801
SPS: 2801
SPS: 2783
SPS: 2784
SPS: 2785
SPS: 2785
SPS: 2786
SPS: 2786
SPS: 2787
SPS: 2788
SPS: 2788
SPS: 2789
SPS: 2789
SPS: 2790
SPS: 2791
SPS: 2791
SPS: 2792
SPS: 2793
SPS: 2793
SPS: 2794
SPS: 2794
SPS: 2795
SPS: 2796
SPS: 2796
SPS: 2797
SPS: 2797
SPS: 2798
SPS: 2799
SPS: 2799
SPS: 2800
SPS: 2800
SPS: 2801
SPS: 2801
SPS: 2802
SPS: 2802
SPS: 2803
SPS: 2803
SPS: 2804
SPS: 2804
SPS: 2805
SPS: 2806
SPS: 2806
SPS: 2807
SPS: 2807
SPS: 2808
SPS: 2809
SPS: 2809
SPS: 2810
SPS: 2810
SPS: 2811
SPS: 2811
SPS: 2812
SPS: 2812
SPS: 2813
SPS: 2814
SPS: 2814
SPS: 2815
SPS: 2815
SPS: 2816
SPS: 2816
SPS: 2817
SPS: 2817
SPS: 2802
SPS: 2803
SPS: 2803
SPS: 2804
SPS: 2804
SPS: 2805
SPS: 2800
SPS: 2801
SPS: 2801
SPS: 2802
SPS: 2802
SPS: 2803
SPS: 2803
SPS: 2804
SPS: 2804
SPS: 2805
SPS: 2805
SPS: 2806
SPS: 2806
SPS: 2807
SPS: 2807
SPS: 2808
SPS: 2808
SPS: 2809
SPS: 2809
SPS: 2810
SPS: 2810
global_step=5534336, episodic_return=0.0 (n=128)
SPS: 2810
SPS: 2811
SPS: 2812
SPS: 2812
SPS: 2812
SPS: 2813
SPS: 2813
SPS: 2814
SPS: 2814
SPS: 2815
SPS: 2816
SPS: 2816
SPS: 2817
SPS: 2817
SPS: 2818
SPS: 2819
SPS: 2819
SPS: 2820
SPS: 2821
SPS: 2821
SPS: 2822
SPS: 2822
SPS: 2823
SPS: 2823
SPS: 2824
SPS: 2824
SPS: 2825
SPS: 2825
SPS: 2826
SPS: 2826
SPS: 2827
SPS: 2827
SPS: 2828
SPS: 2818
SPS: 2818
SPS: 2819
SPS: 2819
SPS: 2815
SPS: 2815
SPS: 2806
SPS: 2807
SPS: 2807
SPS: 2808
SPS: 2808
SPS: 2809
SPS: 2810
SPS: 2810
SPS: 2810
SPS: 2811
SPS: 2811
SPS: 2812
SPS: 2812
SPS: 2813
SPS: 2813
SPS: 2814
SPS: 2814
SPS: 2815
SPS: 2816
SPS: 2816
SPS: 2817
SPS: 2817
SPS: 2818
SPS: 2819
SPS: 2819
SPS: 2820
SPS: 2821
SPS: 2821
SPS: 2822
SPS: 2822
SPS: 2823
SPS: 2823
SPS: 2824
SPS: 2825
SPS: 2825
SPS: 2826
SPS: 2826
SPS: 2827
SPS: 2827
SPS: 2828
SPS: 2829
SPS: 2829
SPS: 2830
SPS: 2830
SPS: 2831
SPS: 2831
SPS: 2832
SPS: 2832
SPS: 2833
SPS: 2833
SPS: 2834
SPS: 2834
SPS: 2835
SPS: 2835
SPS: 2836
SPS: 2836
SPS: 2837
SPS: 2837
SPS: 2838
SPS: 2838
SPS: 2839
SPS: 2839
SPS: 2840
SPS: 2840
SPS: 2841
global_step=5960064, episodic_return=0.0 (n=128)
SPS: 2841
SPS: 2842
SPS: 2842
SPS: 2843
SPS: 2843
SPS: 2844
SPS: 2844
SPS: 2845
SPS: 2845
SPS: 2846
SPS: 2846
SPS: 2847
SPS: 2847
SPS: 2848
SPS: 2848
SPS: 2849
SPS: 2849
SPS: 2850
SPS: 2851
SPS: 2851
SPS: 2852
SPS: 2852
SPS: 2853
SPS: 2853
SPS: 2854
SPS: 2854
SPS: 2855
SPS: 2856
SPS: 2856
SPS: 2857
SPS: 2857
SPS: 2858
SPS: 2858
SPS: 2859
SPS: 2859
SPS: 2860
SPS: 2860
SPS: 2861
SPS: 2862
SPS: 2862
SPS: 2862
SPS: 2863
SPS: 2863
SPS: 2864
SPS: 2864
SPS: 2864
SPS: 2865
SPS: 2865
SPS: 2866
SPS: 2866
SPS: 2866
SPS: 2867
SPS: 2868
SPS: 2868
SPS: 2869
SPS: 2870
SPS: 2870
SPS: 2871
SPS: 2871
SPS: 2872
SPS: 2872
SPS: 2870
SPS: 2870
SPS: 2871
SPS: 2852
SPS: 2852
SPS: 2853
SPS: 2853
SPS: 2853
SPS: 2854
SPS: 2855
SPS: 2855
SPS: 2856
SPS: 2856
SPS: 2857
SPS: 2857
SPS: 2858
SPS: 2858
SPS: 2859
SPS: 2859
SPS: 2860
SPS: 2860
SPS: 2861
SPS: 2861
SPS: 2862
SPS: 2862
SPS: 2863
SPS: 2864
SPS: 2864
SPS: 2865
SPS: 2865
SPS: 2866
SPS: 2867
SPS: 2867
SPS: 2868
SPS: 2869
SPS: 2869
SPS: 2870
SPS: 2870
SPS: 2871
SPS: 2871
SPS: 2872
SPS: 2873
SPS: 2873
global_step=6385920, episodic_return=0.0 (n=128)
SPS: 2873
SPS: 2874
SPS: 2875
SPS: 2875
SPS: 2876
SPS: 2877
SPS: 2877
SPS: 2878
SPS: 2878
SPS: 2878
SPS: 2879
SPS: 2879
SPS: 2880
SPS: 2881
SPS: 2881
SPS: 2882
SPS: 2883
SPS: 2883
SPS: 2884
SPS: 2884
SPS: 2884
SPS: 2885
SPS: 2885
SPS: 2886
SPS: 2886
SPS: 2887
SPS: 2887
SPS: 2888
SPS: 2888
SPS: 2888
SPS: 2889
SPS: 2889
SPS: 2890
SPS: 2867
SPS: 2867
SPS: 2868
SPS: 2868
SPS: 2868
SPS: 2869
SPS: 2869
SPS: 2870
SPS: 2870
SPS: 2871
SPS: 2871
SPS: 2872
SPS: 2872
SPS: 2872
SPS: 2873
SPS: 2873
SPS: 2873
SPS: 2874
SPS: 2874
SPS: 2875
SPS: 2875
SPS: 2875
SPS: 2876
SPS: 2876
SPS: 2877
SPS: 2877
SPS: 2878
SPS: 2878
SPS: 2879
SPS: 2879
SPS: 2880
SPS: 2880
SPS: 2880
SPS: 2881
SPS: 2881
SPS: 2882
SPS: 2882
SPS: 2883
SPS: 2883
SPS: 2884
SPS: 2884
SPS: 2885
SPS: 2885
SPS: 2886
SPS: 2886
SPS: 2887
SPS: 2887
SPS: 2888
SPS: 2888
SPS: 2889
SPS: 2889
SPS: 2890
SPS: 2891
SPS: 2891
SPS: 2892
SPS: 2892
SPS: 2893
SPS: 2893
SPS: 2894
SPS: 2891
SPS: 2891
SPS: 2884
SPS: 2884
SPS: 2885
SPS: 2886
SPS: 2886
SPS: 2887
SPS: 2887
SPS: 2888
SPS: 2888
global_step=6811392, episodic_return=0.0 (n=128)
SPS: 2888
SPS: 2889
SPS: 2889
SPS: 2890
SPS: 2890
SPS: 2891
SPS: 2891
SPS: 2892
SPS: 2892
SPS: 2893
SPS: 2893
SPS: 2893
SPS: 2894
SPS: 2894
SPS: 2895
SPS: 2895
SPS: 2896
SPS: 2896
SPS: 2897
SPS: 2897
SPS: 2897
SPS: 2898
SPS: 2898
SPS: 2898
SPS: 2899
SPS: 2899
SPS: 2899
SPS: 2900
SPS: 2900
SPS: 2901
SPS: 2901
SPS: 2901
SPS: 2902
SPS: 2902
SPS: 2903
SPS: 2903
SPS: 2904
SPS: 2904
SPS: 2904
SPS: 2905
SPS: 2905
SPS: 2905
SPS: 2906
SPS: 2906
SPS: 2906
SPS: 2906
SPS: 2907
SPS: 2907
SPS: 2908
SPS: 2900
SPS: 2900
SPS: 2900
SPS: 2901
SPS: 2901
SPS: 2902
SPS: 2902
SPS: 2903
SPS: 2903
SPS: 2904
SPS: 2904
SPS: 2905
SPS: 2905
SPS: 2906
SPS: 2906
SPS: 2906
SPS: 2907
SPS: 2907
SPS: 2907
SPS: 2908
SPS: 2908
SPS: 2909
SPS: 2909
SPS: 2909
SPS: 2910
SPS: 2910
SPS: 2911
SPS: 2911
SPS: 2911
SPS: 2912
SPS: 2912
SPS: 2913
SPS: 2913
SPS: 2913
SPS: 2914
SPS: 2914
SPS: 2915
SPS: 2915
SPS: 2916
SPS: 2916
SPS: 2916
SPS: 2917
SPS: 2917
SPS: 2918
SPS: 2918
SPS: 2919
SPS: 2919
SPS: 2920
SPS: 2920
SPS: 2921
SPS: 2921
SPS: 2922
SPS: 2922
SPS: 2922
SPS: 2923
global_step=7237120, episodic_return=0.0 (n=128)
SPS: 2923
SPS: 2923
SPS: 2923
SPS: 2924
SPS: 2924
SPS: 2925
SPS: 2925
SPS: 2925
SPS: 2926
SPS: 2926
SPS: 2926
SPS: 2927
SPS: 2927
SPS: 2927
SPS: 2928
SPS: 2928
SPS: 2928
SPS: 2929
SPS: 2929
SPS: 2929
SPS: 2930
SPS: 2930
SPS: 2931
SPS: 2931
SPS: 2931
SPS: 2932
SPS: 2932
SPS: 2932
SPS: 2933
SPS: 2933
SPS: 2933
SPS: 2934
SPS: 2934
SPS: 2934
SPS: 2935
SPS: 2935
SPS: 2936
SPS: 2936
SPS: 2937
SPS: 2937
SPS: 2938
SPS: 2938
SPS: 2939
SPS: 2939
SPS: 2940
SPS: 2940
SPS: 2941
SPS: 2941
SPS: 2941
SPS: 2942
SPS: 2942
SPS: 2943
SPS: 2943
SPS: 2943
SPS: 2944
SPS: 2944
SPS: 2944
SPS: 2945
SPS: 2945
SPS: 2945
SPS: 2946
SPS: 2946
SPS: 2947
SPS: 2947
SPS: 2947
SPS: 2948
SPS: 2948
SPS: 2948
SPS: 2949
SPS: 2949
SPS: 2950
SPS: 2950
SPS: 2951
SPS: 2951
SPS: 2951
SPS: 2952
SPS: 2952
SPS: 2952
SPS: 2953
SPS: 2953
SPS: 2953
SPS: 2954
SPS: 2954
SPS: 2955
SPS: 2955
SPS: 2956
SPS: 2956
SPS: 2956
SPS: 2957
SPS: 2957
SPS: 2958
SPS: 2958
SPS: 2959
SPS: 2959
SPS: 2960
SPS: 2960
SPS: 2960
SPS: 2961
SPS: 2961
SPS: 2961
SPS: 2962
SPS: 2962
SPS: 2963
SPS: 2963
global_step=7662336, episodic_return=0.0 (n=128)
SPS: 2963
SPS: 2964
SPS: 2964
SPS: 2964
SPS: 2965
SPS: 2965
SPS: 2966
SPS: 2966
SPS: 2967
SPS: 2967
SPS: 2967
SPS: 2968
SPS: 2968
SPS: 2969
SPS: 2969
SPS: 2969
SPS: 2970
SPS: 2970
SPS: 2970
SPS: 2971
SPS: 2971
SPS: 2972
SPS: 2972
SPS: 2973
SPS: 2973
SPS: 2973
SPS: 2974
SPS: 2974
SPS: 2974
SPS: 2975
SPS: 2975
SPS: 2976
SPS: 2976
SPS: 2977
SPS: 2977
SPS: 2978
SPS: 2978
SPS: 2979
SPS: 2979
SPS: 2979
SPS: 2980
SPS: 2980
SPS: 2981
SPS: 2981
SPS: 2982
SPS: 2982
SPS: 2983
SPS: 2983
SPS: 2983
SPS: 2984
SPS: 2984
SPS: 2985
SPS: 2985
SPS: 2986
SPS: 2986
SPS: 2986
SPS: 2987
SPS: 2987
SPS: 2988
SPS: 2988
SPS: 2988
SPS: 2989
SPS: 2989
SPS: 2990
SPS: 2990
SPS: 2990
SPS: 2991
SPS: 2991
SPS: 2992
SPS: 2992
SPS: 2993
SPS: 2993
SPS: 2994
SPS: 2994
SPS: 2994
SPS: 2995
SPS: 2995
SPS: 2996
SPS: 2996
SPS: 2997
SPS: 2997
SPS: 2998
SPS: 2998
SPS: 2998
SPS: 2998
SPS: 2998
SPS: 2999
SPS: 2999
SPS: 2999
SPS: 3000
SPS: 3000
SPS: 3000
SPS: 3000
SPS: 3001
SPS: 3001
SPS: 3002
SPS: 3002
SPS: 3002
SPS: 3002
SPS: 3003
SPS: 3003
SPS: 3003
SPS: 3004
SPS: 3004
global_step=8087936, episodic_return=0.0 (n=128)
SPS: 3003
SPS: 3004
SPS: 3004
SPS: 3005
SPS: 3005
SPS: 3005
SPS: 3006
SPS: 3006
SPS: 3007
SPS: 3007
SPS: 3008
SPS: 3008
SPS: 3008
SPS: 3009
SPS: 3009
SPS: 3009
SPS: 3010
SPS: 3010
SPS: 3010
SPS: 3010
SPS: 3010
SPS: 3011
SPS: 3011
SPS: 3011
SPS: 3012
SPS: 3012
SPS: 3012
SPS: 3013
SPS: 3013
SPS: 3013
SPS: 3013
SPS: 3013
SPS: 3014
SPS: 3014
SPS: 3014
SPS: 3015
SPS: 3015
SPS: 3015
SPS: 3016
SPS: 3016
SPS: 3016
SPS: 3016
SPS: 3016
SPS: 3013
SPS: 3014
SPS: 3014
SPS: 3014
SPS: 3015
SPS: 3015
SPS: 3015
SPS: 3016
SPS: 3016
SPS: 3016
SPS: 3017
SPS: 3017
SPS: 3018
SPS: 3018
SPS: 3018
SPS: 3019
SPS: 3019
SPS: 3019
SPS: 3019
SPS: 3020
SPS: 3020
SPS: 3020
SPS: 3021
SPS: 3021
SPS: 3021
SPS: 3022
SPS: 3022
SPS: 3022
SPS: 3022
SPS: 3021
SPS: 3022
SPS: 3022
SPS: 3022
SPS: 3020
SPS: 3021
SPS: 3021
SPS: 3019
SPS: 3019
SPS: 3019
SPS: 3020
SPS: 3020
SPS: 3021
SPS: 3021
SPS: 3021
SPS: 3022
SPS: 3020
SPS: 3020
SPS: 3021
SPS: 3021
SPS: 3021
SPS: 3022
SPS: 3022
SPS: 3023
SPS: 3023
SPS: 3023
SPS: 3024
SPS: 3024
SPS: 3024
SPS: 3025
SPS: 3025
SPS: 3026
global_step=8513280, episodic_return=0.0 (n=128)
SPS: 3026
SPS: 3026
SPS: 3027
SPS: 3027
SPS: 3027
SPS: 3028
SPS: 3028
SPS: 3029
SPS: 3029
SPS: 3030
SPS: 3030
SPS: 3030
SPS: 3031
SPS: 3031
SPS: 3031
SPS: 3032
SPS: 3032
SPS: 3033
SPS: 3033
SPS: 3033
SPS: 3034
SPS: 3034
SPS: 3035
SPS: 3035
SPS: 3036
SPS: 3036
SPS: 3036
SPS: 3037
SPS: 3037
SPS: 3038
SPS: 3038
SPS: 3038
SPS: 3039
SPS: 3039
SPS: 3040
SPS: 3040
SPS: 3040
SPS: 3041
SPS: 3041
SPS: 3042
SPS: 3042
SPS: 3042
SPS: 3043
SPS: 3043
SPS: 3039
SPS: 3039
SPS: 3039
SPS: 3040
SPS: 3040
SPS: 3040
SPS: 3035
SPS: 3035
SPS: 3036
SPS: 3036
SPS: 3036
SPS: 3036
SPS: 3037
SPS: 3037
SPS: 3037
SPS: 3038
SPS: 3038
SPS: 3038
SPS: 3038
SPS: 3039
SPS: 3039
SPS: 3040
SPS: 3040
SPS: 3040
SPS: 3041
SPS: 3041
SPS: 3041
SPS: 3042
SPS: 3042
SPS: 3042
SPS: 3042
SPS: 3042
SPS: 3043
SPS: 3043
SPS: 3044
SPS: 3044
SPS: 3044
SPS: 3044
SPS: 3045
SPS: 3045
SPS: 3045
SPS: 3046
SPS: 3046
SPS: 3046
SPS: 3047
SPS: 3047
SPS: 3047
SPS: 3048
SPS: 3048
SPS: 3048
SPS: 3049
SPS: 3049
SPS: 3049
SPS: 3050
SPS: 3050
SPS: 3051
SPS: 3050
SPS: 3050
SPS: 3050
SPS: 3051
global_step=8939008, episodic_return=0.0 (n=128)
SPS: 3049
SPS: 3050
SPS: 3050
SPS: 3050
SPS: 3051
SPS: 3051
SPS: 3051
SPS: 3052
SPS: 3052
SPS: 3052
SPS: 3051
SPS: 3052
SPS: 3052
SPS: 3052
SPS: 3051
SPS: 3051
SPS: 3052
SPS: 3052
SPS: 3051
SPS: 3051
SPS: 3052
SPS: 3052
SPS: 3051
SPS: 3051
SPS: 3051
SPS: 3052
SPS: 3051
SPS: 3051
SPS: 3051
SPS: 3051
SPS: 3050
SPS: 3051
SPS: 3051
SPS: 3051
SPS: 3049
SPS: 3049
SPS: 3050
SPS: 3048
SPS: 3049
SPS: 3049
SPS: 3049
SPS: 3048
SPS: 3048
SPS: 3048
SPS: 3048
SPS: 3047
SPS: 3047
SPS: 3047
SPS: 3044
SPS: 3044
SPS: 3041
SPS: 3041
SPS: 3039
SPS: 3040
SPS: 3040
SPS: 3038
SPS: 3039
SPS: 3039
SPS: 3039
SPS: 3038
SPS: 3038
SPS: 3038
SPS: 3035
SPS: 3035
SPS: 3032
SPS: 3033
SPS: 3033
SPS: 3031
SPS: 3031
SPS: 3031
SPS: 3029
SPS: 3030
SPS: 3030
SPS: 3024
SPS: 3024
SPS: 3025
SPS: 3025
SPS: 3025
SPS: 3019
SPS: 3019
SPS: 3020
SPS: 3020
SPS: 3020
SPS: 3015
SPS: 3015
SPS: 3016
SPS: 3016
SPS: 3016
SPS: 3017
SPS: 3013
SPS: 3014
SPS: 3010
SPS: 2991
SPS: 2991
SPS: 2991
SPS: 2992
SPS: 2981
SPS: 2981
SPS: 2981
SPS: 2982
SPS: 2982
SPS: 2983
SPS: 2983
SPS: 2983
global_step=9364864, episodic_return=0.0 (n=128)
SPS: 2983
SPS: 2983
SPS: 2984
SPS: 2984
SPS: 2985
SPS: 2985
SPS: 2985
SPS: 2986
SPS: 2986
SPS: 2987
SPS: 2987
SPS: 2987
SPS: 2988
SPS: 2988
SPS: 2988
SPS: 2988
SPS: 2986
SPS: 2987
SPS: 2987
SPS: 2981
SPS: 2981
SPS: 2982
SPS: 2982
SPS: 2982
SPS: 2983
SPS: 2983
SPS: 2984
SPS: 2984
SPS: 2984
SPS: 2985
SPS: 2985
SPS: 2985
SPS: 2986
SPS: 2986
SPS: 2986
SPS: 2986
SPS: 2986
SPS: 2987
SPS: 2987
SPS: 2987
SPS: 2988
SPS: 2988
SPS: 2988
SPS: 2988
SPS: 2989
SPS: 2989
SPS: 2989
SPS: 2990
SPS: 2989
SPS: 2989
SPS: 2990
SPS: 2990
SPS: 2990
SPS: 2991
SPS: 2991
SPS: 2991
SPS: 2991
SPS: 2992
SPS: 2992
SPS: 2992
SPS: 2993
SPS: 2993
SPS: 2993
SPS: 2993
SPS: 2993
SPS: 2994
SPS: 2994
SPS: 2994
SPS: 2995
SPS: 2995
SPS: 2995
SPS: 2996
SPS: 2996
SPS: 2996
SPS: 2997
SPS: 2997
SPS: 2997
SPS: 2998
SPS: 2998
SPS: 2998
SPS: 2999
SPS: 2999
SPS: 2999
SPS: 3000
SPS: 3000
SPS: 3000
SPS: 3000
SPS: 3001
SPS: 3001
SPS: 3001
SPS: 3002
SPS: 3002
SPS: 3002
SPS: 3003
SPS: 3003
SPS: 3003
SPS: 3004
SPS: 3004
SPS: 3004
SPS: 3004
SPS: 3005
SPS: 3005
SPS: 3005
SPS: 3005
global_step=9790336, episodic_return=0.0 (n=128)
SPS: 3005
SPS: 3001
SPS: 3002
SPS: 3002
SPS: 3002
SPS: 3002
SPS: 3003
SPS: 2997
SPS: 2997
SPS: 2998
SPS: 2998
SPS: 2998
SPS: 2998
SPS: 2999
SPS: 2999
SPS: 2999
SPS: 2999
SPS: 3000
SPS: 3000
SPS: 3000
SPS: 3001
SPS: 3001
SPS: 3001
SPS: 3001
SPS: 3001
SPS: 3002
SPS: 3002
SPS: 3002
SPS: 3002
SPS: 3002
SPS: 3003
SPS: 3003
SPS: 3003
SPS: 3004
SPS: 3004
SPS: 3004
SPS: 3004
SPS: 3005
SPS: 3005
SPS: 3005
SPS: 3006
SPS: 3006
SPS: 3006
SPS: 3007
SPS: 3007
SPS: 3007
SPS: 3007
SPS: 3008
SPS: 3008
SPS: 3008
SPS: 3008
Results saved to /scratch/rogercc/runs/h025__h025-enduro-s1.csv
slurmstepd: error: run_script_as_user: couldn't change working dir to /home/rogercc/'/scratch/rogercc/cleanrl': No such file or directory
