slurmstepd: error: couldn't chdir to `/home/rogercc/'/scratch/rogercc/cleanrl'': No such file or directory: going to /tmp instead
slurmstepd: error: couldn't chdir to `/home/rogercc/'/scratch/rogercc/cleanrl'': No such file or directory: going to /tmp instead
sending incremental file list
auto-cleanrl.sif

sent 4,938,043,512 bytes  received 35 bytes  266,921,272.81 bytes/sec
total size is 4,945,334,272  speedup is 1.00
/usr/local/lib/python3.10/dist-packages/treevalue/tree/integration/torch.py:23: FutureWarning: `torch.utils._pytree._register_pytree_node` is deprecated. Please use `torch.utils._pytree.register_pytree_node` instead.
  register_for_torch(TreeValue)
/usr/local/lib/python3.10/dist-packages/treevalue/tree/integration/torch.py:24: FutureWarning: `torch.utils._pytree._register_pytree_node` is deprecated. Please use `torch.utils._pytree.register_pytree_node` instead.
  register_for_torch(FastTreeValue)
Gym has been unmaintained since 2022 and does not support NumPy 2.0 amongst other critical functionality.
Please upgrade to Gymnasium, the maintained drop-in replacement of Gym, or contact the authors of your software and request that they upgrade.
See the migration guide at https://gymnasium.farama.org/introduction/migration_guide/ for additional information.
/usr/local/lib/python3.10/dist-packages/tyro/_parsers.py:353: UserWarning: The field `wandb-entity` is annotated with type `<class 'str'>`, but the default value `None` has type `<class 'NoneType'>`. We'll try to handle this gracefully, but it may cause unexpected behavior.
  warnings.warn(message)
/usr/local/lib/python3.10/dist-packages/tyro/_parsers.py:353: UserWarning: The field `target-kl` is annotated with type `<class 'float'>`, but the default value `None` has type `<class 'NoneType'>`. We'll try to handle this gracefully, but it may cause unexpected behavior.
  warnings.warn(message)
SPS: 1254
SPS: 1761
SPS: 2039
SPS: 2216
SPS: 2334
SPS: 2417
SPS: 2473
global_step=32256, episodic_return=0.0 (n=128)
SPS: 2522
SPS: 2562
SPS: 2593
SPS: 2621
SPS: 2643
SPS: 2665
SPS: 2683
SPS: 2699
SPS: 2713
SPS: 2727
SPS: 2738
SPS: 2744
SPS: 2753
SPS: 2760
SPS: 2765
SPS: 2773
SPS: 2780
SPS: 2787
SPS: 2792
SPS: 2795
SPS: 2798
global_step=118400, episodic_return=0.0 (n=128)
SPS: 2803
SPS: 2806
SPS: 2811
SPS: 2814
SPS: 2817
SPS: 2820
SPS: 2822
SPS: 2823
SPS: 2823
SPS: 2825
SPS: 2827
SPS: 2830
global_step=167936, episodic_return=0.0 (n=128)
SPS: 2832
SPS: 2831
SPS: 2831
SPS: 2832
SPS: 2834
SPS: 2833
SPS: 2834
SPS: 2834
SPS: 2833
SPS: 2831
SPS: 2831
SPS: 2832
SPS: 2833
SPS: 2834
SPS: 2835
SPS: 2836
SPS: 2838
SPS: 2839
SPS: 2840
global_step=244608, episodic_return=0.0 (n=128)
SPS: 2841
SPS: 2842
SPS: 2841
SPS: 2840
SPS: 2841
SPS: 2841
SPS: 2841
SPS: 2841
SPS: 2841
SPS: 2840
SPS: 2840
SPS: 2841
SPS: 2842
SPS: 2843
SPS: 2844
SPS: 2845
SPS: 2845
SPS: 2845
SPS: 2845
SPS: 2846
SPS: 2845
SPS: 2844
SPS: 2844
SPS: 2844
global_step=340608, episodic_return=0.0 (n=128)
SPS: 2845
SPS: 2845
SPS: 2846
SPS: 2846
SPS: 2847
SPS: 2847
SPS: 2847
SPS: 2847
SPS: 2848
SPS: 2849
SPS: 2849
SPS: 2849
SPS: 2848
SPS: 2847
SPS: 2847
SPS: 2847
SPS: 2848
SPS: 2849
SPS: 2848
global_step=419712, episodic_return=0.0 (n=128)
SPS: 2848
SPS: 2848
SPS: 2849
SPS: 2850
SPS: 2850
SPS: 2850
SPS: 2850
SPS: 2850
SPS: 2850
SPS: 2851
SPS: 2851
SPS: 2850
SPS: 2850
SPS: 2849
SPS: 2849
SPS: 2850
SPS: 2850
SPS: 2850
SPS: 2851
SPS: 2851
SPS: 2851
SPS: 2851
SPS: 2851
SPS: 2852
SPS: 2852
SPS: 2852
global_step=526208, episodic_return=0.0 (n=128)
SPS: 2852
SPS: 2851
SPS: 2851
SPS: 2851
SPS: 2851
SPS: 2851
SPS: 2851
SPS: 2851
SPS: 2851
SPS: 2850
SPS: 2850
SPS: 2851
SPS: 2852
SPS: 2852
global_step=583680, episodic_return=0.0 (n=128)
SPS: 2853
SPS: 2853
SPS: 2853
SPS: 2853
SPS: 2853
SPS: 2853
SPS: 2853
SPS: 2853
SPS: 2853
SPS: 2853
SPS: 2853
SPS: 2854
SPS: 2854
SPS: 2855
SPS: 2854
SPS: 2854
SPS: 2853
SPS: 2854
SPS: 2854
SPS: 2854
SPS: 2854
SPS: 2854
SPS: 2854
SPS: 2854
global_step=680064, episodic_return=0.0 (n=128)
SPS: 2854
SPS: 2854
SPS: 2854
SPS: 2854
SPS: 2853
SPS: 2853
SPS: 2853
SPS: 2853
SPS: 2854
SPS: 2854
SPS: 2854
SPS: 2854
SPS: 2854
SPS: 2855
global_step=739456, episodic_return=0.0 (n=128)
SPS: 2855
SPS: 2855
SPS: 2855
SPS: 2854
SPS: 2854
SPS: 2854
SPS: 2854
SPS: 2854
SPS: 2854
SPS: 2854
SPS: 2854
SPS: 2854
SPS: 2854
SPS: 2854
SPS: 2854
SPS: 2854
SPS: 2854
global_step=807552, episodic_return=0.0 (n=128)
SPS: 2855
SPS: 2855
SPS: 2855
SPS: 2855
SPS: 2854
SPS: 2854
SPS: 2854
global_step=838784, episodic_return=0.0 (n=128)
SPS: 2854
SPS: 2854
SPS: 2855
SPS: 2855
SPS: 2855
SPS: 2855
SPS: 2855
SPS: 2855
SPS: 2855
SPS: 2855
SPS: 2855
SPS: 2856
SPS: 2856
SPS: 2856
global_step=894080, episodic_return=0.0 (n=128)
SPS: 2856
SPS: 2855
SPS: 2855
SPS: 2855
SPS: 2855
SPS: 2855
SPS: 2855
global_step=924160, episodic_return=0.0 (n=128)
SPS: 2855
SPS: 2855
SPS: 2855
SPS: 2855
SPS: 2855
SPS: 2855
SPS: 2855
SPS: 2855
SPS: 2855
SPS: 2855
SPS: 2855
SPS: 2856
SPS: 2856
SPS: 2856
SPS: 2856
SPS: 2856
SPS: 2856
global_step=992640, episodic_return=0.0 (n=128)
SPS: 2856
SPS: 2856
SPS: 2856
SPS: 2856
SPS: 2856
SPS: 2856
SPS: 2856
SPS: 2856
SPS: 2856
SPS: 2855
SPS: 2855
SPS: 2855
SPS: 2855
SPS: 2855
SPS: 2855
SPS: 2855
SPS: 2856
SPS: 2856
SPS: 2856
SPS: 2856
SPS: 2856
SPS: 2857
SPS: 2856
SPS: 2857
SPS: 2857
SPS: 2857
SPS: 2857
SPS: 2857
global_step=1107072, episodic_return=0.0 (n=128)
SPS: 2856
SPS: 2856
SPS: 2856
SPS: 2856
SPS: 2856
SPS: 2856
SPS: 2856
SPS: 2855
SPS: 2855
SPS: 2855
SPS: 2856
SPS: 2856
SPS: 2856
SPS: 2856
SPS: 2856
SPS: 2856
global_step=1173120, episodic_return=0.0 (n=128)
SPS: 2856
SPS: 2856
SPS: 2856
SPS: 2856
SPS: 2856
SPS: 2856
SPS: 2856
SPS: 2856
SPS: 2855
SPS: 2855
SPS: 2855
SPS: 2855
SPS: 2855
SPS: 2856
SPS: 2856
SPS: 2856
SPS: 2856
SPS: 2856
SPS: 2856
SPS: 2856
SPS: 2856
SPS: 2856
SPS: 2856
global_step=1268608, episodic_return=0.0 (n=128)
SPS: 2856
SPS: 2856
SPS: 2856
SPS: 2856
SPS: 2856
SPS: 2856
SPS: 2856
SPS: 2856
SPS: 2856
SPS: 2856
SPS: 2856
SPS: 2856
SPS: 2856
global_step=1319680, episodic_return=0.0 (n=128)
SPS: 2856
SPS: 2856
SPS: 2856
SPS: 2856
SPS: 2857
SPS: 2857
SPS: 2856
SPS: 2856
SPS: 2856
SPS: 2856
SPS: 2856
SPS: 2856
SPS: 2856
SPS: 2856
global_step=1376768, episodic_return=0.0 (n=128)
SPS: 2856
SPS: 2856
SPS: 2856
SPS: 2856
SPS: 2856
SPS: 2856
SPS: 2856
SPS: 2856
SPS: 2856
SPS: 2856
SPS: 2856
SPS: 2856
SPS: 2856
SPS: 2856
SPS: 2856
SPS: 2856
SPS: 2856
SPS: 2856
SPS: 2856
SPS: 2856
SPS: 2856
SPS: 2856
SPS: 2856
SPS: 2856
SPS: 2856
SPS: 2856
SPS: 2856
SPS: 2856
SPS: 2856
SPS: 2856
SPS: 2856
SPS: 2856
SPS: 2856
SPS: 2856
SPS: 2856
SPS: 2856
SPS: 2856
global_step=1530752, episodic_return=0.0 (n=128)
SPS: 2856
SPS: 2856
SPS: 2856
SPS: 2856
SPS: 2856
SPS: 2856
SPS: 2856
SPS: 2856
SPS: 2856
SPS: 2856
SPS: 2856
SPS: 2856
SPS: 2856
SPS: 2856
SPS: 2856
SPS: 2856
SPS: 2856
global_step=1598592, episodic_return=0.0 (n=128)
SPS: 2856
SPS: 2856
SPS: 2856
SPS: 2856
SPS: 2856
SPS: 2856
SPS: 2856
SPS: 2856
SPS: 2857
SPS: 2857
SPS: 2857
SPS: 2857
SPS: 2857
SPS: 2856
global_step=1658112, episodic_return=0.0 (n=128)
SPS: 2857
SPS: 2857
SPS: 2856
SPS: 2856
SPS: 2856
SPS: 2856
SPS: 2856
SPS: 2856
SPS: 2856
SPS: 2856
SPS: 2856
SPS: 2856
SPS: 2856
SPS: 2856
global_step=1713664, episodic_return=0.0 (n=128)
SPS: 2857
SPS: 2857
SPS: 2857
SPS: 2857
SPS: 2856
SPS: 2856
SPS: 2856
SPS: 2856
SPS: 2856
SPS: 2856
SPS: 2856
SPS: 2856
SPS: 2856
global_step=1767680, episodic_return=0.0 (n=128)
SPS: 2856
SPS: 2857
SPS: 2857
SPS: 2856
SPS: 2856
SPS: 2856
SPS: 2857
SPS: 2857
SPS: 2856
SPS: 2856
SPS: 2856
SPS: 2856
SPS: 2857
SPS: 2857
SPS: 2857
SPS: 2857
SPS: 2857
SPS: 2857
SPS: 2857
SPS: 2857
global_step=1847552, episodic_return=0.0 (n=128)
SPS: 2856
SPS: 2856
SPS: 2856
SPS: 2856
SPS: 2856
SPS: 2856
SPS: 2856
SPS: 2856
SPS: 2856
SPS: 2856
SPS: 2856
SPS: 2856
SPS: 2856
global_step=1901184, episodic_return=0.0 (n=128)
SPS: 2856
SPS: 2856
SPS: 2856
SPS: 2856
SPS: 2856
SPS: 2856
SPS: 2856
SPS: 2856
SPS: 2856
SPS: 2856
SPS: 2856
SPS: 2856
global_step=1951616, episodic_return=0.0 (n=128)
SPS: 2856
SPS: 2856
SPS: 2856
SPS: 2856
SPS: 2856
SPS: 2856
SPS: 2856
SPS: 2856
SPS: 2856
SPS: 2856
SPS: 2856
SPS: 2856
SPS: 2856
SPS: 2856
SPS: 2856
SPS: 2856
SPS: 2856
SPS: 2856
SPS: 2856
SPS: 2856
SPS: 2856
SPS: 2856
SPS: 2856
SPS: 2856
SPS: 2856
SPS: 2856
SPS: 2856
SPS: 2856
global_step=2067968, episodic_return=0.0 (n=128)
SPS: 2856
SPS: 2856
SPS: 2856
SPS: 2856
SPS: 2856
SPS: 2856
SPS: 2856
SPS: 2856
SPS: 2856
SPS: 2856
SPS: 2856
SPS: 2856
SPS: 2856
SPS: 2856
SPS: 2856
SPS: 2856
SPS: 2856
SPS: 2856
SPS: 2856
SPS: 2856
SPS: 2856
SPS: 2856
SPS: 2856
SPS: 2856
SPS: 2857
SPS: 2857
SPS: 2856
global_step=2178688, episodic_return=0.0 (n=128)
SPS: 2856
SPS: 2856
SPS: 2856
SPS: 2856
SPS: 2856
SPS: 2856
SPS: 2856
SPS: 2856
global_step=2211712, episodic_return=0.0 (n=128)
SPS: 2856
SPS: 2856
SPS: 2856
SPS: 2856
SPS: 2856
SPS: 2856
SPS: 2856
SPS: 2856
SPS: 2856
SPS: 2856
SPS: 2856
global_step=2253440, episodic_return=0.0 (n=128)
SPS: 2856
SPS: 2856
SPS: 2856
SPS: 2856
SPS: 2856
SPS: 2856
SPS: 2856
SPS: 2857
SPS: 2857
SPS: 2857
SPS: 2857
SPS: 2857
SPS: 2857
SPS: 2857
SPS: 2857
SPS: 2857
SPS: 2857
SPS: 2857
SPS: 2857
SPS: 2857
SPS: 2857
global_step=2340480, episodic_return=0.0 (n=128)
SPS: 2857
SPS: 2857
SPS: 2857
SPS: 2857
SPS: 2857
SPS: 2857
SPS: 2857
SPS: 2857
SPS: 2857
SPS: 2857
SPS: 2857
SPS: 2857
SPS: 2857
SPS: 2857
SPS: 2857
SPS: 2857
SPS: 2857
global_step=2411008, episodic_return=0.0 (n=128)
SPS: 2857
SPS: 2857
SPS: 2857
SPS: 2857
SPS: 2857
SPS: 2857
SPS: 2857
SPS: 2857
SPS: 2857
SPS: 2857
SPS: 2857
SPS: 2857
global_step=2461568, episodic_return=0.0 (n=128)
SPS: 2857
SPS: 2857
SPS: 2857
SPS: 2857
SPS: 2857
SPS: 2857
SPS: 2857
SPS: 2857
SPS: 2857
SPS: 2857
SPS: 2857
global_step=2503936, episodic_return=0.0 (n=128)
SPS: 2857
SPS: 2857
SPS: 2857
SPS: 2857
SPS: 2857
SPS: 2857
SPS: 2857
SPS: 2857
SPS: 2857
SPS: 2857
SPS: 2857
SPS: 2857
SPS: 2857
SPS: 2857
SPS: 2857
SPS: 2857
SPS: 2857
SPS: 2857
SPS: 2857
SPS: 2857
SPS: 2857
SPS: 2857
SPS: 2857
SPS: 2857
SPS: 2857
SPS: 2857
SPS: 2857
SPS: 2857
SPS: 2857
SPS: 2857
SPS: 2857
global_step=2631680, episodic_return=0.0 (n=128)
SPS: 2857
SPS: 2857
SPS: 2857
SPS: 2857
SPS: 2857
SPS: 2857
SPS: 2857
SPS: 2857
SPS: 2857
SPS: 2857
SPS: 2857
SPS: 2857
SPS: 2857
SPS: 2857
SPS: 2858
SPS: 2858
global_step=2698368, episodic_return=0.0 (n=128)
SPS: 2858
SPS: 2857
SPS: 2857
SPS: 2857
SPS: 2857
SPS: 2857
SPS: 2857
SPS: 2857
SPS: 2857
SPS: 2857
SPS: 2857
SPS: 2857
SPS: 2857
SPS: 2857
SPS: 2857
SPS: 2857
SPS: 2857
SPS: 2857
SPS: 2858
SPS: 2857
global_step=2780288, episodic_return=0.0 (n=128)
SPS: 2857
SPS: 2857
SPS: 2857
SPS: 2857
SPS: 2857
SPS: 2857
SPS: 2857
SPS: 2857
SPS: 2857
SPS: 2857
SPS: 2857
SPS: 2857
SPS: 2857
SPS: 2857
SPS: 2857
SPS: 2857
SPS: 2857
SPS: 2857
SPS: 2857
SPS: 2857
SPS: 2857
SPS: 2857
SPS: 2857
SPS: 2857
SPS: 2857
SPS: 2857
SPS: 2857
global_step=2891392, episodic_return=0.0 (n=128)
SPS: 2857
SPS: 2857
SPS: 2857
SPS: 2857
SPS: 2857
SPS: 2857
SPS: 2857
SPS: 2857
SPS: 2857
SPS: 2857
SPS: 2857
SPS: 2857
SPS: 2857
SPS: 2857
SPS: 2857
SPS: 2857
global_step=2956160, episodic_return=0.0 (n=128)
SPS: 2857
SPS: 2857
SPS: 2857
SPS: 2857
SPS: 2857
SPS: 2857
SPS: 2857
SPS: 2857
SPS: 2857
SPS: 2857
SPS: 2857
SPS: 2857
SPS: 2857
SPS: 2857
SPS: 2857
SPS: 2857
SPS: 2857
SPS: 2857
SPS: 2857
SPS: 2857
SPS: 2857
SPS: 2857
SPS: 2857
SPS: 2857
SPS: 2857
SPS: 2857
SPS: 2857
SPS: 2857
SPS: 2857
SPS: 2857
SPS: 2858
SPS: 2858
SPS: 2858
SPS: 2858
SPS: 2857
SPS: 2857
SPS: 2857
SPS: 2857
SPS: 2857
SPS: 2857
SPS: 2857
SPS: 2857
SPS: 2857
SPS: 2857
SPS: 2857
global_step=3139200, episodic_return=0.0 (n=128)
SPS: 2857
SPS: 2857
SPS: 2857
SPS: 2857
SPS: 2857
SPS: 2857
SPS: 2857
SPS: 2857
SPS: 2857
SPS: 2857
SPS: 2857
SPS: 2857
global_step=3187072, episodic_return=0.0 (n=128)
SPS: 2857
SPS: 2857
SPS: 2857
SPS: 2857
SPS: 2857
SPS: 2857
SPS: 2857
SPS: 2857
SPS: 2857
SPS: 2857
global_step=3230336, episodic_return=0.0 (n=128)
SPS: 2857
SPS: 2857
SPS: 2857
SPS: 2857
SPS: 2857
SPS: 2857
SPS: 2857
SPS: 2857
SPS: 2857
SPS: 2857
SPS: 2857
SPS: 2857
SPS: 2857
SPS: 2857
SPS: 2857
SPS: 2857
SPS: 2857
SPS: 2857
global_step=3303168, episodic_return=0.0 (n=128)
SPS: 2857
SPS: 2857
SPS: 2857
SPS: 2858
SPS: 2858
SPS: 2858
SPS: 2858
SPS: 2858
SPS: 2858
SPS: 2858
SPS: 2858
SPS: 2858
SPS: 2858
SPS: 2858
global_step=3359232, episodic_return=0.0 (n=128)
SPS: 2858
SPS: 2857
SPS: 2857
SPS: 2857
SPS: 2857
SPS: 2857
SPS: 2857
SPS: 2858
global_step=3391744, episodic_return=0.0 (n=128)
SPS: 2857
SPS: 2857
SPS: 2858
SPS: 2858
SPS: 2858
SPS: 2858
SPS: 2858
SPS: 2858
SPS: 2858
SPS: 2858
SPS: 2858
SPS: 2858
SPS: 2858
SPS: 2858
SPS: 2858
SPS: 2858
SPS: 2858
SPS: 2858
SPS: 2858
SPS: 2858
SPS: 2858
SPS: 2858
SPS: 2858
SPS: 2858
SPS: 2858
global_step=3495808, episodic_return=0.0 (n=128)
SPS: 2858
SPS: 2858
SPS: 2858
SPS: 2858
SPS: 2858
SPS: 2858
SPS: 2858
SPS: 2858
SPS: 2858
SPS: 2858
SPS: 2858
SPS: 2858
SPS: 2858
global_step=3549952, episodic_return=0.0 (n=128)
SPS: 2858
SPS: 2858
SPS: 2858
SPS: 2858
SPS: 2858
SPS: 2858
SPS: 2858
SPS: 2858
SPS: 2858
SPS: 2858
SPS: 2858
SPS: 2858
SPS: 2858
SPS: 2858
global_step=3608576, episodic_return=0.0 (n=128)
SPS: 2858
SPS: 2858
SPS: 2858
SPS: 2858
SPS: 2858
SPS: 2858
SPS: 2858
SPS: 2858
SPS: 2858
global_step=3644032, episodic_return=0.0 (n=128)
SPS: 2858
SPS: 2858
SPS: 2858
SPS: 2858
SPS: 2858
SPS: 2858
SPS: 2858
SPS: 2858
SPS: 2858
SPS: 2858
SPS: 2858
SPS: 2858
SPS: 2858
SPS: 2858
SPS: 2858
SPS: 2858
SPS: 2858
global_step=3713920, episodic_return=0.0 (n=128)
SPS: 2858
SPS: 2858
SPS: 2858
SPS: 2858
SPS: 2858
SPS: 2858
SPS: 2858
SPS: 2858
global_step=3746432, episodic_return=0.0 (n=128)
SPS: 2858
SPS: 2858
SPS: 2858
SPS: 2858
SPS: 2858
SPS: 2858
SPS: 2858
SPS: 2858
SPS: 2858
global_step=3784320, episodic_return=0.0 (n=128)
SPS: 2858
SPS: 2858
SPS: 2858
SPS: 2858
SPS: 2858
SPS: 2858
SPS: 2858
SPS: 2858
SPS: 2858
SPS: 2858
SPS: 2858
SPS: 2858
SPS: 2858
SPS: 2858
SPS: 2858
SPS: 2858
SPS: 2858
SPS: 2858
global_step=3855616, episodic_return=0.0 (n=128)
SPS: 2858
SPS: 2858
SPS: 2858
SPS: 2858
SPS: 2858
SPS: 2858
SPS: 2858
SPS: 2858
SPS: 2858
SPS: 2858
SPS: 2858
SPS: 2858
SPS: 2858
SPS: 2858
SPS: 2858
SPS: 2858
SPS: 2858
SPS: 2858
SPS: 2858
SPS: 2858
SPS: 2859
SPS: 2859
SPS: 2859
SPS: 2859
SPS: 2858
global_step=3959296, episodic_return=0.0 (n=128)
SPS: 2858
SPS: 2858
SPS: 2858
SPS: 2859
SPS: 2858
SPS: 2858
SPS: 2858
SPS: 2858
SPS: 2858
SPS: 2858
SPS: 2858
SPS: 2858
SPS: 2858
SPS: 2858
SPS: 2858
SPS: 2858
SPS: 2858
SPS: 2858
global_step=4030720, episodic_return=0.0 (n=128)
SPS: 2858
SPS: 2858
SPS: 2859
SPS: 2859
SPS: 2859
SPS: 2859
SPS: 2859
SPS: 2859
SPS: 2859
SPS: 2858
SPS: 2859
SPS: 2859
SPS: 2859
SPS: 2859
SPS: 2859
global_step=4093696, episodic_return=0.0 (n=128)
SPS: 2859
SPS: 2859
SPS: 2859
SPS: 2859
SPS: 2859
SPS: 2859
SPS: 2859
SPS: 2859
SPS: 2859
global_step=4130944, episodic_return=0.0 (n=128)
SPS: 2859
SPS: 2860
SPS: 2860
SPS: 2860
SPS: 2860
SPS: 2860
SPS: 2860
SPS: 2860
SPS: 2860
SPS: 2860
global_step=4173056, episodic_return=0.0 (n=128)
SPS: 2860
SPS: 2860
SPS: 2860
SPS: 2860
SPS: 2860
SPS: 2860
SPS: 2860
SPS: 2860
SPS: 2860
SPS: 2860
SPS: 2860
SPS: 2861
SPS: 2861
SPS: 2861
SPS: 2861
SPS: 2861
SPS: 2861
SPS: 2861
SPS: 2861
SPS: 2861
SPS: 2861
SPS: 2861
SPS: 2861
global_step=4265856, episodic_return=0.0 (n=128)
SPS: 2861
SPS: 2861
SPS: 2861
SPS: 2861
SPS: 2861
SPS: 2861
SPS: 2861
SPS: 2862
SPS: 2862
SPS: 2862
SPS: 2862
SPS: 2862
SPS: 2862
SPS: 2862
global_step=4325376, episodic_return=0.0 (n=128)
SPS: 2862
SPS: 2862
SPS: 2862
SPS: 2862
SPS: 2862
SPS: 2862
SPS: 2862
SPS: 2862
SPS: 2862
SPS: 2862
SPS: 2862
SPS: 2863
SPS: 2863
SPS: 2863
SPS: 2863
SPS: 2863
SPS: 2863
SPS: 2863
SPS: 2863
SPS: 2863
SPS: 2863
global_step=4408960, episodic_return=0.0 (n=128)
SPS: 2863
SPS: 2863
SPS: 2863
SPS: 2863
SPS: 2863
SPS: 2863
SPS: 2863
SPS: 2863
SPS: 2863
SPS: 2863
SPS: 2863
SPS: 2863
SPS: 2863
SPS: 2863
SPS: 2863
SPS: 2864
SPS: 2864
global_step=4480768, episodic_return=0.0 (n=128)
SPS: 2864
SPS: 2863
SPS: 2863
SPS: 2863
SPS: 2863
SPS: 2863
SPS: 2863
SPS: 2864
SPS: 2864
SPS: 2864
SPS: 2864
SPS: 2864
SPS: 2864
SPS: 2864
SPS: 2864
SPS: 2864
SPS: 2864
SPS: 2864
SPS: 2864
SPS: 2864
SPS: 2864
SPS: 2864
SPS: 2864
SPS: 2864
SPS: 2864
SPS: 2864
SPS: 2864
SPS: 2865
global_step=4592128, episodic_return=0.0 (n=128)
SPS: 2865
SPS: 2865
SPS: 2865
SPS: 2865
SPS: 2865
SPS: 2865
SPS: 2865
SPS: 2865
SPS: 2865
SPS: 2865
SPS: 2865
SPS: 2865
SPS: 2865
SPS: 2865
SPS: 2865
global_step=4655744, episodic_return=0.0 (n=128)
SPS: 2865
SPS: 2865
SPS: 2865
SPS: 2865
SPS: 2865
SPS: 2865
SPS: 2865
SPS: 2866
SPS: 2866
SPS: 2866
SPS: 2866
SPS: 2866
SPS: 2866
SPS: 2866
SPS: 2866
SPS: 2866
SPS: 2866
SPS: 2866
SPS: 2866
global_step=4734080, episodic_return=0.0 (n=128)
SPS: 2866
SPS: 2866
SPS: 2866
SPS: 2866
SPS: 2866
SPS: 2866
SPS: 2866
SPS: 2866
SPS: 2866
SPS: 2866
SPS: 2866
SPS: 2866
SPS: 2866
SPS: 2866
SPS: 2866
SPS: 2867
SPS: 2867
SPS: 2867
global_step=4807168, episodic_return=0.0 (n=128)
SPS: 2867
SPS: 2867
SPS: 2867
SPS: 2867
SPS: 2867
SPS: 2867
SPS: 2867
SPS: 2867
SPS: 2867
SPS: 2867
SPS: 2867
SPS: 2867
SPS: 2867
SPS: 2867
SPS: 2867
SPS: 2867
SPS: 2868
SPS: 2868
SPS: 2868
SPS: 2868
SPS: 2868
SPS: 2868
SPS: 2868
SPS: 2868
global_step=4905472, episodic_return=0.0 (n=128)
SPS: 2868
SPS: 2868
SPS: 2868
SPS: 2868
SPS: 2868
SPS: 2868
SPS: 2868
SPS: 2868
SPS: 2869
SPS: 2869
global_step=4945280, episodic_return=0.0 (n=128)
SPS: 2869
SPS: 2869
SPS: 2869
SPS: 2869
SPS: 2869
SPS: 2869
SPS: 2869
SPS: 2869
SPS: 2869
SPS: 2869
SPS: 2869
SPS: 2870
SPS: 2870
SPS: 2870
SPS: 2870
SPS: 2870
SPS: 2870
SPS: 2870
global_step=5021184, episodic_return=0.0 (n=128)
SPS: 2870
SPS: 2870
SPS: 2870
SPS: 2870
SPS: 2870
SPS: 2870
SPS: 2870
SPS: 2870
SPS: 2870
SPS: 2871
SPS: 2871
SPS: 2871
global_step=5069696, episodic_return=0.0 (n=128)
SPS: 2871
SPS: 2871
SPS: 2871
SPS: 2871
SPS: 2871
SPS: 2871
SPS: 2871
SPS: 2871
SPS: 2871
SPS: 2871
SPS: 2871
SPS: 2871
SPS: 2871
SPS: 2872
SPS: 2872
SPS: 2872
SPS: 2872
SPS: 2872
SPS: 2872
SPS: 2872
SPS: 2872
SPS: 2872
SPS: 2872
SPS: 2872
SPS: 2872
global_step=5169280, episodic_return=0.0 (n=128)
SPS: 2872
SPS: 2872
SPS: 2872
SPS: 2872
SPS: 2873
SPS: 2873
SPS: 2873
SPS: 2873
SPS: 2873
SPS: 2873
SPS: 2873
SPS: 2873
SPS: 2873
SPS: 2873
SPS: 2873
SPS: 2873
SPS: 2873
global_step=5239936, episodic_return=0.0 (n=128)
SPS: 2873
SPS: 2873
SPS: 2873
SPS: 2874
SPS: 2874
SPS: 2874
SPS: 2874
SPS: 2874
SPS: 2874
SPS: 2874
SPS: 2874
SPS: 2874
SPS: 2874
global_step=5294464, episodic_return=0.0 (n=128)
SPS: 2874
SPS: 2874
SPS: 2874
SPS: 2874
SPS: 2874
SPS: 2874
SPS: 2874
SPS: 2875
SPS: 2875
SPS: 2875
SPS: 2875
SPS: 2875
SPS: 2875
SPS: 2875
SPS: 2875
SPS: 2875
SPS: 2875
SPS: 2875
SPS: 2875
SPS: 2875
global_step=5375616, episodic_return=0.0 (n=128)
SPS: 2875
SPS: 2875
SPS: 2875
SPS: 2876
SPS: 2876
SPS: 2876
SPS: 2876
SPS: 2876
SPS: 2876
SPS: 2876
SPS: 2876
SPS: 2876
SPS: 2876
SPS: 2876
SPS: 2876
SPS: 2876
global_step=5440640, episodic_return=0.0 (n=128)
SPS: 2876
SPS: 2876
SPS: 2876
SPS: 2876
SPS: 2877
SPS: 2877
SPS: 2877
SPS: 2877
SPS: 2877
SPS: 2877
SPS: 2877
SPS: 2877
SPS: 2877
SPS: 2877
SPS: 2877
SPS: 2877
SPS: 2877
SPS: 2877
SPS: 2877
SPS: 2877
SPS: 2877
SPS: 2877
SPS: 2877
SPS: 2877
SPS: 2878
SPS: 2878
SPS: 2878
SPS: 2878
SPS: 2878
SPS: 2878
SPS: 2878
SPS: 2878
SPS: 2878
SPS: 2878
SPS: 2878
SPS: 2878
SPS: 2878
SPS: 2878
SPS: 2878
SPS: 2878
SPS: 2878
SPS: 2878
SPS: 2878
SPS: 2878
SPS: 2879
SPS: 2879
SPS: 2879
SPS: 2879
SPS: 2879
SPS: 2879
SPS: 2879
SPS: 2879
SPS: 2879
SPS: 2879
SPS: 2879
SPS: 2879
global_step=5669632, episodic_return=0.0 (n=128)
SPS: 2879
SPS: 2879
SPS: 2879
SPS: 2879
SPS: 2879
SPS: 2879
SPS: 2879
SPS: 2879
SPS: 2879
SPS: 2880
SPS: 2880
SPS: 2880
SPS: 2880
SPS: 2880
SPS: 2880
SPS: 2880
SPS: 2880
SPS: 2880
SPS: 2880
global_step=5747584, episodic_return=0.0 (n=128)
SPS: 2880
SPS: 2880
SPS: 2880
SPS: 2880
SPS: 2880
SPS: 2880
SPS: 2880
SPS: 2880
SPS: 2880
global_step=5786496, episodic_return=0.0 (n=128)
SPS: 2881
SPS: 2881
SPS: 2881
SPS: 2881
SPS: 2881
SPS: 2881
SPS: 2881
SPS: 2881
SPS: 2881
SPS: 2881
SPS: 2881
SPS: 2881
SPS: 2881
SPS: 2881
SPS: 2881
SPS: 2881
SPS: 2881
SPS: 2881
SPS: 2881
SPS: 2881
SPS: 2882
SPS: 2882
global_step=5873920, episodic_return=0.0 (n=128)
SPS: 2882
SPS: 2882
SPS: 2882
SPS: 2882
SPS: 2882
SPS: 2882
SPS: 2882
SPS: 2882
SPS: 2882
SPS: 2882
SPS: 2882
global_step=5920000, episodic_return=0.0 (n=128)
SPS: 2882
SPS: 2882
SPS: 2882
SPS: 2882
SPS: 2882
SPS: 2883
SPS: 2883
SPS: 2883
SPS: 2883
SPS: 2883
SPS: 2883
SPS: 2883
SPS: 2883
SPS: 2883
SPS: 2883
global_step=5982976, episodic_return=0.0 (n=128)
SPS: 2883
SPS: 2883
SPS: 2883
SPS: 2883
SPS: 2883
SPS: 2883
SPS: 2883
SPS: 2883
SPS: 2883
SPS: 2883
SPS: 2883
SPS: 2883
SPS: 2883
SPS: 2883
SPS: 2884
SPS: 2884
SPS: 2884
SPS: 2884
SPS: 2884
global_step=6059648, episodic_return=0.0 (n=128)
SPS: 2884
SPS: 2884
SPS: 2884
SPS: 2884
SPS: 2884
SPS: 2884
SPS: 2884
SPS: 2884
SPS: 2884
SPS: 2884
SPS: 2884
SPS: 2884
SPS: 2884
global_step=6111488, episodic_return=0.0 (n=128)
SPS: 2884
SPS: 2884
SPS: 2885
SPS: 2885
SPS: 2885
SPS: 2885
SPS: 2885
SPS: 2885
SPS: 2885
SPS: 2885
SPS: 2885
SPS: 2885
SPS: 2885
SPS: 2885
SPS: 2885
SPS: 2885
SPS: 2885
SPS: 2885
SPS: 2885
SPS: 2885
SPS: 2885
SPS: 2885
SPS: 2885
SPS: 2885
SPS: 2885
SPS: 2886
SPS: 2886
SPS: 2886
SPS: 2886
SPS: 2886
SPS: 2886
SPS: 2886
SPS: 2886
global_step=6248448, episodic_return=0.0 (n=128)
SPS: 2886
SPS: 2886
SPS: 2886
SPS: 2886
SPS: 2886
SPS: 2886
SPS: 2886
SPS: 2886
SPS: 2886
SPS: 2886
SPS: 2886
SPS: 2886
SPS: 2886
SPS: 2886
SPS: 2886
SPS: 2886
SPS: 2886
SPS: 2887
SPS: 2887
SPS: 2887
SPS: 2887
SPS: 2887
SPS: 2887
global_step=6342144, episodic_return=0.0 (n=128)
SPS: 2887
SPS: 2887
SPS: 2887
SPS: 2887
SPS: 2887
SPS: 2887
global_step=6368256, episodic_return=0.0 (n=128)
SPS: 2887
SPS: 2887
SPS: 2887
SPS: 2887
SPS: 2887
SPS: 2887
SPS: 2887
SPS: 2887
SPS: 2887
SPS: 2887
SPS: 2887
SPS: 2887
SPS: 2887
global_step=6421376, episodic_return=0.0 (n=128)
SPS: 2887
SPS: 2887
SPS: 2887
SPS: 2888
SPS: 2888
SPS: 2888
SPS: 2888
SPS: 2888
global_step=6451456, episodic_return=0.0 (n=128)
SPS: 2888
SPS: 2888
SPS: 2888
SPS: 2888
SPS: 2888
SPS: 2888
SPS: 2888
SPS: 2888
global_step=6485632, episodic_return=0.0 (n=128)
SPS: 2888
SPS: 2888
SPS: 2888
SPS: 2888
SPS: 2888
SPS: 2888
SPS: 2888
SPS: 2888
SPS: 2888
SPS: 2888
SPS: 2888
SPS: 2888
SPS: 2889
SPS: 2889
SPS: 2889
SPS: 2889
SPS: 2889
SPS: 2889
SPS: 2889
SPS: 2889
SPS: 2889
SPS: 2889
SPS: 2889
SPS: 2889
SPS: 2889
SPS: 2889
SPS: 2889
SPS: 2889
SPS: 2889
SPS: 2889
SPS: 2889
SPS: 2889
SPS: 2889
SPS: 2889
SPS: 2889
SPS: 2889
global_step=6634752, episodic_return=0.0 (n=128)
SPS: 2889
SPS: 2889
SPS: 2889
SPS: 2890
SPS: 2890
SPS: 2890
SPS: 2890
SPS: 2890
SPS: 2890
SPS: 2890
SPS: 2890
global_step=6679552, episodic_return=0.0 (n=128)
SPS: 2890
SPS: 2890
SPS: 2890
SPS: 2890
SPS: 2890
SPS: 2890
SPS: 2890
SPS: 2890
SPS: 2890
SPS: 2890
SPS: 2890
SPS: 2890
SPS: 2890
SPS: 2890
SPS: 2890
SPS: 2890
global_step=6744704, episodic_return=0.0 (n=128)
SPS: 2890
SPS: 2890
SPS: 2890
SPS: 2890
SPS: 2891
SPS: 2891
SPS: 2891
SPS: 2891
SPS: 2891
SPS: 2891
SPS: 2891
SPS: 2891
SPS: 2891
SPS: 2891
SPS: 2891
SPS: 2891
SPS: 2891
SPS: 2891
SPS: 2891
SPS: 2891
SPS: 2891
SPS: 2891
SPS: 2891
global_step=6836352, episodic_return=0.0 (n=128)
SPS: 2891
SPS: 2891
SPS: 2891
SPS: 2891
SPS: 2891
SPS: 2891
SPS: 2891
SPS: 2891
SPS: 2891
SPS: 2891
SPS: 2892
SPS: 2892
SPS: 2892
SPS: 2892
SPS: 2892
SPS: 2892
SPS: 2892
SPS: 2892
SPS: 2892
SPS: 2892
SPS: 2892
SPS: 2892
SPS: 2892
SPS: 2892
global_step=6934656, episodic_return=0.0 (n=128)
SPS: 2892
SPS: 2892
SPS: 2892
SPS: 2892
SPS: 2892
SPS: 2892
SPS: 2892
SPS: 2892
SPS: 2892
SPS: 2892
SPS: 2892
SPS: 2892
SPS: 2892
SPS: 2892
SPS: 2892
SPS: 2892
SPS: 2892
SPS: 2892
global_step=7008512, episodic_return=0.0 (n=128)
SPS: 2893
SPS: 2893
SPS: 2893
SPS: 2893
SPS: 2893
SPS: 2893
SPS: 2893
SPS: 2893
SPS: 2893
SPS: 2893
SPS: 2893
SPS: 2893
SPS: 2893
SPS: 2893
SPS: 2893
SPS: 2893
SPS: 2893
SPS: 2893
SPS: 2893
SPS: 2893
SPS: 2893
SPS: 2893
SPS: 2893
SPS: 2893
global_step=7110272, episodic_return=0.0 (n=128)
SPS: 2893
SPS: 2893
SPS: 2893
SPS: 2893
SPS: 2893
SPS: 2893
SPS: 2893
SPS: 2893
SPS: 2893
SPS: 2893
SPS: 2893
SPS: 2893
SPS: 2893
SPS: 2894
SPS: 2894
SPS: 2894
SPS: 2894
global_step=7177216, episodic_return=0.0 (n=128)
SPS: 2894
SPS: 2894
SPS: 2894
SPS: 2894
SPS: 2894
SPS: 2894
SPS: 2894
SPS: 2894
SPS: 2894
SPS: 2894
SPS: 2894
SPS: 2894
SPS: 2894
SPS: 2894
global_step=7236352, episodic_return=0.0 (n=128)
SPS: 2894
SPS: 2894
SPS: 2894
SPS: 2894
SPS: 2894
SPS: 2894
SPS: 2894
SPS: 2894
SPS: 2894
SPS: 2894
SPS: 2894
SPS: 2894
global_step=7286784, episodic_return=0.0 (n=128)
SPS: 2894
SPS: 2894
SPS: 2894
SPS: 2894
SPS: 2894
SPS: 2894
SPS: 2894
SPS: 2894
SPS: 2894
SPS: 2894
SPS: 2894
SPS: 2895
SPS: 2895
SPS: 2895
SPS: 2895
SPS: 2894
SPS: 2895
SPS: 2894
SPS: 2894
SPS: 2894
global_step=7364736, episodic_return=0.0 (n=128)
SPS: 2895
SPS: 2895
SPS: 2895
SPS: 2895
SPS: 2895
SPS: 2895
SPS: 2895
SPS: 2895
SPS: 2895
SPS: 2895
SPS: 2895
SPS: 2895
SPS: 2895
SPS: 2895
SPS: 2895
SPS: 2895
SPS: 2895
SPS: 2895
SPS: 2895
SPS: 2895
SPS: 2895
SPS: 2895
SPS: 2895
global_step=7460992, episodic_return=0.0 (n=128)
SPS: 2895
SPS: 2895
SPS: 2895
SPS: 2895
SPS: 2895
SPS: 2895
SPS: 2895
SPS: 2895
SPS: 2895
SPS: 2895
SPS: 2895
SPS: 2895
SPS: 2895
SPS: 2895
SPS: 2895
SPS: 2895
SPS: 2895
SPS: 2895
global_step=7534336, episodic_return=0.0 (n=128)
SPS: 2895
SPS: 2895
SPS: 2895
SPS: 2895
SPS: 2895
SPS: 2895
SPS: 2895
SPS: 2895
SPS: 2895
SPS: 2895
SPS: 2895
global_step=7577856, episodic_return=0.0 (n=128)
SPS: 2895
SPS: 2895
SPS: 2895
SPS: 2895
SPS: 2895
SPS: 2895
SPS: 2895
SPS: 2895
SPS: 2895
global_step=7617024, episodic_return=0.0 (n=128)
SPS: 2895
SPS: 2895
SPS: 2895
SPS: 2895
SPS: 2895
SPS: 2895
SPS: 2895
SPS: 2895
SPS: 2895
SPS: 2895
SPS: 2895
SPS: 2895
SPS: 2895
SPS: 2895
SPS: 2895
SPS: 2896
SPS: 2896
SPS: 2896
SPS: 2896
SPS: 2896
SPS: 2896
SPS: 2896
SPS: 2896
SPS: 2896
SPS: 2896
SPS: 2896
global_step=7723520, episodic_return=0.0 (n=128)
SPS: 2896
SPS: 2896
SPS: 2896
SPS: 2896
SPS: 2896
SPS: 2896
SPS: 2896
SPS: 2896
SPS: 2896
SPS: 2896
SPS: 2896
SPS: 2896
SPS: 2896
SPS: 2896
SPS: 2896
SPS: 2896
SPS: 2896
SPS: 2896
SPS: 2896
SPS: 2896
SPS: 2896
SPS: 2896
SPS: 2896
SPS: 2896
SPS: 2896
SPS: 2896
SPS: 2896
SPS: 2896
SPS: 2896
global_step=7842944, episodic_return=0.0 (n=128)
SPS: 2896
SPS: 2896
SPS: 2896
SPS: 2896
SPS: 2896
SPS: 2896
SPS: 2896
SPS: 2896
SPS: 2896
SPS: 2896
SPS: 2896
SPS: 2896
SPS: 2896
global_step=7893248, episodic_return=0.0 (n=128)
SPS: 2896
SPS: 2896
SPS: 2896
SPS: 2896
SPS: 2896
SPS: 2896
SPS: 2896
SPS: 2896
SPS: 2896
SPS: 2896
SPS: 2896
SPS: 2896
SPS: 2896
SPS: 2896
SPS: 2896
SPS: 2896
SPS: 2896
SPS: 2896
SPS: 2896
SPS: 2896
SPS: 2896
SPS: 2896
SPS: 2896
global_step=7991296, episodic_return=0.0 (n=128)
SPS: 2896
SPS: 2896
SPS: 2896
SPS: 2896
SPS: 2896
SPS: 2896
SPS: 2896
SPS: 2896
SPS: 2896
SPS: 2896
SPS: 2896
SPS: 2896
SPS: 2896
SPS: 2896
SPS: 2896
SPS: 2896
SPS: 2896
SPS: 2896
SPS: 2896
SPS: 2897
SPS: 2897
SPS: 2897
SPS: 2897
SPS: 2897
SPS: 2897
SPS: 2896
global_step=8097408, episodic_return=0.0 (n=128)
SPS: 2896
SPS: 2896
SPS: 2896
SPS: 2896
SPS: 2896
SPS: 2896
SPS: 2896
SPS: 2896
SPS: 2896
SPS: 2896
SPS: 2896
SPS: 2896
global_step=8146432, episodic_return=0.0 (n=128)
SPS: 2896
SPS: 2897
SPS: 2897
SPS: 2897
SPS: 2897
SPS: 2897
SPS: 2897
SPS: 2897
SPS: 2897
SPS: 2897
SPS: 2897
SPS: 2897
SPS: 2897
SPS: 2897
SPS: 2897
global_step=8204672, episodic_return=0.0 (n=128)
SPS: 2897
SPS: 2897
SPS: 2897
SPS: 2897
SPS: 2897
SPS: 2897
SPS: 2897
SPS: 2897
SPS: 2897
SPS: 2897
SPS: 2897
SPS: 2897
SPS: 2897
SPS: 2897
global_step=8264832, episodic_return=0.0 (n=128)
SPS: 2897
SPS: 2897
SPS: 2897
SPS: 2897
SPS: 2897
SPS: 2897
SPS: 2897
SPS: 2897
SPS: 2897
SPS: 2897
global_step=8304256, episodic_return=0.0 (n=128)
SPS: 2897
SPS: 2897
SPS: 2897
SPS: 2897
SPS: 2897
SPS: 2897
SPS: 2897
SPS: 2897
SPS: 2897
SPS: 2897
SPS: 2897
SPS: 2897
SPS: 2897
SPS: 2897
SPS: 2897
SPS: 2897
global_step=8371712, episodic_return=0.0 (n=128)
SPS: 2897
SPS: 2897
SPS: 2897
SPS: 2897
SPS: 2897
SPS: 2897
SPS: 2897
global_step=8397056, episodic_return=0.0 (n=128)
SPS: 2897
SPS: 2897
SPS: 2897
SPS: 2897
SPS: 2897
SPS: 2897
SPS: 2897
SPS: 2897
SPS: 2897
SPS: 2897
SPS: 2897
SPS: 2897
SPS: 2897
SPS: 2897
SPS: 2897
SPS: 2897
SPS: 2897
SPS: 2897
SPS: 2897
global_step=8478720, episodic_return=0.0 (n=128)
SPS: 2897
SPS: 2897
SPS: 2897
SPS: 2897
SPS: 2897
SPS: 2897
SPS: 2897
SPS: 2897
SPS: 2897
SPS: 2897
SPS: 2897
SPS: 2897
SPS: 2897
SPS: 2897
SPS: 2897
SPS: 2897
SPS: 2897
SPS: 2897
SPS: 2897
SPS: 2897
SPS: 2897
global_step=8563328, episodic_return=0.0 (n=128)
SPS: 2897
SPS: 2897
SPS: 2897
SPS: 2897
SPS: 2897
SPS: 2897
SPS: 2897
SPS: 2897
SPS: 2897
global_step=8599936, episodic_return=0.0 (n=128)
SPS: 2897
SPS: 2897
SPS: 2897
SPS: 2897
SPS: 2897
SPS: 2897
SPS: 2897
SPS: 2897
SPS: 2897
SPS: 2897
SPS: 2897
SPS: 2897
SPS: 2897
SPS: 2898
SPS: 2897
SPS: 2897
SPS: 2898
SPS: 2898
SPS: 2898
global_step=8676352, episodic_return=0.0 (n=128)
SPS: 2898
SPS: 2898
SPS: 2898
SPS: 2898
SPS: 2898
SPS: 2898
SPS: 2898
SPS: 2898
SPS: 2898
SPS: 2898
SPS: 2898
SPS: 2898
SPS: 2898
SPS: 2898
SPS: 2898
SPS: 2898
SPS: 2898
SPS: 2898
SPS: 2898
SPS: 2898
SPS: 2898
SPS: 2898
SPS: 2898
global_step=8770176, episodic_return=0.0 (n=128)
SPS: 2898
SPS: 2898
SPS: 2898
SPS: 2898
SPS: 2898
SPS: 2898
SPS: 2898
global_step=8800128, episodic_return=0.0 (n=128)
SPS: 2898
SPS: 2898
SPS: 2898
SPS: 2898
SPS: 2898
SPS: 2898
SPS: 2898
SPS: 2898
SPS: 2898
SPS: 2898
SPS: 2898
SPS: 2898
SPS: 2898
SPS: 2898
SPS: 2898
SPS: 2898
SPS: 2898
SPS: 2898
SPS: 2898
SPS: 2898
SPS: 2898
global_step=8885376, episodic_return=0.0 (n=128)
SPS: 2898
SPS: 2898
SPS: 2898
SPS: 2898
SPS: 2898
SPS: 2898
SPS: 2898
SPS: 2898
SPS: 2898
SPS: 2898
SPS: 2898
SPS: 2898
SPS: 2898
SPS: 2898
SPS: 2898
SPS: 2898
global_step=8951040, episodic_return=0.0 (n=128)
SPS: 2898
SPS: 2898
SPS: 2898
SPS: 2898
SPS: 2898
SPS: 2898
SPS: 2898
SPS: 2898
SPS: 2898
SPS: 2898
SPS: 2898
SPS: 2898
SPS: 2898
SPS: 2898
SPS: 2898
SPS: 2898
SPS: 2898
SPS: 2898
SPS: 2898
SPS: 2898
SPS: 2898
SPS: 2899
SPS: 2899
SPS: 2899
SPS: 2899
SPS: 2899
SPS: 2899
SPS: 2899
SPS: 2899
SPS: 2899
SPS: 2899
SPS: 2899
SPS: 2899
SPS: 2899
SPS: 2899
SPS: 2899
SPS: 2899
SPS: 2899
SPS: 2899
SPS: 2899
global_step=9113856, episodic_return=0.0 (n=128)
SPS: 2899
SPS: 2899
SPS: 2899
SPS: 2899
SPS: 2899
SPS: 2899
SPS: 2899
SPS: 2899
SPS: 2899
SPS: 2899
SPS: 2899
SPS: 2899
SPS: 2899
SPS: 2899
SPS: 2899
SPS: 2899
SPS: 2899
SPS: 2899
SPS: 2899
SPS: 2899
SPS: 2899
SPS: 2899
SPS: 2899
SPS: 2899
SPS: 2899
global_step=9217024, episodic_return=0.0 (n=128)
SPS: 2899
SPS: 2899
SPS: 2899
SPS: 2899
SPS: 2899
SPS: 2899
SPS: 2899
SPS: 2899
SPS: 2899
SPS: 2899
SPS: 2899
global_step=9263744, episodic_return=0.0 (n=128)
SPS: 2899
SPS: 2899
SPS: 2899
SPS: 2899
SPS: 2899
SPS: 2899
SPS: 2899
SPS: 2899
SPS: 2899
SPS: 2899
SPS: 2899
SPS: 2899
SPS: 2899
SPS: 2899
SPS: 2899
SPS: 2899
global_step=9329664, episodic_return=0.0 (n=128)
SPS: 2899
SPS: 2899
SPS: 2899
SPS: 2899
SPS: 2899
SPS: 2899
SPS: 2899
SPS: 2899
global_step=9363328, episodic_return=0.0 (n=128)
SPS: 2899
SPS: 2899
SPS: 2899
SPS: 2899
SPS: 2899
SPS: 2899
SPS: 2899
SPS: 2899
SPS: 2899
SPS: 2899
SPS: 2899
SPS: 2899
global_step=9412608, episodic_return=0.0 (n=128)
SPS: 2899
SPS: 2899
SPS: 2899
SPS: 2899
SPS: 2899
SPS: 2899
SPS: 2899
SPS: 2899
SPS: 2899
SPS: 2899
SPS: 2899
SPS: 2899
SPS: 2899
SPS: 2899
global_step=9467008, episodic_return=0.0 (n=128)
SPS: 2899
SPS: 2899
SPS: 2899
SPS: 2899
SPS: 2899
SPS: 2899
SPS: 2899
SPS: 2899
SPS: 2899
SPS: 2899
SPS: 2899
global_step=9511552, episodic_return=0.0 (n=128)
SPS: 2899
SPS: 2899
SPS: 2899
SPS: 2899
SPS: 2899
SPS: 2899
SPS: 2899
SPS: 2899
SPS: 2899
SPS: 2899
SPS: 2899
SPS: 2899
SPS: 2899
SPS: 2899
SPS: 2899
SPS: 2899
SPS: 2899
SPS: 2899
SPS: 2899
global_step=9590528, episodic_return=0.0 (n=128)
SPS: 2899
SPS: 2899
SPS: 2899
SPS: 2899
SPS: 2899
SPS: 2899
SPS: 2899
SPS: 2899
SPS: 2899
SPS: 2899
SPS: 2899
SPS: 2899
global_step=9639168, episodic_return=0.0 (n=128)
SPS: 2899
SPS: 2899
SPS: 2899
SPS: 2899
SPS: 2899
SPS: 2899
SPS: 2899
SPS: 2899
SPS: 2899
SPS: 2899
SPS: 2899
global_step=9684096, episodic_return=0.0 (n=128)
SPS: 2899
SPS: 2899
SPS: 2900
SPS: 2899
SPS: 2899
SPS: 2899
SPS: 2899
SPS: 2899
SPS: 2899
SPS: 2899
SPS: 2899
global_step=9729024, episodic_return=0.0 (n=128)
SPS: 2899
SPS: 2899
SPS: 2899
SPS: 2899
SPS: 2900
SPS: 2900
SPS: 2900
SPS: 2900
SPS: 2900
SPS: 2900
SPS: 2900
SPS: 2900
SPS: 2900
SPS: 2900
SPS: 2900
SPS: 2900
SPS: 2900
SPS: 2900
SPS: 2900
SPS: 2900
SPS: 2900
SPS: 2900
SPS: 2900
SPS: 2900
SPS: 2900
SPS: 2900
SPS: 2900
SPS: 2900
SPS: 2900
SPS: 2900
SPS: 2900
SPS: 2900
SPS: 2900
global_step=9865984, episodic_return=0.0 (n=128)
SPS: 2900
SPS: 2900
SPS: 2900
SPS: 2900
SPS: 2900
SPS: 2900
SPS: 2900
SPS: 2900
SPS: 2900
SPS: 2900
SPS: 2900
SPS: 2900
SPS: 2900
SPS: 2900
SPS: 2900
SPS: 2900
SPS: 2900
SPS: 2900
SPS: 2900
global_step=9941632, episodic_return=0.0 (n=128)
SPS: 2900
SPS: 2900
SPS: 2900
SPS: 2900
SPS: 2900
SPS: 2900
SPS: 2900
SPS: 2900
SPS: 2900
SPS: 2900
SPS: 2900
SPS: 2900
SPS: 2900
SPS: 2900
Results saved to /runs/h005__h005-montezumarevenge-s1.csv
slurmstepd: error: run_script_as_user: couldn't change working dir to /home/rogercc/'/scratch/rogercc/cleanrl': No such file or directory
